{"uid":"18081521e0a65e2d","name":"Проверить, заблокированный пользователь не может просматривать профиль заблокировавшего пользователя","fullName":"tests.test_another_users_page.TestAnotherUsersPage#test_the_blocked_user_cannot_view_the_profile_of_the_blocked_user","historyId":"a7261b4324146cab27cfec9aa443291f","time":{"start":1739309936522,"stop":1739309938324,"duration":1802},"description":"Пользователь Dina заблокировала Aleska, тест проводится на Aleska","descriptionHtml":"<p>Пользователь Dina заблокировала Aleska, тест проводится на Aleska</p>\n","status":"failed","statusMessage":"AssertionError: Ожидался текст: '0', отображается текст: ''","statusTrace":"self = <test_another_users_page.TestAnotherUsersPage object at 0x7f2e1945d850>\nelements = {'Банк ачивок': {'Блок ачивок': ('xpath', '//div[contains(@class,\"user-achievement-by-interests_container\")]'), 'Модал...'carrot-messenger-frame'), 'Чат кэррот': ('xpath', '//div[contains(@class,\"carrot-messenger-frame-container\")]')}, ...}\nlogin_to_app = None\n\n    @allure.title('Проверить, заблокированный пользователь не может просматривать профиль заблокировавшего пользователя')\n    @allure.description('Пользователь Dina заблокировала Aleska, тест проводится на Aleska')\n    @allure.severity('Critical')\n    @pytest.mark.regression\n    def test_the_blocked_user_cannot_view_the_profile_of_the_blocked_user(self, elements, login_to_app):\n        with allure.step('Открыть профиль пользователя Dina'):\n            self.another_user_page.open_profile('Dina')\n    \n        with allure.step('Проверить, что не видны проекты пользователя'):\n            self.assertion.is_elem_invisible(elements['Страница другого пользователя']['Список проектов'])\n    \n        with allure.step('Проверить, что подписки отображает как 0'):\n>           self.assertion.text_in_element(elements['Страница другого пользователя']['Подписки'], expected_text='0')\n\ntests/test_another_users_page.py:187: \n_ _ _ _ _ _ _ _ _ _ _ _ _ _ _ _ _ _ _ _ _ _ _ _ _ _ _ _ _ _ _ _ _ _ _ _ _ _ _ _ \n\nself = <base.base_assertion.Assertion object at 0x7f2e180534a0>\nby_locator = ('xpath', '//div[@id=\"user-info_following\"]//div[contains(@class,\"user-activity-item_count\")]')\nexpected_text = '0', timeout = 10\n\n    def text_in_element(self, by_locator, expected_text: str or int, timeout=10):\n        \"\"\"\n        Проверка совпадения текста элемента с ожиданием\n    \n        :param by_locator:\n            локатор элемента\n        :param expected_text:\n            ожидаемый текст\n        :param timeout:\n            время ожидания в секундах\n    \n        \"\"\"\n    \n        element = WebDriverWait(self.driver, timeout).until(\n            EC.presence_of_element_located(by_locator)\n        )\n    \n        text_in_element = element.text\n>       assert expected_text == text_in_element, \\\n            f\"Ожидался текст: '{expected_text}', отображается текст: '{text_in_element}'\"\nE       AssertionError: Ожидался текст: '0', отображается текст: ''\n\nbase/base_assertion.py:31: AssertionError","flaky":false,"newFailed":true,"newBroken":false,"newPassed":false,"retriesCount":0,"retriesStatusChange":false,"beforeStages":[{"name":"_session_faker","time":{"start":1739309473698,"stop":1739309473699,"duration":1},"status":"passed","steps":[],"attachments":[],"parameters":[],"shouldDisplayMessage":false,"attachmentsCount":0,"stepsCount":0,"hasContent":false,"attachmentStep":false},{"name":"driver","time":{"start":1739309928012,"stop":1739309928434,"duration":422},"status":"passed","steps":[],"attachments":[],"parameters":[],"shouldDisplayMessage":false,"attachmentsCount":0,"stepsCount":0,"hasContent":false,"attachmentStep":false},{"name":"Инициализация локаторов","time":{"start":1739309928434,"stop":1739309928434,"duration":0},"status":"passed","steps":[{"name":"Инициализация локаторов","time":{"start":1739309928434,"stop":1739309928434,"duration":0},"status":"passed","steps":[],"attachments":[],"parameters":[{"name":"request","value":"<SubRequest 'elements' for <Function test_the_blocked_user_cannot_view_the_profile_of_the_blocked_user>>"}],"shouldDisplayMessage":false,"attachmentsCount":0,"stepsCount":0,"hasContent":true,"attachmentStep":false}],"attachments":[],"parameters":[],"shouldDisplayMessage":false,"attachmentsCount":0,"stepsCount":1,"hasContent":true,"attachmentStep":false},{"name":"setup","time":{"start":1739309928434,"stop":1739309928434,"duration":0},"status":"passed","steps":[],"attachments":[],"parameters":[],"shouldDisplayMessage":false,"attachmentsCount":0,"stepsCount":0,"hasContent":false,"attachmentStep":false},{"name":"Авторизация пользователя в системе","time":{"start":1739309928435,"stop":1739309936521,"duration":8086},"status":"passed","steps":[{"name":"Авторизация пользователя в системе","time":{"start":1739309928435,"stop":1739309936521,"duration":8086},"status":"passed","steps":[],"attachments":[],"parameters":[{"name":"request","value":"<SubRequest 'login_to_app' for <Function test_the_blocked_user_cannot_view_the_profile_of_the_blocked_user>>"},{"name":"driver","value":"<selenium.webdriver.chrome.webdriver.WebDriver (session=\"f472eff021d29450309f42ae449f69a2\")>"}],"shouldDisplayMessage":false,"attachmentsCount":0,"stepsCount":0,"hasContent":true,"attachmentStep":false}],"attachments":[],"parameters":[],"shouldDisplayMessage":false,"attachmentsCount":0,"stepsCount":1,"hasContent":true,"attachmentStep":false}],"testStage":{"description":"Пользователь Dina заблокировала Aleska, тест проводится на Aleska","status":"failed","statusMessage":"AssertionError: Ожидался текст: '0', отображается текст: ''","statusTrace":"self = <test_another_users_page.TestAnotherUsersPage object at 0x7f2e1945d850>\nelements = {'Банк ачивок': {'Блок ачивок': ('xpath', '//div[contains(@class,\"user-achievement-by-interests_container\")]'), 'Модал...'carrot-messenger-frame'), 'Чат кэррот': ('xpath', '//div[contains(@class,\"carrot-messenger-frame-container\")]')}, ...}\nlogin_to_app = None\n\n    @allure.title('Проверить, заблокированный пользователь не может просматривать профиль заблокировавшего пользователя')\n    @allure.description('Пользователь Dina заблокировала Aleska, тест проводится на Aleska')\n    @allure.severity('Critical')\n    @pytest.mark.regression\n    def test_the_blocked_user_cannot_view_the_profile_of_the_blocked_user(self, elements, login_to_app):\n        with allure.step('Открыть профиль пользователя Dina'):\n            self.another_user_page.open_profile('Dina')\n    \n        with allure.step('Проверить, что не видны проекты пользователя'):\n            self.assertion.is_elem_invisible(elements['Страница другого пользователя']['Список проектов'])\n    \n        with allure.step('Проверить, что подписки отображает как 0'):\n>           self.assertion.text_in_element(elements['Страница другого пользователя']['Подписки'], expected_text='0')\n\ntests/test_another_users_page.py:187: \n_ _ _ _ _ _ _ _ _ _ _ _ _ _ _ _ _ _ _ _ _ _ _ _ _ _ _ _ _ _ _ _ _ _ _ _ _ _ _ _ \n\nself = <base.base_assertion.Assertion object at 0x7f2e180534a0>\nby_locator = ('xpath', '//div[@id=\"user-info_following\"]//div[contains(@class,\"user-activity-item_count\")]')\nexpected_text = '0', timeout = 10\n\n    def text_in_element(self, by_locator, expected_text: str or int, timeout=10):\n        \"\"\"\n        Проверка совпадения текста элемента с ожиданием\n    \n        :param by_locator:\n            локатор элемента\n        :param expected_text:\n            ожидаемый текст\n        :param timeout:\n            время ожидания в секундах\n    \n        \"\"\"\n    \n        element = WebDriverWait(self.driver, timeout).until(\n            EC.presence_of_element_located(by_locator)\n        )\n    \n        text_in_element = element.text\n>       assert expected_text == text_in_element, \\\n            f\"Ожидался текст: '{expected_text}', отображается текст: '{text_in_element}'\"\nE       AssertionError: Ожидался текст: '0', отображается текст: ''\n\nbase/base_assertion.py:31: AssertionError","steps":[{"name":"Открыть профиль пользователя Dina","time":{"start":1739309936522,"stop":1739309937282,"duration":760},"status":"passed","steps":[],"attachments":[],"parameters":[],"shouldDisplayMessage":false,"attachmentsCount":0,"stepsCount":0,"hasContent":false,"attachmentStep":false},{"name":"Проверить, что не видны проекты пользователя","time":{"start":1739309937282,"stop":1739309937294,"duration":12},"status":"passed","steps":[],"attachments":[],"parameters":[],"shouldDisplayMessage":false,"attachmentsCount":0,"stepsCount":0,"hasContent":false,"attachmentStep":false},{"name":"Проверить, что подписки отображает как 0","time":{"start":1739309937294,"stop":1739309938324,"duration":1030},"status":"failed","statusMessage":"AssertionError: Ожидался текст: '0', отображается текст: ''\n","statusTrace":"  File \"/usr/workspace/tests/test_another_users_page.py\", line 187, in test_the_blocked_user_cannot_view_the_profile_of_the_blocked_user\n    self.assertion.text_in_element(elements['Страница другого пользователя']['Подписки'], expected_text='0')\n  File \"/usr/workspace/base/base_assertion.py\", line 31, in text_in_element\n    assert expected_text == text_in_element, \\\n","steps":[],"attachments":[],"parameters":[],"shouldDisplayMessage":true,"attachmentsCount":0,"stepsCount":0,"hasContent":true,"attachmentStep":false}],"attachments":[],"parameters":[],"shouldDisplayMessage":true,"attachmentsCount":0,"stepsCount":3,"hasContent":true,"attachmentStep":false},"afterStages":[{"name":"driver::0","time":{"start":1739309938332,"stop":1739309938525,"duration":193},"status":"passed","steps":[],"attachments":[{"uid":"58c8593a988e79bf","name":"page_source","source":"58c8593a988e79bf.html","type":"text/html","size":17881},{"uid":"5ad38a7b58ecdbff","name":"screenshot","source":"5ad38a7b58ecdbff.png","type":"image/png","size":27065},{"uid":"e38d51fef606bf8a","name":"browser_logs","source":"e38d51fef606bf8a.txt","type":"text/plain","size":14786}],"parameters":[],"shouldDisplayMessage":false,"attachmentsCount":3,"stepsCount":0,"hasContent":true,"attachmentStep":false}],"labels":[{"name":"severity","value":"Critical"},{"name":"feature","value":"Профиль другого пользователя"},{"name":"tag","value":"regression"},{"name":"tag","value":"another_users_page"},{"name":"parentSuite","value":"tests"},{"name":"suite","value":"test_another_users_page"},{"name":"subSuite","value":"TestAnotherUsersPage"},{"name":"host","value":"e56e35b24cd4"},{"name":"thread","value":"1-MainThread"},{"name":"framework","value":"pytest"},{"name":"language","value":"cpython3"},{"name":"package","value":"tests.test_another_users_page"},{"name":"resultFormat","value":"allure2"}],"parameters":[],"links":[],"hidden":false,"retry":false,"extra":{"severity":"critical","retries":[],"categories":[{"name":"Product defects","matchedStatuses":[],"flaky":false}],"history":{"statistic":{"failed":1,"broken":8,"skipped":0,"passed":25,"unknown":0,"total":34},"items":[{"uid":"55b6104561a35aec","status":"passed","time":{"start":1738951499879,"stop":1738951503852,"duration":3973}},{"uid":"3e87003d6db5e89f","status":"passed","time":{"start":1738874813503,"stop":1738874817307,"duration":3804}},{"uid":"ae49600df97fcc11","status":"passed","time":{"start":1738871448319,"stop":1738871452396,"duration":4077}},{"uid":"5c8840b356aa264a","status":"broken","statusDetails":"selenium.common.exceptions.TimeoutException: Message:","time":{"start":1738864779304,"stop":1738864779304,"duration":0}},{"uid":"d34b6e0ece0aec5d","status":"passed","time":{"start":1738268462680,"stop":1738268465381,"duration":2701}},{"uid":"b2862e96e6fb41a2","status":"passed","time":{"start":1738098917693,"stop":1738098920311,"duration":2618}},{"uid":"348cb51206fe836f","status":"passed","time":{"start":1738004924684,"stop":1738004927207,"duration":2523}},{"uid":"51dff3307262ea97","status":"passed","time":{"start":1738002264533,"stop":1738002267061,"duration":2528}},{"uid":"3405bd01dcd2de2e","status":"broken","statusDetails":"urllib3.exceptions.ReadTimeoutError: HTTPConnectionPool(host='localhost', port=54737): Read timed out. (read timeout=120)","time":{"start":1737926976672,"stop":1737926976672,"duration":0}},{"uid":"5270c819c802b7ad","status":"passed","time":{"start":1737842527486,"stop":1737842530396,"duration":2910}},{"uid":"19b1628bd2a0272e","status":"passed","time":{"start":1737831807016,"stop":1737831809688,"duration":2672}},{"uid":"2c4d169dcfb7e14c","status":"passed","time":{"start":1737799165923,"stop":1737799168701,"duration":2778}},{"uid":"b2a0bbcbddb8239b","status":"passed","time":{"start":1737757441818,"stop":1737757445000,"duration":3182}},{"uid":"1ba2c4efe59b522e","status":"passed","time":{"start":1737744374158,"stop":1737744376828,"duration":2670}},{"uid":"a29ac26d9f529e90","status":"passed","time":{"start":1737652169370,"stop":1737652173460,"duration":4090}},{"uid":"ca90af12120fa0fd","status":"passed","time":{"start":1737569758536,"stop":1737569762383,"duration":3847}},{"uid":"d1f9484034586cd5","status":"broken","statusDetails":"selenium.common.exceptions.WebDriverException: Message: unknown error: Chrome failed to start: exited abnormally.\n  (unknown error: DevToolsActivePort file doesn't exist)\n  (The process started from chrome location /usr/bin/chromium-browser is no longer running, so ChromeDriver is assuming that Chrome has crashed.)","time":{"start":1737568958746,"stop":1737568958746,"duration":0}},{"uid":"5bc1f841e0544804","status":"passed","time":{"start":1734034192326,"stop":1734034194444,"duration":2118}},{"uid":"b7fe2a26cf1c801","status":"passed","time":{"start":1733936809660,"stop":1733936811839,"duration":2179}},{"uid":"3ad4f327a47151ca","status":"passed","time":{"start":1733865182539,"stop":1733865184691,"duration":2152}}]},"tags":["regression","another_users_page"]},"source":"18081521e0a65e2d.json","parameterValues":[]}