{"uid":"19100bc6e3a537e6","name":"Проверка при нажатии в поп ап Редактировать профиль открывается страница редактирования","fullName":"tests.test_menu_profile.TestMenuProfile#test_button_edit_user_profile","historyId":"d3c3ffdf1e953224e9753f46b94fbcc8","time":{"start":1739310469650,"stop":1739310469650,"duration":0},"description":"Проверяется на пользователе Aleska","descriptionHtml":"<p>Проверяется на пользователе Aleska</p>\n","status":"broken","statusMessage":"selenium.common.exceptions.TimeoutException: Message:","statusTrace":"request = <SubRequest 'login_to_app' for <Function test_button_edit_user_profile>>\ndriver = <selenium.webdriver.chrome.webdriver.WebDriver (session=\"bb73f345dcd9cf2fdbfddf9d00340dda\")>\n\n    @pytest.fixture(scope='function')\n    @allure.title('Авторизация пользователя в системе')\n    @allure.step('Авторизация пользователя в системе')\n    def login_to_app(request, driver):\n        \"\"\" Фикстура Логина в систему \"\"\"\n        login_page = ApiAuthorization(driver)\n        login_page.user(User.LOGIN, User.PASSWORD)\n        try:\n            later = login_page.find_element(config.locators.RubricPageLocators.locators['Кнопка выберу потом'])\n            login_page.do_click(later)\n        except TimeoutException:\n            element = login_page.find_element(\n                config.locators.MainPageLocators.locators['Листай вниз и найди свои интересы'])\n            login_page.do_click(element)\n        finally:\n>           login_page.do_click(config.locators.MainPageLocators.locators['Листай вниз и найди свои интересы'])\n\nconftest.py:62: \n_ _ _ _ _ _ _ _ _ _ _ _ _ _ _ _ _ _ _ _ _ _ _ _ _ _ _ _ _ _ _ _ _ _ _ _ _ _ _ _ \nbase/base_page.py:79: in do_click\n    elem = WebDriverWait(self.driver, wait_time).until(EC.element_to_be_clickable(locator))\n_ _ _ _ _ _ _ _ _ _ _ _ _ _ _ _ _ _ _ _ _ _ _ _ _ _ _ _ _ _ _ _ _ _ _ _ _ _ _ _ \n\nself = <selenium.webdriver.support.wait.WebDriverWait (session=\"bb73f345dcd9cf2fdbfddf9d00340dda\")>\nmethod = <function element_to_be_clickable.<locals>._predicate at 0x7f2e188d05e0>\nmessage = ''\n\n    def until(self, method: Callable[[D], Union[Literal[False], T]], message: str = \"\") -> T:\n        \"\"\"Calls the method provided with the driver as an argument until the \\\n        return value does not evaluate to ``False``.\n    \n        :param method: callable(WebDriver)\n        :param message: optional message for :exc:`TimeoutException`\n        :returns: the result of the last call to `method`\n        :raises: :exc:`selenium.common.exceptions.TimeoutException` if timeout occurs\n        \"\"\"\n        screen = None\n        stacktrace = None\n    \n        end_time = time.monotonic() + self._timeout\n        while True:\n            try:\n                value = method(self._driver)\n                if value:\n                    return value\n            except self._ignored_exceptions as exc:\n                screen = getattr(exc, \"screen\", None)\n                stacktrace = getattr(exc, \"stacktrace\", None)\n            if time.monotonic() > end_time:\n                break\n            time.sleep(self._poll)\n>       raise TimeoutException(message, screen, stacktrace)\nE       selenium.common.exceptions.TimeoutException: Message:\n\n../local/lib/python3.12/site-packages/selenium/webdriver/support/wait.py:105: TimeoutException","flaky":false,"newFailed":false,"newBroken":true,"newPassed":false,"retriesCount":0,"retriesStatusChange":false,"beforeStages":[{"name":"_session_faker","time":{"start":1739309473698,"stop":1739309473699,"duration":1},"status":"passed","steps":[],"attachments":[],"parameters":[],"shouldDisplayMessage":false,"attachmentsCount":0,"stepsCount":0,"hasContent":false,"attachmentStep":false},{"name":"driver","time":{"start":1739310469651,"stop":1739310470081,"duration":430},"status":"passed","steps":[],"attachments":[],"parameters":[],"shouldDisplayMessage":false,"attachmentsCount":0,"stepsCount":0,"hasContent":false,"attachmentStep":false},{"name":"Инициализация локаторов","time":{"start":1739310470081,"stop":1739310470081,"duration":0},"status":"passed","steps":[{"name":"Инициализация локаторов","time":{"start":1739310470081,"stop":1739310470081,"duration":0},"status":"passed","steps":[],"attachments":[],"parameters":[{"name":"request","value":"<SubRequest 'elements' for <Function test_button_edit_user_profile>>"}],"shouldDisplayMessage":false,"attachmentsCount":0,"stepsCount":0,"hasContent":true,"attachmentStep":false}],"attachments":[],"parameters":[],"shouldDisplayMessage":false,"attachmentsCount":0,"stepsCount":1,"hasContent":true,"attachmentStep":false},{"name":"setup","time":{"start":1739310470081,"stop":1739310470081,"duration":0},"status":"passed","steps":[],"attachments":[],"parameters":[],"shouldDisplayMessage":false,"attachmentsCount":0,"stepsCount":0,"hasContent":false,"attachmentStep":false},{"name":"Авторизация пользователя в системе","time":{"start":1739310470081,"stop":1739310495117,"duration":25036},"status":"broken","statusMessage":"selenium.common.exceptions.TimeoutException: Message: \n\n","statusTrace":"  File \"/usr/local/lib/python3.12/site-packages/pluggy/_callers.py\", line 167, in _multicall\n    teardown.throw(outcome._exception)\n  File \"/usr/local/lib/python3.12/site-packages/_pytest/setuponly.py\", line 36, in pytest_fixture_setup\n    return (yield)\n            ^^^^^\n  File \"/usr/local/lib/python3.12/site-packages/pluggy/_callers.py\", line 103, in _multicall\n    res = hook_impl.function(*args)\n          ^^^^^^^^^^^^^^^^^^^^^^^^^\n  File \"/usr/local/lib/python3.12/site-packages/_pytest/fixtures.py\", line 1140, in pytest_fixture_setup\n    result = call_fixture_func(fixturefunc, request, kwargs)\n             ^^^^^^^^^^^^^^^^^^^^^^^^^^^^^^^^^^^^^^^^^^^^^^^\n  File \"/usr/local/lib/python3.12/site-packages/_pytest/fixtures.py\", line 898, in call_fixture_func\n    fixture_result = fixturefunc(**kwargs)\n                     ^^^^^^^^^^^^^^^^^^^^^\n  File \"/usr/local/lib/python3.12/site-packages/allure_commons/_allure.py\", line 192, in impl\n    return func(*a, **kw)\n           ^^^^^^^^^^^^^^\n  File \"/usr/workspace/conftest.py\", line 62, in login_to_app\n    login_page.do_click(config.locators.MainPageLocators.locators['Листай вниз и найди свои интересы'])\n  File \"/usr/workspace/base/base_page.py\", line 79, in do_click\n    elem = WebDriverWait(self.driver, wait_time).until(EC.element_to_be_clickable(locator))\n           ^^^^^^^^^^^^^^^^^^^^^^^^^^^^^^^^^^^^^^^^^^^^^^^^^^^^^^^^^^^^^^^^^^^^^^^^^^^^^^^^\n  File \"/usr/local/lib/python3.12/site-packages/selenium/webdriver/support/wait.py\", line 105, in until\n    raise TimeoutException(message, screen, stacktrace)\n","steps":[{"name":"Авторизация пользователя в системе","time":{"start":1739310470081,"stop":1739310495116,"duration":25035},"status":"broken","statusMessage":"selenium.common.exceptions.TimeoutException: Message: \n\n","statusTrace":"  File \"/usr/local/lib/python3.12/site-packages/allure_commons/_allure.py\", line 192, in impl\n    return func(*a, **kw)\n           ^^^^^^^^^^^^^^\n  File \"/usr/workspace/conftest.py\", line 62, in login_to_app\n    login_page.do_click(config.locators.MainPageLocators.locators['Листай вниз и найди свои интересы'])\n  File \"/usr/workspace/base/base_page.py\", line 79, in do_click\n    elem = WebDriverWait(self.driver, wait_time).until(EC.element_to_be_clickable(locator))\n           ^^^^^^^^^^^^^^^^^^^^^^^^^^^^^^^^^^^^^^^^^^^^^^^^^^^^^^^^^^^^^^^^^^^^^^^^^^^^^^^^\n  File \"/usr/local/lib/python3.12/site-packages/selenium/webdriver/support/wait.py\", line 105, in until\n    raise TimeoutException(message, screen, stacktrace)\n","steps":[],"attachments":[],"parameters":[{"name":"request","value":"<SubRequest 'login_to_app' for <Function test_button_edit_user_profile>>"},{"name":"driver","value":"<selenium.webdriver.chrome.webdriver.WebDriver (session=\"bb73f345dcd9cf2fdbfddf9d00340dda\")>"}],"shouldDisplayMessage":true,"attachmentsCount":0,"stepsCount":0,"hasContent":true,"attachmentStep":false}],"attachments":[],"parameters":[],"shouldDisplayMessage":false,"attachmentsCount":0,"stepsCount":1,"hasContent":true,"attachmentStep":false}],"afterStages":[{"name":"driver::0","time":{"start":1739310495127,"stop":1739310495317,"duration":190},"status":"passed","steps":[],"attachments":[{"uid":"62982d7959c973e9","name":"page_source","source":"62982d7959c973e9.html","type":"text/html","size":27593},{"uid":"c8b4625789c675ef","name":"screenshot","source":"c8b4625789c675ef.png","type":"image/png","size":55150},{"uid":"f9c2dcab59d753cb","name":"browser_logs","source":"f9c2dcab59d753cb.txt","type":"text/plain","size":7068}],"parameters":[],"shouldDisplayMessage":false,"attachmentsCount":3,"stepsCount":0,"hasContent":true,"attachmentStep":false}],"labels":[{"name":"feature","value":"Меню профиля"},{"name":"severity","value":"Critical"},{"name":"tag","value":"regression"},{"name":"tag","value":"menu_profile"},{"name":"parentSuite","value":"tests"},{"name":"suite","value":"test_menu_profile"},{"name":"subSuite","value":"TestMenuProfile"},{"name":"host","value":"e56e35b24cd4"},{"name":"thread","value":"1-MainThread"},{"name":"framework","value":"pytest"},{"name":"language","value":"cpython3"},{"name":"package","value":"tests.test_menu_profile"},{"name":"resultFormat","value":"allure2"}],"parameters":[],"links":[],"hidden":false,"retry":false,"extra":{"severity":"critical","retries":[],"categories":[{"name":"Test defects","matchedStatuses":[],"flaky":false}],"history":{"statistic":{"failed":2,"broken":8,"skipped":0,"passed":35,"unknown":0,"total":45},"items":[{"uid":"25918931154c6c8d","status":"passed","time":{"start":1738951987877,"stop":1738951990595,"duration":2718}},{"uid":"5ac8211e4a4fce0a","status":"broken","statusDetails":"KeyError: 'access_token'","time":{"start":1738875166847,"stop":1738875166847,"duration":0}},{"uid":"4341beb11ee868f3","status":"passed","time":{"start":1738872093262,"stop":1738872096452,"duration":3190}},{"uid":"1340e3a575136bad","status":"broken","statusDetails":"KeyError: 'access_token'","time":{"start":1738865196433,"stop":1738865196433,"duration":0}},{"uid":"85bde5a4ec6a52a1","status":"passed","time":{"start":1738269048143,"stop":1738269050879,"duration":2736}},{"uid":"9defbcf8b5d20b88","status":"passed","time":{"start":1738099510960,"stop":1738099513665,"duration":2705}},{"uid":"542b0c348c066abe","status":"passed","time":{"start":1738005463656,"stop":1738005466365,"duration":2709}},{"uid":"43858f03dfeb5c55","status":"passed","time":{"start":1738002758983,"stop":1738002762675,"duration":3692}},{"uid":"2466443621311401","status":"broken","statusDetails":"urllib3.exceptions.ReadTimeoutError: HTTPConnectionPool(host='localhost', port=34229): Read timed out. (read timeout=120)","time":{"start":1737930422805,"stop":1737930422805,"duration":0}},{"uid":"5020205c19d7c8d0","status":"passed","time":{"start":1737843086509,"stop":1737843090770,"duration":4261}},{"uid":"3374bf08edd094ac","status":"passed","time":{"start":1737832316976,"stop":1737832321258,"duration":4282}},{"uid":"8dfcbe81e926be77","status":"passed","time":{"start":1737799653246,"stop":1737799657511,"duration":4265}},{"uid":"204a387b9ac1af01","status":"passed","time":{"start":1737757906526,"stop":1737757910760,"duration":4234}},{"uid":"a67b790faa88178","status":"passed","time":{"start":1737744882898,"stop":1737744887124,"duration":4226}},{"uid":"471d2fa4f430b221","status":"failed","statusDetails":"AssertionError: Ожидался текст: 'Редактировать профиль', отображается текст: 'Aleska'","time":{"start":1737652761177,"stop":1737652763902,"duration":2725}},{"uid":"1c81dede9d6f928d","status":"failed","statusDetails":"AssertionError: Ожидался текст: 'Редактировать профиль', отображается текст: 'Aleska'","time":{"start":1737570473062,"stop":1737570474845,"duration":1783}},{"uid":"d72d5cfdb53c1f9","status":"broken","statusDetails":"selenium.common.exceptions.WebDriverException: Message: unknown error: Chrome failed to start: exited abnormally.\n  (unknown error: DevToolsActivePort file doesn't exist)\n  (The process started from chrome location /usr/bin/chromium-browser is no longer running, so ChromeDriver is assuming that Chrome has crashed.)","time":{"start":1737568965456,"stop":1737568965456,"duration":0}},{"uid":"56217c53d3f386e3","status":"passed","time":{"start":1734034739145,"stop":1734034741854,"duration":2709}},{"uid":"ccb3b2510a4ea0a3","status":"passed","time":{"start":1733937367317,"stop":1733937371897,"duration":4580}},{"uid":"e5cf482b2370d8b3","status":"broken","statusDetails":"selenium.common.exceptions.TimeoutException: Message: Не найден элемент с локатором ('xpath', '//button[@data-testing=\"after_register_dialog__btn_choose_later\"]')","time":{"start":1733865933058,"stop":1733865933058,"duration":0}}]},"tags":["regression","menu_profile"]},"source":"19100bc6e3a537e6.json","parameterValues":[]}