{"uid":"1a7da184f54442ce","name":"Проверка восстановления пароля по номеру телефона","fullName":"tests.test_reset_password.TestResetPassword#test_password_recovery_by_phone","historyId":"04757ce0114f1fb79d2fdcf8ea5506d5","time":{"start":1737571359751,"stop":1737571400002,"duration":40251},"description":"Для восстановления используется номер от Aleska","descriptionHtml":"<p>Для восстановления используется номер от Aleska</p>\n","status":"broken","statusMessage":"selenium.common.exceptions.TimeoutException: Message: Не найден элемент с локатором ('xpath', '//input[@name=\"code\"]')","statusTrace":"self = <test_reset_password.TestResetPassword object at 0x7fc3f13d3ec0>\nelements = {'Банк ачивок': {'Блок ачивок': ('xpath', '//div[contains(@class,\"user-achievement-by-interests_container\")]'), 'Модал...-sheet_icons\")]'), 'Название ачивки': ('xpath', '//div[contains(@class,\"achievement-item-bottom-sheet_title\")]')}, ...}\n\n    @allure.title('Проверка восстановления пароля по номеру телефона')\n    @allure.description('Для восстановления используется номер от Aleska')\n    @allure.severity('Critical')\n    @pytest.mark.regression\n    def test_password_recovery_by_phone(self, elements):\n        with allure.step('Открыть страницу логина'):\n            self.login_page.open()\n            element = elements['Страница логина']\n    \n        with allure.step('Нажать кнопку забыл пароль'):\n            self.login_page.do_click(element['Кнопка забыл пароль'])\n    \n        with allure.step('В поле \"Email или номер телефона\" ввести номер телефона от Aleska'):\n            element = elements['Страница восстановления пароля']\n            self.reset_password_page.field_send_keys(element['Поле логин'],\n                                                     text=self.User.PHONE)\n    \n        with allure.step('Нажать кнопку \"Сбросить пароль\"'):\n            self.reset_password_page.do_click(element['Кнопка сбросить пароль'])\n    \n        with allure.step('Авторизоваться в MetaBase'):\n            metabase = self.metabase.authorization(username=self.MetaBaseUser.LOGIN,\n                                                   password=self.MetaBaseUser.PASSWORD)\n    \n        with allure.step('Найти последний код в MetaBase'):\n            sms_code = self.metabase.take_last_code(metabase)\n    \n        with allure.step('В поле Код из смс ввести смс код'):\n>           self.reset_password_page.field_send_keys(element['Поле код из смс'],\n                                                     text=sms_code)\n\ntests/test_reset_password.py:58: \n_ _ _ _ _ _ _ _ _ _ _ _ _ _ _ _ _ _ _ _ _ _ _ _ _ _ _ _ _ _ _ _ _ _ _ _ _ _ _ _ \nbase/base_page.py:126: in field_send_keys\n    element = self.find_element(locator)\nbase/base_page.py:138: in find_element\n    return self.wait.until(EC.visibility_of_element_located(locator),\n_ _ _ _ _ _ _ _ _ _ _ _ _ _ _ _ _ _ _ _ _ _ _ _ _ _ _ _ _ _ _ _ _ _ _ _ _ _ _ _ \n\nself = <selenium.webdriver.support.wait.WebDriverWait (session=\"41fda938586e31b2312b861f24e42da8\")>\nmethod = <function visibility_of_element_located.<locals>._predicate at 0x7fc3f116bec0>\nmessage = 'Не найден элемент с локатором (\\'xpath\\', \\'//input[@name=\"code\"]\\')'\n\n    def until(self, method: Callable[[D], Union[Literal[False], T]], message: str = \"\") -> T:\n        \"\"\"Calls the method provided with the driver as an argument until the \\\n        return value does not evaluate to ``False``.\n    \n        :param method: callable(WebDriver)\n        :param message: optional message for :exc:`TimeoutException`\n        :returns: the result of the last call to `method`\n        :raises: :exc:`selenium.common.exceptions.TimeoutException` if timeout occurs\n        \"\"\"\n        screen = None\n        stacktrace = None\n    \n        end_time = time.monotonic() + self._timeout\n        while True:\n            try:\n                value = method(self._driver)\n                if value:\n                    return value\n            except self._ignored_exceptions as exc:\n                screen = getattr(exc, \"screen\", None)\n                stacktrace = getattr(exc, \"stacktrace\", None)\n            if time.monotonic() > end_time:\n                break\n            time.sleep(self._poll)\n>       raise TimeoutException(message, screen, stacktrace)\nE       selenium.common.exceptions.TimeoutException: Message: Не найден элемент с локатором ('xpath', '//input[@name=\"code\"]')\n\n../local/lib/python3.12/site-packages/selenium/webdriver/support/wait.py:105: TimeoutException","flaky":false,"newFailed":false,"newBroken":false,"newPassed":false,"retriesCount":0,"retriesStatusChange":false,"beforeStages":[{"name":"_session_faker","time":{"start":1737569139111,"stop":1737569139113,"duration":2},"status":"passed","steps":[],"attachments":[],"parameters":[],"shouldDisplayMessage":false,"attachmentsCount":0,"stepsCount":0,"hasContent":false,"attachmentStep":false},{"name":"driver","time":{"start":1737571359271,"stop":1737571359750,"duration":479},"status":"passed","steps":[],"attachments":[],"parameters":[],"shouldDisplayMessage":false,"attachmentsCount":0,"stepsCount":0,"hasContent":false,"attachmentStep":false},{"name":"setup","time":{"start":1737571359751,"stop":1737571359751,"duration":0},"status":"passed","steps":[],"attachments":[],"parameters":[],"shouldDisplayMessage":false,"attachmentsCount":0,"stepsCount":0,"hasContent":false,"attachmentStep":false},{"name":"Инициализация локаторов","time":{"start":1737571359751,"stop":1737571359751,"duration":0},"status":"passed","steps":[{"name":"Инициализация локаторов","time":{"start":1737571359751,"stop":1737571359751,"duration":0},"status":"passed","steps":[],"attachments":[],"parameters":[{"name":"request","value":"<SubRequest 'elements' for <Function test_password_recovery_by_phone>>"}],"shouldDisplayMessage":false,"attachmentsCount":0,"stepsCount":0,"hasContent":true,"attachmentStep":false}],"attachments":[],"parameters":[],"shouldDisplayMessage":false,"attachmentsCount":0,"stepsCount":1,"hasContent":true,"attachmentStep":false}],"testStage":{"description":"Для восстановления используется номер от Aleska","status":"broken","statusMessage":"selenium.common.exceptions.TimeoutException: Message: Не найден элемент с локатором ('xpath', '//input[@name=\"code\"]')","statusTrace":"self = <test_reset_password.TestResetPassword object at 0x7fc3f13d3ec0>\nelements = {'Банк ачивок': {'Блок ачивок': ('xpath', '//div[contains(@class,\"user-achievement-by-interests_container\")]'), 'Модал...-sheet_icons\")]'), 'Название ачивки': ('xpath', '//div[contains(@class,\"achievement-item-bottom-sheet_title\")]')}, ...}\n\n    @allure.title('Проверка восстановления пароля по номеру телефона')\n    @allure.description('Для восстановления используется номер от Aleska')\n    @allure.severity('Critical')\n    @pytest.mark.regression\n    def test_password_recovery_by_phone(self, elements):\n        with allure.step('Открыть страницу логина'):\n            self.login_page.open()\n            element = elements['Страница логина']\n    \n        with allure.step('Нажать кнопку забыл пароль'):\n            self.login_page.do_click(element['Кнопка забыл пароль'])\n    \n        with allure.step('В поле \"Email или номер телефона\" ввести номер телефона от Aleska'):\n            element = elements['Страница восстановления пароля']\n            self.reset_password_page.field_send_keys(element['Поле логин'],\n                                                     text=self.User.PHONE)\n    \n        with allure.step('Нажать кнопку \"Сбросить пароль\"'):\n            self.reset_password_page.do_click(element['Кнопка сбросить пароль'])\n    \n        with allure.step('Авторизоваться в MetaBase'):\n            metabase = self.metabase.authorization(username=self.MetaBaseUser.LOGIN,\n                                                   password=self.MetaBaseUser.PASSWORD)\n    \n        with allure.step('Найти последний код в MetaBase'):\n            sms_code = self.metabase.take_last_code(metabase)\n    \n        with allure.step('В поле Код из смс ввести смс код'):\n>           self.reset_password_page.field_send_keys(element['Поле код из смс'],\n                                                     text=sms_code)\n\ntests/test_reset_password.py:58: \n_ _ _ _ _ _ _ _ _ _ _ _ _ _ _ _ _ _ _ _ _ _ _ _ _ _ _ _ _ _ _ _ _ _ _ _ _ _ _ _ \nbase/base_page.py:126: in field_send_keys\n    element = self.find_element(locator)\nbase/base_page.py:138: in find_element\n    return self.wait.until(EC.visibility_of_element_located(locator),\n_ _ _ _ _ _ _ _ _ _ _ _ _ _ _ _ _ _ _ _ _ _ _ _ _ _ _ _ _ _ _ _ _ _ _ _ _ _ _ _ \n\nself = <selenium.webdriver.support.wait.WebDriverWait (session=\"41fda938586e31b2312b861f24e42da8\")>\nmethod = <function visibility_of_element_located.<locals>._predicate at 0x7fc3f116bec0>\nmessage = 'Не найден элемент с локатором (\\'xpath\\', \\'//input[@name=\"code\"]\\')'\n\n    def until(self, method: Callable[[D], Union[Literal[False], T]], message: str = \"\") -> T:\n        \"\"\"Calls the method provided with the driver as an argument until the \\\n        return value does not evaluate to ``False``.\n    \n        :param method: callable(WebDriver)\n        :param message: optional message for :exc:`TimeoutException`\n        :returns: the result of the last call to `method`\n        :raises: :exc:`selenium.common.exceptions.TimeoutException` if timeout occurs\n        \"\"\"\n        screen = None\n        stacktrace = None\n    \n        end_time = time.monotonic() + self._timeout\n        while True:\n            try:\n                value = method(self._driver)\n                if value:\n                    return value\n            except self._ignored_exceptions as exc:\n                screen = getattr(exc, \"screen\", None)\n                stacktrace = getattr(exc, \"stacktrace\", None)\n            if time.monotonic() > end_time:\n                break\n            time.sleep(self._poll)\n>       raise TimeoutException(message, screen, stacktrace)\nE       selenium.common.exceptions.TimeoutException: Message: Не найден элемент с локатором ('xpath', '//input[@name=\"code\"]')\n\n../local/lib/python3.12/site-packages/selenium/webdriver/support/wait.py:105: TimeoutException","steps":[{"name":"Открыть страницу логина","time":{"start":1737571359751,"stop":1737571362999,"duration":3248},"status":"passed","steps":[],"attachments":[],"parameters":[],"shouldDisplayMessage":false,"attachmentsCount":0,"stepsCount":0,"hasContent":false,"attachmentStep":false},{"name":"Нажать кнопку забыл пароль","time":{"start":1737571362999,"stop":1737571364068,"duration":1069},"status":"passed","steps":[],"attachments":[],"parameters":[],"shouldDisplayMessage":false,"attachmentsCount":0,"stepsCount":0,"hasContent":false,"attachmentStep":false},{"name":"В поле \"Email или номер телефона\" ввести номер телефона от Aleska","time":{"start":1737571364068,"stop":1737571365653,"duration":1585},"status":"passed","steps":[],"attachments":[],"parameters":[],"shouldDisplayMessage":false,"attachmentsCount":0,"stepsCount":0,"hasContent":false,"attachmentStep":false},{"name":"Нажать кнопку \"Сбросить пароль\"","time":{"start":1737571365653,"stop":1737571365695,"duration":42},"status":"passed","steps":[],"attachments":[],"parameters":[],"shouldDisplayMessage":false,"attachmentsCount":0,"stepsCount":0,"hasContent":false,"attachmentStep":false},{"name":"Авторизоваться в MetaBase","time":{"start":1737571365695,"stop":1737571367038,"duration":1343},"status":"passed","steps":[],"attachments":[],"parameters":[],"shouldDisplayMessage":false,"attachmentsCount":0,"stepsCount":0,"hasContent":false,"attachmentStep":false},{"name":"Найти последний код в MetaBase","time":{"start":1737571367038,"stop":1737571369876,"duration":2838},"status":"passed","steps":[],"attachments":[],"parameters":[],"shouldDisplayMessage":false,"attachmentsCount":0,"stepsCount":0,"hasContent":false,"attachmentStep":false},{"name":"В поле Код из смс ввести смс код","time":{"start":1737571369876,"stop":1737571400002,"duration":30126},"status":"broken","statusMessage":"selenium.common.exceptions.TimeoutException: Message: Не найден элемент с локатором ('xpath', '//input[@name=\"code\"]')\n\n","statusTrace":"  File \"/usr/workspace/tests/test_reset_password.py\", line 58, in test_password_recovery_by_phone\n    self.reset_password_page.field_send_keys(element['Поле код из смс'],\n  File \"/usr/workspace/base/base_page.py\", line 126, in field_send_keys\n    element = self.find_element(locator)\n              ^^^^^^^^^^^^^^^^^^^^^^^^^^\n  File \"/usr/workspace/base/base_page.py\", line 138, in find_element\n    return self.wait.until(EC.visibility_of_element_located(locator),\n           ^^^^^^^^^^^^^^^^^^^^^^^^^^^^^^^^^^^^^^^^^^^^^^^^^^^^^^^^^^\n  File \"/usr/local/lib/python3.12/site-packages/selenium/webdriver/support/wait.py\", line 105, in until\n    raise TimeoutException(message, screen, stacktrace)\n","steps":[],"attachments":[],"parameters":[],"shouldDisplayMessage":true,"attachmentsCount":0,"stepsCount":0,"hasContent":true,"attachmentStep":false}],"attachments":[],"parameters":[],"shouldDisplayMessage":true,"attachmentsCount":0,"stepsCount":7,"hasContent":true,"attachmentStep":false},"afterStages":[{"name":"driver::0","time":{"start":1737571400014,"stop":1737571400202,"duration":188},"status":"passed","steps":[],"attachments":[{"uid":"f8c915c9c9c72ad6","name":"page_source","source":"f8c915c9c9c72ad6.html","type":"text/html","size":10500},{"uid":"a83b656a46b30ac1","name":"screenshot","source":"a83b656a46b30ac1.png","type":"image/png","size":29906},{"uid":"78d336f5654b9225","name":"browser_logs","source":"78d336f5654b9225.txt","type":"text/plain","size":1208}],"parameters":[],"shouldDisplayMessage":false,"attachmentsCount":3,"stepsCount":0,"hasContent":true,"attachmentStep":false}],"labels":[{"name":"feature","value":"Восстановление пароля"},{"name":"severity","value":"Critical"},{"name":"tag","value":"regression"},{"name":"tag","value":"reset_password"},{"name":"parentSuite","value":"tests"},{"name":"suite","value":"test_reset_password"},{"name":"subSuite","value":"TestResetPassword"},{"name":"host","value":"5230432a8515"},{"name":"thread","value":"1-MainThread"},{"name":"framework","value":"pytest"},{"name":"language","value":"cpython3"},{"name":"package","value":"tests.test_reset_password"},{"name":"resultFormat","value":"allure2"}],"parameters":[],"links":[],"hidden":false,"retry":false,"extra":{"severity":"critical","retries":[],"categories":[{"name":"Test defects","matchedStatuses":[],"flaky":false}],"history":{"statistic":{"failed":0,"broken":8,"skipped":0,"passed":30,"unknown":0,"total":38},"items":[{"uid":"bdbbd9520ae145ac","status":"broken","statusDetails":"selenium.common.exceptions.WebDriverException: Message: unknown error: Chrome failed to start: exited abnormally.\n  (unknown error: DevToolsActivePort file doesn't exist)\n  (The process started from chrome location /usr/bin/chromium-browser is no longer running, so ChromeDriver is assuming that Chrome has crashed.)","time":{"start":1737568973757,"stop":1737568973757,"duration":0}},{"uid":"e3abb0e76415a4a3","status":"passed","time":{"start":1734035280460,"stop":1734035293568,"duration":13108}},{"uid":"ae855cfb8e286488","status":"passed","time":{"start":1733938088772,"stop":1733938100958,"duration":12186}},{"uid":"f48a5c79ec767bc8","status":"passed","time":{"start":1733866720686,"stop":1733866733010,"duration":12324}},{"uid":"9950c46ab1c9f91d","status":"passed","time":{"start":1733861157127,"stop":1733861169649,"duration":12522}},{"uid":"798de994cf68e8c0","status":"passed","time":{"start":1733857577318,"stop":1733857589946,"duration":12628}},{"uid":"7cd99208d3f186bd","status":"broken","statusDetails":"selenium.common.exceptions.TimeoutException: Message:","time":{"start":1733772522287,"stop":1733772563255,"duration":40968}},{"uid":"eb6bd3488cf4ab9f","status":"broken","statusDetails":"selenium.common.exceptions.TimeoutException: Message:","time":{"start":1733766945766,"stop":1733766986474,"duration":40708}},{"uid":"63c8ae623710d253","status":"broken","statusDetails":"selenium.common.exceptions.TimeoutException: Message:","time":{"start":1733422548006,"stop":1733422589693,"duration":41687}},{"uid":"e760d83bff997d1","status":"passed","time":{"start":1726780855552,"stop":1726780869551,"duration":13999}},{"uid":"ff08493a75b3bb98","status":"broken","statusDetails":"selenium.common.exceptions.StaleElementReferenceException: Message: stale element reference: element is not attached to the page document\n  (Session info: headless chrome=112.0.5615.165); For documentation on this error, please visit: https://www.selenium.dev/documentation/webdriver/troubleshooting/errors#stale-element-reference-exception","time":{"start":1726777639394,"stop":1726777644181,"duration":4787}},{"uid":"ab3edca6c7f4af87","status":"passed","time":{"start":1724099378460,"stop":1724099392666,"duration":14206}},{"uid":"10f589e74616abcc","status":"passed","time":{"start":1723829720169,"stop":1723829734645,"duration":14476}},{"uid":"1fb3b4187ebb19b6","status":"passed","time":{"start":1723751848092,"stop":1723751860445,"duration":12353}},{"uid":"a0b47d26a53ba165","status":"passed","time":{"start":1723742328993,"stop":1723742341520,"duration":12527}},{"uid":"fe412b89b1996584","status":"passed","time":{"start":1723664736227,"stop":1723664748950,"duration":12723}},{"uid":"1b3796cebdedf288","status":"passed","time":{"start":1723579455526,"stop":1723579469293,"duration":13767}},{"uid":"4ecda3f1b47be8f9","status":"passed","time":{"start":1723496609984,"stop":1723496621948,"duration":11964}},{"uid":"65d932277a368e11","status":"passed","time":{"start":1723150411795,"stop":1723150423422,"duration":11627}},{"uid":"ef179f5d3d990a2","status":"passed","time":{"start":1723149094649,"stop":1723149106419,"duration":11770}}]},"tags":["regression","reset_password"]},"source":"1a7da184f54442ce.json","parameterValues":[]}