{"uid":"1b6576b51274840d","name":"Проверить, данные заблокированного пользователя не отображаются (проекты/подписки/ачивки/аватар)","fullName":"tests.test_another_users_page.TestAnotherUsersPage#test_the_data_of_the_blocked_user_is_not_displayed","historyId":"10456de628466aff9e6c0c2c03703e5e","time":{"start":1737926950867,"stop":1737926950867,"duration":0},"description":"Проверяется на новом пользователи, блокируется пользователь Evelinkaaa","descriptionHtml":"<p>Проверяется на новом пользователи, блокируется пользователь Evelinkaaa</p>\n","status":"broken","statusMessage":"selenium.common.exceptions.StaleElementReferenceException: Message: stale element reference: stale element not found\n  (Session info: chrome=132.0.6834.83); For documentation on this error, please visit: https://www.selenium.dev/documentation/webdriver/troubleshooting/errors#stale-element-reference-exception","statusTrace":"driver = <selenium.webdriver.chrome.webdriver.WebDriver (session=\"63d4e669aa9d1c99954ff16f4f29c183\")>\ndb_connection = <psycopg.Connection [INTRANS] (host=rc1a-8gbxfgy3ifeqz75r.mdb.yandexcloud.net port=6432 user=dyanyshev database=staging_round_confirmation) at 0x7f04846fdfd0>\n\n    @pytest.fixture(scope='function')\n    @allure.title('Регистрация пользователя')\n    @allure.step('Регистрация пользователя')\n    def registration_user(driver, db_connection):\n        \"\"\"\n        Фикстура для регистрации нового пользователя в системе.\n    \n        Эта фикстура выполняет полный процесс регистрации нового пользователя,\n        включая заполнение всех необходимых полей и прохождение верификации по SMS.\n    \n        Процесс регистрации:\n        1. Открывает страницу авторизации\n        2. Выбирает регистрацию по SMS\n        3. Генерирует случайный никнейм\n        4. Вводит пароль\n        5. Генерирует случайный номер телефона\n        6. Получает код подтверждения из Database\n        7. Вводит код подтверждения\n        8. Проверяет приветственное сообщение\n        9. Закрывает приветственное видео (если оно есть)\n        10. Пропускает выбор рубрик\n        11. Закрывает окно с предложением листать ленту\n    \n        :param driver: экземпляр WebDriver для управления браузером\n        :param db_connection: экземпляр подключения к базе данных ROUND\n    \n        :return: None\n    \n        Примечание:\n        - Использует faker для генерации случайных данных\n        - Взаимодействует с MetaBase для получения кода подтверждения\n        - Обрабатывает возможные исключения, такие как отсутствие приветственного видео\n        \"\"\"\n        authorization_page = AuthorizationPage(driver)\n        join_page = JoinPage(driver)\n        db = DBRoundConfirmation(driver)\n        assertion = Assertion(driver)\n        rubric_page = RubricPage(driver)\n        main_page = MainPage(driver)\n    \n        # Открываем страницу авторизации и выбираем регистрацию по SMS\n        authorization_page.open()\n>       authorization_page.do_click(config.locators.AuthorizationPageLocators.locators['Кнопка по смс'])\n\nfixtures/fixtures_for_registration_tests.py:61: \n_ _ _ _ _ _ _ _ _ _ _ _ _ _ _ _ _ _ _ _ _ _ _ _ _ _ _ _ _ _ _ _ _ _ _ _ _ _ _ _ \nbase/base_page.py:75: in do_click\n    elem = WebDriverWait(self.driver, wait_time).until(EC.element_to_be_clickable(locator))\n../local/lib/python3.13/site-packages/selenium/webdriver/support/wait.py:96: in until\n    value = method(self._driver)\n../local/lib/python3.13/site-packages/selenium/webdriver/support/expected_conditions.py:364: in _predicate\n    element = visibility_of(target)(driver)\n../local/lib/python3.13/site-packages/selenium/webdriver/support/expected_conditions.py:173: in _predicate\n    return _element_if_visible(element)\n../local/lib/python3.13/site-packages/selenium/webdriver/support/expected_conditions.py:179: in _element_if_visible\n    return element if element.is_displayed() == visibility else False\n../local/lib/python3.13/site-packages/selenium/webdriver/remote/webelement.py:252: in is_displayed\n    return self.parent.execute_script(f\"/* isDisplayed */return ({isDisplayed_js}).apply(null, arguments);\", self)\n../local/lib/python3.13/site-packages/selenium/webdriver/remote/webdriver.py:444: in execute_script\n    return self.execute(command, {\"script\": script, \"args\": converted_args})[\"value\"]\n../local/lib/python3.13/site-packages/selenium/webdriver/remote/webdriver.py:384: in execute\n    self.error_handler.check_response(response)\n_ _ _ _ _ _ _ _ _ _ _ _ _ _ _ _ _ _ _ _ _ _ _ _ _ _ _ _ _ _ _ _ _ _ _ _ _ _ _ _ \n\nself = <selenium.webdriver.remote.errorhandler.ErrorHandler object at 0x7f04878d4950>\nresponse = {'status': 404, 'value': '{\"value\":{\"error\":\"stale element reference\",\"message\":\"stale element reference: stale element not found\\\\n  (Session info: chrome=132.0.6834.83)\",\"stacktrace\":\"\"}}'}\n\n    def check_response(self, response: Dict[str, Any]) -> None:\n        \"\"\"Checks that a JSON response from the WebDriver does not have an\n        error.\n    \n        :Args:\n         - response - The JSON response from the WebDriver server as a dictionary\n           object.\n    \n        :Raises: If the response contains an error message.\n        \"\"\"\n        status = response.get(\"status\", None)\n        if not status or status == ErrorCode.SUCCESS:\n            return\n        value = None\n        message = response.get(\"message\", \"\")\n        screen: str = response.get(\"screen\", \"\")\n        stacktrace = None\n        if isinstance(status, int):\n            value_json = response.get(\"value\", None)\n            if value_json and isinstance(value_json, str):\n                import json\n    \n                try:\n                    value = json.loads(value_json)\n                    if len(value) == 1:\n                        value = value[\"value\"]\n                    status = value.get(\"error\", None)\n                    if not status:\n                        status = value.get(\"status\", ErrorCode.UNKNOWN_ERROR)\n                        message = value.get(\"value\") or value.get(\"message\")\n                        if not isinstance(message, str):\n                            value = message\n                            message = message.get(\"message\")\n                    else:\n                        message = value.get(\"message\", None)\n                except ValueError:\n                    pass\n    \n        exception_class: Type[WebDriverException]\n        e = ErrorCode()\n        error_codes = [item for item in dir(e) if not item.startswith(\"__\")]\n        for error_code in error_codes:\n            error_info = getattr(ErrorCode, error_code)\n            if isinstance(error_info, list) and status in error_info:\n                exception_class = getattr(ExceptionMapping, error_code, WebDriverException)\n                break\n        else:\n            exception_class = WebDriverException\n    \n        if not value:\n            value = response[\"value\"]\n        if isinstance(value, str):\n            raise exception_class(value)\n        if message == \"\" and \"message\" in value:\n            message = value[\"message\"]\n    \n        screen = None  # type: ignore[assignment]\n        if \"screen\" in value:\n            screen = value[\"screen\"]\n    \n        stacktrace = None\n        st_value = value.get(\"stackTrace\") or value.get(\"stacktrace\")\n        if st_value:\n            if isinstance(st_value, str):\n                stacktrace = st_value.split(\"\\n\")\n            else:\n                stacktrace = []\n                try:\n                    for frame in st_value:\n                        line = frame.get(\"lineNumber\", \"\")\n                        file = frame.get(\"fileName\", \"<anonymous>\")\n                        if line:\n                            file = f\"{file}:{line}\"\n                        meth = frame.get(\"methodName\", \"<anonymous>\")\n                        if \"className\" in frame:\n                            meth = f\"{frame['className']}.{meth}\"\n                        msg = \"    at %s (%s)\"\n                        msg = msg % (meth, file)\n                        stacktrace.append(msg)\n                except TypeError:\n                    pass\n        if exception_class == UnexpectedAlertPresentException:\n            alert_text = None\n            if \"data\" in value:\n                alert_text = value[\"data\"].get(\"text\")\n            elif \"alert\" in value:\n                alert_text = value[\"alert\"].get(\"text\")\n            raise exception_class(message, screen, stacktrace, alert_text)  # type: ignore[call-arg]  # mypy is not smart enough here\n>       raise exception_class(message, screen, stacktrace)\nE       selenium.common.exceptions.StaleElementReferenceException: Message: stale element reference: stale element not found\nE         (Session info: chrome=132.0.6834.83); For documentation on this error, please visit: https://www.selenium.dev/documentation/webdriver/troubleshooting/errors#stale-element-reference-exception\n\n../local/lib/python3.13/site-packages/selenium/webdriver/remote/errorhandler.py:232: StaleElementReferenceException","flaky":false,"newFailed":false,"newBroken":true,"newPassed":false,"retriesCount":0,"retriesStatusChange":false,"beforeStages":[{"name":"_session_faker","time":{"start":1737925936720,"stop":1737925936721,"duration":1},"status":"passed","steps":[],"attachments":[],"parameters":[],"shouldDisplayMessage":false,"attachmentsCount":0,"stepsCount":0,"hasContent":false,"attachmentStep":false},{"name":"Установка соединения с БД","time":{"start":1737925936721,"stop":1737925938413,"duration":1692},"status":"passed","steps":[{"name":"Установка соединения с БД","time":{"start":1737925936721,"stop":1737925938413,"duration":1692},"status":"passed","steps":[],"attachments":[],"parameters":[{"name":"request","value":"<SubRequest 'db_connection' for <Function test_of_the_ability_to_subscribe_to_a_user_from_his_profile>>"}],"shouldDisplayMessage":false,"attachmentsCount":0,"stepsCount":0,"hasContent":true,"attachmentStep":false}],"attachments":[],"parameters":[],"shouldDisplayMessage":false,"attachmentsCount":0,"stepsCount":1,"hasContent":true,"attachmentStep":false},{"name":"driver","time":{"start":1737926950869,"stop":1737926953190,"duration":2321},"status":"passed","steps":[],"attachments":[],"parameters":[],"shouldDisplayMessage":false,"attachmentsCount":0,"stepsCount":0,"hasContent":false,"attachmentStep":false},{"name":"setup","time":{"start":1737926953190,"stop":1737926953190,"duration":0},"status":"passed","steps":[],"attachments":[],"parameters":[],"shouldDisplayMessage":false,"attachmentsCount":0,"stepsCount":0,"hasContent":false,"attachmentStep":false},{"name":"Инициализация локаторов","time":{"start":1737926953190,"stop":1737926953191,"duration":1},"status":"passed","steps":[{"name":"Инициализация локаторов","time":{"start":1737926953191,"stop":1737926953191,"duration":0},"status":"passed","steps":[],"attachments":[],"parameters":[{"name":"request","value":"<SubRequest 'elements' for <Function test_the_data_of_the_blocked_user_is_not_displayed>>"}],"shouldDisplayMessage":false,"attachmentsCount":0,"stepsCount":0,"hasContent":true,"attachmentStep":false}],"attachments":[],"parameters":[],"shouldDisplayMessage":false,"attachmentsCount":0,"stepsCount":1,"hasContent":true,"attachmentStep":false},{"name":"Регистрация пользователя","time":{"start":1737926953191,"stop":1737926967922,"duration":14731},"status":"broken","statusMessage":"selenium.common.exceptions.StaleElementReferenceException: Message: stale element reference: stale element not found\n  (Session info: chrome=132.0.6834.83); For documentation on this error, please visit: https://www.selenium.dev/documentation/webdriver/troubleshooting/errors#stale-element-reference-exception\n\n","statusTrace":"  File \"/usr/local/lib/python3.13/site-packages/pluggy/_callers.py\", line 167, in _multicall\n    teardown.throw(outcome._exception)\n    ~~~~~~~~~~~~~~^^^^^^^^^^^^^^^^^^^^\n  File \"/usr/local/lib/python3.13/site-packages/_pytest/setuponly.py\", line 36, in pytest_fixture_setup\n    return (yield)\n            ^^^^^\n  File \"/usr/local/lib/python3.13/site-packages/pluggy/_callers.py\", line 103, in _multicall\n    res = hook_impl.function(*args)\n  File \"/usr/local/lib/python3.13/site-packages/_pytest/fixtures.py\", line 1140, in pytest_fixture_setup\n    result = call_fixture_func(fixturefunc, request, kwargs)\n  File \"/usr/local/lib/python3.13/site-packages/_pytest/fixtures.py\", line 898, in call_fixture_func\n    fixture_result = fixturefunc(**kwargs)\n  File \"/usr/local/lib/python3.13/site-packages/allure_commons/_allure.py\", line 192, in impl\n    return func(*a, **kw)\n  File \"/usr/workspace/fixtures/fixtures_for_registration_tests.py\", line 61, in registration_user\n    authorization_page.do_click(config.locators.AuthorizationPageLocators.locators['Кнопка по смс'])\n    ~~~~~~~~~~~~~~~~~~~~~~~~~~~^^^^^^^^^^^^^^^^^^^^^^^^^^^^^^^^^^^^^^^^^^^^^^^^^^^^^^^^^^^^^^^^^^^^^\n  File \"/usr/workspace/base/base_page.py\", line 75, in do_click\n    elem = WebDriverWait(self.driver, wait_time).until(EC.element_to_be_clickable(locator))\n  File \"/usr/local/lib/python3.13/site-packages/selenium/webdriver/support/wait.py\", line 96, in until\n    value = method(self._driver)\n  File \"/usr/local/lib/python3.13/site-packages/selenium/webdriver/support/expected_conditions.py\", line 364, in _predicate\n    element = visibility_of(target)(driver)\n  File \"/usr/local/lib/python3.13/site-packages/selenium/webdriver/support/expected_conditions.py\", line 173, in _predicate\n    return _element_if_visible(element)\n  File \"/usr/local/lib/python3.13/site-packages/selenium/webdriver/support/expected_conditions.py\", line 179, in _element_if_visible\n    return element if element.is_displayed() == visibility else False\n                      ~~~~~~~~~~~~~~~~~~~~^^\n  File \"/usr/local/lib/python3.13/site-packages/selenium/webdriver/remote/webelement.py\", line 252, in is_displayed\n    return self.parent.execute_script(f\"/* isDisplayed */return ({isDisplayed_js}).apply(null, arguments);\", self)\n           ~~~~~~~~~~~~~~~~~~~~~~~~~~^^^^^^^^^^^^^^^^^^^^^^^^^^^^^^^^^^^^^^^^^^^^^^^^^^^^^^^^^^^^^^^^^^^^^^^^^^^^^\n  File \"/usr/local/lib/python3.13/site-packages/selenium/webdriver/remote/webdriver.py\", line 444, in execute_script\n    return self.execute(command, {\"script\": script, \"args\": converted_args})[\"value\"]\n           ~~~~~~~~~~~~^^^^^^^^^^^^^^^^^^^^^^^^^^^^^^^^^^^^^^^^^^^^^^^^^^^^^\n  File \"/usr/local/lib/python3.13/site-packages/selenium/webdriver/remote/webdriver.py\", line 384, in execute\n    self.error_handler.check_response(response)\n    ~~~~~~~~~~~~~~~~~~~~~~~~~~~~~~~~~^^^^^^^^^^\n  File \"/usr/local/lib/python3.13/site-packages/selenium/webdriver/remote/errorhandler.py\", line 232, in check_response\n    raise exception_class(message, screen, stacktrace)\n","steps":[{"name":"Регистрация пользователя","time":{"start":1737926953191,"stop":1737926967913,"duration":14722},"status":"broken","statusMessage":"selenium.common.exceptions.StaleElementReferenceException: Message: stale element reference: stale element not found\n  (Session info: chrome=132.0.6834.83); For documentation on this error, please visit: https://www.selenium.dev/documentation/webdriver/troubleshooting/errors#stale-element-reference-exception\n\n","statusTrace":"  File \"/usr/local/lib/python3.13/site-packages/allure_commons/_allure.py\", line 192, in impl\n    return func(*a, **kw)\n  File \"/usr/workspace/fixtures/fixtures_for_registration_tests.py\", line 61, in registration_user\n    authorization_page.do_click(config.locators.AuthorizationPageLocators.locators['Кнопка по смс'])\n    ~~~~~~~~~~~~~~~~~~~~~~~~~~~^^^^^^^^^^^^^^^^^^^^^^^^^^^^^^^^^^^^^^^^^^^^^^^^^^^^^^^^^^^^^^^^^^^^^\n  File \"/usr/workspace/base/base_page.py\", line 75, in do_click\n    elem = WebDriverWait(self.driver, wait_time).until(EC.element_to_be_clickable(locator))\n  File \"/usr/local/lib/python3.13/site-packages/selenium/webdriver/support/wait.py\", line 96, in until\n    value = method(self._driver)\n  File \"/usr/local/lib/python3.13/site-packages/selenium/webdriver/support/expected_conditions.py\", line 364, in _predicate\n    element = visibility_of(target)(driver)\n  File \"/usr/local/lib/python3.13/site-packages/selenium/webdriver/support/expected_conditions.py\", line 173, in _predicate\n    return _element_if_visible(element)\n  File \"/usr/local/lib/python3.13/site-packages/selenium/webdriver/support/expected_conditions.py\", line 179, in _element_if_visible\n    return element if element.is_displayed() == visibility else False\n                      ~~~~~~~~~~~~~~~~~~~~^^\n  File \"/usr/local/lib/python3.13/site-packages/selenium/webdriver/remote/webelement.py\", line 252, in is_displayed\n    return self.parent.execute_script(f\"/* isDisplayed */return ({isDisplayed_js}).apply(null, arguments);\", self)\n           ~~~~~~~~~~~~~~~~~~~~~~~~~~^^^^^^^^^^^^^^^^^^^^^^^^^^^^^^^^^^^^^^^^^^^^^^^^^^^^^^^^^^^^^^^^^^^^^^^^^^^^^\n  File \"/usr/local/lib/python3.13/site-packages/selenium/webdriver/remote/webdriver.py\", line 444, in execute_script\n    return self.execute(command, {\"script\": script, \"args\": converted_args})[\"value\"]\n           ~~~~~~~~~~~~^^^^^^^^^^^^^^^^^^^^^^^^^^^^^^^^^^^^^^^^^^^^^^^^^^^^^\n  File \"/usr/local/lib/python3.13/site-packages/selenium/webdriver/remote/webdriver.py\", line 384, in execute\n    self.error_handler.check_response(response)\n    ~~~~~~~~~~~~~~~~~~~~~~~~~~~~~~~~~^^^^^^^^^^\n  File \"/usr/local/lib/python3.13/site-packages/selenium/webdriver/remote/errorhandler.py\", line 232, in check_response\n    raise exception_class(message, screen, stacktrace)\n","steps":[],"attachments":[],"parameters":[{"name":"driver","value":"<selenium.webdriver.chrome.webdriver.WebDriver (session=\"63d4e669aa9d1c99954ff16f4f29c183\")>"},{"name":"db_connection","value":"<psycopg.Connection [INTRANS] (host=rc1a-8gbxfgy3ifeqz75r.mdb.yandexcloud.net port=6432 user=dyanyshev database=staging_round_confirmation) at 0x7f04846fdfd0>"}],"shouldDisplayMessage":true,"attachmentsCount":0,"stepsCount":0,"hasContent":true,"attachmentStep":false}],"attachments":[],"parameters":[],"shouldDisplayMessage":false,"attachmentsCount":0,"stepsCount":1,"hasContent":true,"attachmentStep":false}],"afterStages":[{"name":"driver::0","time":{"start":1737926968336,"stop":1737926976670,"duration":8334},"status":"passed","steps":[],"attachments":[{"uid":"c16ae4a7bda181ec","name":"page_source","source":"c16ae4a7bda181ec.html","type":"text/html","size":5004},{"uid":"ed615946136e557b","name":"screenshot","source":"ed615946136e557b.png","type":"image/png","size":27858},{"uid":"c2fbe7741ef00b11","name":"browser_logs","source":"c2fbe7741ef00b11.txt","type":"text/plain","size":4653}],"parameters":[],"shouldDisplayMessage":false,"attachmentsCount":3,"stepsCount":0,"hasContent":true,"attachmentStep":false},{"name":"Установка соединения с БД::fin","time":{"start":1737927422511,"stop":1737927422511,"duration":0},"status":"passed","steps":[],"attachments":[],"parameters":[],"shouldDisplayMessage":false,"attachmentsCount":0,"stepsCount":0,"hasContent":false,"attachmentStep":false}],"labels":[{"name":"severity","value":"Critical"},{"name":"feature","value":"Профиль другого пользователя"},{"name":"tag","value":"regression"},{"name":"tag","value":"another_users_page"},{"name":"parentSuite","value":"tests"},{"name":"suite","value":"test_another_users_page"},{"name":"subSuite","value":"TestAnotherUsersPage"},{"name":"host","value":"69e45c3075d5"},{"name":"thread","value":"1-MainThread"},{"name":"framework","value":"pytest"},{"name":"language","value":"cpython3"},{"name":"package","value":"tests.test_another_users_page"},{"name":"resultFormat","value":"allure2"}],"parameters":[],"links":[],"hidden":false,"retry":false,"extra":{"severity":"critical","retries":[],"categories":[{"name":"Test defects","matchedStatuses":[],"flaky":false}],"history":{"statistic":{"failed":0,"broken":9,"skipped":0,"passed":16,"unknown":0,"total":25},"items":[{"uid":"181013d0f446cdd7","status":"passed","time":{"start":1737842512318,"stop":1737842519021,"duration":6703}},{"uid":"2a1c1d97e38ef66d","status":"broken","statusDetails":"selenium.common.exceptions.TimeoutException: Message: Не найден элемент с локатором ('xpath', '//div[contains(@class,\"user-in-blocklist-description_container\")]')","time":{"start":1737831767048,"stop":1737831799653,"duration":32605}},{"uid":"959e11baf6e99686","status":"passed","time":{"start":1737799128954,"stop":1737799157984,"duration":29030}},{"uid":"17465fedd8fb7e09","status":"passed","time":{"start":1737757407118,"stop":1737757434921,"duration":27803}},{"uid":"677a224d0a18f2bd","status":"passed","time":{"start":1737744310124,"stop":1737744339949,"duration":29825}},{"uid":"1305394aa0df873d","status":"passed","time":{"start":1737652125483,"stop":1737652160158,"duration":34675}},{"uid":"bf9b82aabfe21f2c","status":"broken","statusDetails":"selenium.common.exceptions.TimeoutException: Message: Не найден элемент с локатором ('xpath', '//input[@name=\"nickname\"]')","time":{"start":1737569711388,"stop":1737569711388,"duration":0}},{"uid":"951bb03975e15c8b","status":"broken","statusDetails":"selenium.common.exceptions.WebDriverException: Message: unknown error: Chrome failed to start: exited abnormally.\n  (unknown error: DevToolsActivePort file doesn't exist)\n  (The process started from chrome location /usr/bin/chromium-browser is no longer running, so ChromeDriver is assuming that Chrome has crashed.)","time":{"start":1737568958523,"stop":1737568958523,"duration":0}},{"uid":"85e294af591ed51a","status":"passed","time":{"start":1734034178958,"stop":1734034186600,"duration":7642}},{"uid":"37d0d322f0faf956","status":"passed","time":{"start":1733936746979,"stop":1733936775479,"duration":28500}},{"uid":"2692978e1a464665","status":"passed","time":{"start":1733865169178,"stop":1733865175277,"duration":6099}},{"uid":"b6a0133f64de5952","status":"passed","time":{"start":1733859758695,"stop":1733859764719,"duration":6024}},{"uid":"5e8fee56a6ac3e1c","status":"passed","time":{"start":1733856426346,"stop":1733856449044,"duration":22698}},{"uid":"9adbd823694bcb1","status":"broken","statusDetails":"selenium.common.exceptions.TimeoutException: Message:","time":{"start":1733771199641,"stop":1733771242686,"duration":43045}},{"uid":"99032a774e535f37","status":"broken","statusDetails":"selenium.common.exceptions.TimeoutException: Message: Не найден элемент с локатором ('xpath', '//div[contains(@class,\"user-in-blocklist-description_container\")]')","time":{"start":1733765527046,"stop":1733765560396,"duration":33350}},{"uid":"daf54a00fa291255","status":"broken","statusDetails":"selenium.common.exceptions.TimeoutException: Message:","time":{"start":1733421323024,"stop":1733421323024,"duration":0}},{"uid":"e08535910a2fcd38","status":"broken","statusDetails":"selenium.common.exceptions.TimeoutException: Message:","time":{"start":1726779946932,"stop":1726779946932,"duration":0}},{"uid":"d577945ef7e94059","status":"broken","statusDetails":"selenium.common.exceptions.TimeoutException: Message:","time":{"start":1726776611062,"stop":1726776611062,"duration":0}},{"uid":"35ed2323917af5dc","status":"passed","time":{"start":1724098301849,"stop":1724098331415,"duration":29566}},{"uid":"2850e79190f39962","status":"passed","time":{"start":1723828441802,"stop":1723828467332,"duration":25530}}]},"tags":["regression","another_users_page"]},"source":"1b6576b51274840d.json","parameterValues":[]}