{"uid":"27a8d1978152a73d","name":"Проверка возможности отписаться","fullName":"tests.test_profile.TestProfile#test_opportunities_to_unsubscribe","historyId":"6405cb8b7e5512e7579024ee130ab35a","time":{"start":1723829359960,"stop":1723829359960,"duration":0},"description":"Перед проверкой проводится подписка на первого пользователя в списке","descriptionHtml":"<p>Перед проверкой проводится подписка на первого пользователя в списке</p>\n","status":"broken","statusMessage":"selenium.common.exceptions.TimeoutException: Message: Не найден элемент с локатором ('xpath', '//button[@class=\"button_content__7wfbm button_light__j7a6Y\"]')","statusTrace":"request = <SubRequest 'login_to_app' for <Function test_opportunities_to_unsubscribe>>\ndriver = <selenium.webdriver.chrome.webdriver.WebDriver (session=\"5a26f1b84ab3d66bade33a5f9d080bf3\")>\n\n    @pytest.fixture(scope='function')\n    @allure.title('Авторизация пользователя в системе')\n    @allure.step('Авторизация пользователя в системе')\n    def login_to_app(request, driver):\n        \"\"\" Логин в систему \"\"\"\n        login_page = ApiAuthorization(driver)\n        login_page.user(User.LOGIN, User.PASSWORD)\n>       later = login_page.find_element(config.locators.RubricPageLocators.locators['Кнопка выберу потом'])\n\nconftest.py:52: \n_ _ _ _ _ _ _ _ _ _ _ _ _ _ _ _ _ _ _ _ _ _ _ _ _ _ _ _ _ _ _ _ _ _ _ _ _ _ _ _ \nbase/base_page.py:140: in find_element\n    return self.wait.until(EC.visibility_of_element_located(locator),\n_ _ _ _ _ _ _ _ _ _ _ _ _ _ _ _ _ _ _ _ _ _ _ _ _ _ _ _ _ _ _ _ _ _ _ _ _ _ _ _ \n\nself = <selenium.webdriver.support.wait.WebDriverWait (session=\"5a26f1b84ab3d66bade33a5f9d080bf3\")>\nmethod = <function visibility_of_element_located.<locals>._predicate at 0x7fc512140400>\nmessage = 'Не найден элемент с локатором (\\'xpath\\', \\'//button[@class=\"button_content__7wfbm button_light__j7a6Y\"]\\')'\n\n    def until(self, method: Callable[[D], Union[Literal[False], T]], message: str = \"\") -> T:\n        \"\"\"Calls the method provided with the driver as an argument until the \\\n        return value does not evaluate to ``False``.\n    \n        :param method: callable(WebDriver)\n        :param message: optional message for :exc:`TimeoutException`\n        :returns: the result of the last call to `method`\n        :raises: :exc:`selenium.common.exceptions.TimeoutException` if timeout occurs\n        \"\"\"\n        screen = None\n        stacktrace = None\n    \n        end_time = time.monotonic() + self._timeout\n        while True:\n            try:\n                value = method(self._driver)\n                if value:\n                    return value\n            except self._ignored_exceptions as exc:\n                screen = getattr(exc, \"screen\", None)\n                stacktrace = getattr(exc, \"stacktrace\", None)\n            time.sleep(self._poll)\n            if time.monotonic() > end_time:\n                break\n>       raise TimeoutException(message, screen, stacktrace)\nE       selenium.common.exceptions.TimeoutException: Message: Не найден элемент с локатором ('xpath', '//button[@class=\"button_content__7wfbm button_light__j7a6Y\"]')\n\n../local/lib/python3.12/site-packages/selenium/webdriver/support/wait.py:105: TimeoutException","flaky":false,"newFailed":false,"newBroken":true,"newPassed":false,"retriesCount":0,"retriesStatusChange":false,"beforeStages":[{"name":"_session_faker","time":{"start":1723828077612,"stop":1723828077635,"duration":23},"status":"passed","steps":[],"attachments":[],"parameters":[],"shouldDisplayMessage":false,"stepsCount":0,"hasContent":false,"attachmentStep":false,"attachmentsCount":0},{"name":"driver","time":{"start":1723829359960,"stop":1723829360394,"duration":434},"status":"passed","steps":[],"attachments":[],"parameters":[],"shouldDisplayMessage":false,"stepsCount":0,"hasContent":false,"attachmentStep":false,"attachmentsCount":0},{"name":"setup","time":{"start":1723829360394,"stop":1723829360395,"duration":1},"status":"passed","steps":[],"attachments":[],"parameters":[],"shouldDisplayMessage":false,"stepsCount":0,"hasContent":false,"attachmentStep":false,"attachmentsCount":0},{"name":"Инициализация локаторов","time":{"start":1723829360395,"stop":1723829360395,"duration":0},"status":"passed","steps":[{"name":"Инициализация локаторов","time":{"start":1723829360395,"stop":1723829360395,"duration":0},"status":"passed","steps":[],"attachments":[],"parameters":[{"name":"request","value":"<SubRequest 'elements' for <Function test_opportunities_to_unsubscribe>>"}],"shouldDisplayMessage":false,"stepsCount":0,"hasContent":true,"attachmentStep":false,"attachmentsCount":0}],"attachments":[],"parameters":[],"shouldDisplayMessage":false,"stepsCount":1,"hasContent":true,"attachmentStep":false,"attachmentsCount":0},{"name":"Авторизация пользователя в системе","time":{"start":1723829360395,"stop":1723829402628,"duration":42233},"status":"broken","statusMessage":"selenium.common.exceptions.TimeoutException: Message: Не найден элемент с локатором ('xpath', '//button[@class=\"button_content__7wfbm button_light__j7a6Y\"]')\n\n","statusTrace":"  File \"/usr/local/lib/python3.12/site-packages/pluggy/_callers.py\", line 167, in _multicall\n    teardown.throw(outcome._exception)\n  File \"/usr/local/lib/python3.12/site-packages/_pytest/setuponly.py\", line 36, in pytest_fixture_setup\n    return (yield)\n            ^^^^^\n  File \"/usr/local/lib/python3.12/site-packages/pluggy/_callers.py\", line 103, in _multicall\n    res = hook_impl.function(*args)\n          ^^^^^^^^^^^^^^^^^^^^^^^^^\n  File \"/usr/local/lib/python3.12/site-packages/_pytest/fixtures.py\", line 1139, in pytest_fixture_setup\n    result = call_fixture_func(fixturefunc, request, kwargs)\n             ^^^^^^^^^^^^^^^^^^^^^^^^^^^^^^^^^^^^^^^^^^^^^^^\n  File \"/usr/local/lib/python3.12/site-packages/_pytest/fixtures.py\", line 897, in call_fixture_func\n    fixture_result = fixturefunc(**kwargs)\n                     ^^^^^^^^^^^^^^^^^^^^^\n  File \"/usr/local/lib/python3.12/site-packages/allure_commons/_allure.py\", line 192, in impl\n    return func(*a, **kw)\n           ^^^^^^^^^^^^^^\n  File \"/usr/workspace/conftest.py\", line 52, in login_to_app\n    later = login_page.find_element(config.locators.RubricPageLocators.locators['Кнопка выберу потом'])\n            ^^^^^^^^^^^^^^^^^^^^^^^^^^^^^^^^^^^^^^^^^^^^^^^^^^^^^^^^^^^^^^^^^^^^^^^^^^^^^^^^^^^^^^^^^^^\n  File \"/usr/workspace/base/base_page.py\", line 140, in find_element\n    return self.wait.until(EC.visibility_of_element_located(locator),\n           ^^^^^^^^^^^^^^^^^^^^^^^^^^^^^^^^^^^^^^^^^^^^^^^^^^^^^^^^^^\n  File \"/usr/local/lib/python3.12/site-packages/selenium/webdriver/support/wait.py\", line 105, in until\n    raise TimeoutException(message, screen, stacktrace)\n","steps":[{"name":"Авторизация пользователя в системе","time":{"start":1723829360395,"stop":1723829402627,"duration":42232},"status":"broken","statusMessage":"selenium.common.exceptions.TimeoutException: Message: Не найден элемент с локатором ('xpath', '//button[@class=\"button_content__7wfbm button_light__j7a6Y\"]')\n\n","statusTrace":"  File \"/usr/local/lib/python3.12/site-packages/allure_commons/_allure.py\", line 192, in impl\n    return func(*a, **kw)\n           ^^^^^^^^^^^^^^\n  File \"/usr/workspace/conftest.py\", line 52, in login_to_app\n    later = login_page.find_element(config.locators.RubricPageLocators.locators['Кнопка выберу потом'])\n            ^^^^^^^^^^^^^^^^^^^^^^^^^^^^^^^^^^^^^^^^^^^^^^^^^^^^^^^^^^^^^^^^^^^^^^^^^^^^^^^^^^^^^^^^^^^\n  File \"/usr/workspace/base/base_page.py\", line 140, in find_element\n    return self.wait.until(EC.visibility_of_element_located(locator),\n           ^^^^^^^^^^^^^^^^^^^^^^^^^^^^^^^^^^^^^^^^^^^^^^^^^^^^^^^^^^\n  File \"/usr/local/lib/python3.12/site-packages/selenium/webdriver/support/wait.py\", line 105, in until\n    raise TimeoutException(message, screen, stacktrace)\n","steps":[],"attachments":[],"parameters":[{"name":"request","value":"<SubRequest 'login_to_app' for <Function test_opportunities_to_unsubscribe>>"},{"name":"driver","value":"<selenium.webdriver.chrome.webdriver.WebDriver (session=\"5a26f1b84ab3d66bade33a5f9d080bf3\")>"}],"shouldDisplayMessage":true,"stepsCount":0,"hasContent":true,"attachmentStep":false,"attachmentsCount":0}],"attachments":[],"parameters":[],"shouldDisplayMessage":false,"stepsCount":1,"hasContent":true,"attachmentStep":false,"attachmentsCount":0}],"afterStages":[{"name":"driver::0","time":{"start":1723829402638,"stop":1723829402903,"duration":265},"status":"passed","steps":[],"attachments":[{"uid":"f69e57d66cde33a2","name":"page_source","source":"f69e57d66cde33a2.html","type":"text/html","size":34252},{"uid":"db68bd7b74644b12","name":"screenshot","source":"db68bd7b74644b12.png","type":"image/png","size":106202},{"uid":"f2a712b4db09c4c0","name":"browser_logs","source":"f2a712b4db09c4c0.txt","type":"text/plain","size":7545}],"parameters":[],"shouldDisplayMessage":false,"stepsCount":0,"hasContent":true,"attachmentStep":false,"attachmentsCount":3}],"labels":[{"name":"feature","value":"Профиль пользователя"},{"name":"severity","value":"Critical"},{"name":"tag","value":"regression"},{"name":"tag","value":"profile"},{"name":"parentSuite","value":"tests"},{"name":"suite","value":"test_profile"},{"name":"subSuite","value":"TestProfile"},{"name":"host","value":"1636a9d4081f"},{"name":"thread","value":"1-MainThread"},{"name":"framework","value":"pytest"},{"name":"language","value":"cpython3"},{"name":"package","value":"tests.test_profile"},{"name":"resultFormat","value":"allure2"}],"parameters":[],"links":[],"hidden":false,"retry":false,"extra":{"severity":"critical","retries":[],"categories":[{"name":"Test defects","matchedStatuses":[],"flaky":false}],"history":{"statistic":{"failed":1,"broken":2,"skipped":0,"passed":11,"unknown":0,"total":14},"items":[{"uid":"1cd716bf24ee1cc7","status":"passed","time":{"start":1723751586693,"stop":1723751593859,"duration":7166}},{"uid":"9f18d414a3514f4","status":"passed","time":{"start":1723742043265,"stop":1723742050085,"duration":6820}},{"uid":"43c98875c377bc7f","status":"broken","statusDetails":"KeyError: 'access_token'","time":{"start":1723664451997,"stop":1723664451997,"duration":0}},{"uid":"6529b9eda9efc9ff","status":"passed","time":{"start":1723579175561,"stop":1723579182513,"duration":6952}},{"uid":"27299550ff51ff48","status":"passed","time":{"start":1723496297782,"stop":1723496304832,"duration":7050}},{"uid":"b23dc5c416cdbc62","status":"passed","time":{"start":1723150154174,"stop":1723150160400,"duration":6226}},{"uid":"6f967a0c9262d76e","status":"passed","time":{"start":1723148803940,"stop":1723148810269,"duration":6329}},{"uid":"9df05fe4aa18955a","status":"passed","time":{"start":1723147074571,"stop":1723147080830,"duration":6259}},{"uid":"74db65dc58e62de4","status":"passed","time":{"start":1723065300919,"stop":1723065307184,"duration":6265}},{"uid":"5ed5fcc9703a6a55","status":"passed","time":{"start":1722976839139,"stop":1722976845441,"duration":6302}},{"uid":"784b04a311f43ed1","status":"failed","statusDetails":"AssertionError: Ожидался текст: '0', отображается текст: '3'","time":{"start":1722892064163,"stop":1722892068456,"duration":4293}},{"uid":"8b656ad38cce2b0f","status":"passed","time":{"start":1722625797814,"stop":1722625802125,"duration":4311}},{"uid":"4d9c9f024902eb73","status":"passed","time":{"start":1722546440165,"stop":1722546444484,"duration":4319}}]},"tags":["regression","profile"]},"source":"27a8d1978152a73d.json","parameterValues":[]}