{"uid":"2ed7a9e82b889d2f","name":"Проверка валидации поля никнейм при вводе менее 3 символов","fullName":"tests.test_registration.TestRegistrationUser#test_validation_of_the_nickname_field_when_entering_less_than_3_characters","historyId":"a0b2c157e61869ce22bb8f6a99e0bbb1","time":{"start":1726777430447,"stop":1726777443113,"duration":12666},"status":"broken","statusMessage":"selenium.common.exceptions.TimeoutException: Message:","statusTrace":"self = <test_registration.TestRegistrationUser object at 0x7fa195ad1550>\nelements = {'Банк ачивок': {'Блок ачивок': ('xpath', '//div[contains(@class,\"user-achievement-by-interests_container\")]'), 'Модал...-sheet_icons\")]'), 'Название ачивки': ('xpath', '//div[contains(@class,\"achievement-item-bottom-sheet_title\")]')}, ...}\n\n    @allure.title('Проверка валидации поля никнейм при вводе менее 3 символов')\n    @allure.severity('Normal')\n    @pytest.mark.regression\n    def test_validation_of_the_nickname_field_when_entering_less_than_3_characters(self, elements):\n        with allure.step('Открыть страницу регистрации'):\n            self.authorization_page.open()\n            element = elements['Страница авторизации']\n    \n        with allure.step('Нажать кнопку \"По смс (Для России)\"'):\n>           self.authorization_page.do_click(element['Кнопка по смс'])\n\ntests/test_registration.py:106: \n_ _ _ _ _ _ _ _ _ _ _ _ _ _ _ _ _ _ _ _ _ _ _ _ _ _ _ _ _ _ _ _ _ _ _ _ _ _ _ _ \nbase/base_page.py:75: in do_click\n    elem = WebDriverWait(self.driver, wait_time).until(EC.element_to_be_clickable(locator))\n_ _ _ _ _ _ _ _ _ _ _ _ _ _ _ _ _ _ _ _ _ _ _ _ _ _ _ _ _ _ _ _ _ _ _ _ _ _ _ _ \n\nself = <selenium.webdriver.support.wait.WebDriverWait (session=\"36333bce038db3bca3f7d860b2e42d19\")>\nmethod = <function element_to_be_clickable.<locals>._predicate at 0x7fa19656c2c0>\nmessage = ''\n\n    def until(self, method: Callable[[D], Union[Literal[False], T]], message: str = \"\") -> T:\n        \"\"\"Calls the method provided with the driver as an argument until the \\\n        return value does not evaluate to ``False``.\n    \n        :param method: callable(WebDriver)\n        :param message: optional message for :exc:`TimeoutException`\n        :returns: the result of the last call to `method`\n        :raises: :exc:`selenium.common.exceptions.TimeoutException` if timeout occurs\n        \"\"\"\n        screen = None\n        stacktrace = None\n    \n        end_time = time.monotonic() + self._timeout\n        while True:\n            try:\n                value = method(self._driver)\n                if value:\n                    return value\n            except self._ignored_exceptions as exc:\n                screen = getattr(exc, \"screen\", None)\n                stacktrace = getattr(exc, \"stacktrace\", None)\n            time.sleep(self._poll)\n            if time.monotonic() > end_time:\n                break\n>       raise TimeoutException(message, screen, stacktrace)\nE       selenium.common.exceptions.TimeoutException: Message:\n\n../local/lib/python3.12/site-packages/selenium/webdriver/support/wait.py:105: TimeoutException","flaky":false,"newFailed":false,"newBroken":true,"newPassed":false,"retriesCount":0,"retriesStatusChange":false,"beforeStages":[{"name":"_session_faker","time":{"start":1726776348984,"stop":1726776349004,"duration":20},"status":"passed","steps":[],"attachments":[],"parameters":[],"shouldDisplayMessage":false,"attachmentsCount":0,"stepsCount":0,"hasContent":false,"attachmentStep":false},{"name":"driver","time":{"start":1726777430031,"stop":1726777430447,"duration":416},"status":"passed","steps":[],"attachments":[],"parameters":[],"shouldDisplayMessage":false,"attachmentsCount":0,"stepsCount":0,"hasContent":false,"attachmentStep":false},{"name":"setup","time":{"start":1726777430447,"stop":1726777430447,"duration":0},"status":"passed","steps":[],"attachments":[],"parameters":[],"shouldDisplayMessage":false,"attachmentsCount":0,"stepsCount":0,"hasContent":false,"attachmentStep":false},{"name":"Инициализация локаторов","time":{"start":1726777430447,"stop":1726777430447,"duration":0},"status":"passed","steps":[{"name":"Инициализация локаторов","time":{"start":1726777430447,"stop":1726777430447,"duration":0},"status":"passed","steps":[],"attachments":[],"parameters":[{"name":"request","value":"<SubRequest 'elements' for <Function test_validation_of_the_nickname_field_when_entering_less_than_3_characters>>"}],"shouldDisplayMessage":false,"attachmentsCount":0,"stepsCount":0,"hasContent":true,"attachmentStep":false}],"attachments":[],"parameters":[],"shouldDisplayMessage":false,"attachmentsCount":0,"stepsCount":1,"hasContent":true,"attachmentStep":false}],"testStage":{"status":"broken","statusMessage":"selenium.common.exceptions.TimeoutException: Message:","statusTrace":"self = <test_registration.TestRegistrationUser object at 0x7fa195ad1550>\nelements = {'Банк ачивок': {'Блок ачивок': ('xpath', '//div[contains(@class,\"user-achievement-by-interests_container\")]'), 'Модал...-sheet_icons\")]'), 'Название ачивки': ('xpath', '//div[contains(@class,\"achievement-item-bottom-sheet_title\")]')}, ...}\n\n    @allure.title('Проверка валидации поля никнейм при вводе менее 3 символов')\n    @allure.severity('Normal')\n    @pytest.mark.regression\n    def test_validation_of_the_nickname_field_when_entering_less_than_3_characters(self, elements):\n        with allure.step('Открыть страницу регистрации'):\n            self.authorization_page.open()\n            element = elements['Страница авторизации']\n    \n        with allure.step('Нажать кнопку \"По смс (Для России)\"'):\n>           self.authorization_page.do_click(element['Кнопка по смс'])\n\ntests/test_registration.py:106: \n_ _ _ _ _ _ _ _ _ _ _ _ _ _ _ _ _ _ _ _ _ _ _ _ _ _ _ _ _ _ _ _ _ _ _ _ _ _ _ _ \nbase/base_page.py:75: in do_click\n    elem = WebDriverWait(self.driver, wait_time).until(EC.element_to_be_clickable(locator))\n_ _ _ _ _ _ _ _ _ _ _ _ _ _ _ _ _ _ _ _ _ _ _ _ _ _ _ _ _ _ _ _ _ _ _ _ _ _ _ _ \n\nself = <selenium.webdriver.support.wait.WebDriverWait (session=\"36333bce038db3bca3f7d860b2e42d19\")>\nmethod = <function element_to_be_clickable.<locals>._predicate at 0x7fa19656c2c0>\nmessage = ''\n\n    def until(self, method: Callable[[D], Union[Literal[False], T]], message: str = \"\") -> T:\n        \"\"\"Calls the method provided with the driver as an argument until the \\\n        return value does not evaluate to ``False``.\n    \n        :param method: callable(WebDriver)\n        :param message: optional message for :exc:`TimeoutException`\n        :returns: the result of the last call to `method`\n        :raises: :exc:`selenium.common.exceptions.TimeoutException` if timeout occurs\n        \"\"\"\n        screen = None\n        stacktrace = None\n    \n        end_time = time.monotonic() + self._timeout\n        while True:\n            try:\n                value = method(self._driver)\n                if value:\n                    return value\n            except self._ignored_exceptions as exc:\n                screen = getattr(exc, \"screen\", None)\n                stacktrace = getattr(exc, \"stacktrace\", None)\n            time.sleep(self._poll)\n            if time.monotonic() > end_time:\n                break\n>       raise TimeoutException(message, screen, stacktrace)\nE       selenium.common.exceptions.TimeoutException: Message:\n\n../local/lib/python3.12/site-packages/selenium/webdriver/support/wait.py:105: TimeoutException","steps":[{"name":"Открыть страницу регистрации","time":{"start":1726777430447,"stop":1726777432717,"duration":2270},"status":"passed","steps":[],"attachments":[],"parameters":[],"shouldDisplayMessage":false,"attachmentsCount":0,"stepsCount":0,"hasContent":false,"attachmentStep":false},{"name":"Нажать кнопку \"По смс (Для России)\"","time":{"start":1726777432717,"stop":1726777443113,"duration":10396},"status":"broken","statusMessage":"selenium.common.exceptions.TimeoutException: Message: \n\n","statusTrace":"  File \"/usr/workspace/tests/test_registration.py\", line 106, in test_validation_of_the_nickname_field_when_entering_less_than_3_characters\n    self.authorization_page.do_click(element['Кнопка по смс'])\n  File \"/usr/workspace/base/base_page.py\", line 75, in do_click\n    elem = WebDriverWait(self.driver, wait_time).until(EC.element_to_be_clickable(locator))\n           ^^^^^^^^^^^^^^^^^^^^^^^^^^^^^^^^^^^^^^^^^^^^^^^^^^^^^^^^^^^^^^^^^^^^^^^^^^^^^^^^\n  File \"/usr/local/lib/python3.12/site-packages/selenium/webdriver/support/wait.py\", line 105, in until\n    raise TimeoutException(message, screen, stacktrace)\n","steps":[],"attachments":[],"parameters":[],"shouldDisplayMessage":true,"attachmentsCount":0,"stepsCount":0,"hasContent":true,"attachmentStep":false}],"attachments":[],"parameters":[],"shouldDisplayMessage":true,"attachmentsCount":0,"stepsCount":2,"hasContent":true,"attachmentStep":false},"afterStages":[{"name":"driver::0","time":{"start":1726777443129,"stop":1726777443311,"duration":182},"status":"passed","steps":[],"attachments":[{"uid":"def698f91a1e7d1d","name":"page_source","source":"def698f91a1e7d1d.html","type":"text/html","size":20324},{"uid":"fca7fad343be6a39","name":"screenshot","source":"fca7fad343be6a39.png","type":"image/png","size":32088},{"uid":"ac803be68a80c3d6","name":"browser_logs","source":"ac803be68a80c3d6.txt","type":"text/plain","size":1100}],"parameters":[],"shouldDisplayMessage":false,"attachmentsCount":3,"stepsCount":0,"hasContent":true,"attachmentStep":false}],"labels":[{"name":"feature","value":"Регистрация пользователя"},{"name":"severity","value":"Normal"},{"name":"tag","value":"regression"},{"name":"tag","value":"registration"},{"name":"parentSuite","value":"tests"},{"name":"suite","value":"test_registration"},{"name":"subSuite","value":"TestRegistrationUser"},{"name":"host","value":"b8c274508a65"},{"name":"thread","value":"1-MainThread"},{"name":"framework","value":"pytest"},{"name":"language","value":"cpython3"},{"name":"package","value":"tests.test_registration"},{"name":"resultFormat","value":"allure2"}],"parameters":[],"links":[],"hidden":false,"retry":false,"extra":{"severity":"normal","retries":[],"categories":[{"name":"Test defects","matchedStatuses":[],"flaky":false}],"history":{"statistic":{"failed":1,"broken":1,"skipped":0,"passed":41,"unknown":0,"total":43},"items":[{"uid":"5d81d4d261584945","status":"passed","time":{"start":1724099155699,"stop":1724099161949,"duration":6250}},{"uid":"464598b33206a937","status":"passed","time":{"start":1723829487258,"stop":1723829493570,"duration":6312}},{"uid":"dc612c7c65707cb9","status":"passed","time":{"start":1723751642286,"stop":1723751647645,"duration":5359}},{"uid":"e2574c9edd6c3873","status":"passed","time":{"start":1723742098261,"stop":1723742103723,"duration":5462}},{"uid":"ed0d08aec96a42ad","status":"passed","time":{"start":1723664475839,"stop":1723664481300,"duration":5461}},{"uid":"b0c98a9866d37aa8","status":"passed","time":{"start":1723579234680,"stop":1723579241085,"duration":6405}},{"uid":"4869294dfea752a0","status":"passed","time":{"start":1723496409507,"stop":1723496414552,"duration":5045}},{"uid":"677da770f99ca7bc","status":"passed","time":{"start":1723150206716,"stop":1723150212743,"duration":6027}},{"uid":"e73eeee9b0b135c","status":"passed","time":{"start":1723148888995,"stop":1723148894987,"duration":5992}},{"uid":"aeb47f359d064b64","status":"passed","time":{"start":1723147127809,"stop":1723147134013,"duration":6204}},{"uid":"fa2e9c587c88eabd","status":"passed","time":{"start":1723065355801,"stop":1723065362018,"duration":6217}},{"uid":"ddc7b5e6bc82cbb6","status":"passed","time":{"start":1722976893677,"stop":1722976900058,"duration":6381}},{"uid":"51a861bf715f02d9","status":"passed","time":{"start":1722892121038,"stop":1722892128731,"duration":7693}},{"uid":"93442093767427c3","status":"passed","time":{"start":1722625824233,"stop":1722625832018,"duration":7785}},{"uid":"947a229440f869ff","status":"passed","time":{"start":1722546467045,"stop":1722546474490,"duration":7445}},{"uid":"79d9726d218291d1","status":"passed","time":{"start":1722370207312,"stop":1722370215443,"duration":8131}},{"uid":"a4880adb079681f0","status":"passed","time":{"start":1722283281087,"stop":1722283287617,"duration":6530}},{"uid":"3f6b18d7c0ccb520","status":"passed","time":{"start":1722018325877,"stop":1722018332277,"duration":6400}},{"uid":"e2d465d92ea1c3da","status":"passed","time":{"start":1721942706788,"stop":1721942713534,"duration":6746}},{"uid":"b42e199e1376d9e4","status":"passed","time":{"start":1721850805194,"stop":1721850812310,"duration":7116}}]},"tags":["regression","registration"]},"source":"2ed7a9e82b889d2f.json","parameterValues":[]}