{"uid":"2f632e38459b092b","name":"Проверка получения СМС с кодом подтверждения регистрации","fullName":"tests.test_registration.TestRegistrationUser#test_receiving_sms_with_registration_confirmation_code","historyId":"c21c66f75966c5e549a12c63349f9cf5","time":{"start":1721668599442,"stop":1721668636052,"duration":36610},"status":"broken","statusMessage":"selenium.common.exceptions.TimeoutException: Message: Не найден элемент с локатором ('xpath', '//input[@name=\"password\"]')","statusTrace":"self = <test_registration.TestRegistrationUser object at 0x7f3627769100>\nelements = {'Панель навигации': {'Кнопка главная': ('xpath', '//a[@href=\"/\"]'), 'Кнопка лента': ('xpath', '//a[@href=\"/feed\"]'), ..., 'Кнопка запросить код еще раз': ('xpath', '//button[@class=\"button_content__7wfbm button_light__j7a6Y\"]'), ...}, ...}\n\n    @allure.title('Проверка получения СМС с кодом подтверждения регистрации')\n    @allure.severity('Critical')\n    @pytest.mark.regression\n    def test_receiving_sms_with_registration_confirmation_code(self, elements):\n        with allure.step('Открыть страницу авторизации'):\n            self.authorization_page.open()\n            element = elements['Страница авторизации']\n    \n        with allure.step('Нажать кнопку \"По смс (Для России)\"'):\n            self.authorization_page.do_click(element['Кнопка по смс'])\n    \n        with allure.step('Нажать кнопку Далее'):\n            element = elements['Страница регистрации']\n            self.join_page.do_click(element['Кнопка далее'])\n    \n        with allure.step('В поле никнейм ввести любое валидное значение'):\n            username = f'-{fake.user_name()}.{fake.pyint(min_value=1, max_value=2)}_'\n            self.join_page.field_send_keys(element['Поле никнейм'], text=f'{username}')\n    \n        with allure.step('Нажать кнопку Далее'):\n            self.join_page.do_click(element['Кнопка далее'])\n    \n        with allure.step('В поле Пароль ввести пароль'):\n>           self.join_page.field_send_keys(element['Поле пароль'], text=self.User.PASSWORD)\n\ntests/test_registration.py:261: \n_ _ _ _ _ _ _ _ _ _ _ _ _ _ _ _ _ _ _ _ _ _ _ _ _ _ _ _ _ _ _ _ _ _ _ _ _ _ _ _ \nbase/base_page.py:75: in field_send_keys\n    element = self.find_element(locator)\nbase/base_page.py:87: in find_element\n    return self.wait.until(EC.visibility_of_element_located(locator),\n_ _ _ _ _ _ _ _ _ _ _ _ _ _ _ _ _ _ _ _ _ _ _ _ _ _ _ _ _ _ _ _ _ _ _ _ _ _ _ _ \n\nself = <selenium.webdriver.support.wait.WebDriverWait (session=\"85556ef6a3a2bf4d0eafaaf2c5b266f8\")>\nmethod = <function visibility_of_element_located.<locals>._predicate at 0x7f3623c4c900>\nmessage = 'Не найден элемент с локатором (\\'xpath\\', \\'//input[@name=\"password\"]\\')'\n\n    def until(self, method: Callable[[D], Union[Literal[False], T]], message: str = \"\") -> T:\n        \"\"\"Calls the method provided with the driver as an argument until the \\\n        return value does not evaluate to ``False``.\n    \n        :param method: callable(WebDriver)\n        :param message: optional message for :exc:`TimeoutException`\n        :returns: the result of the last call to `method`\n        :raises: :exc:`selenium.common.exceptions.TimeoutException` if timeout occurs\n        \"\"\"\n        screen = None\n        stacktrace = None\n    \n        end_time = time.monotonic() + self._timeout\n        while True:\n            try:\n                value = method(self._driver)\n                if value:\n                    return value\n            except self._ignored_exceptions as exc:\n                screen = getattr(exc, \"screen\", None)\n                stacktrace = getattr(exc, \"stacktrace\", None)\n            time.sleep(self._poll)\n            if time.monotonic() > end_time:\n                break\n>       raise TimeoutException(message, screen, stacktrace)\nE       selenium.common.exceptions.TimeoutException: Message: Не найден элемент с локатором ('xpath', '//input[@name=\"password\"]')\n\n../local/lib/python3.12/site-packages/selenium/webdriver/support/wait.py:105: TimeoutException","flaky":false,"newFailed":false,"newBroken":true,"newPassed":false,"retriesCount":0,"retriesStatusChange":false,"beforeStages":[{"name":"_session_faker","time":{"start":1721668465746,"stop":1721668465766,"duration":20},"status":"passed","steps":[],"attachments":[],"parameters":[],"shouldDisplayMessage":false,"attachmentsCount":0,"stepsCount":0,"hasContent":false,"attachmentStep":false},{"name":"driver","time":{"start":1721668599010,"stop":1721668599441,"duration":431},"status":"passed","steps":[],"attachments":[],"parameters":[],"shouldDisplayMessage":false,"attachmentsCount":0,"stepsCount":0,"hasContent":false,"attachmentStep":false},{"name":"setup","time":{"start":1721668599441,"stop":1721668599442,"duration":1},"status":"passed","steps":[],"attachments":[],"parameters":[],"shouldDisplayMessage":false,"attachmentsCount":0,"stepsCount":0,"hasContent":false,"attachmentStep":false},{"name":"elements","time":{"start":1721668599442,"stop":1721668599442,"duration":0},"status":"passed","steps":[],"attachments":[],"parameters":[],"shouldDisplayMessage":false,"attachmentsCount":0,"stepsCount":0,"hasContent":false,"attachmentStep":false}],"testStage":{"status":"broken","statusMessage":"selenium.common.exceptions.TimeoutException: Message: Не найден элемент с локатором ('xpath', '//input[@name=\"password\"]')","statusTrace":"self = <test_registration.TestRegistrationUser object at 0x7f3627769100>\nelements = {'Панель навигации': {'Кнопка главная': ('xpath', '//a[@href=\"/\"]'), 'Кнопка лента': ('xpath', '//a[@href=\"/feed\"]'), ..., 'Кнопка запросить код еще раз': ('xpath', '//button[@class=\"button_content__7wfbm button_light__j7a6Y\"]'), ...}, ...}\n\n    @allure.title('Проверка получения СМС с кодом подтверждения регистрации')\n    @allure.severity('Critical')\n    @pytest.mark.regression\n    def test_receiving_sms_with_registration_confirmation_code(self, elements):\n        with allure.step('Открыть страницу авторизации'):\n            self.authorization_page.open()\n            element = elements['Страница авторизации']\n    \n        with allure.step('Нажать кнопку \"По смс (Для России)\"'):\n            self.authorization_page.do_click(element['Кнопка по смс'])\n    \n        with allure.step('Нажать кнопку Далее'):\n            element = elements['Страница регистрации']\n            self.join_page.do_click(element['Кнопка далее'])\n    \n        with allure.step('В поле никнейм ввести любое валидное значение'):\n            username = f'-{fake.user_name()}.{fake.pyint(min_value=1, max_value=2)}_'\n            self.join_page.field_send_keys(element['Поле никнейм'], text=f'{username}')\n    \n        with allure.step('Нажать кнопку Далее'):\n            self.join_page.do_click(element['Кнопка далее'])\n    \n        with allure.step('В поле Пароль ввести пароль'):\n>           self.join_page.field_send_keys(element['Поле пароль'], text=self.User.PASSWORD)\n\ntests/test_registration.py:261: \n_ _ _ _ _ _ _ _ _ _ _ _ _ _ _ _ _ _ _ _ _ _ _ _ _ _ _ _ _ _ _ _ _ _ _ _ _ _ _ _ \nbase/base_page.py:75: in field_send_keys\n    element = self.find_element(locator)\nbase/base_page.py:87: in find_element\n    return self.wait.until(EC.visibility_of_element_located(locator),\n_ _ _ _ _ _ _ _ _ _ _ _ _ _ _ _ _ _ _ _ _ _ _ _ _ _ _ _ _ _ _ _ _ _ _ _ _ _ _ _ \n\nself = <selenium.webdriver.support.wait.WebDriverWait (session=\"85556ef6a3a2bf4d0eafaaf2c5b266f8\")>\nmethod = <function visibility_of_element_located.<locals>._predicate at 0x7f3623c4c900>\nmessage = 'Не найден элемент с локатором (\\'xpath\\', \\'//input[@name=\"password\"]\\')'\n\n    def until(self, method: Callable[[D], Union[Literal[False], T]], message: str = \"\") -> T:\n        \"\"\"Calls the method provided with the driver as an argument until the \\\n        return value does not evaluate to ``False``.\n    \n        :param method: callable(WebDriver)\n        :param message: optional message for :exc:`TimeoutException`\n        :returns: the result of the last call to `method`\n        :raises: :exc:`selenium.common.exceptions.TimeoutException` if timeout occurs\n        \"\"\"\n        screen = None\n        stacktrace = None\n    \n        end_time = time.monotonic() + self._timeout\n        while True:\n            try:\n                value = method(self._driver)\n                if value:\n                    return value\n            except self._ignored_exceptions as exc:\n                screen = getattr(exc, \"screen\", None)\n                stacktrace = getattr(exc, \"stacktrace\", None)\n            time.sleep(self._poll)\n            if time.monotonic() > end_time:\n                break\n>       raise TimeoutException(message, screen, stacktrace)\nE       selenium.common.exceptions.TimeoutException: Message: Не найден элемент с локатором ('xpath', '//input[@name=\"password\"]')\n\n../local/lib/python3.12/site-packages/selenium/webdriver/support/wait.py:105: TimeoutException","steps":[{"name":"Открыть страницу авторизации","time":{"start":1721668599442,"stop":1721668601221,"duration":1779},"status":"passed","steps":[],"attachments":[],"parameters":[],"shouldDisplayMessage":false,"attachmentsCount":0,"stepsCount":0,"hasContent":false,"attachmentStep":false},{"name":"Нажать кнопку \"По смс (Для России)\"","time":{"start":1721668601221,"stop":1721668602775,"duration":1554},"status":"passed","steps":[],"attachments":[],"parameters":[],"shouldDisplayMessage":false,"attachmentsCount":0,"stepsCount":0,"hasContent":false,"attachmentStep":false},{"name":"Нажать кнопку Далее","time":{"start":1721668602775,"stop":1721668604323,"duration":1548},"status":"passed","steps":[],"attachments":[],"parameters":[],"shouldDisplayMessage":false,"attachmentsCount":0,"stepsCount":0,"hasContent":false,"attachmentStep":false},{"name":"В поле никнейм ввести любое валидное значение","time":{"start":1721668604323,"stop":1721668605900,"duration":1577},"status":"passed","steps":[],"attachments":[],"parameters":[],"shouldDisplayMessage":false,"attachmentsCount":0,"stepsCount":0,"hasContent":false,"attachmentStep":false},{"name":"Нажать кнопку Далее","time":{"start":1721668605900,"stop":1721668605936,"duration":36},"status":"passed","steps":[],"attachments":[],"parameters":[],"shouldDisplayMessage":false,"attachmentsCount":0,"stepsCount":0,"hasContent":false,"attachmentStep":false},{"name":"В поле Пароль ввести пароль","time":{"start":1721668605936,"stop":1721668636052,"duration":30116},"status":"broken","statusMessage":"selenium.common.exceptions.TimeoutException: Message: Не найден элемент с локатором ('xpath', '//input[@name=\"password\"]')\n\n","statusTrace":"  File \"/usr/workspace/tests/test_registration.py\", line 261, in test_receiving_sms_with_registration_confirmation_code\n    self.join_page.field_send_keys(element['Поле пароль'], text=self.User.PASSWORD)\n  File \"/usr/workspace/base/base_page.py\", line 75, in field_send_keys\n    element = self.find_element(locator)\n              ^^^^^^^^^^^^^^^^^^^^^^^^^^\n  File \"/usr/workspace/base/base_page.py\", line 87, in find_element\n    return self.wait.until(EC.visibility_of_element_located(locator),\n           ^^^^^^^^^^^^^^^^^^^^^^^^^^^^^^^^^^^^^^^^^^^^^^^^^^^^^^^^^^\n  File \"/usr/local/lib/python3.12/site-packages/selenium/webdriver/support/wait.py\", line 105, in until\n    raise TimeoutException(message, screen, stacktrace)\n","steps":[],"attachments":[],"parameters":[],"shouldDisplayMessage":true,"attachmentsCount":0,"stepsCount":0,"hasContent":true,"attachmentStep":false}],"attachments":[],"parameters":[],"shouldDisplayMessage":true,"attachmentsCount":0,"stepsCount":6,"hasContent":true,"attachmentStep":false},"afterStages":[{"name":"driver::0","time":{"start":1721668636068,"stop":1721668636258,"duration":190},"status":"passed","steps":[],"attachments":[{"uid":"cdfa5b588204ff34","name":"page_source","source":"cdfa5b588204ff34.html","type":"text/html","size":17621},{"uid":"d199ee4e6be12357","name":"screenshot","source":"d199ee4e6be12357.png","type":"image/png","size":31587},{"uid":"58d27facc61bd10a","name":"browser_logs","source":"58d27facc61bd10a.txt","type":"text/plain","size":2199}],"parameters":[],"shouldDisplayMessage":false,"attachmentsCount":3,"stepsCount":0,"hasContent":true,"attachmentStep":false}],"labels":[{"name":"feature","value":"Регистрация пользователя"},{"name":"severity","value":"Critical"},{"name":"tag","value":"regression"},{"name":"parentSuite","value":"tests"},{"name":"suite","value":"test_registration"},{"name":"subSuite","value":"TestRegistrationUser"},{"name":"host","value":"e08606e299a2"},{"name":"thread","value":"1-MainThread"},{"name":"framework","value":"pytest"},{"name":"language","value":"cpython3"},{"name":"package","value":"tests.test_registration"},{"name":"resultFormat","value":"allure2"}],"parameters":[],"links":[],"hidden":false,"retry":false,"extra":{"severity":"critical","retries":[],"categories":[{"name":"Test defects","matchedStatuses":[],"flaky":false}],"history":{"statistic":{"failed":0,"broken":3,"skipped":0,"passed":10,"unknown":0,"total":13},"items":[{"uid":"87ae11706f3b7474","status":"passed","time":{"start":1720802799490,"stop":1720802813809,"duration":14319}},{"uid":"6c67b26eb499de24","status":"passed","time":{"start":1720800508986,"stop":1720800521744,"duration":12758}},{"uid":"68fa2b54fc32eebb","status":"broken","statusDetails":"selenium.common.exceptions.TimeoutException: Message: Не найден элемент с локатором ('xpath', '//input[@name=\"password\"]')","time":{"start":1720730149297,"stop":1720730185981,"duration":36684}},{"uid":"22c5dd639d413055","status":"passed","time":{"start":1720638966803,"stop":1720638980503,"duration":13700}},{"uid":"500cebfa2d09f7bd","status":"passed","time":{"start":1720637791287,"stop":1720637806906,"duration":15619}},{"uid":"db0a210b4215faa8","status":"passed","time":{"start":1720637366122,"stop":1720637378889,"duration":12767}},{"uid":"ba554edc90a5e771","status":"passed","time":{"start":1720553962289,"stop":1720553978043,"duration":15754}},{"uid":"b4052c83f7c24872","status":"passed","time":{"start":1720551886443,"stop":1720551899736,"duration":13293}},{"uid":"9a446809a3c36d69","status":"passed","time":{"start":1720551421793,"stop":1720551434276,"duration":12483}},{"uid":"9c14b608b79a3c19","status":"passed","time":{"start":1720546306576,"stop":1720546319284,"duration":12708}},{"uid":"c507f70a544beb24","status":"broken","statusDetails":"selenium.common.exceptions.TimeoutException: Message: Не найден элемент с локатором ('xpath', '//input[@name=\"password\"]')","time":{"start":1720470672671,"stop":1720470709479,"duration":36808}},{"uid":"e679664c3fb1fcf9","status":"passed","time":{"start":1720469458239,"stop":1720469473448,"duration":15209}}]},"tags":["regression"]},"source":"2f632e38459b092b.json","parameterValues":[]}