{"uid":"336198d63bbf66a4","name":"Проверка при нажатии в поп ап Пригласить друга открывается страница приглашения","fullName":"tests.test_menu_profile.TestMenuProfile#test_pop_up_menu_click_button_invite_friend","historyId":"26c70491cacdc77fc4f263b90135fa74","time":{"start":1733771860917,"stop":1733771860917,"duration":0},"description":"Проверяется на пользователе Aleska","descriptionHtml":"<p>Проверяется на пользователе Aleska</p>\n","status":"broken","statusMessage":"selenium.common.exceptions.TimeoutException: Message: Не найден элемент с локатором ('xpath', '//button[@data-testing=\"after_register_dialog__btn_choose_later\"]')","statusTrace":"request = <SubRequest 'login_to_app' for <Function test_pop_up_menu_click_button_invite_friend>>\ndriver = <selenium.webdriver.chrome.webdriver.WebDriver (session=\"aeaabca413dae36e035efc7a9f2e2907\")>\n\n    @pytest.fixture(scope='function')\n    @allure.title('Авторизация пользователя в системе')\n    @allure.step('Авторизация пользователя в системе')\n    def login_to_app(request, driver):\n        \"\"\" Логин в систему \"\"\"\n        login_page = ApiAuthorization(driver)\n        login_page.user(User.LOGIN, User.PASSWORD)\n>       later = login_page.find_element(config.locators.RubricPageLocators.locators['Кнопка выберу потом'])\n\nconftest.py:52: \n_ _ _ _ _ _ _ _ _ _ _ _ _ _ _ _ _ _ _ _ _ _ _ _ _ _ _ _ _ _ _ _ _ _ _ _ _ _ _ _ \nbase/base_page.py:140: in find_element\n    return self.wait.until(EC.visibility_of_element_located(locator),\n_ _ _ _ _ _ _ _ _ _ _ _ _ _ _ _ _ _ _ _ _ _ _ _ _ _ _ _ _ _ _ _ _ _ _ _ _ _ _ _ \n\nself = <selenium.webdriver.support.wait.WebDriverWait (session=\"aeaabca413dae36e035efc7a9f2e2907\")>\nmethod = <function visibility_of_element_located.<locals>._predicate at 0x7f73fea6e3e0>\nmessage = 'Не найден элемент с локатором (\\'xpath\\', \\'//button[@data-testing=\"after_register_dialog__btn_choose_later\"]\\')'\n\n    def until(self, method: Callable[[D], Union[Literal[False], T]], message: str = \"\") -> T:\n        \"\"\"Calls the method provided with the driver as an argument until the \\\n        return value does not evaluate to ``False``.\n    \n        :param method: callable(WebDriver)\n        :param message: optional message for :exc:`TimeoutException`\n        :returns: the result of the last call to `method`\n        :raises: :exc:`selenium.common.exceptions.TimeoutException` if timeout occurs\n        \"\"\"\n        screen = None\n        stacktrace = None\n    \n        end_time = time.monotonic() + self._timeout\n        while True:\n            try:\n                value = method(self._driver)\n                if value:\n                    return value\n            except self._ignored_exceptions as exc:\n                screen = getattr(exc, \"screen\", None)\n                stacktrace = getattr(exc, \"stacktrace\", None)\n            if time.monotonic() > end_time:\n                break\n            time.sleep(self._poll)\n>       raise TimeoutException(message, screen, stacktrace)\nE       selenium.common.exceptions.TimeoutException: Message: Не найден элемент с локатором ('xpath', '//button[@data-testing=\"after_register_dialog__btn_choose_later\"]')\n\n../local/lib/python3.12/site-packages/selenium/webdriver/support/wait.py:105: TimeoutException","flaky":false,"newFailed":false,"newBroken":true,"newPassed":false,"retriesCount":0,"retriesStatusChange":false,"beforeStages":[{"name":"_session_faker","time":{"start":1733770821274,"stop":1733770821276,"duration":2},"status":"passed","steps":[],"attachments":[],"parameters":[],"shouldDisplayMessage":false,"attachmentsCount":0,"stepsCount":0,"hasContent":false,"attachmentStep":false},{"name":"driver","time":{"start":1733771860918,"stop":1733771861354,"duration":436},"status":"passed","steps":[],"attachments":[],"parameters":[],"shouldDisplayMessage":false,"attachmentsCount":0,"stepsCount":0,"hasContent":false,"attachmentStep":false},{"name":"setup","time":{"start":1733771861354,"stop":1733771861354,"duration":0},"status":"passed","steps":[],"attachments":[],"parameters":[],"shouldDisplayMessage":false,"attachmentsCount":0,"stepsCount":0,"hasContent":false,"attachmentStep":false},{"name":"Авторизация пользователя в системе","time":{"start":1733771861354,"stop":1733771895861,"duration":34507},"status":"broken","statusMessage":"selenium.common.exceptions.TimeoutException: Message: Не найден элемент с локатором ('xpath', '//button[@data-testing=\"after_register_dialog__btn_choose_later\"]')\n\n","statusTrace":"  File \"/usr/local/lib/python3.12/site-packages/pluggy/_callers.py\", line 167, in _multicall\n    teardown.throw(outcome._exception)\n  File \"/usr/local/lib/python3.12/site-packages/_pytest/setuponly.py\", line 36, in pytest_fixture_setup\n    return (yield)\n            ^^^^^\n  File \"/usr/local/lib/python3.12/site-packages/pluggy/_callers.py\", line 103, in _multicall\n    res = hook_impl.function(*args)\n          ^^^^^^^^^^^^^^^^^^^^^^^^^\n  File \"/usr/local/lib/python3.12/site-packages/_pytest/fixtures.py\", line 1140, in pytest_fixture_setup\n    result = call_fixture_func(fixturefunc, request, kwargs)\n             ^^^^^^^^^^^^^^^^^^^^^^^^^^^^^^^^^^^^^^^^^^^^^^^\n  File \"/usr/local/lib/python3.12/site-packages/_pytest/fixtures.py\", line 898, in call_fixture_func\n    fixture_result = fixturefunc(**kwargs)\n                     ^^^^^^^^^^^^^^^^^^^^^\n  File \"/usr/local/lib/python3.12/site-packages/allure_commons/_allure.py\", line 192, in impl\n    return func(*a, **kw)\n           ^^^^^^^^^^^^^^\n  File \"/usr/workspace/conftest.py\", line 52, in login_to_app\n    later = login_page.find_element(config.locators.RubricPageLocators.locators['Кнопка выберу потом'])\n            ^^^^^^^^^^^^^^^^^^^^^^^^^^^^^^^^^^^^^^^^^^^^^^^^^^^^^^^^^^^^^^^^^^^^^^^^^^^^^^^^^^^^^^^^^^^\n  File \"/usr/workspace/base/base_page.py\", line 140, in find_element\n    return self.wait.until(EC.visibility_of_element_located(locator),\n           ^^^^^^^^^^^^^^^^^^^^^^^^^^^^^^^^^^^^^^^^^^^^^^^^^^^^^^^^^^\n  File \"/usr/local/lib/python3.12/site-packages/selenium/webdriver/support/wait.py\", line 105, in until\n    raise TimeoutException(message, screen, stacktrace)\n","steps":[{"name":"Авторизация пользователя в системе","time":{"start":1733771861355,"stop":1733771895861,"duration":34506},"status":"broken","statusMessage":"selenium.common.exceptions.TimeoutException: Message: Не найден элемент с локатором ('xpath', '//button[@data-testing=\"after_register_dialog__btn_choose_later\"]')\n\n","statusTrace":"  File \"/usr/local/lib/python3.12/site-packages/allure_commons/_allure.py\", line 192, in impl\n    return func(*a, **kw)\n           ^^^^^^^^^^^^^^\n  File \"/usr/workspace/conftest.py\", line 52, in login_to_app\n    later = login_page.find_element(config.locators.RubricPageLocators.locators['Кнопка выберу потом'])\n            ^^^^^^^^^^^^^^^^^^^^^^^^^^^^^^^^^^^^^^^^^^^^^^^^^^^^^^^^^^^^^^^^^^^^^^^^^^^^^^^^^^^^^^^^^^^\n  File \"/usr/workspace/base/base_page.py\", line 140, in find_element\n    return self.wait.until(EC.visibility_of_element_located(locator),\n           ^^^^^^^^^^^^^^^^^^^^^^^^^^^^^^^^^^^^^^^^^^^^^^^^^^^^^^^^^^\n  File \"/usr/local/lib/python3.12/site-packages/selenium/webdriver/support/wait.py\", line 105, in until\n    raise TimeoutException(message, screen, stacktrace)\n","steps":[],"attachments":[],"parameters":[{"name":"request","value":"<SubRequest 'login_to_app' for <Function test_pop_up_menu_click_button_invite_friend>>"},{"name":"driver","value":"<selenium.webdriver.chrome.webdriver.WebDriver (session=\"aeaabca413dae36e035efc7a9f2e2907\")>"}],"shouldDisplayMessage":true,"attachmentsCount":0,"stepsCount":0,"hasContent":true,"attachmentStep":false}],"attachments":[],"parameters":[],"shouldDisplayMessage":false,"attachmentsCount":0,"stepsCount":1,"hasContent":true,"attachmentStep":false},{"name":"Инициализация локаторов","time":{"start":1733771861354,"stop":1733771861354,"duration":0},"status":"passed","steps":[{"name":"Инициализация локаторов","time":{"start":1733771861354,"stop":1733771861354,"duration":0},"status":"passed","steps":[],"attachments":[],"parameters":[{"name":"request","value":"<SubRequest 'elements' for <Function test_pop_up_menu_click_button_invite_friend>>"}],"shouldDisplayMessage":false,"attachmentsCount":0,"stepsCount":0,"hasContent":true,"attachmentStep":false}],"attachments":[],"parameters":[],"shouldDisplayMessage":false,"attachmentsCount":0,"stepsCount":1,"hasContent":true,"attachmentStep":false}],"afterStages":[{"name":"driver::0","time":{"start":1733771895871,"stop":1733771896137,"duration":266},"status":"passed","steps":[],"attachments":[{"uid":"6841b9f54f74bc51","name":"page_source","source":"6841b9f54f74bc51.html","type":"text/html","size":39185},{"uid":"81c157220896a23e","name":"screenshot","source":"81c157220896a23e.png","type":"image/png","size":151247},{"uid":"44dfffa327ff2472","name":"browser_logs","source":"44dfffa327ff2472.txt","type":"text/plain","size":4825}],"parameters":[],"shouldDisplayMessage":false,"attachmentsCount":3,"stepsCount":0,"hasContent":true,"attachmentStep":false}],"labels":[{"name":"feature","value":"Меню профиля"},{"name":"severity","value":"Critical"},{"name":"tag","value":"regression"},{"name":"tag","value":"menu_profile"},{"name":"parentSuite","value":"tests"},{"name":"suite","value":"test_menu_profile"},{"name":"subSuite","value":"TestMenuProfile"},{"name":"host","value":"3a881581078d"},{"name":"thread","value":"1-MainThread"},{"name":"framework","value":"pytest"},{"name":"language","value":"cpython3"},{"name":"package","value":"tests.test_menu_profile"},{"name":"resultFormat","value":"allure2"}],"parameters":[],"links":[],"hidden":false,"retry":false,"extra":{"severity":"critical","retries":[],"categories":[{"name":"Test defects","matchedStatuses":[],"flaky":false}],"history":{"statistic":{"failed":0,"broken":4,"skipped":0,"passed":18,"unknown":0,"total":22},"items":[{"uid":"4a24e8e2c5b8daaa","status":"passed","time":{"start":1733766351138,"stop":1733766353310,"duration":2172}},{"uid":"d231444b0bdf7029","status":"broken","statusDetails":"selenium.common.exceptions.TimeoutException: Message: Не найден элемент с локатором ('xpath', '//button[@data-testing=\"after_register_dialog__btn_choose_later\"]')","time":{"start":1733421880112,"stop":1733421880112,"duration":0}},{"uid":"10ad0178fd83c096","status":"passed","time":{"start":1726780368241,"stop":1726780370926,"duration":2685}},{"uid":"1a4a0c6cbea116f7","status":"passed","time":{"start":1726777084871,"stop":1726777087551,"duration":2680}},{"uid":"a962199d6b9846e8","status":"passed","time":{"start":1724098870194,"stop":1724098872898,"duration":2704}},{"uid":"2813829d12006d3b","status":"passed","time":{"start":1723829086009,"stop":1723829089197,"duration":3188}},{"uid":"93570e760fca1141","status":"passed","time":{"start":1723751387029,"stop":1723751389700,"duration":2671}},{"uid":"5d6f2e11fccad736","status":"passed","time":{"start":1723741840307,"stop":1723741843996,"duration":3689}},{"uid":"3a12b97779a24a08","status":"broken","statusDetails":"KeyError: 'access_token'","time":{"start":1723664435649,"stop":1723664435649,"duration":0}},{"uid":"ebedc7916da095db","status":"passed","time":{"start":1723578991238,"stop":1723578994422,"duration":3184}},{"uid":"fad489b2caa2ff96","status":"passed","time":{"start":1723496135903,"stop":1723496138589,"duration":2686}},{"uid":"d2cc48416dc3ae89","status":"passed","time":{"start":1723149958678,"stop":1723149961355,"duration":2677}},{"uid":"2482eb75f64a7a71","status":"passed","time":{"start":1723148666568,"stop":1723148668749,"duration":2181}},{"uid":"c16f88b72ad8a66e","status":"passed","time":{"start":1723146946329,"stop":1723146948504,"duration":2175}},{"uid":"ffbf1385fb85a6bb","status":"passed","time":{"start":1723065138657,"stop":1723065140821,"duration":2164}},{"uid":"9323d159ac9b5286","status":"passed","time":{"start":1722976698766,"stop":1722976701955,"duration":3189}},{"uid":"f7004c616dc1f6bd","status":"passed","time":{"start":1722891857633,"stop":1722891860295,"duration":2662}},{"uid":"198e05aaea1786fd","status":"passed","time":{"start":1722625630479,"stop":1722625633139,"duration":2660}},{"uid":"a265ab18d8b28d70","status":"passed","time":{"start":1722546263741,"stop":1722546266403,"duration":2662}},{"uid":"2548a9de071cce3","status":"passed","time":{"start":1722370053747,"stop":1722370056410,"duration":2663}}]},"tags":["regression","menu_profile"]},"source":"336198d63bbf66a4.json","parameterValues":[]}