{"uid":"33b301ef342b8a21","name":"Добавление аватара / изменение аватара","fullName":"tests.test_editing_profile.TestEditingProfile#test_add_and_change_avatar","historyId":"458c47b718e1cc9c408b77d3c2cf737c","time":{"start":1733421782601,"stop":1733421782601,"duration":0},"description":"Проверка происходит на пользователе Aleska","descriptionHtml":"<p>Проверка происходит на пользователе Aleska</p>\n","status":"broken","statusMessage":"selenium.common.exceptions.TimeoutException: Message: Не найден элемент с локатором ('xpath', '//button[@data-testing=\"after_register_dialog__btn_choose_later\"]')","statusTrace":"request = <SubRequest 'login_to_app' for <Function test_add_and_change_avatar>>\ndriver = <selenium.webdriver.chrome.webdriver.WebDriver (session=\"d7f6908612933354b19b7b0481390d76\")>\n\n    @pytest.fixture(scope='function')\n    @allure.title('Авторизация пользователя в системе')\n    @allure.step('Авторизация пользователя в системе')\n    def login_to_app(request, driver):\n        \"\"\" Логин в систему \"\"\"\n        login_page = ApiAuthorization(driver)\n        login_page.user(User.LOGIN, User.PASSWORD)\n>       later = login_page.find_element(config.locators.RubricPageLocators.locators['Кнопка выберу потом'])\n\nconftest.py:52: \n_ _ _ _ _ _ _ _ _ _ _ _ _ _ _ _ _ _ _ _ _ _ _ _ _ _ _ _ _ _ _ _ _ _ _ _ _ _ _ _ \nbase/base_page.py:140: in find_element\n    return self.wait.until(EC.visibility_of_element_located(locator),\n_ _ _ _ _ _ _ _ _ _ _ _ _ _ _ _ _ _ _ _ _ _ _ _ _ _ _ _ _ _ _ _ _ _ _ _ _ _ _ _ \n\nself = <selenium.webdriver.support.wait.WebDriverWait (session=\"d7f6908612933354b19b7b0481390d76\")>\nmethod = <function visibility_of_element_located.<locals>._predicate at 0x7f98df072020>\nmessage = 'Не найден элемент с локатором (\\'xpath\\', \\'//button[@data-testing=\"after_register_dialog__btn_choose_later\"]\\')'\n\n    def until(self, method: Callable[[D], Union[Literal[False], T]], message: str = \"\") -> T:\n        \"\"\"Calls the method provided with the driver as an argument until the \\\n        return value does not evaluate to ``False``.\n    \n        :param method: callable(WebDriver)\n        :param message: optional message for :exc:`TimeoutException`\n        :returns: the result of the last call to `method`\n        :raises: :exc:`selenium.common.exceptions.TimeoutException` if timeout occurs\n        \"\"\"\n        screen = None\n        stacktrace = None\n    \n        end_time = time.monotonic() + self._timeout\n        while True:\n            try:\n                value = method(self._driver)\n                if value:\n                    return value\n            except self._ignored_exceptions as exc:\n                screen = getattr(exc, \"screen\", None)\n                stacktrace = getattr(exc, \"stacktrace\", None)\n            if time.monotonic() > end_time:\n                break\n            time.sleep(self._poll)\n>       raise TimeoutException(message, screen, stacktrace)\nE       selenium.common.exceptions.TimeoutException: Message: Не найден элемент с локатором ('xpath', '//button[@data-testing=\"after_register_dialog__btn_choose_later\"]')\n\n../local/lib/python3.12/site-packages/selenium/webdriver/support/wait.py:105: TimeoutException","flaky":true,"newFailed":false,"newBroken":true,"newPassed":false,"retriesCount":0,"retriesStatusChange":false,"beforeStages":[{"name":"_session_faker","time":{"start":1733421090315,"stop":1733421090316,"duration":1},"status":"passed","steps":[],"attachments":[],"parameters":[],"shouldDisplayMessage":false,"attachmentsCount":0,"stepsCount":0,"hasContent":false,"attachmentStep":false},{"name":"driver","time":{"start":1733421782602,"stop":1733421783031,"duration":429},"status":"passed","steps":[],"attachments":[],"parameters":[],"shouldDisplayMessage":false,"attachmentsCount":0,"stepsCount":0,"hasContent":false,"attachmentStep":false},{"name":"Авторизация пользователя в системе","time":{"start":1733421783032,"stop":1733421817834,"duration":34802},"status":"broken","statusMessage":"selenium.common.exceptions.TimeoutException: Message: Не найден элемент с локатором ('xpath', '//button[@data-testing=\"after_register_dialog__btn_choose_later\"]')\n\n","statusTrace":"  File \"/usr/local/lib/python3.12/site-packages/pluggy/_callers.py\", line 167, in _multicall\n    teardown.throw(outcome._exception)\n  File \"/usr/local/lib/python3.12/site-packages/_pytest/setuponly.py\", line 36, in pytest_fixture_setup\n    return (yield)\n            ^^^^^\n  File \"/usr/local/lib/python3.12/site-packages/pluggy/_callers.py\", line 103, in _multicall\n    res = hook_impl.function(*args)\n          ^^^^^^^^^^^^^^^^^^^^^^^^^\n  File \"/usr/local/lib/python3.12/site-packages/_pytest/fixtures.py\", line 1140, in pytest_fixture_setup\n    result = call_fixture_func(fixturefunc, request, kwargs)\n             ^^^^^^^^^^^^^^^^^^^^^^^^^^^^^^^^^^^^^^^^^^^^^^^\n  File \"/usr/local/lib/python3.12/site-packages/_pytest/fixtures.py\", line 898, in call_fixture_func\n    fixture_result = fixturefunc(**kwargs)\n                     ^^^^^^^^^^^^^^^^^^^^^\n  File \"/usr/local/lib/python3.12/site-packages/allure_commons/_allure.py\", line 192, in impl\n    return func(*a, **kw)\n           ^^^^^^^^^^^^^^\n  File \"/usr/workspace/conftest.py\", line 52, in login_to_app\n    later = login_page.find_element(config.locators.RubricPageLocators.locators['Кнопка выберу потом'])\n            ^^^^^^^^^^^^^^^^^^^^^^^^^^^^^^^^^^^^^^^^^^^^^^^^^^^^^^^^^^^^^^^^^^^^^^^^^^^^^^^^^^^^^^^^^^^\n  File \"/usr/workspace/base/base_page.py\", line 140, in find_element\n    return self.wait.until(EC.visibility_of_element_located(locator),\n           ^^^^^^^^^^^^^^^^^^^^^^^^^^^^^^^^^^^^^^^^^^^^^^^^^^^^^^^^^^\n  File \"/usr/local/lib/python3.12/site-packages/selenium/webdriver/support/wait.py\", line 105, in until\n    raise TimeoutException(message, screen, stacktrace)\n","steps":[{"name":"Авторизация пользователя в системе","time":{"start":1733421783032,"stop":1733421817833,"duration":34801},"status":"broken","statusMessage":"selenium.common.exceptions.TimeoutException: Message: Не найден элемент с локатором ('xpath', '//button[@data-testing=\"after_register_dialog__btn_choose_later\"]')\n\n","statusTrace":"  File \"/usr/local/lib/python3.12/site-packages/allure_commons/_allure.py\", line 192, in impl\n    return func(*a, **kw)\n           ^^^^^^^^^^^^^^\n  File \"/usr/workspace/conftest.py\", line 52, in login_to_app\n    later = login_page.find_element(config.locators.RubricPageLocators.locators['Кнопка выберу потом'])\n            ^^^^^^^^^^^^^^^^^^^^^^^^^^^^^^^^^^^^^^^^^^^^^^^^^^^^^^^^^^^^^^^^^^^^^^^^^^^^^^^^^^^^^^^^^^^\n  File \"/usr/workspace/base/base_page.py\", line 140, in find_element\n    return self.wait.until(EC.visibility_of_element_located(locator),\n           ^^^^^^^^^^^^^^^^^^^^^^^^^^^^^^^^^^^^^^^^^^^^^^^^^^^^^^^^^^\n  File \"/usr/local/lib/python3.12/site-packages/selenium/webdriver/support/wait.py\", line 105, in until\n    raise TimeoutException(message, screen, stacktrace)\n","steps":[],"attachments":[],"parameters":[{"name":"request","value":"<SubRequest 'login_to_app' for <Function test_add_and_change_avatar>>"},{"name":"driver","value":"<selenium.webdriver.chrome.webdriver.WebDriver (session=\"d7f6908612933354b19b7b0481390d76\")>"}],"shouldDisplayMessage":true,"attachmentsCount":0,"stepsCount":0,"hasContent":true,"attachmentStep":false}],"attachments":[],"parameters":[],"shouldDisplayMessage":false,"attachmentsCount":0,"stepsCount":1,"hasContent":true,"attachmentStep":false},{"name":"setup","time":{"start":1733421783032,"stop":1733421783032,"duration":0},"status":"passed","steps":[],"attachments":[],"parameters":[],"shouldDisplayMessage":false,"attachmentsCount":0,"stepsCount":0,"hasContent":false,"attachmentStep":false},{"name":"Инициализация локаторов","time":{"start":1733421783032,"stop":1733421783032,"duration":0},"status":"passed","steps":[{"name":"Инициализация локаторов","time":{"start":1733421783032,"stop":1733421783032,"duration":0},"status":"passed","steps":[],"attachments":[],"parameters":[{"name":"request","value":"<SubRequest 'elements' for <Function test_add_and_change_avatar>>"}],"shouldDisplayMessage":false,"attachmentsCount":0,"stepsCount":0,"hasContent":true,"attachmentStep":false}],"attachments":[],"parameters":[],"shouldDisplayMessage":false,"attachmentsCount":0,"stepsCount":1,"hasContent":true,"attachmentStep":false}],"afterStages":[{"name":"driver::0","time":{"start":1733421817843,"stop":1733421818114,"duration":271},"status":"passed","steps":[],"attachments":[{"uid":"730f8d213c53cdcd","name":"page_source","source":"730f8d213c53cdcd.html","type":"text/html","size":39248},{"uid":"2cae0c03d7a53e1","name":"screenshot","source":"2cae0c03d7a53e1.png","type":"image/png","size":151721},{"uid":"7c7e066503b3a2f","name":"browser_logs","source":"7c7e066503b3a2f.txt","type":"text/plain","size":4825}],"parameters":[],"shouldDisplayMessage":false,"attachmentsCount":3,"stepsCount":0,"hasContent":true,"attachmentStep":false}],"labels":[{"name":"severity","value":"Critical"},{"name":"feature","value":"Редактирование профиля"},{"name":"tag","value":"regression"},{"name":"tag","value":"editing_profile"},{"name":"parentSuite","value":"tests"},{"name":"suite","value":"test_editing_profile"},{"name":"subSuite","value":"TestEditingProfile"},{"name":"host","value":"511a3a5ccd0d"},{"name":"thread","value":"1-MainThread"},{"name":"framework","value":"pytest"},{"name":"language","value":"cpython3"},{"name":"package","value":"tests.test_editing_profile"},{"name":"resultFormat","value":"allure2"}],"parameters":[],"links":[],"hidden":false,"retry":false,"extra":{"severity":"critical","retries":[],"categories":[{"name":"Test defects","matchedStatuses":[],"flaky":false}],"history":{"statistic":{"failed":3,"broken":2,"skipped":0,"passed":8,"unknown":0,"total":13},"items":[{"uid":"cbb5460ed29b61b6","status":"passed","time":{"start":1726780286983,"stop":1726780296198,"duration":9215}},{"uid":"1acc5a64e71c58d","status":"failed","statusDetails":"AssertionError: assert 'https://staging-static.round.zone/images/b5142e12-f68d-41ae-8ba8-f1e0f3c043ce.jpg' != 'https://staging-static.round.zone/images/b5142e12-f68d-41ae-8ba8-f1e0f3c043ce.jpg'","time":{"start":1726777023642,"stop":1726777033176,"duration":9534}},{"uid":"f104f8766267b1a7","status":"passed","time":{"start":1724098772165,"stop":1724098781682,"duration":9517}},{"uid":"754e3331d85fb289","status":"passed","time":{"start":1723828962089,"stop":1723828971586,"duration":9497}},{"uid":"6d02410b2591f959","status":"passed","time":{"start":1723751328467,"stop":1723751337773,"duration":9306}},{"uid":"f1e9332061220d70","status":"passed","time":{"start":1723741782437,"stop":1723741791774,"duration":9337}},{"uid":"3b2a452bc7801334","status":"broken","statusDetails":"KeyError: 'access_token'","time":{"start":1723664433432,"stop":1723664433432,"duration":0}},{"uid":"ddffcfc07ff6de53","status":"passed","time":{"start":1723578934670,"stop":1723578944162,"duration":9492}},{"uid":"a416bf1898d9847d","status":"failed","statusDetails":"AssertionError: assert 'https://staging-static.round.zone/images/e86ae49e-92ce-4fb7-8c06-2617b2530614.jpg' != 'https://staging-static.round.zone/images/e86ae49e-92ce-4fb7-8c06-2617b2530614.jpg'","time":{"start":1723496081900,"stop":1723496089161,"duration":7261}},{"uid":"7a7bc179db65101","status":"passed","time":{"start":1723149935869,"stop":1723149942969,"duration":7100}},{"uid":"a94827305e35ea1b","status":"passed","time":{"start":1723148642018,"stop":1723148649238,"duration":7220}},{"uid":"8c040be903045967","status":"failed","statusDetails":"AssertionError: assert 'https://staging-static.round.zone/images/a3b37b69-47e9-4be0-b216-cc6f70315dad.jpg' != 'https://staging-static.round.zone/images/a3b37b69-47e9-4be0-b216-cc6f70315dad.jpg'","time":{"start":1723146923916,"stop":1723146930152,"duration":6236}}]},"tags":["editing_profile","regression"]},"source":"33b301ef342b8a21.json","parameterValues":[]}