{"uid":"34893aa9ad2a7d92","name":"Проверить возможность удалять из списка \"Избранное\"","fullName":"tests.test_menu_profile.TestMenuProfile#test_check_if_you_can_remove_from_the_favorites_list","historyId":"9c34160a5bf3f1fecc82fb744b0effa5","time":{"start":1738875223668,"stop":1738875237827,"duration":14159},"description":"Проверяется на челлендже с ID 751","descriptionHtml":"<p>Проверяется на челлендже с ID 751</p>\n","status":"broken","statusMessage":"selenium.common.exceptions.TimeoutException: Message:","statusTrace":"self = <test_menu_profile.TestMenuProfile object at 0x7fc253efde80>\nelements = {'Банк ачивок': {'Блок ачивок': ('xpath', '//div[contains(@class,\"user-achievement-by-interests_container\")]'), 'Модал...'carrot-messenger-frame'), 'Чат кэррот': ('xpath', '//div[contains(@class,\"carrot-messenger-frame-container\")]')}, ...}\nregistration_user = None\n\n    @allure.title('Проверить возможность удалять из списка \"Избранное\"')\n    @allure.description('Проверяется на челлендже с ID 751')\n    @allure.severity('Minor')\n    @pytest.mark.regression\n    def test_check_if_you_can_remove_from_the_favorites_list(self, elements, registration_user):\n        with allure.step('Открыть челлендж с id 751'):\n            self.app.open_url(Links.CHALLENGE_PAGE + '/751')\n    \n        with allure.step(\"Нажать кнопку избранное\"):\n>           self.challenge_page.click_favorites_button()\n\ntests/test_menu_profile.py:220: \n_ _ _ _ _ _ _ _ _ _ _ _ _ _ _ _ _ _ _ _ _ _ _ _ _ _ _ _ _ _ _ _ _ _ _ _ _ _ _ _ \nmodel/pages/challenge_page.py:24: in click_favorites_button\n    self.assertion.is_elem_displayed(self.element['Проекты участников'])\nbase/base_assertion.py:79: in is_elem_displayed\n    element = WebDriverWait(self.driver, timeout=timeout).until(\n_ _ _ _ _ _ _ _ _ _ _ _ _ _ _ _ _ _ _ _ _ _ _ _ _ _ _ _ _ _ _ _ _ _ _ _ _ _ _ _ \n\nself = <selenium.webdriver.support.wait.WebDriverWait (session=\"b72862dfebcb8728551108fcfc66079c\")>\nmethod = <function presence_of_element_located.<locals>._predicate at 0x7fc2534dc0e0>\nmessage = ''\n\n    def until(self, method: Callable[[D], Union[Literal[False], T]], message: str = \"\") -> T:\n        \"\"\"Calls the method provided with the driver as an argument until the \\\n        return value does not evaluate to ``False``.\n    \n        :param method: callable(WebDriver)\n        :param message: optional message for :exc:`TimeoutException`\n        :returns: the result of the last call to `method`\n        :raises: :exc:`selenium.common.exceptions.TimeoutException` if timeout occurs\n        \"\"\"\n        screen = None\n        stacktrace = None\n    \n        end_time = time.monotonic() + self._timeout\n        while True:\n            try:\n                value = method(self._driver)\n                if value:\n                    return value\n            except self._ignored_exceptions as exc:\n                screen = getattr(exc, \"screen\", None)\n                stacktrace = getattr(exc, \"stacktrace\", None)\n            if time.monotonic() > end_time:\n                break\n            time.sleep(self._poll)\n>       raise TimeoutException(message, screen, stacktrace)\nE       selenium.common.exceptions.TimeoutException: Message:\n\n../local/lib/python3.12/site-packages/selenium/webdriver/support/wait.py:105: TimeoutException","flaky":false,"newFailed":false,"newBroken":false,"newPassed":false,"retriesCount":0,"retriesStatusChange":false,"beforeStages":[{"name":"_session_faker","time":{"start":1738874486972,"stop":1738874486974,"duration":2},"status":"passed","steps":[],"attachments":[],"parameters":[],"shouldDisplayMessage":false,"attachmentsCount":0,"stepsCount":0,"hasContent":false,"attachmentStep":false},{"name":"Установка соединения с БД","time":{"start":1738875163677,"stop":1738875164531,"duration":854},"status":"passed","steps":[{"name":"Установка соединения с БД","time":{"start":1738875163677,"stop":1738875164531,"duration":854},"status":"passed","steps":[],"attachments":[],"parameters":[{"name":"request","value":"<SubRequest 'db_connection' for <Function test_when_unliking_the_project_does_not_appear_in_the_list>>"}],"shouldDisplayMessage":false,"attachmentsCount":0,"stepsCount":0,"hasContent":true,"attachmentStep":false}],"attachments":[],"parameters":[],"shouldDisplayMessage":false,"attachmentsCount":0,"stepsCount":1,"hasContent":true,"attachmentStep":false},{"name":"driver","time":{"start":1738875209215,"stop":1738875209633,"duration":418},"status":"passed","steps":[],"attachments":[],"parameters":[],"shouldDisplayMessage":false,"attachmentsCount":0,"stepsCount":0,"hasContent":false,"attachmentStep":false},{"name":"setup","time":{"start":1738875209633,"stop":1738875209634,"duration":1},"status":"passed","steps":[],"attachments":[],"parameters":[],"shouldDisplayMessage":false,"attachmentsCount":0,"stepsCount":0,"hasContent":false,"attachmentStep":false},{"name":"Регистрация пользователя","time":{"start":1738875209634,"stop":1738875223667,"duration":14033},"status":"passed","steps":[{"name":"Регистрация пользователя","time":{"start":1738875209634,"stop":1738875223667,"duration":14033},"status":"passed","steps":[],"attachments":[],"parameters":[{"name":"driver","value":"<selenium.webdriver.chrome.webdriver.WebDriver (session=\"b72862dfebcb8728551108fcfc66079c\")>"},{"name":"db_connection","value":"<psycopg.Connection [INTRANS] (host=rc1a-8gbxfgy3ifeqz75r.mdb.yandexcloud.net port=6432 user=dyanyshev database=staging_round_confirmation) at 0x7fc254b6fc50>"}],"shouldDisplayMessage":false,"attachmentsCount":0,"stepsCount":0,"hasContent":true,"attachmentStep":false}],"attachments":[],"parameters":[],"shouldDisplayMessage":false,"attachmentsCount":0,"stepsCount":1,"hasContent":true,"attachmentStep":false},{"name":"Инициализация локаторов","time":{"start":1738875209634,"stop":1738875209634,"duration":0},"status":"passed","steps":[{"name":"Инициализация локаторов","time":{"start":1738875209634,"stop":1738875209634,"duration":0},"status":"passed","steps":[],"attachments":[],"parameters":[{"name":"request","value":"<SubRequest 'elements' for <Function test_check_if_you_can_remove_from_the_favorites_list>>"}],"shouldDisplayMessage":false,"attachmentsCount":0,"stepsCount":0,"hasContent":true,"attachmentStep":false}],"attachments":[],"parameters":[],"shouldDisplayMessage":false,"attachmentsCount":0,"stepsCount":1,"hasContent":true,"attachmentStep":false}],"testStage":{"description":"Проверяется на челлендже с ID 751","status":"broken","statusMessage":"selenium.common.exceptions.TimeoutException: Message:","statusTrace":"self = <test_menu_profile.TestMenuProfile object at 0x7fc253efde80>\nelements = {'Банк ачивок': {'Блок ачивок': ('xpath', '//div[contains(@class,\"user-achievement-by-interests_container\")]'), 'Модал...'carrot-messenger-frame'), 'Чат кэррот': ('xpath', '//div[contains(@class,\"carrot-messenger-frame-container\")]')}, ...}\nregistration_user = None\n\n    @allure.title('Проверить возможность удалять из списка \"Избранное\"')\n    @allure.description('Проверяется на челлендже с ID 751')\n    @allure.severity('Minor')\n    @pytest.mark.regression\n    def test_check_if_you_can_remove_from_the_favorites_list(self, elements, registration_user):\n        with allure.step('Открыть челлендж с id 751'):\n            self.app.open_url(Links.CHALLENGE_PAGE + '/751')\n    \n        with allure.step(\"Нажать кнопку избранное\"):\n>           self.challenge_page.click_favorites_button()\n\ntests/test_menu_profile.py:220: \n_ _ _ _ _ _ _ _ _ _ _ _ _ _ _ _ _ _ _ _ _ _ _ _ _ _ _ _ _ _ _ _ _ _ _ _ _ _ _ _ \nmodel/pages/challenge_page.py:24: in click_favorites_button\n    self.assertion.is_elem_displayed(self.element['Проекты участников'])\nbase/base_assertion.py:79: in is_elem_displayed\n    element = WebDriverWait(self.driver, timeout=timeout).until(\n_ _ _ _ _ _ _ _ _ _ _ _ _ _ _ _ _ _ _ _ _ _ _ _ _ _ _ _ _ _ _ _ _ _ _ _ _ _ _ _ \n\nself = <selenium.webdriver.support.wait.WebDriverWait (session=\"b72862dfebcb8728551108fcfc66079c\")>\nmethod = <function presence_of_element_located.<locals>._predicate at 0x7fc2534dc0e0>\nmessage = ''\n\n    def until(self, method: Callable[[D], Union[Literal[False], T]], message: str = \"\") -> T:\n        \"\"\"Calls the method provided with the driver as an argument until the \\\n        return value does not evaluate to ``False``.\n    \n        :param method: callable(WebDriver)\n        :param message: optional message for :exc:`TimeoutException`\n        :returns: the result of the last call to `method`\n        :raises: :exc:`selenium.common.exceptions.TimeoutException` if timeout occurs\n        \"\"\"\n        screen = None\n        stacktrace = None\n    \n        end_time = time.monotonic() + self._timeout\n        while True:\n            try:\n                value = method(self._driver)\n                if value:\n                    return value\n            except self._ignored_exceptions as exc:\n                screen = getattr(exc, \"screen\", None)\n                stacktrace = getattr(exc, \"stacktrace\", None)\n            if time.monotonic() > end_time:\n                break\n            time.sleep(self._poll)\n>       raise TimeoutException(message, screen, stacktrace)\nE       selenium.common.exceptions.TimeoutException: Message:\n\n../local/lib/python3.12/site-packages/selenium/webdriver/support/wait.py:105: TimeoutException","steps":[{"name":"Открыть челлендж с id 751","time":{"start":1738875223668,"stop":1738875227503,"duration":3835},"status":"passed","steps":[],"attachments":[],"parameters":[],"shouldDisplayMessage":false,"attachmentsCount":0,"stepsCount":0,"hasContent":false,"attachmentStep":false},{"name":"Нажать кнопку избранное","time":{"start":1738875227503,"stop":1738875237826,"duration":10323},"status":"broken","statusMessage":"selenium.common.exceptions.TimeoutException: Message: \n\n","statusTrace":"  File \"/usr/workspace/tests/test_menu_profile.py\", line 220, in test_check_if_you_can_remove_from_the_favorites_list\n    self.challenge_page.click_favorites_button()\n  File \"/usr/workspace/model/pages/challenge_page.py\", line 24, in click_favorites_button\n    self.assertion.is_elem_displayed(self.element['Проекты участников'])\n  File \"/usr/workspace/base/base_assertion.py\", line 79, in is_elem_displayed\n    element = WebDriverWait(self.driver, timeout=timeout).until(\n              ^^^^^^^^^^^^^^^^^^^^^^^^^^^^^^^^^^^^^^^^^^^^^^^^^^\n  File \"/usr/local/lib/python3.12/site-packages/selenium/webdriver/support/wait.py\", line 105, in until\n    raise TimeoutException(message, screen, stacktrace)\n","steps":[],"attachments":[],"parameters":[],"shouldDisplayMessage":true,"attachmentsCount":0,"stepsCount":0,"hasContent":true,"attachmentStep":false}],"attachments":[],"parameters":[],"shouldDisplayMessage":true,"attachmentsCount":0,"stepsCount":2,"hasContent":true,"attachmentStep":false},"afterStages":[{"name":"driver::0","time":{"start":1738875237838,"stop":1738875238049,"duration":211},"status":"passed","steps":[],"attachments":[{"uid":"b0687232afd414a6","name":"page_source","source":"b0687232afd414a6.html","type":"text/html","size":26915},{"uid":"320235ac88033e31","name":"screenshot","source":"320235ac88033e31.png","type":"image/png","size":42433},{"uid":"5bd12f05f7cf76f3","name":"browser_logs","source":"5bd12f05f7cf76f3.txt","type":"text/plain","size":19331}],"parameters":[],"shouldDisplayMessage":false,"attachmentsCount":3,"stepsCount":0,"hasContent":true,"attachmentStep":false},{"name":"Установка соединения с БД::fin","time":{"start":1738875238050,"stop":1738875238050,"duration":0},"status":"passed","steps":[],"attachments":[],"parameters":[],"shouldDisplayMessage":false,"attachmentsCount":0,"stepsCount":0,"hasContent":false,"attachmentStep":false}],"labels":[{"name":"feature","value":"Меню профиля"},{"name":"severity","value":"Minor"},{"name":"tag","value":"regression"},{"name":"tag","value":"menu_profile"},{"name":"parentSuite","value":"tests"},{"name":"suite","value":"test_menu_profile"},{"name":"subSuite","value":"TestMenuProfile"},{"name":"host","value":"2fa5c50d49f6"},{"name":"thread","value":"1-MainThread"},{"name":"framework","value":"pytest"},{"name":"language","value":"cpython3"},{"name":"package","value":"tests.test_menu_profile"},{"name":"resultFormat","value":"allure2"}],"parameters":[],"links":[],"hidden":false,"retry":false,"extra":{"severity":"minor","retries":[],"categories":[{"name":"Test defects","matchedStatuses":[],"flaky":false}],"history":{"statistic":{"failed":0,"broken":3,"skipped":0,"passed":1,"unknown":0,"total":4},"items":[{"uid":"d54dd5d4300bb92","status":"broken","statusDetails":"selenium.common.exceptions.TimeoutException: Message: Не найден элемент с локатором ('xpath', '//div[contains(@class,\"challenge-projects_container\")]')","time":{"start":1738872267105,"stop":1738872298188,"duration":31083}},{"uid":"8a13e38b39d50efe","status":"broken","statusDetails":"selenium.common.exceptions.TimeoutException: Message: Не найден элемент с локатором ('xpath', '//div[contains(@class,\"challenge-projects_container\")]')","time":{"start":1738865271737,"stop":1738865302474,"duration":30737}},{"uid":"8a6a6a3404984df3","status":"passed","time":{"start":1738269179517,"stop":1738269201266,"duration":21749}}]},"tags":["regression","menu_profile"]},"source":"34893aa9ad2a7d92.json","parameterValues":[]}