{"uid":"361bd380df6d602","name":"Проверить, есть возможность просматривать проекты пользователя","fullName":"tests.test_another_users_page.TestAnotherUsersPage#test_it_is_possible_to_view_the_users_projects","historyId":"cde39674f070d60b239e377699e5e362","time":{"start":1733765658981,"stop":1733765689648,"duration":30667},"description":"Тест проводится на Aleska","descriptionHtml":"<p>Тест проводится на Aleska</p>\n","status":"broken","statusMessage":"selenium.common.exceptions.TimeoutException: Message: Не найден элемент с локатором ('xpath', '//div[@class = \"user-project-list_grid__-rXf1\"]//div[@class = \"user-project-list_item__Q1mmt\"]')","statusTrace":"self = <test_another_users_page.TestAnotherUsersPage object at 0x7ff41b157260>\nelements = {'Банк ачивок': {'Блок ачивок': ('xpath', '//div[contains(@class,\"user-achievement-by-interests_container\")]'), 'Модал...-sheet_icons\")]'), 'Название ачивки': ('xpath', '//div[contains(@class,\"achievement-item-bottom-sheet_title\")]')}, ...}\nlogin_to_app = None\n\n    @allure.title('Проверить, есть возможность просматривать проекты пользователя')\n    @allure.description('Тест проводится на Aleska')\n    @allure.severity('Critical')\n    @pytest.mark.regression\n    def test_it_is_possible_to_view_the_users_projects(self, elements, login_to_app):\n        with allure.step('Открыть страницу \"Polina_04\"'):\n            self.another_user_page.open_profile('Polina_04')\n    \n        with allure.step('Проверить, что список проектов видим'):\n            element = elements['Страница другого пользователя']\n>           self.assertion.is_elem_displayed(element['Список проектов'])\n\ntests/test_another_users_page.py:227: \n_ _ _ _ _ _ _ _ _ _ _ _ _ _ _ _ _ _ _ _ _ _ _ _ _ _ _ _ _ _ _ _ _ _ _ _ _ _ _ _ \nbase/base_assertion.py:63: in is_elem_displayed\n    assert self.find_element(by_locator).is_displayed()\nbase/base_page.py:140: in find_element\n    return self.wait.until(EC.visibility_of_element_located(locator),\n_ _ _ _ _ _ _ _ _ _ _ _ _ _ _ _ _ _ _ _ _ _ _ _ _ _ _ _ _ _ _ _ _ _ _ _ _ _ _ _ \n\nself = <selenium.webdriver.support.wait.WebDriverWait (session=\"0144e2f3492c6873527ffa060c58f196\")>\nmethod = <function visibility_of_element_located.<locals>._predicate at 0x7ff4163ce700>\nmessage = 'Не найден элемент с локатором (\\'xpath\\', \\'//div[@class = \"user-project-list_grid__-rXf1\"]//div[@class = \"user-project-list_item__Q1mmt\"]\\')'\n\n    def until(self, method: Callable[[D], Union[Literal[False], T]], message: str = \"\") -> T:\n        \"\"\"Calls the method provided with the driver as an argument until the \\\n        return value does not evaluate to ``False``.\n    \n        :param method: callable(WebDriver)\n        :param message: optional message for :exc:`TimeoutException`\n        :returns: the result of the last call to `method`\n        :raises: :exc:`selenium.common.exceptions.TimeoutException` if timeout occurs\n        \"\"\"\n        screen = None\n        stacktrace = None\n    \n        end_time = time.monotonic() + self._timeout\n        while True:\n            try:\n                value = method(self._driver)\n                if value:\n                    return value\n            except self._ignored_exceptions as exc:\n                screen = getattr(exc, \"screen\", None)\n                stacktrace = getattr(exc, \"stacktrace\", None)\n            if time.monotonic() > end_time:\n                break\n            time.sleep(self._poll)\n>       raise TimeoutException(message, screen, stacktrace)\nE       selenium.common.exceptions.TimeoutException: Message: Не найден элемент с локатором ('xpath', '//div[@class = \"user-project-list_grid__-rXf1\"]//div[@class = \"user-project-list_item__Q1mmt\"]')\n\n../local/lib/python3.12/site-packages/selenium/webdriver/support/wait.py:105: TimeoutException","flaky":false,"newFailed":false,"newBroken":false,"newPassed":false,"retriesCount":0,"retriesStatusChange":false,"beforeStages":[{"name":"_session_faker","time":{"start":1733765159020,"stop":1733765159021,"duration":1},"status":"passed","steps":[],"attachments":[],"parameters":[],"shouldDisplayMessage":false,"attachmentsCount":0,"stepsCount":0,"hasContent":false,"attachmentStep":false},{"name":"driver","time":{"start":1733765651293,"stop":1733765651730,"duration":437},"status":"passed","steps":[],"attachments":[],"parameters":[],"shouldDisplayMessage":false,"attachmentsCount":0,"stepsCount":0,"hasContent":false,"attachmentStep":false},{"name":"setup","time":{"start":1733765651730,"stop":1733765651731,"duration":1},"status":"passed","steps":[],"attachments":[],"parameters":[],"shouldDisplayMessage":false,"attachmentsCount":0,"stepsCount":0,"hasContent":false,"attachmentStep":false},{"name":"Авторизация пользователя в системе","time":{"start":1733765651731,"stop":1733765658980,"duration":7249},"status":"passed","steps":[{"name":"Авторизация пользователя в системе","time":{"start":1733765651731,"stop":1733765658980,"duration":7249},"status":"passed","steps":[],"attachments":[],"parameters":[{"name":"request","value":"<SubRequest 'login_to_app' for <Function test_it_is_possible_to_view_the_users_projects>>"},{"name":"driver","value":"<selenium.webdriver.chrome.webdriver.WebDriver (session=\"0144e2f3492c6873527ffa060c58f196\")>"}],"shouldDisplayMessage":false,"attachmentsCount":0,"stepsCount":0,"hasContent":true,"attachmentStep":false}],"attachments":[],"parameters":[],"shouldDisplayMessage":false,"attachmentsCount":0,"stepsCount":1,"hasContent":true,"attachmentStep":false},{"name":"Инициализация локаторов","time":{"start":1733765651731,"stop":1733765651731,"duration":0},"status":"passed","steps":[{"name":"Инициализация локаторов","time":{"start":1733765651731,"stop":1733765651731,"duration":0},"status":"passed","steps":[],"attachments":[],"parameters":[{"name":"request","value":"<SubRequest 'elements' for <Function test_it_is_possible_to_view_the_users_projects>>"}],"shouldDisplayMessage":false,"attachmentsCount":0,"stepsCount":0,"hasContent":true,"attachmentStep":false}],"attachments":[],"parameters":[],"shouldDisplayMessage":false,"attachmentsCount":0,"stepsCount":1,"hasContent":true,"attachmentStep":false}],"testStage":{"description":"Тест проводится на Aleska","status":"broken","statusMessage":"selenium.common.exceptions.TimeoutException: Message: Не найден элемент с локатором ('xpath', '//div[@class = \"user-project-list_grid__-rXf1\"]//div[@class = \"user-project-list_item__Q1mmt\"]')","statusTrace":"self = <test_another_users_page.TestAnotherUsersPage object at 0x7ff41b157260>\nelements = {'Банк ачивок': {'Блок ачивок': ('xpath', '//div[contains(@class,\"user-achievement-by-interests_container\")]'), 'Модал...-sheet_icons\")]'), 'Название ачивки': ('xpath', '//div[contains(@class,\"achievement-item-bottom-sheet_title\")]')}, ...}\nlogin_to_app = None\n\n    @allure.title('Проверить, есть возможность просматривать проекты пользователя')\n    @allure.description('Тест проводится на Aleska')\n    @allure.severity('Critical')\n    @pytest.mark.regression\n    def test_it_is_possible_to_view_the_users_projects(self, elements, login_to_app):\n        with allure.step('Открыть страницу \"Polina_04\"'):\n            self.another_user_page.open_profile('Polina_04')\n    \n        with allure.step('Проверить, что список проектов видим'):\n            element = elements['Страница другого пользователя']\n>           self.assertion.is_elem_displayed(element['Список проектов'])\n\ntests/test_another_users_page.py:227: \n_ _ _ _ _ _ _ _ _ _ _ _ _ _ _ _ _ _ _ _ _ _ _ _ _ _ _ _ _ _ _ _ _ _ _ _ _ _ _ _ \nbase/base_assertion.py:63: in is_elem_displayed\n    assert self.find_element(by_locator).is_displayed()\nbase/base_page.py:140: in find_element\n    return self.wait.until(EC.visibility_of_element_located(locator),\n_ _ _ _ _ _ _ _ _ _ _ _ _ _ _ _ _ _ _ _ _ _ _ _ _ _ _ _ _ _ _ _ _ _ _ _ _ _ _ _ \n\nself = <selenium.webdriver.support.wait.WebDriverWait (session=\"0144e2f3492c6873527ffa060c58f196\")>\nmethod = <function visibility_of_element_located.<locals>._predicate at 0x7ff4163ce700>\nmessage = 'Не найден элемент с локатором (\\'xpath\\', \\'//div[@class = \"user-project-list_grid__-rXf1\"]//div[@class = \"user-project-list_item__Q1mmt\"]\\')'\n\n    def until(self, method: Callable[[D], Union[Literal[False], T]], message: str = \"\") -> T:\n        \"\"\"Calls the method provided with the driver as an argument until the \\\n        return value does not evaluate to ``False``.\n    \n        :param method: callable(WebDriver)\n        :param message: optional message for :exc:`TimeoutException`\n        :returns: the result of the last call to `method`\n        :raises: :exc:`selenium.common.exceptions.TimeoutException` if timeout occurs\n        \"\"\"\n        screen = None\n        stacktrace = None\n    \n        end_time = time.monotonic() + self._timeout\n        while True:\n            try:\n                value = method(self._driver)\n                if value:\n                    return value\n            except self._ignored_exceptions as exc:\n                screen = getattr(exc, \"screen\", None)\n                stacktrace = getattr(exc, \"stacktrace\", None)\n            if time.monotonic() > end_time:\n                break\n            time.sleep(self._poll)\n>       raise TimeoutException(message, screen, stacktrace)\nE       selenium.common.exceptions.TimeoutException: Message: Не найден элемент с локатором ('xpath', '//div[@class = \"user-project-list_grid__-rXf1\"]//div[@class = \"user-project-list_item__Q1mmt\"]')\n\n../local/lib/python3.12/site-packages/selenium/webdriver/support/wait.py:105: TimeoutException","steps":[{"name":"Открыть страницу \"Polina_04\"","time":{"start":1733765658981,"stop":1733765659513,"duration":532},"status":"passed","steps":[],"attachments":[],"parameters":[],"shouldDisplayMessage":false,"attachmentsCount":0,"stepsCount":0,"hasContent":false,"attachmentStep":false},{"name":"Проверить, что список проектов видим","time":{"start":1733765659513,"stop":1733765689648,"duration":30135},"status":"broken","statusMessage":"selenium.common.exceptions.TimeoutException: Message: Не найден элемент с локатором ('xpath', '//div[@class = \"user-project-list_grid__-rXf1\"]//div[@class = \"user-project-list_item__Q1mmt\"]')\n\n","statusTrace":"  File \"/usr/workspace/tests/test_another_users_page.py\", line 227, in test_it_is_possible_to_view_the_users_projects\n    self.assertion.is_elem_displayed(element['Список проектов'])\n  File \"/usr/workspace/base/base_assertion.py\", line 63, in is_elem_displayed\n    assert self.find_element(by_locator).is_displayed()\n           ^^^^^^^^^^^^^^^^^^^^^^^^^^^^^\n  File \"/usr/workspace/base/base_page.py\", line 140, in find_element\n    return self.wait.until(EC.visibility_of_element_located(locator),\n           ^^^^^^^^^^^^^^^^^^^^^^^^^^^^^^^^^^^^^^^^^^^^^^^^^^^^^^^^^^\n  File \"/usr/local/lib/python3.12/site-packages/selenium/webdriver/support/wait.py\", line 105, in until\n    raise TimeoutException(message, screen, stacktrace)\n","steps":[],"attachments":[],"parameters":[],"shouldDisplayMessage":true,"attachmentsCount":0,"stepsCount":0,"hasContent":true,"attachmentStep":false}],"attachments":[],"parameters":[],"shouldDisplayMessage":true,"attachmentsCount":0,"stepsCount":2,"hasContent":true,"attachmentStep":false},"afterStages":[{"name":"driver::0","time":{"start":1733765689659,"stop":1733765689861,"duration":202},"status":"passed","steps":[],"attachments":[{"uid":"c27d7b71bfa00bc","name":"page_source","source":"c27d7b71bfa00bc.html","type":"text/html","size":101298},{"uid":"745ceb47a27e16f5","name":"screenshot","source":"745ceb47a27e16f5.png","type":"image/png","size":61433},{"uid":"42f476cf40fc3250","name":"browser_logs","source":"42f476cf40fc3250.txt","type":"text/plain","size":22613}],"parameters":[],"shouldDisplayMessage":false,"attachmentsCount":3,"stepsCount":0,"hasContent":true,"attachmentStep":false}],"labels":[{"name":"severity","value":"Critical"},{"name":"feature","value":"Профиль другого пользователя"},{"name":"tag","value":"regression"},{"name":"tag","value":"another_users_page"},{"name":"parentSuite","value":"tests"},{"name":"suite","value":"test_another_users_page"},{"name":"subSuite","value":"TestAnotherUsersPage"},{"name":"host","value":"a29f6bda2422"},{"name":"thread","value":"1-MainThread"},{"name":"framework","value":"pytest"},{"name":"language","value":"cpython3"},{"name":"package","value":"tests.test_another_users_page"},{"name":"resultFormat","value":"allure2"}],"parameters":[],"links":[],"hidden":false,"retry":false,"extra":{"severity":"critical","retries":[],"categories":[{"name":"Test defects","matchedStatuses":[],"flaky":false}],"history":{"statistic":{"failed":0,"broken":2,"skipped":0,"passed":6,"unknown":0,"total":8},"items":[{"uid":"6e8f0c6b175d42e","status":"broken","statusDetails":"selenium.common.exceptions.TimeoutException: Message: Не найден элемент с локатором ('xpath', '//button[@data-testing=\"after_register_dialog__btn_choose_later\"]')","time":{"start":1733421443747,"stop":1733421443747,"duration":0}},{"uid":"6538740991ac8fdd","status":"passed","time":{"start":1726780037734,"stop":1726780041171,"duration":3437}},{"uid":"863e61a8176e86b7","status":"passed","time":{"start":1726776728159,"stop":1726776733306,"duration":5147}},{"uid":"4a6d75190077b6e2","status":"passed","time":{"start":1724098376266,"stop":1724098378400,"duration":2134}},{"uid":"37771fd90309d7f3","status":"passed","time":{"start":1723828512427,"stop":1723828514552,"duration":2125}},{"uid":"4b68ce6f6548210e","status":"passed","time":{"start":1723750937066,"stop":1723750940562,"duration":3496}},{"uid":"22f2230d9b75cfca","status":"passed","time":{"start":1723664184602,"stop":1723664186596,"duration":1994}}]},"tags":["regression","another_users_page"]},"source":"361bd380df6d602.json","parameterValues":[]}