{"uid":"3ad47a0c8422f58d","name":"Проверить, есть возможность разблокировать пользователя","fullName":"tests.test_another_users_page.TestAnotherUsersPage#test_it_is_possible_to_unblock_the_user","historyId":"205c3e9edc39ac451c1a64efaf3b3f00","time":{"start":1733771277830,"stop":1733771277830,"duration":0},"description":"Тест проводится на Aleska","descriptionHtml":"<p>Тест проводится на Aleska</p>\n","status":"broken","statusMessage":"selenium.common.exceptions.TimeoutException: Message: Не найден элемент с локатором ('xpath', '//button[@data-testing=\"after_register_dialog__btn_choose_later\"]')","statusTrace":"request = <SubRequest 'login_to_app' for <Function test_it_is_possible_to_unblock_the_user>>\ndriver = <selenium.webdriver.chrome.webdriver.WebDriver (session=\"f187bd823f8ca2e981cb5fef68b49014\")>\n\n    @pytest.fixture(scope='function')\n    @allure.title('Авторизация пользователя в системе')\n    @allure.step('Авторизация пользователя в системе')\n    def login_to_app(request, driver):\n        \"\"\" Логин в систему \"\"\"\n        login_page = ApiAuthorization(driver)\n        login_page.user(User.LOGIN, User.PASSWORD)\n>       later = login_page.find_element(config.locators.RubricPageLocators.locators['Кнопка выберу потом'])\n\nconftest.py:52: \n_ _ _ _ _ _ _ _ _ _ _ _ _ _ _ _ _ _ _ _ _ _ _ _ _ _ _ _ _ _ _ _ _ _ _ _ _ _ _ _ \nbase/base_page.py:140: in find_element\n    return self.wait.until(EC.visibility_of_element_located(locator),\n_ _ _ _ _ _ _ _ _ _ _ _ _ _ _ _ _ _ _ _ _ _ _ _ _ _ _ _ _ _ _ _ _ _ _ _ _ _ _ _ \n\nself = <selenium.webdriver.support.wait.WebDriverWait (session=\"f187bd823f8ca2e981cb5fef68b49014\")>\nmethod = <function visibility_of_element_located.<locals>._predicate at 0x7f73fa353e20>\nmessage = 'Не найден элемент с локатором (\\'xpath\\', \\'//button[@data-testing=\"after_register_dialog__btn_choose_later\"]\\')'\n\n    def until(self, method: Callable[[D], Union[Literal[False], T]], message: str = \"\") -> T:\n        \"\"\"Calls the method provided with the driver as an argument until the \\\n        return value does not evaluate to ``False``.\n    \n        :param method: callable(WebDriver)\n        :param message: optional message for :exc:`TimeoutException`\n        :returns: the result of the last call to `method`\n        :raises: :exc:`selenium.common.exceptions.TimeoutException` if timeout occurs\n        \"\"\"\n        screen = None\n        stacktrace = None\n    \n        end_time = time.monotonic() + self._timeout\n        while True:\n            try:\n                value = method(self._driver)\n                if value:\n                    return value\n            except self._ignored_exceptions as exc:\n                screen = getattr(exc, \"screen\", None)\n                stacktrace = getattr(exc, \"stacktrace\", None)\n            if time.monotonic() > end_time:\n                break\n            time.sleep(self._poll)\n>       raise TimeoutException(message, screen, stacktrace)\nE       selenium.common.exceptions.TimeoutException: Message: Не найден элемент с локатором ('xpath', '//button[@data-testing=\"after_register_dialog__btn_choose_later\"]')\n\n../local/lib/python3.12/site-packages/selenium/webdriver/support/wait.py:105: TimeoutException","flaky":false,"newFailed":false,"newBroken":false,"newPassed":false,"retriesCount":0,"retriesStatusChange":false,"beforeStages":[{"name":"_session_faker","time":{"start":1733770821274,"stop":1733770821276,"duration":2},"status":"passed","steps":[],"attachments":[],"parameters":[],"shouldDisplayMessage":false,"attachmentsCount":0,"stepsCount":0,"hasContent":false,"attachmentStep":false},{"name":"driver","time":{"start":1733771277831,"stop":1733771278262,"duration":431},"status":"passed","steps":[],"attachments":[],"parameters":[],"shouldDisplayMessage":false,"attachmentsCount":0,"stepsCount":0,"hasContent":false,"attachmentStep":false},{"name":"Инициализация локаторов","time":{"start":1733771278262,"stop":1733771278262,"duration":0},"status":"passed","steps":[{"name":"Инициализация локаторов","time":{"start":1733771278262,"stop":1733771278262,"duration":0},"status":"passed","steps":[],"attachments":[],"parameters":[{"name":"request","value":"<SubRequest 'elements' for <Function test_it_is_possible_to_unblock_the_user>>"}],"shouldDisplayMessage":false,"attachmentsCount":0,"stepsCount":0,"hasContent":true,"attachmentStep":false}],"attachments":[],"parameters":[],"shouldDisplayMessage":false,"attachmentsCount":0,"stepsCount":1,"hasContent":true,"attachmentStep":false},{"name":"setup","time":{"start":1733771278262,"stop":1733771278262,"duration":0},"status":"passed","steps":[],"attachments":[],"parameters":[],"shouldDisplayMessage":false,"attachmentsCount":0,"stepsCount":0,"hasContent":false,"attachmentStep":false},{"name":"Авторизация пользователя в системе","time":{"start":1733771278262,"stop":1733771312981,"duration":34719},"status":"broken","statusMessage":"selenium.common.exceptions.TimeoutException: Message: Не найден элемент с локатором ('xpath', '//button[@data-testing=\"after_register_dialog__btn_choose_later\"]')\n\n","statusTrace":"  File \"/usr/local/lib/python3.12/site-packages/pluggy/_callers.py\", line 167, in _multicall\n    teardown.throw(outcome._exception)\n  File \"/usr/local/lib/python3.12/site-packages/_pytest/setuponly.py\", line 36, in pytest_fixture_setup\n    return (yield)\n            ^^^^^\n  File \"/usr/local/lib/python3.12/site-packages/pluggy/_callers.py\", line 103, in _multicall\n    res = hook_impl.function(*args)\n          ^^^^^^^^^^^^^^^^^^^^^^^^^\n  File \"/usr/local/lib/python3.12/site-packages/_pytest/fixtures.py\", line 1140, in pytest_fixture_setup\n    result = call_fixture_func(fixturefunc, request, kwargs)\n             ^^^^^^^^^^^^^^^^^^^^^^^^^^^^^^^^^^^^^^^^^^^^^^^\n  File \"/usr/local/lib/python3.12/site-packages/_pytest/fixtures.py\", line 898, in call_fixture_func\n    fixture_result = fixturefunc(**kwargs)\n                     ^^^^^^^^^^^^^^^^^^^^^\n  File \"/usr/local/lib/python3.12/site-packages/allure_commons/_allure.py\", line 192, in impl\n    return func(*a, **kw)\n           ^^^^^^^^^^^^^^\n  File \"/usr/workspace/conftest.py\", line 52, in login_to_app\n    later = login_page.find_element(config.locators.RubricPageLocators.locators['Кнопка выберу потом'])\n            ^^^^^^^^^^^^^^^^^^^^^^^^^^^^^^^^^^^^^^^^^^^^^^^^^^^^^^^^^^^^^^^^^^^^^^^^^^^^^^^^^^^^^^^^^^^\n  File \"/usr/workspace/base/base_page.py\", line 140, in find_element\n    return self.wait.until(EC.visibility_of_element_located(locator),\n           ^^^^^^^^^^^^^^^^^^^^^^^^^^^^^^^^^^^^^^^^^^^^^^^^^^^^^^^^^^\n  File \"/usr/local/lib/python3.12/site-packages/selenium/webdriver/support/wait.py\", line 105, in until\n    raise TimeoutException(message, screen, stacktrace)\n","steps":[{"name":"Авторизация пользователя в системе","time":{"start":1733771278262,"stop":1733771312981,"duration":34719},"status":"broken","statusMessage":"selenium.common.exceptions.TimeoutException: Message: Не найден элемент с локатором ('xpath', '//button[@data-testing=\"after_register_dialog__btn_choose_later\"]')\n\n","statusTrace":"  File \"/usr/local/lib/python3.12/site-packages/allure_commons/_allure.py\", line 192, in impl\n    return func(*a, **kw)\n           ^^^^^^^^^^^^^^\n  File \"/usr/workspace/conftest.py\", line 52, in login_to_app\n    later = login_page.find_element(config.locators.RubricPageLocators.locators['Кнопка выберу потом'])\n            ^^^^^^^^^^^^^^^^^^^^^^^^^^^^^^^^^^^^^^^^^^^^^^^^^^^^^^^^^^^^^^^^^^^^^^^^^^^^^^^^^^^^^^^^^^^\n  File \"/usr/workspace/base/base_page.py\", line 140, in find_element\n    return self.wait.until(EC.visibility_of_element_located(locator),\n           ^^^^^^^^^^^^^^^^^^^^^^^^^^^^^^^^^^^^^^^^^^^^^^^^^^^^^^^^^^\n  File \"/usr/local/lib/python3.12/site-packages/selenium/webdriver/support/wait.py\", line 105, in until\n    raise TimeoutException(message, screen, stacktrace)\n","steps":[],"attachments":[],"parameters":[{"name":"request","value":"<SubRequest 'login_to_app' for <Function test_it_is_possible_to_unblock_the_user>>"},{"name":"driver","value":"<selenium.webdriver.chrome.webdriver.WebDriver (session=\"f187bd823f8ca2e981cb5fef68b49014\")>"}],"shouldDisplayMessage":true,"attachmentsCount":0,"stepsCount":0,"hasContent":true,"attachmentStep":false}],"attachments":[],"parameters":[],"shouldDisplayMessage":false,"attachmentsCount":0,"stepsCount":1,"hasContent":true,"attachmentStep":false}],"afterStages":[{"name":"driver::0","time":{"start":1733771312992,"stop":1733771313245,"duration":253},"status":"passed","steps":[],"attachments":[{"uid":"a3fc9292078c2e7c","name":"page_source","source":"a3fc9292078c2e7c.html","type":"text/html","size":39185},{"uid":"f604e6c1740eca0a","name":"screenshot","source":"f604e6c1740eca0a.png","type":"image/png","size":151242},{"uid":"ae1cfd9431d52da","name":"browser_logs","source":"ae1cfd9431d52da.txt","type":"text/plain","size":4825}],"parameters":[],"shouldDisplayMessage":false,"attachmentsCount":3,"stepsCount":0,"hasContent":true,"attachmentStep":false}],"labels":[{"name":"severity","value":"Critical"},{"name":"feature","value":"Профиль другого пользователя"},{"name":"tag","value":"regression"},{"name":"tag","value":"another_users_page"},{"name":"parentSuite","value":"tests"},{"name":"suite","value":"test_another_users_page"},{"name":"subSuite","value":"TestAnotherUsersPage"},{"name":"host","value":"3a881581078d"},{"name":"thread","value":"1-MainThread"},{"name":"framework","value":"pytest"},{"name":"language","value":"cpython3"},{"name":"package","value":"tests.test_another_users_page"},{"name":"resultFormat","value":"allure2"}],"parameters":[],"links":[],"hidden":false,"retry":false,"extra":{"severity":"critical","retries":[],"categories":[{"name":"Test defects","matchedStatuses":[],"flaky":false}],"history":{"statistic":{"failed":0,"broken":3,"skipped":0,"passed":6,"unknown":0,"total":9},"items":[{"uid":"6afd4ef31def44a6","status":"broken","statusDetails":"selenium.common.exceptions.TimeoutException: Message: Не найден элемент с локатором ('xpath', '//div[@class = \"user-project-list_grid__-rXf1\"]//div[@class = \"user-project-list_item__Q1mmt\"]')","time":{"start":1733765606299,"stop":1733765641747,"duration":35448}},{"uid":"796ac59322d6a785","status":"broken","statusDetails":"selenium.common.exceptions.TimeoutException: Message: Не найден элемент с локатором ('xpath', '//div[@class = \"user-project-list_grid__-rXf1\"]//div[@class = \"user-project-list_item__Q1mmt\"]')","time":{"start":1733421379682,"stop":1733421433458,"duration":53776}},{"uid":"be35903a916279ae","status":"passed","time":{"start":1726780008137,"stop":1726780016298,"duration":8161}},{"uid":"6a4dfdcad611db81","status":"passed","time":{"start":1726776677747,"stop":1726776702296,"duration":24549}},{"uid":"c4f1007eccd9035","status":"passed","time":{"start":1724098352994,"stop":1724098358968,"duration":5974}},{"uid":"55cee38e8c9e39c","status":"passed","time":{"start":1723828488681,"stop":1723828493512,"duration":4831}},{"uid":"7aafd5ec116da8a6","status":"passed","time":{"start":1723750903780,"stop":1723750914534,"duration":10754}},{"uid":"86e470bc035d6605","status":"passed","time":{"start":1723664133820,"stop":1723664139261,"duration":5441}}]},"tags":["regression","another_users_page"]},"source":"3ad47a0c8422f58d.json","parameterValues":[]}