{"uid":"3c09e1ee57e64270","name":"Проверка при нажатии в поп ап Выйти их аккаунта открывается страница авторизации","fullName":"tests.test_menu_profile.TestMenuProfile#test_pop_up_menu_click_button_logout","historyId":"da393bb6a96b7298f09f3b6dd89602d3","time":{"start":1738865201965,"stop":1738865201965,"duration":0},"description":"Проверяется на пользователе Aleska","descriptionHtml":"<p>Проверяется на пользователе Aleska</p>\n","status":"broken","statusMessage":"KeyError: 'access_token'","statusTrace":"request = <SubRequest 'login_to_app' for <Function test_pop_up_menu_click_button_logout>>\ndriver = <selenium.webdriver.chrome.webdriver.WebDriver (session=\"b9ca20b3531634b630dd6e6ee4ba5946\")>\n\n    @pytest.fixture(scope='function')\n    @allure.title('Авторизация пользователя в системе')\n    @allure.step('Авторизация пользователя в системе')\n    def login_to_app(request, driver):\n        \"\"\" Фикстура Логина в систему \"\"\"\n        login_page = ApiAuthorization(driver)\n>       login_page.user(User.LOGIN, User.PASSWORD)\n\nconftest.py:53: \n_ _ _ _ _ _ _ _ _ _ _ _ _ _ _ _ _ _ _ _ _ _ _ _ _ _ _ _ _ _ _ _ _ _ _ _ _ _ _ _ \n\nself = <model.api.authorization.ApiAuthorization object at 0x7f0ee395a7b0>\nusername = 'Aleska', password = 'qwe123'\n\n    def user(self, username: str, password: str) -> None:\n        \"\"\"\n        Метод авторизации пользователя по средствам API.\n    \n        :param username: Логин пользователя\n        :param password: Пароль пользователя\n        \"\"\"\n        headers = {\n            'X-Client-Id': 'round',\n            'X-Client-Type': 'web',\n            'X-Language': 'ru'\n        }\n        data = {\n            'client_id': 'Krujok.Online.Mobile',\n            'grant_type': 'password',\n            'username': username,\n            'password': password\n        }\n    \n        response = requests.post(url=Api.TOKEN, headers=headers, data=data)\n>       access_token = response.json()[\"access_token\"]\nE       KeyError: 'access_token'\n\nmodel/api/authorization.py:30: KeyError","flaky":false,"newFailed":false,"newBroken":true,"newPassed":false,"retriesCount":0,"retriesStatusChange":false,"beforeStages":[{"name":"_session_faker","time":{"start":1738864340794,"stop":1738864340795,"duration":1},"status":"passed","steps":[],"attachments":[],"parameters":[],"shouldDisplayMessage":false,"attachmentsCount":0,"stepsCount":0,"hasContent":false,"attachmentStep":false},{"name":"driver","time":{"start":1738865201966,"stop":1738865202380,"duration":414},"status":"passed","steps":[],"attachments":[],"parameters":[],"shouldDisplayMessage":false,"attachmentsCount":0,"stepsCount":0,"hasContent":false,"attachmentStep":false},{"name":"setup","time":{"start":1738865202380,"stop":1738865202380,"duration":0},"status":"passed","steps":[],"attachments":[],"parameters":[],"shouldDisplayMessage":false,"attachmentsCount":0,"stepsCount":0,"hasContent":false,"attachmentStep":false},{"name":"Авторизация пользователя в системе","time":{"start":1738865202380,"stop":1738865203020,"duration":640},"status":"broken","statusMessage":"KeyError: 'access_token'\n","statusTrace":"  File \"/usr/local/lib/python3.12/site-packages/pluggy/_callers.py\", line 167, in _multicall\n    teardown.throw(outcome._exception)\n  File \"/usr/local/lib/python3.12/site-packages/_pytest/setuponly.py\", line 36, in pytest_fixture_setup\n    return (yield)\n            ^^^^^\n  File \"/usr/local/lib/python3.12/site-packages/pluggy/_callers.py\", line 103, in _multicall\n    res = hook_impl.function(*args)\n          ^^^^^^^^^^^^^^^^^^^^^^^^^\n  File \"/usr/local/lib/python3.12/site-packages/_pytest/fixtures.py\", line 1140, in pytest_fixture_setup\n    result = call_fixture_func(fixturefunc, request, kwargs)\n             ^^^^^^^^^^^^^^^^^^^^^^^^^^^^^^^^^^^^^^^^^^^^^^^\n  File \"/usr/local/lib/python3.12/site-packages/_pytest/fixtures.py\", line 898, in call_fixture_func\n    fixture_result = fixturefunc(**kwargs)\n                     ^^^^^^^^^^^^^^^^^^^^^\n  File \"/usr/local/lib/python3.12/site-packages/allure_commons/_allure.py\", line 192, in impl\n    return func(*a, **kw)\n           ^^^^^^^^^^^^^^\n  File \"/usr/workspace/conftest.py\", line 53, in login_to_app\n    login_page.user(User.LOGIN, User.PASSWORD)\n  File \"/usr/workspace/model/api/authorization.py\", line 30, in user\n    access_token = response.json()[\"access_token\"]\n                   ~~~~~~~~~~~~~~~^^^^^^^^^^^^^^^^\n","steps":[{"name":"Авторизация пользователя в системе","time":{"start":1738865202380,"stop":1738865203020,"duration":640},"status":"broken","statusMessage":"KeyError: 'access_token'\n","statusTrace":"  File \"/usr/local/lib/python3.12/site-packages/allure_commons/_allure.py\", line 192, in impl\n    return func(*a, **kw)\n           ^^^^^^^^^^^^^^\n  File \"/usr/workspace/conftest.py\", line 53, in login_to_app\n    login_page.user(User.LOGIN, User.PASSWORD)\n  File \"/usr/workspace/model/api/authorization.py\", line 30, in user\n    access_token = response.json()[\"access_token\"]\n                   ~~~~~~~~~~~~~~~^^^^^^^^^^^^^^^^\n","steps":[],"attachments":[],"parameters":[{"name":"request","value":"<SubRequest 'login_to_app' for <Function test_pop_up_menu_click_button_logout>>"},{"name":"driver","value":"<selenium.webdriver.chrome.webdriver.WebDriver (session=\"b9ca20b3531634b630dd6e6ee4ba5946\")>"}],"shouldDisplayMessage":true,"attachmentsCount":0,"stepsCount":0,"hasContent":true,"attachmentStep":false}],"attachments":[],"parameters":[],"shouldDisplayMessage":false,"attachmentsCount":0,"stepsCount":1,"hasContent":true,"attachmentStep":false},{"name":"Инициализация локаторов","time":{"start":1738865202380,"stop":1738865202380,"duration":0},"status":"passed","steps":[{"name":"Инициализация локаторов","time":{"start":1738865202380,"stop":1738865202380,"duration":0},"status":"passed","steps":[],"attachments":[],"parameters":[{"name":"request","value":"<SubRequest 'elements' for <Function test_pop_up_menu_click_button_logout>>"}],"shouldDisplayMessage":false,"attachmentsCount":0,"stepsCount":0,"hasContent":true,"attachmentStep":false}],"attachments":[],"parameters":[],"shouldDisplayMessage":false,"attachmentsCount":0,"stepsCount":1,"hasContent":true,"attachmentStep":false}],"afterStages":[{"name":"driver::0","time":{"start":1738865203027,"stop":1738865203215,"duration":188},"status":"passed","steps":[],"attachments":[{"uid":"de9ea929b4aff537","name":"page_source","source":"de9ea929b4aff537.html","type":"text/html","size":39},{"uid":"81b5ef43597bf09c","name":"screenshot","source":"81b5ef43597bf09c.png","type":"image/png","size":10592},{"uid":"175c4822f6e54846","name":"browser_logs","source":"175c4822f6e54846.txt","type":"text/plain","size":0}],"parameters":[],"shouldDisplayMessage":false,"attachmentsCount":3,"stepsCount":0,"hasContent":true,"attachmentStep":false}],"labels":[{"name":"feature","value":"Меню профиля"},{"name":"severity","value":"Critical"},{"name":"tag","value":"regression"},{"name":"tag","value":"menu_profile"},{"name":"parentSuite","value":"tests"},{"name":"suite","value":"test_menu_profile"},{"name":"subSuite","value":"TestMenuProfile"},{"name":"host","value":"6af98febc332"},{"name":"thread","value":"1-MainThread"},{"name":"framework","value":"pytest"},{"name":"language","value":"cpython3"},{"name":"package","value":"tests.test_menu_profile"},{"name":"resultFormat","value":"allure2"}],"parameters":[],"links":[],"hidden":false,"retry":false,"extra":{"severity":"critical","retries":[],"categories":[{"name":"Test defects","matchedStatuses":[],"flaky":false}],"history":{"statistic":{"failed":0,"broken":6,"skipped":0,"passed":35,"unknown":0,"total":41},"items":[{"uid":"9b9a8a6a2beac940","status":"passed","time":{"start":1738269106925,"stop":1738269109990,"duration":3065}},{"uid":"517fbf4e30f4b6d7","status":"passed","time":{"start":1738099604158,"stop":1738099607375,"duration":3217}},{"uid":"939f74519463c50a","status":"passed","time":{"start":1738005522100,"stop":1738005525099,"duration":2999}},{"uid":"b275066eb0b0f99e","status":"passed","time":{"start":1738002817071,"stop":1738002819273,"duration":2202}},{"uid":"c3997bbcc8c68e23","status":"broken","statusDetails":"urllib3.exceptions.ReadTimeoutError: HTTPConnectionPool(host='localhost', port=43911): Read timed out. (read timeout=120)","time":{"start":1737931199658,"stop":1737931199658,"duration":0}},{"uid":"b45ff50f9d864925","status":"passed","time":{"start":1737843176285,"stop":1737843180513,"duration":4228}},{"uid":"69c4c2644ddee6bb","status":"passed","time":{"start":1737832376228,"stop":1737832380796,"duration":4568}},{"uid":"f8b343778679fde5","status":"passed","time":{"start":1737799736735,"stop":1737799741520,"duration":4785}},{"uid":"63fc661490800c6d","status":"passed","time":{"start":1737757966928,"stop":1737757971446,"duration":4518}},{"uid":"b756ccdb350bf55b","status":"passed","time":{"start":1737744965179,"stop":1737744969602,"duration":4423}},{"uid":"53a9bce013a65287","status":"passed","time":{"start":1737652818201,"stop":1737652822806,"duration":4605}},{"uid":"fb71af4260ca6e4d","status":"passed","time":{"start":1737570526465,"stop":1737570530773,"duration":4308}},{"uid":"ccc64e8531839e2a","status":"broken","statusDetails":"selenium.common.exceptions.WebDriverException: Message: unknown error: Chrome failed to start: exited abnormally.\n  (unknown error: DevToolsActivePort file doesn't exist)\n  (The process started from chrome location /usr/bin/chromium-browser is no longer running, so ChromeDriver is assuming that Chrome has crashed.)","time":{"start":1737568966572,"stop":1737568966572,"duration":0}},{"uid":"98669c006024dffb","status":"passed","time":{"start":1734034790605,"stop":1734034794287,"duration":3682}},{"uid":"d80f7670790de92c","status":"passed","time":{"start":1733937473058,"stop":1733937478861,"duration":5803}},{"uid":"3481a1e13caf052f","status":"passed","time":{"start":1733866076006,"stop":1733866078988,"duration":2982}},{"uid":"81340e08a5364fe","status":"broken","statusDetails":"selenium.common.exceptions.TimeoutException: Message: Не найден элемент с локатором ('xpath', '//button[@data-testing=\"after_register_dialog__btn_choose_later\"]')","time":{"start":1733860464003,"stop":1733860464003,"duration":0}},{"uid":"140e89e9d9b9b265","status":"passed","time":{"start":1733857051682,"stop":1733857053888,"duration":2206}},{"uid":"8711a2332559e439","status":"passed","time":{"start":1733771937877,"stop":1733771942417,"duration":4540}},{"uid":"fe355bc64ce102e6","status":"broken","statusDetails":"selenium.common.exceptions.TimeoutException: Message: Не найден элемент с локатором ('xpath', '//button[@data-testing=\"after_register_dialog__btn_choose_later\"]')","time":{"start":1733766382276,"stop":1733766382276,"duration":0}}]},"tags":["regression","menu_profile"]},"source":"3c09e1ee57e64270.json","parameterValues":[]}