{"uid":"3fd60f8303bd9556","name":"Проверка валидации поля никнейм при вводе уже зарегистрированного никнейма","fullName":"tests.test_registration.TestRegistrationUser#test_validation_field_nickname_when_entering_an_already_registered_nickname","historyId":"6c03bba326b92af17c29d08a1f3d970c","time":{"start":1720469419275,"stop":1720469457598,"duration":38323},"status":"broken","statusMessage":"selenium.common.exceptions.TimeoutException: Message: Не найден элемент с локатором ('xpath', '//label[@class=\"text-field_validation-message__nizJJ\"]')","statusTrace":"self = <test_registration.TestRegistrationUser object at 0x7fd277551d90>\nelements = {'Страница авторизации': {'Кнопка вконтакте': ('xpath', '//button[@name=\"signUpWithVK\"]'), 'Кнопка войти': ('xpath', '...ct-2-option-88'), '1927 год': ('id', 'react-select-2-option-87'), '1928 год': ('id', 'react-select-2-option-86'), ...}}\n\n    @allure.title('Проверка валидации поля никнейм при вводе уже зарегистрированного никнейма')\n    @allure.severity('Normal')\n    @pytest.mark.regression\n    def test_validation_field_nickname_when_entering_an_already_registered_nickname(self, elements):\n        with allure.step('Открыть страницу регистрации'):\n            self.authorization_page.open()\n            element = elements['Страница авторизации']\n    \n        with allure.step('Нажать кнопку \"По смс (Для России)\"'):\n            self.authorization_page.do_click(element['Кнопка по смс'])\n    \n        with allure.step('Нажать кнопку Далее'):\n            element = elements['Страница регистрации']\n            self.join_page.do_click(element['Кнопка далее'])\n    \n        with allure.step('В поле никнейм ввести Aleska'):\n            self.join_page.field_send_keys(element['Поле никнейм'], text='Aleska')\n    \n        with allure.step('Нажать кнопку Далее'):\n            self.join_page.do_click(element['Кнопка далее'])\n    \n        with allure.step('Проверить, что отображается валидация поля никнейм: Данный Никнейм уже занят'):\n>           self.assertion.text_in_element(element['Валидация поля никнейм'], expected_text='Данный Никнейм уже занят')\n\ntests/test_registration.py:236: \n_ _ _ _ _ _ _ _ _ _ _ _ _ _ _ _ _ _ _ _ _ _ _ _ _ _ _ _ _ _ _ _ _ _ _ _ _ _ _ _ \nbase/base_assertion.py:22: in text_in_element\n    actual_text = self.find_element(element_locator).text\nbase/base_page.py:87: in find_element\n    return self.wait.until(EC.visibility_of_element_located(locator),\n_ _ _ _ _ _ _ _ _ _ _ _ _ _ _ _ _ _ _ _ _ _ _ _ _ _ _ _ _ _ _ _ _ _ _ _ _ _ _ _ \n\nself = <selenium.webdriver.support.wait.WebDriverWait (session=\"db4c903215ec1f5edd421d66d8c5ebd5\")>\nmethod = <function visibility_of_element_located.<locals>._predicate at 0x7fd2772c4180>\nmessage = 'Не найден элемент с локатором (\\'xpath\\', \\'//label[@class=\"text-field_validation-message__nizJJ\"]\\')'\n\n    def until(self, method: Callable[[D], Union[Literal[False], T]], message: str = \"\") -> T:\n        \"\"\"Calls the method provided with the driver as an argument until the \\\n        return value does not evaluate to ``False``.\n    \n        :param method: callable(WebDriver)\n        :param message: optional message for :exc:`TimeoutException`\n        :returns: the result of the last call to `method`\n        :raises: :exc:`selenium.common.exceptions.TimeoutException` if timeout occurs\n        \"\"\"\n        screen = None\n        stacktrace = None\n    \n        end_time = time.monotonic() + self._timeout\n        while True:\n            try:\n                value = method(self._driver)\n                if value:\n                    return value\n            except self._ignored_exceptions as exc:\n                screen = getattr(exc, \"screen\", None)\n                stacktrace = getattr(exc, \"stacktrace\", None)\n            time.sleep(self._poll)\n            if time.monotonic() > end_time:\n                break\n>       raise TimeoutException(message, screen, stacktrace)\nE       selenium.common.exceptions.TimeoutException: Message: Не найден элемент с локатором ('xpath', '//label[@class=\"text-field_validation-message__nizJJ\"]')\n\n../local/lib/python3.12/site-packages/selenium/webdriver/support/wait.py:105: TimeoutException","flaky":false,"newFailed":false,"newBroken":false,"newPassed":false,"retriesCount":0,"retriesStatusChange":false,"beforeStages":[{"name":"_session_faker","time":{"start":1720469273334,"stop":1720469273355,"duration":21},"status":"passed","steps":[],"attachments":[],"parameters":[],"shouldDisplayMessage":false,"attachmentsCount":0,"stepsCount":0,"hasContent":false,"attachmentStep":false},{"name":"driver","time":{"start":1720469418843,"stop":1720469419274,"duration":431},"status":"passed","steps":[],"attachments":[],"parameters":[],"shouldDisplayMessage":false,"attachmentsCount":0,"stepsCount":0,"hasContent":false,"attachmentStep":false},{"name":"setup","time":{"start":1720469419274,"stop":1720469419275,"duration":1},"status":"passed","steps":[],"attachments":[],"parameters":[],"shouldDisplayMessage":false,"attachmentsCount":0,"stepsCount":0,"hasContent":false,"attachmentStep":false},{"name":"elements","time":{"start":1720469419275,"stop":1720469419275,"duration":0},"status":"passed","steps":[],"attachments":[],"parameters":[],"shouldDisplayMessage":false,"attachmentsCount":0,"stepsCount":0,"hasContent":false,"attachmentStep":false}],"testStage":{"status":"broken","statusMessage":"selenium.common.exceptions.TimeoutException: Message: Не найден элемент с локатором ('xpath', '//label[@class=\"text-field_validation-message__nizJJ\"]')","statusTrace":"self = <test_registration.TestRegistrationUser object at 0x7fd277551d90>\nelements = {'Страница авторизации': {'Кнопка вконтакте': ('xpath', '//button[@name=\"signUpWithVK\"]'), 'Кнопка войти': ('xpath', '...ct-2-option-88'), '1927 год': ('id', 'react-select-2-option-87'), '1928 год': ('id', 'react-select-2-option-86'), ...}}\n\n    @allure.title('Проверка валидации поля никнейм при вводе уже зарегистрированного никнейма')\n    @allure.severity('Normal')\n    @pytest.mark.regression\n    def test_validation_field_nickname_when_entering_an_already_registered_nickname(self, elements):\n        with allure.step('Открыть страницу регистрации'):\n            self.authorization_page.open()\n            element = elements['Страница авторизации']\n    \n        with allure.step('Нажать кнопку \"По смс (Для России)\"'):\n            self.authorization_page.do_click(element['Кнопка по смс'])\n    \n        with allure.step('Нажать кнопку Далее'):\n            element = elements['Страница регистрации']\n            self.join_page.do_click(element['Кнопка далее'])\n    \n        with allure.step('В поле никнейм ввести Aleska'):\n            self.join_page.field_send_keys(element['Поле никнейм'], text='Aleska')\n    \n        with allure.step('Нажать кнопку Далее'):\n            self.join_page.do_click(element['Кнопка далее'])\n    \n        with allure.step('Проверить, что отображается валидация поля никнейм: Данный Никнейм уже занят'):\n>           self.assertion.text_in_element(element['Валидация поля никнейм'], expected_text='Данный Никнейм уже занят')\n\ntests/test_registration.py:236: \n_ _ _ _ _ _ _ _ _ _ _ _ _ _ _ _ _ _ _ _ _ _ _ _ _ _ _ _ _ _ _ _ _ _ _ _ _ _ _ _ \nbase/base_assertion.py:22: in text_in_element\n    actual_text = self.find_element(element_locator).text\nbase/base_page.py:87: in find_element\n    return self.wait.until(EC.visibility_of_element_located(locator),\n_ _ _ _ _ _ _ _ _ _ _ _ _ _ _ _ _ _ _ _ _ _ _ _ _ _ _ _ _ _ _ _ _ _ _ _ _ _ _ _ \n\nself = <selenium.webdriver.support.wait.WebDriverWait (session=\"db4c903215ec1f5edd421d66d8c5ebd5\")>\nmethod = <function visibility_of_element_located.<locals>._predicate at 0x7fd2772c4180>\nmessage = 'Не найден элемент с локатором (\\'xpath\\', \\'//label[@class=\"text-field_validation-message__nizJJ\"]\\')'\n\n    def until(self, method: Callable[[D], Union[Literal[False], T]], message: str = \"\") -> T:\n        \"\"\"Calls the method provided with the driver as an argument until the \\\n        return value does not evaluate to ``False``.\n    \n        :param method: callable(WebDriver)\n        :param message: optional message for :exc:`TimeoutException`\n        :returns: the result of the last call to `method`\n        :raises: :exc:`selenium.common.exceptions.TimeoutException` if timeout occurs\n        \"\"\"\n        screen = None\n        stacktrace = None\n    \n        end_time = time.monotonic() + self._timeout\n        while True:\n            try:\n                value = method(self._driver)\n                if value:\n                    return value\n            except self._ignored_exceptions as exc:\n                screen = getattr(exc, \"screen\", None)\n                stacktrace = getattr(exc, \"stacktrace\", None)\n            time.sleep(self._poll)\n            if time.monotonic() > end_time:\n                break\n>       raise TimeoutException(message, screen, stacktrace)\nE       selenium.common.exceptions.TimeoutException: Message: Не найден элемент с локатором ('xpath', '//label[@class=\"text-field_validation-message__nizJJ\"]')\n\n../local/lib/python3.12/site-packages/selenium/webdriver/support/wait.py:105: TimeoutException","steps":[{"name":"Открыть страницу регистрации","time":{"start":1720469419275,"stop":1720469422746,"duration":3471},"status":"passed","steps":[],"attachments":[],"parameters":[],"shouldDisplayMessage":false,"attachmentsCount":0,"stepsCount":0,"hasContent":false,"attachmentStep":false},{"name":"Нажать кнопку \"По смс (Для России)\"","time":{"start":1720469422746,"stop":1720469424331,"duration":1585},"status":"passed","steps":[],"attachments":[],"parameters":[],"shouldDisplayMessage":false,"attachmentsCount":0,"stepsCount":0,"hasContent":false,"attachmentStep":false},{"name":"Нажать кнопку Далее","time":{"start":1720469424331,"stop":1720469425879,"duration":1548},"status":"passed","steps":[],"attachments":[],"parameters":[],"shouldDisplayMessage":false,"attachmentsCount":0,"stepsCount":0,"hasContent":false,"attachmentStep":false},{"name":"В поле никнейм ввести Aleska","time":{"start":1720469425879,"stop":1720469427442,"duration":1563},"status":"passed","steps":[],"attachments":[],"parameters":[],"shouldDisplayMessage":false,"attachmentsCount":0,"stepsCount":0,"hasContent":false,"attachmentStep":false},{"name":"Нажать кнопку Далее","time":{"start":1720469427442,"stop":1720469427480,"duration":38},"status":"passed","steps":[],"attachments":[],"parameters":[],"shouldDisplayMessage":false,"attachmentsCount":0,"stepsCount":0,"hasContent":false,"attachmentStep":false},{"name":"Проверить, что отображается валидация поля никнейм: Данный Никнейм уже занят","time":{"start":1720469427480,"stop":1720469457598,"duration":30118},"status":"broken","statusMessage":"selenium.common.exceptions.TimeoutException: Message: Не найден элемент с локатором ('xpath', '//label[@class=\"text-field_validation-message__nizJJ\"]')\n\n","statusTrace":"  File \"/usr/workspace/tests/test_registration.py\", line 236, in test_validation_field_nickname_when_entering_an_already_registered_nickname\n    self.assertion.text_in_element(element['Валидация поля никнейм'], expected_text='Данный Никнейм уже занят')\n  File \"/usr/workspace/base/base_assertion.py\", line 22, in text_in_element\n    actual_text = self.find_element(element_locator).text\n                  ^^^^^^^^^^^^^^^^^^^^^^^^^^^^^^^^^^\n  File \"/usr/workspace/base/base_page.py\", line 87, in find_element\n    return self.wait.until(EC.visibility_of_element_located(locator),\n           ^^^^^^^^^^^^^^^^^^^^^^^^^^^^^^^^^^^^^^^^^^^^^^^^^^^^^^^^^^\n  File \"/usr/local/lib/python3.12/site-packages/selenium/webdriver/support/wait.py\", line 105, in until\n    raise TimeoutException(message, screen, stacktrace)\n","steps":[],"attachments":[],"parameters":[],"shouldDisplayMessage":true,"attachmentsCount":0,"stepsCount":0,"hasContent":true,"attachmentStep":false}],"attachments":[],"parameters":[],"shouldDisplayMessage":true,"attachmentsCount":0,"stepsCount":6,"hasContent":true,"attachmentStep":false},"afterStages":[{"name":"driver::0","time":{"start":1720469457611,"stop":1720469457807,"duration":196},"status":"passed","steps":[],"attachments":[{"uid":"bd7b4b269176434e","name":"page_source","source":"bd7b4b269176434e.html","type":"text/html","size":21857},{"uid":"ed0664f9406a8ffa","name":"screenshot","source":"ed0664f9406a8ffa.png","type":"image/png","size":30718},{"uid":"dde166273fe3d370","name":"browser_logs","source":"dde166273fe3d370.txt","type":"text/plain","size":1649}],"parameters":[],"shouldDisplayMessage":false,"attachmentsCount":3,"stepsCount":0,"hasContent":true,"attachmentStep":false}],"labels":[{"name":"severity","value":"Normal"},{"name":"feature","value":"Регистрация пользователя"},{"name":"tag","value":"regression"},{"name":"parentSuite","value":"tests"},{"name":"suite","value":"test_registration"},{"name":"subSuite","value":"TestRegistrationUser"},{"name":"host","value":"bb79200c7696"},{"name":"thread","value":"1-MainThread"},{"name":"framework","value":"pytest"},{"name":"language","value":"cpython3"},{"name":"package","value":"tests.test_registration"},{"name":"resultFormat","value":"allure2"}],"parameters":[],"links":[],"hidden":false,"retry":false,"extra":{"severity":"normal","retries":[],"categories":[{"name":"Test defects","matchedStatuses":[],"flaky":false}],"history":{"statistic":{"failed":0,"broken":8,"skipped":0,"passed":0,"unknown":0,"total":8},"items":[{"uid":"64894b92a41d0f2a","status":"broken","statusDetails":"selenium.common.exceptions.TimeoutException: Message: Не найден элемент с локатором ('xpath', '//label[@class=\"text-field_validation-message__nizJJ\"]')","time":{"start":1720469186886,"stop":1720469225531,"duration":38645}},{"uid":"d430e6f16537b3bb","status":"broken","statusDetails":"selenium.common.exceptions.TimeoutException: Message: Не найден элемент с локатором ('xpath', '//label[@class=\"text-field_validation-message__nizJJ\"]')","time":{"start":1720468914449,"stop":1720468951578,"duration":37129}},{"uid":"ca2994bbcbe7b057","status":"broken","statusDetails":"selenium.common.exceptions.TimeoutException: Message: Не найден элемент с локатором ('xpath', '//label[@class=\"text-field_validation-message__nizJJ\"]')","time":{"start":1720242460852,"stop":1720242497543,"duration":36691}},{"uid":"3c6fb1b9eee38cc8","status":"broken","statusDetails":"selenium.common.exceptions.TimeoutException: Message: Не найден элемент с локатором ('xpath', '//label[@class=\"text-field_validation-message__nizJJ\"]')","time":{"start":1720241815416,"stop":1720241852350,"duration":36934}},{"uid":"b9ed62f40025bb01","status":"broken","statusDetails":"selenium.common.exceptions.TimeoutException: Message: Не найден элемент с локатором ('xpath', '//label[@class=\"text-field_validation-message__nizJJ\"]')","time":{"start":1720208140790,"stop":1720208177801,"duration":37011}},{"uid":"a04846ad05e532c8","status":"broken","statusDetails":"selenium.common.exceptions.TimeoutException: Message: Не найден элемент с локатором ('xpath', '//label[@class=\"text-field_validation-message__nizJJ\"]')","time":{"start":1720207139154,"stop":1720207175777,"duration":36623}},{"uid":"776fa14360992a95","status":"broken","statusDetails":"selenium.common.exceptions.TimeoutException: Message: Не найден элемент с локатором ('xpath', '//label[@class=\"text-field_validation-message__nizJJ\"]')","time":{"start":1720205115305,"stop":1720205152126,"duration":36821}}]},"tags":["regression"]},"source":"3fd60f8303bd9556.json","parameterValues":[]}