{"uid":"40f3eb33f35e932c","name":"Проверка валидации поля ввода Email или номер телефона при вводе несуществующего значения email","fullName":"tests.test_reset_password.TestResetPassword#test_validation_of_the_email_or_phone_number_input_field_when_entering_a_non_existent_value_email","historyId":"e5b3af10571daa00d4d2ee42479b0eff","time":{"start":1738002808324,"stop":1738002813416,"duration":5092},"status":"failed","statusMessage":"AssertionError: Ожидался текст: 'Пользователь не найден', отображается текст: ''","statusTrace":"self = <test_reset_password.TestResetPassword object at 0x7f32e3488c80>\nelements = {'Банк ачивок': {'Блок ачивок': ('xpath', '//div[contains(@class,\"user-achievement-by-interests_container\")]'), 'Модал...'carrot-messenger-frame'), 'Чат кэррот': ('xpath', '//div[contains(@class,\"carrot-messenger-frame-container\")]')}, ...}\n\n    @allure.title('Проверка валидации поля ввода Email или номер телефона при вводе несуществующего значения email')\n    @allure.severity('Critical')\n    @pytest.mark.regression\n    def test_validation_of_the_email_or_phone_number_input_field_when_entering_a_non_existent_value_email(self, elements):\n        with allure.step('Открыть страницу логина'):\n            self.login_page.open()\n            element = elements['Страница логина']\n    \n        with allure.step('Нажать кнопку забыл пароль'):\n            self.login_page.do_click(element['Кнопка забыл пароль'])\n    \n        with allure.step('В поле \"Email или номер телефона\" ввести случайное значение email'):\n            element = elements['Страница восстановления пароля']\n            self.reset_password_page.field_send_keys(element['Поле логин'],\n                                                     text=f'{fake.email()}')\n    \n        with allure.step('Нажать кнопку \"Сбросить пароль\"'):\n            self.reset_password_page.do_click(element['Кнопка сбросить пароль'])\n    \n        with allure.step('Проверить, что сработала валидация с текстом \"Пользователь не найден\"'):\n>           self.assertion.text_in_element(element['Валидация поля логин'],\n                                           expected_text='Пользователь не найден')\n\ntests/test_reset_password.py:151: \n_ _ _ _ _ _ _ _ _ _ _ _ _ _ _ _ _ _ _ _ _ _ _ _ _ _ _ _ _ _ _ _ _ _ _ _ _ _ _ _ \n\nself = <base.base_assertion.Assertion object at 0x7f32e3f48050>\nby_locator = ('xpath', '//div[@class=\"reset-login-form_error__9yjIT\"]')\nexpected_text = 'Пользователь не найден', timeout = 10\n\n    def text_in_element(self, by_locator, expected_text: str or int, timeout=10):\n        \"\"\"\n        Проверка совпадения текста элемента с ожиданием\n    \n        :param by_locator:\n            локатор элемента\n        :param expected_text:\n            ожидаемый текст\n        :param timeout:\n            время ожидания в секундах\n    \n        \"\"\"\n    \n        element = WebDriverWait(self.driver, timeout).until(\n            EC.presence_of_element_located(by_locator)\n        )\n    \n        text_in_element = element.text\n>       assert expected_text == text_in_element, \\\n            f\"Ожидался текст: '{expected_text}', отображается текст: '{text_in_element}'\"\nE       AssertionError: Ожидался текст: 'Пользователь не найден', отображается текст: ''\n\nbase/base_assertion.py:31: AssertionError","flaky":false,"newFailed":true,"newBroken":false,"newPassed":false,"retriesCount":0,"retriesStatusChange":false,"beforeStages":[{"name":"_session_faker","time":{"start":1738001308084,"stop":1738001308085,"duration":1},"status":"passed","steps":[],"attachments":[],"parameters":[],"shouldDisplayMessage":false,"attachmentsCount":0,"stepsCount":0,"hasContent":false,"attachmentStep":false},{"name":"driver","time":{"start":1738002807897,"stop":1738002808323,"duration":426},"status":"passed","steps":[],"attachments":[],"parameters":[],"shouldDisplayMessage":false,"attachmentsCount":0,"stepsCount":0,"hasContent":false,"attachmentStep":false},{"name":"setup","time":{"start":1738002808323,"stop":1738002808323,"duration":0},"status":"passed","steps":[],"attachments":[],"parameters":[],"shouldDisplayMessage":false,"attachmentsCount":0,"stepsCount":0,"hasContent":false,"attachmentStep":false},{"name":"Инициализация локаторов","time":{"start":1738002808323,"stop":1738002808324,"duration":1},"status":"passed","steps":[{"name":"Инициализация локаторов","time":{"start":1738002808324,"stop":1738002808324,"duration":0},"status":"passed","steps":[],"attachments":[],"parameters":[{"name":"request","value":"<SubRequest 'elements' for <Function test_validation_of_the_email_or_phone_number_input_field_when_entering_a_non_existent_value_email>>"}],"shouldDisplayMessage":false,"attachmentsCount":0,"stepsCount":0,"hasContent":true,"attachmentStep":false}],"attachments":[],"parameters":[],"shouldDisplayMessage":false,"attachmentsCount":0,"stepsCount":1,"hasContent":true,"attachmentStep":false}],"testStage":{"status":"failed","statusMessage":"AssertionError: Ожидался текст: 'Пользователь не найден', отображается текст: ''","statusTrace":"self = <test_reset_password.TestResetPassword object at 0x7f32e3488c80>\nelements = {'Банк ачивок': {'Блок ачивок': ('xpath', '//div[contains(@class,\"user-achievement-by-interests_container\")]'), 'Модал...'carrot-messenger-frame'), 'Чат кэррот': ('xpath', '//div[contains(@class,\"carrot-messenger-frame-container\")]')}, ...}\n\n    @allure.title('Проверка валидации поля ввода Email или номер телефона при вводе несуществующего значения email')\n    @allure.severity('Critical')\n    @pytest.mark.regression\n    def test_validation_of_the_email_or_phone_number_input_field_when_entering_a_non_existent_value_email(self, elements):\n        with allure.step('Открыть страницу логина'):\n            self.login_page.open()\n            element = elements['Страница логина']\n    \n        with allure.step('Нажать кнопку забыл пароль'):\n            self.login_page.do_click(element['Кнопка забыл пароль'])\n    \n        with allure.step('В поле \"Email или номер телефона\" ввести случайное значение email'):\n            element = elements['Страница восстановления пароля']\n            self.reset_password_page.field_send_keys(element['Поле логин'],\n                                                     text=f'{fake.email()}')\n    \n        with allure.step('Нажать кнопку \"Сбросить пароль\"'):\n            self.reset_password_page.do_click(element['Кнопка сбросить пароль'])\n    \n        with allure.step('Проверить, что сработала валидация с текстом \"Пользователь не найден\"'):\n>           self.assertion.text_in_element(element['Валидация поля логин'],\n                                           expected_text='Пользователь не найден')\n\ntests/test_reset_password.py:151: \n_ _ _ _ _ _ _ _ _ _ _ _ _ _ _ _ _ _ _ _ _ _ _ _ _ _ _ _ _ _ _ _ _ _ _ _ _ _ _ _ \n\nself = <base.base_assertion.Assertion object at 0x7f32e3f48050>\nby_locator = ('xpath', '//div[@class=\"reset-login-form_error__9yjIT\"]')\nexpected_text = 'Пользователь не найден', timeout = 10\n\n    def text_in_element(self, by_locator, expected_text: str or int, timeout=10):\n        \"\"\"\n        Проверка совпадения текста элемента с ожиданием\n    \n        :param by_locator:\n            локатор элемента\n        :param expected_text:\n            ожидаемый текст\n        :param timeout:\n            время ожидания в секундах\n    \n        \"\"\"\n    \n        element = WebDriverWait(self.driver, timeout).until(\n            EC.presence_of_element_located(by_locator)\n        )\n    \n        text_in_element = element.text\n>       assert expected_text == text_in_element, \\\n            f\"Ожидался текст: '{expected_text}', отображается текст: '{text_in_element}'\"\nE       AssertionError: Ожидался текст: 'Пользователь не найден', отображается текст: ''\n\nbase/base_assertion.py:31: AssertionError","steps":[{"name":"Открыть страницу логина","time":{"start":1738002808324,"stop":1738002810195,"duration":1871},"status":"passed","steps":[],"attachments":[],"parameters":[],"shouldDisplayMessage":false,"attachmentsCount":0,"stepsCount":0,"hasContent":false,"attachmentStep":false},{"name":"Нажать кнопку забыл пароль","time":{"start":1738002810195,"stop":1738002811759,"duration":1564},"status":"passed","steps":[],"attachments":[],"parameters":[],"shouldDisplayMessage":false,"attachmentsCount":0,"stepsCount":0,"hasContent":false,"attachmentStep":false},{"name":"В поле \"Email или номер телефона\" ввести случайное значение email","time":{"start":1738002811759,"stop":1738002813354,"duration":1595},"status":"passed","steps":[],"attachments":[],"parameters":[],"shouldDisplayMessage":false,"attachmentsCount":0,"stepsCount":0,"hasContent":false,"attachmentStep":false},{"name":"Нажать кнопку \"Сбросить пароль\"","time":{"start":1738002813354,"stop":1738002813399,"duration":45},"status":"passed","steps":[],"attachments":[],"parameters":[],"shouldDisplayMessage":false,"attachmentsCount":0,"stepsCount":0,"hasContent":false,"attachmentStep":false},{"name":"Проверить, что сработала валидация с текстом \"Пользователь не найден\"","time":{"start":1738002813399,"stop":1738002813416,"duration":17},"status":"failed","statusMessage":"AssertionError: Ожидался текст: 'Пользователь не найден', отображается текст: ''\n","statusTrace":"  File \"/usr/workspace/tests/test_reset_password.py\", line 151, in test_validation_of_the_email_or_phone_number_input_field_when_entering_a_non_existent_value_email\n    self.assertion.text_in_element(element['Валидация поля логин'],\n  File \"/usr/workspace/base/base_assertion.py\", line 31, in text_in_element\n    assert expected_text == text_in_element, \\\n","steps":[],"attachments":[],"parameters":[],"shouldDisplayMessage":true,"attachmentsCount":0,"stepsCount":0,"hasContent":true,"attachmentStep":false}],"attachments":[],"parameters":[],"shouldDisplayMessage":true,"attachmentsCount":0,"stepsCount":5,"hasContent":true,"attachmentStep":false},"afterStages":[{"name":"driver::0","time":{"start":1738002813426,"stop":1738002813629,"duration":203},"status":"passed","steps":[],"attachments":[{"uid":"3117255fdc7d2076","name":"page_source","source":"3117255fdc7d2076.html","type":"text/html","size":10519},{"uid":"25ddc441e548a470","name":"screenshot","source":"25ddc441e548a470.png","type":"image/png","size":30865},{"uid":"4af8429dea9eb891","name":"browser_logs","source":"4af8429dea9eb891.txt","type":"text/plain","size":1669}],"parameters":[],"shouldDisplayMessage":false,"attachmentsCount":3,"stepsCount":0,"hasContent":true,"attachmentStep":false}],"labels":[{"name":"severity","value":"Critical"},{"name":"feature","value":"Восстановление пароля"},{"name":"tag","value":"regression"},{"name":"tag","value":"reset_password"},{"name":"parentSuite","value":"tests"},{"name":"suite","value":"test_reset_password"},{"name":"subSuite","value":"TestResetPassword"},{"name":"host","value":"f6ae2b2a5036"},{"name":"thread","value":"1-MainThread"},{"name":"framework","value":"pytest"},{"name":"language","value":"cpython3"},{"name":"package","value":"tests.test_reset_password"},{"name":"resultFormat","value":"allure2"}],"parameters":[],"links":[],"hidden":false,"retry":false,"extra":{"severity":"critical","retries":[],"categories":[{"name":"Product defects","matchedStatuses":[],"flaky":false}],"history":{"statistic":{"failed":6,"broken":4,"skipped":0,"passed":36,"unknown":0,"total":46},"items":[{"uid":"99a935775ee2206d","status":"broken","statusDetails":"urllib3.exceptions.ReadTimeoutError: HTTPConnectionPool(host='localhost', port=34815): Read timed out. (read timeout=120)","time":{"start":1737937695586,"stop":1737937695586,"duration":0}},{"uid":"b6554e6d7641cee0","status":"failed","statusDetails":"AssertionError: Ожидался текст: 'Пользователь не найден', отображается текст: ''","time":{"start":1737843763142,"stop":1737843769127,"duration":5985}},{"uid":"e1d7257d99af7d6f","status":"failed","statusDetails":"AssertionError: Ожидался текст: 'Пользователь не найден', отображается текст: ''","time":{"start":1737832875732,"stop":1737832880569,"duration":4837}},{"uid":"c959977c4c9065e2","status":"failed","statusDetails":"AssertionError: Ожидался текст: 'Пользователь не найден', отображается текст: ''","time":{"start":1737800242918,"stop":1737800247976,"duration":5058}},{"uid":"3156746a4d64f6ea","status":"failed","statusDetails":"AssertionError: Ожидался текст: 'Пользователь не найден', отображается текст: ''","time":{"start":1737758505948,"stop":1737758511893,"duration":5945}},{"uid":"97686d8880395ef6","status":"failed","statusDetails":"AssertionError: Ожидался текст: 'Пользователь не найден', отображается текст: ''","time":{"start":1737745502862,"stop":1737745507913,"duration":5051}},{"uid":"a2f02c077c60e49e","status":"broken","statusDetails":"selenium.common.exceptions.TimeoutException: Message: Не найден элемент с локатором ('xpath', '//div[@class=\"reset-login-form_error__9yjIT\"]')","time":{"start":1737653460653,"stop":1737653496916,"duration":36263}},{"uid":"b7e95ac6ccdd8629","status":"broken","statusDetails":"selenium.common.exceptions.TimeoutException: Message: Не найден элемент с локатором ('xpath', '//div[@class=\"reset-login-form_error__9yjIT\"]')","time":{"start":1737571437652,"stop":1737571474143,"duration":36491}},{"uid":"95d708873ca72eb2","status":"broken","statusDetails":"selenium.common.exceptions.WebDriverException: Message: unknown error: Chrome failed to start: exited abnormally.\n  (unknown error: DevToolsActivePort file doesn't exist)\n  (The process started from chrome location /usr/bin/chromium-browser is no longer running, so ChromeDriver is assuming that Chrome has crashed.)","time":{"start":1737568974205,"stop":1737568974205,"duration":0}},{"uid":"c43b675dcc75db8a","status":"passed","time":{"start":1734035303232,"stop":1734035310179,"duration":6947}},{"uid":"e9afe253cc9a8fb3","status":"passed","time":{"start":1733938109653,"stop":1733938116068,"duration":6415}},{"uid":"9e8a04a208ff51d7","status":"passed","time":{"start":1733866741846,"stop":1733866748146,"duration":6300}},{"uid":"fcb4973bcbce9051","status":"passed","time":{"start":1733861178633,"stop":1733861185454,"duration":6821}},{"uid":"be3e6745a23d98f4","status":"passed","time":{"start":1733857598974,"stop":1733857605164,"duration":6190}},{"uid":"b41350db58a51b9d","status":"passed","time":{"start":1733772572351,"stop":1733772579866,"duration":7515}},{"uid":"f029e77ec643716c","status":"passed","time":{"start":1733766995859,"stop":1733767002301,"duration":6442}},{"uid":"c8533b89f7ded99a","status":"passed","time":{"start":1733422599387,"stop":1733422605528,"duration":6141}},{"uid":"d0bf5e58ae7371f6","status":"passed","time":{"start":1726780878400,"stop":1726780885839,"duration":7439}},{"uid":"e29f516cfa6873e2","status":"passed","time":{"start":1726777650544,"stop":1726777660679,"duration":10135}},{"uid":"5b32e9f9229c4032","status":"passed","time":{"start":1724099403020,"stop":1724099410299,"duration":7279}}]},"tags":["regression","reset_password"]},"source":"40f3eb33f35e932c.json","parameterValues":[]}