{"uid":"41baf7984698b959","name":"Проверка возможности подписаться","fullName":"tests.test_profile.TestProfile#test_opportunities_to_subscribe","historyId":"8837be03da4b857171429e7b0d59755b","time":{"start":1737932558826,"stop":1737932558826,"duration":0},"description":"После проверки, отписываемся от пользователя для приведения в исходное состояние","descriptionHtml":"<p>После проверки, отписываемся от пользователя для приведения в исходное состояние</p>\n","status":"broken","statusMessage":"selenium.common.exceptions.StaleElementReferenceException: Message: stale element reference: stale element not found in the current frame\n  (Session info: chrome=132.0.6834.83); For documentation on this error, please visit: https://www.selenium.dev/documentation/webdriver/troubleshooting/errors#stale-element-reference-exception","statusTrace":"request = <SubRequest 'login_to_app' for <Function test_opportunities_to_subscribe>>\ndriver = <selenium.webdriver.chrome.webdriver.WebDriver (session=\"bc9ef8a73d838de81be22d4b7ed8b38f\")>\n\n    @pytest.fixture(scope='function')\n    @allure.title('Авторизация пользователя в системе')\n    @allure.step('Авторизация пользователя в системе')\n    def login_to_app(request, driver):\n        \"\"\" Фикстура Логина в систему \"\"\"\n        login_page = ApiAuthorization(driver)\n        login_page.user(User.LOGIN, User.PASSWORD)\n        try:\n>           later = login_page.find_element(config.locators.RubricPageLocators.locators['Кнопка выберу потом'])\n\nconftest.py:55: \n_ _ _ _ _ _ _ _ _ _ _ _ _ _ _ _ _ _ _ _ _ _ _ _ _ _ _ _ _ _ _ _ _ _ _ _ _ _ _ _ \nbase/base_page.py:138: in find_element\n    return self.wait.until(EC.visibility_of_element_located(locator),\n_ _ _ _ _ _ _ _ _ _ _ _ _ _ _ _ _ _ _ _ _ _ _ _ _ _ _ _ _ _ _ _ _ _ _ _ _ _ _ _ \n\nself = <selenium.webdriver.support.wait.WebDriverWait (session=\"bc9ef8a73d838de81be22d4b7ed8b38f\")>\nmethod = <function visibility_of_element_located.<locals>._predicate at 0x7f048414cfe0>\nmessage = 'Не найден элемент с локатором (\\'xpath\\', \\'//button[@data-testing=\"after_register_dialog__btn_choose_later\"]\\')'\n\n    def until(self, method: Callable[[D], Union[Literal[False], T]], message: str = \"\") -> T:\n        \"\"\"Calls the method provided with the driver as an argument until the \\\n        return value does not evaluate to ``False``.\n    \n        :param method: callable(WebDriver)\n        :param message: optional message for :exc:`TimeoutException`\n        :returns: the result of the last call to `method`\n        :raises: :exc:`selenium.common.exceptions.TimeoutException` if timeout occurs\n        \"\"\"\n        screen = None\n        stacktrace = None\n    \n        end_time = time.monotonic() + self._timeout\n        while True:\n            try:\n                value = method(self._driver)\n                if value:\n                    return value\n            except self._ignored_exceptions as exc:\n                screen = getattr(exc, \"screen\", None)\n                stacktrace = getattr(exc, \"stacktrace\", None)\n            if time.monotonic() > end_time:\n                break\n            time.sleep(self._poll)\n>       raise TimeoutException(message, screen, stacktrace)\nE       selenium.common.exceptions.TimeoutException: Message: Не найден элемент с локатором ('xpath', '//button[@data-testing=\"after_register_dialog__btn_choose_later\"]')\n\n../local/lib/python3.13/site-packages/selenium/webdriver/support/wait.py:105: TimeoutException\n\nDuring handling of the above exception, another exception occurred:\n\nrequest = <SubRequest 'login_to_app' for <Function test_opportunities_to_subscribe>>\ndriver = <selenium.webdriver.chrome.webdriver.WebDriver (session=\"bc9ef8a73d838de81be22d4b7ed8b38f\")>\n\n    @pytest.fixture(scope='function')\n    @allure.title('Авторизация пользователя в системе')\n    @allure.step('Авторизация пользователя в системе')\n    def login_to_app(request, driver):\n        \"\"\" Фикстура Логина в систему \"\"\"\n        login_page = ApiAuthorization(driver)\n        login_page.user(User.LOGIN, User.PASSWORD)\n        try:\n            later = login_page.find_element(config.locators.RubricPageLocators.locators['Кнопка выберу потом'])\n            login_page.do_click(later)\n        except TimeoutException:\n            element = login_page.find_element(\n                config.locators.MainPageLocators.locators['Листай вниз и найди свои интересы'])\n>           login_page.do_click(element)\n\nconftest.py:60: \n_ _ _ _ _ _ _ _ _ _ _ _ _ _ _ _ _ _ _ _ _ _ _ _ _ _ _ _ _ _ _ _ _ _ _ _ _ _ _ _ \nbase/base_page.py:75: in do_click\n    elem = WebDriverWait(self.driver, wait_time).until(EC.element_to_be_clickable(locator))\n../local/lib/python3.13/site-packages/selenium/webdriver/support/wait.py:96: in until\n    value = method(self._driver)\n../local/lib/python3.13/site-packages/selenium/webdriver/support/expected_conditions.py:364: in _predicate\n    element = visibility_of(target)(driver)\n../local/lib/python3.13/site-packages/selenium/webdriver/support/expected_conditions.py:173: in _predicate\n    return _element_if_visible(element)\n../local/lib/python3.13/site-packages/selenium/webdriver/support/expected_conditions.py:179: in _element_if_visible\n    return element if element.is_displayed() == visibility else False\n../local/lib/python3.13/site-packages/selenium/webdriver/remote/webelement.py:252: in is_displayed\n    return self.parent.execute_script(f\"/* isDisplayed */return ({isDisplayed_js}).apply(null, arguments);\", self)\n../local/lib/python3.13/site-packages/selenium/webdriver/remote/webdriver.py:444: in execute_script\n    return self.execute(command, {\"script\": script, \"args\": converted_args})[\"value\"]\n../local/lib/python3.13/site-packages/selenium/webdriver/remote/webdriver.py:384: in execute\n    self.error_handler.check_response(response)\n_ _ _ _ _ _ _ _ _ _ _ _ _ _ _ _ _ _ _ _ _ _ _ _ _ _ _ _ _ _ _ _ _ _ _ _ _ _ _ _ \n\nself = <selenium.webdriver.remote.errorhandler.ErrorHandler object at 0x7f0484ae5f90>\nresponse = {'status': 404, 'value': '{\"value\":{\"error\":\"stale element reference\",\"message\":\"stale element reference: stale element not found in the current frame\\\\n  (Session info: chrome=132.0.6834.83)\",\"stacktrace\":\"\"}}'}\n\n    def check_response(self, response: Dict[str, Any]) -> None:\n        \"\"\"Checks that a JSON response from the WebDriver does not have an\n        error.\n    \n        :Args:\n         - response - The JSON response from the WebDriver server as a dictionary\n           object.\n    \n        :Raises: If the response contains an error message.\n        \"\"\"\n        status = response.get(\"status\", None)\n        if not status or status == ErrorCode.SUCCESS:\n            return\n        value = None\n        message = response.get(\"message\", \"\")\n        screen: str = response.get(\"screen\", \"\")\n        stacktrace = None\n        if isinstance(status, int):\n            value_json = response.get(\"value\", None)\n            if value_json and isinstance(value_json, str):\n                import json\n    \n                try:\n                    value = json.loads(value_json)\n                    if len(value) == 1:\n                        value = value[\"value\"]\n                    status = value.get(\"error\", None)\n                    if not status:\n                        status = value.get(\"status\", ErrorCode.UNKNOWN_ERROR)\n                        message = value.get(\"value\") or value.get(\"message\")\n                        if not isinstance(message, str):\n                            value = message\n                            message = message.get(\"message\")\n                    else:\n                        message = value.get(\"message\", None)\n                except ValueError:\n                    pass\n    \n        exception_class: Type[WebDriverException]\n        e = ErrorCode()\n        error_codes = [item for item in dir(e) if not item.startswith(\"__\")]\n        for error_code in error_codes:\n            error_info = getattr(ErrorCode, error_code)\n            if isinstance(error_info, list) and status in error_info:\n                exception_class = getattr(ExceptionMapping, error_code, WebDriverException)\n                break\n        else:\n            exception_class = WebDriverException\n    \n        if not value:\n            value = response[\"value\"]\n        if isinstance(value, str):\n            raise exception_class(value)\n        if message == \"\" and \"message\" in value:\n            message = value[\"message\"]\n    \n        screen = None  # type: ignore[assignment]\n        if \"screen\" in value:\n            screen = value[\"screen\"]\n    \n        stacktrace = None\n        st_value = value.get(\"stackTrace\") or value.get(\"stacktrace\")\n        if st_value:\n            if isinstance(st_value, str):\n                stacktrace = st_value.split(\"\\n\")\n            else:\n                stacktrace = []\n                try:\n                    for frame in st_value:\n                        line = frame.get(\"lineNumber\", \"\")\n                        file = frame.get(\"fileName\", \"<anonymous>\")\n                        if line:\n                            file = f\"{file}:{line}\"\n                        meth = frame.get(\"methodName\", \"<anonymous>\")\n                        if \"className\" in frame:\n                            meth = f\"{frame['className']}.{meth}\"\n                        msg = \"    at %s (%s)\"\n                        msg = msg % (meth, file)\n                        stacktrace.append(msg)\n                except TypeError:\n                    pass\n        if exception_class == UnexpectedAlertPresentException:\n            alert_text = None\n            if \"data\" in value:\n                alert_text = value[\"data\"].get(\"text\")\n            elif \"alert\" in value:\n                alert_text = value[\"alert\"].get(\"text\")\n            raise exception_class(message, screen, stacktrace, alert_text)  # type: ignore[call-arg]  # mypy is not smart enough here\n>       raise exception_class(message, screen, stacktrace)\nE       selenium.common.exceptions.StaleElementReferenceException: Message: stale element reference: stale element not found in the current frame\nE         (Session info: chrome=132.0.6834.83); For documentation on this error, please visit: https://www.selenium.dev/documentation/webdriver/troubleshooting/errors#stale-element-reference-exception\n\n../local/lib/python3.13/site-packages/selenium/webdriver/remote/errorhandler.py:232: StaleElementReferenceException","flaky":false,"newFailed":false,"newBroken":true,"newPassed":false,"retriesCount":0,"retriesStatusChange":false,"beforeStages":[{"name":"_session_faker","time":{"start":1737925936720,"stop":1737925936721,"duration":1},"status":"passed","steps":[],"attachments":[],"parameters":[],"shouldDisplayMessage":false,"attachmentsCount":0,"stepsCount":0,"hasContent":false,"attachmentStep":false},{"name":"driver","time":{"start":1737932558856,"stop":1737932573943,"duration":15087},"status":"passed","steps":[],"attachments":[],"parameters":[],"shouldDisplayMessage":false,"attachmentsCount":0,"stepsCount":0,"hasContent":false,"attachmentStep":false},{"name":"setup","time":{"start":1737932573943,"stop":1737932573944,"duration":1},"status":"passed","steps":[],"attachments":[],"parameters":[],"shouldDisplayMessage":false,"attachmentsCount":0,"stepsCount":0,"hasContent":false,"attachmentStep":false},{"name":"Инициализация локаторов","time":{"start":1737932573944,"stop":1737932573944,"duration":0},"status":"passed","steps":[{"name":"Инициализация локаторов","time":{"start":1737932573944,"stop":1737932573944,"duration":0},"status":"passed","steps":[],"attachments":[],"parameters":[{"name":"request","value":"<SubRequest 'elements' for <Function test_opportunities_to_subscribe>>"}],"shouldDisplayMessage":false,"attachmentsCount":0,"stepsCount":0,"hasContent":true,"attachmentStep":false}],"attachments":[],"parameters":[],"shouldDisplayMessage":false,"attachmentsCount":0,"stepsCount":1,"hasContent":true,"attachmentStep":false},{"name":"Авторизация пользователя в системе","time":{"start":1737932573944,"stop":1737932699647,"duration":125703},"status":"broken","statusMessage":"selenium.common.exceptions.StaleElementReferenceException: Message: stale element reference: stale element not found in the current frame\n  (Session info: chrome=132.0.6834.83); For documentation on this error, please visit: https://www.selenium.dev/documentation/webdriver/troubleshooting/errors#stale-element-reference-exception\n\n","statusTrace":"  File \"/usr/local/lib/python3.13/site-packages/pluggy/_callers.py\", line 167, in _multicall\n    teardown.throw(outcome._exception)\n    ~~~~~~~~~~~~~~^^^^^^^^^^^^^^^^^^^^\n  File \"/usr/local/lib/python3.13/site-packages/_pytest/setuponly.py\", line 36, in pytest_fixture_setup\n    return (yield)\n            ^^^^^\n  File \"/usr/local/lib/python3.13/site-packages/pluggy/_callers.py\", line 103, in _multicall\n    res = hook_impl.function(*args)\n  File \"/usr/local/lib/python3.13/site-packages/_pytest/fixtures.py\", line 1140, in pytest_fixture_setup\n    result = call_fixture_func(fixturefunc, request, kwargs)\n  File \"/usr/local/lib/python3.13/site-packages/_pytest/fixtures.py\", line 898, in call_fixture_func\n    fixture_result = fixturefunc(**kwargs)\n  File \"/usr/local/lib/python3.13/site-packages/allure_commons/_allure.py\", line 192, in impl\n    return func(*a, **kw)\n  File \"/usr/workspace/conftest.py\", line 60, in login_to_app\n    login_page.do_click(element)\n    ~~~~~~~~~~~~~~~~~~~^^^^^^^^^\n  File \"/usr/workspace/base/base_page.py\", line 75, in do_click\n    elem = WebDriverWait(self.driver, wait_time).until(EC.element_to_be_clickable(locator))\n  File \"/usr/local/lib/python3.13/site-packages/selenium/webdriver/support/wait.py\", line 96, in until\n    value = method(self._driver)\n  File \"/usr/local/lib/python3.13/site-packages/selenium/webdriver/support/expected_conditions.py\", line 364, in _predicate\n    element = visibility_of(target)(driver)\n  File \"/usr/local/lib/python3.13/site-packages/selenium/webdriver/support/expected_conditions.py\", line 173, in _predicate\n    return _element_if_visible(element)\n  File \"/usr/local/lib/python3.13/site-packages/selenium/webdriver/support/expected_conditions.py\", line 179, in _element_if_visible\n    return element if element.is_displayed() == visibility else False\n                      ~~~~~~~~~~~~~~~~~~~~^^\n  File \"/usr/local/lib/python3.13/site-packages/selenium/webdriver/remote/webelement.py\", line 252, in is_displayed\n    return self.parent.execute_script(f\"/* isDisplayed */return ({isDisplayed_js}).apply(null, arguments);\", self)\n           ~~~~~~~~~~~~~~~~~~~~~~~~~~^^^^^^^^^^^^^^^^^^^^^^^^^^^^^^^^^^^^^^^^^^^^^^^^^^^^^^^^^^^^^^^^^^^^^^^^^^^^^\n  File \"/usr/local/lib/python3.13/site-packages/selenium/webdriver/remote/webdriver.py\", line 444, in execute_script\n    return self.execute(command, {\"script\": script, \"args\": converted_args})[\"value\"]\n           ~~~~~~~~~~~~^^^^^^^^^^^^^^^^^^^^^^^^^^^^^^^^^^^^^^^^^^^^^^^^^^^^^\n  File \"/usr/local/lib/python3.13/site-packages/selenium/webdriver/remote/webdriver.py\", line 384, in execute\n    self.error_handler.check_response(response)\n    ~~~~~~~~~~~~~~~~~~~~~~~~~~~~~~~~~^^^^^^^^^^\n  File \"/usr/local/lib/python3.13/site-packages/selenium/webdriver/remote/errorhandler.py\", line 232, in check_response\n    raise exception_class(message, screen, stacktrace)\n","steps":[{"name":"Авторизация пользователя в системе","time":{"start":1737932573944,"stop":1737932699593,"duration":125649},"status":"broken","statusMessage":"selenium.common.exceptions.StaleElementReferenceException: Message: stale element reference: stale element not found in the current frame\n  (Session info: chrome=132.0.6834.83); For documentation on this error, please visit: https://www.selenium.dev/documentation/webdriver/troubleshooting/errors#stale-element-reference-exception\n\n","statusTrace":"  File \"/usr/local/lib/python3.13/site-packages/allure_commons/_allure.py\", line 192, in impl\n    return func(*a, **kw)\n  File \"/usr/workspace/conftest.py\", line 60, in login_to_app\n    login_page.do_click(element)\n    ~~~~~~~~~~~~~~~~~~~^^^^^^^^^\n  File \"/usr/workspace/base/base_page.py\", line 75, in do_click\n    elem = WebDriverWait(self.driver, wait_time).until(EC.element_to_be_clickable(locator))\n  File \"/usr/local/lib/python3.13/site-packages/selenium/webdriver/support/wait.py\", line 96, in until\n    value = method(self._driver)\n  File \"/usr/local/lib/python3.13/site-packages/selenium/webdriver/support/expected_conditions.py\", line 364, in _predicate\n    element = visibility_of(target)(driver)\n  File \"/usr/local/lib/python3.13/site-packages/selenium/webdriver/support/expected_conditions.py\", line 173, in _predicate\n    return _element_if_visible(element)\n  File \"/usr/local/lib/python3.13/site-packages/selenium/webdriver/support/expected_conditions.py\", line 179, in _element_if_visible\n    return element if element.is_displayed() == visibility else False\n                      ~~~~~~~~~~~~~~~~~~~~^^\n  File \"/usr/local/lib/python3.13/site-packages/selenium/webdriver/remote/webelement.py\", line 252, in is_displayed\n    return self.parent.execute_script(f\"/* isDisplayed */return ({isDisplayed_js}).apply(null, arguments);\", self)\n           ~~~~~~~~~~~~~~~~~~~~~~~~~~^^^^^^^^^^^^^^^^^^^^^^^^^^^^^^^^^^^^^^^^^^^^^^^^^^^^^^^^^^^^^^^^^^^^^^^^^^^^^\n  File \"/usr/local/lib/python3.13/site-packages/selenium/webdriver/remote/webdriver.py\", line 444, in execute_script\n    return self.execute(command, {\"script\": script, \"args\": converted_args})[\"value\"]\n           ~~~~~~~~~~~~^^^^^^^^^^^^^^^^^^^^^^^^^^^^^^^^^^^^^^^^^^^^^^^^^^^^^\n  File \"/usr/local/lib/python3.13/site-packages/selenium/webdriver/remote/webdriver.py\", line 384, in execute\n    self.error_handler.check_response(response)\n    ~~~~~~~~~~~~~~~~~~~~~~~~~~~~~~~~~^^^^^^^^^^\n  File \"/usr/local/lib/python3.13/site-packages/selenium/webdriver/remote/errorhandler.py\", line 232, in check_response\n    raise exception_class(message, screen, stacktrace)\n","steps":[],"attachments":[],"parameters":[{"name":"request","value":"<SubRequest 'login_to_app' for <Function test_opportunities_to_subscribe>>"},{"name":"driver","value":"<selenium.webdriver.chrome.webdriver.WebDriver (session=\"bc9ef8a73d838de81be22d4b7ed8b38f\")>"}],"shouldDisplayMessage":true,"attachmentsCount":0,"stepsCount":0,"hasContent":true,"attachmentStep":false}],"attachments":[],"parameters":[],"shouldDisplayMessage":false,"attachmentsCount":0,"stepsCount":1,"hasContent":true,"attachmentStep":false}],"afterStages":[{"name":"driver::0","time":{"start":1737932702470,"stop":1737932771604,"duration":69134},"status":"broken","statusMessage":"selenium.common.exceptions.TimeoutException: Message: timeout: Timed out receiving message from renderer: 10.000\n  (Session info: chrome=132.0.6834.83)\n\n","statusTrace":"  File \"/usr/local/lib/python3.13/site-packages/allure_commons/_allure.py\", line 221, in __call__\n    return self._fixture_function(*args, **kwargs)\n           ~~~~~~~~~~~~~~~~~~~~~~^^^^^^^^^^^^^^^^^\n  File \"/usr/local/lib/python3.13/site-packages/_pytest/fixtures.py\", line 907, in _teardown_yield_fixture\n    next(it)\n    ~~~~^^^^\n  File \"/usr/workspace/conftest.py\", line 32, in driver\n    attach.add_screenshot(driver)\n    ~~~~~~~~~~~~~~~~~~~~~^^^^^^^^\n  File \"/usr/workspace/config/attach.py\", line 6, in add_screenshot\n    png = driver.get_screenshot_as_png()\n  File \"/usr/local/lib/python3.13/site-packages/selenium/webdriver/remote/webdriver.py\", line 853, in get_screenshot_as_png\n    return b64decode(self.get_screenshot_as_base64().encode(\"ascii\"))\n                     ~~~~~~~~~~~~~~~~~~~~~~~~~~~~~^^\n  File \"/usr/local/lib/python3.13/site-packages/selenium/webdriver/remote/webdriver.py\", line 864, in get_screenshot_as_base64\n    return self.execute(Command.SCREENSHOT)[\"value\"]\n           ~~~~~~~~~~~~^^^^^^^^^^^^^^^^^^^^\n  File \"/usr/local/lib/python3.13/site-packages/selenium/webdriver/remote/webdriver.py\", line 384, in execute\n    self.error_handler.check_response(response)\n    ~~~~~~~~~~~~~~~~~~~~~~~~~~~~~~~~~^^^^^^^^^^\n  File \"/usr/local/lib/python3.13/site-packages/selenium/webdriver/remote/errorhandler.py\", line 232, in check_response\n    raise exception_class(message, screen, stacktrace)\n","steps":[],"attachments":[{"uid":"3993612295f32c80","name":"page_source","source":"3993612295f32c80.html","type":"text/html","size":7893}],"parameters":[],"shouldDisplayMessage":true,"attachmentsCount":1,"stepsCount":0,"hasContent":true,"attachmentStep":false}],"labels":[{"name":"feature","value":"Профиль пользователя"},{"name":"severity","value":"Critical"},{"name":"tag","value":"regression"},{"name":"tag","value":"profile"},{"name":"parentSuite","value":"tests"},{"name":"suite","value":"test_profile"},{"name":"subSuite","value":"TestProfile"},{"name":"host","value":"69e45c3075d5"},{"name":"thread","value":"1-MainThread"},{"name":"framework","value":"pytest"},{"name":"language","value":"cpython3"},{"name":"package","value":"tests.test_profile"},{"name":"resultFormat","value":"allure2"}],"parameters":[],"links":[],"hidden":false,"retry":false,"extra":{"severity":"critical","retries":[],"categories":[{"name":"Test defects","matchedStatuses":[],"flaky":false}],"history":{"statistic":{"failed":8,"broken":7,"skipped":0,"passed":19,"unknown":0,"total":34},"items":[{"uid":"c64e506b5b3bf6fd","status":"failed","statusDetails":"AssertionError: Ожидался текст: '2', отображается текст: '1'","time":{"start":1737843315212,"stop":1737843322169,"duration":6957}},{"uid":"44c71df5ac64d686","status":"failed","statusDetails":"AssertionError: Ожидался текст: '2', отображается текст: '1'","time":{"start":1737832501768,"stop":1737832508742,"duration":6974}},{"uid":"ce1adce00b0b9cd","status":"failed","statusDetails":"AssertionError: Ожидался текст: '2', отображается текст: '1'","time":{"start":1737799865822,"stop":1737799872800,"duration":6978}},{"uid":"c3ba876983d362af","status":"failed","statusDetails":"AssertionError: Ожидался текст: '2', отображается текст: '1'","time":{"start":1737758099860,"stop":1737758106847,"duration":6987}},{"uid":"681cab165fc587d7","status":"failed","statusDetails":"AssertionError: Ожидался текст: '2', отображается текст: '1'","time":{"start":1737745092073,"stop":1737745099043,"duration":6970}},{"uid":"6412b3cf34021890","status":"failed","statusDetails":"AssertionError: Ожидался текст: '2', отображается текст: '1'","time":{"start":1737652984595,"stop":1737652992082,"duration":7487}},{"uid":"6f9148b3096adb32","status":"failed","statusDetails":"AssertionError: Ожидался текст: '2', отображается текст: '1'","time":{"start":1737570658842,"stop":1737570666395,"duration":7553}},{"uid":"1a48054d733defb1","status":"broken","statusDetails":"selenium.common.exceptions.WebDriverException: Message: unknown error: Chrome failed to start: exited abnormally.\n  (unknown error: DevToolsActivePort file doesn't exist)\n  (The process started from chrome location /usr/bin/chromium-browser is no longer running, so ChromeDriver is assuming that Chrome has crashed.)","time":{"start":1737568968602,"stop":1737568968602,"duration":0}},{"uid":"5f1fbecb0e9504cc","status":"failed","statusDetails":"AssertionError: Ожидался текст: '8', отображается текст: '7'","time":{"start":1734034910933,"stop":1734034917944,"duration":7011}},{"uid":"6c8e11255c7cf244","status":"passed","time":{"start":1733937646919,"stop":1733937656990,"duration":10071}},{"uid":"89eff593bf137b2d","status":"passed","time":{"start":1733866218449,"stop":1733866227027,"duration":8578}},{"uid":"74fe727b4307f185","status":"broken","statusDetails":"selenium.common.exceptions.TimeoutException: Message: Не найден элемент с локатором ('xpath', '//button[@data-testing=\"after_register_dialog__btn_choose_later\"]')","time":{"start":1733860651908,"stop":1733860651908,"duration":0}},{"uid":"4b88ab3497331841","status":"passed","time":{"start":1733857242645,"stop":1733857251217,"duration":8572}},{"uid":"58160b9da1f32e6d","status":"broken","statusDetails":"selenium.common.exceptions.TimeoutException: Message: Не найден элемент с локатором ('xpath', '//button[@data-testing=\"after_register_dialog__btn_choose_later\"]')","time":{"start":1733772122579,"stop":1733772122579,"duration":0}},{"uid":"cd775cec30479bbe","status":"broken","statusDetails":"selenium.common.exceptions.TimeoutException: Message: Не найден элемент с локатором ('xpath', '//button[@data-testing=\"after_register_dialog__btn_choose_later\"]')","time":{"start":1733766597191,"stop":1733766597191,"duration":0}},{"uid":"ee0039eb2d4869d9","status":"passed","time":{"start":1733422197209,"stop":1733422205764,"duration":8555}},{"uid":"dd0876c3265ad7b9","status":"passed","time":{"start":1726780536377,"stop":1726780544916,"duration":8539}},{"uid":"cf7f45e7bcfd3366","status":"broken","statusDetails":"selenium.common.exceptions.TimeoutException: Message: Не найден элемент с локатором ('xpath', '//div[@id=\"user-info_following\"]//div[contains(@class,\"user-info_count\")]')","time":{"start":1726777289430,"stop":1726777319613,"duration":30183}},{"uid":"a050564acea6b59c","status":"passed","time":{"start":1724099046410,"stop":1724099054992,"duration":8582}},{"uid":"6bd2b16563ba6c8e","status":"passed","time":{"start":1723829351255,"stop":1723829359765,"duration":8510}}]},"tags":["regression","profile"]},"source":"41baf7984698b959.json","parameterValues":[]}