{"uid":"486b99de0bdf0651","name":"Проверка валидации поля никнейм при вводе русских символов","fullName":"tests.test_registration.TestRegistrationUser#test_validation_field_nickname_when_entering_russian_characters","historyId":"a6ceb30a1c8a40204281430ddbd7934a","time":{"start":1737570890720,"stop":1737570928118,"duration":37398},"status":"broken","statusMessage":"selenium.common.exceptions.TimeoutException: Message: Не найден элемент с локатором ('xpath', '//input[@name=\"nickname\"]')","statusTrace":"self = <test_registration.TestRegistrationUser object at 0x7fc3f04bea80>\nelements = {'Банк ачивок': {'Блок ачивок': ('xpath', '//div[contains(@class,\"user-achievement-by-interests_container\")]'), 'Модал...-sheet_icons\")]'), 'Название ачивки': ('xpath', '//div[contains(@class,\"achievement-item-bottom-sheet_title\")]')}, ...}\n\n    @allure.title('Проверка валидации поля никнейм при вводе русских символов')\n    @allure.severity('Normal')\n    @pytest.mark.regression\n    def test_validation_field_nickname_when_entering_russian_characters(self, elements):\n        with allure.step('Открыть страницу регистрации'):\n            self.authorization_page.open()\n            element = elements['Страница авторизации']\n    \n        with allure.step('Нажать кнопку \"По смс (Для России)\"'):\n            self.authorization_page.do_click(element['Кнопка по смс'])\n    \n        with allure.step('Нажать кнопку Далее'):\n            element = elements['Страница регистрации']\n            self.join_page.do_click(element['Кнопка далее'])\n    \n        with allure.step('В поле никнейм ввести от 3 до 16 символов на русском языке'):\n>           self.join_page.field_send_keys(element['Поле никнейм'], text=fakeru.first_name())\n\ntests/test_registration.py:169: \n_ _ _ _ _ _ _ _ _ _ _ _ _ _ _ _ _ _ _ _ _ _ _ _ _ _ _ _ _ _ _ _ _ _ _ _ _ _ _ _ \nbase/base_page.py:126: in field_send_keys\n    element = self.find_element(locator)\nbase/base_page.py:138: in find_element\n    return self.wait.until(EC.visibility_of_element_located(locator),\n_ _ _ _ _ _ _ _ _ _ _ _ _ _ _ _ _ _ _ _ _ _ _ _ _ _ _ _ _ _ _ _ _ _ _ _ _ _ _ _ \n\nself = <selenium.webdriver.support.wait.WebDriverWait (session=\"db3bc0298c9f1963f8122fa89bdb2035\")>\nmethod = <function visibility_of_element_located.<locals>._predicate at 0x7fc3f10d0e00>\nmessage = 'Не найден элемент с локатором (\\'xpath\\', \\'//input[@name=\"nickname\"]\\')'\n\n    def until(self, method: Callable[[D], Union[Literal[False], T]], message: str = \"\") -> T:\n        \"\"\"Calls the method provided with the driver as an argument until the \\\n        return value does not evaluate to ``False``.\n    \n        :param method: callable(WebDriver)\n        :param message: optional message for :exc:`TimeoutException`\n        :returns: the result of the last call to `method`\n        :raises: :exc:`selenium.common.exceptions.TimeoutException` if timeout occurs\n        \"\"\"\n        screen = None\n        stacktrace = None\n    \n        end_time = time.monotonic() + self._timeout\n        while True:\n            try:\n                value = method(self._driver)\n                if value:\n                    return value\n            except self._ignored_exceptions as exc:\n                screen = getattr(exc, \"screen\", None)\n                stacktrace = getattr(exc, \"stacktrace\", None)\n            if time.monotonic() > end_time:\n                break\n            time.sleep(self._poll)\n>       raise TimeoutException(message, screen, stacktrace)\nE       selenium.common.exceptions.TimeoutException: Message: Не найден элемент с локатором ('xpath', '//input[@name=\"nickname\"]')\n\n../local/lib/python3.12/site-packages/selenium/webdriver/support/wait.py:105: TimeoutException","flaky":false,"newFailed":false,"newBroken":false,"newPassed":false,"retriesCount":0,"retriesStatusChange":false,"beforeStages":[{"name":"_session_faker","time":{"start":1737569139111,"stop":1737569139113,"duration":2},"status":"passed","steps":[],"attachments":[],"parameters":[],"shouldDisplayMessage":false,"attachmentsCount":0,"stepsCount":0,"hasContent":false,"attachmentStep":false},{"name":"driver","time":{"start":1737570890241,"stop":1737570890719,"duration":478},"status":"passed","steps":[],"attachments":[],"parameters":[],"shouldDisplayMessage":false,"attachmentsCount":0,"stepsCount":0,"hasContent":false,"attachmentStep":false},{"name":"Инициализация локаторов","time":{"start":1737570890719,"stop":1737570890719,"duration":0},"status":"passed","steps":[{"name":"Инициализация локаторов","time":{"start":1737570890719,"stop":1737570890719,"duration":0},"status":"passed","steps":[],"attachments":[],"parameters":[{"name":"request","value":"<SubRequest 'elements' for <Function test_validation_field_nickname_when_entering_russian_characters>>"}],"shouldDisplayMessage":false,"attachmentsCount":0,"stepsCount":0,"hasContent":true,"attachmentStep":false}],"attachments":[],"parameters":[],"shouldDisplayMessage":false,"attachmentsCount":0,"stepsCount":1,"hasContent":true,"attachmentStep":false},{"name":"setup","time":{"start":1737570890719,"stop":1737570890719,"duration":0},"status":"passed","steps":[],"attachments":[],"parameters":[],"shouldDisplayMessage":false,"attachmentsCount":0,"stepsCount":0,"hasContent":false,"attachmentStep":false}],"testStage":{"status":"broken","statusMessage":"selenium.common.exceptions.TimeoutException: Message: Не найден элемент с локатором ('xpath', '//input[@name=\"nickname\"]')","statusTrace":"self = <test_registration.TestRegistrationUser object at 0x7fc3f04bea80>\nelements = {'Банк ачивок': {'Блок ачивок': ('xpath', '//div[contains(@class,\"user-achievement-by-interests_container\")]'), 'Модал...-sheet_icons\")]'), 'Название ачивки': ('xpath', '//div[contains(@class,\"achievement-item-bottom-sheet_title\")]')}, ...}\n\n    @allure.title('Проверка валидации поля никнейм при вводе русских символов')\n    @allure.severity('Normal')\n    @pytest.mark.regression\n    def test_validation_field_nickname_when_entering_russian_characters(self, elements):\n        with allure.step('Открыть страницу регистрации'):\n            self.authorization_page.open()\n            element = elements['Страница авторизации']\n    \n        with allure.step('Нажать кнопку \"По смс (Для России)\"'):\n            self.authorization_page.do_click(element['Кнопка по смс'])\n    \n        with allure.step('Нажать кнопку Далее'):\n            element = elements['Страница регистрации']\n            self.join_page.do_click(element['Кнопка далее'])\n    \n        with allure.step('В поле никнейм ввести от 3 до 16 символов на русском языке'):\n>           self.join_page.field_send_keys(element['Поле никнейм'], text=fakeru.first_name())\n\ntests/test_registration.py:169: \n_ _ _ _ _ _ _ _ _ _ _ _ _ _ _ _ _ _ _ _ _ _ _ _ _ _ _ _ _ _ _ _ _ _ _ _ _ _ _ _ \nbase/base_page.py:126: in field_send_keys\n    element = self.find_element(locator)\nbase/base_page.py:138: in find_element\n    return self.wait.until(EC.visibility_of_element_located(locator),\n_ _ _ _ _ _ _ _ _ _ _ _ _ _ _ _ _ _ _ _ _ _ _ _ _ _ _ _ _ _ _ _ _ _ _ _ _ _ _ _ \n\nself = <selenium.webdriver.support.wait.WebDriverWait (session=\"db3bc0298c9f1963f8122fa89bdb2035\")>\nmethod = <function visibility_of_element_located.<locals>._predicate at 0x7fc3f10d0e00>\nmessage = 'Не найден элемент с локатором (\\'xpath\\', \\'//input[@name=\"nickname\"]\\')'\n\n    def until(self, method: Callable[[D], Union[Literal[False], T]], message: str = \"\") -> T:\n        \"\"\"Calls the method provided with the driver as an argument until the \\\n        return value does not evaluate to ``False``.\n    \n        :param method: callable(WebDriver)\n        :param message: optional message for :exc:`TimeoutException`\n        :returns: the result of the last call to `method`\n        :raises: :exc:`selenium.common.exceptions.TimeoutException` if timeout occurs\n        \"\"\"\n        screen = None\n        stacktrace = None\n    \n        end_time = time.monotonic() + self._timeout\n        while True:\n            try:\n                value = method(self._driver)\n                if value:\n                    return value\n            except self._ignored_exceptions as exc:\n                screen = getattr(exc, \"screen\", None)\n                stacktrace = getattr(exc, \"stacktrace\", None)\n            if time.monotonic() > end_time:\n                break\n            time.sleep(self._poll)\n>       raise TimeoutException(message, screen, stacktrace)\nE       selenium.common.exceptions.TimeoutException: Message: Не найден элемент с локатором ('xpath', '//input[@name=\"nickname\"]')\n\n../local/lib/python3.12/site-packages/selenium/webdriver/support/wait.py:105: TimeoutException","steps":[{"name":"Открыть страницу регистрации","time":{"start":1737570890720,"stop":1737570894227,"duration":3507},"status":"passed","steps":[],"attachments":[],"parameters":[],"shouldDisplayMessage":false,"attachmentsCount":0,"stepsCount":0,"hasContent":false,"attachmentStep":false},{"name":"Нажать кнопку \"По смс (Для России)\"","time":{"start":1737570894227,"stop":1737570897450,"duration":3223},"status":"passed","steps":[],"attachments":[],"parameters":[],"shouldDisplayMessage":false,"attachmentsCount":0,"stepsCount":0,"hasContent":false,"attachmentStep":false},{"name":"Нажать кнопку Далее","time":{"start":1737570897450,"stop":1737570897997,"duration":547},"status":"passed","steps":[],"attachments":[],"parameters":[],"shouldDisplayMessage":false,"attachmentsCount":0,"stepsCount":0,"hasContent":false,"attachmentStep":false},{"name":"В поле никнейм ввести от 3 до 16 символов на русском языке","time":{"start":1737570897997,"stop":1737570928118,"duration":30121},"status":"broken","statusMessage":"selenium.common.exceptions.TimeoutException: Message: Не найден элемент с локатором ('xpath', '//input[@name=\"nickname\"]')\n\n","statusTrace":"  File \"/usr/workspace/tests/test_registration.py\", line 169, in test_validation_field_nickname_when_entering_russian_characters\n    self.join_page.field_send_keys(element['Поле никнейм'], text=fakeru.first_name())\n  File \"/usr/workspace/base/base_page.py\", line 126, in field_send_keys\n    element = self.find_element(locator)\n              ^^^^^^^^^^^^^^^^^^^^^^^^^^\n  File \"/usr/workspace/base/base_page.py\", line 138, in find_element\n    return self.wait.until(EC.visibility_of_element_located(locator),\n           ^^^^^^^^^^^^^^^^^^^^^^^^^^^^^^^^^^^^^^^^^^^^^^^^^^^^^^^^^^\n  File \"/usr/local/lib/python3.12/site-packages/selenium/webdriver/support/wait.py\", line 105, in until\n    raise TimeoutException(message, screen, stacktrace)\n","steps":[],"attachments":[],"parameters":[],"shouldDisplayMessage":true,"attachmentsCount":0,"stepsCount":0,"hasContent":true,"attachmentStep":false}],"attachments":[],"parameters":[],"shouldDisplayMessage":true,"attachmentsCount":0,"stepsCount":4,"hasContent":true,"attachmentStep":false},"afterStages":[{"name":"driver::0","time":{"start":1737570928137,"stop":1737570928322,"duration":185},"status":"passed","steps":[],"attachments":[{"uid":"aea2865e29c7c783","name":"page_source","source":"aea2865e29c7c783.html","type":"text/html","size":10283},{"uid":"b4c893e685b4d7c9","name":"screenshot","source":"b4c893e685b4d7c9.png","type":"image/png","size":20131},{"uid":"7b1a30aa5ebae658","name":"browser_logs","source":"7b1a30aa5ebae658.txt","type":"text/plain","size":2113}],"parameters":[],"shouldDisplayMessage":false,"attachmentsCount":3,"stepsCount":0,"hasContent":true,"attachmentStep":false}],"labels":[{"name":"feature","value":"Регистрация пользователя"},{"name":"severity","value":"Normal"},{"name":"tag","value":"regression"},{"name":"tag","value":"registration"},{"name":"parentSuite","value":"tests"},{"name":"suite","value":"test_registration"},{"name":"subSuite","value":"TestRegistrationUser"},{"name":"host","value":"5230432a8515"},{"name":"thread","value":"1-MainThread"},{"name":"framework","value":"pytest"},{"name":"language","value":"cpython3"},{"name":"package","value":"tests.test_registration"},{"name":"resultFormat","value":"allure2"}],"parameters":[],"links":[],"hidden":false,"retry":false,"extra":{"severity":"normal","retries":[],"categories":[{"name":"Test defects","matchedStatuses":[],"flaky":false}],"history":{"statistic":{"failed":0,"broken":6,"skipped":0,"passed":48,"unknown":0,"total":54},"items":[{"uid":"f69eb44815eb830e","status":"broken","statusDetails":"selenium.common.exceptions.WebDriverException: Message: unknown error: Chrome failed to start: exited abnormally.\n  (unknown error: DevToolsActivePort file doesn't exist)\n  (The process started from chrome location /usr/bin/chromium-browser is no longer running, so ChromeDriver is assuming that Chrome has crashed.)","time":{"start":1737568970614,"stop":1737568970614,"duration":0}},{"uid":"1ea6a5b269e944c6","status":"passed","time":{"start":1734035009950,"stop":1734035017195,"duration":7245}},{"uid":"6262869aa58941b7","status":"passed","time":{"start":1733937824714,"stop":1733937831415,"duration":6701}},{"uid":"495ae378c0005085","status":"passed","time":{"start":1733866397830,"stop":1733866404547,"duration":6717}},{"uid":"9e70ea008de2f371","status":"passed","time":{"start":1733860797318,"stop":1733860804071,"duration":6753}},{"uid":"81c35e55765cda91","status":"passed","time":{"start":1733857338516,"stop":1733857345269,"duration":6753}},{"uid":"a93062b2fa7a640f","status":"passed","time":{"start":1733772280498,"stop":1733772287290,"duration":6792}},{"uid":"5b8998bb2a65b514","status":"passed","time":{"start":1733766751953,"stop":1733766758595,"duration":6642}},{"uid":"e0666636413af4be","status":"broken","statusDetails":"selenium.common.exceptions.TimeoutException: Message:","time":{"start":1733422367131,"stop":1733422379932,"duration":12801}},{"uid":"a0ab9a1b498d2b82","status":"broken","statusDetails":"selenium.common.exceptions.TimeoutException: Message:","time":{"start":1726780686154,"stop":1726780698086,"duration":11932}},{"uid":"976a9d96d494f04f","status":"broken","statusDetails":"selenium.common.exceptions.TimeoutException: Message:","time":{"start":1726777457600,"stop":1726777470324,"duration":12724}},{"uid":"19c43e9d916716bc","status":"passed","time":{"start":1724099170903,"stop":1724099177154,"duration":6251}},{"uid":"1f86674696be0df8","status":"passed","time":{"start":1723829503271,"stop":1723829510400,"duration":7129}},{"uid":"88a1f97fad29bae5","status":"passed","time":{"start":1723751655810,"stop":1723751661211,"duration":5401}},{"uid":"dd96dfc9a6f05bbe","status":"passed","time":{"start":1723742111929,"stop":1723742117165,"duration":5236}},{"uid":"7a28a0de70bb0ea5","status":"passed","time":{"start":1723664489593,"stop":1723664495185,"duration":5592}},{"uid":"49328f393ef738ef","status":"passed","time":{"start":1723579250089,"stop":1723579256355,"duration":6266}},{"uid":"b96b2f474b87071","status":"passed","time":{"start":1723496422455,"stop":1723496427484,"duration":5029}},{"uid":"c29171cdeb36793c","status":"passed","time":{"start":1723150220444,"stop":1723150226355,"duration":5911}},{"uid":"39153c33b9a871f7","status":"passed","time":{"start":1723148902974,"stop":1723148910158,"duration":7184}}]},"tags":["regression","registration"]},"source":"486b99de0bdf0651.json","parameterValues":[]}