{"uid":"4a2747110c4eb69f","name":"Проверить отображение заблокированных проектов","fullName":"tests.test_profile.TestProfile#test_display_blocked_projects","historyId":"8be91c537f7853c8d2a3dfc5f783ef8b","time":{"start":1739310683864,"stop":1739310683864,"duration":0},"description":"Проверяется, что при открытие профиля в нем отображаются проекты заблокированных проектов в количестве > 0","descriptionHtml":"<p>Проверяется, что при открытие профиля в нем отображаются проекты заблокированных проектов в количестве &gt; 0</p>\n","status":"broken","statusMessage":"selenium.common.exceptions.TimeoutException: Message:","statusTrace":"request = <SubRequest 'login_to_app' for <Function test_display_blocked_projects>>\ndriver = <selenium.webdriver.chrome.webdriver.WebDriver (session=\"4832c9adbb1a09c92370ac4966286392\")>\n\n    @pytest.fixture(scope='function')\n    @allure.title('Авторизация пользователя в системе')\n    @allure.step('Авторизация пользователя в системе')\n    def login_to_app(request, driver):\n        \"\"\" Фикстура Логина в систему \"\"\"\n        login_page = ApiAuthorization(driver)\n        login_page.user(User.LOGIN, User.PASSWORD)\n        try:\n            later = login_page.find_element(config.locators.RubricPageLocators.locators['Кнопка выберу потом'])\n            login_page.do_click(later)\n        except TimeoutException:\n            element = login_page.find_element(\n                config.locators.MainPageLocators.locators['Листай вниз и найди свои интересы'])\n            login_page.do_click(element)\n        finally:\n>           login_page.do_click(config.locators.MainPageLocators.locators['Листай вниз и найди свои интересы'])\n\nconftest.py:62: \n_ _ _ _ _ _ _ _ _ _ _ _ _ _ _ _ _ _ _ _ _ _ _ _ _ _ _ _ _ _ _ _ _ _ _ _ _ _ _ _ \nbase/base_page.py:79: in do_click\n    elem = WebDriverWait(self.driver, wait_time).until(EC.element_to_be_clickable(locator))\n_ _ _ _ _ _ _ _ _ _ _ _ _ _ _ _ _ _ _ _ _ _ _ _ _ _ _ _ _ _ _ _ _ _ _ _ _ _ _ _ \n\nself = <selenium.webdriver.support.wait.WebDriverWait (session=\"4832c9adbb1a09c92370ac4966286392\")>\nmethod = <function element_to_be_clickable.<locals>._predicate at 0x7f2e18f604a0>\nmessage = ''\n\n    def until(self, method: Callable[[D], Union[Literal[False], T]], message: str = \"\") -> T:\n        \"\"\"Calls the method provided with the driver as an argument until the \\\n        return value does not evaluate to ``False``.\n    \n        :param method: callable(WebDriver)\n        :param message: optional message for :exc:`TimeoutException`\n        :returns: the result of the last call to `method`\n        :raises: :exc:`selenium.common.exceptions.TimeoutException` if timeout occurs\n        \"\"\"\n        screen = None\n        stacktrace = None\n    \n        end_time = time.monotonic() + self._timeout\n        while True:\n            try:\n                value = method(self._driver)\n                if value:\n                    return value\n            except self._ignored_exceptions as exc:\n                screen = getattr(exc, \"screen\", None)\n                stacktrace = getattr(exc, \"stacktrace\", None)\n            if time.monotonic() > end_time:\n                break\n            time.sleep(self._poll)\n>       raise TimeoutException(message, screen, stacktrace)\nE       selenium.common.exceptions.TimeoutException: Message:\n\n../local/lib/python3.12/site-packages/selenium/webdriver/support/wait.py:105: TimeoutException","flaky":false,"newFailed":false,"newBroken":true,"newPassed":false,"retriesCount":0,"retriesStatusChange":false,"beforeStages":[{"name":"_session_faker","time":{"start":1739309473698,"stop":1739309473699,"duration":1},"status":"passed","steps":[],"attachments":[],"parameters":[],"shouldDisplayMessage":false,"attachmentsCount":0,"stepsCount":0,"hasContent":false,"attachmentStep":false},{"name":"driver","time":{"start":1739310683865,"stop":1739310684281,"duration":416},"status":"passed","steps":[],"attachments":[],"parameters":[],"shouldDisplayMessage":false,"attachmentsCount":0,"stepsCount":0,"hasContent":false,"attachmentStep":false},{"name":"setup","time":{"start":1739310684281,"stop":1739310684281,"duration":0},"status":"passed","steps":[],"attachments":[],"parameters":[],"shouldDisplayMessage":false,"attachmentsCount":0,"stepsCount":0,"hasContent":false,"attachmentStep":false},{"name":"Инициализация локаторов","time":{"start":1739310684281,"stop":1739310684282,"duration":1},"status":"passed","steps":[{"name":"Инициализация локаторов","time":{"start":1739310684282,"stop":1739310684282,"duration":0},"status":"passed","steps":[],"attachments":[],"parameters":[{"name":"request","value":"<SubRequest 'elements' for <Function test_display_blocked_projects>>"}],"shouldDisplayMessage":false,"attachmentsCount":0,"stepsCount":0,"hasContent":true,"attachmentStep":false}],"attachments":[],"parameters":[],"shouldDisplayMessage":false,"attachmentsCount":0,"stepsCount":1,"hasContent":true,"attachmentStep":false},{"name":"Авторизация пользователя в системе","time":{"start":1739310684282,"stop":1739310709259,"duration":24977},"status":"broken","statusMessage":"selenium.common.exceptions.TimeoutException: Message: \n\n","statusTrace":"  File \"/usr/local/lib/python3.12/site-packages/pluggy/_callers.py\", line 167, in _multicall\n    teardown.throw(outcome._exception)\n  File \"/usr/local/lib/python3.12/site-packages/_pytest/setuponly.py\", line 36, in pytest_fixture_setup\n    return (yield)\n            ^^^^^\n  File \"/usr/local/lib/python3.12/site-packages/pluggy/_callers.py\", line 103, in _multicall\n    res = hook_impl.function(*args)\n          ^^^^^^^^^^^^^^^^^^^^^^^^^\n  File \"/usr/local/lib/python3.12/site-packages/_pytest/fixtures.py\", line 1140, in pytest_fixture_setup\n    result = call_fixture_func(fixturefunc, request, kwargs)\n             ^^^^^^^^^^^^^^^^^^^^^^^^^^^^^^^^^^^^^^^^^^^^^^^\n  File \"/usr/local/lib/python3.12/site-packages/_pytest/fixtures.py\", line 898, in call_fixture_func\n    fixture_result = fixturefunc(**kwargs)\n                     ^^^^^^^^^^^^^^^^^^^^^\n  File \"/usr/local/lib/python3.12/site-packages/allure_commons/_allure.py\", line 192, in impl\n    return func(*a, **kw)\n           ^^^^^^^^^^^^^^\n  File \"/usr/workspace/conftest.py\", line 62, in login_to_app\n    login_page.do_click(config.locators.MainPageLocators.locators['Листай вниз и найди свои интересы'])\n  File \"/usr/workspace/base/base_page.py\", line 79, in do_click\n    elem = WebDriverWait(self.driver, wait_time).until(EC.element_to_be_clickable(locator))\n           ^^^^^^^^^^^^^^^^^^^^^^^^^^^^^^^^^^^^^^^^^^^^^^^^^^^^^^^^^^^^^^^^^^^^^^^^^^^^^^^^\n  File \"/usr/local/lib/python3.12/site-packages/selenium/webdriver/support/wait.py\", line 105, in until\n    raise TimeoutException(message, screen, stacktrace)\n","steps":[{"name":"Авторизация пользователя в системе","time":{"start":1739310684282,"stop":1739310709259,"duration":24977},"status":"broken","statusMessage":"selenium.common.exceptions.TimeoutException: Message: \n\n","statusTrace":"  File \"/usr/local/lib/python3.12/site-packages/allure_commons/_allure.py\", line 192, in impl\n    return func(*a, **kw)\n           ^^^^^^^^^^^^^^\n  File \"/usr/workspace/conftest.py\", line 62, in login_to_app\n    login_page.do_click(config.locators.MainPageLocators.locators['Листай вниз и найди свои интересы'])\n  File \"/usr/workspace/base/base_page.py\", line 79, in do_click\n    elem = WebDriverWait(self.driver, wait_time).until(EC.element_to_be_clickable(locator))\n           ^^^^^^^^^^^^^^^^^^^^^^^^^^^^^^^^^^^^^^^^^^^^^^^^^^^^^^^^^^^^^^^^^^^^^^^^^^^^^^^^\n  File \"/usr/local/lib/python3.12/site-packages/selenium/webdriver/support/wait.py\", line 105, in until\n    raise TimeoutException(message, screen, stacktrace)\n","steps":[],"attachments":[],"parameters":[{"name":"request","value":"<SubRequest 'login_to_app' for <Function test_display_blocked_projects>>"},{"name":"driver","value":"<selenium.webdriver.chrome.webdriver.WebDriver (session=\"4832c9adbb1a09c92370ac4966286392\")>"}],"shouldDisplayMessage":true,"attachmentsCount":0,"stepsCount":0,"hasContent":true,"attachmentStep":false}],"attachments":[],"parameters":[],"shouldDisplayMessage":false,"attachmentsCount":0,"stepsCount":1,"hasContent":true,"attachmentStep":false}],"afterStages":[{"name":"driver::0","time":{"start":1739310709270,"stop":1739310709460,"duration":190},"status":"passed","steps":[],"attachments":[{"uid":"d4e095647a4f497a","name":"page_source","source":"d4e095647a4f497a.html","type":"text/html","size":27593},{"uid":"d63dfb005b2610a9","name":"screenshot","source":"d63dfb005b2610a9.png","type":"image/png","size":55150},{"uid":"3156e30ecd99d11a","name":"browser_logs","source":"3156e30ecd99d11a.txt","type":"text/plain","size":7068}],"parameters":[],"shouldDisplayMessage":false,"attachmentsCount":3,"stepsCount":0,"hasContent":true,"attachmentStep":false}],"labels":[{"name":"severity","value":"Critical"},{"name":"feature","value":"Профиль пользователя"},{"name":"tag","value":"regression"},{"name":"tag","value":"profile"},{"name":"parentSuite","value":"tests"},{"name":"suite","value":"test_profile"},{"name":"subSuite","value":"TestProfile"},{"name":"host","value":"e56e35b24cd4"},{"name":"thread","value":"1-MainThread"},{"name":"framework","value":"pytest"},{"name":"language","value":"cpython3"},{"name":"package","value":"tests.test_profile"},{"name":"resultFormat","value":"allure2"}],"parameters":[],"links":[],"hidden":false,"retry":false,"extra":{"severity":"critical","retries":[],"categories":[{"name":"Test defects","matchedStatuses":[],"flaky":false}],"history":{"statistic":{"failed":0,"broken":11,"skipped":0,"passed":37,"unknown":0,"total":48},"items":[{"uid":"7abcf1880e6a7a69","status":"passed","time":{"start":1738952168774,"stop":1738952170365,"duration":1591}},{"uid":"9b36dd20ac3afe4e","status":"broken","statusDetails":"KeyError: 'access_token'","time":{"start":1738875252574,"stop":1738875252574,"duration":0}},{"uid":"163ccb7ceab06aa3","status":"passed","time":{"start":1738872357708,"stop":1738872359299,"duration":1591}},{"uid":"5d94f978875fdba8","status":"broken","statusDetails":"KeyError: 'access_token'","time":{"start":1738865305045,"stop":1738865305045,"duration":0}},{"uid":"e2c2a466f98bd2c9","status":"passed","time":{"start":1738269262475,"stop":1738269264067,"duration":1592}},{"uid":"8037d315e398be84","status":"passed","time":{"start":1738099702638,"stop":1738099704226,"duration":1588}},{"uid":"13ba10f476602416","status":"passed","time":{"start":1738005584218,"stop":1738005585803,"duration":1585}},{"uid":"ea41c4a2b20b14be","status":"passed","time":{"start":1738002875087,"stop":1738002876673,"duration":1586}},{"uid":"1301e47957fb65f1","status":"broken","statusDetails":"urllib3.exceptions.ReadTimeoutError: HTTPConnectionPool(host='localhost', port=58197): Read timed out. (read timeout=120)","time":{"start":1737931616989,"stop":1737931616989,"duration":0}},{"uid":"88b112c596aca8c9","status":"passed","time":{"start":1737843240609,"stop":1737843243756,"duration":3147}},{"uid":"7c836a4f29d80667","status":"passed","time":{"start":1737832436471,"stop":1737832439608,"duration":3137}},{"uid":"289c6590ef829336","status":"passed","time":{"start":1737799799095,"stop":1737799802237,"duration":3142}},{"uid":"43b5a41e4f8157b6","status":"passed","time":{"start":1737758028574,"stop":1737758031712,"duration":3138}},{"uid":"c3c2aa76c4a2e4a0","status":"passed","time":{"start":1737745025729,"stop":1737745028869,"duration":3140}},{"uid":"d25614fe8cf5b45","status":"passed","time":{"start":1737652910052,"stop":1737652913197,"duration":3145}},{"uid":"1b705042f90b202d","status":"passed","time":{"start":1737570562874,"stop":1737570564986,"duration":2112}},{"uid":"9ce5b3e841948d1e","status":"broken","statusDetails":"selenium.common.exceptions.WebDriverException: Message: unknown error: Chrome failed to start: exited abnormally.\n  (unknown error: DevToolsActivePort file doesn't exist)\n  (The process started from chrome location /usr/bin/chromium-browser is no longer running, so ChromeDriver is assuming that Chrome has crashed.)","time":{"start":1737568967251,"stop":1737568967251,"duration":0}},{"uid":"a41b532700b47e95","status":"passed","time":{"start":1734034846380,"stop":1734034849635,"duration":3255}},{"uid":"db6e9238d4c7cb2a","status":"passed","time":{"start":1733937531253,"stop":1733937534431,"duration":3178}},{"uid":"8ff31c11d7f025dc","status":"passed","time":{"start":1733866105281,"stop":1733866106866,"duration":1585}}]},"tags":["regression","profile"]},"source":"4a2747110c4eb69f.json","parameterValues":[]}