{"uid":"5098ee930db55d5f","name":"Проверка валидации поля \"Номер телефона\" при вводе уже зарегистрированного номера","fullName":"tests.test_registration.TestRegistrationUser#test_validation_of_the_phone_number_field_when_entering_an_already_registered_number","historyId":"af43dd18b6eae061b252e803b93ac7f9","time":{"start":1723742235867,"stop":1723742271239,"duration":35372},"status":"broken","statusMessage":"selenium.common.exceptions.TimeoutException: Message: Не найден элемент с локатором ('xpath', '//input[@name=\"password\"]')","statusTrace":"self = <test_registration.TestRegistrationUser object at 0x7f6eeec15a00>\nelements = {'Банк ачивок': {'Блок ачивок': ('xpath', '//div[contains(@class,\"user-achievement-by-interests_container\")]'), 'Модал...-sheet_icons\")]'), 'Название ачивки': ('xpath', '//div[contains(@class,\"achievement-item-bottom-sheet_title\")]')}, ...}\n\n    @allure.title('Проверка валидации поля \"Номер телефона\" при вводе уже зарегистрированного номера')\n    @allure.severity('Critical')\n    @pytest.mark.regression\n    def test_validation_of_the_phone_number_field_when_entering_an_already_registered_number(self, elements):\n        with allure.step('Открыть страницу авторизации'):\n            self.authorization_page.open()\n            element = elements['Страница авторизации']\n    \n        with allure.step('Нажать кнопку \"По смс (Для России)\"'):\n            self.authorization_page.do_click(element['Кнопка по смс'])\n    \n        with allure.step('Нажать кнопку Далее'):\n            element = elements['Страница регистрации']\n            self.join_page.do_click(element['Кнопка далее'])\n    \n        with allure.step('В поле никнейм ввести любое валидное значение'):\n            username = f'-{fake.user_name()}.{fake.pyint(min_value=1, max_value=2)}_'\n            self.join_page.field_send_keys(element['Поле никнейм'], text=f'{username}')\n    \n        with allure.step('Нажать кнопку Далее'):\n            self.join_page.do_click(element['Кнопка далее'])\n    \n        with allure.step('В поле Пароль ввести пароль'):\n>           self.join_page.field_send_keys(element['Поле пароль'], text=self.User.PASSWORD)\n\ntests/test_registration.py:413: \n_ _ _ _ _ _ _ _ _ _ _ _ _ _ _ _ _ _ _ _ _ _ _ _ _ _ _ _ _ _ _ _ _ _ _ _ _ _ _ _ \nbase/base_page.py:127: in field_send_keys\n    element = self.find_element(locator)\nbase/base_page.py:140: in find_element\n    return self.wait.until(EC.visibility_of_element_located(locator),\n_ _ _ _ _ _ _ _ _ _ _ _ _ _ _ _ _ _ _ _ _ _ _ _ _ _ _ _ _ _ _ _ _ _ _ _ _ _ _ _ \n\nself = <selenium.webdriver.support.wait.WebDriverWait (session=\"e7fea51670fae159e2a5e0e256dea787\")>\nmethod = <function visibility_of_element_located.<locals>._predicate at 0x7f6eeaf687c0>\nmessage = 'Не найден элемент с локатором (\\'xpath\\', \\'//input[@name=\"password\"]\\')'\n\n    def until(self, method: Callable[[D], Union[Literal[False], T]], message: str = \"\") -> T:\n        \"\"\"Calls the method provided with the driver as an argument until the \\\n        return value does not evaluate to ``False``.\n    \n        :param method: callable(WebDriver)\n        :param message: optional message for :exc:`TimeoutException`\n        :returns: the result of the last call to `method`\n        :raises: :exc:`selenium.common.exceptions.TimeoutException` if timeout occurs\n        \"\"\"\n        screen = None\n        stacktrace = None\n    \n        end_time = time.monotonic() + self._timeout\n        while True:\n            try:\n                value = method(self._driver)\n                if value:\n                    return value\n            except self._ignored_exceptions as exc:\n                screen = getattr(exc, \"screen\", None)\n                stacktrace = getattr(exc, \"stacktrace\", None)\n            time.sleep(self._poll)\n            if time.monotonic() > end_time:\n                break\n>       raise TimeoutException(message, screen, stacktrace)\nE       selenium.common.exceptions.TimeoutException: Message: Не найден элемент с локатором ('xpath', '//input[@name=\"password\"]')\n\n../local/lib/python3.12/site-packages/selenium/webdriver/support/wait.py:105: TimeoutException","flaky":false,"newFailed":false,"newBroken":true,"newPassed":false,"retriesCount":0,"retriesStatusChange":false,"beforeStages":[{"name":"_session_faker","time":{"start":1723741032051,"stop":1723741032072,"duration":21},"status":"passed","steps":[],"attachments":[],"parameters":[],"shouldDisplayMessage":false,"attachmentsCount":0,"hasContent":false,"stepsCount":0,"attachmentStep":false},{"name":"driver","time":{"start":1723742235438,"stop":1723742235866,"duration":428},"status":"passed","steps":[],"attachments":[],"parameters":[],"shouldDisplayMessage":false,"attachmentsCount":0,"hasContent":false,"stepsCount":0,"attachmentStep":false},{"name":"setup","time":{"start":1723742235866,"stop":1723742235867,"duration":1},"status":"passed","steps":[],"attachments":[],"parameters":[],"shouldDisplayMessage":false,"attachmentsCount":0,"hasContent":false,"stepsCount":0,"attachmentStep":false},{"name":"Инициализация локаторов","time":{"start":1723742235867,"stop":1723742235867,"duration":0},"status":"passed","steps":[{"name":"Инициализация локаторов","time":{"start":1723742235867,"stop":1723742235867,"duration":0},"status":"passed","steps":[],"attachments":[],"parameters":[{"name":"request","value":"<SubRequest 'elements' for <Function test_validation_of_the_phone_number_field_when_entering_an_already_registered_number>>"}],"shouldDisplayMessage":false,"attachmentsCount":0,"hasContent":true,"stepsCount":0,"attachmentStep":false}],"attachments":[],"parameters":[],"shouldDisplayMessage":false,"attachmentsCount":0,"hasContent":true,"stepsCount":1,"attachmentStep":false}],"testStage":{"status":"broken","statusMessage":"selenium.common.exceptions.TimeoutException: Message: Не найден элемент с локатором ('xpath', '//input[@name=\"password\"]')","statusTrace":"self = <test_registration.TestRegistrationUser object at 0x7f6eeec15a00>\nelements = {'Банк ачивок': {'Блок ачивок': ('xpath', '//div[contains(@class,\"user-achievement-by-interests_container\")]'), 'Модал...-sheet_icons\")]'), 'Название ачивки': ('xpath', '//div[contains(@class,\"achievement-item-bottom-sheet_title\")]')}, ...}\n\n    @allure.title('Проверка валидации поля \"Номер телефона\" при вводе уже зарегистрированного номера')\n    @allure.severity('Critical')\n    @pytest.mark.regression\n    def test_validation_of_the_phone_number_field_when_entering_an_already_registered_number(self, elements):\n        with allure.step('Открыть страницу авторизации'):\n            self.authorization_page.open()\n            element = elements['Страница авторизации']\n    \n        with allure.step('Нажать кнопку \"По смс (Для России)\"'):\n            self.authorization_page.do_click(element['Кнопка по смс'])\n    \n        with allure.step('Нажать кнопку Далее'):\n            element = elements['Страница регистрации']\n            self.join_page.do_click(element['Кнопка далее'])\n    \n        with allure.step('В поле никнейм ввести любое валидное значение'):\n            username = f'-{fake.user_name()}.{fake.pyint(min_value=1, max_value=2)}_'\n            self.join_page.field_send_keys(element['Поле никнейм'], text=f'{username}')\n    \n        with allure.step('Нажать кнопку Далее'):\n            self.join_page.do_click(element['Кнопка далее'])\n    \n        with allure.step('В поле Пароль ввести пароль'):\n>           self.join_page.field_send_keys(element['Поле пароль'], text=self.User.PASSWORD)\n\ntests/test_registration.py:413: \n_ _ _ _ _ _ _ _ _ _ _ _ _ _ _ _ _ _ _ _ _ _ _ _ _ _ _ _ _ _ _ _ _ _ _ _ _ _ _ _ \nbase/base_page.py:127: in field_send_keys\n    element = self.find_element(locator)\nbase/base_page.py:140: in find_element\n    return self.wait.until(EC.visibility_of_element_located(locator),\n_ _ _ _ _ _ _ _ _ _ _ _ _ _ _ _ _ _ _ _ _ _ _ _ _ _ _ _ _ _ _ _ _ _ _ _ _ _ _ _ \n\nself = <selenium.webdriver.support.wait.WebDriverWait (session=\"e7fea51670fae159e2a5e0e256dea787\")>\nmethod = <function visibility_of_element_located.<locals>._predicate at 0x7f6eeaf687c0>\nmessage = 'Не найден элемент с локатором (\\'xpath\\', \\'//input[@name=\"password\"]\\')'\n\n    def until(self, method: Callable[[D], Union[Literal[False], T]], message: str = \"\") -> T:\n        \"\"\"Calls the method provided with the driver as an argument until the \\\n        return value does not evaluate to ``False``.\n    \n        :param method: callable(WebDriver)\n        :param message: optional message for :exc:`TimeoutException`\n        :returns: the result of the last call to `method`\n        :raises: :exc:`selenium.common.exceptions.TimeoutException` if timeout occurs\n        \"\"\"\n        screen = None\n        stacktrace = None\n    \n        end_time = time.monotonic() + self._timeout\n        while True:\n            try:\n                value = method(self._driver)\n                if value:\n                    return value\n            except self._ignored_exceptions as exc:\n                screen = getattr(exc, \"screen\", None)\n                stacktrace = getattr(exc, \"stacktrace\", None)\n            time.sleep(self._poll)\n            if time.monotonic() > end_time:\n                break\n>       raise TimeoutException(message, screen, stacktrace)\nE       selenium.common.exceptions.TimeoutException: Message: Не найден элемент с локатором ('xpath', '//input[@name=\"password\"]')\n\n../local/lib/python3.12/site-packages/selenium/webdriver/support/wait.py:105: TimeoutException","steps":[{"name":"Открыть страницу авторизации","time":{"start":1723742235867,"stop":1723742237753,"duration":1886},"status":"passed","steps":[],"attachments":[],"parameters":[],"shouldDisplayMessage":false,"attachmentsCount":0,"hasContent":false,"stepsCount":0,"attachmentStep":false},{"name":"Нажать кнопку \"По смс (Для России)\"","time":{"start":1723742237753,"stop":1723742238963,"duration":1210},"status":"passed","steps":[],"attachments":[],"parameters":[],"shouldDisplayMessage":false,"attachmentsCount":0,"hasContent":false,"stepsCount":0,"attachmentStep":false},{"name":"Нажать кнопку Далее","time":{"start":1723742238963,"stop":1723742239510,"duration":547},"status":"passed","steps":[],"attachments":[],"parameters":[],"shouldDisplayMessage":false,"attachmentsCount":0,"hasContent":false,"stepsCount":0,"attachmentStep":false},{"name":"В поле никнейм ввести любое валидное значение","time":{"start":1723742239510,"stop":1723742241088,"duration":1578},"status":"passed","steps":[],"attachments":[],"parameters":[],"shouldDisplayMessage":false,"attachmentsCount":0,"hasContent":false,"stepsCount":0,"attachmentStep":false},{"name":"Нажать кнопку Далее","time":{"start":1723742241088,"stop":1723742241124,"duration":36},"status":"passed","steps":[],"attachments":[],"parameters":[],"shouldDisplayMessage":false,"attachmentsCount":0,"hasContent":false,"stepsCount":0,"attachmentStep":false},{"name":"В поле Пароль ввести пароль","time":{"start":1723742241124,"stop":1723742271238,"duration":30114},"status":"broken","statusMessage":"selenium.common.exceptions.TimeoutException: Message: Не найден элемент с локатором ('xpath', '//input[@name=\"password\"]')\n\n","statusTrace":"  File \"/usr/workspace/tests/test_registration.py\", line 413, in test_validation_of_the_phone_number_field_when_entering_an_already_registered_number\n    self.join_page.field_send_keys(element['Поле пароль'], text=self.User.PASSWORD)\n  File \"/usr/workspace/base/base_page.py\", line 127, in field_send_keys\n    element = self.find_element(locator)\n              ^^^^^^^^^^^^^^^^^^^^^^^^^^\n  File \"/usr/workspace/base/base_page.py\", line 140, in find_element\n    return self.wait.until(EC.visibility_of_element_located(locator),\n           ^^^^^^^^^^^^^^^^^^^^^^^^^^^^^^^^^^^^^^^^^^^^^^^^^^^^^^^^^^\n  File \"/usr/local/lib/python3.12/site-packages/selenium/webdriver/support/wait.py\", line 105, in until\n    raise TimeoutException(message, screen, stacktrace)\n","steps":[],"attachments":[],"parameters":[],"shouldDisplayMessage":true,"attachmentsCount":0,"hasContent":true,"stepsCount":0,"attachmentStep":false}],"attachments":[],"parameters":[],"shouldDisplayMessage":true,"attachmentsCount":0,"hasContent":true,"stepsCount":6,"attachmentStep":false},"afterStages":[{"name":"driver::0","time":{"start":1723742271255,"stop":1723742271451,"duration":196},"status":"passed","steps":[],"attachments":[{"uid":"8b97b1fe4f60e504","name":"page_source","source":"8b97b1fe4f60e504.html","type":"text/html","size":17621},{"uid":"58a57881b091dc5","name":"screenshot","source":"58a57881b091dc5.png","type":"image/png","size":31486},{"uid":"2f59c9269f0eb52a","name":"browser_logs","source":"2f59c9269f0eb52a.txt","type":"text/plain","size":2199}],"parameters":[],"shouldDisplayMessage":false,"attachmentsCount":3,"hasContent":true,"stepsCount":0,"attachmentStep":false}],"labels":[{"name":"severity","value":"Critical"},{"name":"feature","value":"Регистрация пользователя"},{"name":"tag","value":"regression"},{"name":"tag","value":"registration"},{"name":"parentSuite","value":"tests"},{"name":"suite","value":"test_registration"},{"name":"subSuite","value":"TestRegistrationUser"},{"name":"host","value":"24c57c2fdc75"},{"name":"thread","value":"1-MainThread"},{"name":"framework","value":"pytest"},{"name":"language","value":"cpython3"},{"name":"package","value":"tests.test_registration"},{"name":"resultFormat","value":"allure2"}],"parameters":[],"links":[],"hidden":false,"retry":false,"extra":{"severity":"critical","retries":[],"categories":[{"name":"Test defects","matchedStatuses":[],"flaky":false}],"history":{"statistic":{"failed":0,"broken":1,"skipped":0,"passed":28,"unknown":0,"total":29},"items":[{"uid":"1ffc841e9f450049","status":"passed","time":{"start":1723664667067,"stop":1723664677469,"duration":10402}},{"uid":"9b0c09a7411ceb75","status":"passed","time":{"start":1723579381582,"stop":1723579392424,"duration":10842}},{"uid":"7a2d09b621c2b5d9","status":"passed","time":{"start":1723496543756,"stop":1723496553490,"duration":9734}},{"uid":"c84c6e2fbe9fc82d","status":"passed","time":{"start":1723150343462,"stop":1723150352684,"duration":9222}},{"uid":"f3914aa1a9cc2437","status":"passed","time":{"start":1723149025705,"stop":1723149035126,"duration":9421}},{"uid":"93d7ca80234430c","status":"passed","time":{"start":1723147266720,"stop":1723147276249,"duration":9529}},{"uid":"395c6a254e34fda9","status":"passed","time":{"start":1723065492527,"stop":1723065501828,"duration":9301}},{"uid":"180571ea801405ce","status":"passed","time":{"start":1722977058227,"stop":1722977068124,"duration":9897}},{"uid":"ac6585d7567748d2","status":"passed","time":{"start":1722892270831,"stop":1722892281831,"duration":11000}},{"uid":"9ceb2f70964dc2dc","status":"passed","time":{"start":1722625973648,"stop":1722625984548,"duration":10900}},{"uid":"6a5c596034b3aff1","status":"passed","time":{"start":1722546614495,"stop":1722546625373,"duration":10878}},{"uid":"abde046ac1191c3a","status":"passed","time":{"start":1722370361653,"stop":1722370374072,"duration":12419}},{"uid":"6869f1f322f15b74","status":"passed","time":{"start":1722283431985,"stop":1722283443431,"duration":11446}},{"uid":"7741f00634b54d10","status":"passed","time":{"start":1722018429901,"stop":1722018441073,"duration":11172}},{"uid":"2f394e6171841ac4","status":"passed","time":{"start":1721942787482,"stop":1721942799051,"duration":11569}},{"uid":"d93115e94cc3697","status":"passed","time":{"start":1721850952129,"stop":1721850963551,"duration":11422}},{"uid":"4485c313dda94118","status":"passed","time":{"start":1721683282250,"stop":1721683295277,"duration":13027}},{"uid":"2f7707f2f9a07454","status":"passed","time":{"start":1721671891051,"stop":1721671902445,"duration":11394}},{"uid":"788a9428a0878829","status":"passed","time":{"start":1721668729805,"stop":1721668741160,"duration":11355}},{"uid":"cfd54d1805e64d1e","status":"passed","time":{"start":1720802911191,"stop":1720802923331,"duration":12140}}]},"tags":["regression","registration"]},"source":"5098ee930db55d5f.json","parameterValues":[]}