{"uid":"509c0b6a8ecbf357","name":"Проверка валидации поля смс кода на ввод неверного значения","fullName":"tests.test_registration.TestRegistrationUser#test_to_validate_the_sms_code_field_for_entering_an_incorrect_value","historyId":"d607301597065ef842a57637c0b1171c","time":{"start":1726780749330,"stop":1726780761216,"duration":11886},"description":"В поле вводится рандомный текст или код","descriptionHtml":"<p>В поле вводится рандомный текст или код</p>\n","status":"broken","statusMessage":"selenium.common.exceptions.TimeoutException: Message:","statusTrace":"self = <test_registration.TestRegistrationUser object at 0x7f56d20c9f70>\nelements = {'Банк ачивок': {'Блок ачивок': ('xpath', '//div[contains(@class,\"user-achievement-by-interests_container\")]'), 'Модал...-sheet_icons\")]'), 'Название ачивки': ('xpath', '//div[contains(@class,\"achievement-item-bottom-sheet_title\")]')}, ...}\n\n    @allure.title('Проверка валидации поля смс кода на ввод неверного значения')\n    @allure.description('В поле вводится рандомный текст или код')\n    @allure.severity('Critical')\n    @pytest.mark.regression\n    def test_to_validate_the_sms_code_field_for_entering_an_incorrect_value(self, elements):\n        with allure.step('Открыть страницу авторизации'):\n            self.authorization_page.open()\n            element = elements['Страница авторизации']\n    \n        with allure.step('Нажать кнопку \"По смс (Для России)\"'):\n>           self.authorization_page.do_click(element['Кнопка по смс'])\n\ntests/test_registration.py:353: \n_ _ _ _ _ _ _ _ _ _ _ _ _ _ _ _ _ _ _ _ _ _ _ _ _ _ _ _ _ _ _ _ _ _ _ _ _ _ _ _ \nbase/base_page.py:75: in do_click\n    elem = WebDriverWait(self.driver, wait_time).until(EC.element_to_be_clickable(locator))\n_ _ _ _ _ _ _ _ _ _ _ _ _ _ _ _ _ _ _ _ _ _ _ _ _ _ _ _ _ _ _ _ _ _ _ _ _ _ _ _ \n\nself = <selenium.webdriver.support.wait.WebDriverWait (session=\"c1f7717cd2ae0dc2ba6d4b584b41b85f\")>\nmethod = <function element_to_be_clickable.<locals>._predicate at 0x7f56d21b6ca0>\nmessage = ''\n\n    def until(self, method: Callable[[D], Union[Literal[False], T]], message: str = \"\") -> T:\n        \"\"\"Calls the method provided with the driver as an argument until the \\\n        return value does not evaluate to ``False``.\n    \n        :param method: callable(WebDriver)\n        :param message: optional message for :exc:`TimeoutException`\n        :returns: the result of the last call to `method`\n        :raises: :exc:`selenium.common.exceptions.TimeoutException` if timeout occurs\n        \"\"\"\n        screen = None\n        stacktrace = None\n    \n        end_time = time.monotonic() + self._timeout\n        while True:\n            try:\n                value = method(self._driver)\n                if value:\n                    return value\n            except self._ignored_exceptions as exc:\n                screen = getattr(exc, \"screen\", None)\n                stacktrace = getattr(exc, \"stacktrace\", None)\n            time.sleep(self._poll)\n            if time.monotonic() > end_time:\n                break\n>       raise TimeoutException(message, screen, stacktrace)\nE       selenium.common.exceptions.TimeoutException: Message:\n\n../local/lib/python3.12/site-packages/selenium/webdriver/support/wait.py:105: TimeoutException","flaky":false,"newFailed":false,"newBroken":false,"newPassed":false,"retriesCount":0,"retriesStatusChange":false,"beforeStages":[{"name":"_session_faker","time":{"start":1726779742788,"stop":1726779742808,"duration":20},"status":"passed","steps":[],"attachments":[],"parameters":[],"shouldDisplayMessage":false,"attachmentsCount":0,"hasContent":false,"stepsCount":0,"attachmentStep":false},{"name":"driver","time":{"start":1726780748916,"stop":1726780749329,"duration":413},"status":"passed","steps":[],"attachments":[],"parameters":[],"shouldDisplayMessage":false,"attachmentsCount":0,"hasContent":false,"stepsCount":0,"attachmentStep":false},{"name":"setup","time":{"start":1726780749329,"stop":1726780749330,"duration":1},"status":"passed","steps":[],"attachments":[],"parameters":[],"shouldDisplayMessage":false,"attachmentsCount":0,"hasContent":false,"stepsCount":0,"attachmentStep":false},{"name":"Инициализация локаторов","time":{"start":1726780749330,"stop":1726780749330,"duration":0},"status":"passed","steps":[{"name":"Инициализация локаторов","time":{"start":1726780749330,"stop":1726780749330,"duration":0},"status":"passed","steps":[],"attachments":[],"parameters":[{"name":"request","value":"<SubRequest 'elements' for <Function test_to_validate_the_sms_code_field_for_entering_an_incorrect_value>>"}],"shouldDisplayMessage":false,"attachmentsCount":0,"hasContent":true,"stepsCount":0,"attachmentStep":false}],"attachments":[],"parameters":[],"shouldDisplayMessage":false,"attachmentsCount":0,"hasContent":true,"stepsCount":1,"attachmentStep":false}],"testStage":{"description":"В поле вводится рандомный текст или код","status":"broken","statusMessage":"selenium.common.exceptions.TimeoutException: Message:","statusTrace":"self = <test_registration.TestRegistrationUser object at 0x7f56d20c9f70>\nelements = {'Банк ачивок': {'Блок ачивок': ('xpath', '//div[contains(@class,\"user-achievement-by-interests_container\")]'), 'Модал...-sheet_icons\")]'), 'Название ачивки': ('xpath', '//div[contains(@class,\"achievement-item-bottom-sheet_title\")]')}, ...}\n\n    @allure.title('Проверка валидации поля смс кода на ввод неверного значения')\n    @allure.description('В поле вводится рандомный текст или код')\n    @allure.severity('Critical')\n    @pytest.mark.regression\n    def test_to_validate_the_sms_code_field_for_entering_an_incorrect_value(self, elements):\n        with allure.step('Открыть страницу авторизации'):\n            self.authorization_page.open()\n            element = elements['Страница авторизации']\n    \n        with allure.step('Нажать кнопку \"По смс (Для России)\"'):\n>           self.authorization_page.do_click(element['Кнопка по смс'])\n\ntests/test_registration.py:353: \n_ _ _ _ _ _ _ _ _ _ _ _ _ _ _ _ _ _ _ _ _ _ _ _ _ _ _ _ _ _ _ _ _ _ _ _ _ _ _ _ \nbase/base_page.py:75: in do_click\n    elem = WebDriverWait(self.driver, wait_time).until(EC.element_to_be_clickable(locator))\n_ _ _ _ _ _ _ _ _ _ _ _ _ _ _ _ _ _ _ _ _ _ _ _ _ _ _ _ _ _ _ _ _ _ _ _ _ _ _ _ \n\nself = <selenium.webdriver.support.wait.WebDriverWait (session=\"c1f7717cd2ae0dc2ba6d4b584b41b85f\")>\nmethod = <function element_to_be_clickable.<locals>._predicate at 0x7f56d21b6ca0>\nmessage = ''\n\n    def until(self, method: Callable[[D], Union[Literal[False], T]], message: str = \"\") -> T:\n        \"\"\"Calls the method provided with the driver as an argument until the \\\n        return value does not evaluate to ``False``.\n    \n        :param method: callable(WebDriver)\n        :param message: optional message for :exc:`TimeoutException`\n        :returns: the result of the last call to `method`\n        :raises: :exc:`selenium.common.exceptions.TimeoutException` if timeout occurs\n        \"\"\"\n        screen = None\n        stacktrace = None\n    \n        end_time = time.monotonic() + self._timeout\n        while True:\n            try:\n                value = method(self._driver)\n                if value:\n                    return value\n            except self._ignored_exceptions as exc:\n                screen = getattr(exc, \"screen\", None)\n                stacktrace = getattr(exc, \"stacktrace\", None)\n            time.sleep(self._poll)\n            if time.monotonic() > end_time:\n                break\n>       raise TimeoutException(message, screen, stacktrace)\nE       selenium.common.exceptions.TimeoutException: Message:\n\n../local/lib/python3.12/site-packages/selenium/webdriver/support/wait.py:105: TimeoutException","steps":[{"name":"Открыть страницу авторизации","time":{"start":1726780749330,"stop":1726780750987,"duration":1657},"status":"passed","steps":[],"attachments":[],"parameters":[],"shouldDisplayMessage":false,"attachmentsCount":0,"hasContent":false,"stepsCount":0,"attachmentStep":false},{"name":"Нажать кнопку \"По смс (Для России)\"","time":{"start":1726780750987,"stop":1726780761215,"duration":10228},"status":"broken","statusMessage":"selenium.common.exceptions.TimeoutException: Message: \n\n","statusTrace":"  File \"/usr/workspace/tests/test_registration.py\", line 353, in test_to_validate_the_sms_code_field_for_entering_an_incorrect_value\n    self.authorization_page.do_click(element['Кнопка по смс'])\n  File \"/usr/workspace/base/base_page.py\", line 75, in do_click\n    elem = WebDriverWait(self.driver, wait_time).until(EC.element_to_be_clickable(locator))\n           ^^^^^^^^^^^^^^^^^^^^^^^^^^^^^^^^^^^^^^^^^^^^^^^^^^^^^^^^^^^^^^^^^^^^^^^^^^^^^^^^\n  File \"/usr/local/lib/python3.12/site-packages/selenium/webdriver/support/wait.py\", line 105, in until\n    raise TimeoutException(message, screen, stacktrace)\n","steps":[],"attachments":[],"parameters":[],"shouldDisplayMessage":true,"attachmentsCount":0,"hasContent":true,"stepsCount":0,"attachmentStep":false}],"attachments":[],"parameters":[],"shouldDisplayMessage":true,"attachmentsCount":0,"hasContent":true,"stepsCount":2,"attachmentStep":false},"afterStages":[{"name":"driver::0","time":{"start":1726780761232,"stop":1726780761414,"duration":182},"status":"passed","steps":[],"attachments":[{"uid":"1aa4b890166a17a","name":"page_source","source":"1aa4b890166a17a.html","type":"text/html","size":20324},{"uid":"18bc9eed3329cd22","name":"screenshot","source":"18bc9eed3329cd22.png","type":"image/png","size":32088},{"uid":"261427c4cfb83fbc","name":"browser_logs","source":"261427c4cfb83fbc.txt","type":"text/plain","size":1100}],"parameters":[],"shouldDisplayMessage":false,"attachmentsCount":3,"hasContent":true,"stepsCount":0,"attachmentStep":false}],"labels":[{"name":"feature","value":"Регистрация пользователя"},{"name":"severity","value":"Critical"},{"name":"tag","value":"regression"},{"name":"tag","value":"registration"},{"name":"parentSuite","value":"tests"},{"name":"suite","value":"test_registration"},{"name":"subSuite","value":"TestRegistrationUser"},{"name":"host","value":"01c5b8245932"},{"name":"thread","value":"1-MainThread"},{"name":"framework","value":"pytest"},{"name":"language","value":"cpython3"},{"name":"package","value":"tests.test_registration"},{"name":"resultFormat","value":"allure2"}],"parameters":[],"links":[],"hidden":false,"retry":false,"extra":{"severity":"critical","retries":[],"categories":[{"name":"Test defects","matchedStatuses":[],"flaky":false}],"history":{"statistic":{"failed":0,"broken":4,"skipped":0,"passed":33,"unknown":0,"total":37},"items":[{"uid":"a69de474d8736e49","status":"broken","statusDetails":"selenium.common.exceptions.TimeoutException: Message:","time":{"start":1726777524815,"stop":1726777538124,"duration":13309}},{"uid":"2660599079b2e563","status":"passed","time":{"start":1724099289997,"stop":1724099302635,"duration":12638}},{"uid":"9dafd3b11393ca5","status":"passed","time":{"start":1723829625965,"stop":1723829639248,"duration":13283}},{"uid":"74986e73fff6b72e","status":"passed","time":{"start":1723751767780,"stop":1723751779637,"duration":11857}},{"uid":"d702d8773e0132c9","status":"passed","time":{"start":1723742223687,"stop":1723742235256,"duration":11569}},{"uid":"6d72a15eb444fe01","status":"passed","time":{"start":1723664654462,"stop":1723664666418,"duration":11956}},{"uid":"edba88869c0a192a","status":"passed","time":{"start":1723579368173,"stop":1723579380924,"duration":12751}},{"uid":"7944e35042c5ecc9","status":"passed","time":{"start":1723496531599,"stop":1723496543108,"duration":11509}},{"uid":"bc7da992478f9ce5","status":"passed","time":{"start":1723150331964,"stop":1723150342840,"duration":10876}},{"uid":"f5fdb0b1aa774581","status":"passed","time":{"start":1723149014208,"stop":1723149025086,"duration":10878}},{"uid":"a307d103739e9092","status":"passed","time":{"start":1723147253487,"stop":1723147266100,"duration":12613}},{"uid":"b72d9bbd69e1b482","status":"passed","time":{"start":1723065480910,"stop":1723065491909,"duration":10999}},{"uid":"c8dce0b86d0dc61c","status":"broken","statusDetails":"selenium.common.exceptions.TimeoutException: Message: Не найден элемент с локатором ('xpath', '//input[@name=\"password\"]')","time":{"start":1722977021983,"stop":1722977057542,"duration":35559}},{"uid":"2fc29dac0e80a106","status":"passed","time":{"start":1722892257834,"stop":1722892270223,"duration":12389}},{"uid":"6e242fcd8fee851c","status":"passed","time":{"start":1722625960685,"stop":1722625973036,"duration":12351}},{"uid":"97c7f94f1d66b388","status":"passed","time":{"start":1722546601546,"stop":1722546613862,"duration":12316}},{"uid":"8a9d1942570f1124","status":"passed","time":{"start":1722370347123,"stop":1722370361032,"duration":13909}},{"uid":"b5b4f915cffe137e","status":"passed","time":{"start":1722283416847,"stop":1722283431326,"duration":14479}},{"uid":"67d53512d7317c5e","status":"passed","time":{"start":1722018416262,"stop":1722018429265,"duration":13003}},{"uid":"2c6c43e393e66519","status":"passed","time":{"start":1721942773877,"stop":1721942786835,"duration":12958}}]},"tags":["regression","registration"]},"source":"509c0b6a8ecbf357.json","parameterValues":[]}