{"uid":"574b0743afad14","name":"Проверка валидации поля \"Пароль\" при вводе пароля от 6 цифр","fullName":"tests.test_registration.TestRegistrationUser#test_validation_of_the_password_field_when_entering_a_password_of_6_digit_or_more","historyId":"ac0887b92a43b233bd72c8a1ffb61489","time":{"start":1737571201577,"stop":1737571238938,"duration":37361},"status":"broken","statusMessage":"selenium.common.exceptions.TimeoutException: Message: Не найден элемент с локатором ('xpath', '//input[@name=\"nickname\"]')","statusTrace":"self = <test_registration.TestRegistrationUser object at 0x7fc3f13cf590>\nelements = {'Банк ачивок': {'Блок ачивок': ('xpath', '//div[contains(@class,\"user-achievement-by-interests_container\")]'), 'Модал...-sheet_icons\")]'), 'Название ачивки': ('xpath', '//div[contains(@class,\"achievement-item-bottom-sheet_title\")]')}, ...}\n\n    @allure.title('Проверка валидации поля \"Пароль\" при вводе пароля от 6 цифр')\n    @allure.severity('Critical')\n    @pytest.mark.regression\n    def test_validation_of_the_password_field_when_entering_a_password_of_6_digit_or_more(self, elements):\n        with allure.step('Открыть страницу авторизации'):\n            self.authorization_page.open()\n            element = elements['Страница авторизации']\n    \n        with allure.step('Нажать кнопку \"По смс (Для России)\"'):\n            self.authorization_page.do_click(element['Кнопка по смс'])\n    \n        with allure.step('Нажать кнопку Далее'):\n            element = elements['Страница регистрации']\n            self.join_page.do_click(element['Кнопка далее'])\n    \n        with allure.step('В поле никнейм ввести любое валидное значение'):\n            username = f'-{fake.user_name()}.{fake.pyint(min_value=1, max_value=2)}_'\n>           self.join_page.field_send_keys(element['Поле никнейм'], text=f'{username}')\n\ntests/test_registration.py:529: \n_ _ _ _ _ _ _ _ _ _ _ _ _ _ _ _ _ _ _ _ _ _ _ _ _ _ _ _ _ _ _ _ _ _ _ _ _ _ _ _ \nbase/base_page.py:126: in field_send_keys\n    element = self.find_element(locator)\nbase/base_page.py:138: in find_element\n    return self.wait.until(EC.visibility_of_element_located(locator),\n_ _ _ _ _ _ _ _ _ _ _ _ _ _ _ _ _ _ _ _ _ _ _ _ _ _ _ _ _ _ _ _ _ _ _ _ _ _ _ _ \n\nself = <selenium.webdriver.support.wait.WebDriverWait (session=\"dcc2100b44196fbed56e2bae8269d1d1\")>\nmethod = <function visibility_of_element_located.<locals>._predicate at 0x7fc3f11b3100>\nmessage = 'Не найден элемент с локатором (\\'xpath\\', \\'//input[@name=\"nickname\"]\\')'\n\n    def until(self, method: Callable[[D], Union[Literal[False], T]], message: str = \"\") -> T:\n        \"\"\"Calls the method provided with the driver as an argument until the \\\n        return value does not evaluate to ``False``.\n    \n        :param method: callable(WebDriver)\n        :param message: optional message for :exc:`TimeoutException`\n        :returns: the result of the last call to `method`\n        :raises: :exc:`selenium.common.exceptions.TimeoutException` if timeout occurs\n        \"\"\"\n        screen = None\n        stacktrace = None\n    \n        end_time = time.monotonic() + self._timeout\n        while True:\n            try:\n                value = method(self._driver)\n                if value:\n                    return value\n            except self._ignored_exceptions as exc:\n                screen = getattr(exc, \"screen\", None)\n                stacktrace = getattr(exc, \"stacktrace\", None)\n            if time.monotonic() > end_time:\n                break\n            time.sleep(self._poll)\n>       raise TimeoutException(message, screen, stacktrace)\nE       selenium.common.exceptions.TimeoutException: Message: Не найден элемент с локатором ('xpath', '//input[@name=\"nickname\"]')\n\n../local/lib/python3.12/site-packages/selenium/webdriver/support/wait.py:105: TimeoutException","flaky":false,"newFailed":false,"newBroken":false,"newPassed":false,"retriesCount":0,"retriesStatusChange":false,"beforeStages":[{"name":"_session_faker","time":{"start":1737569139111,"stop":1737569139113,"duration":2},"status":"passed","steps":[],"attachments":[],"parameters":[],"shouldDisplayMessage":false,"attachmentsCount":0,"stepsCount":0,"hasContent":false,"attachmentStep":false},{"name":"driver","time":{"start":1737571201095,"stop":1737571201576,"duration":481},"status":"passed","steps":[],"attachments":[],"parameters":[],"shouldDisplayMessage":false,"attachmentsCount":0,"stepsCount":0,"hasContent":false,"attachmentStep":false},{"name":"setup","time":{"start":1737571201576,"stop":1737571201577,"duration":1},"status":"passed","steps":[],"attachments":[],"parameters":[],"shouldDisplayMessage":false,"attachmentsCount":0,"stepsCount":0,"hasContent":false,"attachmentStep":false},{"name":"Инициализация локаторов","time":{"start":1737571201577,"stop":1737571201577,"duration":0},"status":"passed","steps":[{"name":"Инициализация локаторов","time":{"start":1737571201577,"stop":1737571201577,"duration":0},"status":"passed","steps":[],"attachments":[],"parameters":[{"name":"request","value":"<SubRequest 'elements' for <Function test_validation_of_the_password_field_when_entering_a_password_of_6_digit_or_more>>"}],"shouldDisplayMessage":false,"attachmentsCount":0,"stepsCount":0,"hasContent":true,"attachmentStep":false}],"attachments":[],"parameters":[],"shouldDisplayMessage":false,"attachmentsCount":0,"stepsCount":1,"hasContent":true,"attachmentStep":false}],"testStage":{"status":"broken","statusMessage":"selenium.common.exceptions.TimeoutException: Message: Не найден элемент с локатором ('xpath', '//input[@name=\"nickname\"]')","statusTrace":"self = <test_registration.TestRegistrationUser object at 0x7fc3f13cf590>\nelements = {'Банк ачивок': {'Блок ачивок': ('xpath', '//div[contains(@class,\"user-achievement-by-interests_container\")]'), 'Модал...-sheet_icons\")]'), 'Название ачивки': ('xpath', '//div[contains(@class,\"achievement-item-bottom-sheet_title\")]')}, ...}\n\n    @allure.title('Проверка валидации поля \"Пароль\" при вводе пароля от 6 цифр')\n    @allure.severity('Critical')\n    @pytest.mark.regression\n    def test_validation_of_the_password_field_when_entering_a_password_of_6_digit_or_more(self, elements):\n        with allure.step('Открыть страницу авторизации'):\n            self.authorization_page.open()\n            element = elements['Страница авторизации']\n    \n        with allure.step('Нажать кнопку \"По смс (Для России)\"'):\n            self.authorization_page.do_click(element['Кнопка по смс'])\n    \n        with allure.step('Нажать кнопку Далее'):\n            element = elements['Страница регистрации']\n            self.join_page.do_click(element['Кнопка далее'])\n    \n        with allure.step('В поле никнейм ввести любое валидное значение'):\n            username = f'-{fake.user_name()}.{fake.pyint(min_value=1, max_value=2)}_'\n>           self.join_page.field_send_keys(element['Поле никнейм'], text=f'{username}')\n\ntests/test_registration.py:529: \n_ _ _ _ _ _ _ _ _ _ _ _ _ _ _ _ _ _ _ _ _ _ _ _ _ _ _ _ _ _ _ _ _ _ _ _ _ _ _ _ \nbase/base_page.py:126: in field_send_keys\n    element = self.find_element(locator)\nbase/base_page.py:138: in find_element\n    return self.wait.until(EC.visibility_of_element_located(locator),\n_ _ _ _ _ _ _ _ _ _ _ _ _ _ _ _ _ _ _ _ _ _ _ _ _ _ _ _ _ _ _ _ _ _ _ _ _ _ _ _ \n\nself = <selenium.webdriver.support.wait.WebDriverWait (session=\"dcc2100b44196fbed56e2bae8269d1d1\")>\nmethod = <function visibility_of_element_located.<locals>._predicate at 0x7fc3f11b3100>\nmessage = 'Не найден элемент с локатором (\\'xpath\\', \\'//input[@name=\"nickname\"]\\')'\n\n    def until(self, method: Callable[[D], Union[Literal[False], T]], message: str = \"\") -> T:\n        \"\"\"Calls the method provided with the driver as an argument until the \\\n        return value does not evaluate to ``False``.\n    \n        :param method: callable(WebDriver)\n        :param message: optional message for :exc:`TimeoutException`\n        :returns: the result of the last call to `method`\n        :raises: :exc:`selenium.common.exceptions.TimeoutException` if timeout occurs\n        \"\"\"\n        screen = None\n        stacktrace = None\n    \n        end_time = time.monotonic() + self._timeout\n        while True:\n            try:\n                value = method(self._driver)\n                if value:\n                    return value\n            except self._ignored_exceptions as exc:\n                screen = getattr(exc, \"screen\", None)\n                stacktrace = getattr(exc, \"stacktrace\", None)\n            if time.monotonic() > end_time:\n                break\n            time.sleep(self._poll)\n>       raise TimeoutException(message, screen, stacktrace)\nE       selenium.common.exceptions.TimeoutException: Message: Не найден элемент с локатором ('xpath', '//input[@name=\"nickname\"]')\n\n../local/lib/python3.12/site-packages/selenium/webdriver/support/wait.py:105: TimeoutException","steps":[{"name":"Открыть страницу авторизации","time":{"start":1737571201577,"stop":1737571205389,"duration":3812},"status":"passed","steps":[],"attachments":[],"parameters":[],"shouldDisplayMessage":false,"attachmentsCount":0,"stepsCount":0,"hasContent":false,"attachmentStep":false},{"name":"Нажать кнопку \"По смс (Для России)\"","time":{"start":1737571205389,"stop":1737571208264,"duration":2875},"status":"passed","steps":[],"attachments":[],"parameters":[],"shouldDisplayMessage":false,"attachmentsCount":0,"stepsCount":0,"hasContent":false,"attachmentStep":false},{"name":"Нажать кнопку Далее","time":{"start":1737571208264,"stop":1737571208813,"duration":549},"status":"passed","steps":[],"attachments":[],"parameters":[],"shouldDisplayMessage":false,"attachmentsCount":0,"stepsCount":0,"hasContent":false,"attachmentStep":false},{"name":"В поле никнейм ввести любое валидное значение","time":{"start":1737571208813,"stop":1737571238938,"duration":30125},"status":"broken","statusMessage":"selenium.common.exceptions.TimeoutException: Message: Не найден элемент с локатором ('xpath', '//input[@name=\"nickname\"]')\n\n","statusTrace":"  File \"/usr/workspace/tests/test_registration.py\", line 529, in test_validation_of_the_password_field_when_entering_a_password_of_6_digit_or_more\n    self.join_page.field_send_keys(element['Поле никнейм'], text=f'{username}')\n  File \"/usr/workspace/base/base_page.py\", line 126, in field_send_keys\n    element = self.find_element(locator)\n              ^^^^^^^^^^^^^^^^^^^^^^^^^^\n  File \"/usr/workspace/base/base_page.py\", line 138, in find_element\n    return self.wait.until(EC.visibility_of_element_located(locator),\n           ^^^^^^^^^^^^^^^^^^^^^^^^^^^^^^^^^^^^^^^^^^^^^^^^^^^^^^^^^^\n  File \"/usr/local/lib/python3.12/site-packages/selenium/webdriver/support/wait.py\", line 105, in until\n    raise TimeoutException(message, screen, stacktrace)\n","steps":[],"attachments":[],"parameters":[],"shouldDisplayMessage":true,"attachmentsCount":0,"stepsCount":0,"hasContent":true,"attachmentStep":false}],"attachments":[],"parameters":[],"shouldDisplayMessage":true,"attachmentsCount":0,"stepsCount":4,"hasContent":true,"attachmentStep":false},"afterStages":[{"name":"driver::0","time":{"start":1737571238955,"stop":1737571239142,"duration":187},"status":"passed","steps":[],"attachments":[{"uid":"ed04e73fea9023e3","name":"page_source","source":"ed04e73fea9023e3.html","type":"text/html","size":10283},{"uid":"9bf51eed457d1a37","name":"screenshot","source":"9bf51eed457d1a37.png","type":"image/png","size":20131},{"uid":"9944a9e187600e3","name":"browser_logs","source":"9944a9e187600e3.txt","type":"text/plain","size":2113}],"parameters":[],"shouldDisplayMessage":false,"attachmentsCount":3,"stepsCount":0,"hasContent":true,"attachmentStep":false}],"labels":[{"name":"feature","value":"Регистрация пользователя"},{"name":"severity","value":"Critical"},{"name":"tag","value":"regression"},{"name":"tag","value":"registration"},{"name":"parentSuite","value":"tests"},{"name":"suite","value":"test_registration"},{"name":"subSuite","value":"TestRegistrationUser"},{"name":"host","value":"5230432a8515"},{"name":"thread","value":"1-MainThread"},{"name":"framework","value":"pytest"},{"name":"language","value":"cpython3"},{"name":"package","value":"tests.test_registration"},{"name":"resultFormat","value":"allure2"}],"parameters":[],"links":[],"hidden":false,"retry":false,"extra":{"severity":"critical","retries":[],"categories":[{"name":"Test defects","matchedStatuses":[],"flaky":false}],"history":{"statistic":{"failed":0,"broken":8,"skipped":0,"passed":33,"unknown":0,"total":41},"items":[{"uid":"ab157931ab1f95b5","status":"broken","statusDetails":"selenium.common.exceptions.WebDriverException: Message: unknown error: Chrome failed to start: exited abnormally.\n  (unknown error: DevToolsActivePort file doesn't exist)\n  (The process started from chrome location /usr/bin/chromium-browser is no longer running, so ChromeDriver is assuming that Chrome has crashed.)","time":{"start":1737568972640,"stop":1737568972640,"duration":0}},{"uid":"cbc84206dbe7db1a","status":"passed","time":{"start":1734035203204,"stop":1734035212118,"duration":8914}},{"uid":"38c68e30b4ede045","status":"broken","statusDetails":"selenium.common.exceptions.TimeoutException: Message: Не найден элемент с локатором ('xpath', '//input[@name=\"password\"]')","time":{"start":1733937987985,"stop":1733938024850,"duration":36865}},{"uid":"7d3a9a47d3115207","status":"broken","statusDetails":"selenium.common.exceptions.TimeoutException: Message: Не найден элемент с локатором ('xpath', '//input[@name=\"password\"]')","time":{"start":1733866589298,"stop":1733866626185,"duration":36887}},{"uid":"2a7180a151160cb9","status":"passed","time":{"start":1733861084282,"stop":1733861092528,"duration":8246}},{"uid":"1657e8f5056c3444","status":"passed","time":{"start":1733857504150,"stop":1733857512502,"duration":8352}},{"uid":"d611b57a30cfa914","status":"passed","time":{"start":1733772447174,"stop":1733772457116,"duration":9942}},{"uid":"bb188e449c99d129","status":"passed","time":{"start":1733766872019,"stop":1733766880238,"duration":8219}},{"uid":"ac610a8ecac796c4","status":"broken","statusDetails":"selenium.common.exceptions.TimeoutException: Message:","time":{"start":1733422488455,"stop":1733422501061,"duration":12606}},{"uid":"e90f8751a30197e1","status":"broken","statusDetails":"selenium.common.exceptions.TimeoutException: Message:","time":{"start":1726780799351,"stop":1726780811292,"duration":11941}},{"uid":"e9d099b7bdbaa567","status":"broken","statusDetails":"selenium.common.exceptions.TimeoutException: Message:","time":{"start":1726777579601,"stop":1726777592535,"duration":12934}},{"uid":"f31b948896d1f82b","status":"passed","time":{"start":1724099333807,"stop":1724099341593,"duration":7786}},{"uid":"781cc22d6b3bcc34","status":"passed","time":{"start":1723829673024,"stop":1723829681266,"duration":8242}},{"uid":"8b39e8557a3d6359","status":"passed","time":{"start":1723751808515,"stop":1723751815722,"duration":7207}},{"uid":"3c7805135d842705","status":"passed","time":{"start":1723742289801,"stop":1723742296840,"duration":7039}},{"uid":"2e5a7d6c2addd203","status":"passed","time":{"start":1723664695933,"stop":1723664703104,"duration":7171}},{"uid":"f3356cdda35c0fe0","status":"passed","time":{"start":1723579412026,"stop":1723579419909,"duration":7883}},{"uid":"bb91f414fe3ebbd6","status":"passed","time":{"start":1723496571214,"stop":1723496577929,"duration":6715}},{"uid":"9c310c78d934e1f0","status":"passed","time":{"start":1723150371812,"stop":1723150379526,"duration":7714}},{"uid":"82b5e50bf31c3fe1","status":"passed","time":{"start":1723149054162,"stop":1723149061877,"duration":7715}}]},"tags":["regression","registration"]},"source":"574b0743afad14.json","parameterValues":[]}