{"uid":"59ccf2b9afa47680","name":"Проверка валидации поля ввода кода из смс при вводе неверного значения","fullName":"tests.test_reset_password.TestResetPassword#test_receiving_sms_code_to_reset_password","historyId":"57bcb3085b34ce1268c6f60bfaf61447","time":{"start":1738002799155,"stop":1738002807675,"duration":8520},"description":"Для восстановления используется номер от Aleska","descriptionHtml":"<p>Для восстановления используется номер от Aleska</p>\n","status":"failed","statusMessage":"AssertionError: Ожидался текст: 'Неверный код подтверждения', отображается текст: 'Код подтверждения истек'","statusTrace":"self = <test_reset_password.TestResetPassword object at 0x7f32e3488860>\nelements = {'Банк ачивок': {'Блок ачивок': ('xpath', '//div[contains(@class,\"user-achievement-by-interests_container\")]'), 'Модал...'carrot-messenger-frame'), 'Чат кэррот': ('xpath', '//div[contains(@class,\"carrot-messenger-frame-container\")]')}, ...}\n\n    @allure.title('Проверка валидации поля ввода кода из смс при вводе неверного значения')\n    @allure.description('Для восстановления используется номер от Aleska')\n    @allure.severity('Critical')\n    @pytest.mark.regression\n    def test_receiving_sms_code_to_reset_password(self, elements):\n        with allure.step('Открыть страницу логина'):\n            self.login_page.open()\n            element = elements['Страница логина']\n    \n        with allure.step('Нажать кнопку забыл пароль'):\n            self.login_page.do_click(element['Кнопка забыл пароль'])\n    \n        with allure.step('В поле \"Email или номер телефона\" ввести номер телефона от Aleska'):\n            element = elements['Страница восстановления пароля']\n            self.reset_password_page.field_send_keys(element['Поле логин'],\n                                                     text=self.User.PHONE)\n    \n        with allure.step('Нажать кнопку \"Сбросить пароль\"'):\n            self.reset_password_page.do_click(element['Кнопка сбросить пароль'])\n    \n        with allure.step('В поле Код из смс ввести смс код'):\n            self.reset_password_page.field_send_keys(element['Поле код из смс'],\n                                                     text=f'{fake.pyint(min_value=1000, max_value=9999)}')\n    \n        with allure.step('Проверить, что сработала валидация с текстом \"Неверный код подтверждения\"'):\n>           self.assertion.text_in_element(element['Валидация поля код из смс'],\n                                           expected_text='Неверный код подтверждения')\n\ntests/test_reset_password.py:128: \n_ _ _ _ _ _ _ _ _ _ _ _ _ _ _ _ _ _ _ _ _ _ _ _ _ _ _ _ _ _ _ _ _ _ _ _ _ _ _ _ \n\nself = <base.base_assertion.Assertion object at 0x7f32e38ec290>\nby_locator = ('xpath', '//label[@class=\"text-field_validation-message__nizJJ\"]')\nexpected_text = 'Неверный код подтверждения', timeout = 10\n\n    def text_in_element(self, by_locator, expected_text: str or int, timeout=10):\n        \"\"\"\n        Проверка совпадения текста элемента с ожиданием\n    \n        :param by_locator:\n            локатор элемента\n        :param expected_text:\n            ожидаемый текст\n        :param timeout:\n            время ожидания в секундах\n    \n        \"\"\"\n    \n        element = WebDriverWait(self.driver, timeout).until(\n            EC.presence_of_element_located(by_locator)\n        )\n    \n        text_in_element = element.text\n>       assert expected_text == text_in_element, \\\n            f\"Ожидался текст: '{expected_text}', отображается текст: '{text_in_element}'\"\nE       AssertionError: Ожидался текст: 'Неверный код подтверждения', отображается текст: 'Код подтверждения истек'\n\nbase/base_assertion.py:31: AssertionError","flaky":false,"newFailed":true,"newBroken":false,"newPassed":false,"retriesCount":0,"retriesStatusChange":false,"beforeStages":[{"name":"_session_faker","time":{"start":1738001308084,"stop":1738001308085,"duration":1},"status":"passed","steps":[],"attachments":[],"parameters":[],"shouldDisplayMessage":false,"attachmentsCount":0,"stepsCount":0,"hasContent":false,"attachmentStep":false},{"name":"driver","time":{"start":1738002798730,"stop":1738002799154,"duration":424},"status":"passed","steps":[],"attachments":[],"parameters":[],"shouldDisplayMessage":false,"attachmentsCount":0,"stepsCount":0,"hasContent":false,"attachmentStep":false},{"name":"Инициализация локаторов","time":{"start":1738002799154,"stop":1738002799154,"duration":0},"status":"passed","steps":[{"name":"Инициализация локаторов","time":{"start":1738002799154,"stop":1738002799154,"duration":0},"status":"passed","steps":[],"attachments":[],"parameters":[{"name":"request","value":"<SubRequest 'elements' for <Function test_receiving_sms_code_to_reset_password>>"}],"shouldDisplayMessage":false,"attachmentsCount":0,"stepsCount":0,"hasContent":true,"attachmentStep":false}],"attachments":[],"parameters":[],"shouldDisplayMessage":false,"attachmentsCount":0,"stepsCount":1,"hasContent":true,"attachmentStep":false},{"name":"setup","time":{"start":1738002799154,"stop":1738002799154,"duration":0},"status":"passed","steps":[],"attachments":[],"parameters":[],"shouldDisplayMessage":false,"attachmentsCount":0,"stepsCount":0,"hasContent":false,"attachmentStep":false}],"testStage":{"description":"Для восстановления используется номер от Aleska","status":"failed","statusMessage":"AssertionError: Ожидался текст: 'Неверный код подтверждения', отображается текст: 'Код подтверждения истек'","statusTrace":"self = <test_reset_password.TestResetPassword object at 0x7f32e3488860>\nelements = {'Банк ачивок': {'Блок ачивок': ('xpath', '//div[contains(@class,\"user-achievement-by-interests_container\")]'), 'Модал...'carrot-messenger-frame'), 'Чат кэррот': ('xpath', '//div[contains(@class,\"carrot-messenger-frame-container\")]')}, ...}\n\n    @allure.title('Проверка валидации поля ввода кода из смс при вводе неверного значения')\n    @allure.description('Для восстановления используется номер от Aleska')\n    @allure.severity('Critical')\n    @pytest.mark.regression\n    def test_receiving_sms_code_to_reset_password(self, elements):\n        with allure.step('Открыть страницу логина'):\n            self.login_page.open()\n            element = elements['Страница логина']\n    \n        with allure.step('Нажать кнопку забыл пароль'):\n            self.login_page.do_click(element['Кнопка забыл пароль'])\n    \n        with allure.step('В поле \"Email или номер телефона\" ввести номер телефона от Aleska'):\n            element = elements['Страница восстановления пароля']\n            self.reset_password_page.field_send_keys(element['Поле логин'],\n                                                     text=self.User.PHONE)\n    \n        with allure.step('Нажать кнопку \"Сбросить пароль\"'):\n            self.reset_password_page.do_click(element['Кнопка сбросить пароль'])\n    \n        with allure.step('В поле Код из смс ввести смс код'):\n            self.reset_password_page.field_send_keys(element['Поле код из смс'],\n                                                     text=f'{fake.pyint(min_value=1000, max_value=9999)}')\n    \n        with allure.step('Проверить, что сработала валидация с текстом \"Неверный код подтверждения\"'):\n>           self.assertion.text_in_element(element['Валидация поля код из смс'],\n                                           expected_text='Неверный код подтверждения')\n\ntests/test_reset_password.py:128: \n_ _ _ _ _ _ _ _ _ _ _ _ _ _ _ _ _ _ _ _ _ _ _ _ _ _ _ _ _ _ _ _ _ _ _ _ _ _ _ _ \n\nself = <base.base_assertion.Assertion object at 0x7f32e38ec290>\nby_locator = ('xpath', '//label[@class=\"text-field_validation-message__nizJJ\"]')\nexpected_text = 'Неверный код подтверждения', timeout = 10\n\n    def text_in_element(self, by_locator, expected_text: str or int, timeout=10):\n        \"\"\"\n        Проверка совпадения текста элемента с ожиданием\n    \n        :param by_locator:\n            локатор элемента\n        :param expected_text:\n            ожидаемый текст\n        :param timeout:\n            время ожидания в секундах\n    \n        \"\"\"\n    \n        element = WebDriverWait(self.driver, timeout).until(\n            EC.presence_of_element_located(by_locator)\n        )\n    \n        text_in_element = element.text\n>       assert expected_text == text_in_element, \\\n            f\"Ожидался текст: '{expected_text}', отображается текст: '{text_in_element}'\"\nE       AssertionError: Ожидался текст: 'Неверный код подтверждения', отображается текст: 'Код подтверждения истек'\n\nbase/base_assertion.py:31: AssertionError","steps":[{"name":"Открыть страницу логина","time":{"start":1738002799155,"stop":1738002801034,"duration":1879},"status":"passed","steps":[],"attachments":[],"parameters":[],"shouldDisplayMessage":false,"attachmentsCount":0,"stepsCount":0,"hasContent":false,"attachmentStep":false},{"name":"Нажать кнопку забыл пароль","time":{"start":1738002801034,"stop":1738002802462,"duration":1428},"status":"passed","steps":[],"attachments":[],"parameters":[],"shouldDisplayMessage":false,"attachmentsCount":0,"stepsCount":0,"hasContent":false,"attachmentStep":false},{"name":"В поле \"Email или номер телефона\" ввести номер телефона от Aleska","time":{"start":1738002802462,"stop":1738002804042,"duration":1580},"status":"passed","steps":[],"attachments":[],"parameters":[],"shouldDisplayMessage":false,"attachmentsCount":0,"stepsCount":0,"hasContent":false,"attachmentStep":false},{"name":"Нажать кнопку \"Сбросить пароль\"","time":{"start":1738002804042,"stop":1738002804087,"duration":45},"status":"passed","steps":[],"attachments":[],"parameters":[],"shouldDisplayMessage":false,"attachmentsCount":0,"stepsCount":0,"hasContent":false,"attachmentStep":false},{"name":"В поле Код из смс ввести смс код","time":{"start":1738002804087,"stop":1738002807150,"duration":3063},"status":"passed","steps":[],"attachments":[],"parameters":[],"shouldDisplayMessage":false,"attachmentsCount":0,"stepsCount":0,"hasContent":false,"attachmentStep":false},{"name":"Проверить, что сработала валидация с текстом \"Неверный код подтверждения\"","time":{"start":1738002807150,"stop":1738002807674,"duration":524},"status":"failed","statusMessage":"AssertionError: Ожидался текст: 'Неверный код подтверждения', отображается текст: 'Код подтверждения истек'\n","statusTrace":"  File \"/usr/workspace/tests/test_reset_password.py\", line 128, in test_receiving_sms_code_to_reset_password\n    self.assertion.text_in_element(element['Валидация поля код из смс'],\n  File \"/usr/workspace/base/base_assertion.py\", line 31, in text_in_element\n    assert expected_text == text_in_element, \\\n","steps":[],"attachments":[],"parameters":[],"shouldDisplayMessage":true,"attachmentsCount":0,"stepsCount":0,"hasContent":true,"attachmentStep":false}],"attachments":[],"parameters":[],"shouldDisplayMessage":true,"attachmentsCount":0,"stepsCount":6,"hasContent":true,"attachmentStep":false},"afterStages":[{"name":"driver::0","time":{"start":1738002807683,"stop":1738002807896,"duration":213},"status":"passed","steps":[],"attachments":[{"uid":"95bc432fc72cf665","name":"page_source","source":"95bc432fc72cf665.html","type":"text/html","size":12669},{"uid":"8578d05d6564fbf4","name":"screenshot","source":"8578d05d6564fbf4.png","type":"image/png","size":40884},{"uid":"dc0b66c23896ddaa","name":"browser_logs","source":"dc0b66c23896ddaa.txt","type":"text/plain","size":1890}],"parameters":[],"shouldDisplayMessage":false,"attachmentsCount":3,"stepsCount":0,"hasContent":true,"attachmentStep":false}],"labels":[{"name":"severity","value":"Critical"},{"name":"feature","value":"Восстановление пароля"},{"name":"tag","value":"regression"},{"name":"tag","value":"reset_password"},{"name":"parentSuite","value":"tests"},{"name":"suite","value":"test_reset_password"},{"name":"subSuite","value":"TestResetPassword"},{"name":"host","value":"f6ae2b2a5036"},{"name":"thread","value":"1-MainThread"},{"name":"framework","value":"pytest"},{"name":"language","value":"cpython3"},{"name":"package","value":"tests.test_reset_password"},{"name":"resultFormat","value":"allure2"}],"parameters":[],"links":[],"hidden":false,"retry":false,"extra":{"severity":"critical","retries":[],"categories":[{"name":"Product defects","matchedStatuses":[],"flaky":false}],"history":{"statistic":{"failed":2,"broken":8,"skipped":0,"passed":36,"unknown":0,"total":46},"items":[{"uid":"61509174e1c6620d","status":"broken","statusDetails":"urllib3.exceptions.ReadTimeoutError: HTTPConnectionPool(host='localhost', port=40957): Read timed out. (read timeout=120)","time":{"start":1737937548550,"stop":1737937548550,"duration":0}},{"uid":"f0530734d5362c92","status":"passed","time":{"start":1737843754482,"stop":1737843762516,"duration":8034}},{"uid":"67ee03a531fd9fed","status":"passed","time":{"start":1737832868151,"stop":1737832875096,"duration":6945}},{"uid":"4aab618e33c2f320","status":"passed","time":{"start":1737800235271,"stop":1737800242306,"duration":7035}},{"uid":"e4b120384bda9f96","status":"passed","time":{"start":1737758497412,"stop":1737758505337,"duration":7925}},{"uid":"947c3e6d9248fe79","status":"passed","time":{"start":1737745495366,"stop":1737745502233,"duration":6867}},{"uid":"ad8444a120c24190","status":"broken","statusDetails":"selenium.common.exceptions.TimeoutException: Message: Не найден элемент с локатором ('xpath', '//input[@name=\"code\"]')","time":{"start":1737653423903,"stop":1737653460040,"duration":36137}},{"uid":"7e9477bf1d676706","status":"broken","statusDetails":"selenium.common.exceptions.TimeoutException: Message: Не найден элемент с локатором ('xpath', '//input[@name=\"code\"]')","time":{"start":1737571400685,"stop":1737571436966,"duration":36281}},{"uid":"52196401c91adcf9","status":"broken","statusDetails":"selenium.common.exceptions.WebDriverException: Message: unknown error: Chrome failed to start: exited abnormally.\n  (unknown error: DevToolsActivePort file doesn't exist)\n  (The process started from chrome location /usr/bin/chromium-browser is no longer running, so ChromeDriver is assuming that Chrome has crashed.)","time":{"start":1737568973982,"stop":1737568973982,"duration":0}},{"uid":"5b63854eaf99e257","status":"passed","time":{"start":1734035294260,"stop":1734035302607,"duration":8347}},{"uid":"60665cf302993916","status":"passed","time":{"start":1733938101607,"stop":1733938109039,"duration":7432}},{"uid":"ab276b75bbef556f","status":"passed","time":{"start":1733866733660,"stop":1733866741186,"duration":7526}},{"uid":"cfc48d17b3150650","status":"passed","time":{"start":1733861170284,"stop":1733861177991,"duration":7707}},{"uid":"f22758073f34cabb","status":"passed","time":{"start":1733857590599,"stop":1733857598322,"duration":7723}},{"uid":"3e17f61e91aaddf0","status":"passed","time":{"start":1733772563962,"stop":1733772571706,"duration":7744}},{"uid":"bf12d3d0dd6440eb","status":"passed","time":{"start":1733766987188,"stop":1733766995226,"duration":8038}},{"uid":"16e84360b3d9c705","status":"passed","time":{"start":1733422590381,"stop":1733422598770,"duration":8389}},{"uid":"f15fa4e2d1b5ceb8","status":"passed","time":{"start":1726780870182,"stop":1726780877765,"duration":7583}},{"uid":"dcfe6e2a3d7986ab","status":"broken","statusDetails":"selenium.common.exceptions.StaleElementReferenceException: Message: stale element reference: element is not attached to the page document\n  (Session info: headless chrome=112.0.5615.165); For documentation on this error, please visit: https://www.selenium.dev/documentation/webdriver/troubleshooting/errors#stale-element-reference-exception","time":{"start":1726777645039,"stop":1726777649677,"duration":4638}},{"uid":"676fef7a0f8d015d","status":"passed","time":{"start":1724099393327,"stop":1724099402339,"duration":9012}}]},"tags":["regression","reset_password"]},"source":"59ccf2b9afa47680.json","parameterValues":[]}