{"uid":"5a100ef7c967d142","name":"Авторизация пользователя с валидным логином и пустым паролем","fullName":"tests.test_authorization.TestAuthUser#test_auth_valid_username_and_no_password","historyId":"c54ff1a71f9df88f4b3b477cb412301c","time":{"start":1737568960322,"stop":1737568960322,"duration":0},"description":"При проверке используются валидный логин пользователя Aleska","descriptionHtml":"<p>При проверке используются валидный логин пользователя Aleska</p>\n","status":"broken","statusMessage":"selenium.common.exceptions.WebDriverException: Message: unknown error: Chrome failed to start: exited abnormally.\n  (unknown error: DevToolsActivePort file doesn't exist)\n  (The process started from chrome location /usr/bin/chromium-browser is no longer running, so ChromeDriver is assuming that Chrome has crashed.)","statusTrace":"request = <SubRequest 'driver' for <Function test_auth_valid_username_and_no_password>>\n\n    @pytest.fixture(autouse=True, scope='function')\n    def driver(request):\n        chrome_options = Options()\n        chrome_options.add_argument('--window-size=1920,1080')  # размер окна is 1920x1080\n        # chrome_options.add_argument('--no-sandbox')  # no sandbox\n        chrome_options.add_argument('--disable-dev-shm-usage')  # overcome limited resource problems\n        # chrome_options.add_argument('--incognito')  # режим инкогнито\n        # chrome_options.add_argument('--headless')  # режим без UI\n        # chrome_options.add_argument('--ignore-certificate-errors')  # режим игнорирования сертификата\n>       driver = webdriver.Chrome(options=chrome_options)\n\nconftest.py:23: \n_ _ _ _ _ _ _ _ _ _ _ _ _ _ _ _ _ _ _ _ _ _ _ _ _ _ _ _ _ _ _ _ _ _ _ _ _ _ _ _ \n../local/lib/python3.12/site-packages/selenium/webdriver/chrome/webdriver.py:45: in __init__\n    super().__init__(\n../local/lib/python3.12/site-packages/selenium/webdriver/chromium/webdriver.py:66: in __init__\n    super().__init__(command_executor=executor, options=options)\n../local/lib/python3.12/site-packages/selenium/webdriver/remote/webdriver.py:241: in __init__\n    self.start_session(capabilities)\n../local/lib/python3.12/site-packages/selenium/webdriver/remote/webdriver.py:329: in start_session\n    response = self.execute(Command.NEW_SESSION, caps)[\"value\"]\n../local/lib/python3.12/site-packages/selenium/webdriver/remote/webdriver.py:384: in execute\n    self.error_handler.check_response(response)\n_ _ _ _ _ _ _ _ _ _ _ _ _ _ _ _ _ _ _ _ _ _ _ _ _ _ _ _ _ _ _ _ _ _ _ _ _ _ _ _ \n\nself = <selenium.webdriver.remote.errorhandler.ErrorHandler object at 0x7fd55b1e4c80>\nresponse = {'status': 500, 'value': '{\"value\":{\"error\":\"unknown error\",\"message\":\"unknown error: Chrome failed to start: exited a...r/bin/chromium-browser is no longer running, so ChromeDriver is assuming that Chrome has crashed.)\",\"stacktrace\":\"\"}}'}\n\n    def check_response(self, response: Dict[str, Any]) -> None:\n        \"\"\"Checks that a JSON response from the WebDriver does not have an\n        error.\n    \n        :Args:\n         - response - The JSON response from the WebDriver server as a dictionary\n           object.\n    \n        :Raises: If the response contains an error message.\n        \"\"\"\n        status = response.get(\"status\", None)\n        if not status or status == ErrorCode.SUCCESS:\n            return\n        value = None\n        message = response.get(\"message\", \"\")\n        screen: str = response.get(\"screen\", \"\")\n        stacktrace = None\n        if isinstance(status, int):\n            value_json = response.get(\"value\", None)\n            if value_json and isinstance(value_json, str):\n                import json\n    \n                try:\n                    value = json.loads(value_json)\n                    if len(value) == 1:\n                        value = value[\"value\"]\n                    status = value.get(\"error\", None)\n                    if not status:\n                        status = value.get(\"status\", ErrorCode.UNKNOWN_ERROR)\n                        message = value.get(\"value\") or value.get(\"message\")\n                        if not isinstance(message, str):\n                            value = message\n                            message = message.get(\"message\")\n                    else:\n                        message = value.get(\"message\", None)\n                except ValueError:\n                    pass\n    \n        exception_class: Type[WebDriverException]\n        e = ErrorCode()\n        error_codes = [item for item in dir(e) if not item.startswith(\"__\")]\n        for error_code in error_codes:\n            error_info = getattr(ErrorCode, error_code)\n            if isinstance(error_info, list) and status in error_info:\n                exception_class = getattr(ExceptionMapping, error_code, WebDriverException)\n                break\n        else:\n            exception_class = WebDriverException\n    \n        if not value:\n            value = response[\"value\"]\n        if isinstance(value, str):\n            raise exception_class(value)\n        if message == \"\" and \"message\" in value:\n            message = value[\"message\"]\n    \n        screen = None  # type: ignore[assignment]\n        if \"screen\" in value:\n            screen = value[\"screen\"]\n    \n        stacktrace = None\n        st_value = value.get(\"stackTrace\") or value.get(\"stacktrace\")\n        if st_value:\n            if isinstance(st_value, str):\n                stacktrace = st_value.split(\"\\n\")\n            else:\n                stacktrace = []\n                try:\n                    for frame in st_value:\n                        line = frame.get(\"lineNumber\", \"\")\n                        file = frame.get(\"fileName\", \"<anonymous>\")\n                        if line:\n                            file = f\"{file}:{line}\"\n                        meth = frame.get(\"methodName\", \"<anonymous>\")\n                        if \"className\" in frame:\n                            meth = f\"{frame['className']}.{meth}\"\n                        msg = \"    at %s (%s)\"\n                        msg = msg % (meth, file)\n                        stacktrace.append(msg)\n                except TypeError:\n                    pass\n        if exception_class == UnexpectedAlertPresentException:\n            alert_text = None\n            if \"data\" in value:\n                alert_text = value[\"data\"].get(\"text\")\n            elif \"alert\" in value:\n                alert_text = value[\"alert\"].get(\"text\")\n            raise exception_class(message, screen, stacktrace, alert_text)  # type: ignore[call-arg]  # mypy is not smart enough here\n>       raise exception_class(message, screen, stacktrace)\nE       selenium.common.exceptions.WebDriverException: Message: unknown error: Chrome failed to start: exited abnormally.\nE         (unknown error: DevToolsActivePort file doesn't exist)\nE         (The process started from chrome location /usr/bin/chromium-browser is no longer running, so ChromeDriver is assuming that Chrome has crashed.)\n\n../local/lib/python3.12/site-packages/selenium/webdriver/remote/errorhandler.py:232: WebDriverException","flaky":false,"newFailed":false,"newBroken":true,"newPassed":false,"retriesCount":0,"retriesStatusChange":false,"beforeStages":[{"name":"_session_faker","time":{"start":1737568955067,"stop":1737568955068,"duration":1},"status":"passed","steps":[],"attachments":[],"parameters":[],"shouldDisplayMessage":false,"attachmentsCount":0,"stepsCount":0,"hasContent":false,"attachmentStep":false},{"name":"driver","time":{"start":1737568960322,"stop":1737568960513,"duration":191},"status":"broken","statusMessage":"selenium.common.exceptions.WebDriverException: Message: unknown error: Chrome failed to start: exited abnormally.\n  (unknown error: DevToolsActivePort file doesn't exist)\n  (The process started from chrome location /usr/bin/chromium-browser is no longer running, so ChromeDriver is assuming that Chrome has crashed.)\n\n","statusTrace":"  File \"/usr/local/lib/python3.12/site-packages/pluggy/_callers.py\", line 167, in _multicall\n    teardown.throw(outcome._exception)\n  File \"/usr/local/lib/python3.12/site-packages/_pytest/setuponly.py\", line 36, in pytest_fixture_setup\n    return (yield)\n            ^^^^^\n  File \"/usr/local/lib/python3.12/site-packages/pluggy/_callers.py\", line 103, in _multicall\n    res = hook_impl.function(*args)\n          ^^^^^^^^^^^^^^^^^^^^^^^^^\n  File \"/usr/local/lib/python3.12/site-packages/_pytest/fixtures.py\", line 1140, in pytest_fixture_setup\n    result = call_fixture_func(fixturefunc, request, kwargs)\n             ^^^^^^^^^^^^^^^^^^^^^^^^^^^^^^^^^^^^^^^^^^^^^^^\n  File \"/usr/local/lib/python3.12/site-packages/_pytest/fixtures.py\", line 891, in call_fixture_func\n    fixture_result = next(generator)\n                     ^^^^^^^^^^^^^^^\n  File \"/usr/workspace/conftest.py\", line 23, in driver\n    driver = webdriver.Chrome(options=chrome_options)\n             ^^^^^^^^^^^^^^^^^^^^^^^^^^^^^^^^^^^^^^^^\n  File \"/usr/local/lib/python3.12/site-packages/selenium/webdriver/chrome/webdriver.py\", line 45, in __init__\n    super().__init__(\n  File \"/usr/local/lib/python3.12/site-packages/selenium/webdriver/chromium/webdriver.py\", line 66, in __init__\n    super().__init__(command_executor=executor, options=options)\n  File \"/usr/local/lib/python3.12/site-packages/selenium/webdriver/remote/webdriver.py\", line 241, in __init__\n    self.start_session(capabilities)\n  File \"/usr/local/lib/python3.12/site-packages/selenium/webdriver/remote/webdriver.py\", line 329, in start_session\n    response = self.execute(Command.NEW_SESSION, caps)[\"value\"]\n               ^^^^^^^^^^^^^^^^^^^^^^^^^^^^^^^^^^^^^^^\n  File \"/usr/local/lib/python3.12/site-packages/selenium/webdriver/remote/webdriver.py\", line 384, in execute\n    self.error_handler.check_response(response)\n  File \"/usr/local/lib/python3.12/site-packages/selenium/webdriver/remote/errorhandler.py\", line 232, in check_response\n    raise exception_class(message, screen, stacktrace)\n","steps":[],"attachments":[],"parameters":[],"shouldDisplayMessage":true,"attachmentsCount":0,"stepsCount":0,"hasContent":true,"attachmentStep":false}],"afterStages":[],"labels":[{"name":"severity","value":"Trivial"},{"name":"feature","value":"Авторизация пользователя"},{"name":"tag","value":"regression"},{"name":"tag","value":"authorization"},{"name":"parentSuite","value":"tests"},{"name":"suite","value":"test_authorization"},{"name":"subSuite","value":"TestAuthUser"},{"name":"host","value":"fa278e3f9e86"},{"name":"thread","value":"1-MainThread"},{"name":"framework","value":"pytest"},{"name":"language","value":"cpython3"},{"name":"package","value":"tests.test_authorization"},{"name":"resultFormat","value":"allure2"}],"parameters":[],"links":[],"hidden":false,"retry":false,"extra":{"severity":"trivial","retries":[],"categories":[{"name":"Test defects","matchedStatuses":[],"flaky":false}],"history":{"statistic":{"failed":0,"broken":1,"skipped":0,"passed":45,"unknown":0,"total":46},"items":[{"uid":"253357a7722f0d68","status":"passed","time":{"start":1734034273324,"stop":1734034277553,"duration":4229}},{"uid":"68f615ede810a77f","status":"passed","time":{"start":1733936917696,"stop":1733936921828,"duration":4132}},{"uid":"4649169f4c0d1e33","status":"passed","time":{"start":1733865405157,"stop":1733865409285,"duration":4128}},{"uid":"7ed7624e11ae4290","status":"passed","time":{"start":1733859854750,"stop":1733859859029,"duration":4279}},{"uid":"e28379d5010751ad","status":"passed","time":{"start":1733856514644,"stop":1733856518697,"duration":4053}},{"uid":"322de21c69d5083e","status":"passed","time":{"start":1733771384847,"stop":1733771388942,"duration":4095}},{"uid":"ae0b24738d5f85e7","status":"passed","time":{"start":1733765708596,"stop":1733765711998,"duration":3402}},{"uid":"5173ba5064450422","status":"passed","time":{"start":1733421497708,"stop":1733421502031,"duration":4323}},{"uid":"f6cdb0fee736a497","status":"passed","time":{"start":1726780063844,"stop":1726780068825,"duration":4981}},{"uid":"362fdd9f759cb5c5","status":"passed","time":{"start":1726776754746,"stop":1726776760150,"duration":5404}},{"uid":"7dd74d0af856927b","status":"passed","time":{"start":1724098401851,"stop":1724098407151,"duration":5300}},{"uid":"37dc231942aacb85","status":"passed","time":{"start":1723828538424,"stop":1723828544005,"duration":5581}},{"uid":"6531d06005bb699d","status":"passed","time":{"start":1723750960197,"stop":1723750963708,"duration":3511}},{"uid":"94536c2955aedf6c","status":"passed","time":{"start":1723741424684,"stop":1723741428326,"duration":3642}},{"uid":"a44f64a46f70096f","status":"passed","time":{"start":1723664206650,"stop":1723664211019,"duration":4369}},{"uid":"c573486c44733a0c","status":"passed","time":{"start":1723578514321,"stop":1723578519703,"duration":5382}},{"uid":"400063c5482da6ad","status":"passed","time":{"start":1723495700117,"stop":1723495703400,"duration":3283}},{"uid":"71380f6fc9e3ee9f","status":"passed","time":{"start":1723149619114,"stop":1723149623623,"duration":4509}},{"uid":"372bbc9c25a89471","status":"passed","time":{"start":1723148324117,"stop":1723148329235,"duration":5118}},{"uid":"9bda002400956254","status":"passed","time":{"start":1723146593479,"stop":1723146598191,"duration":4712}}]},"tags":["authorization","regression"]},"source":"5a100ef7c967d142.json","parameterValues":[]}