{"uid":"5d507f560088692d","name":"Проверка валидации поля никнейм при вводе пробела","fullName":"tests.test_registration.TestRegistrationUser#test_validation_field_nickname_when_entering_a_space","historyId":"305a26a380ab03965a413554008285eb","time":{"start":1733422380584,"stop":1733422393527,"duration":12943},"status":"broken","statusMessage":"selenium.common.exceptions.TimeoutException: Message:","statusTrace":"self = <test_registration.TestRegistrationUser object at 0x7f98de413530>\nelements = {'Банк ачивок': {'Блок ачивок': ('xpath', '//div[contains(@class,\"user-achievement-by-interests_container\")]'), 'Модал...-sheet_icons\")]'), 'Название ачивки': ('xpath', '//div[contains(@class,\"achievement-item-bottom-sheet_title\")]')}, ...}\n\n    @allure.title('Проверка валидации поля никнейм при вводе пробела')\n    @allure.severity('Normal')\n    @pytest.mark.regression\n    def test_validation_field_nickname_when_entering_a_space(self, elements):\n        with allure.step('Открыть страницу регистрации'):\n            self.authorization_page.open()\n            element = elements['Страница авторизации']\n    \n        with allure.step('Нажать кнопку \"По смс (Для России)\"'):\n>           self.authorization_page.do_click(element['Кнопка по смс'])\n\ntests/test_registration.py:193: \n_ _ _ _ _ _ _ _ _ _ _ _ _ _ _ _ _ _ _ _ _ _ _ _ _ _ _ _ _ _ _ _ _ _ _ _ _ _ _ _ \nbase/base_page.py:75: in do_click\n    elem = WebDriverWait(self.driver, wait_time).until(EC.element_to_be_clickable(locator))\n_ _ _ _ _ _ _ _ _ _ _ _ _ _ _ _ _ _ _ _ _ _ _ _ _ _ _ _ _ _ _ _ _ _ _ _ _ _ _ _ \n\nself = <selenium.webdriver.support.wait.WebDriverWait (session=\"200d0aa5274baabd52f5539adeab9ecc\")>\nmethod = <function element_to_be_clickable.<locals>._predicate at 0x7f98df073b00>\nmessage = ''\n\n    def until(self, method: Callable[[D], Union[Literal[False], T]], message: str = \"\") -> T:\n        \"\"\"Calls the method provided with the driver as an argument until the \\\n        return value does not evaluate to ``False``.\n    \n        :param method: callable(WebDriver)\n        :param message: optional message for :exc:`TimeoutException`\n        :returns: the result of the last call to `method`\n        :raises: :exc:`selenium.common.exceptions.TimeoutException` if timeout occurs\n        \"\"\"\n        screen = None\n        stacktrace = None\n    \n        end_time = time.monotonic() + self._timeout\n        while True:\n            try:\n                value = method(self._driver)\n                if value:\n                    return value\n            except self._ignored_exceptions as exc:\n                screen = getattr(exc, \"screen\", None)\n                stacktrace = getattr(exc, \"stacktrace\", None)\n            if time.monotonic() > end_time:\n                break\n            time.sleep(self._poll)\n>       raise TimeoutException(message, screen, stacktrace)\nE       selenium.common.exceptions.TimeoutException: Message:\n\n../local/lib/python3.12/site-packages/selenium/webdriver/support/wait.py:105: TimeoutException","flaky":false,"newFailed":false,"newBroken":false,"newPassed":false,"retriesCount":0,"retriesStatusChange":false,"beforeStages":[{"name":"_session_faker","time":{"start":1733421090315,"stop":1733421090316,"duration":1},"status":"passed","steps":[],"attachments":[],"parameters":[],"shouldDisplayMessage":false,"attachmentsCount":0,"stepsCount":0,"hasContent":false,"attachmentStep":false},{"name":"driver","time":{"start":1733422380132,"stop":1733422380583,"duration":451},"status":"passed","steps":[],"attachments":[],"parameters":[],"shouldDisplayMessage":false,"attachmentsCount":0,"stepsCount":0,"hasContent":false,"attachmentStep":false},{"name":"setup","time":{"start":1733422380583,"stop":1733422380583,"duration":0},"status":"passed","steps":[],"attachments":[],"parameters":[],"shouldDisplayMessage":false,"attachmentsCount":0,"stepsCount":0,"hasContent":false,"attachmentStep":false},{"name":"Инициализация локаторов","time":{"start":1733422380583,"stop":1733422380583,"duration":0},"status":"passed","steps":[{"name":"Инициализация локаторов","time":{"start":1733422380583,"stop":1733422380583,"duration":0},"status":"passed","steps":[],"attachments":[],"parameters":[{"name":"request","value":"<SubRequest 'elements' for <Function test_validation_field_nickname_when_entering_a_space>>"}],"shouldDisplayMessage":false,"attachmentsCount":0,"stepsCount":0,"hasContent":true,"attachmentStep":false}],"attachments":[],"parameters":[],"shouldDisplayMessage":false,"attachmentsCount":0,"stepsCount":1,"hasContent":true,"attachmentStep":false}],"testStage":{"status":"broken","statusMessage":"selenium.common.exceptions.TimeoutException: Message:","statusTrace":"self = <test_registration.TestRegistrationUser object at 0x7f98de413530>\nelements = {'Банк ачивок': {'Блок ачивок': ('xpath', '//div[contains(@class,\"user-achievement-by-interests_container\")]'), 'Модал...-sheet_icons\")]'), 'Название ачивки': ('xpath', '//div[contains(@class,\"achievement-item-bottom-sheet_title\")]')}, ...}\n\n    @allure.title('Проверка валидации поля никнейм при вводе пробела')\n    @allure.severity('Normal')\n    @pytest.mark.regression\n    def test_validation_field_nickname_when_entering_a_space(self, elements):\n        with allure.step('Открыть страницу регистрации'):\n            self.authorization_page.open()\n            element = elements['Страница авторизации']\n    \n        with allure.step('Нажать кнопку \"По смс (Для России)\"'):\n>           self.authorization_page.do_click(element['Кнопка по смс'])\n\ntests/test_registration.py:193: \n_ _ _ _ _ _ _ _ _ _ _ _ _ _ _ _ _ _ _ _ _ _ _ _ _ _ _ _ _ _ _ _ _ _ _ _ _ _ _ _ \nbase/base_page.py:75: in do_click\n    elem = WebDriverWait(self.driver, wait_time).until(EC.element_to_be_clickable(locator))\n_ _ _ _ _ _ _ _ _ _ _ _ _ _ _ _ _ _ _ _ _ _ _ _ _ _ _ _ _ _ _ _ _ _ _ _ _ _ _ _ \n\nself = <selenium.webdriver.support.wait.WebDriverWait (session=\"200d0aa5274baabd52f5539adeab9ecc\")>\nmethod = <function element_to_be_clickable.<locals>._predicate at 0x7f98df073b00>\nmessage = ''\n\n    def until(self, method: Callable[[D], Union[Literal[False], T]], message: str = \"\") -> T:\n        \"\"\"Calls the method provided with the driver as an argument until the \\\n        return value does not evaluate to ``False``.\n    \n        :param method: callable(WebDriver)\n        :param message: optional message for :exc:`TimeoutException`\n        :returns: the result of the last call to `method`\n        :raises: :exc:`selenium.common.exceptions.TimeoutException` if timeout occurs\n        \"\"\"\n        screen = None\n        stacktrace = None\n    \n        end_time = time.monotonic() + self._timeout\n        while True:\n            try:\n                value = method(self._driver)\n                if value:\n                    return value\n            except self._ignored_exceptions as exc:\n                screen = getattr(exc, \"screen\", None)\n                stacktrace = getattr(exc, \"stacktrace\", None)\n            if time.monotonic() > end_time:\n                break\n            time.sleep(self._poll)\n>       raise TimeoutException(message, screen, stacktrace)\nE       selenium.common.exceptions.TimeoutException: Message:\n\n../local/lib/python3.12/site-packages/selenium/webdriver/support/wait.py:105: TimeoutException","steps":[{"name":"Открыть страницу регистрации","time":{"start":1733422380584,"stop":1733422383091,"duration":2507},"status":"passed","steps":[],"attachments":[],"parameters":[],"shouldDisplayMessage":false,"attachmentsCount":0,"stepsCount":0,"hasContent":false,"attachmentStep":false},{"name":"Нажать кнопку \"По смс (Для России)\"","time":{"start":1733422383091,"stop":1733422393527,"duration":10436},"status":"broken","statusMessage":"selenium.common.exceptions.TimeoutException: Message: \n\n","statusTrace":"  File \"/usr/workspace/tests/test_registration.py\", line 193, in test_validation_field_nickname_when_entering_a_space\n    self.authorization_page.do_click(element['Кнопка по смс'])\n  File \"/usr/workspace/base/base_page.py\", line 75, in do_click\n    elem = WebDriverWait(self.driver, wait_time).until(EC.element_to_be_clickable(locator))\n           ^^^^^^^^^^^^^^^^^^^^^^^^^^^^^^^^^^^^^^^^^^^^^^^^^^^^^^^^^^^^^^^^^^^^^^^^^^^^^^^^\n  File \"/usr/local/lib/python3.12/site-packages/selenium/webdriver/support/wait.py\", line 105, in until\n    raise TimeoutException(message, screen, stacktrace)\n","steps":[],"attachments":[],"parameters":[],"shouldDisplayMessage":true,"attachmentsCount":0,"stepsCount":0,"hasContent":true,"attachmentStep":false}],"attachments":[],"parameters":[],"shouldDisplayMessage":true,"attachmentsCount":0,"stepsCount":2,"hasContent":true,"attachmentStep":false},"afterStages":[{"name":"driver::0","time":{"start":1733422393543,"stop":1733422393731,"duration":188},"status":"passed","steps":[],"attachments":[{"uid":"138c915fefa096a9","name":"page_source","source":"138c915fefa096a9.html","type":"text/html","size":16809},{"uid":"391af21959ba3042","name":"screenshot","source":"391af21959ba3042.png","type":"image/png","size":31251},{"uid":"981cd0cec30664b5","name":"browser_logs","source":"981cd0cec30664b5.txt","type":"text/plain","size":4122}],"parameters":[],"shouldDisplayMessage":false,"attachmentsCount":3,"stepsCount":0,"hasContent":true,"attachmentStep":false}],"labels":[{"name":"feature","value":"Регистрация пользователя"},{"name":"severity","value":"Normal"},{"name":"tag","value":"regression"},{"name":"tag","value":"registration"},{"name":"parentSuite","value":"tests"},{"name":"suite","value":"test_registration"},{"name":"subSuite","value":"TestRegistrationUser"},{"name":"host","value":"511a3a5ccd0d"},{"name":"thread","value":"1-MainThread"},{"name":"framework","value":"pytest"},{"name":"language","value":"cpython3"},{"name":"package","value":"tests.test_registration"},{"name":"resultFormat","value":"allure2"}],"parameters":[],"links":[],"hidden":false,"retry":false,"extra":{"severity":"normal","retries":[],"categories":[{"name":"Test defects","matchedStatuses":[],"flaky":false}],"history":{"statistic":{"failed":1,"broken":3,"skipped":0,"passed":41,"unknown":0,"total":45},"items":[{"uid":"dd5eb83723948ba1","status":"broken","statusDetails":"selenium.common.exceptions.TimeoutException: Message:","time":{"start":1726780698703,"stop":1726780711129,"duration":12426}},{"uid":"970f2ba10f204b8a","status":"broken","statusDetails":"selenium.common.exceptions.TimeoutException: Message:","time":{"start":1726777470947,"stop":1726777483861,"duration":12914}},{"uid":"f8d42c6977a1707","status":"passed","time":{"start":1724099177814,"stop":1724099184066,"duration":6252}},{"uid":"2d6f5e55ed3da9d9","status":"passed","time":{"start":1723829511026,"stop":1723829519113,"duration":8087}},{"uid":"23058481e80cf30","status":"passed","time":{"start":1723751661827,"stop":1723751667225,"duration":5398}},{"uid":"e12c89d1e9adfd89","status":"passed","time":{"start":1723742117833,"stop":1723742124095,"duration":6262}},{"uid":"87fe17818433a042","status":"passed","time":{"start":1723664495796,"stop":1723664501399,"duration":5603}},{"uid":"c6d0cb9e568fd44f","status":"passed","time":{"start":1723579256973,"stop":1723579263626,"duration":6653}},{"uid":"d3724b1a64f5dd1e","status":"passed","time":{"start":1723496428121,"stop":1723496433161,"duration":5040}},{"uid":"1b193c241227b768","status":"passed","time":{"start":1723150226991,"stop":1723150233383,"duration":6392}},{"uid":"48c8caa3ce880d94","status":"passed","time":{"start":1723148910797,"stop":1723148916851,"duration":6054}},{"uid":"e7203bd0711f1f57","status":"passed","time":{"start":1723147148679,"stop":1723147154788,"duration":6109}},{"uid":"8a9cd3c92e4aae2d","status":"passed","time":{"start":1723065376635,"stop":1723065382775,"duration":6140}},{"uid":"bd6ff59903214822","status":"passed","time":{"start":1722976915401,"stop":1722976921840,"duration":6439}},{"uid":"c06684c4dee5d6e8","status":"passed","time":{"start":1722892146620,"stop":1722892154341,"duration":7721}},{"uid":"95c908da43606f0b","status":"passed","time":{"start":1722625849333,"stop":1722625856988,"duration":7655}},{"uid":"5f1ff9c3d9f706ee","status":"passed","time":{"start":1722546491893,"stop":1722546499252,"duration":7359}},{"uid":"6807d994c78ccd5b","status":"passed","time":{"start":1722370233957,"stop":1722370242033,"duration":8076}},{"uid":"6227a23128c634e7","status":"passed","time":{"start":1722283304672,"stop":1722283311540,"duration":6868}},{"uid":"52fabd489cc33ead","status":"passed","time":{"start":1722018349389,"stop":1722018355881,"duration":6492}}]},"tags":["regression","registration"]},"source":"5d507f560088692d.json","parameterValues":[]}