{"uid":"5d7de7a26b1b4f4a","name":"Проверить, есть возможность отписаться от пользователя","fullName":"tests.test_another_users_page.TestAnotherUsersPage#test_ability_to_unsubscribe_from_a_users_profile","historyId":"c4f0943c9826c0d62cd0bf0cc043afe9","time":{"start":1726776402225,"stop":1726776434587,"duration":32362},"description":"Подписываемся на пользователя из профиля и после отписываемся. Проверка на пользователе Aleska","descriptionHtml":"<p>Подписываемся на пользователя из профиля и после отписываемся. Проверка на пользователе Aleska</p>\n","status":"broken","statusMessage":"selenium.common.exceptions.TimeoutException: Message: Не найден элемент с локатором ('xpath', '//div[@id=\"user-info_following\"]//div[contains(@class,\"user-info_count\")]')","statusTrace":"self = <test_another_users_page.TestAnotherUsersPage object at 0x7fa1963d2150>\nelements = {'Банк ачивок': {'Блок ачивок': ('xpath', '//div[contains(@class,\"user-achievement-by-interests_container\")]'), 'Модал...-sheet_icons\")]'), 'Название ачивки': ('xpath', '//div[contains(@class,\"achievement-item-bottom-sheet_title\")]')}, ...}\nlogin_to_app = None\n\n    @allure.title('Проверить, есть возможность отписаться от пользователя')\n    @allure.description('Подписываемся на пользователя из профиля и после отписываемся. '\n                        'Проверка на пользователе Aleska')\n    @allure.severity('Critical')\n    @pytest.mark.regression\n    def test_ability_to_unsubscribe_from_a_users_profile(self, elements, login_to_app):\n        with allure.step('Подписаться на пользователя \"Serg1206\"'):\n            self.another_user_page.subscribe_user_for_username('Serg1206')\n    \n        with allure.step('Нажать кнопку профиль'):\n            self.app.profile_button_click()\n    \n        with allure.step('Запомнить количество подписок'):\n            element = elements['Профиль пользователя']\n>           initial_subscriptions_count = int(self.profile_page.get_element_text(element['Подписки']))\n\ntests/test_another_users_page.py:59: \n_ _ _ _ _ _ _ _ _ _ _ _ _ _ _ _ _ _ _ _ _ _ _ _ _ _ _ _ _ _ _ _ _ _ _ _ _ _ _ _ \nbase/base_page.py:167: in get_element_text\n    self.find_element(by_locator)\nbase/base_page.py:140: in find_element\n    return self.wait.until(EC.visibility_of_element_located(locator),\n_ _ _ _ _ _ _ _ _ _ _ _ _ _ _ _ _ _ _ _ _ _ _ _ _ _ _ _ _ _ _ _ _ _ _ _ _ _ _ _ \n\nself = <selenium.webdriver.support.wait.WebDriverWait (session=\"fe79f5e77411264bec1843539e3a4e30\")>\nmethod = <function visibility_of_element_located.<locals>._predicate at 0x7fa196c38180>\nmessage = 'Не найден элемент с локатором (\\'xpath\\', \\'//div[@id=\"user-info_following\"]//div[contains(@class,\"user-info_count\")]\\')'\n\n    def until(self, method: Callable[[D], Union[Literal[False], T]], message: str = \"\") -> T:\n        \"\"\"Calls the method provided with the driver as an argument until the \\\n        return value does not evaluate to ``False``.\n    \n        :param method: callable(WebDriver)\n        :param message: optional message for :exc:`TimeoutException`\n        :returns: the result of the last call to `method`\n        :raises: :exc:`selenium.common.exceptions.TimeoutException` if timeout occurs\n        \"\"\"\n        screen = None\n        stacktrace = None\n    \n        end_time = time.monotonic() + self._timeout\n        while True:\n            try:\n                value = method(self._driver)\n                if value:\n                    return value\n            except self._ignored_exceptions as exc:\n                screen = getattr(exc, \"screen\", None)\n                stacktrace = getattr(exc, \"stacktrace\", None)\n            time.sleep(self._poll)\n            if time.monotonic() > end_time:\n                break\n>       raise TimeoutException(message, screen, stacktrace)\nE       selenium.common.exceptions.TimeoutException: Message: Не найден элемент с локатором ('xpath', '//div[@id=\"user-info_following\"]//div[contains(@class,\"user-info_count\")]')\n\n../local/lib/python3.12/site-packages/selenium/webdriver/support/wait.py:105: TimeoutException","flaky":false,"newFailed":false,"newBroken":true,"newPassed":false,"retriesCount":0,"retriesStatusChange":false,"beforeStages":[{"name":"_session_faker","time":{"start":1726776348984,"stop":1726776349004,"duration":20},"status":"passed","steps":[],"attachments":[],"parameters":[],"shouldDisplayMessage":false,"attachmentsCount":0,"stepsCount":0,"hasContent":false,"attachmentStep":false},{"name":"driver","time":{"start":1726776391060,"stop":1726776391479,"duration":419},"status":"passed","steps":[],"attachments":[],"parameters":[],"shouldDisplayMessage":false,"attachmentsCount":0,"stepsCount":0,"hasContent":false,"attachmentStep":false},{"name":"Инициализация локаторов","time":{"start":1726776391479,"stop":1726776391479,"duration":0},"status":"passed","steps":[{"name":"Инициализация локаторов","time":{"start":1726776391479,"stop":1726776391479,"duration":0},"status":"passed","steps":[],"attachments":[],"parameters":[{"name":"request","value":"<SubRequest 'elements' for <Function test_ability_to_unsubscribe_from_a_users_profile>>"}],"shouldDisplayMessage":false,"attachmentsCount":0,"stepsCount":0,"hasContent":true,"attachmentStep":false}],"attachments":[],"parameters":[],"shouldDisplayMessage":false,"attachmentsCount":0,"stepsCount":1,"hasContent":true,"attachmentStep":false},{"name":"setup","time":{"start":1726776391479,"stop":1726776391479,"duration":0},"status":"passed","steps":[],"attachments":[],"parameters":[],"shouldDisplayMessage":false,"attachmentsCount":0,"stepsCount":0,"hasContent":false,"attachmentStep":false},{"name":"Авторизация пользователя в системе","time":{"start":1726776391480,"stop":1726776402225,"duration":10745},"status":"passed","steps":[{"name":"Авторизация пользователя в системе","time":{"start":1726776391480,"stop":1726776402225,"duration":10745},"status":"passed","steps":[],"attachments":[],"parameters":[{"name":"request","value":"<SubRequest 'login_to_app' for <Function test_ability_to_unsubscribe_from_a_users_profile>>"},{"name":"driver","value":"<selenium.webdriver.chrome.webdriver.WebDriver (session=\"fe79f5e77411264bec1843539e3a4e30\")>"}],"shouldDisplayMessage":false,"attachmentsCount":0,"stepsCount":0,"hasContent":true,"attachmentStep":false}],"attachments":[],"parameters":[],"shouldDisplayMessage":false,"attachmentsCount":0,"stepsCount":1,"hasContent":true,"attachmentStep":false}],"testStage":{"description":"Подписываемся на пользователя из профиля и после отписываемся. Проверка на пользователе Aleska","status":"broken","statusMessage":"selenium.common.exceptions.TimeoutException: Message: Не найден элемент с локатором ('xpath', '//div[@id=\"user-info_following\"]//div[contains(@class,\"user-info_count\")]')","statusTrace":"self = <test_another_users_page.TestAnotherUsersPage object at 0x7fa1963d2150>\nelements = {'Банк ачивок': {'Блок ачивок': ('xpath', '//div[contains(@class,\"user-achievement-by-interests_container\")]'), 'Модал...-sheet_icons\")]'), 'Название ачивки': ('xpath', '//div[contains(@class,\"achievement-item-bottom-sheet_title\")]')}, ...}\nlogin_to_app = None\n\n    @allure.title('Проверить, есть возможность отписаться от пользователя')\n    @allure.description('Подписываемся на пользователя из профиля и после отписываемся. '\n                        'Проверка на пользователе Aleska')\n    @allure.severity('Critical')\n    @pytest.mark.regression\n    def test_ability_to_unsubscribe_from_a_users_profile(self, elements, login_to_app):\n        with allure.step('Подписаться на пользователя \"Serg1206\"'):\n            self.another_user_page.subscribe_user_for_username('Serg1206')\n    \n        with allure.step('Нажать кнопку профиль'):\n            self.app.profile_button_click()\n    \n        with allure.step('Запомнить количество подписок'):\n            element = elements['Профиль пользователя']\n>           initial_subscriptions_count = int(self.profile_page.get_element_text(element['Подписки']))\n\ntests/test_another_users_page.py:59: \n_ _ _ _ _ _ _ _ _ _ _ _ _ _ _ _ _ _ _ _ _ _ _ _ _ _ _ _ _ _ _ _ _ _ _ _ _ _ _ _ \nbase/base_page.py:167: in get_element_text\n    self.find_element(by_locator)\nbase/base_page.py:140: in find_element\n    return self.wait.until(EC.visibility_of_element_located(locator),\n_ _ _ _ _ _ _ _ _ _ _ _ _ _ _ _ _ _ _ _ _ _ _ _ _ _ _ _ _ _ _ _ _ _ _ _ _ _ _ _ \n\nself = <selenium.webdriver.support.wait.WebDriverWait (session=\"fe79f5e77411264bec1843539e3a4e30\")>\nmethod = <function visibility_of_element_located.<locals>._predicate at 0x7fa196c38180>\nmessage = 'Не найден элемент с локатором (\\'xpath\\', \\'//div[@id=\"user-info_following\"]//div[contains(@class,\"user-info_count\")]\\')'\n\n    def until(self, method: Callable[[D], Union[Literal[False], T]], message: str = \"\") -> T:\n        \"\"\"Calls the method provided with the driver as an argument until the \\\n        return value does not evaluate to ``False``.\n    \n        :param method: callable(WebDriver)\n        :param message: optional message for :exc:`TimeoutException`\n        :returns: the result of the last call to `method`\n        :raises: :exc:`selenium.common.exceptions.TimeoutException` if timeout occurs\n        \"\"\"\n        screen = None\n        stacktrace = None\n    \n        end_time = time.monotonic() + self._timeout\n        while True:\n            try:\n                value = method(self._driver)\n                if value:\n                    return value\n            except self._ignored_exceptions as exc:\n                screen = getattr(exc, \"screen\", None)\n                stacktrace = getattr(exc, \"stacktrace\", None)\n            time.sleep(self._poll)\n            if time.monotonic() > end_time:\n                break\n>       raise TimeoutException(message, screen, stacktrace)\nE       selenium.common.exceptions.TimeoutException: Message: Не найден элемент с локатором ('xpath', '//div[@id=\"user-info_following\"]//div[contains(@class,\"user-info_count\")]')\n\n../local/lib/python3.12/site-packages/selenium/webdriver/support/wait.py:105: TimeoutException","steps":[{"name":"Подписаться на пользователя \"Serg1206\"","time":{"start":1726776402225,"stop":1726776404425,"duration":2200},"status":"passed","steps":[],"attachments":[],"parameters":[],"shouldDisplayMessage":false,"attachmentsCount":0,"stepsCount":0,"hasContent":false,"attachmentStep":false},{"name":"Нажать кнопку профиль","time":{"start":1726776404425,"stop":1726776404467,"duration":42},"status":"passed","steps":[],"attachments":[],"parameters":[],"shouldDisplayMessage":false,"attachmentsCount":0,"stepsCount":0,"hasContent":false,"attachmentStep":false},{"name":"Запомнить количество подписок","time":{"start":1726776404467,"stop":1726776434587,"duration":30120},"status":"broken","statusMessage":"selenium.common.exceptions.TimeoutException: Message: Не найден элемент с локатором ('xpath', '//div[@id=\"user-info_following\"]//div[contains(@class,\"user-info_count\")]')\n\n","statusTrace":"  File \"/usr/workspace/tests/test_another_users_page.py\", line 59, in test_ability_to_unsubscribe_from_a_users_profile\n    initial_subscriptions_count = int(self.profile_page.get_element_text(element['Подписки']))\n                                      ^^^^^^^^^^^^^^^^^^^^^^^^^^^^^^^^^^^^^^^^^^^^^^^^^^^^^^^\n  File \"/usr/workspace/base/base_page.py\", line 167, in get_element_text\n    self.find_element(by_locator)\n  File \"/usr/workspace/base/base_page.py\", line 140, in find_element\n    return self.wait.until(EC.visibility_of_element_located(locator),\n           ^^^^^^^^^^^^^^^^^^^^^^^^^^^^^^^^^^^^^^^^^^^^^^^^^^^^^^^^^^\n  File \"/usr/local/lib/python3.12/site-packages/selenium/webdriver/support/wait.py\", line 105, in until\n    raise TimeoutException(message, screen, stacktrace)\n","steps":[],"attachments":[],"parameters":[],"shouldDisplayMessage":true,"attachmentsCount":0,"stepsCount":0,"hasContent":true,"attachmentStep":false}],"attachments":[],"parameters":[],"shouldDisplayMessage":true,"attachmentsCount":0,"stepsCount":3,"hasContent":true,"attachmentStep":false},"afterStages":[{"name":"driver::0","time":{"start":1726776434597,"stop":1726776434846,"duration":249},"status":"passed","steps":[],"attachments":[{"uid":"4a3116089ba8ecfa","name":"page_source","source":"4a3116089ba8ecfa.html","type":"text/html","size":39747},{"uid":"efb94a85944db853","name":"screenshot","source":"efb94a85944db853.png","type":"image/png","size":324244},{"uid":"aba78ea067721cee","name":"browser_logs","source":"aba78ea067721cee.txt","type":"text/plain","size":5552}],"parameters":[],"shouldDisplayMessage":false,"attachmentsCount":3,"stepsCount":0,"hasContent":true,"attachmentStep":false}],"labels":[{"name":"feature","value":"Профиль другого пользователя"},{"name":"severity","value":"Critical"},{"name":"tag","value":"regression"},{"name":"tag","value":"another_users_page"},{"name":"parentSuite","value":"tests"},{"name":"suite","value":"test_another_users_page"},{"name":"subSuite","value":"TestAnotherUsersPage"},{"name":"host","value":"b8c274508a65"},{"name":"thread","value":"1-MainThread"},{"name":"framework","value":"pytest"},{"name":"language","value":"cpython3"},{"name":"package","value":"tests.test_another_users_page"},{"name":"resultFormat","value":"allure2"}],"parameters":[],"links":[],"hidden":false,"retry":false,"extra":{"severity":"critical","retries":[],"categories":[{"name":"Test defects","matchedStatuses":[],"flaky":false}],"history":{"statistic":{"failed":0,"broken":3,"skipped":0,"passed":5,"unknown":0,"total":8},"items":[{"uid":"fcbda5162755f576","status":"passed","time":{"start":1724097972743,"stop":1724097978570,"duration":5827}},{"uid":"e56d0d665ccbe45d","status":"passed","time":{"start":1723828098907,"stop":1723828106065,"duration":7158}},{"uid":"e09fb2862d98988b","status":"passed","time":{"start":1723750529477,"stop":1723750535103,"duration":5626}},{"uid":"2e926ace69fd9c9d","status":"passed","time":{"start":1723741059096,"stop":1723741064858,"duration":5762}},{"uid":"864e9dceb3d55d02","status":"broken","statusDetails":"selenium.common.exceptions.TimeoutException: Message:","time":{"start":1723663719395,"stop":1723663754111,"duration":34716}},{"uid":"504eadc4ff46b5e2","status":"passed","time":{"start":1723578114979,"stop":1723578122899,"duration":7920}},{"uid":"7579d101fc2c8386","status":"broken","statusDetails":"selenium.common.exceptions.TimeoutException: Message:","time":{"start":1723495323862,"stop":1723495358704,"duration":34842}}]},"tags":["regression","another_users_page"]},"source":"5d7de7a26b1b4f4a.json","parameterValues":[]}