{"uid":"5d94f978875fdba8","name":"Проверить отображение заблокированных проектов","fullName":"tests.test_profile.TestProfile#test_display_blocked_projects","historyId":"8be91c537f7853c8d2a3dfc5f783ef8b","time":{"start":1738865305045,"stop":1738865305045,"duration":0},"description":"Проверяется, что при открытие профиля в нем отображаются проекты заблокированных проектов в количестве > 0","descriptionHtml":"<p>Проверяется, что при открытие профиля в нем отображаются проекты заблокированных проектов в количестве &gt; 0</p>\n","status":"broken","statusMessage":"KeyError: 'access_token'","statusTrace":"request = <SubRequest 'login_to_app' for <Function test_display_blocked_projects>>\ndriver = <selenium.webdriver.chrome.webdriver.WebDriver (session=\"6c0b494fd9e1be8d1def5f9ae839952d\")>\n\n    @pytest.fixture(scope='function')\n    @allure.title('Авторизация пользователя в системе')\n    @allure.step('Авторизация пользователя в системе')\n    def login_to_app(request, driver):\n        \"\"\" Фикстура Логина в систему \"\"\"\n        login_page = ApiAuthorization(driver)\n>       login_page.user(User.LOGIN, User.PASSWORD)\n\nconftest.py:53: \n_ _ _ _ _ _ _ _ _ _ _ _ _ _ _ _ _ _ _ _ _ _ _ _ _ _ _ _ _ _ _ _ _ _ _ _ _ _ _ _ \n\nself = <model.api.authorization.ApiAuthorization object at 0x7f0ee2e278c0>\nusername = 'Aleska', password = 'qwe123'\n\n    def user(self, username: str, password: str) -> None:\n        \"\"\"\n        Метод авторизации пользователя по средствам API.\n    \n        :param username: Логин пользователя\n        :param password: Пароль пользователя\n        \"\"\"\n        headers = {\n            'X-Client-Id': 'round',\n            'X-Client-Type': 'web',\n            'X-Language': 'ru'\n        }\n        data = {\n            'client_id': 'Krujok.Online.Mobile',\n            'grant_type': 'password',\n            'username': username,\n            'password': password\n        }\n    \n        response = requests.post(url=Api.TOKEN, headers=headers, data=data)\n>       access_token = response.json()[\"access_token\"]\nE       KeyError: 'access_token'\n\nmodel/api/authorization.py:30: KeyError","flaky":false,"newFailed":false,"newBroken":true,"newPassed":false,"retriesCount":0,"retriesStatusChange":false,"beforeStages":[{"name":"_session_faker","time":{"start":1738864340794,"stop":1738864340795,"duration":1},"status":"passed","steps":[],"attachments":[],"parameters":[],"shouldDisplayMessage":false,"attachmentsCount":0,"stepsCount":0,"hasContent":false,"attachmentStep":false},{"name":"driver","time":{"start":1738865305045,"stop":1738865305458,"duration":413},"status":"passed","steps":[],"attachments":[],"parameters":[],"shouldDisplayMessage":false,"attachmentsCount":0,"stepsCount":0,"hasContent":false,"attachmentStep":false},{"name":"setup","time":{"start":1738865305458,"stop":1738865305459,"duration":1},"status":"passed","steps":[],"attachments":[],"parameters":[],"shouldDisplayMessage":false,"attachmentsCount":0,"stepsCount":0,"hasContent":false,"attachmentStep":false},{"name":"Инициализация локаторов","time":{"start":1738865305459,"stop":1738865305459,"duration":0},"status":"passed","steps":[{"name":"Инициализация локаторов","time":{"start":1738865305459,"stop":1738865305459,"duration":0},"status":"passed","steps":[],"attachments":[],"parameters":[{"name":"request","value":"<SubRequest 'elements' for <Function test_display_blocked_projects>>"}],"shouldDisplayMessage":false,"attachmentsCount":0,"stepsCount":0,"hasContent":true,"attachmentStep":false}],"attachments":[],"parameters":[],"shouldDisplayMessage":false,"attachmentsCount":0,"stepsCount":1,"hasContent":true,"attachmentStep":false},{"name":"Авторизация пользователя в системе","time":{"start":1738865305459,"stop":1738865306012,"duration":553},"status":"broken","statusMessage":"KeyError: 'access_token'\n","statusTrace":"  File \"/usr/local/lib/python3.12/site-packages/pluggy/_callers.py\", line 167, in _multicall\n    teardown.throw(outcome._exception)\n  File \"/usr/local/lib/python3.12/site-packages/_pytest/setuponly.py\", line 36, in pytest_fixture_setup\n    return (yield)\n            ^^^^^\n  File \"/usr/local/lib/python3.12/site-packages/pluggy/_callers.py\", line 103, in _multicall\n    res = hook_impl.function(*args)\n          ^^^^^^^^^^^^^^^^^^^^^^^^^\n  File \"/usr/local/lib/python3.12/site-packages/_pytest/fixtures.py\", line 1140, in pytest_fixture_setup\n    result = call_fixture_func(fixturefunc, request, kwargs)\n             ^^^^^^^^^^^^^^^^^^^^^^^^^^^^^^^^^^^^^^^^^^^^^^^\n  File \"/usr/local/lib/python3.12/site-packages/_pytest/fixtures.py\", line 898, in call_fixture_func\n    fixture_result = fixturefunc(**kwargs)\n                     ^^^^^^^^^^^^^^^^^^^^^\n  File \"/usr/local/lib/python3.12/site-packages/allure_commons/_allure.py\", line 192, in impl\n    return func(*a, **kw)\n           ^^^^^^^^^^^^^^\n  File \"/usr/workspace/conftest.py\", line 53, in login_to_app\n    login_page.user(User.LOGIN, User.PASSWORD)\n  File \"/usr/workspace/model/api/authorization.py\", line 30, in user\n    access_token = response.json()[\"access_token\"]\n                   ~~~~~~~~~~~~~~~^^^^^^^^^^^^^^^^\n","steps":[{"name":"Авторизация пользователя в системе","time":{"start":1738865305459,"stop":1738865306012,"duration":553},"status":"broken","statusMessage":"KeyError: 'access_token'\n","statusTrace":"  File \"/usr/local/lib/python3.12/site-packages/allure_commons/_allure.py\", line 192, in impl\n    return func(*a, **kw)\n           ^^^^^^^^^^^^^^\n  File \"/usr/workspace/conftest.py\", line 53, in login_to_app\n    login_page.user(User.LOGIN, User.PASSWORD)\n  File \"/usr/workspace/model/api/authorization.py\", line 30, in user\n    access_token = response.json()[\"access_token\"]\n                   ~~~~~~~~~~~~~~~^^^^^^^^^^^^^^^^\n","steps":[],"attachments":[],"parameters":[{"name":"request","value":"<SubRequest 'login_to_app' for <Function test_display_blocked_projects>>"},{"name":"driver","value":"<selenium.webdriver.chrome.webdriver.WebDriver (session=\"6c0b494fd9e1be8d1def5f9ae839952d\")>"}],"shouldDisplayMessage":true,"attachmentsCount":0,"stepsCount":0,"hasContent":true,"attachmentStep":false}],"attachments":[],"parameters":[],"shouldDisplayMessage":false,"attachmentsCount":0,"stepsCount":1,"hasContent":true,"attachmentStep":false}],"afterStages":[{"name":"driver::0","time":{"start":1738865306022,"stop":1738865306210,"duration":188},"status":"passed","steps":[],"attachments":[{"uid":"eee8a47c1e91f31c","name":"page_source","source":"eee8a47c1e91f31c.html","type":"text/html","size":39},{"uid":"6ffd257305edbd4e","name":"screenshot","source":"6ffd257305edbd4e.png","type":"image/png","size":10592},{"uid":"a2f2d56ea44072f3","name":"browser_logs","source":"a2f2d56ea44072f3.txt","type":"text/plain","size":0}],"parameters":[],"shouldDisplayMessage":false,"attachmentsCount":3,"stepsCount":0,"hasContent":true,"attachmentStep":false}],"labels":[{"name":"feature","value":"Профиль пользователя"},{"name":"severity","value":"Critical"},{"name":"tag","value":"regression"},{"name":"tag","value":"profile"},{"name":"parentSuite","value":"tests"},{"name":"suite","value":"test_profile"},{"name":"subSuite","value":"TestProfile"},{"name":"host","value":"6af98febc332"},{"name":"thread","value":"1-MainThread"},{"name":"framework","value":"pytest"},{"name":"language","value":"cpython3"},{"name":"package","value":"tests.test_profile"},{"name":"resultFormat","value":"allure2"}],"parameters":[],"links":[],"hidden":false,"retry":false,"extra":{"severity":"critical","retries":[],"categories":[{"name":"Test defects","matchedStatuses":[],"flaky":false}],"history":{"statistic":{"failed":0,"broken":9,"skipped":0,"passed":35,"unknown":0,"total":44},"items":[{"uid":"e2c2a466f98bd2c9","status":"passed","time":{"start":1738269262475,"stop":1738269264067,"duration":1592}},{"uid":"8037d315e398be84","status":"passed","time":{"start":1738099702638,"stop":1738099704226,"duration":1588}},{"uid":"13ba10f476602416","status":"passed","time":{"start":1738005584218,"stop":1738005585803,"duration":1585}},{"uid":"ea41c4a2b20b14be","status":"passed","time":{"start":1738002875087,"stop":1738002876673,"duration":1586}},{"uid":"1301e47957fb65f1","status":"broken","statusDetails":"urllib3.exceptions.ReadTimeoutError: HTTPConnectionPool(host='localhost', port=58197): Read timed out. (read timeout=120)","time":{"start":1737931616989,"stop":1737931616989,"duration":0}},{"uid":"88b112c596aca8c9","status":"passed","time":{"start":1737843240609,"stop":1737843243756,"duration":3147}},{"uid":"7c836a4f29d80667","status":"passed","time":{"start":1737832436471,"stop":1737832439608,"duration":3137}},{"uid":"289c6590ef829336","status":"passed","time":{"start":1737799799095,"stop":1737799802237,"duration":3142}},{"uid":"43b5a41e4f8157b6","status":"passed","time":{"start":1737758028574,"stop":1737758031712,"duration":3138}},{"uid":"c3c2aa76c4a2e4a0","status":"passed","time":{"start":1737745025729,"stop":1737745028869,"duration":3140}},{"uid":"d25614fe8cf5b45","status":"passed","time":{"start":1737652910052,"stop":1737652913197,"duration":3145}},{"uid":"1b705042f90b202d","status":"passed","time":{"start":1737570562874,"stop":1737570564986,"duration":2112}},{"uid":"9ce5b3e841948d1e","status":"broken","statusDetails":"selenium.common.exceptions.WebDriverException: Message: unknown error: Chrome failed to start: exited abnormally.\n  (unknown error: DevToolsActivePort file doesn't exist)\n  (The process started from chrome location /usr/bin/chromium-browser is no longer running, so ChromeDriver is assuming that Chrome has crashed.)","time":{"start":1737568967251,"stop":1737568967251,"duration":0}},{"uid":"a41b532700b47e95","status":"passed","time":{"start":1734034846380,"stop":1734034849635,"duration":3255}},{"uid":"db6e9238d4c7cb2a","status":"passed","time":{"start":1733937531253,"stop":1733937534431,"duration":3178}},{"uid":"8ff31c11d7f025dc","status":"passed","time":{"start":1733866105281,"stop":1733866106866,"duration":1585}},{"uid":"3a5b762a1dbed4e3","status":"passed","time":{"start":1733860552383,"stop":1733860554001,"duration":1618}},{"uid":"ddfd57865ed340a5","status":"broken","statusDetails":"selenium.common.exceptions.TimeoutException: Message: Не найден элемент с локатором ('xpath', '//button[@data-testing=\"after_register_dialog__btn_choose_later\"]')","time":{"start":1733857097363,"stop":1733857097363,"duration":0}},{"uid":"b116509a58a5426a","status":"broken","statusDetails":"selenium.common.exceptions.TimeoutException: Message: Не найдены элементы с локатором ('xpath', '//div[contains(@class,\"user-project-list_blocked\")]')","time":{"start":1733771994002,"stop":1733772024161,"duration":30159}},{"uid":"b634017976d22cfe","status":"broken","statusDetails":"selenium.common.exceptions.TimeoutException: Message: Не найден элемент с локатором ('xpath', '//button[@data-testing=\"after_register_dialog__btn_choose_later\"]')","time":{"start":1733766463886,"stop":1733766463886,"duration":0}}]},"tags":["regression","profile"]},"source":"5d94f978875fdba8.json","parameterValues":[]}