{"uid":"60cc3f6a4cc8263c","name":"Проверка возможности просмотреть у кого есть такие же ачивки","fullName":"tests.test_profile.TestProfile#test_the_ability_to_view_other_users_with_similar_achievements","historyId":"9cdfcbbf4c627e2125409b0fec1c3cb0","time":{"start":1737842833192,"stop":1737842838466,"duration":5274},"description":"Проверка происходит на пользователе Aleska у которого есть ачивки","descriptionHtml":"<p>Проверка происходит на пользователе Aleska у которого есть ачивки</p>\n","status":"failed","statusMessage":"AssertionError: Ожидался текст: 'У кого есть ачивка', отображается текст: 'Aleska'","statusTrace":"self = <test_profile.TestProfile object at 0x7f971f6df680>\nelements = {'Банк ачивок': {'Блок ачивок': ('xpath', '//div[contains(@class,\"user-achievement-by-interests_container\")]'), 'Модал...'carrot-messenger-frame'), 'Чат кэррот': ('xpath', '//div[contains(@class,\"carrot-messenger-frame-container\")]')}, ...}\nlogin_to_app = None\n\n    @allure.title('Проверка возможности просмотреть у кого есть такие же ачивки')\n    @allure.description('Проверка происходит на пользователе Aleska у которого есть ачивки')\n    @allure.severity('Minor')\n    @pytest.mark.regression\n    def test_the_ability_to_view_other_users_with_similar_achievements(self, elements, login_to_app):\n        with allure.step('Перейти в профиль'):\n            self.app.profile_button_click()\n    \n        with allure.step('Нажать на первую ачивку'):\n            element = elements['Профиль пользователя']\n            self.profile_page.do_click(element['Блок ачивок'])\n    \n        with allure.step('Нажать на аватары пользователей у которых есть эта ачивка'):\n            element = elements['Модальное окно ачивки']\n            self.profile_page.do_click(element['Аватары у кого есть эта ачивка'])\n    \n        with allure.step('Проверить, что открылась страница с названием \"У кого есть ачивка\"'):\n            element = elements['Общие']\n>           self.assertion.text_in_element(element['Заголовок страницы'], expected_text='У кого есть ачивка')\n\ntests/test_profile.py:137: \n_ _ _ _ _ _ _ _ _ _ _ _ _ _ _ _ _ _ _ _ _ _ _ _ _ _ _ _ _ _ _ _ _ _ _ _ _ _ _ _ \n\nself = <base.base_assertion.Assertion object at 0x7f971f736330>\nby_locator = ('xpath', '//div[contains(@class,\"tool-bar_title\")]')\nexpected_text = 'У кого есть ачивка', timeout = 10\n\n    def text_in_element(self, by_locator, expected_text: str or int, timeout=10):\n        \"\"\"\n        Проверка совпадения текста элемента с ожиданием\n    \n        :param by_locator:\n            локатор элемента\n        :param expected_text:\n            ожидаемый текст\n        :param timeout:\n            время ожидания в секундах\n    \n        \"\"\"\n    \n        element = WebDriverWait(self.driver, timeout).until(\n            EC.presence_of_element_located(by_locator)\n        )\n    \n        text_in_element = element.text\n>       assert expected_text == text_in_element, \\\n            f\"Ожидался текст: '{expected_text}', отображается текст: '{text_in_element}'\"\nE       AssertionError: Ожидался текст: 'У кого есть ачивка', отображается текст: 'Aleska'\n\nbase/base_assertion.py:31: AssertionError","flaky":false,"newFailed":false,"newBroken":false,"newPassed":false,"retriesCount":0,"retriesStatusChange":false,"beforeStages":[{"name":"_session_faker","time":{"start":1737841715019,"stop":1737841715020,"duration":1},"status":"passed","steps":[],"attachments":[],"parameters":[],"shouldDisplayMessage":false,"attachmentsCount":0,"attachmentStep":false,"stepsCount":0,"hasContent":false},{"name":"driver","time":{"start":1737842826400,"stop":1737842826799,"duration":399},"status":"passed","steps":[],"attachments":[],"parameters":[],"shouldDisplayMessage":false,"attachmentsCount":0,"attachmentStep":false,"stepsCount":0,"hasContent":false},{"name":"Инициализация локаторов","time":{"start":1737842826799,"stop":1737842826799,"duration":0},"status":"passed","steps":[{"name":"Инициализация локаторов","time":{"start":1737842826799,"stop":1737842826799,"duration":0},"status":"passed","steps":[],"attachments":[],"parameters":[{"name":"request","value":"<SubRequest 'elements' for <Function test_the_ability_to_view_other_users_with_similar_achievements>>"}],"shouldDisplayMessage":false,"attachmentsCount":0,"attachmentStep":false,"stepsCount":0,"hasContent":true}],"attachments":[],"parameters":[],"shouldDisplayMessage":false,"attachmentsCount":0,"attachmentStep":false,"stepsCount":1,"hasContent":true},{"name":"setup","time":{"start":1737842826799,"stop":1737842826799,"duration":0},"status":"passed","steps":[],"attachments":[],"parameters":[],"shouldDisplayMessage":false,"attachmentsCount":0,"attachmentStep":false,"stepsCount":0,"hasContent":false},{"name":"Авторизация пользователя в системе","time":{"start":1737842826799,"stop":1737842833192,"duration":6393},"status":"passed","steps":[{"name":"Авторизация пользователя в системе","time":{"start":1737842826800,"stop":1737842833192,"duration":6392},"status":"passed","steps":[],"attachments":[],"parameters":[{"name":"request","value":"<SubRequest 'login_to_app' for <Function test_the_ability_to_view_other_users_with_similar_achievements>>"},{"name":"driver","value":"<selenium.webdriver.chrome.webdriver.WebDriver (session=\"9abc9baa3353a79ea1c0a5bb518a5117\")>"}],"shouldDisplayMessage":false,"attachmentsCount":0,"attachmentStep":false,"stepsCount":0,"hasContent":true}],"attachments":[],"parameters":[],"shouldDisplayMessage":false,"attachmentsCount":0,"attachmentStep":false,"stepsCount":1,"hasContent":true}],"testStage":{"description":"Проверка происходит на пользователе Aleska у которого есть ачивки","status":"failed","statusMessage":"AssertionError: Ожидался текст: 'У кого есть ачивка', отображается текст: 'Aleska'","statusTrace":"self = <test_profile.TestProfile object at 0x7f971f6df680>\nelements = {'Банк ачивок': {'Блок ачивок': ('xpath', '//div[contains(@class,\"user-achievement-by-interests_container\")]'), 'Модал...'carrot-messenger-frame'), 'Чат кэррот': ('xpath', '//div[contains(@class,\"carrot-messenger-frame-container\")]')}, ...}\nlogin_to_app = None\n\n    @allure.title('Проверка возможности просмотреть у кого есть такие же ачивки')\n    @allure.description('Проверка происходит на пользователе Aleska у которого есть ачивки')\n    @allure.severity('Minor')\n    @pytest.mark.regression\n    def test_the_ability_to_view_other_users_with_similar_achievements(self, elements, login_to_app):\n        with allure.step('Перейти в профиль'):\n            self.app.profile_button_click()\n    \n        with allure.step('Нажать на первую ачивку'):\n            element = elements['Профиль пользователя']\n            self.profile_page.do_click(element['Блок ачивок'])\n    \n        with allure.step('Нажать на аватары пользователей у которых есть эта ачивка'):\n            element = elements['Модальное окно ачивки']\n            self.profile_page.do_click(element['Аватары у кого есть эта ачивка'])\n    \n        with allure.step('Проверить, что открылась страница с названием \"У кого есть ачивка\"'):\n            element = elements['Общие']\n>           self.assertion.text_in_element(element['Заголовок страницы'], expected_text='У кого есть ачивка')\n\ntests/test_profile.py:137: \n_ _ _ _ _ _ _ _ _ _ _ _ _ _ _ _ _ _ _ _ _ _ _ _ _ _ _ _ _ _ _ _ _ _ _ _ _ _ _ _ \n\nself = <base.base_assertion.Assertion object at 0x7f971f736330>\nby_locator = ('xpath', '//div[contains(@class,\"tool-bar_title\")]')\nexpected_text = 'У кого есть ачивка', timeout = 10\n\n    def text_in_element(self, by_locator, expected_text: str or int, timeout=10):\n        \"\"\"\n        Проверка совпадения текста элемента с ожиданием\n    \n        :param by_locator:\n            локатор элемента\n        :param expected_text:\n            ожидаемый текст\n        :param timeout:\n            время ожидания в секундах\n    \n        \"\"\"\n    \n        element = WebDriverWait(self.driver, timeout).until(\n            EC.presence_of_element_located(by_locator)\n        )\n    \n        text_in_element = element.text\n>       assert expected_text == text_in_element, \\\n            f\"Ожидался текст: '{expected_text}', отображается текст: '{text_in_element}'\"\nE       AssertionError: Ожидался текст: 'У кого есть ачивка', отображается текст: 'Aleska'\n\nbase/base_assertion.py:31: AssertionError","steps":[{"name":"Перейти в профиль","time":{"start":1737842833192,"stop":1737842834800,"duration":1608},"status":"passed","steps":[],"attachments":[],"parameters":[],"shouldDisplayMessage":false,"attachmentsCount":0,"attachmentStep":false,"stepsCount":0,"hasContent":false},{"name":"Нажать на первую ачивку","time":{"start":1737842834800,"stop":1737842837886,"duration":3086},"status":"passed","steps":[],"attachments":[],"parameters":[],"shouldDisplayMessage":false,"attachmentsCount":0,"attachmentStep":false,"stepsCount":0,"hasContent":false},{"name":"Нажать на аватары пользователей у которых есть эта ачивка","time":{"start":1737842837887,"stop":1737842838447,"duration":560},"status":"passed","steps":[],"attachments":[],"parameters":[],"shouldDisplayMessage":false,"attachmentsCount":0,"attachmentStep":false,"stepsCount":0,"hasContent":false},{"name":"Проверить, что открылась страница с названием \"У кого есть ачивка\"","time":{"start":1737842838447,"stop":1737842838466,"duration":19},"status":"failed","statusMessage":"AssertionError: Ожидался текст: 'У кого есть ачивка', отображается текст: 'Aleska'\n","statusTrace":"  File \"/usr/workspace/tests/test_profile.py\", line 137, in test_the_ability_to_view_other_users_with_similar_achievements\n    self.assertion.text_in_element(element['Заголовок страницы'], expected_text='У кого есть ачивка')\n  File \"/usr/workspace/base/base_assertion.py\", line 31, in text_in_element\n    assert expected_text == text_in_element, \\\n","steps":[],"attachments":[],"parameters":[],"shouldDisplayMessage":true,"attachmentsCount":0,"attachmentStep":false,"stepsCount":0,"hasContent":true}],"attachments":[],"parameters":[],"shouldDisplayMessage":true,"attachmentsCount":0,"attachmentStep":false,"stepsCount":4,"hasContent":true},"afterStages":[{"name":"driver::0","time":{"start":1737842838476,"stop":1737842838679,"duration":203},"status":"passed","steps":[],"attachments":[{"uid":"e92c804dbb88f338","name":"page_source","source":"e92c804dbb88f338.html","type":"text/html","size":48467},{"uid":"85884b1572820623","name":"screenshot","source":"85884b1572820623.png","type":"image/png","size":59108},{"uid":"9eae4cbcdcd359dc","name":"browser_logs","source":"9eae4cbcdcd359dc.txt","type":"text/plain","size":22477}],"parameters":[],"shouldDisplayMessage":false,"attachmentsCount":3,"attachmentStep":false,"stepsCount":0,"hasContent":true}],"labels":[{"name":"severity","value":"Minor"},{"name":"feature","value":"Профиль пользователя"},{"name":"tag","value":"regression"},{"name":"tag","value":"profile"},{"name":"parentSuite","value":"tests"},{"name":"suite","value":"test_profile"},{"name":"subSuite","value":"TestProfile"},{"name":"host","value":"7eeac2dca580"},{"name":"thread","value":"1-MainThread"},{"name":"framework","value":"pytest"},{"name":"language","value":"cpython3"},{"name":"package","value":"tests.test_profile"},{"name":"resultFormat","value":"allure2"}],"parameters":[],"links":[],"hidden":false,"retry":false,"extra":{"severity":"minor","retries":[],"categories":[{"name":"Product defects","matchedStatuses":[],"flaky":false}],"history":{"statistic":{"failed":7,"broken":5,"skipped":0,"passed":24,"unknown":0,"total":36},"items":[{"uid":"965b798ce70f271d","status":"failed","statusDetails":"AssertionError: Ожидался текст: 'У кого есть ачивка', отображается текст: 'Aleska'","time":{"start":1737832481354,"stop":1737832484606,"duration":3252}},{"uid":"5ef24b8d329cd522","status":"failed","statusDetails":"AssertionError: Ожидался текст: 'У кого есть ачивка', отображается текст: 'Aleska'","time":{"start":1737799844223,"stop":1737799847491,"duration":3268}},{"uid":"69e3969cd4f4f9d8","status":"failed","statusDetails":"AssertionError: Ожидался текст: 'У кого есть ачивка', отображается текст: 'Aleska'","time":{"start":1737758076508,"stop":1737758081778,"duration":5270}},{"uid":"36f9756509e9d376","status":"failed","statusDetails":"AssertionError: Ожидался текст: 'У кого есть ачивка', отображается текст: 'Aleska'","time":{"start":1737745071355,"stop":1737745074594,"duration":3239}},{"uid":"3d0fcdd4bb9f322e","status":"failed","statusDetails":"AssertionError: Ожидался текст: 'У кого есть ачивка', отображается текст: 'Aleska'","time":{"start":1737652961282,"stop":1737652965031,"duration":3749}},{"uid":"2a1c4470535e864a","status":"failed","statusDetails":"AssertionError: Ожидался текст: 'У кого есть ачивка', отображается текст: 'Aleska'","time":{"start":1737570637696,"stop":1737570640431,"duration":2735}},{"uid":"7a546bcfe243e2b5","status":"broken","statusDetails":"selenium.common.exceptions.WebDriverException: Message: unknown error: Chrome failed to start: exited abnormally.\n  (unknown error: DevToolsActivePort file doesn't exist)\n  (The process started from chrome location /usr/bin/chromium-browser is no longer running, so ChromeDriver is assuming that Chrome has crashed.)","time":{"start":1737568968154,"stop":1737568968154,"duration":0}},{"uid":"6022af5bfdef1f8e","status":"passed","time":{"start":1734034889752,"stop":1734034894505,"duration":4753}},{"uid":"874e94c5fb28ad02","status":"passed","time":{"start":1733937599305,"stop":1733937605106,"duration":5801}},{"uid":"84fdffe9a191345","status":"passed","time":{"start":1733866197560,"stop":1733866201059,"duration":3499}},{"uid":"6f35b6728fa6dfd5","status":"passed","time":{"start":1733860638365,"stop":1733860641839,"duration":3474}},{"uid":"436c500d6e58c56d","status":"broken","statusDetails":"selenium.common.exceptions.TimeoutException: Message: Не найден элемент с локатором ('xpath', '//button[@data-testing=\"after_register_dialog__btn_choose_later\"]')","time":{"start":1733857186458,"stop":1733857186458,"duration":0}},{"uid":"4695c89cd403a6a0","status":"passed","time":{"start":1733772084340,"stop":1733772087821,"duration":3481}},{"uid":"21fd1438a4896d3f","status":"passed","time":{"start":1733766585730,"stop":1733766589070,"duration":3340}},{"uid":"c67c1e4243db5ef8","status":"broken","statusDetails":"selenium.common.exceptions.TimeoutException: Message: Не найден элемент с локатором ('xpath', '//button[@data-testing=\"after_register_dialog__btn_choose_later\"]')","time":{"start":1733422120154,"stop":1733422120154,"duration":0}},{"uid":"bf195b2572e3acf","status":"passed","time":{"start":1726780515538,"stop":1726780518746,"duration":3208}},{"uid":"760c9cd2787ab8c","status":"passed","time":{"start":1726777262695,"stop":1726777266409,"duration":3714}},{"uid":"a43da72e06e377f6","status":"passed","time":{"start":1724099026289,"stop":1724099029999,"duration":3710}},{"uid":"ed086c9357786881","status":"passed","time":{"start":1723829327187,"stop":1723829332401,"duration":5214}},{"uid":"3b60c71b45d40056","status":"passed","time":{"start":1723751521300,"stop":1723751524485,"duration":3185}}]},"tags":["regression","profile"]},"source":"60cc3f6a4cc8263c.json","parameterValues":[]}