{"uid":"633b135cf9243b21","name":"Проверка возможности повторно запросить код","fullName":"tests.test_registration.TestRegistrationUser#test_possibility_to_re_request_code","historyId":"ef31b3e2b3bc8b4cc4572fc19380c64f","time":{"start":1737571043089,"stop":1737571048110,"duration":5021},"status":"broken","statusMessage":"selenium.common.exceptions.StaleElementReferenceException: Message: stale element reference: element is not attached to the page document\n  (Session info: headless chrome=112.0.5615.165); For documentation on this error, please visit: https://www.selenium.dev/documentation/webdriver/troubleshooting/errors#stale-element-reference-exception","statusTrace":"self = <test_registration.TestRegistrationUser object at 0x7fc3f04be4b0>\nelements = {'Банк ачивок': {'Блок ачивок': ('xpath', '//div[contains(@class,\"user-achievement-by-interests_container\")]'), 'Модал...-sheet_icons\")]'), 'Название ачивки': ('xpath', '//div[contains(@class,\"achievement-item-bottom-sheet_title\")]')}, ...}\n\n    @allure.title('Проверка возможности повторно запросить код')\n    @allure.severity('Critical')\n    @pytest.mark.regression\n    def test_possibility_to_re_request_code(self, elements):\n        with allure.step('Открыть страницу авторизации'):\n            self.authorization_page.open()\n            element = elements['Страница авторизации']\n    \n        with allure.step('Нажать кнопку \"По смс (Для России)\"'):\n>           self.authorization_page.do_click(element['Кнопка по смс'])\n\ntests/test_registration.py:294: \n_ _ _ _ _ _ _ _ _ _ _ _ _ _ _ _ _ _ _ _ _ _ _ _ _ _ _ _ _ _ _ _ _ _ _ _ _ _ _ _ \nbase/base_page.py:75: in do_click\n    elem = WebDriverWait(self.driver, wait_time).until(EC.element_to_be_clickable(locator))\n../local/lib/python3.12/site-packages/selenium/webdriver/support/wait.py:96: in until\n    value = method(self._driver)\n../local/lib/python3.12/site-packages/selenium/webdriver/support/expected_conditions.py:364: in _predicate\n    element = visibility_of(target)(driver)\n../local/lib/python3.12/site-packages/selenium/webdriver/support/expected_conditions.py:173: in _predicate\n    return _element_if_visible(element)\n../local/lib/python3.12/site-packages/selenium/webdriver/support/expected_conditions.py:179: in _element_if_visible\n    return element if element.is_displayed() == visibility else False\n../local/lib/python3.12/site-packages/selenium/webdriver/remote/webelement.py:252: in is_displayed\n    return self.parent.execute_script(f\"/* isDisplayed */return ({isDisplayed_js}).apply(null, arguments);\", self)\n../local/lib/python3.12/site-packages/selenium/webdriver/remote/webdriver.py:444: in execute_script\n    return self.execute(command, {\"script\": script, \"args\": converted_args})[\"value\"]\n../local/lib/python3.12/site-packages/selenium/webdriver/remote/webdriver.py:384: in execute\n    self.error_handler.check_response(response)\n_ _ _ _ _ _ _ _ _ _ _ _ _ _ _ _ _ _ _ _ _ _ _ _ _ _ _ _ _ _ _ _ _ _ _ _ _ _ _ _ \n\nself = <selenium.webdriver.remote.errorhandler.ErrorHandler object at 0x7fc3f1395b80>\nresponse = {'status': 404, 'value': '{\"value\":{\"error\":\"stale element reference\",\"message\":\"stale element reference: element is not attached to the page document\\\\n  (Session info: headless chrome=112.0.5615.165)\",\"stacktrace\":\"\"}}'}\n\n    def check_response(self, response: Dict[str, Any]) -> None:\n        \"\"\"Checks that a JSON response from the WebDriver does not have an\n        error.\n    \n        :Args:\n         - response - The JSON response from the WebDriver server as a dictionary\n           object.\n    \n        :Raises: If the response contains an error message.\n        \"\"\"\n        status = response.get(\"status\", None)\n        if not status or status == ErrorCode.SUCCESS:\n            return\n        value = None\n        message = response.get(\"message\", \"\")\n        screen: str = response.get(\"screen\", \"\")\n        stacktrace = None\n        if isinstance(status, int):\n            value_json = response.get(\"value\", None)\n            if value_json and isinstance(value_json, str):\n                import json\n    \n                try:\n                    value = json.loads(value_json)\n                    if len(value) == 1:\n                        value = value[\"value\"]\n                    status = value.get(\"error\", None)\n                    if not status:\n                        status = value.get(\"status\", ErrorCode.UNKNOWN_ERROR)\n                        message = value.get(\"value\") or value.get(\"message\")\n                        if not isinstance(message, str):\n                            value = message\n                            message = message.get(\"message\")\n                    else:\n                        message = value.get(\"message\", None)\n                except ValueError:\n                    pass\n    \n        exception_class: Type[WebDriverException]\n        e = ErrorCode()\n        error_codes = [item for item in dir(e) if not item.startswith(\"__\")]\n        for error_code in error_codes:\n            error_info = getattr(ErrorCode, error_code)\n            if isinstance(error_info, list) and status in error_info:\n                exception_class = getattr(ExceptionMapping, error_code, WebDriverException)\n                break\n        else:\n            exception_class = WebDriverException\n    \n        if not value:\n            value = response[\"value\"]\n        if isinstance(value, str):\n            raise exception_class(value)\n        if message == \"\" and \"message\" in value:\n            message = value[\"message\"]\n    \n        screen = None  # type: ignore[assignment]\n        if \"screen\" in value:\n            screen = value[\"screen\"]\n    \n        stacktrace = None\n        st_value = value.get(\"stackTrace\") or value.get(\"stacktrace\")\n        if st_value:\n            if isinstance(st_value, str):\n                stacktrace = st_value.split(\"\\n\")\n            else:\n                stacktrace = []\n                try:\n                    for frame in st_value:\n                        line = frame.get(\"lineNumber\", \"\")\n                        file = frame.get(\"fileName\", \"<anonymous>\")\n                        if line:\n                            file = f\"{file}:{line}\"\n                        meth = frame.get(\"methodName\", \"<anonymous>\")\n                        if \"className\" in frame:\n                            meth = f\"{frame['className']}.{meth}\"\n                        msg = \"    at %s (%s)\"\n                        msg = msg % (meth, file)\n                        stacktrace.append(msg)\n                except TypeError:\n                    pass\n        if exception_class == UnexpectedAlertPresentException:\n            alert_text = None\n            if \"data\" in value:\n                alert_text = value[\"data\"].get(\"text\")\n            elif \"alert\" in value:\n                alert_text = value[\"alert\"].get(\"text\")\n            raise exception_class(message, screen, stacktrace, alert_text)  # type: ignore[call-arg]  # mypy is not smart enough here\n>       raise exception_class(message, screen, stacktrace)\nE       selenium.common.exceptions.StaleElementReferenceException: Message: stale element reference: element is not attached to the page document\nE         (Session info: headless chrome=112.0.5615.165); For documentation on this error, please visit: https://www.selenium.dev/documentation/webdriver/troubleshooting/errors#stale-element-reference-exception\n\n../local/lib/python3.12/site-packages/selenium/webdriver/remote/errorhandler.py:232: StaleElementReferenceException","flaky":false,"newFailed":false,"newBroken":false,"newPassed":false,"retriesCount":0,"retriesStatusChange":false,"beforeStages":[{"name":"_session_faker","time":{"start":1737569139111,"stop":1737569139113,"duration":2},"status":"passed","steps":[],"attachments":[],"parameters":[],"shouldDisplayMessage":false,"attachmentsCount":0,"stepsCount":0,"hasContent":false,"attachmentStep":false},{"name":"driver","time":{"start":1737571042603,"stop":1737571043088,"duration":485},"status":"passed","steps":[],"attachments":[],"parameters":[],"shouldDisplayMessage":false,"attachmentsCount":0,"stepsCount":0,"hasContent":false,"attachmentStep":false},{"name":"setup","time":{"start":1737571043088,"stop":1737571043089,"duration":1},"status":"passed","steps":[],"attachments":[],"parameters":[],"shouldDisplayMessage":false,"attachmentsCount":0,"stepsCount":0,"hasContent":false,"attachmentStep":false},{"name":"Инициализация локаторов","time":{"start":1737571043089,"stop":1737571043089,"duration":0},"status":"passed","steps":[{"name":"Инициализация локаторов","time":{"start":1737571043089,"stop":1737571043089,"duration":0},"status":"passed","steps":[],"attachments":[],"parameters":[{"name":"request","value":"<SubRequest 'elements' for <Function test_possibility_to_re_request_code>>"}],"shouldDisplayMessage":false,"attachmentsCount":0,"stepsCount":0,"hasContent":true,"attachmentStep":false}],"attachments":[],"parameters":[],"shouldDisplayMessage":false,"attachmentsCount":0,"stepsCount":1,"hasContent":true,"attachmentStep":false}],"testStage":{"status":"broken","statusMessage":"selenium.common.exceptions.StaleElementReferenceException: Message: stale element reference: element is not attached to the page document\n  (Session info: headless chrome=112.0.5615.165); For documentation on this error, please visit: https://www.selenium.dev/documentation/webdriver/troubleshooting/errors#stale-element-reference-exception","statusTrace":"self = <test_registration.TestRegistrationUser object at 0x7fc3f04be4b0>\nelements = {'Банк ачивок': {'Блок ачивок': ('xpath', '//div[contains(@class,\"user-achievement-by-interests_container\")]'), 'Модал...-sheet_icons\")]'), 'Название ачивки': ('xpath', '//div[contains(@class,\"achievement-item-bottom-sheet_title\")]')}, ...}\n\n    @allure.title('Проверка возможности повторно запросить код')\n    @allure.severity('Critical')\n    @pytest.mark.regression\n    def test_possibility_to_re_request_code(self, elements):\n        with allure.step('Открыть страницу авторизации'):\n            self.authorization_page.open()\n            element = elements['Страница авторизации']\n    \n        with allure.step('Нажать кнопку \"По смс (Для России)\"'):\n>           self.authorization_page.do_click(element['Кнопка по смс'])\n\ntests/test_registration.py:294: \n_ _ _ _ _ _ _ _ _ _ _ _ _ _ _ _ _ _ _ _ _ _ _ _ _ _ _ _ _ _ _ _ _ _ _ _ _ _ _ _ \nbase/base_page.py:75: in do_click\n    elem = WebDriverWait(self.driver, wait_time).until(EC.element_to_be_clickable(locator))\n../local/lib/python3.12/site-packages/selenium/webdriver/support/wait.py:96: in until\n    value = method(self._driver)\n../local/lib/python3.12/site-packages/selenium/webdriver/support/expected_conditions.py:364: in _predicate\n    element = visibility_of(target)(driver)\n../local/lib/python3.12/site-packages/selenium/webdriver/support/expected_conditions.py:173: in _predicate\n    return _element_if_visible(element)\n../local/lib/python3.12/site-packages/selenium/webdriver/support/expected_conditions.py:179: in _element_if_visible\n    return element if element.is_displayed() == visibility else False\n../local/lib/python3.12/site-packages/selenium/webdriver/remote/webelement.py:252: in is_displayed\n    return self.parent.execute_script(f\"/* isDisplayed */return ({isDisplayed_js}).apply(null, arguments);\", self)\n../local/lib/python3.12/site-packages/selenium/webdriver/remote/webdriver.py:444: in execute_script\n    return self.execute(command, {\"script\": script, \"args\": converted_args})[\"value\"]\n../local/lib/python3.12/site-packages/selenium/webdriver/remote/webdriver.py:384: in execute\n    self.error_handler.check_response(response)\n_ _ _ _ _ _ _ _ _ _ _ _ _ _ _ _ _ _ _ _ _ _ _ _ _ _ _ _ _ _ _ _ _ _ _ _ _ _ _ _ \n\nself = <selenium.webdriver.remote.errorhandler.ErrorHandler object at 0x7fc3f1395b80>\nresponse = {'status': 404, 'value': '{\"value\":{\"error\":\"stale element reference\",\"message\":\"stale element reference: element is not attached to the page document\\\\n  (Session info: headless chrome=112.0.5615.165)\",\"stacktrace\":\"\"}}'}\n\n    def check_response(self, response: Dict[str, Any]) -> None:\n        \"\"\"Checks that a JSON response from the WebDriver does not have an\n        error.\n    \n        :Args:\n         - response - The JSON response from the WebDriver server as a dictionary\n           object.\n    \n        :Raises: If the response contains an error message.\n        \"\"\"\n        status = response.get(\"status\", None)\n        if not status or status == ErrorCode.SUCCESS:\n            return\n        value = None\n        message = response.get(\"message\", \"\")\n        screen: str = response.get(\"screen\", \"\")\n        stacktrace = None\n        if isinstance(status, int):\n            value_json = response.get(\"value\", None)\n            if value_json and isinstance(value_json, str):\n                import json\n    \n                try:\n                    value = json.loads(value_json)\n                    if len(value) == 1:\n                        value = value[\"value\"]\n                    status = value.get(\"error\", None)\n                    if not status:\n                        status = value.get(\"status\", ErrorCode.UNKNOWN_ERROR)\n                        message = value.get(\"value\") or value.get(\"message\")\n                        if not isinstance(message, str):\n                            value = message\n                            message = message.get(\"message\")\n                    else:\n                        message = value.get(\"message\", None)\n                except ValueError:\n                    pass\n    \n        exception_class: Type[WebDriverException]\n        e = ErrorCode()\n        error_codes = [item for item in dir(e) if not item.startswith(\"__\")]\n        for error_code in error_codes:\n            error_info = getattr(ErrorCode, error_code)\n            if isinstance(error_info, list) and status in error_info:\n                exception_class = getattr(ExceptionMapping, error_code, WebDriverException)\n                break\n        else:\n            exception_class = WebDriverException\n    \n        if not value:\n            value = response[\"value\"]\n        if isinstance(value, str):\n            raise exception_class(value)\n        if message == \"\" and \"message\" in value:\n            message = value[\"message\"]\n    \n        screen = None  # type: ignore[assignment]\n        if \"screen\" in value:\n            screen = value[\"screen\"]\n    \n        stacktrace = None\n        st_value = value.get(\"stackTrace\") or value.get(\"stacktrace\")\n        if st_value:\n            if isinstance(st_value, str):\n                stacktrace = st_value.split(\"\\n\")\n            else:\n                stacktrace = []\n                try:\n                    for frame in st_value:\n                        line = frame.get(\"lineNumber\", \"\")\n                        file = frame.get(\"fileName\", \"<anonymous>\")\n                        if line:\n                            file = f\"{file}:{line}\"\n                        meth = frame.get(\"methodName\", \"<anonymous>\")\n                        if \"className\" in frame:\n                            meth = f\"{frame['className']}.{meth}\"\n                        msg = \"    at %s (%s)\"\n                        msg = msg % (meth, file)\n                        stacktrace.append(msg)\n                except TypeError:\n                    pass\n        if exception_class == UnexpectedAlertPresentException:\n            alert_text = None\n            if \"data\" in value:\n                alert_text = value[\"data\"].get(\"text\")\n            elif \"alert\" in value:\n                alert_text = value[\"alert\"].get(\"text\")\n            raise exception_class(message, screen, stacktrace, alert_text)  # type: ignore[call-arg]  # mypy is not smart enough here\n>       raise exception_class(message, screen, stacktrace)\nE       selenium.common.exceptions.StaleElementReferenceException: Message: stale element reference: element is not attached to the page document\nE         (Session info: headless chrome=112.0.5615.165); For documentation on this error, please visit: https://www.selenium.dev/documentation/webdriver/troubleshooting/errors#stale-element-reference-exception\n\n../local/lib/python3.12/site-packages/selenium/webdriver/remote/errorhandler.py:232: StaleElementReferenceException","steps":[{"name":"Открыть страницу авторизации","time":{"start":1737571043089,"stop":1737571046796,"duration":3707},"status":"passed","steps":[],"attachments":[],"parameters":[],"shouldDisplayMessage":false,"attachmentsCount":0,"stepsCount":0,"hasContent":false,"attachmentStep":false},{"name":"Нажать кнопку \"По смс (Для России)\"","time":{"start":1737571046796,"stop":1737571048109,"duration":1313},"status":"broken","statusMessage":"selenium.common.exceptions.StaleElementReferenceException: Message: stale element reference: element is not attached to the page document\n  (Session info: headless chrome=112.0.5615.165); For documentation on this error, please visit: https://www.selenium.dev/documentation/webdriver/troubleshooting/errors#stale-element-reference-exception\n\n","statusTrace":"  File \"/usr/workspace/tests/test_registration.py\", line 294, in test_possibility_to_re_request_code\n    self.authorization_page.do_click(element['Кнопка по смс'])\n  File \"/usr/workspace/base/base_page.py\", line 75, in do_click\n    elem = WebDriverWait(self.driver, wait_time).until(EC.element_to_be_clickable(locator))\n           ^^^^^^^^^^^^^^^^^^^^^^^^^^^^^^^^^^^^^^^^^^^^^^^^^^^^^^^^^^^^^^^^^^^^^^^^^^^^^^^^\n  File \"/usr/local/lib/python3.12/site-packages/selenium/webdriver/support/wait.py\", line 96, in until\n    value = method(self._driver)\n            ^^^^^^^^^^^^^^^^^^^^\n  File \"/usr/local/lib/python3.12/site-packages/selenium/webdriver/support/expected_conditions.py\", line 364, in _predicate\n    element = visibility_of(target)(driver)\n              ^^^^^^^^^^^^^^^^^^^^^^^^^^^^^\n  File \"/usr/local/lib/python3.12/site-packages/selenium/webdriver/support/expected_conditions.py\", line 173, in _predicate\n    return _element_if_visible(element)\n           ^^^^^^^^^^^^^^^^^^^^^^^^^^^^\n  File \"/usr/local/lib/python3.12/site-packages/selenium/webdriver/support/expected_conditions.py\", line 179, in _element_if_visible\n    return element if element.is_displayed() == visibility else False\n                      ^^^^^^^^^^^^^^^^^^^^^^\n  File \"/usr/local/lib/python3.12/site-packages/selenium/webdriver/remote/webelement.py\", line 252, in is_displayed\n    return self.parent.execute_script(f\"/* isDisplayed */return ({isDisplayed_js}).apply(null, arguments);\", self)\n           ^^^^^^^^^^^^^^^^^^^^^^^^^^^^^^^^^^^^^^^^^^^^^^^^^^^^^^^^^^^^^^^^^^^^^^^^^^^^^^^^^^^^^^^^^^^^^^^^^^^^^^^\n  File \"/usr/local/lib/python3.12/site-packages/selenium/webdriver/remote/webdriver.py\", line 444, in execute_script\n    return self.execute(command, {\"script\": script, \"args\": converted_args})[\"value\"]\n           ^^^^^^^^^^^^^^^^^^^^^^^^^^^^^^^^^^^^^^^^^^^^^^^^^^^^^^^^^^^^^^^^^\n  File \"/usr/local/lib/python3.12/site-packages/selenium/webdriver/remote/webdriver.py\", line 384, in execute\n    self.error_handler.check_response(response)\n  File \"/usr/local/lib/python3.12/site-packages/selenium/webdriver/remote/errorhandler.py\", line 232, in check_response\n    raise exception_class(message, screen, stacktrace)\n","steps":[],"attachments":[],"parameters":[],"shouldDisplayMessage":true,"attachmentsCount":0,"stepsCount":0,"hasContent":true,"attachmentStep":false}],"attachments":[],"parameters":[],"shouldDisplayMessage":true,"attachmentsCount":0,"stepsCount":2,"hasContent":true,"attachmentStep":false},"afterStages":[{"name":"driver::0","time":{"start":1737571048158,"stop":1737571048960,"duration":802},"status":"passed","steps":[],"attachments":[{"uid":"6a8b3a09a2e0e4ff","name":"page_source","source":"6a8b3a09a2e0e4ff.html","type":"text/html","size":4994},{"uid":"c622a12feb91b7ce","name":"screenshot","source":"c622a12feb91b7ce.png","type":"image/png","size":10939},{"uid":"a794c30a89fa8a68","name":"browser_logs","source":"a794c30a89fa8a68.txt","type":"text/plain","size":1593}],"parameters":[],"shouldDisplayMessage":false,"attachmentsCount":3,"stepsCount":0,"hasContent":true,"attachmentStep":false}],"labels":[{"name":"feature","value":"Регистрация пользователя"},{"name":"severity","value":"Critical"},{"name":"tag","value":"regression"},{"name":"tag","value":"registration"},{"name":"parentSuite","value":"tests"},{"name":"suite","value":"test_registration"},{"name":"subSuite","value":"TestRegistrationUser"},{"name":"host","value":"5230432a8515"},{"name":"thread","value":"1-MainThread"},{"name":"framework","value":"pytest"},{"name":"language","value":"cpython3"},{"name":"package","value":"tests.test_registration"},{"name":"resultFormat","value":"allure2"}],"parameters":[],"links":[],"hidden":false,"retry":false,"extra":{"severity":"critical","retries":[],"categories":[{"name":"Test defects","matchedStatuses":[],"flaky":false}],"history":{"statistic":{"failed":0,"broken":10,"skipped":0,"passed":37,"unknown":0,"total":47},"items":[{"uid":"59d7007984d0b25a","status":"broken","statusDetails":"selenium.common.exceptions.WebDriverException: Message: unknown error: Chrome failed to start: exited abnormally.\n  (unknown error: DevToolsActivePort file doesn't exist)\n  (The process started from chrome location /usr/bin/chromium-browser is no longer running, so ChromeDriver is assuming that Chrome has crashed.)","time":{"start":1737568971526,"stop":1737568971526,"duration":0}},{"uid":"d95295e35d87a2ae","status":"passed","time":{"start":1734035073350,"stop":1734035153642,"duration":80292}},{"uid":"ed22061a057f27f0","status":"passed","time":{"start":1733937861662,"stop":1733937941278,"duration":79616}},{"uid":"2d5309bca5e12745","status":"passed","time":{"start":1733866434666,"stop":1733866514511,"duration":79845}},{"uid":"8178de0a77734bed","status":"passed","time":{"start":1733860835814,"stop":1733860916662,"duration":80848}},{"uid":"3d636d039d2b9ea","status":"passed","time":{"start":1733857376210,"stop":1733857456104,"duration":79894}},{"uid":"81af3a662f479999","status":"passed","time":{"start":1733772319858,"stop":1733772400619,"duration":80761}},{"uid":"8903a220adae6bd0","status":"broken","statusDetails":"selenium.common.exceptions.TimeoutException: Message: Не найден элемент с локатором ('xpath', '//input[@name=\"password\"]')","time":{"start":1733766788519,"stop":1733766825739,"duration":37220}},{"uid":"65041298ee7a2651","status":"broken","statusDetails":"selenium.common.exceptions.TimeoutException: Message:","time":{"start":1733422420992,"stop":1733422434004,"duration":13012}},{"uid":"425512027fe7d75b","status":"broken","statusDetails":"selenium.common.exceptions.TimeoutException: Message:","time":{"start":1726780736784,"stop":1726780748717,"duration":11933}},{"uid":"af19344141d7b16a","status":"broken","statusDetails":"selenium.common.exceptions.TimeoutException: Message:","time":{"start":1726777511341,"stop":1726777524194,"duration":12853}},{"uid":"33a0850af20f8e6a","status":"passed","time":{"start":1724099208296,"stop":1724099289352,"duration":81056}},{"uid":"324ba21b94fd01e0","status":"passed","time":{"start":1723829543946,"stop":1723829625320,"duration":81374}},{"uid":"9a6bb9ec350da782","status":"passed","time":{"start":1723751688372,"stop":1723751767159,"duration":78787}},{"uid":"fbd702f63c4143ae","status":"passed","time":{"start":1723742144270,"stop":1723742223063,"duration":78793}},{"uid":"c3ce160931db1fb4","status":"passed","time":{"start":1723664574547,"stop":1723664653839,"duration":79292}},{"uid":"99032bb1402a088b","status":"passed","time":{"start":1723579286835,"stop":1723579367535,"duration":80700}},{"uid":"9f7220c0f14e8458","status":"passed","time":{"start":1723496452655,"stop":1723496530960,"duration":78305}},{"uid":"9b78a35618078b4f","status":"passed","time":{"start":1723150253029,"stop":1723150331340,"duration":78311}},{"uid":"21ad44bc16fcced7","status":"passed","time":{"start":1723148935745,"stop":1723149013578,"duration":77833}}]},"tags":["regression","registration"]},"source":"633b135cf9243b21.json","parameterValues":[]}