{"uid":"65d5628bb5fe9ce6","name":"Проверка получения СМС с кодом подтверждения регистрации","fullName":"tests.test_registration.TestRegistrationUser#test_receiving_sms_with_registration_confirmation_code","historyId":"c21c66f75966c5e549a12c63349f9cf5","time":{"start":1737571004306,"stop":1737571042390,"duration":38084},"status":"broken","statusMessage":"selenium.common.exceptions.TimeoutException: Message: Не найден элемент с локатором ('xpath', '//input[@name=\"nickname\"]')","statusTrace":"self = <test_registration.TestRegistrationUser object at 0x7fc3f04bdd00>\nelements = {'Банк ачивок': {'Блок ачивок': ('xpath', '//div[contains(@class,\"user-achievement-by-interests_container\")]'), 'Модал...-sheet_icons\")]'), 'Название ачивки': ('xpath', '//div[contains(@class,\"achievement-item-bottom-sheet_title\")]')}, ...}\n\n    @allure.title('Проверка получения СМС с кодом подтверждения регистрации')\n    @allure.severity('Critical')\n    @pytest.mark.regression\n    def test_receiving_sms_with_registration_confirmation_code(self, elements):\n        with allure.step('Открыть страницу авторизации'):\n            self.authorization_page.open()\n            element = elements['Страница авторизации']\n    \n        with allure.step('Нажать кнопку \"По смс (Для России)\"'):\n            self.authorization_page.do_click(element['Кнопка по смс'])\n    \n        with allure.step('Нажать кнопку Далее'):\n            element = elements['Страница регистрации']\n            self.join_page.do_click(element['Кнопка далее'])\n    \n        with allure.step('В поле никнейм ввести любое валидное значение'):\n            username = f'-{fake.user_name()}.{fake.pyint(min_value=1, max_value=2)}_'\n>           self.join_page.field_send_keys(element['Поле никнейм'], text=f'{username}')\n\ntests/test_registration.py:256: \n_ _ _ _ _ _ _ _ _ _ _ _ _ _ _ _ _ _ _ _ _ _ _ _ _ _ _ _ _ _ _ _ _ _ _ _ _ _ _ _ \nbase/base_page.py:126: in field_send_keys\n    element = self.find_element(locator)\nbase/base_page.py:138: in find_element\n    return self.wait.until(EC.visibility_of_element_located(locator),\n_ _ _ _ _ _ _ _ _ _ _ _ _ _ _ _ _ _ _ _ _ _ _ _ _ _ _ _ _ _ _ _ _ _ _ _ _ _ _ _ \n\nself = <selenium.webdriver.support.wait.WebDriverWait (session=\"96c0542680600e1173325d266268575e\")>\nmethod = <function visibility_of_element_located.<locals>._predicate at 0x7fc3f1169300>\nmessage = 'Не найден элемент с локатором (\\'xpath\\', \\'//input[@name=\"nickname\"]\\')'\n\n    def until(self, method: Callable[[D], Union[Literal[False], T]], message: str = \"\") -> T:\n        \"\"\"Calls the method provided with the driver as an argument until the \\\n        return value does not evaluate to ``False``.\n    \n        :param method: callable(WebDriver)\n        :param message: optional message for :exc:`TimeoutException`\n        :returns: the result of the last call to `method`\n        :raises: :exc:`selenium.common.exceptions.TimeoutException` if timeout occurs\n        \"\"\"\n        screen = None\n        stacktrace = None\n    \n        end_time = time.monotonic() + self._timeout\n        while True:\n            try:\n                value = method(self._driver)\n                if value:\n                    return value\n            except self._ignored_exceptions as exc:\n                screen = getattr(exc, \"screen\", None)\n                stacktrace = getattr(exc, \"stacktrace\", None)\n            if time.monotonic() > end_time:\n                break\n            time.sleep(self._poll)\n>       raise TimeoutException(message, screen, stacktrace)\nE       selenium.common.exceptions.TimeoutException: Message: Не найден элемент с локатором ('xpath', '//input[@name=\"nickname\"]')\n\n../local/lib/python3.12/site-packages/selenium/webdriver/support/wait.py:105: TimeoutException","flaky":false,"newFailed":false,"newBroken":false,"newPassed":false,"retriesCount":0,"retriesStatusChange":false,"beforeStages":[{"name":"_session_faker","time":{"start":1737569139111,"stop":1737569139113,"duration":2},"status":"passed","steps":[],"attachments":[],"parameters":[],"shouldDisplayMessage":false,"attachmentsCount":0,"stepsCount":0,"hasContent":false,"attachmentStep":false},{"name":"driver","time":{"start":1737571003752,"stop":1737571004305,"duration":553},"status":"passed","steps":[],"attachments":[],"parameters":[],"shouldDisplayMessage":false,"attachmentsCount":0,"stepsCount":0,"hasContent":false,"attachmentStep":false},{"name":"Инициализация локаторов","time":{"start":1737571004305,"stop":1737571004305,"duration":0},"status":"passed","steps":[{"name":"Инициализация локаторов","time":{"start":1737571004305,"stop":1737571004305,"duration":0},"status":"passed","steps":[],"attachments":[],"parameters":[{"name":"request","value":"<SubRequest 'elements' for <Function test_receiving_sms_with_registration_confirmation_code>>"}],"shouldDisplayMessage":false,"attachmentsCount":0,"stepsCount":0,"hasContent":true,"attachmentStep":false}],"attachments":[],"parameters":[],"shouldDisplayMessage":false,"attachmentsCount":0,"stepsCount":1,"hasContent":true,"attachmentStep":false},{"name":"setup","time":{"start":1737571004305,"stop":1737571004305,"duration":0},"status":"passed","steps":[],"attachments":[],"parameters":[],"shouldDisplayMessage":false,"attachmentsCount":0,"stepsCount":0,"hasContent":false,"attachmentStep":false}],"testStage":{"status":"broken","statusMessage":"selenium.common.exceptions.TimeoutException: Message: Не найден элемент с локатором ('xpath', '//input[@name=\"nickname\"]')","statusTrace":"self = <test_registration.TestRegistrationUser object at 0x7fc3f04bdd00>\nelements = {'Банк ачивок': {'Блок ачивок': ('xpath', '//div[contains(@class,\"user-achievement-by-interests_container\")]'), 'Модал...-sheet_icons\")]'), 'Название ачивки': ('xpath', '//div[contains(@class,\"achievement-item-bottom-sheet_title\")]')}, ...}\n\n    @allure.title('Проверка получения СМС с кодом подтверждения регистрации')\n    @allure.severity('Critical')\n    @pytest.mark.regression\n    def test_receiving_sms_with_registration_confirmation_code(self, elements):\n        with allure.step('Открыть страницу авторизации'):\n            self.authorization_page.open()\n            element = elements['Страница авторизации']\n    \n        with allure.step('Нажать кнопку \"По смс (Для России)\"'):\n            self.authorization_page.do_click(element['Кнопка по смс'])\n    \n        with allure.step('Нажать кнопку Далее'):\n            element = elements['Страница регистрации']\n            self.join_page.do_click(element['Кнопка далее'])\n    \n        with allure.step('В поле никнейм ввести любое валидное значение'):\n            username = f'-{fake.user_name()}.{fake.pyint(min_value=1, max_value=2)}_'\n>           self.join_page.field_send_keys(element['Поле никнейм'], text=f'{username}')\n\ntests/test_registration.py:256: \n_ _ _ _ _ _ _ _ _ _ _ _ _ _ _ _ _ _ _ _ _ _ _ _ _ _ _ _ _ _ _ _ _ _ _ _ _ _ _ _ \nbase/base_page.py:126: in field_send_keys\n    element = self.find_element(locator)\nbase/base_page.py:138: in find_element\n    return self.wait.until(EC.visibility_of_element_located(locator),\n_ _ _ _ _ _ _ _ _ _ _ _ _ _ _ _ _ _ _ _ _ _ _ _ _ _ _ _ _ _ _ _ _ _ _ _ _ _ _ _ \n\nself = <selenium.webdriver.support.wait.WebDriverWait (session=\"96c0542680600e1173325d266268575e\")>\nmethod = <function visibility_of_element_located.<locals>._predicate at 0x7fc3f1169300>\nmessage = 'Не найден элемент с локатором (\\'xpath\\', \\'//input[@name=\"nickname\"]\\')'\n\n    def until(self, method: Callable[[D], Union[Literal[False], T]], message: str = \"\") -> T:\n        \"\"\"Calls the method provided with the driver as an argument until the \\\n        return value does not evaluate to ``False``.\n    \n        :param method: callable(WebDriver)\n        :param message: optional message for :exc:`TimeoutException`\n        :returns: the result of the last call to `method`\n        :raises: :exc:`selenium.common.exceptions.TimeoutException` if timeout occurs\n        \"\"\"\n        screen = None\n        stacktrace = None\n    \n        end_time = time.monotonic() + self._timeout\n        while True:\n            try:\n                value = method(self._driver)\n                if value:\n                    return value\n            except self._ignored_exceptions as exc:\n                screen = getattr(exc, \"screen\", None)\n                stacktrace = getattr(exc, \"stacktrace\", None)\n            if time.monotonic() > end_time:\n                break\n            time.sleep(self._poll)\n>       raise TimeoutException(message, screen, stacktrace)\nE       selenium.common.exceptions.TimeoutException: Message: Не найден элемент с локатором ('xpath', '//input[@name=\"nickname\"]')\n\n../local/lib/python3.12/site-packages/selenium/webdriver/support/wait.py:105: TimeoutException","steps":[{"name":"Открыть страницу авторизации","time":{"start":1737571004306,"stop":1737571007430,"duration":3124},"status":"passed","steps":[],"attachments":[],"parameters":[],"shouldDisplayMessage":false,"attachmentsCount":0,"stepsCount":0,"hasContent":false,"attachmentStep":false},{"name":"Нажать кнопку \"По смс (Для России)\"","time":{"start":1737571007430,"stop":1737571011714,"duration":4284},"status":"passed","steps":[],"attachments":[],"parameters":[],"shouldDisplayMessage":false,"attachmentsCount":0,"stepsCount":0,"hasContent":false,"attachmentStep":false},{"name":"Нажать кнопку Далее","time":{"start":1737571011715,"stop":1737571012264,"duration":549},"status":"passed","steps":[],"attachments":[],"parameters":[],"shouldDisplayMessage":false,"attachmentsCount":0,"stepsCount":0,"hasContent":false,"attachmentStep":false},{"name":"В поле никнейм ввести любое валидное значение","time":{"start":1737571012264,"stop":1737571042389,"duration":30125},"status":"broken","statusMessage":"selenium.common.exceptions.TimeoutException: Message: Не найден элемент с локатором ('xpath', '//input[@name=\"nickname\"]')\n\n","statusTrace":"  File \"/usr/workspace/tests/test_registration.py\", line 256, in test_receiving_sms_with_registration_confirmation_code\n    self.join_page.field_send_keys(element['Поле никнейм'], text=f'{username}')\n  File \"/usr/workspace/base/base_page.py\", line 126, in field_send_keys\n    element = self.find_element(locator)\n              ^^^^^^^^^^^^^^^^^^^^^^^^^^\n  File \"/usr/workspace/base/base_page.py\", line 138, in find_element\n    return self.wait.until(EC.visibility_of_element_located(locator),\n           ^^^^^^^^^^^^^^^^^^^^^^^^^^^^^^^^^^^^^^^^^^^^^^^^^^^^^^^^^^\n  File \"/usr/local/lib/python3.12/site-packages/selenium/webdriver/support/wait.py\", line 105, in until\n    raise TimeoutException(message, screen, stacktrace)\n","steps":[],"attachments":[],"parameters":[],"shouldDisplayMessage":true,"attachmentsCount":0,"stepsCount":0,"hasContent":true,"attachmentStep":false}],"attachments":[],"parameters":[],"shouldDisplayMessage":true,"attachmentsCount":0,"stepsCount":4,"hasContent":true,"attachmentStep":false},"afterStages":[{"name":"driver::0","time":{"start":1737571042407,"stop":1737571042601,"duration":194},"status":"passed","steps":[],"attachments":[{"uid":"69432987162a3309","name":"page_source","source":"69432987162a3309.html","type":"text/html","size":10283},{"uid":"f69bb4df6fe3a62f","name":"screenshot","source":"f69bb4df6fe3a62f.png","type":"image/png","size":20131},{"uid":"bbe63fe5d0ac859","name":"browser_logs","source":"bbe63fe5d0ac859.txt","type":"text/plain","size":2113}],"parameters":[],"shouldDisplayMessage":false,"attachmentsCount":3,"stepsCount":0,"hasContent":true,"attachmentStep":false}],"labels":[{"name":"feature","value":"Регистрация пользователя"},{"name":"severity","value":"Critical"},{"name":"tag","value":"regression"},{"name":"tag","value":"registration"},{"name":"parentSuite","value":"tests"},{"name":"suite","value":"test_registration"},{"name":"subSuite","value":"TestRegistrationUser"},{"name":"host","value":"5230432a8515"},{"name":"thread","value":"1-MainThread"},{"name":"framework","value":"pytest"},{"name":"language","value":"cpython3"},{"name":"package","value":"tests.test_registration"},{"name":"resultFormat","value":"allure2"}],"parameters":[],"links":[],"hidden":false,"retry":false,"extra":{"severity":"critical","retries":[],"categories":[{"name":"Test defects","matchedStatuses":[],"flaky":false}],"history":{"statistic":{"failed":0,"broken":12,"skipped":0,"passed":35,"unknown":0,"total":47},"items":[{"uid":"5fc911c35838bea7","status":"broken","statusDetails":"selenium.common.exceptions.WebDriverException: Message: unknown error: Chrome failed to start: exited abnormally.\n  (unknown error: DevToolsActivePort file doesn't exist)\n  (The process started from chrome location /usr/bin/chromium-browser is no longer running, so ChromeDriver is assuming that Chrome has crashed.)","time":{"start":1737568971306,"stop":1737568971306,"duration":0}},{"uid":"b47d6f71dfb32729","status":"broken","statusDetails":"selenium.common.exceptions.TimeoutException: Message: Не найден элемент с локатором ('xpath', '//input[@name=\"password\"]')","time":{"start":1734035035419,"stop":1734035072710,"duration":37291}},{"uid":"11c32c8d24bb08dc","status":"passed","time":{"start":1733937848230,"stop":1733937861036,"duration":12806}},{"uid":"1258086e41b863ba","status":"passed","time":{"start":1733866421186,"stop":1733866434038,"duration":12852}},{"uid":"8040db4fada38fff","status":"passed","time":{"start":1733860822315,"stop":1733860835189,"duration":12874}},{"uid":"7a9b70866e8a93e6","status":"passed","time":{"start":1733857362301,"stop":1733857375576,"duration":13275}},{"uid":"d2fb74fa1a3aeffe","status":"passed","time":{"start":1733772306015,"stop":1733772319226,"duration":13211}},{"uid":"9bb9efed911c19e6","status":"passed","time":{"start":1733766775442,"stop":1733766787907,"duration":12465}},{"uid":"296ca50c155678d8","status":"broken","statusDetails":"selenium.common.exceptions.TimeoutException: Message:","time":{"start":1733422407614,"stop":1733422420359,"duration":12745}},{"uid":"544b1f4067bfc94","status":"broken","statusDetails":"selenium.common.exceptions.TimeoutException: Message:","time":{"start":1726780724216,"stop":1726780736158,"duration":11942}},{"uid":"fc915542c20d54ba","status":"broken","statusDetails":"selenium.common.exceptions.TimeoutException: Message:","time":{"start":1726777497979,"stop":1726777510723,"duration":12744}},{"uid":"b660d56351f68458","status":"passed","time":{"start":1724099194646,"stop":1724099207658,"duration":13012}},{"uid":"b0523917c0c89a63","status":"passed","time":{"start":1723829529240,"stop":1723829543308,"duration":14068}},{"uid":"969e5cd16564cde3","status":"passed","time":{"start":1723751675513,"stop":1723751687743,"duration":12230}},{"uid":"25909dc7096f1fec","status":"passed","time":{"start":1723742132146,"stop":1723742143647,"duration":11501}},{"uid":"c607f86775931b4e","status":"broken","statusDetails":"selenium.common.exceptions.TimeoutException: Message: Не найден элемент с локатором ('xpath', '//input[@name=\"password\"]')","time":{"start":1723664538284,"stop":1723664573915,"duration":35631}},{"uid":"30ecc4f2fa878563","status":"passed","time":{"start":1723579272825,"stop":1723579286210,"duration":13385}},{"uid":"ea203b5d5655598f","status":"passed","time":{"start":1723496440846,"stop":1723496452032,"duration":11186}},{"uid":"bf4309d0ba66a6a2","status":"passed","time":{"start":1723150241595,"stop":1723150252385,"duration":10790}},{"uid":"5f8e4b347bdc3ef1","status":"passed","time":{"start":1723148924048,"stop":1723148935120,"duration":11072}}]},"tags":["regression","registration"]},"source":"65d5628bb5fe9ce6.json","parameterValues":[]}