{"uid":"6713801815f80f1f","name":"Проверка восстановления пароля через email","fullName":"tests.test_reset_password.TestResetPassword#test_password_recovery_by_email","historyId":"b7700ec49977e2da21fba9d385aed2da","time":{"start":1737571511950,"stop":1737571552403,"duration":40453},"description":"Для восстановления используется email от Aleska","descriptionHtml":"<p>Для восстановления используется email от Aleska</p>\n","status":"broken","statusMessage":"selenium.common.exceptions.TimeoutException: Message: Не найден элемент с локатором ('xpath', '//input[@name=\"code\"]')","statusTrace":"self = <test_reset_password.TestResetPassword object at 0x7fc3f13d1400>\nelements = {'Банк ачивок': {'Блок ачивок': ('xpath', '//div[contains(@class,\"user-achievement-by-interests_container\")]'), 'Модал...-sheet_icons\")]'), 'Название ачивки': ('xpath', '//div[contains(@class,\"achievement-item-bottom-sheet_title\")]')}, ...}\n\n    @allure.title('Проверка восстановления пароля через email')\n    @allure.description('Для восстановления используется email от Aleska')\n    @allure.severity('Critical')\n    @pytest.mark.regression\n    def test_password_recovery_by_email(self, elements):\n        with allure.step('Открыть страницу логина'):\n            self.login_page.open()\n            element = elements['Страница логина']\n    \n        with allure.step('Нажать кнопку забыл пароль'):\n            self.login_page.do_click(element['Кнопка забыл пароль'])\n    \n        with allure.step('В поле \"Email или номер телефона\" ввести номер телефона от Aleska'):\n            element = elements['Страница восстановления пароля']\n            self.reset_password_page.field_send_keys(element['Поле логин'],\n                                                     text=self.User.EMAIL)\n    \n        with allure.step('Нажать кнопку \"Сбросить пароль\"'):\n            self.reset_password_page.do_click(element['Кнопка сбросить пароль'])\n    \n        with allure.step('Авторизоваться в MetaBase'):\n            metabase = self.metabase.authorization(username=self.MetaBaseUser.LOGIN,\n                                                   password=self.MetaBaseUser.PASSWORD)\n    \n        with allure.step('Найти последний код в MetaBase'):\n            email_code = self.metabase.take_last_code(metabase)\n    \n        with allure.step('В поле Код из письма ввести код из письма'):\n>           self.reset_password_page.field_send_keys(element['Поле код из письма'],\n                                                     text=email_code)\n\ntests/test_reset_password.py:212: \n_ _ _ _ _ _ _ _ _ _ _ _ _ _ _ _ _ _ _ _ _ _ _ _ _ _ _ _ _ _ _ _ _ _ _ _ _ _ _ _ \nbase/base_page.py:126: in field_send_keys\n    element = self.find_element(locator)\nbase/base_page.py:138: in find_element\n    return self.wait.until(EC.visibility_of_element_located(locator),\n_ _ _ _ _ _ _ _ _ _ _ _ _ _ _ _ _ _ _ _ _ _ _ _ _ _ _ _ _ _ _ _ _ _ _ _ _ _ _ _ \n\nself = <selenium.webdriver.support.wait.WebDriverWait (session=\"69fb9f5dd2ff44aee34550863a954915\")>\nmethod = <function visibility_of_element_located.<locals>._predicate at 0x7fc3f102bf60>\nmessage = 'Не найден элемент с локатором (\\'xpath\\', \\'//input[@name=\"code\"]\\')'\n\n    def until(self, method: Callable[[D], Union[Literal[False], T]], message: str = \"\") -> T:\n        \"\"\"Calls the method provided with the driver as an argument until the \\\n        return value does not evaluate to ``False``.\n    \n        :param method: callable(WebDriver)\n        :param message: optional message for :exc:`TimeoutException`\n        :returns: the result of the last call to `method`\n        :raises: :exc:`selenium.common.exceptions.TimeoutException` if timeout occurs\n        \"\"\"\n        screen = None\n        stacktrace = None\n    \n        end_time = time.monotonic() + self._timeout\n        while True:\n            try:\n                value = method(self._driver)\n                if value:\n                    return value\n            except self._ignored_exceptions as exc:\n                screen = getattr(exc, \"screen\", None)\n                stacktrace = getattr(exc, \"stacktrace\", None)\n            if time.monotonic() > end_time:\n                break\n            time.sleep(self._poll)\n>       raise TimeoutException(message, screen, stacktrace)\nE       selenium.common.exceptions.TimeoutException: Message: Не найден элемент с локатором ('xpath', '//input[@name=\"code\"]')\n\n../local/lib/python3.12/site-packages/selenium/webdriver/support/wait.py:105: TimeoutException","flaky":false,"newFailed":false,"newBroken":false,"newPassed":false,"retriesCount":0,"retriesStatusChange":false,"beforeStages":[{"name":"_session_faker","time":{"start":1737569139111,"stop":1737569139113,"duration":2},"status":"passed","steps":[],"attachments":[],"parameters":[],"shouldDisplayMessage":false,"attachmentsCount":0,"stepsCount":0,"hasContent":false,"attachmentStep":false},{"name":"driver","time":{"start":1737571511471,"stop":1737571511949,"duration":478},"status":"passed","steps":[],"attachments":[],"parameters":[],"shouldDisplayMessage":false,"attachmentsCount":0,"stepsCount":0,"hasContent":false,"attachmentStep":false},{"name":"Инициализация локаторов","time":{"start":1737571511950,"stop":1737571511950,"duration":0},"status":"passed","steps":[{"name":"Инициализация локаторов","time":{"start":1737571511950,"stop":1737571511950,"duration":0},"status":"passed","steps":[],"attachments":[],"parameters":[{"name":"request","value":"<SubRequest 'elements' for <Function test_password_recovery_by_email>>"}],"shouldDisplayMessage":false,"attachmentsCount":0,"stepsCount":0,"hasContent":true,"attachmentStep":false}],"attachments":[],"parameters":[],"shouldDisplayMessage":false,"attachmentsCount":0,"stepsCount":1,"hasContent":true,"attachmentStep":false},{"name":"setup","time":{"start":1737571511950,"stop":1737571511950,"duration":0},"status":"passed","steps":[],"attachments":[],"parameters":[],"shouldDisplayMessage":false,"attachmentsCount":0,"stepsCount":0,"hasContent":false,"attachmentStep":false}],"testStage":{"description":"Для восстановления используется email от Aleska","status":"broken","statusMessage":"selenium.common.exceptions.TimeoutException: Message: Не найден элемент с локатором ('xpath', '//input[@name=\"code\"]')","statusTrace":"self = <test_reset_password.TestResetPassword object at 0x7fc3f13d1400>\nelements = {'Банк ачивок': {'Блок ачивок': ('xpath', '//div[contains(@class,\"user-achievement-by-interests_container\")]'), 'Модал...-sheet_icons\")]'), 'Название ачивки': ('xpath', '//div[contains(@class,\"achievement-item-bottom-sheet_title\")]')}, ...}\n\n    @allure.title('Проверка восстановления пароля через email')\n    @allure.description('Для восстановления используется email от Aleska')\n    @allure.severity('Critical')\n    @pytest.mark.regression\n    def test_password_recovery_by_email(self, elements):\n        with allure.step('Открыть страницу логина'):\n            self.login_page.open()\n            element = elements['Страница логина']\n    \n        with allure.step('Нажать кнопку забыл пароль'):\n            self.login_page.do_click(element['Кнопка забыл пароль'])\n    \n        with allure.step('В поле \"Email или номер телефона\" ввести номер телефона от Aleska'):\n            element = elements['Страница восстановления пароля']\n            self.reset_password_page.field_send_keys(element['Поле логин'],\n                                                     text=self.User.EMAIL)\n    \n        with allure.step('Нажать кнопку \"Сбросить пароль\"'):\n            self.reset_password_page.do_click(element['Кнопка сбросить пароль'])\n    \n        with allure.step('Авторизоваться в MetaBase'):\n            metabase = self.metabase.authorization(username=self.MetaBaseUser.LOGIN,\n                                                   password=self.MetaBaseUser.PASSWORD)\n    \n        with allure.step('Найти последний код в MetaBase'):\n            email_code = self.metabase.take_last_code(metabase)\n    \n        with allure.step('В поле Код из письма ввести код из письма'):\n>           self.reset_password_page.field_send_keys(element['Поле код из письма'],\n                                                     text=email_code)\n\ntests/test_reset_password.py:212: \n_ _ _ _ _ _ _ _ _ _ _ _ _ _ _ _ _ _ _ _ _ _ _ _ _ _ _ _ _ _ _ _ _ _ _ _ _ _ _ _ \nbase/base_page.py:126: in field_send_keys\n    element = self.find_element(locator)\nbase/base_page.py:138: in find_element\n    return self.wait.until(EC.visibility_of_element_located(locator),\n_ _ _ _ _ _ _ _ _ _ _ _ _ _ _ _ _ _ _ _ _ _ _ _ _ _ _ _ _ _ _ _ _ _ _ _ _ _ _ _ \n\nself = <selenium.webdriver.support.wait.WebDriverWait (session=\"69fb9f5dd2ff44aee34550863a954915\")>\nmethod = <function visibility_of_element_located.<locals>._predicate at 0x7fc3f102bf60>\nmessage = 'Не найден элемент с локатором (\\'xpath\\', \\'//input[@name=\"code\"]\\')'\n\n    def until(self, method: Callable[[D], Union[Literal[False], T]], message: str = \"\") -> T:\n        \"\"\"Calls the method provided with the driver as an argument until the \\\n        return value does not evaluate to ``False``.\n    \n        :param method: callable(WebDriver)\n        :param message: optional message for :exc:`TimeoutException`\n        :returns: the result of the last call to `method`\n        :raises: :exc:`selenium.common.exceptions.TimeoutException` if timeout occurs\n        \"\"\"\n        screen = None\n        stacktrace = None\n    \n        end_time = time.monotonic() + self._timeout\n        while True:\n            try:\n                value = method(self._driver)\n                if value:\n                    return value\n            except self._ignored_exceptions as exc:\n                screen = getattr(exc, \"screen\", None)\n                stacktrace = getattr(exc, \"stacktrace\", None)\n            if time.monotonic() > end_time:\n                break\n            time.sleep(self._poll)\n>       raise TimeoutException(message, screen, stacktrace)\nE       selenium.common.exceptions.TimeoutException: Message: Не найден элемент с локатором ('xpath', '//input[@name=\"code\"]')\n\n../local/lib/python3.12/site-packages/selenium/webdriver/support/wait.py:105: TimeoutException","steps":[{"name":"Открыть страницу логина","time":{"start":1737571511950,"stop":1737571514708,"duration":2758},"status":"passed","steps":[],"attachments":[],"parameters":[],"shouldDisplayMessage":false,"attachmentsCount":0,"stepsCount":0,"hasContent":false,"attachmentStep":false},{"name":"Нажать кнопку забыл пароль","time":{"start":1737571514708,"stop":1737571516503,"duration":1795},"status":"passed","steps":[],"attachments":[],"parameters":[],"shouldDisplayMessage":false,"attachmentsCount":0,"stepsCount":0,"hasContent":false,"attachmentStep":false},{"name":"В поле \"Email или номер телефона\" ввести номер телефона от Aleska","time":{"start":1737571516503,"stop":1737571518113,"duration":1610},"status":"passed","steps":[],"attachments":[],"parameters":[],"shouldDisplayMessage":false,"attachmentsCount":0,"stepsCount":0,"hasContent":false,"attachmentStep":false},{"name":"Нажать кнопку \"Сбросить пароль\"","time":{"start":1737571518113,"stop":1737571518155,"duration":42},"status":"passed","steps":[],"attachments":[],"parameters":[],"shouldDisplayMessage":false,"attachmentsCount":0,"stepsCount":0,"hasContent":false,"attachmentStep":false},{"name":"Авторизоваться в MetaBase","time":{"start":1737571518155,"stop":1737571519456,"duration":1301},"status":"passed","steps":[],"attachments":[],"parameters":[],"shouldDisplayMessage":false,"attachmentsCount":0,"stepsCount":0,"hasContent":false,"attachmentStep":false},{"name":"Найти последний код в MetaBase","time":{"start":1737571519456,"stop":1737571522278,"duration":2822},"status":"passed","steps":[],"attachments":[],"parameters":[],"shouldDisplayMessage":false,"attachmentsCount":0,"stepsCount":0,"hasContent":false,"attachmentStep":false},{"name":"В поле Код из письма ввести код из письма","time":{"start":1737571522278,"stop":1737571552403,"duration":30125},"status":"broken","statusMessage":"selenium.common.exceptions.TimeoutException: Message: Не найден элемент с локатором ('xpath', '//input[@name=\"code\"]')\n\n","statusTrace":"  File \"/usr/workspace/tests/test_reset_password.py\", line 212, in test_password_recovery_by_email\n    self.reset_password_page.field_send_keys(element['Поле код из письма'],\n  File \"/usr/workspace/base/base_page.py\", line 126, in field_send_keys\n    element = self.find_element(locator)\n              ^^^^^^^^^^^^^^^^^^^^^^^^^^\n  File \"/usr/workspace/base/base_page.py\", line 138, in find_element\n    return self.wait.until(EC.visibility_of_element_located(locator),\n           ^^^^^^^^^^^^^^^^^^^^^^^^^^^^^^^^^^^^^^^^^^^^^^^^^^^^^^^^^^\n  File \"/usr/local/lib/python3.12/site-packages/selenium/webdriver/support/wait.py\", line 105, in until\n    raise TimeoutException(message, screen, stacktrace)\n","steps":[],"attachments":[],"parameters":[],"shouldDisplayMessage":true,"attachmentsCount":0,"stepsCount":0,"hasContent":true,"attachmentStep":false}],"attachments":[],"parameters":[],"shouldDisplayMessage":true,"attachmentsCount":0,"stepsCount":7,"hasContent":true,"attachmentStep":false},"afterStages":[{"name":"driver::0","time":{"start":1737571552416,"stop":1737571552597,"duration":181},"status":"passed","steps":[],"attachments":[{"uid":"c40bb45bfa5be2d6","name":"page_source","source":"c40bb45bfa5be2d6.html","type":"text/html","size":10508},{"uid":"7f1b9c912630629f","name":"screenshot","source":"7f1b9c912630629f.png","type":"image/png","size":31012},{"uid":"91e4cabb28952435","name":"browser_logs","source":"91e4cabb28952435.txt","type":"text/plain","size":1208}],"parameters":[],"shouldDisplayMessage":false,"attachmentsCount":3,"stepsCount":0,"hasContent":true,"attachmentStep":false}],"labels":[{"name":"feature","value":"Восстановление пароля"},{"name":"severity","value":"Critical"},{"name":"tag","value":"regression"},{"name":"tag","value":"reset_password"},{"name":"parentSuite","value":"tests"},{"name":"suite","value":"test_reset_password"},{"name":"subSuite","value":"TestResetPassword"},{"name":"host","value":"5230432a8515"},{"name":"thread","value":"1-MainThread"},{"name":"framework","value":"pytest"},{"name":"language","value":"cpython3"},{"name":"package","value":"tests.test_reset_password"},{"name":"resultFormat","value":"allure2"}],"parameters":[],"links":[],"hidden":false,"retry":false,"extra":{"severity":"critical","retries":[],"categories":[{"name":"Test defects","matchedStatuses":[],"flaky":false}],"history":{"statistic":{"failed":0,"broken":10,"skipped":0,"passed":27,"unknown":0,"total":37},"items":[{"uid":"a97b31b67a36e29","status":"broken","statusDetails":"selenium.common.exceptions.WebDriverException: Message: unknown error: Chrome failed to start: exited abnormally.\n  (unknown error: DevToolsActivePort file doesn't exist)\n  (The process started from chrome location /usr/bin/chromium-browser is no longer running, so ChromeDriver is assuming that Chrome has crashed.)","time":{"start":1737568974654,"stop":1737568974654,"duration":0}},{"uid":"fc98bbb51638febb","status":"passed","time":{"start":1734035318373,"stop":1734035331175,"duration":12802}},{"uid":"fdf61f355fcf3781","status":"passed","time":{"start":1733938123301,"stop":1733938136096,"duration":12795}},{"uid":"7f5653fc00b0dd3f","status":"passed","time":{"start":1733866756571,"stop":1733866769656,"duration":13085}},{"uid":"c0b73ebc8475e16b","status":"passed","time":{"start":1733861192896,"stop":1733861205520,"duration":12624}},{"uid":"b8dd342f825a7f29","status":"passed","time":{"start":1733857612487,"stop":1733857624514,"duration":12027}},{"uid":"87ae32f8c1f1de38","status":"broken","statusDetails":"selenium.common.exceptions.TimeoutException: Message:","time":{"start":1733772587750,"stop":1733772628603,"duration":40853}},{"uid":"7f4bb29fc1e75a28","status":"broken","statusDetails":"selenium.common.exceptions.TimeoutException: Message:","time":{"start":1733767010452,"stop":1733767051430,"duration":40978}},{"uid":"9170c7ce8a04961","status":"broken","statusDetails":"selenium.common.exceptions.TimeoutException: Message:","time":{"start":1733422612941,"stop":1733422654649,"duration":41708}},{"uid":"930ae84c356b29f4","status":"passed","time":{"start":1726780894496,"stop":1726780906723,"duration":12227}},{"uid":"72bbfa4cc2efb7d5","status":"passed","time":{"start":1726777668961,"stop":1726777689856,"duration":20895}},{"uid":"1160785571d76b07","status":"passed","time":{"start":1724099418843,"stop":1724099432662,"duration":13819}},{"uid":"23b8e9df3e7397e5","status":"passed","time":{"start":1723829761300,"stop":1723829776066,"duration":14766}},{"uid":"256cc8e7f1beb02d","status":"passed","time":{"start":1723751883503,"stop":1723751895771,"duration":12268}},{"uid":"e5e853a82aca5ca8","status":"passed","time":{"start":1723742364298,"stop":1723742376706,"duration":12408}},{"uid":"6ae16818dc63e77b","status":"passed","time":{"start":1723664773448,"stop":1723664786587,"duration":13139}},{"uid":"f3bd6d9e06a41d05","status":"passed","time":{"start":1723579496034,"stop":1723579509803,"duration":13769}},{"uid":"8ab52d2249bc43c3","status":"passed","time":{"start":1723496644231,"stop":1723496656497,"duration":12266}},{"uid":"d8328a58711abe64","status":"broken","statusDetails":"selenium.common.exceptions.TimeoutException: Message: Не найден элемент с локатором ('xpath', '//input[@name=\"code\"]')","time":{"start":1723150471994,"stop":1723150509300,"duration":37306}},{"uid":"2a8c93ac76572118","status":"passed","time":{"start":1723149127447,"stop":1723149138917,"duration":11470}}]},"tags":["regression","reset_password"]},"source":"6713801815f80f1f.json","parameterValues":[]}