{"uid":"691a68239b43314e","name":"Проверка получения email кода для сброса пароля","fullName":"tests.test_reset_password.TestResetPassword#test_receiving_email_code_to_reset_password","historyId":"047cc1a50ab58d07ccc636e1125930b4","time":{"start":1737938168553,"stop":1737938326876,"duration":158323},"description":"Для восстановления используется email от Aleska","descriptionHtml":"<p>Для восстановления используется email от Aleska</p>\n","status":"broken","statusMessage":"selenium.common.exceptions.TimeoutException: Message:","statusTrace":"self = <test_reset_password.TestResetPassword object at 0x7f048525f570>\nelements = {'Банк ачивок': {'Блок ачивок': ('xpath', '//div[contains(@class,\"user-achievement-by-interests_container\")]'), 'Модал...'carrot-messenger-frame'), 'Чат кэррот': ('xpath', '//div[contains(@class,\"carrot-messenger-frame-container\")]')}, ...}\ndb_connection = <psycopg.Connection [IDLE] (host=rc1a-8gbxfgy3ifeqz75r.mdb.yandexcloud.net port=6432 user=dyanyshev database=staging_round_confirmation) at 0x7f04842b4ef0>\n\n    @allure.title('Проверка получения email кода для сброса пароля')\n    @allure.description('Для восстановления используется email от Aleska')\n    @allure.severity('Critical')\n    @pytest.mark.regression\n    def test_receiving_email_code_to_reset_password(self, elements, db_connection):\n        with allure.step('Открыть страницу логина'):\n            self.login_page.open()\n            element = elements['Страница логина']\n    \n        with allure.step('Нажать кнопку забыл пароль'):\n>           self.login_page.do_click(element['Кнопка забыл пароль'])\n\ntests/test_reset_password.py:236: \n_ _ _ _ _ _ _ _ _ _ _ _ _ _ _ _ _ _ _ _ _ _ _ _ _ _ _ _ _ _ _ _ _ _ _ _ _ _ _ _ \nbase/base_page.py:75: in do_click\n    elem = WebDriverWait(self.driver, wait_time).until(EC.element_to_be_clickable(locator))\n_ _ _ _ _ _ _ _ _ _ _ _ _ _ _ _ _ _ _ _ _ _ _ _ _ _ _ _ _ _ _ _ _ _ _ _ _ _ _ _ \n\nself = <selenium.webdriver.support.wait.WebDriverWait (session=\"7128622c6479719e3b9063e355a8fbc9\")>\nmethod = <function element_to_be_clickable.<locals>._predicate at 0x7f0484257d80>\nmessage = ''\n\n    def until(self, method: Callable[[D], Union[Literal[False], T]], message: str = \"\") -> T:\n        \"\"\"Calls the method provided with the driver as an argument until the \\\n        return value does not evaluate to ``False``.\n    \n        :param method: callable(WebDriver)\n        :param message: optional message for :exc:`TimeoutException`\n        :returns: the result of the last call to `method`\n        :raises: :exc:`selenium.common.exceptions.TimeoutException` if timeout occurs\n        \"\"\"\n        screen = None\n        stacktrace = None\n    \n        end_time = time.monotonic() + self._timeout\n        while True:\n            try:\n                value = method(self._driver)\n                if value:\n                    return value\n            except self._ignored_exceptions as exc:\n                screen = getattr(exc, \"screen\", None)\n                stacktrace = getattr(exc, \"stacktrace\", None)\n            if time.monotonic() > end_time:\n                break\n            time.sleep(self._poll)\n>       raise TimeoutException(message, screen, stacktrace)\nE       selenium.common.exceptions.TimeoutException: Message:\n\n../local/lib/python3.13/site-packages/selenium/webdriver/support/wait.py:105: TimeoutException","flaky":false,"newFailed":false,"newBroken":true,"newPassed":false,"retriesCount":0,"retriesStatusChange":false,"beforeStages":[{"name":"_session_faker","time":{"start":1737925936720,"stop":1737925936721,"duration":1},"status":"passed","steps":[],"attachments":[],"parameters":[],"shouldDisplayMessage":false,"attachmentsCount":0,"stepsCount":0,"hasContent":false,"attachmentStep":false},{"name":"Установка соединения с БД","time":{"start":1737937400005,"stop":1737937401041,"duration":1036},"status":"passed","steps":[{"name":"Установка соединения с БД","time":{"start":1737937400005,"stop":1737937401041,"duration":1036},"status":"passed","steps":[],"attachments":[],"parameters":[{"name":"request","value":"<SubRequest 'db_connection' for <Function test_password_recovery_by_phone>>"}],"shouldDisplayMessage":false,"attachmentsCount":0,"stepsCount":0,"hasContent":true,"attachmentStep":false}],"attachments":[],"parameters":[],"shouldDisplayMessage":false,"attachmentsCount":0,"stepsCount":1,"hasContent":true,"attachmentStep":false},{"name":"driver","time":{"start":1737938142822,"stop":1737938168551,"duration":25729},"status":"passed","steps":[],"attachments":[],"parameters":[],"shouldDisplayMessage":false,"attachmentsCount":0,"stepsCount":0,"hasContent":false,"attachmentStep":false},{"name":"Инициализация локаторов","time":{"start":1737938168552,"stop":1737938168552,"duration":0},"status":"passed","steps":[{"name":"Инициализация локаторов","time":{"start":1737938168552,"stop":1737938168552,"duration":0},"status":"passed","steps":[],"attachments":[],"parameters":[{"name":"request","value":"<SubRequest 'elements' for <Function test_receiving_email_code_to_reset_password>>"}],"shouldDisplayMessage":false,"attachmentsCount":0,"stepsCount":0,"hasContent":true,"attachmentStep":false}],"attachments":[],"parameters":[],"shouldDisplayMessage":false,"attachmentsCount":0,"stepsCount":1,"hasContent":true,"attachmentStep":false},{"name":"setup","time":{"start":1737938168552,"stop":1737938168552,"duration":0},"status":"passed","steps":[],"attachments":[],"parameters":[],"shouldDisplayMessage":false,"attachmentsCount":0,"stepsCount":0,"hasContent":false,"attachmentStep":false}],"testStage":{"description":"Для восстановления используется email от Aleska","status":"broken","statusMessage":"selenium.common.exceptions.TimeoutException: Message:","statusTrace":"self = <test_reset_password.TestResetPassword object at 0x7f048525f570>\nelements = {'Банк ачивок': {'Блок ачивок': ('xpath', '//div[contains(@class,\"user-achievement-by-interests_container\")]'), 'Модал...'carrot-messenger-frame'), 'Чат кэррот': ('xpath', '//div[contains(@class,\"carrot-messenger-frame-container\")]')}, ...}\ndb_connection = <psycopg.Connection [IDLE] (host=rc1a-8gbxfgy3ifeqz75r.mdb.yandexcloud.net port=6432 user=dyanyshev database=staging_round_confirmation) at 0x7f04842b4ef0>\n\n    @allure.title('Проверка получения email кода для сброса пароля')\n    @allure.description('Для восстановления используется email от Aleska')\n    @allure.severity('Critical')\n    @pytest.mark.regression\n    def test_receiving_email_code_to_reset_password(self, elements, db_connection):\n        with allure.step('Открыть страницу логина'):\n            self.login_page.open()\n            element = elements['Страница логина']\n    \n        with allure.step('Нажать кнопку забыл пароль'):\n>           self.login_page.do_click(element['Кнопка забыл пароль'])\n\ntests/test_reset_password.py:236: \n_ _ _ _ _ _ _ _ _ _ _ _ _ _ _ _ _ _ _ _ _ _ _ _ _ _ _ _ _ _ _ _ _ _ _ _ _ _ _ _ \nbase/base_page.py:75: in do_click\n    elem = WebDriverWait(self.driver, wait_time).until(EC.element_to_be_clickable(locator))\n_ _ _ _ _ _ _ _ _ _ _ _ _ _ _ _ _ _ _ _ _ _ _ _ _ _ _ _ _ _ _ _ _ _ _ _ _ _ _ _ \n\nself = <selenium.webdriver.support.wait.WebDriverWait (session=\"7128622c6479719e3b9063e355a8fbc9\")>\nmethod = <function element_to_be_clickable.<locals>._predicate at 0x7f0484257d80>\nmessage = ''\n\n    def until(self, method: Callable[[D], Union[Literal[False], T]], message: str = \"\") -> T:\n        \"\"\"Calls the method provided with the driver as an argument until the \\\n        return value does not evaluate to ``False``.\n    \n        :param method: callable(WebDriver)\n        :param message: optional message for :exc:`TimeoutException`\n        :returns: the result of the last call to `method`\n        :raises: :exc:`selenium.common.exceptions.TimeoutException` if timeout occurs\n        \"\"\"\n        screen = None\n        stacktrace = None\n    \n        end_time = time.monotonic() + self._timeout\n        while True:\n            try:\n                value = method(self._driver)\n                if value:\n                    return value\n            except self._ignored_exceptions as exc:\n                screen = getattr(exc, \"screen\", None)\n                stacktrace = getattr(exc, \"stacktrace\", None)\n            if time.monotonic() > end_time:\n                break\n            time.sleep(self._poll)\n>       raise TimeoutException(message, screen, stacktrace)\nE       selenium.common.exceptions.TimeoutException: Message:\n\n../local/lib/python3.13/site-packages/selenium/webdriver/support/wait.py:105: TimeoutException","steps":[{"name":"Открыть страницу логина","time":{"start":1737938168553,"stop":1737938208724,"duration":40171},"status":"passed","steps":[],"attachments":[],"parameters":[],"shouldDisplayMessage":false,"attachmentsCount":0,"stepsCount":0,"hasContent":false,"attachmentStep":false},{"name":"Нажать кнопку забыл пароль","time":{"start":1737938208724,"stop":1737938326855,"duration":118131},"status":"broken","statusMessage":"selenium.common.exceptions.TimeoutException: Message: \n\n","statusTrace":"  File \"/usr/workspace/tests/test_reset_password.py\", line 236, in test_receiving_email_code_to_reset_password\n    self.login_page.do_click(element['Кнопка забыл пароль'])\n    ~~~~~~~~~~~~~~~~~~~~~~~~^^^^^^^^^^^^^^^^^^^^^^^^^^^^^^^^\n  File \"/usr/workspace/base/base_page.py\", line 75, in do_click\n    elem = WebDriverWait(self.driver, wait_time).until(EC.element_to_be_clickable(locator))\n  File \"/usr/local/lib/python3.13/site-packages/selenium/webdriver/support/wait.py\", line 105, in until\n    raise TimeoutException(message, screen, stacktrace)\n","steps":[],"attachments":[],"parameters":[],"shouldDisplayMessage":true,"attachmentsCount":0,"stepsCount":0,"hasContent":true,"attachmentStep":false}],"attachments":[],"parameters":[],"shouldDisplayMessage":true,"attachmentsCount":0,"stepsCount":2,"hasContent":true,"attachmentStep":false},"afterStages":[{"name":"driver::0","time":{"start":1737938327841,"stop":1737938419346,"duration":91505},"status":"broken","statusMessage":"selenium.common.exceptions.TimeoutException: Message: timeout: Timed out receiving message from renderer: 10.000\n  (Session info: chrome=132.0.6834.83)\n\n","statusTrace":"  File \"/usr/local/lib/python3.13/site-packages/allure_commons/_allure.py\", line 221, in __call__\n    return self._fixture_function(*args, **kwargs)\n           ~~~~~~~~~~~~~~~~~~~~~~^^^^^^^^^^^^^^^^^\n  File \"/usr/local/lib/python3.13/site-packages/_pytest/fixtures.py\", line 907, in _teardown_yield_fixture\n    next(it)\n    ~~~~^^^^\n  File \"/usr/workspace/conftest.py\", line 32, in driver\n    attach.add_screenshot(driver)\n    ~~~~~~~~~~~~~~~~~~~~~^^^^^^^^\n  File \"/usr/workspace/config/attach.py\", line 6, in add_screenshot\n    png = driver.get_screenshot_as_png()\n  File \"/usr/local/lib/python3.13/site-packages/selenium/webdriver/remote/webdriver.py\", line 853, in get_screenshot_as_png\n    return b64decode(self.get_screenshot_as_base64().encode(\"ascii\"))\n                     ~~~~~~~~~~~~~~~~~~~~~~~~~~~~~^^\n  File \"/usr/local/lib/python3.13/site-packages/selenium/webdriver/remote/webdriver.py\", line 864, in get_screenshot_as_base64\n    return self.execute(Command.SCREENSHOT)[\"value\"]\n           ~~~~~~~~~~~~^^^^^^^^^^^^^^^^^^^^\n  File \"/usr/local/lib/python3.13/site-packages/selenium/webdriver/remote/webdriver.py\", line 384, in execute\n    self.error_handler.check_response(response)\n    ~~~~~~~~~~~~~~~~~~~~~~~~~~~~~~~~~^^^^^^^^^^\n  File \"/usr/local/lib/python3.13/site-packages/selenium/webdriver/remote/errorhandler.py\", line 232, in check_response\n    raise exception_class(message, screen, stacktrace)\n","steps":[],"attachments":[{"uid":"97d4467fb9274db7","name":"page_source","source":"97d4467fb9274db7.html","type":"text/html","size":5194}],"parameters":[],"shouldDisplayMessage":true,"attachmentsCount":1,"stepsCount":0,"hasContent":true,"attachmentStep":false},{"name":"Установка соединения с БД::fin","time":{"start":1737938571607,"stop":1737938571607,"duration":0},"status":"passed","steps":[],"attachments":[],"parameters":[],"shouldDisplayMessage":false,"attachmentsCount":0,"stepsCount":0,"hasContent":false,"attachmentStep":false}],"labels":[{"name":"severity","value":"Critical"},{"name":"feature","value":"Восстановление пароля"},{"name":"tag","value":"regression"},{"name":"tag","value":"reset_password"},{"name":"parentSuite","value":"tests"},{"name":"suite","value":"test_reset_password"},{"name":"subSuite","value":"TestResetPassword"},{"name":"host","value":"69e45c3075d5"},{"name":"thread","value":"1-MainThread"},{"name":"framework","value":"pytest"},{"name":"language","value":"cpython3"},{"name":"package","value":"tests.test_reset_password"},{"name":"resultFormat","value":"allure2"}],"parameters":[],"links":[],"hidden":false,"retry":false,"extra":{"severity":"critical","retries":[],"categories":[{"name":"Test defects","matchedStatuses":[],"flaky":false}],"history":{"statistic":{"failed":0,"broken":4,"skipped":0,"passed":40,"unknown":0,"total":44},"items":[{"uid":"7a34af2a4d2c152b","status":"passed","time":{"start":1737843819340,"stop":1737843828770,"duration":9430}},{"uid":"c884b034b805a92d","status":"passed","time":{"start":1737832925645,"stop":1737832931700,"duration":6055}},{"uid":"84c0c05abfe8de6d","status":"passed","time":{"start":1737800294947,"stop":1737800302880,"duration":7933}},{"uid":"b6a01176bf5f20d6","status":"passed","time":{"start":1737758561179,"stop":1737758570024,"duration":8845}},{"uid":"eec96950b1615c73","status":"passed","time":{"start":1737745555593,"stop":1737745563229,"duration":7636}},{"uid":"781db01d45034c93","status":"passed","time":{"start":1737653574464,"stop":1737653584819,"duration":10355}},{"uid":"f1ef89290558916e","status":"passed","time":{"start":1737571553080,"stop":1737571562448,"duration":9368}},{"uid":"20904eefea55e340","status":"broken","statusDetails":"selenium.common.exceptions.WebDriverException: Message: unknown error: Chrome failed to start: exited abnormally.\n  (unknown error: DevToolsActivePort file doesn't exist)\n  (The process started from chrome location /usr/bin/chromium-browser is no longer running, so ChromeDriver is assuming that Chrome has crashed.)","time":{"start":1737568974875,"stop":1737568974876,"duration":1}},{"uid":"5d578ec9b18fec33","status":"passed","time":{"start":1734035331845,"stop":1734035340279,"duration":8434}},{"uid":"2e4099c5ad73051a","status":"passed","time":{"start":1733938136739,"stop":1733938143735,"duration":6996}},{"uid":"846e24815608aee6","status":"passed","time":{"start":1733866770315,"stop":1733866777921,"duration":7606}},{"uid":"295244d024a349b3","status":"passed","time":{"start":1733861206151,"stop":1733861213563,"duration":7412}},{"uid":"dafaf08cbb33c4b0","status":"passed","time":{"start":1733857625185,"stop":1733857632395,"duration":7210}},{"uid":"b523b74b52b43860","status":"passed","time":{"start":1733772629306,"stop":1733772637502,"duration":8196}},{"uid":"a816af907aa7cb1d","status":"passed","time":{"start":1733767052123,"stop":1733767059753,"duration":7630}},{"uid":"39adeaa7eb4f1464","status":"passed","time":{"start":1733422655346,"stop":1733422663560,"duration":8214}},{"uid":"d51e301f508820e9","status":"passed","time":{"start":1726780907349,"stop":1726780916088,"duration":8739}},{"uid":"78678722f4b15f13","status":"passed","time":{"start":1726777690477,"stop":1726777701776,"duration":11299}},{"uid":"f1432c9b42a69cab","status":"passed","time":{"start":1724099433305,"stop":1724099443494,"duration":10189}},{"uid":"841cb65398a2e949","status":"passed","time":{"start":1723829776699,"stop":1723829786344,"duration":9645}}]},"tags":["regression","reset_password"]},"source":"691a68239b43314e.json","parameterValues":[]}