{"uid":"6e35bb47615138ec","name":"Авторизация пользователя без логина и пароля","fullName":"tests.test_autorization.TestAuthUser#test_auth_no_username_and_no_password","historyId":"a668ff8e6001a8742b8c24318bb99490","time":{"start":1719857075131,"stop":1719857078531,"duration":3400},"description":"При проверке не вводятся данные","descriptionHtml":"<p>При проверке не вводятся данные</p>\n","status":"failed","statusMessage":"AssertionError: Ожидался текст: 'Введи Никнейм или номер телефона', отображается текс: 'Никнейм или номер телефона'","statusTrace":"self = <test_autorization.TestAuthUser object at 0x7f5a3b542360>\n\n    @allure.title('Авторизация пользователя без логина и пароля')\n    @allure.description('При проверке не вводятся данные')\n    @allure.severity('Critical')\n    @pytest.mark.smoke\n    def test_auth_no_username_and_no_password(self):\n        with allure.step('Открыть страницу логина'):\n            self.login_page.open()\n    \n        with allure.step('Нажать кнопку \"Войти\"'):\n            self.login_page.do_click(LoginPageLocators.BUTTON_SIGN_IN)\n    \n        with allure.step('Под полем Никнейм или номер телефона отображается текст валидации '\n                         '\"Введи e-mail, никнейм или номер телефона, указанные при регистрации\"'):\n>           self.assertion.text_in_element(LoginPageLocators.VALIDATION_MESSAGE_USERNAME_FIELD,\n                                           'Введи Никнейм или номер телефона')\n\ntests/test_autorization.py:86: \n_ _ _ _ _ _ _ _ _ _ _ _ _ _ _ _ _ _ _ _ _ _ _ _ _ _ _ _ _ _ _ _ _ _ _ _ _ _ _ _ \n\nself = <base.base_assertion.Assertion object at 0x7f5a3b541670>\nelement_locator = ('xpath', './/div[@class = \"text-field_container__vUCqA\"][1]//label[@class = \"text-field_validation-message__nizJJ\"]')\nexpected_text = 'Введи Никнейм или номер телефона'\n\n    def text_in_element(self, element_locator, expected_text):\n        actual_text = self.find_element(element_locator).text\n>       assert expected_text == actual_text, f\"Ожидался текст: '{expected_text}', отображается текс: '{actual_text}'\"\nE       AssertionError: Ожидался текст: 'Введи Никнейм или номер телефона', отображается текс: 'Никнейм или номер телефона'\n\nbase/base_assertion.py:8: AssertionError","flaky":false,"newFailed":true,"newBroken":false,"newPassed":false,"retriesCount":0,"retriesStatusChange":false,"beforeStages":[{"name":"_session_faker","time":{"start":1719857060418,"stop":1719857060441,"duration":23},"status":"passed","steps":[],"attachments":[],"parameters":[],"shouldDisplayMessage":false,"attachmentsCount":0,"attachmentStep":false,"stepsCount":0,"hasContent":false},{"name":"driver","time":{"start":1719857074757,"stop":1719857075130,"duration":373},"status":"passed","steps":[],"attachments":[],"parameters":[],"shouldDisplayMessage":false,"attachmentsCount":0,"attachmentStep":false,"stepsCount":0,"hasContent":false},{"name":"setup","time":{"start":1719857075130,"stop":1719857075131,"duration":1},"status":"passed","steps":[],"attachments":[],"parameters":[],"shouldDisplayMessage":false,"attachmentsCount":0,"attachmentStep":false,"stepsCount":0,"hasContent":false}],"testStage":{"description":"При проверке не вводятся данные","status":"failed","statusMessage":"AssertionError: Ожидался текст: 'Введи Никнейм или номер телефона', отображается текс: 'Никнейм или номер телефона'","statusTrace":"self = <test_autorization.TestAuthUser object at 0x7f5a3b542360>\n\n    @allure.title('Авторизация пользователя без логина и пароля')\n    @allure.description('При проверке не вводятся данные')\n    @allure.severity('Critical')\n    @pytest.mark.smoke\n    def test_auth_no_username_and_no_password(self):\n        with allure.step('Открыть страницу логина'):\n            self.login_page.open()\n    \n        with allure.step('Нажать кнопку \"Войти\"'):\n            self.login_page.do_click(LoginPageLocators.BUTTON_SIGN_IN)\n    \n        with allure.step('Под полем Никнейм или номер телефона отображается текст валидации '\n                         '\"Введи e-mail, никнейм или номер телефона, указанные при регистрации\"'):\n>           self.assertion.text_in_element(LoginPageLocators.VALIDATION_MESSAGE_USERNAME_FIELD,\n                                           'Введи Никнейм или номер телефона')\n\ntests/test_autorization.py:86: \n_ _ _ _ _ _ _ _ _ _ _ _ _ _ _ _ _ _ _ _ _ _ _ _ _ _ _ _ _ _ _ _ _ _ _ _ _ _ _ _ \n\nself = <base.base_assertion.Assertion object at 0x7f5a3b541670>\nelement_locator = ('xpath', './/div[@class = \"text-field_container__vUCqA\"][1]//label[@class = \"text-field_validation-message__nizJJ\"]')\nexpected_text = 'Введи Никнейм или номер телефона'\n\n    def text_in_element(self, element_locator, expected_text):\n        actual_text = self.find_element(element_locator).text\n>       assert expected_text == actual_text, f\"Ожидался текст: '{expected_text}', отображается текс: '{actual_text}'\"\nE       AssertionError: Ожидался текст: 'Введи Никнейм или номер телефона', отображается текс: 'Никнейм или номер телефона'\n\nbase/base_assertion.py:8: AssertionError","steps":[{"name":"Открыть страницу логина","time":{"start":1719857075132,"stop":1719857076950,"duration":1818},"status":"passed","steps":[],"attachments":[],"parameters":[],"shouldDisplayMessage":false,"attachmentsCount":0,"attachmentStep":false,"stepsCount":0,"hasContent":false},{"name":"Нажать кнопку \"Войти\"","time":{"start":1719857076950,"stop":1719857078505,"duration":1555},"status":"passed","steps":[],"attachments":[],"parameters":[],"shouldDisplayMessage":false,"attachmentsCount":0,"attachmentStep":false,"stepsCount":0,"hasContent":false},{"name":"Под полем Никнейм или номер телефона отображается текст валидации \"Введи e-mail, никнейм или номер телефона, указанные при регистрации\"","time":{"start":1719857078505,"stop":1719857078530,"duration":25},"status":"failed","statusMessage":"AssertionError: Ожидался текст: 'Введи Никнейм или номер телефона', отображается текс: 'Никнейм или номер телефона'\n","statusTrace":"  File \"/usr/workspace/tests/test_autorization.py\", line 86, in test_auth_no_username_and_no_password\n    self.assertion.text_in_element(LoginPageLocators.VALIDATION_MESSAGE_USERNAME_FIELD,\n  File \"/usr/workspace/base/base_assertion.py\", line 8, in text_in_element\n    assert expected_text == actual_text, f\"Ожидался текст: '{expected_text}', отображается текс: '{actual_text}'\"\n","steps":[],"attachments":[],"parameters":[],"shouldDisplayMessage":true,"attachmentsCount":0,"attachmentStep":false,"stepsCount":0,"hasContent":true}],"attachments":[],"parameters":[],"shouldDisplayMessage":true,"attachmentsCount":0,"attachmentStep":false,"stepsCount":3,"hasContent":true},"afterStages":[{"name":"driver::0","time":{"start":1719857078570,"stop":1719857078760,"duration":190},"status":"passed","steps":[],"attachments":[{"uid":"c0be1b5ffb68ad2b","name":"page_source","source":"c0be1b5ffb68ad2b.html","type":"text/html","size":19553},{"uid":"48cdb3f0c04b402a","name":"screenshot","source":"48cdb3f0c04b402a.png","type":"image/png","size":28609},{"uid":"49816b8fa1f846ca","name":"browser_logs","source":"49816b8fa1f846ca.txt","type":"text/plain","size":1769}],"parameters":[],"shouldDisplayMessage":false,"attachmentsCount":3,"attachmentStep":false,"stepsCount":0,"hasContent":true}],"labels":[{"name":"severity","value":"Critical"},{"name":"feature","value":"Авторизация пользователя"},{"name":"tag","value":"smoke"},{"name":"parentSuite","value":"tests"},{"name":"suite","value":"test_autorization"},{"name":"subSuite","value":"TestAuthUser"},{"name":"host","value":"8dab560c8f37"},{"name":"thread","value":"1-MainThread"},{"name":"framework","value":"pytest"},{"name":"language","value":"cpython3"},{"name":"package","value":"tests.test_autorization"},{"name":"resultFormat","value":"allure2"}],"parameters":[],"links":[],"hidden":false,"retry":false,"extra":{"severity":"critical","retries":[],"categories":[{"name":"Product defects","matchedStatuses":[],"flaky":false}],"history":{"statistic":{"failed":1,"broken":1,"skipped":0,"passed":6,"unknown":0,"total":8},"items":[{"uid":"cc99d5252c76f746","status":"broken","statusDetails":"selenium.common.exceptions.TimeoutException: Message: Не найден элемент с локатором ('xpath', '//label[@class=\"text-field_validation-message__nizJJ\"][contains(.,\"Введи e-mail, никнейм или номер телефона, указанные при регистрации\")]')","time":{"start":1719386157152,"stop":1719386173385,"duration":16233}},{"uid":"86e3f8555850c267","status":"passed","time":{"start":1718084611746,"stop":1718084616329,"duration":4583}},{"uid":"ecf8f9a674cf355a","status":"passed","time":{"start":1716192818782,"stop":1716192823772,"duration":4990}},{"uid":"e199b93af0bb88c2","status":"passed","time":{"start":1716071168512,"stop":1716071173562,"duration":5050}},{"uid":"4585f62d75a1e0d1","status":"passed","time":{"start":1716070763838,"stop":1716070768794,"duration":4956}},{"uid":"41b5be6906941423","status":"passed","time":{"start":1716067967960,"stop":1716067972979,"duration":5019}},{"uid":"2b46e0b2d37c702d","status":"passed","time":{"start":1716067166419,"stop":1716067172278,"duration":5859}}]},"tags":["smoke"]},"source":"6e35bb47615138ec.json","parameterValues":[]}