{"uid":"6e481cee6a39dbd7","name":"Проверка валидации поля никнейм при вводе уже зарегистрированного никнейма","fullName":"tests.test_registration.TestRegistrationUser#test_validation_field_nickname_when_entering_an_already_registered_nickname","historyId":"6c03bba326b92af17c29d08a1f3d970c","time":{"start":1737570966686,"stop":1737571003544,"duration":36858},"status":"broken","statusMessage":"selenium.common.exceptions.TimeoutException: Message: Не найден элемент с локатором ('xpath', '//input[@name=\"nickname\"]')","statusTrace":"self = <test_registration.TestRegistrationUser object at 0x7fc3f04be1e0>\nelements = {'Банк ачивок': {'Блок ачивок': ('xpath', '//div[contains(@class,\"user-achievement-by-interests_container\")]'), 'Модал...-sheet_icons\")]'), 'Название ачивки': ('xpath', '//div[contains(@class,\"achievement-item-bottom-sheet_title\")]')}, ...}\n\n    @allure.title('Проверка валидации поля никнейм при вводе уже зарегистрированного никнейма')\n    @allure.severity('Normal')\n    @pytest.mark.regression\n    def test_validation_field_nickname_when_entering_an_already_registered_nickname(self, elements):\n        with allure.step('Открыть страницу регистрации'):\n            self.authorization_page.open()\n            element = elements['Страница авторизации']\n    \n        with allure.step('Нажать кнопку \"По смс (Для России)\"'):\n            self.authorization_page.do_click(element['Кнопка по смс'])\n    \n        with allure.step('Нажать кнопку Далее'):\n            element = elements['Страница регистрации']\n            self.join_page.do_click(element['Кнопка далее'])\n    \n        with allure.step('В поле никнейм ввести Aleska'):\n>           self.join_page.field_send_keys(element['Поле никнейм'], text='Aleska')\n\ntests/test_registration.py:231: \n_ _ _ _ _ _ _ _ _ _ _ _ _ _ _ _ _ _ _ _ _ _ _ _ _ _ _ _ _ _ _ _ _ _ _ _ _ _ _ _ \nbase/base_page.py:126: in field_send_keys\n    element = self.find_element(locator)\nbase/base_page.py:138: in find_element\n    return self.wait.until(EC.visibility_of_element_located(locator),\n_ _ _ _ _ _ _ _ _ _ _ _ _ _ _ _ _ _ _ _ _ _ _ _ _ _ _ _ _ _ _ _ _ _ _ _ _ _ _ _ \n\nself = <selenium.webdriver.support.wait.WebDriverWait (session=\"e597669ce37d086c6221a79ed02095e3\")>\nmethod = <function visibility_of_element_located.<locals>._predicate at 0x7fc3f116bba0>\nmessage = 'Не найден элемент с локатором (\\'xpath\\', \\'//input[@name=\"nickname\"]\\')'\n\n    def until(self, method: Callable[[D], Union[Literal[False], T]], message: str = \"\") -> T:\n        \"\"\"Calls the method provided with the driver as an argument until the \\\n        return value does not evaluate to ``False``.\n    \n        :param method: callable(WebDriver)\n        :param message: optional message for :exc:`TimeoutException`\n        :returns: the result of the last call to `method`\n        :raises: :exc:`selenium.common.exceptions.TimeoutException` if timeout occurs\n        \"\"\"\n        screen = None\n        stacktrace = None\n    \n        end_time = time.monotonic() + self._timeout\n        while True:\n            try:\n                value = method(self._driver)\n                if value:\n                    return value\n            except self._ignored_exceptions as exc:\n                screen = getattr(exc, \"screen\", None)\n                stacktrace = getattr(exc, \"stacktrace\", None)\n            if time.monotonic() > end_time:\n                break\n            time.sleep(self._poll)\n>       raise TimeoutException(message, screen, stacktrace)\nE       selenium.common.exceptions.TimeoutException: Message: Не найден элемент с локатором ('xpath', '//input[@name=\"nickname\"]')\n\n../local/lib/python3.12/site-packages/selenium/webdriver/support/wait.py:105: TimeoutException","flaky":false,"newFailed":false,"newBroken":false,"newPassed":false,"retriesCount":0,"retriesStatusChange":false,"beforeStages":[{"name":"_session_faker","time":{"start":1737569139111,"stop":1737569139113,"duration":2},"status":"passed","steps":[],"attachments":[],"parameters":[],"shouldDisplayMessage":false,"attachmentsCount":0,"stepsCount":0,"hasContent":false,"attachmentStep":false},{"name":"driver","time":{"start":1737570966204,"stop":1737570966685,"duration":481},"status":"passed","steps":[],"attachments":[],"parameters":[],"shouldDisplayMessage":false,"attachmentsCount":0,"stepsCount":0,"hasContent":false,"attachmentStep":false},{"name":"Инициализация локаторов","time":{"start":1737570966685,"stop":1737570966686,"duration":1},"status":"passed","steps":[{"name":"Инициализация локаторов","time":{"start":1737570966686,"stop":1737570966686,"duration":0},"status":"passed","steps":[],"attachments":[],"parameters":[{"name":"request","value":"<SubRequest 'elements' for <Function test_validation_field_nickname_when_entering_an_already_registered_nickname>>"}],"shouldDisplayMessage":false,"attachmentsCount":0,"stepsCount":0,"hasContent":true,"attachmentStep":false}],"attachments":[],"parameters":[],"shouldDisplayMessage":false,"attachmentsCount":0,"stepsCount":1,"hasContent":true,"attachmentStep":false},{"name":"setup","time":{"start":1737570966685,"stop":1737570966685,"duration":0},"status":"passed","steps":[],"attachments":[],"parameters":[],"shouldDisplayMessage":false,"attachmentsCount":0,"stepsCount":0,"hasContent":false,"attachmentStep":false}],"testStage":{"status":"broken","statusMessage":"selenium.common.exceptions.TimeoutException: Message: Не найден элемент с локатором ('xpath', '//input[@name=\"nickname\"]')","statusTrace":"self = <test_registration.TestRegistrationUser object at 0x7fc3f04be1e0>\nelements = {'Банк ачивок': {'Блок ачивок': ('xpath', '//div[contains(@class,\"user-achievement-by-interests_container\")]'), 'Модал...-sheet_icons\")]'), 'Название ачивки': ('xpath', '//div[contains(@class,\"achievement-item-bottom-sheet_title\")]')}, ...}\n\n    @allure.title('Проверка валидации поля никнейм при вводе уже зарегистрированного никнейма')\n    @allure.severity('Normal')\n    @pytest.mark.regression\n    def test_validation_field_nickname_when_entering_an_already_registered_nickname(self, elements):\n        with allure.step('Открыть страницу регистрации'):\n            self.authorization_page.open()\n            element = elements['Страница авторизации']\n    \n        with allure.step('Нажать кнопку \"По смс (Для России)\"'):\n            self.authorization_page.do_click(element['Кнопка по смс'])\n    \n        with allure.step('Нажать кнопку Далее'):\n            element = elements['Страница регистрации']\n            self.join_page.do_click(element['Кнопка далее'])\n    \n        with allure.step('В поле никнейм ввести Aleska'):\n>           self.join_page.field_send_keys(element['Поле никнейм'], text='Aleska')\n\ntests/test_registration.py:231: \n_ _ _ _ _ _ _ _ _ _ _ _ _ _ _ _ _ _ _ _ _ _ _ _ _ _ _ _ _ _ _ _ _ _ _ _ _ _ _ _ \nbase/base_page.py:126: in field_send_keys\n    element = self.find_element(locator)\nbase/base_page.py:138: in find_element\n    return self.wait.until(EC.visibility_of_element_located(locator),\n_ _ _ _ _ _ _ _ _ _ _ _ _ _ _ _ _ _ _ _ _ _ _ _ _ _ _ _ _ _ _ _ _ _ _ _ _ _ _ _ \n\nself = <selenium.webdriver.support.wait.WebDriverWait (session=\"e597669ce37d086c6221a79ed02095e3\")>\nmethod = <function visibility_of_element_located.<locals>._predicate at 0x7fc3f116bba0>\nmessage = 'Не найден элемент с локатором (\\'xpath\\', \\'//input[@name=\"nickname\"]\\')'\n\n    def until(self, method: Callable[[D], Union[Literal[False], T]], message: str = \"\") -> T:\n        \"\"\"Calls the method provided with the driver as an argument until the \\\n        return value does not evaluate to ``False``.\n    \n        :param method: callable(WebDriver)\n        :param message: optional message for :exc:`TimeoutException`\n        :returns: the result of the last call to `method`\n        :raises: :exc:`selenium.common.exceptions.TimeoutException` if timeout occurs\n        \"\"\"\n        screen = None\n        stacktrace = None\n    \n        end_time = time.monotonic() + self._timeout\n        while True:\n            try:\n                value = method(self._driver)\n                if value:\n                    return value\n            except self._ignored_exceptions as exc:\n                screen = getattr(exc, \"screen\", None)\n                stacktrace = getattr(exc, \"stacktrace\", None)\n            if time.monotonic() > end_time:\n                break\n            time.sleep(self._poll)\n>       raise TimeoutException(message, screen, stacktrace)\nE       selenium.common.exceptions.TimeoutException: Message: Не найден элемент с локатором ('xpath', '//input[@name=\"nickname\"]')\n\n../local/lib/python3.12/site-packages/selenium/webdriver/support/wait.py:105: TimeoutException","steps":[{"name":"Открыть страницу регистрации","time":{"start":1737570966686,"stop":1737570970115,"duration":3429},"status":"passed","steps":[],"attachments":[],"parameters":[],"shouldDisplayMessage":false,"attachmentsCount":0,"stepsCount":0,"hasContent":false,"attachmentStep":false},{"name":"Нажать кнопку \"По смс (Для России)\"","time":{"start":1737570970115,"stop":1737570972865,"duration":2750},"status":"passed","steps":[],"attachments":[],"parameters":[],"shouldDisplayMessage":false,"attachmentsCount":0,"stepsCount":0,"hasContent":false,"attachmentStep":false},{"name":"Нажать кнопку Далее","time":{"start":1737570972865,"stop":1737570973414,"duration":549},"status":"passed","steps":[],"attachments":[],"parameters":[],"shouldDisplayMessage":false,"attachmentsCount":0,"stepsCount":0,"hasContent":false,"attachmentStep":false},{"name":"В поле никнейм ввести Aleska","time":{"start":1737570973414,"stop":1737571003543,"duration":30129},"status":"broken","statusMessage":"selenium.common.exceptions.TimeoutException: Message: Не найден элемент с локатором ('xpath', '//input[@name=\"nickname\"]')\n\n","statusTrace":"  File \"/usr/workspace/tests/test_registration.py\", line 231, in test_validation_field_nickname_when_entering_an_already_registered_nickname\n    self.join_page.field_send_keys(element['Поле никнейм'], text='Aleska')\n  File \"/usr/workspace/base/base_page.py\", line 126, in field_send_keys\n    element = self.find_element(locator)\n              ^^^^^^^^^^^^^^^^^^^^^^^^^^\n  File \"/usr/workspace/base/base_page.py\", line 138, in find_element\n    return self.wait.until(EC.visibility_of_element_located(locator),\n           ^^^^^^^^^^^^^^^^^^^^^^^^^^^^^^^^^^^^^^^^^^^^^^^^^^^^^^^^^^\n  File \"/usr/local/lib/python3.12/site-packages/selenium/webdriver/support/wait.py\", line 105, in until\n    raise TimeoutException(message, screen, stacktrace)\n","steps":[],"attachments":[],"parameters":[],"shouldDisplayMessage":true,"attachmentsCount":0,"stepsCount":0,"hasContent":true,"attachmentStep":false}],"attachments":[],"parameters":[],"shouldDisplayMessage":true,"attachmentsCount":0,"stepsCount":4,"hasContent":true,"attachmentStep":false},"afterStages":[{"name":"driver::0","time":{"start":1737571003561,"stop":1737571003750,"duration":189},"status":"passed","steps":[],"attachments":[{"uid":"e4708d32ba6cd3b1","name":"page_source","source":"e4708d32ba6cd3b1.html","type":"text/html","size":10283},{"uid":"56c1b3f0991b8266","name":"screenshot","source":"56c1b3f0991b8266.png","type":"image/png","size":20131},{"uid":"1a37d870f3e9c27d","name":"browser_logs","source":"1a37d870f3e9c27d.txt","type":"text/plain","size":2113}],"parameters":[],"shouldDisplayMessage":false,"attachmentsCount":3,"stepsCount":0,"hasContent":true,"attachmentStep":false}],"labels":[{"name":"feature","value":"Регистрация пользователя"},{"name":"severity","value":"Normal"},{"name":"tag","value":"regression"},{"name":"tag","value":"registration"},{"name":"parentSuite","value":"tests"},{"name":"suite","value":"test_registration"},{"name":"subSuite","value":"TestRegistrationUser"},{"name":"host","value":"5230432a8515"},{"name":"thread","value":"1-MainThread"},{"name":"framework","value":"pytest"},{"name":"language","value":"cpython3"},{"name":"package","value":"tests.test_registration"},{"name":"resultFormat","value":"allure2"}],"parameters":[],"links":[],"hidden":false,"retry":false,"extra":{"severity":"normal","retries":[],"categories":[{"name":"Test defects","matchedStatuses":[],"flaky":false}],"history":{"statistic":{"failed":0,"broken":25,"skipped":0,"passed":29,"unknown":0,"total":54},"items":[{"uid":"e9abd23a878bbb4b","status":"broken","statusDetails":"selenium.common.exceptions.WebDriverException: Message: unknown error: Chrome failed to start: exited abnormally.\n  (unknown error: DevToolsActivePort file doesn't exist)\n  (The process started from chrome location /usr/bin/chromium-browser is no longer running, so ChromeDriver is assuming that Chrome has crashed.)","time":{"start":1737568971062,"stop":1737568971062,"duration":0}},{"uid":"32b2a3f36678016f","status":"passed","time":{"start":1734035025615,"stop":1734035034788,"duration":9173}},{"uid":"2c7d2a1826b3a09a","status":"passed","time":{"start":1733937839301,"stop":1733937847616,"duration":8315}},{"uid":"9575285f2e0408ca","status":"passed","time":{"start":1733866412275,"stop":1733866420549,"duration":8274}},{"uid":"7abf16303c8918c9","status":"passed","time":{"start":1733860813187,"stop":1733860821691,"duration":8504}},{"uid":"dfe2233a695a4b57","status":"passed","time":{"start":1733857353246,"stop":1733857361645,"duration":8399}},{"uid":"b10008fd06eb3d1b","status":"passed","time":{"start":1733772295379,"stop":1733772305397,"duration":10018}},{"uid":"af24324c2f515a1c","status":"passed","time":{"start":1733766766659,"stop":1733766774823,"duration":8164}},{"uid":"a174a691adeeed4d","status":"broken","statusDetails":"selenium.common.exceptions.TimeoutException: Message:","time":{"start":1733422394167,"stop":1733422406968,"duration":12801}},{"uid":"6b4d61beaf397d61","status":"broken","statusDetails":"selenium.common.exceptions.TimeoutException: Message:","time":{"start":1726780711752,"stop":1726780723591,"duration":11839}},{"uid":"e159fcba8088ab1b","status":"broken","statusDetails":"selenium.common.exceptions.TimeoutException: Message:","time":{"start":1726777484482,"stop":1726777497359,"duration":12877}},{"uid":"d7cf9c3113b9527c","status":"passed","time":{"start":1724099184759,"stop":1724099194007,"duration":9248}},{"uid":"c48170b18e906ea6","status":"passed","time":{"start":1723829519743,"stop":1723829528607,"duration":8864}},{"uid":"a6fdb45083f553a2","status":"passed","time":{"start":1723751667845,"stop":1723751674896,"duration":7051}},{"uid":"1ffdbf1524f193ba","status":"passed","time":{"start":1723742124737,"stop":1723742131527,"duration":6790}},{"uid":"54cf2fdd4dd11668","status":"broken","statusDetails":"selenium.common.exceptions.TimeoutException: Message:","time":{"start":1723664502034,"stop":1723664537642,"duration":35608}},{"uid":"89ecc6c930080626","status":"passed","time":{"start":1723579264245,"stop":1723579272195,"duration":7950}},{"uid":"5b4aa1f37b79975f","status":"passed","time":{"start":1723496433775,"stop":1723496440219,"duration":6444}},{"uid":"a119da979626896d","status":"passed","time":{"start":1723150234033,"stop":1723150240967,"duration":6934}},{"uid":"cfb89998fbbc42da","status":"passed","time":{"start":1723148917459,"stop":1723148923421,"duration":5962}}]},"tags":["regression","registration"]},"source":"6e481cee6a39dbd7.json","parameterValues":[]}