{"uid":"6f3d163d91ad7e80","name":"Проверить, есть возможность отписаться от пользователя","fullName":"tests.test_another_users_page.TestAnotherUsersPage#test_ability_to_unsubscribe_from_a_users_profile","historyId":"c4f0943c9826c0d62cd0bf0cc043afe9","time":{"start":1737568955412,"stop":1737568955412,"duration":0},"description":"Подписываемся на пользователя из профиля и после отписываемся. Проверка на пользователе Aleska","descriptionHtml":"<p>Подписываемся на пользователя из профиля и после отписываемся. Проверка на пользователе Aleska</p>\n","status":"broken","statusMessage":"selenium.common.exceptions.WebDriverException: Message: unknown error: Chrome failed to start: exited abnormally.\n  (unknown error: DevToolsActivePort file doesn't exist)\n  (The process started from chrome location /usr/bin/chromium-browser is no longer running, so ChromeDriver is assuming that Chrome has crashed.)","statusTrace":"request = <SubRequest 'driver' for <Function test_ability_to_unsubscribe_from_a_users_profile>>\n\n    @pytest.fixture(autouse=True, scope='function')\n    def driver(request):\n        chrome_options = Options()\n        chrome_options.add_argument('--window-size=1920,1080')  # размер окна is 1920x1080\n        # chrome_options.add_argument('--no-sandbox')  # no sandbox\n        chrome_options.add_argument('--disable-dev-shm-usage')  # overcome limited resource problems\n        # chrome_options.add_argument('--incognito')  # режим инкогнито\n        # chrome_options.add_argument('--headless')  # режим без UI\n        # chrome_options.add_argument('--ignore-certificate-errors')  # режим игнорирования сертификата\n>       driver = webdriver.Chrome(options=chrome_options)\n\nconftest.py:23: \n_ _ _ _ _ _ _ _ _ _ _ _ _ _ _ _ _ _ _ _ _ _ _ _ _ _ _ _ _ _ _ _ _ _ _ _ _ _ _ _ \n../local/lib/python3.12/site-packages/selenium/webdriver/chrome/webdriver.py:45: in __init__\n    super().__init__(\n../local/lib/python3.12/site-packages/selenium/webdriver/chromium/webdriver.py:66: in __init__\n    super().__init__(command_executor=executor, options=options)\n../local/lib/python3.12/site-packages/selenium/webdriver/remote/webdriver.py:241: in __init__\n    self.start_session(capabilities)\n../local/lib/python3.12/site-packages/selenium/webdriver/remote/webdriver.py:329: in start_session\n    response = self.execute(Command.NEW_SESSION, caps)[\"value\"]\n../local/lib/python3.12/site-packages/selenium/webdriver/remote/webdriver.py:384: in execute\n    self.error_handler.check_response(response)\n_ _ _ _ _ _ _ _ _ _ _ _ _ _ _ _ _ _ _ _ _ _ _ _ _ _ _ _ _ _ _ _ _ _ _ _ _ _ _ _ \n\nself = <selenium.webdriver.remote.errorhandler.ErrorHandler object at 0x7fd55b1e9e80>\nresponse = {'status': 500, 'value': '{\"value\":{\"error\":\"unknown error\",\"message\":\"unknown error: Chrome failed to start: exited a...r/bin/chromium-browser is no longer running, so ChromeDriver is assuming that Chrome has crashed.)\",\"stacktrace\":\"\"}}'}\n\n    def check_response(self, response: Dict[str, Any]) -> None:\n        \"\"\"Checks that a JSON response from the WebDriver does not have an\n        error.\n    \n        :Args:\n         - response - The JSON response from the WebDriver server as a dictionary\n           object.\n    \n        :Raises: If the response contains an error message.\n        \"\"\"\n        status = response.get(\"status\", None)\n        if not status or status == ErrorCode.SUCCESS:\n            return\n        value = None\n        message = response.get(\"message\", \"\")\n        screen: str = response.get(\"screen\", \"\")\n        stacktrace = None\n        if isinstance(status, int):\n            value_json = response.get(\"value\", None)\n            if value_json and isinstance(value_json, str):\n                import json\n    \n                try:\n                    value = json.loads(value_json)\n                    if len(value) == 1:\n                        value = value[\"value\"]\n                    status = value.get(\"error\", None)\n                    if not status:\n                        status = value.get(\"status\", ErrorCode.UNKNOWN_ERROR)\n                        message = value.get(\"value\") or value.get(\"message\")\n                        if not isinstance(message, str):\n                            value = message\n                            message = message.get(\"message\")\n                    else:\n                        message = value.get(\"message\", None)\n                except ValueError:\n                    pass\n    \n        exception_class: Type[WebDriverException]\n        e = ErrorCode()\n        error_codes = [item for item in dir(e) if not item.startswith(\"__\")]\n        for error_code in error_codes:\n            error_info = getattr(ErrorCode, error_code)\n            if isinstance(error_info, list) and status in error_info:\n                exception_class = getattr(ExceptionMapping, error_code, WebDriverException)\n                break\n        else:\n            exception_class = WebDriverException\n    \n        if not value:\n            value = response[\"value\"]\n        if isinstance(value, str):\n            raise exception_class(value)\n        if message == \"\" and \"message\" in value:\n            message = value[\"message\"]\n    \n        screen = None  # type: ignore[assignment]\n        if \"screen\" in value:\n            screen = value[\"screen\"]\n    \n        stacktrace = None\n        st_value = value.get(\"stackTrace\") or value.get(\"stacktrace\")\n        if st_value:\n            if isinstance(st_value, str):\n                stacktrace = st_value.split(\"\\n\")\n            else:\n                stacktrace = []\n                try:\n                    for frame in st_value:\n                        line = frame.get(\"lineNumber\", \"\")\n                        file = frame.get(\"fileName\", \"<anonymous>\")\n                        if line:\n                            file = f\"{file}:{line}\"\n                        meth = frame.get(\"methodName\", \"<anonymous>\")\n                        if \"className\" in frame:\n                            meth = f\"{frame['className']}.{meth}\"\n                        msg = \"    at %s (%s)\"\n                        msg = msg % (meth, file)\n                        stacktrace.append(msg)\n                except TypeError:\n                    pass\n        if exception_class == UnexpectedAlertPresentException:\n            alert_text = None\n            if \"data\" in value:\n                alert_text = value[\"data\"].get(\"text\")\n            elif \"alert\" in value:\n                alert_text = value[\"alert\"].get(\"text\")\n            raise exception_class(message, screen, stacktrace, alert_text)  # type: ignore[call-arg]  # mypy is not smart enough here\n>       raise exception_class(message, screen, stacktrace)\nE       selenium.common.exceptions.WebDriverException: Message: unknown error: Chrome failed to start: exited abnormally.\nE         (unknown error: DevToolsActivePort file doesn't exist)\nE         (The process started from chrome location /usr/bin/chromium-browser is no longer running, so ChromeDriver is assuming that Chrome has crashed.)\n\n../local/lib/python3.12/site-packages/selenium/webdriver/remote/errorhandler.py:232: WebDriverException","flaky":false,"newFailed":false,"newBroken":true,"newPassed":false,"retriesCount":0,"retriesStatusChange":false,"beforeStages":[{"name":"_session_faker","time":{"start":1737568955067,"stop":1737568955068,"duration":1},"status":"passed","steps":[],"attachments":[],"parameters":[],"shouldDisplayMessage":false,"attachmentsCount":0,"stepsCount":0,"hasContent":false,"attachmentStep":false},{"name":"driver","time":{"start":1737568955412,"stop":1737568955603,"duration":191},"status":"broken","statusMessage":"selenium.common.exceptions.WebDriverException: Message: unknown error: Chrome failed to start: exited abnormally.\n  (unknown error: DevToolsActivePort file doesn't exist)\n  (The process started from chrome location /usr/bin/chromium-browser is no longer running, so ChromeDriver is assuming that Chrome has crashed.)\n\n","statusTrace":"  File \"/usr/local/lib/python3.12/site-packages/pluggy/_callers.py\", line 167, in _multicall\n    teardown.throw(outcome._exception)\n  File \"/usr/local/lib/python3.12/site-packages/_pytest/setuponly.py\", line 36, in pytest_fixture_setup\n    return (yield)\n            ^^^^^\n  File \"/usr/local/lib/python3.12/site-packages/pluggy/_callers.py\", line 103, in _multicall\n    res = hook_impl.function(*args)\n          ^^^^^^^^^^^^^^^^^^^^^^^^^\n  File \"/usr/local/lib/python3.12/site-packages/_pytest/fixtures.py\", line 1140, in pytest_fixture_setup\n    result = call_fixture_func(fixturefunc, request, kwargs)\n             ^^^^^^^^^^^^^^^^^^^^^^^^^^^^^^^^^^^^^^^^^^^^^^^\n  File \"/usr/local/lib/python3.12/site-packages/_pytest/fixtures.py\", line 891, in call_fixture_func\n    fixture_result = next(generator)\n                     ^^^^^^^^^^^^^^^\n  File \"/usr/workspace/conftest.py\", line 23, in driver\n    driver = webdriver.Chrome(options=chrome_options)\n             ^^^^^^^^^^^^^^^^^^^^^^^^^^^^^^^^^^^^^^^^\n  File \"/usr/local/lib/python3.12/site-packages/selenium/webdriver/chrome/webdriver.py\", line 45, in __init__\n    super().__init__(\n  File \"/usr/local/lib/python3.12/site-packages/selenium/webdriver/chromium/webdriver.py\", line 66, in __init__\n    super().__init__(command_executor=executor, options=options)\n  File \"/usr/local/lib/python3.12/site-packages/selenium/webdriver/remote/webdriver.py\", line 241, in __init__\n    self.start_session(capabilities)\n  File \"/usr/local/lib/python3.12/site-packages/selenium/webdriver/remote/webdriver.py\", line 329, in start_session\n    response = self.execute(Command.NEW_SESSION, caps)[\"value\"]\n               ^^^^^^^^^^^^^^^^^^^^^^^^^^^^^^^^^^^^^^^\n  File \"/usr/local/lib/python3.12/site-packages/selenium/webdriver/remote/webdriver.py\", line 384, in execute\n    self.error_handler.check_response(response)\n  File \"/usr/local/lib/python3.12/site-packages/selenium/webdriver/remote/errorhandler.py\", line 232, in check_response\n    raise exception_class(message, screen, stacktrace)\n","steps":[],"attachments":[],"parameters":[],"shouldDisplayMessage":true,"attachmentsCount":0,"stepsCount":0,"hasContent":true,"attachmentStep":false}],"afterStages":[],"labels":[{"name":"severity","value":"Critical"},{"name":"feature","value":"Профиль другого пользователя"},{"name":"tag","value":"regression"},{"name":"tag","value":"another_users_page"},{"name":"parentSuite","value":"tests"},{"name":"suite","value":"test_another_users_page"},{"name":"subSuite","value":"TestAnotherUsersPage"},{"name":"host","value":"fa278e3f9e86"},{"name":"thread","value":"1-MainThread"},{"name":"framework","value":"pytest"},{"name":"language","value":"cpython3"},{"name":"package","value":"tests.test_another_users_page"},{"name":"resultFormat","value":"allure2"}],"parameters":[],"links":[],"hidden":false,"retry":false,"extra":{"severity":"critical","retries":[],"categories":[{"name":"Test defects","matchedStatuses":[],"flaky":false}],"history":{"statistic":{"failed":0,"broken":6,"skipped":0,"passed":12,"unknown":0,"total":18},"items":[{"uid":"46f7b2bdcc15c14b","status":"passed","time":{"start":1734033837723,"stop":1734033849452,"duration":11729}},{"uid":"ee1c5e9c58c4f3e6","status":"passed","time":{"start":1733936406911,"stop":1733936417132,"duration":10221}},{"uid":"5507ce361b4074c0","status":"passed","time":{"start":1733864826489,"stop":1733864836495,"duration":10006}},{"uid":"adf063ba0808941","status":"broken","statusDetails":"selenium.common.exceptions.TimeoutException: Message:","time":{"start":1733859414963,"stop":1733859426115,"duration":11152}},{"uid":"a7b9fbe29565cdbf","status":"broken","statusDetails":"selenium.common.exceptions.TimeoutException: Message: Не найден элемент с локатором ('xpath', '//div[contains(@class,\"page-content_content\")]//div[contains(@class,\"popup_container\")]')","time":{"start":1733856056472,"stop":1733856092323,"duration":35851}},{"uid":"511381890d037b48","status":"passed","time":{"start":1733770848202,"stop":1733770859658,"duration":11456}},{"uid":"64ac19a12f1df431","status":"passed","time":{"start":1733765184807,"stop":1733765194099,"duration":9292}},{"uid":"9567424dfb860e1b","status":"passed","time":{"start":1733421134534,"stop":1733421145000,"duration":10466}},{"uid":"e9d3c7d296d6a063","status":"passed","time":{"start":1726779772724,"stop":1726779782419,"duration":9695}},{"uid":"5d7de7a26b1b4f4a","status":"broken","statusDetails":"selenium.common.exceptions.TimeoutException: Message: Не найден элемент с локатором ('xpath', '//div[@id=\"user-info_following\"]//div[contains(@class,\"user-info_count\")]')","time":{"start":1726776402225,"stop":1726776434587,"duration":32362}},{"uid":"fcbda5162755f576","status":"passed","time":{"start":1724097972743,"stop":1724097978570,"duration":5827}},{"uid":"e56d0d665ccbe45d","status":"passed","time":{"start":1723828098907,"stop":1723828106065,"duration":7158}},{"uid":"e09fb2862d98988b","status":"passed","time":{"start":1723750529477,"stop":1723750535103,"duration":5626}},{"uid":"2e926ace69fd9c9d","status":"passed","time":{"start":1723741059096,"stop":1723741064858,"duration":5762}},{"uid":"864e9dceb3d55d02","status":"broken","statusDetails":"selenium.common.exceptions.TimeoutException: Message:","time":{"start":1723663719395,"stop":1723663754111,"duration":34716}},{"uid":"504eadc4ff46b5e2","status":"passed","time":{"start":1723578114979,"stop":1723578122899,"duration":7920}},{"uid":"7579d101fc2c8386","status":"broken","statusDetails":"selenium.common.exceptions.TimeoutException: Message:","time":{"start":1723495323862,"stop":1723495358704,"duration":34842}}]},"tags":["regression","another_users_page"]},"source":"6f3d163d91ad7e80.json","parameterValues":[]}