{"uid":"76bad061cb264b06","name":"Проверка валидации поля смс кода на ввод неверного значения","fullName":"tests.test_registration.TestRegistrationUser#test_to_validate_the_sms_code_field_for_entering_an_incorrect_value","historyId":"d607301597065ef842a57637c0b1171c","time":{"start":1737571049475,"stop":1737571086933,"duration":37458},"description":"В поле вводится рандомный текст или код","descriptionHtml":"<p>В поле вводится рандомный текст или код</p>\n","status":"broken","statusMessage":"selenium.common.exceptions.TimeoutException: Message: Не найден элемент с локатором ('xpath', '//input[@name=\"nickname\"]')","statusTrace":"self = <test_registration.TestRegistrationUser object at 0x7fc3f04bc920>\nelements = {'Банк ачивок': {'Блок ачивок': ('xpath', '//div[contains(@class,\"user-achievement-by-interests_container\")]'), 'Модал...-sheet_icons\")]'), 'Название ачивки': ('xpath', '//div[contains(@class,\"achievement-item-bottom-sheet_title\")]')}, ...}\n\n    @allure.title('Проверка валидации поля смс кода на ввод неверного значения')\n    @allure.description('В поле вводится рандомный текст или код')\n    @allure.severity('Critical')\n    @pytest.mark.regression\n    def test_to_validate_the_sms_code_field_for_entering_an_incorrect_value(self, elements):\n        with allure.step('Открыть страницу авторизации'):\n            self.authorization_page.open()\n            element = elements['Страница авторизации']\n    \n        with allure.step('Нажать кнопку \"По смс (Для России)\"'):\n            self.authorization_page.do_click(element['Кнопка по смс'])\n    \n        with allure.step('Нажать кнопку Далее'):\n            element = elements['Страница регистрации']\n            self.join_page.do_click(element['Кнопка далее'])\n    \n        with allure.step('В поле никнейм ввести любое валидное значение'):\n            username = f'-{fake.user_name()}.{fake.pyint(min_value=1, max_value=2)}_'\n>           self.join_page.field_send_keys(element['Поле никнейм'], text=f'{username}')\n\ntests/test_registration.py:361: \n_ _ _ _ _ _ _ _ _ _ _ _ _ _ _ _ _ _ _ _ _ _ _ _ _ _ _ _ _ _ _ _ _ _ _ _ _ _ _ _ \nbase/base_page.py:126: in field_send_keys\n    element = self.find_element(locator)\nbase/base_page.py:138: in find_element\n    return self.wait.until(EC.visibility_of_element_located(locator),\n_ _ _ _ _ _ _ _ _ _ _ _ _ _ _ _ _ _ _ _ _ _ _ _ _ _ _ _ _ _ _ _ _ _ _ _ _ _ _ _ \n\nself = <selenium.webdriver.support.wait.WebDriverWait (session=\"2bd75bb5530b6e1924da1b4f7f87513b\")>\nmethod = <function visibility_of_element_located.<locals>._predicate at 0x7fc3f15711c0>\nmessage = 'Не найден элемент с локатором (\\'xpath\\', \\'//input[@name=\"nickname\"]\\')'\n\n    def until(self, method: Callable[[D], Union[Literal[False], T]], message: str = \"\") -> T:\n        \"\"\"Calls the method provided with the driver as an argument until the \\\n        return value does not evaluate to ``False``.\n    \n        :param method: callable(WebDriver)\n        :param message: optional message for :exc:`TimeoutException`\n        :returns: the result of the last call to `method`\n        :raises: :exc:`selenium.common.exceptions.TimeoutException` if timeout occurs\n        \"\"\"\n        screen = None\n        stacktrace = None\n    \n        end_time = time.monotonic() + self._timeout\n        while True:\n            try:\n                value = method(self._driver)\n                if value:\n                    return value\n            except self._ignored_exceptions as exc:\n                screen = getattr(exc, \"screen\", None)\n                stacktrace = getattr(exc, \"stacktrace\", None)\n            if time.monotonic() > end_time:\n                break\n            time.sleep(self._poll)\n>       raise TimeoutException(message, screen, stacktrace)\nE       selenium.common.exceptions.TimeoutException: Message: Не найден элемент с локатором ('xpath', '//input[@name=\"nickname\"]')\n\n../local/lib/python3.12/site-packages/selenium/webdriver/support/wait.py:105: TimeoutException","flaky":false,"newFailed":false,"newBroken":false,"newPassed":false,"retriesCount":0,"retriesStatusChange":false,"beforeStages":[{"name":"_session_faker","time":{"start":1737569139111,"stop":1737569139113,"duration":2},"status":"passed","steps":[],"attachments":[],"parameters":[],"shouldDisplayMessage":false,"attachmentsCount":0,"stepsCount":0,"hasContent":false,"attachmentStep":false},{"name":"driver","time":{"start":1737571048961,"stop":1737571049474,"duration":513},"status":"passed","steps":[],"attachments":[],"parameters":[],"shouldDisplayMessage":false,"attachmentsCount":0,"stepsCount":0,"hasContent":false,"attachmentStep":false},{"name":"setup","time":{"start":1737571049474,"stop":1737571049474,"duration":0},"status":"passed","steps":[],"attachments":[],"parameters":[],"shouldDisplayMessage":false,"attachmentsCount":0,"stepsCount":0,"hasContent":false,"attachmentStep":false},{"name":"Инициализация локаторов","time":{"start":1737571049474,"stop":1737571049475,"duration":1},"status":"passed","steps":[{"name":"Инициализация локаторов","time":{"start":1737571049475,"stop":1737571049475,"duration":0},"status":"passed","steps":[],"attachments":[],"parameters":[{"name":"request","value":"<SubRequest 'elements' for <Function test_to_validate_the_sms_code_field_for_entering_an_incorrect_value>>"}],"shouldDisplayMessage":false,"attachmentsCount":0,"stepsCount":0,"hasContent":true,"attachmentStep":false}],"attachments":[],"parameters":[],"shouldDisplayMessage":false,"attachmentsCount":0,"stepsCount":1,"hasContent":true,"attachmentStep":false}],"testStage":{"description":"В поле вводится рандомный текст или код","status":"broken","statusMessage":"selenium.common.exceptions.TimeoutException: Message: Не найден элемент с локатором ('xpath', '//input[@name=\"nickname\"]')","statusTrace":"self = <test_registration.TestRegistrationUser object at 0x7fc3f04bc920>\nelements = {'Банк ачивок': {'Блок ачивок': ('xpath', '//div[contains(@class,\"user-achievement-by-interests_container\")]'), 'Модал...-sheet_icons\")]'), 'Название ачивки': ('xpath', '//div[contains(@class,\"achievement-item-bottom-sheet_title\")]')}, ...}\n\n    @allure.title('Проверка валидации поля смс кода на ввод неверного значения')\n    @allure.description('В поле вводится рандомный текст или код')\n    @allure.severity('Critical')\n    @pytest.mark.regression\n    def test_to_validate_the_sms_code_field_for_entering_an_incorrect_value(self, elements):\n        with allure.step('Открыть страницу авторизации'):\n            self.authorization_page.open()\n            element = elements['Страница авторизации']\n    \n        with allure.step('Нажать кнопку \"По смс (Для России)\"'):\n            self.authorization_page.do_click(element['Кнопка по смс'])\n    \n        with allure.step('Нажать кнопку Далее'):\n            element = elements['Страница регистрации']\n            self.join_page.do_click(element['Кнопка далее'])\n    \n        with allure.step('В поле никнейм ввести любое валидное значение'):\n            username = f'-{fake.user_name()}.{fake.pyint(min_value=1, max_value=2)}_'\n>           self.join_page.field_send_keys(element['Поле никнейм'], text=f'{username}')\n\ntests/test_registration.py:361: \n_ _ _ _ _ _ _ _ _ _ _ _ _ _ _ _ _ _ _ _ _ _ _ _ _ _ _ _ _ _ _ _ _ _ _ _ _ _ _ _ \nbase/base_page.py:126: in field_send_keys\n    element = self.find_element(locator)\nbase/base_page.py:138: in find_element\n    return self.wait.until(EC.visibility_of_element_located(locator),\n_ _ _ _ _ _ _ _ _ _ _ _ _ _ _ _ _ _ _ _ _ _ _ _ _ _ _ _ _ _ _ _ _ _ _ _ _ _ _ _ \n\nself = <selenium.webdriver.support.wait.WebDriverWait (session=\"2bd75bb5530b6e1924da1b4f7f87513b\")>\nmethod = <function visibility_of_element_located.<locals>._predicate at 0x7fc3f15711c0>\nmessage = 'Не найден элемент с локатором (\\'xpath\\', \\'//input[@name=\"nickname\"]\\')'\n\n    def until(self, method: Callable[[D], Union[Literal[False], T]], message: str = \"\") -> T:\n        \"\"\"Calls the method provided with the driver as an argument until the \\\n        return value does not evaluate to ``False``.\n    \n        :param method: callable(WebDriver)\n        :param message: optional message for :exc:`TimeoutException`\n        :returns: the result of the last call to `method`\n        :raises: :exc:`selenium.common.exceptions.TimeoutException` if timeout occurs\n        \"\"\"\n        screen = None\n        stacktrace = None\n    \n        end_time = time.monotonic() + self._timeout\n        while True:\n            try:\n                value = method(self._driver)\n                if value:\n                    return value\n            except self._ignored_exceptions as exc:\n                screen = getattr(exc, \"screen\", None)\n                stacktrace = getattr(exc, \"stacktrace\", None)\n            if time.monotonic() > end_time:\n                break\n            time.sleep(self._poll)\n>       raise TimeoutException(message, screen, stacktrace)\nE       selenium.common.exceptions.TimeoutException: Message: Не найден элемент с локатором ('xpath', '//input[@name=\"nickname\"]')\n\n../local/lib/python3.12/site-packages/selenium/webdriver/support/wait.py:105: TimeoutException","steps":[{"name":"Открыть страницу авторизации","time":{"start":1737571049475,"stop":1737571053419,"duration":3944},"status":"passed","steps":[],"attachments":[],"parameters":[],"shouldDisplayMessage":false,"attachmentsCount":0,"stepsCount":0,"hasContent":false,"attachmentStep":false},{"name":"Нажать кнопку \"По смс (Для России)\"","time":{"start":1737571053419,"stop":1737571056262,"duration":2843},"status":"passed","steps":[],"attachments":[],"parameters":[],"shouldDisplayMessage":false,"attachmentsCount":0,"stepsCount":0,"hasContent":false,"attachmentStep":false},{"name":"Нажать кнопку Далее","time":{"start":1737571056262,"stop":1737571056809,"duration":547},"status":"passed","steps":[],"attachments":[],"parameters":[],"shouldDisplayMessage":false,"attachmentsCount":0,"stepsCount":0,"hasContent":false,"attachmentStep":false},{"name":"В поле никнейм ввести любое валидное значение","time":{"start":1737571056809,"stop":1737571086933,"duration":30124},"status":"broken","statusMessage":"selenium.common.exceptions.TimeoutException: Message: Не найден элемент с локатором ('xpath', '//input[@name=\"nickname\"]')\n\n","statusTrace":"  File \"/usr/workspace/tests/test_registration.py\", line 361, in test_to_validate_the_sms_code_field_for_entering_an_incorrect_value\n    self.join_page.field_send_keys(element['Поле никнейм'], text=f'{username}')\n  File \"/usr/workspace/base/base_page.py\", line 126, in field_send_keys\n    element = self.find_element(locator)\n              ^^^^^^^^^^^^^^^^^^^^^^^^^^\n  File \"/usr/workspace/base/base_page.py\", line 138, in find_element\n    return self.wait.until(EC.visibility_of_element_located(locator),\n           ^^^^^^^^^^^^^^^^^^^^^^^^^^^^^^^^^^^^^^^^^^^^^^^^^^^^^^^^^^\n  File \"/usr/local/lib/python3.12/site-packages/selenium/webdriver/support/wait.py\", line 105, in until\n    raise TimeoutException(message, screen, stacktrace)\n","steps":[],"attachments":[],"parameters":[],"shouldDisplayMessage":true,"attachmentsCount":0,"stepsCount":0,"hasContent":true,"attachmentStep":false}],"attachments":[],"parameters":[],"shouldDisplayMessage":true,"attachmentsCount":0,"stepsCount":4,"hasContent":true,"attachmentStep":false},"afterStages":[{"name":"driver::0","time":{"start":1737571086950,"stop":1737571087131,"duration":181},"status":"passed","steps":[],"attachments":[{"uid":"e77bf0010947fac6","name":"page_source","source":"e77bf0010947fac6.html","type":"text/html","size":10283},{"uid":"1f3fdd87716efc68","name":"screenshot","source":"1f3fdd87716efc68.png","type":"image/png","size":20131},{"uid":"3ceeff9d0889aec4","name":"browser_logs","source":"3ceeff9d0889aec4.txt","type":"text/plain","size":2113}],"parameters":[],"shouldDisplayMessage":false,"attachmentsCount":3,"stepsCount":0,"hasContent":true,"attachmentStep":false}],"labels":[{"name":"feature","value":"Регистрация пользователя"},{"name":"severity","value":"Critical"},{"name":"tag","value":"regression"},{"name":"tag","value":"registration"},{"name":"parentSuite","value":"tests"},{"name":"suite","value":"test_registration"},{"name":"subSuite","value":"TestRegistrationUser"},{"name":"host","value":"5230432a8515"},{"name":"thread","value":"1-MainThread"},{"name":"framework","value":"pytest"},{"name":"language","value":"cpython3"},{"name":"package","value":"tests.test_registration"},{"name":"resultFormat","value":"allure2"}],"parameters":[],"links":[],"hidden":false,"retry":false,"extra":{"severity":"critical","retries":[],"categories":[{"name":"Test defects","matchedStatuses":[],"flaky":false}],"history":{"statistic":{"failed":0,"broken":7,"skipped":0,"passed":40,"unknown":0,"total":47},"items":[{"uid":"cfad7f753dd6ba8e","status":"broken","statusDetails":"selenium.common.exceptions.WebDriverException: Message: unknown error: Chrome failed to start: exited abnormally.\n  (unknown error: DevToolsActivePort file doesn't exist)\n  (The process started from chrome location /usr/bin/chromium-browser is no longer running, so ChromeDriver is assuming that Chrome has crashed.)","time":{"start":1737568971749,"stop":1737568971749,"duration":0}},{"uid":"d4057ec147aafe08","status":"passed","time":{"start":1734035154266,"stop":1734035167694,"duration":13428}},{"uid":"189c27b901f24302","status":"passed","time":{"start":1733937941893,"stop":1733937955038,"duration":13145}},{"uid":"2b6ac514c2b1770f","status":"passed","time":{"start":1733866515143,"stop":1733866528265,"duration":13122}},{"uid":"992b3fbd6f87bbbe","status":"passed","time":{"start":1733860917279,"stop":1733860930835,"duration":13556}},{"uid":"20de64649a7a28a2","status":"passed","time":{"start":1733857456744,"stop":1733857471159,"duration":14415}},{"uid":"b2d5ae5c6d86e43a","status":"passed","time":{"start":1733772401240,"stop":1733772414276,"duration":13036}},{"uid":"2556c76dc547df50","status":"passed","time":{"start":1733766826372,"stop":1733766839174,"duration":12802}},{"uid":"3575df705e8ea009","status":"broken","statusDetails":"selenium.common.exceptions.TimeoutException: Message:","time":{"start":1733422434643,"stop":1733422447199,"duration":12556}},{"uid":"509c0b6a8ecbf357","status":"broken","statusDetails":"selenium.common.exceptions.TimeoutException: Message:","time":{"start":1726780749330,"stop":1726780761216,"duration":11886}},{"uid":"a69de474d8736e49","status":"broken","statusDetails":"selenium.common.exceptions.TimeoutException: Message:","time":{"start":1726777524815,"stop":1726777538124,"duration":13309}},{"uid":"2660599079b2e563","status":"passed","time":{"start":1724099289997,"stop":1724099302635,"duration":12638}},{"uid":"9dafd3b11393ca5","status":"passed","time":{"start":1723829625965,"stop":1723829639248,"duration":13283}},{"uid":"74986e73fff6b72e","status":"passed","time":{"start":1723751767780,"stop":1723751779637,"duration":11857}},{"uid":"d702d8773e0132c9","status":"passed","time":{"start":1723742223687,"stop":1723742235256,"duration":11569}},{"uid":"6d72a15eb444fe01","status":"passed","time":{"start":1723664654462,"stop":1723664666418,"duration":11956}},{"uid":"edba88869c0a192a","status":"passed","time":{"start":1723579368173,"stop":1723579380924,"duration":12751}},{"uid":"7944e35042c5ecc9","status":"passed","time":{"start":1723496531599,"stop":1723496543108,"duration":11509}},{"uid":"bc7da992478f9ce5","status":"passed","time":{"start":1723150331964,"stop":1723150342840,"duration":10876}},{"uid":"f5fdb0b1aa774581","status":"passed","time":{"start":1723149014208,"stop":1723149025086,"duration":10878}}]},"tags":["regression","registration"]},"source":"76bad061cb264b06.json","parameterValues":[]}