{"uid":"7702d2f7d50bf604","name":"Регистрация пользователя по номеру телефона","fullName":"tests.test_registration.TestRegistrationUser#test_registering_a_new_user_by_phone_number","historyId":"466fc968f032aaed759fe07653732bba","time":{"start":1738099880125,"stop":1738099918667,"duration":38542},"description":"При проверке так же проверяем, что никнейм может иметь в себе: цифры, точку (только в середине), дефис, нижнее подчеркивание","descriptionHtml":"<p>При проверке так же проверяем, что никнейм может иметь в себе: цифры, точку (только в середине), дефис, нижнее подчеркивание</p>\n","status":"broken","statusMessage":"selenium.common.exceptions.TimeoutException: Message: Не найден элемент с локатором ('xpath', '//input[@name=\"password\"]')","statusTrace":"self = <test_registration.TestRegistrationUser object at 0x7fb428e65d00>\nelements = {'Банк ачивок': {'Блок ачивок': ('xpath', '//div[contains(@class,\"user-achievement-by-interests_container\")]'), 'Модал...'carrot-messenger-frame'), 'Чат кэррот': ('xpath', '//div[contains(@class,\"carrot-messenger-frame-container\")]')}, ...}\ndb_connection = <psycopg.Connection [IDLE] (host=rc1a-8gbxfgy3ifeqz75r.mdb.yandexcloud.net port=6432 user=dyanyshev database=staging_round_confirmation) at 0x7fb42a23dbb0>\n\n    @allure.title('Регистрация пользователя по номеру телефона')\n    @allure.description('При проверке так же проверяем, что никнейм может иметь в себе: '\n                        'цифры, точку (только в середине), дефис, нижнее подчеркивание')\n    @allure.severity('Critical')\n    @pytest.mark.regression\n    def test_registering_a_new_user_by_phone_number(self, elements, db_connection):\n        with allure.step('Открыть страницу авторизации'):\n            self.authorization_page.open()\n            element = elements['Страница авторизации']\n    \n        with allure.step('Нажать кнопку \"По смс (Для России)\"'):\n            self.authorization_page.do_click(element['Кнопка по смс'])\n    \n        with allure.step('Нажать кнопку Далее'):\n            element = elements['Страница регистрации']\n            self.join_page.do_click(element['Кнопка далее'])\n    \n        with allure.step('В поле никнейм ввести любое валидное значение'):\n            username = f'-{fake.user_name()}.{fake.pyint(min_value=1, max_value=2)}_'\n            self.join_page.field_send_keys(element['Поле никнейм'], text=f'{username}')\n    \n        with allure.step('Нажать кнопку Далее'):\n            self.join_page.do_click(element['Кнопка далее'])\n    \n        with allure.step('В поле Пароль ввести пароль'):\n>           self.join_page.field_send_keys(element['Поле пароль'], text=self.User.PASSWORD)\n\ntests/test_registration.py:41: \n_ _ _ _ _ _ _ _ _ _ _ _ _ _ _ _ _ _ _ _ _ _ _ _ _ _ _ _ _ _ _ _ _ _ _ _ _ _ _ _ \nbase/base_page.py:141: in field_send_keys\n    element = self.find_element(locator)\nbase/base_page.py:153: in find_element\n    return self.wait.until(EC.visibility_of_element_located(locator),\n_ _ _ _ _ _ _ _ _ _ _ _ _ _ _ _ _ _ _ _ _ _ _ _ _ _ _ _ _ _ _ _ _ _ _ _ _ _ _ _ \n\nself = <selenium.webdriver.support.wait.WebDriverWait (session=\"c6c0c9e7cde87649f468ee772367acf0\")>\nmethod = <function visibility_of_element_located.<locals>._predicate at 0x7fb4297bb560>\nmessage = 'Не найден элемент с локатором (\\'xpath\\', \\'//input[@name=\"password\"]\\')'\n\n    def until(self, method: Callable[[D], Union[Literal[False], T]], message: str = \"\") -> T:\n        \"\"\"Calls the method provided with the driver as an argument until the \\\n        return value does not evaluate to ``False``.\n    \n        :param method: callable(WebDriver)\n        :param message: optional message for :exc:`TimeoutException`\n        :returns: the result of the last call to `method`\n        :raises: :exc:`selenium.common.exceptions.TimeoutException` if timeout occurs\n        \"\"\"\n        screen = None\n        stacktrace = None\n    \n        end_time = time.monotonic() + self._timeout\n        while True:\n            try:\n                value = method(self._driver)\n                if value:\n                    return value\n            except self._ignored_exceptions as exc:\n                screen = getattr(exc, \"screen\", None)\n                stacktrace = getattr(exc, \"stacktrace\", None)\n            if time.monotonic() > end_time:\n                break\n            time.sleep(self._poll)\n>       raise TimeoutException(message, screen, stacktrace)\nE       selenium.common.exceptions.TimeoutException: Message: Не найден элемент с локатором ('xpath', '//input[@name=\"password\"]')\n\n../local/lib/python3.12/site-packages/selenium/webdriver/support/wait.py:105: TimeoutException","flaky":false,"newFailed":false,"newBroken":true,"newPassed":false,"retriesCount":0,"retriesStatusChange":false,"beforeStages":[{"name":"_session_faker","time":{"start":1738098472922,"stop":1738098472923,"duration":1},"status":"passed","steps":[],"attachments":[],"parameters":[],"shouldDisplayMessage":false,"attachmentsCount":0,"stepsCount":0,"hasContent":false,"attachmentStep":false},{"name":"Установка соединения с БД","time":{"start":1738099878599,"stop":1738099879702,"duration":1103},"status":"passed","steps":[{"name":"Установка соединения с БД","time":{"start":1738099878599,"stop":1738099879702,"duration":1103},"status":"passed","steps":[],"attachments":[],"parameters":[{"name":"request","value":"<SubRequest 'db_connection' for <Function test_registering_a_new_user_by_phone_number>>"}],"shouldDisplayMessage":false,"attachmentsCount":0,"stepsCount":0,"hasContent":true,"attachmentStep":false}],"attachments":[],"parameters":[],"shouldDisplayMessage":false,"attachmentsCount":0,"stepsCount":1,"hasContent":true,"attachmentStep":false},{"name":"driver","time":{"start":1738099879702,"stop":1738099880124,"duration":422},"status":"passed","steps":[],"attachments":[],"parameters":[],"shouldDisplayMessage":false,"attachmentsCount":0,"stepsCount":0,"hasContent":false,"attachmentStep":false},{"name":"setup","time":{"start":1738099880124,"stop":1738099880124,"duration":0},"status":"passed","steps":[],"attachments":[],"parameters":[],"shouldDisplayMessage":false,"attachmentsCount":0,"stepsCount":0,"hasContent":false,"attachmentStep":false},{"name":"Инициализация локаторов","time":{"start":1738099880124,"stop":1738099880125,"duration":1},"status":"passed","steps":[{"name":"Инициализация локаторов","time":{"start":1738099880125,"stop":1738099880125,"duration":0},"status":"passed","steps":[],"attachments":[],"parameters":[{"name":"request","value":"<SubRequest 'elements' for <Function test_registering_a_new_user_by_phone_number>>"}],"shouldDisplayMessage":false,"attachmentsCount":0,"stepsCount":0,"hasContent":true,"attachmentStep":false}],"attachments":[],"parameters":[],"shouldDisplayMessage":false,"attachmentsCount":0,"stepsCount":1,"hasContent":true,"attachmentStep":false}],"testStage":{"description":"При проверке так же проверяем, что никнейм может иметь в себе: цифры, точку (только в середине), дефис, нижнее подчеркивание","status":"broken","statusMessage":"selenium.common.exceptions.TimeoutException: Message: Не найден элемент с локатором ('xpath', '//input[@name=\"password\"]')","statusTrace":"self = <test_registration.TestRegistrationUser object at 0x7fb428e65d00>\nelements = {'Банк ачивок': {'Блок ачивок': ('xpath', '//div[contains(@class,\"user-achievement-by-interests_container\")]'), 'Модал...'carrot-messenger-frame'), 'Чат кэррот': ('xpath', '//div[contains(@class,\"carrot-messenger-frame-container\")]')}, ...}\ndb_connection = <psycopg.Connection [IDLE] (host=rc1a-8gbxfgy3ifeqz75r.mdb.yandexcloud.net port=6432 user=dyanyshev database=staging_round_confirmation) at 0x7fb42a23dbb0>\n\n    @allure.title('Регистрация пользователя по номеру телефона')\n    @allure.description('При проверке так же проверяем, что никнейм может иметь в себе: '\n                        'цифры, точку (только в середине), дефис, нижнее подчеркивание')\n    @allure.severity('Critical')\n    @pytest.mark.regression\n    def test_registering_a_new_user_by_phone_number(self, elements, db_connection):\n        with allure.step('Открыть страницу авторизации'):\n            self.authorization_page.open()\n            element = elements['Страница авторизации']\n    \n        with allure.step('Нажать кнопку \"По смс (Для России)\"'):\n            self.authorization_page.do_click(element['Кнопка по смс'])\n    \n        with allure.step('Нажать кнопку Далее'):\n            element = elements['Страница регистрации']\n            self.join_page.do_click(element['Кнопка далее'])\n    \n        with allure.step('В поле никнейм ввести любое валидное значение'):\n            username = f'-{fake.user_name()}.{fake.pyint(min_value=1, max_value=2)}_'\n            self.join_page.field_send_keys(element['Поле никнейм'], text=f'{username}')\n    \n        with allure.step('Нажать кнопку Далее'):\n            self.join_page.do_click(element['Кнопка далее'])\n    \n        with allure.step('В поле Пароль ввести пароль'):\n>           self.join_page.field_send_keys(element['Поле пароль'], text=self.User.PASSWORD)\n\ntests/test_registration.py:41: \n_ _ _ _ _ _ _ _ _ _ _ _ _ _ _ _ _ _ _ _ _ _ _ _ _ _ _ _ _ _ _ _ _ _ _ _ _ _ _ _ \nbase/base_page.py:141: in field_send_keys\n    element = self.find_element(locator)\nbase/base_page.py:153: in find_element\n    return self.wait.until(EC.visibility_of_element_located(locator),\n_ _ _ _ _ _ _ _ _ _ _ _ _ _ _ _ _ _ _ _ _ _ _ _ _ _ _ _ _ _ _ _ _ _ _ _ _ _ _ _ \n\nself = <selenium.webdriver.support.wait.WebDriverWait (session=\"c6c0c9e7cde87649f468ee772367acf0\")>\nmethod = <function visibility_of_element_located.<locals>._predicate at 0x7fb4297bb560>\nmessage = 'Не найден элемент с локатором (\\'xpath\\', \\'//input[@name=\"password\"]\\')'\n\n    def until(self, method: Callable[[D], Union[Literal[False], T]], message: str = \"\") -> T:\n        \"\"\"Calls the method provided with the driver as an argument until the \\\n        return value does not evaluate to ``False``.\n    \n        :param method: callable(WebDriver)\n        :param message: optional message for :exc:`TimeoutException`\n        :returns: the result of the last call to `method`\n        :raises: :exc:`selenium.common.exceptions.TimeoutException` if timeout occurs\n        \"\"\"\n        screen = None\n        stacktrace = None\n    \n        end_time = time.monotonic() + self._timeout\n        while True:\n            try:\n                value = method(self._driver)\n                if value:\n                    return value\n            except self._ignored_exceptions as exc:\n                screen = getattr(exc, \"screen\", None)\n                stacktrace = getattr(exc, \"stacktrace\", None)\n            if time.monotonic() > end_time:\n                break\n            time.sleep(self._poll)\n>       raise TimeoutException(message, screen, stacktrace)\nE       selenium.common.exceptions.TimeoutException: Message: Не найден элемент с локатором ('xpath', '//input[@name=\"password\"]')\n\n../local/lib/python3.12/site-packages/selenium/webdriver/support/wait.py:105: TimeoutException","steps":[{"name":"Открыть страницу авторизации","time":{"start":1738099880125,"stop":1738099882611,"duration":2486},"status":"passed","steps":[],"attachments":[],"parameters":[],"shouldDisplayMessage":false,"attachmentsCount":0,"stepsCount":0,"hasContent":false,"attachmentStep":false},{"name":"Нажать кнопку \"По смс (Для России)\"","time":{"start":1738099882611,"stop":1738099886371,"duration":3760},"status":"passed","steps":[],"attachments":[],"parameters":[],"shouldDisplayMessage":false,"attachmentsCount":0,"stepsCount":0,"hasContent":false,"attachmentStep":false},{"name":"Нажать кнопку Далее","time":{"start":1738099886371,"stop":1738099886930,"duration":559},"status":"passed","steps":[],"attachments":[],"parameters":[],"shouldDisplayMessage":false,"attachmentsCount":0,"stepsCount":0,"hasContent":false,"attachmentStep":false},{"name":"В поле никнейм ввести любое валидное значение","time":{"start":1738099886930,"stop":1738099888500,"duration":1570},"status":"passed","steps":[],"attachments":[],"parameters":[],"shouldDisplayMessage":false,"attachmentsCount":0,"stepsCount":0,"hasContent":false,"attachmentStep":false},{"name":"Нажать кнопку Далее","time":{"start":1738099888500,"stop":1738099888536,"duration":36},"status":"passed","steps":[],"attachments":[],"parameters":[],"shouldDisplayMessage":false,"attachmentsCount":0,"stepsCount":0,"hasContent":false,"attachmentStep":false},{"name":"В поле Пароль ввести пароль","time":{"start":1738099888536,"stop":1738099918666,"duration":30130},"status":"broken","statusMessage":"selenium.common.exceptions.TimeoutException: Message: Не найден элемент с локатором ('xpath', '//input[@name=\"password\"]')\n\n","statusTrace":"  File \"/usr/workspace/tests/test_registration.py\", line 41, in test_registering_a_new_user_by_phone_number\n    self.join_page.field_send_keys(element['Поле пароль'], text=self.User.PASSWORD)\n  File \"/usr/workspace/base/base_page.py\", line 141, in field_send_keys\n    element = self.find_element(locator)\n              ^^^^^^^^^^^^^^^^^^^^^^^^^^\n  File \"/usr/workspace/base/base_page.py\", line 153, in find_element\n    return self.wait.until(EC.visibility_of_element_located(locator),\n           ^^^^^^^^^^^^^^^^^^^^^^^^^^^^^^^^^^^^^^^^^^^^^^^^^^^^^^^^^^\n  File \"/usr/local/lib/python3.12/site-packages/selenium/webdriver/support/wait.py\", line 105, in until\n    raise TimeoutException(message, screen, stacktrace)\n","steps":[],"attachments":[],"parameters":[],"shouldDisplayMessage":true,"attachmentsCount":0,"stepsCount":0,"hasContent":true,"attachmentStep":false}],"attachments":[],"parameters":[],"shouldDisplayMessage":true,"attachmentsCount":0,"stepsCount":6,"hasContent":true,"attachmentStep":false},"afterStages":[{"name":"driver::0","time":{"start":1738099918684,"stop":1738099918879,"duration":195},"status":"passed","steps":[],"attachments":[{"uid":"f48170983e8798cf","name":"page_source","source":"f48170983e8798cf.html","type":"text/html","size":10646},{"uid":"1be024f3c04c8087","name":"screenshot","source":"1be024f3c04c8087.png","type":"image/png","size":31636},{"uid":"483043f31d966063","name":"browser_logs","source":"483043f31d966063.txt","type":"text/plain","size":2515}],"parameters":[],"shouldDisplayMessage":false,"attachmentsCount":3,"stepsCount":0,"hasContent":true,"attachmentStep":false},{"name":"Установка соединения с БД::fin","time":{"start":1738100171902,"stop":1738100171902,"duration":0},"status":"passed","steps":[],"attachments":[],"parameters":[],"shouldDisplayMessage":false,"attachmentsCount":0,"stepsCount":0,"hasContent":false,"attachmentStep":false}],"labels":[{"name":"severity","value":"Critical"},{"name":"feature","value":"Регистрация пользователя"},{"name":"tag","value":"regression"},{"name":"tag","value":"registration"},{"name":"parentSuite","value":"tests"},{"name":"suite","value":"test_registration"},{"name":"subSuite","value":"TestRegistrationUser"},{"name":"host","value":"726c40c85e5c"},{"name":"thread","value":"1-MainThread"},{"name":"framework","value":"pytest"},{"name":"language","value":"cpython3"},{"name":"package","value":"tests.test_registration"},{"name":"resultFormat","value":"allure2"}],"parameters":[],"links":[],"hidden":false,"retry":false,"extra":{"severity":"critical","retries":[],"categories":[{"name":"Test defects","matchedStatuses":[],"flaky":false}],"history":{"statistic":{"failed":2,"broken":14,"skipped":0,"passed":51,"unknown":0,"total":67},"items":[{"uid":"e03e8384c4b749ea","status":"passed","time":{"start":1738005732891,"stop":1738005747535,"duration":14644}},{"uid":"6ada6dc720f6f519","status":"passed","time":{"start":1738003007586,"stop":1738003021427,"duration":13841}},{"uid":"156a6a7b5f58226d","status":"broken","statusDetails":"urllib3.exceptions.ReadTimeoutError: HTTPConnectionPool(host='localhost', port=35337): Read timed out. (read timeout=120)","time":{"start":1737933339425,"stop":1737933339425,"duration":0}},{"uid":"4eb5286d6bd9cd05","status":"passed","time":{"start":1737843401788,"stop":1737843415950,"duration":14162}},{"uid":"28bd96be32a8b34","status":"passed","time":{"start":1737832579022,"stop":1737832591643,"duration":12621}},{"uid":"c28dea35d5e530a9","status":"passed","time":{"start":1737799943599,"stop":1737799956639,"duration":13040}},{"uid":"3dcfb61421c0880c","status":"passed","time":{"start":1737758179965,"stop":1737758193640,"duration":13675}},{"uid":"311779ee6c17effa","status":"passed","time":{"start":1737745167166,"stop":1737745182271,"duration":15105}},{"uid":"e72dbc5ebe99e1ff","status":"passed","time":{"start":1737653076960,"stop":1737653094423,"duration":17463}},{"uid":"38bda14131cf7837","status":"broken","statusDetails":"selenium.common.exceptions.TimeoutException: Message: Не найден элемент с локатором ('xpath', '//input[@name=\"nickname\"]')","time":{"start":1737570768879,"stop":1737570805847,"duration":36968}},{"uid":"8924d06ad987bf00","status":"broken","statusDetails":"selenium.common.exceptions.WebDriverException: Message: unknown error: Chrome failed to start: exited abnormally.\n  (unknown error: DevToolsActivePort file doesn't exist)\n  (The process started from chrome location /usr/bin/chromium-browser is no longer running, so ChromeDriver is assuming that Chrome has crashed.)","time":{"start":1737568969721,"stop":1737568969721,"duration":0}},{"uid":"1326ed817877d868","status":"passed","time":{"start":1734034970655,"stop":1734034985596,"duration":14941}},{"uid":"60c36a73a5d0cdb1","status":"passed","time":{"start":1733937788022,"stop":1733937802097,"duration":14075}},{"uid":"f296ee9f60a2001d","status":"passed","time":{"start":1733866360304,"stop":1733866374737,"duration":14433}},{"uid":"44b828f4d8f8e299","status":"passed","time":{"start":1733860759921,"stop":1733860774635,"duration":14714}},{"uid":"e0dfaea6337568c7","status":"passed","time":{"start":1733857300946,"stop":1733857315348,"duration":14402}},{"uid":"ea7baaf8f4f19429","status":"passed","time":{"start":1733772231665,"stop":1733772247207,"duration":15542}},{"uid":"b53dc5afd68b2b04","status":"passed","time":{"start":1733766705777,"stop":1733766720141,"duration":14364}},{"uid":"161ea4d191ab0453","status":"broken","statusDetails":"selenium.common.exceptions.TimeoutException: Message:","time":{"start":1733422311000,"stop":1733422324286,"duration":13286}},{"uid":"8688b27596c79d9","status":"broken","statusDetails":"selenium.common.exceptions.TimeoutException: Message:","time":{"start":1726780636301,"stop":1726780648129,"duration":11828}}]},"tags":["regression","registration"]},"source":"7702d2f7d50bf604.json","parameterValues":[]}