{"uid":"77f8d5e42ec9e077","name":"Проверка удаления аккаунта по причине \"Мои проекты не комментируют и не лайкают\"","fullName":"tests.test_editing_profile.TestEditingProfile#test_deletion_of_account","historyId":"f1bdb605c4bc541f2ea5a2000d772d17","time":{"start":1737569983262,"stop":1737569983262,"duration":0},"description":"Сначала регистрируется новый пользователь, после удаляется по причине и проверяется, что при авторизации ему отображается уведомление","descriptionHtml":"<p>Сначала регистрируется новый пользователь, после удаляется по причине и проверяется, что при авторизации ему отображается уведомление</p>\n","status":"broken","statusMessage":"selenium.common.exceptions.TimeoutException: Message: Не найден элемент с локатором ('xpath', '//input[@name=\"nickname\"]')","statusTrace":"driver = <selenium.webdriver.chrome.webdriver.WebDriver (session=\"23359a819017b3d1a388646185eadb0e\")>\n\n    @pytest.fixture(scope='function')\n    @allure.title('Регистрация пользователя')\n    @allure.step('Регистрация пользователя')\n    def registration_user(driver):\n        \"\"\"\n        Фикстура регистрации нового пользователя\n    \n        :param driver:\n            принимает в себя экземпляр драйвера\n    \n        \"\"\"\n        authorization_page = AuthorizationPage(driver)\n        join_page = JoinPage(driver)\n        metabase = MetaBase(driver)\n        assertion = Assertion(driver)\n        rubric_page = RubricPage(driver)\n        main_page = MainPage(driver)\n    \n        authorization_page.open()\n        authorization_page.do_click(config.locators.AuthorizationPageLocators.locators['Кнопка по смс'])\n        join_page.do_click(config.locators.JoinPageLocators.locators['Кнопка далее'])\n        username = f'-{fake.pystr(min_chars=5, max_chars=11)}.{fake.pyint(min_value=1, max_value=2)}_'\n>       join_page.field_send_keys(config.locators.JoinPageLocators.locators['Поле никнейм'], text=f'{username}')\n\nfixtures/fixtures_for_registration_tests.py:41: \n_ _ _ _ _ _ _ _ _ _ _ _ _ _ _ _ _ _ _ _ _ _ _ _ _ _ _ _ _ _ _ _ _ _ _ _ _ _ _ _ \nbase/base_page.py:126: in field_send_keys\n    element = self.find_element(locator)\nbase/base_page.py:138: in find_element\n    return self.wait.until(EC.visibility_of_element_located(locator),\n_ _ _ _ _ _ _ _ _ _ _ _ _ _ _ _ _ _ _ _ _ _ _ _ _ _ _ _ _ _ _ _ _ _ _ _ _ _ _ _ \n\nself = <selenium.webdriver.support.wait.WebDriverWait (session=\"23359a819017b3d1a388646185eadb0e\")>\nmethod = <function visibility_of_element_located.<locals>._predicate at 0x7fc3f10d28e0>\nmessage = 'Не найден элемент с локатором (\\'xpath\\', \\'//input[@name=\"nickname\"]\\')'\n\n    def until(self, method: Callable[[D], Union[Literal[False], T]], message: str = \"\") -> T:\n        \"\"\"Calls the method provided with the driver as an argument until the \\\n        return value does not evaluate to ``False``.\n    \n        :param method: callable(WebDriver)\n        :param message: optional message for :exc:`TimeoutException`\n        :returns: the result of the last call to `method`\n        :raises: :exc:`selenium.common.exceptions.TimeoutException` if timeout occurs\n        \"\"\"\n        screen = None\n        stacktrace = None\n    \n        end_time = time.monotonic() + self._timeout\n        while True:\n            try:\n                value = method(self._driver)\n                if value:\n                    return value\n            except self._ignored_exceptions as exc:\n                screen = getattr(exc, \"screen\", None)\n                stacktrace = getattr(exc, \"stacktrace\", None)\n            if time.monotonic() > end_time:\n                break\n            time.sleep(self._poll)\n>       raise TimeoutException(message, screen, stacktrace)\nE       selenium.common.exceptions.TimeoutException: Message: Не найден элемент с локатором ('xpath', '//input[@name=\"nickname\"]')\n\n../local/lib/python3.12/site-packages/selenium/webdriver/support/wait.py:105: TimeoutException","flaky":false,"newFailed":false,"newBroken":false,"newPassed":false,"retriesCount":0,"retriesStatusChange":false,"beforeStages":[{"name":"_session_faker","time":{"start":1737569139111,"stop":1737569139113,"duration":2},"status":"passed","steps":[],"attachments":[],"parameters":[],"shouldDisplayMessage":false,"attachmentsCount":0,"stepsCount":0,"hasContent":false,"attachmentStep":false},{"name":"driver","time":{"start":1737569983263,"stop":1737569983779,"duration":516},"status":"passed","steps":[],"attachments":[],"parameters":[],"shouldDisplayMessage":false,"attachmentsCount":0,"stepsCount":0,"hasContent":false,"attachmentStep":false},{"name":"Инициализация локаторов","time":{"start":1737569983779,"stop":1737569983780,"duration":1},"status":"passed","steps":[{"name":"Инициализация локаторов","time":{"start":1737569983780,"stop":1737569983780,"duration":0},"status":"passed","steps":[],"attachments":[],"parameters":[{"name":"request","value":"<SubRequest 'elements' for <Function test_deletion_of_account[Мои проекты не комментируют и не лайкают]>>"}],"shouldDisplayMessage":false,"attachmentsCount":0,"stepsCount":0,"hasContent":true,"attachmentStep":false}],"attachments":[],"parameters":[],"shouldDisplayMessage":false,"attachmentsCount":0,"stepsCount":1,"hasContent":true,"attachmentStep":false},{"name":"setup","time":{"start":1737569983779,"stop":1737569983779,"duration":0},"status":"passed","steps":[],"attachments":[],"parameters":[],"shouldDisplayMessage":false,"attachmentsCount":0,"stepsCount":0,"hasContent":false,"attachmentStep":false},{"name":"Регистрация пользователя","time":{"start":1737569983780,"stop":1737570020836,"duration":37056},"status":"broken","statusMessage":"selenium.common.exceptions.TimeoutException: Message: Не найден элемент с локатором ('xpath', '//input[@name=\"nickname\"]')\n\n","statusTrace":"  File \"/usr/local/lib/python3.12/site-packages/pluggy/_callers.py\", line 167, in _multicall\n    teardown.throw(outcome._exception)\n  File \"/usr/local/lib/python3.12/site-packages/_pytest/setuponly.py\", line 36, in pytest_fixture_setup\n    return (yield)\n            ^^^^^\n  File \"/usr/local/lib/python3.12/site-packages/pluggy/_callers.py\", line 103, in _multicall\n    res = hook_impl.function(*args)\n          ^^^^^^^^^^^^^^^^^^^^^^^^^\n  File \"/usr/local/lib/python3.12/site-packages/_pytest/fixtures.py\", line 1140, in pytest_fixture_setup\n    result = call_fixture_func(fixturefunc, request, kwargs)\n             ^^^^^^^^^^^^^^^^^^^^^^^^^^^^^^^^^^^^^^^^^^^^^^^\n  File \"/usr/local/lib/python3.12/site-packages/_pytest/fixtures.py\", line 898, in call_fixture_func\n    fixture_result = fixturefunc(**kwargs)\n                     ^^^^^^^^^^^^^^^^^^^^^\n  File \"/usr/local/lib/python3.12/site-packages/allure_commons/_allure.py\", line 192, in impl\n    return func(*a, **kw)\n           ^^^^^^^^^^^^^^\n  File \"/usr/workspace/fixtures/fixtures_for_registration_tests.py\", line 41, in registration_user\n    join_page.field_send_keys(config.locators.JoinPageLocators.locators['Поле никнейм'], text=f'{username}')\n  File \"/usr/workspace/base/base_page.py\", line 126, in field_send_keys\n    element = self.find_element(locator)\n              ^^^^^^^^^^^^^^^^^^^^^^^^^^\n  File \"/usr/workspace/base/base_page.py\", line 138, in find_element\n    return self.wait.until(EC.visibility_of_element_located(locator),\n           ^^^^^^^^^^^^^^^^^^^^^^^^^^^^^^^^^^^^^^^^^^^^^^^^^^^^^^^^^^\n  File \"/usr/local/lib/python3.12/site-packages/selenium/webdriver/support/wait.py\", line 105, in until\n    raise TimeoutException(message, screen, stacktrace)\n","steps":[{"name":"Регистрация пользователя","time":{"start":1737569983780,"stop":1737570020836,"duration":37056},"status":"broken","statusMessage":"selenium.common.exceptions.TimeoutException: Message: Не найден элемент с локатором ('xpath', '//input[@name=\"nickname\"]')\n\n","statusTrace":"  File \"/usr/local/lib/python3.12/site-packages/allure_commons/_allure.py\", line 192, in impl\n    return func(*a, **kw)\n           ^^^^^^^^^^^^^^\n  File \"/usr/workspace/fixtures/fixtures_for_registration_tests.py\", line 41, in registration_user\n    join_page.field_send_keys(config.locators.JoinPageLocators.locators['Поле никнейм'], text=f'{username}')\n  File \"/usr/workspace/base/base_page.py\", line 126, in field_send_keys\n    element = self.find_element(locator)\n              ^^^^^^^^^^^^^^^^^^^^^^^^^^\n  File \"/usr/workspace/base/base_page.py\", line 138, in find_element\n    return self.wait.until(EC.visibility_of_element_located(locator),\n           ^^^^^^^^^^^^^^^^^^^^^^^^^^^^^^^^^^^^^^^^^^^^^^^^^^^^^^^^^^\n  File \"/usr/local/lib/python3.12/site-packages/selenium/webdriver/support/wait.py\", line 105, in until\n    raise TimeoutException(message, screen, stacktrace)\n","steps":[],"attachments":[],"parameters":[{"name":"driver","value":"<selenium.webdriver.chrome.webdriver.WebDriver (session=\"23359a819017b3d1a388646185eadb0e\")>"}],"shouldDisplayMessage":true,"attachmentsCount":0,"stepsCount":0,"hasContent":true,"attachmentStep":false}],"attachments":[],"parameters":[],"shouldDisplayMessage":false,"attachmentsCount":0,"stepsCount":1,"hasContent":true,"attachmentStep":false}],"afterStages":[{"name":"driver::0","time":{"start":1737570020847,"stop":1737570021044,"duration":197},"status":"passed","steps":[],"attachments":[{"uid":"65100a42c3e0da8b","name":"page_source","source":"65100a42c3e0da8b.html","type":"text/html","size":10283},{"uid":"6f67cbfb1259a8a2","name":"screenshot","source":"6f67cbfb1259a8a2.png","type":"image/png","size":20131},{"uid":"8bd3c2da8d10abf3","name":"browser_logs","source":"8bd3c2da8d10abf3.txt","type":"text/plain","size":2113}],"parameters":[],"shouldDisplayMessage":false,"attachmentsCount":3,"stepsCount":0,"hasContent":true,"attachmentStep":false}],"labels":[{"name":"feature","value":"Редактирование профиля"},{"name":"severity","value":"Critical"},{"name":"tag","value":"regression"},{"name":"tag","value":"editing_profile"},{"name":"parentSuite","value":"tests"},{"name":"suite","value":"test_editing_profile"},{"name":"subSuite","value":"TestEditingProfile"},{"name":"host","value":"5230432a8515"},{"name":"thread","value":"1-MainThread"},{"name":"framework","value":"pytest"},{"name":"language","value":"cpython3"},{"name":"package","value":"tests.test_editing_profile"},{"name":"resultFormat","value":"allure2"}],"parameters":[{"name":"options","value":"'Мои проекты не комментируют и не лайкают'"}],"links":[],"hidden":false,"retry":false,"extra":{"severity":"critical","retries":[],"categories":[{"name":"Test defects","matchedStatuses":[],"flaky":false}],"history":{"statistic":{"failed":0,"broken":6,"skipped":0,"passed":17,"unknown":0,"total":23},"items":[{"uid":"e19793c1a492da54","status":"broken","statusDetails":"selenium.common.exceptions.WebDriverException: Message: unknown error: Chrome failed to start: exited abnormally.\n  (unknown error: DevToolsActivePort file doesn't exist)\n  (The process started from chrome location /usr/bin/chromium-browser is no longer running, so ChromeDriver is assuming that Chrome has crashed.)","time":{"start":1737568962329,"stop":1737568962329,"duration":0}},{"uid":"799ea6a5888d3574","status":"passed","time":{"start":1734034411958,"stop":1734034419331,"duration":7373}},{"uid":"24b935851eb6eb68","status":"passed","time":{"start":1733937119979,"stop":1733937127336,"duration":7357}},{"uid":"e40a594974f5b0c2","status":"passed","time":{"start":1733865660334,"stop":1733865667193,"duration":6859}},{"uid":"3b0aade467d805e1","status":"passed","time":{"start":1733860097009,"stop":1733860107897,"duration":10888}},{"uid":"e690868f84f4d331","status":"passed","time":{"start":1733856685045,"stop":1733856691953,"duration":6908}},{"uid":"9e244a13fcb2c249","status":"passed","time":{"start":1733771574189,"stop":1733771581052,"duration":6863}},{"uid":"3c62e640a668bddd","status":"passed","time":{"start":1733765926958,"stop":1733765933833,"duration":6875}},{"uid":"e097c22ccb39fbdc","status":"broken","statusDetails":"selenium.common.exceptions.TimeoutException: Message:","time":{"start":1733421611544,"stop":1733421611544,"duration":0}},{"uid":"a52ae34ace6d2efa","status":"broken","statusDetails":"selenium.common.exceptions.TimeoutException: Message:","time":{"start":1726780155190,"stop":1726780155190,"duration":0}},{"uid":"99ff82787e25966f","status":"broken","statusDetails":"selenium.common.exceptions.TimeoutException: Message:","time":{"start":1726776866735,"stop":1726776866735,"duration":0}},{"uid":"72f1761e9b9e2d36","status":"passed","time":{"start":1724098535158,"stop":1724098546010,"duration":10852}},{"uid":"5a611b4db5c09b4f","status":"passed","time":{"start":1723828698951,"stop":1723828709163,"duration":10212}},{"uid":"40f7554edae9eddf","status":"passed","time":{"start":1723751077968,"stop":1723751087335,"duration":9367}},{"uid":"8624f6128cf926c7","status":"passed","time":{"start":1723741537556,"stop":1723741546919,"duration":9363}},{"uid":"378d4325def3b3dd","status":"passed","time":{"start":1723664287230,"stop":1723664297004,"duration":9774}},{"uid":"b66325e54de405a8","status":"broken","statusDetails":"selenium.common.exceptions.TimeoutException: Message: Не найден элемент с локатором ('xpath', '//input[@name=\"password\"]')","time":{"start":1723578631101,"stop":1723578631101,"duration":0}},{"uid":"429d1d6ba61742f9","status":"passed","time":{"start":1723495817306,"stop":1723495827222,"duration":9916}},{"uid":"19dfa1b8378d38ac","status":"passed","time":{"start":1723149727642,"stop":1723149736894,"duration":9252}},{"uid":"9da46c1ac5085eb0","status":"passed","time":{"start":1723148435297,"stop":1723148444928,"duration":9631}}]},"tags":["editing_profile","regression"]},"source":"77f8d5e42ec9e077.json","parameterValues":["'Мои проекты не комментируют и не лайкают'"]}