{"uid":"7a47542b6b0a6493","name":"Проверка валидации поля никнейм при вводе уже зарегистрированного никнейма","fullName":"tests.test_registration.TestRegistrationUser#test_validation_field_nickname_when_entering_an_already_registered_nickname","historyId":"6c03bba326b92af17c29d08a1f3d970c","time":{"start":1738865388293,"stop":1738865405710,"duration":17417},"status":"broken","statusMessage":"selenium.common.exceptions.TimeoutException: Message:","statusTrace":"self = <test_registration.TestRegistrationUser object at 0x7f0ee2de65a0>\nelements = {'Банк ачивок': {'Блок ачивок': ('xpath', '//div[contains(@class,\"user-achievement-by-interests_container\")]'), 'Модал...'carrot-messenger-frame'), 'Чат кэррот': ('xpath', '//div[contains(@class,\"carrot-messenger-frame-container\")]')}, ...}\n\n    @allure.title('Проверка валидации поля никнейм при вводе уже зарегистрированного никнейма')\n    @allure.severity('Normal')\n    @pytest.mark.regression\n    def test_validation_field_nickname_when_entering_an_already_registered_nickname(self, elements):\n        with allure.step('Открыть страницу регистрации'):\n            self.authorization_page.open()\n            element = elements['Страница авторизации']\n    \n        with allure.step('Нажать кнопку \"По смс (Для России)\"'):\n            self.authorization_page.do_click(element['Кнопка по смс'])\n    \n        with allure.step('Нажать кнопку Далее'):\n            element = elements['Страница регистрации']\n            self.join_page.do_click(element['Кнопка далее'])\n    \n        with allure.step('В поле никнейм ввести Aleska'):\n            self.join_page.field_send_keys(element['Поле никнейм'], text='Aleska')\n    \n        with allure.step('Нажать кнопку Далее'):\n            self.join_page.do_click(element['Кнопка далее'])\n    \n        with allure.step('Проверить, что отображается валидация поля никнейм: Данный Никнейм уже занят'):\n>           self.assertion.text_in_element(element['Валидация поля никнейм'], expected_text='Данный Никнейм уже занят')\n\ntests/test_registration.py:226: \n_ _ _ _ _ _ _ _ _ _ _ _ _ _ _ _ _ _ _ _ _ _ _ _ _ _ _ _ _ _ _ _ _ _ _ _ _ _ _ _ \nbase/base_assertion.py:26: in text_in_element\n    element = WebDriverWait(self.driver, timeout).until(\n_ _ _ _ _ _ _ _ _ _ _ _ _ _ _ _ _ _ _ _ _ _ _ _ _ _ _ _ _ _ _ _ _ _ _ _ _ _ _ _ \n\nself = <selenium.webdriver.support.wait.WebDriverWait (session=\"1d6a73cd784526869edc59c93746f1bb\")>\nmethod = <function presence_of_element_located.<locals>._predicate at 0x7f0ee37a32e0>\nmessage = ''\n\n    def until(self, method: Callable[[D], Union[Literal[False], T]], message: str = \"\") -> T:\n        \"\"\"Calls the method provided with the driver as an argument until the \\\n        return value does not evaluate to ``False``.\n    \n        :param method: callable(WebDriver)\n        :param message: optional message for :exc:`TimeoutException`\n        :returns: the result of the last call to `method`\n        :raises: :exc:`selenium.common.exceptions.TimeoutException` if timeout occurs\n        \"\"\"\n        screen = None\n        stacktrace = None\n    \n        end_time = time.monotonic() + self._timeout\n        while True:\n            try:\n                value = method(self._driver)\n                if value:\n                    return value\n            except self._ignored_exceptions as exc:\n                screen = getattr(exc, \"screen\", None)\n                stacktrace = getattr(exc, \"stacktrace\", None)\n            if time.monotonic() > end_time:\n                break\n            time.sleep(self._poll)\n>       raise TimeoutException(message, screen, stacktrace)\nE       selenium.common.exceptions.TimeoutException: Message:\n\n../local/lib/python3.12/site-packages/selenium/webdriver/support/wait.py:105: TimeoutException","flaky":false,"newFailed":false,"newBroken":true,"newPassed":false,"retriesCount":0,"retriesStatusChange":false,"beforeStages":[{"name":"_session_faker","time":{"start":1738864340794,"stop":1738864340795,"duration":1},"status":"passed","steps":[],"attachments":[],"parameters":[],"shouldDisplayMessage":false,"attachmentsCount":0,"stepsCount":0,"hasContent":false,"attachmentStep":false},{"name":"driver","time":{"start":1738865387879,"stop":1738865388292,"duration":413},"status":"passed","steps":[],"attachments":[],"parameters":[],"shouldDisplayMessage":false,"attachmentsCount":0,"stepsCount":0,"hasContent":false,"attachmentStep":false},{"name":"Инициализация локаторов","time":{"start":1738865388292,"stop":1738865388293,"duration":1},"status":"passed","steps":[{"name":"Инициализация локаторов","time":{"start":1738865388293,"stop":1738865388293,"duration":0},"status":"passed","steps":[],"attachments":[],"parameters":[{"name":"request","value":"<SubRequest 'elements' for <Function test_validation_field_nickname_when_entering_an_already_registered_nickname>>"}],"shouldDisplayMessage":false,"attachmentsCount":0,"stepsCount":0,"hasContent":true,"attachmentStep":false}],"attachments":[],"parameters":[],"shouldDisplayMessage":false,"attachmentsCount":0,"stepsCount":1,"hasContent":true,"attachmentStep":false},{"name":"setup","time":{"start":1738865388292,"stop":1738865388292,"duration":0},"status":"passed","steps":[],"attachments":[],"parameters":[],"shouldDisplayMessage":false,"attachmentsCount":0,"stepsCount":0,"hasContent":false,"attachmentStep":false}],"testStage":{"status":"broken","statusMessage":"selenium.common.exceptions.TimeoutException: Message:","statusTrace":"self = <test_registration.TestRegistrationUser object at 0x7f0ee2de65a0>\nelements = {'Банк ачивок': {'Блок ачивок': ('xpath', '//div[contains(@class,\"user-achievement-by-interests_container\")]'), 'Модал...'carrot-messenger-frame'), 'Чат кэррот': ('xpath', '//div[contains(@class,\"carrot-messenger-frame-container\")]')}, ...}\n\n    @allure.title('Проверка валидации поля никнейм при вводе уже зарегистрированного никнейма')\n    @allure.severity('Normal')\n    @pytest.mark.regression\n    def test_validation_field_nickname_when_entering_an_already_registered_nickname(self, elements):\n        with allure.step('Открыть страницу регистрации'):\n            self.authorization_page.open()\n            element = elements['Страница авторизации']\n    \n        with allure.step('Нажать кнопку \"По смс (Для России)\"'):\n            self.authorization_page.do_click(element['Кнопка по смс'])\n    \n        with allure.step('Нажать кнопку Далее'):\n            element = elements['Страница регистрации']\n            self.join_page.do_click(element['Кнопка далее'])\n    \n        with allure.step('В поле никнейм ввести Aleska'):\n            self.join_page.field_send_keys(element['Поле никнейм'], text='Aleska')\n    \n        with allure.step('Нажать кнопку Далее'):\n            self.join_page.do_click(element['Кнопка далее'])\n    \n        with allure.step('Проверить, что отображается валидация поля никнейм: Данный Никнейм уже занят'):\n>           self.assertion.text_in_element(element['Валидация поля никнейм'], expected_text='Данный Никнейм уже занят')\n\ntests/test_registration.py:226: \n_ _ _ _ _ _ _ _ _ _ _ _ _ _ _ _ _ _ _ _ _ _ _ _ _ _ _ _ _ _ _ _ _ _ _ _ _ _ _ _ \nbase/base_assertion.py:26: in text_in_element\n    element = WebDriverWait(self.driver, timeout).until(\n_ _ _ _ _ _ _ _ _ _ _ _ _ _ _ _ _ _ _ _ _ _ _ _ _ _ _ _ _ _ _ _ _ _ _ _ _ _ _ _ \n\nself = <selenium.webdriver.support.wait.WebDriverWait (session=\"1d6a73cd784526869edc59c93746f1bb\")>\nmethod = <function presence_of_element_located.<locals>._predicate at 0x7f0ee37a32e0>\nmessage = ''\n\n    def until(self, method: Callable[[D], Union[Literal[False], T]], message: str = \"\") -> T:\n        \"\"\"Calls the method provided with the driver as an argument until the \\\n        return value does not evaluate to ``False``.\n    \n        :param method: callable(WebDriver)\n        :param message: optional message for :exc:`TimeoutException`\n        :returns: the result of the last call to `method`\n        :raises: :exc:`selenium.common.exceptions.TimeoutException` if timeout occurs\n        \"\"\"\n        screen = None\n        stacktrace = None\n    \n        end_time = time.monotonic() + self._timeout\n        while True:\n            try:\n                value = method(self._driver)\n                if value:\n                    return value\n            except self._ignored_exceptions as exc:\n                screen = getattr(exc, \"screen\", None)\n                stacktrace = getattr(exc, \"stacktrace\", None)\n            if time.monotonic() > end_time:\n                break\n            time.sleep(self._poll)\n>       raise TimeoutException(message, screen, stacktrace)\nE       selenium.common.exceptions.TimeoutException: Message:\n\n../local/lib/python3.12/site-packages/selenium/webdriver/support/wait.py:105: TimeoutException","steps":[{"name":"Открыть страницу регистрации","time":{"start":1738865388293,"stop":1738865390352,"duration":2059},"status":"passed","steps":[],"attachments":[],"parameters":[],"shouldDisplayMessage":false,"attachmentsCount":0,"stepsCount":0,"hasContent":false,"attachmentStep":false},{"name":"Нажать кнопку \"По смс (Для России)\"","time":{"start":1738865390352,"stop":1738865393460,"duration":3108},"status":"passed","steps":[],"attachments":[],"parameters":[],"shouldDisplayMessage":false,"attachmentsCount":0,"stepsCount":0,"hasContent":false,"attachmentStep":false},{"name":"Нажать кнопку Далее","time":{"start":1738865393460,"stop":1738865394007,"duration":547},"status":"passed","steps":[],"attachments":[],"parameters":[],"shouldDisplayMessage":false,"attachmentsCount":0,"stepsCount":0,"hasContent":false,"attachmentStep":false},{"name":"В поле никнейм ввести Aleska","time":{"start":1738865394007,"stop":1738865395556,"duration":1549},"status":"passed","steps":[],"attachments":[],"parameters":[],"shouldDisplayMessage":false,"attachmentsCount":0,"stepsCount":0,"hasContent":false,"attachmentStep":false},{"name":"Нажать кнопку Далее","time":{"start":1738865395556,"stop":1738865395594,"duration":38},"status":"passed","steps":[],"attachments":[],"parameters":[],"shouldDisplayMessage":false,"attachmentsCount":0,"stepsCount":0,"hasContent":false,"attachmentStep":false},{"name":"Проверить, что отображается валидация поля никнейм: Данный Никнейм уже занят","time":{"start":1738865395594,"stop":1738865405710,"duration":10116},"status":"broken","statusMessage":"selenium.common.exceptions.TimeoutException: Message: \n\n","statusTrace":"  File \"/usr/workspace/tests/test_registration.py\", line 226, in test_validation_field_nickname_when_entering_an_already_registered_nickname\n    self.assertion.text_in_element(element['Валидация поля никнейм'], expected_text='Данный Никнейм уже занят')\n  File \"/usr/workspace/base/base_assertion.py\", line 26, in text_in_element\n    element = WebDriverWait(self.driver, timeout).until(\n              ^^^^^^^^^^^^^^^^^^^^^^^^^^^^^^^^^^^^^^^^^^\n  File \"/usr/local/lib/python3.12/site-packages/selenium/webdriver/support/wait.py\", line 105, in until\n    raise TimeoutException(message, screen, stacktrace)\n","steps":[],"attachments":[],"parameters":[],"shouldDisplayMessage":true,"attachmentsCount":0,"stepsCount":0,"hasContent":true,"attachmentStep":false}],"attachments":[],"parameters":[],"shouldDisplayMessage":true,"attachmentsCount":0,"stepsCount":6,"hasContent":true,"attachmentStep":false},"afterStages":[{"name":"driver::0","time":{"start":1738865405726,"stop":1738865405912,"duration":186},"status":"passed","steps":[],"attachments":[{"uid":"db7d0c43c193f623","name":"page_source","source":"db7d0c43c193f623.html","type":"text/html","size":15726},{"uid":"c837c07099636636","name":"screenshot","source":"c837c07099636636.png","type":"image/png","size":30771},{"uid":"35b5a9ef839b0223","name":"browser_logs","source":"35b5a9ef839b0223.txt","type":"text/plain","size":2517}],"parameters":[],"shouldDisplayMessage":false,"attachmentsCount":3,"stepsCount":0,"hasContent":true,"attachmentStep":false}],"labels":[{"name":"severity","value":"Normal"},{"name":"feature","value":"Регистрация пользователя"},{"name":"tag","value":"regression"},{"name":"tag","value":"registration"},{"name":"parentSuite","value":"tests"},{"name":"suite","value":"test_registration"},{"name":"subSuite","value":"TestRegistrationUser"},{"name":"host","value":"6af98febc332"},{"name":"thread","value":"1-MainThread"},{"name":"framework","value":"pytest"},{"name":"language","value":"cpython3"},{"name":"package","value":"tests.test_registration"},{"name":"resultFormat","value":"allure2"}],"parameters":[],"links":[],"hidden":false,"retry":false,"extra":{"severity":"normal","retries":[],"categories":[{"name":"Test defects","matchedStatuses":[],"flaky":false}],"history":{"statistic":{"failed":0,"broken":27,"skipped":0,"passed":39,"unknown":0,"total":66},"items":[{"uid":"dc1233c8ea005743","status":"passed","time":{"start":1738269471119,"stop":1738269482828,"duration":11709}},{"uid":"31e3dbe2c234219f","status":"passed","time":{"start":1738099963178,"stop":1738099971888,"duration":8710}},{"uid":"12afd3d0f44b2f9","status":"passed","time":{"start":1738005793348,"stop":1738005802363,"duration":9015}},{"uid":"fbda18d87d41d227","status":"passed","time":{"start":1738003062764,"stop":1738003070336,"duration":7572}},{"uid":"ee5aca6991b9413a","status":"broken","statusDetails":"urllib3.exceptions.ReadTimeoutError: HTTPConnectionPool(host='localhost', port=36603): Read timed out. (read timeout=120)","time":{"start":1737934838010,"stop":1737934838010,"duration":0}},{"uid":"4d2db1851257264d","status":"passed","time":{"start":1737843462402,"stop":1737843471138,"duration":8736}},{"uid":"899d5e76dd4a7b23","status":"passed","time":{"start":1737832630790,"stop":1737832638490,"duration":7700}},{"uid":"2f4f7c1a9e81233e","status":"passed","time":{"start":1737799995715,"stop":1737800003561,"duration":7846}},{"uid":"e29b8d3da88252d2","status":"passed","time":{"start":1737758238816,"stop":1737758248179,"duration":9363}},{"uid":"f065c011ed70be83","status":"passed","time":{"start":1737745223561,"stop":1737745231107,"duration":7546}},{"uid":"8955209e9fcda280","status":"passed","time":{"start":1737653141508,"stop":1737653151582,"duration":10074}},{"uid":"6e481cee6a39dbd7","status":"broken","statusDetails":"selenium.common.exceptions.TimeoutException: Message: Не найден элемент с локатором ('xpath', '//input[@name=\"nickname\"]')","time":{"start":1737570966686,"stop":1737571003544,"duration":36858}},{"uid":"e9abd23a878bbb4b","status":"broken","statusDetails":"selenium.common.exceptions.WebDriverException: Message: unknown error: Chrome failed to start: exited abnormally.\n  (unknown error: DevToolsActivePort file doesn't exist)\n  (The process started from chrome location /usr/bin/chromium-browser is no longer running, so ChromeDriver is assuming that Chrome has crashed.)","time":{"start":1737568971062,"stop":1737568971062,"duration":0}},{"uid":"32b2a3f36678016f","status":"passed","time":{"start":1734035025615,"stop":1734035034788,"duration":9173}},{"uid":"2c7d2a1826b3a09a","status":"passed","time":{"start":1733937839301,"stop":1733937847616,"duration":8315}},{"uid":"9575285f2e0408ca","status":"passed","time":{"start":1733866412275,"stop":1733866420549,"duration":8274}},{"uid":"7abf16303c8918c9","status":"passed","time":{"start":1733860813187,"stop":1733860821691,"duration":8504}},{"uid":"dfe2233a695a4b57","status":"passed","time":{"start":1733857353246,"stop":1733857361645,"duration":8399}},{"uid":"b10008fd06eb3d1b","status":"passed","time":{"start":1733772295379,"stop":1733772305397,"duration":10018}},{"uid":"af24324c2f515a1c","status":"passed","time":{"start":1733766766659,"stop":1733766774823,"duration":8164}}]},"tags":["regression","registration"]},"source":"7a47542b6b0a6493.json","parameterValues":[]}