{"uid":"7d3c1da716415cd4","name":"Проверка валидации поля \"Код приглашения\" при вводе случайного значения","fullName":"tests.test_registration.TestRegistrationUser#test_validation_of_the_invitation_code_field_when_entering_a_random_value","historyId":"d17e0f4ceef8526f5f1c273f1de67e54","time":{"start":1738875477390,"stop":1738875495074,"duration":17684},"status":"broken","statusMessage":"selenium.common.exceptions.TimeoutException: Message:","statusTrace":"self = <test_registration.TestRegistrationUser object at 0x7fc252ab6900>\nelements = {'Банк ачивок': {'Блок ачивок': ('xpath', '//div[contains(@class,\"user-achievement-by-interests_container\")]'), 'Модал...'carrot-messenger-frame'), 'Чат кэррот': ('xpath', '//div[contains(@class,\"carrot-messenger-frame-container\")]')}, ...}\n\n    @allure.title('Проверка валидации поля \"Код приглашения\" при вводе случайного значения')\n    @allure.severity('Critical')\n    @pytest.mark.regression\n    def test_validation_of_the_invitation_code_field_when_entering_a_random_value(self, elements):\n        with allure.step('Открыть страницу авторизации'):\n            self.authorization_page.open()\n            element = elements['Страница авторизации']\n    \n        with allure.step('Нажать кнопку \"По смс (Для России)\"'):\n            self.authorization_page.do_click(element['Кнопка по смс'])\n    \n        with allure.step('Нажать кнопку Далее'):\n            element = elements['Страница регистрации']\n            self.join_page.do_click(element['Кнопка далее'])\n    \n        with allure.step('В поле никнейм ввести любое валидное значение'):\n            username = f'-{fake.user_name()}.{fake.pyint(min_value=1, max_value=2)}_'\n            self.join_page.field_send_keys(element['Поле никнейм'], text=f'{username}')\n    \n        with allure.step('Нажать кнопку Далее'):\n            self.join_page.do_click(element['Кнопка далее'])\n    \n        with allure.step('В поле Пароль ввести пароль'):\n            self.join_page.field_send_keys(element['Поле пароль'], text=self.User.PASSWORD)\n    \n        with allure.step('В поле Повтори пароль ввести пароль еще раз'):\n            self.join_page.field_send_keys(element['Поле повтори пароль'], text=self.User.PASSWORD)\n    \n        with allure.step('Нажать на чекбокс \"У меня есть код приглашения\"'):\n            self.join_page.do_click(element['Чекбокс код приглашения'])\n    \n        with allure.step('В поле код приглашения ввести рандомный текст'):\n            self.join_page.field_send_keys(element['Поле код приглашения'], text=fake.pystr())\n    \n        with allure.step('Нажать кнопку далее'):\n            self.join_page.do_click(element['Кнопка далее'])\n    \n        with allure.step('Проверить, что под полем \"Код приглашения\" сработала валидация с текстом:'\n                         ' \"Неверный код приглашения\"'):\n>           self.assertion.text_in_element(element['Валидация поля код приглашения'],\n                                           expected_text='Неверный код приглашения')\n\ntests/test_registration.py:608: \n_ _ _ _ _ _ _ _ _ _ _ _ _ _ _ _ _ _ _ _ _ _ _ _ _ _ _ _ _ _ _ _ _ _ _ _ _ _ _ _ \nbase/base_assertion.py:26: in text_in_element\n    element = WebDriverWait(self.driver, timeout).until(\n_ _ _ _ _ _ _ _ _ _ _ _ _ _ _ _ _ _ _ _ _ _ _ _ _ _ _ _ _ _ _ _ _ _ _ _ _ _ _ _ \n\nself = <selenium.webdriver.support.wait.WebDriverWait (session=\"78e178a8db718c993d423ce94750b2b3\")>\nmethod = <function presence_of_element_located.<locals>._predicate at 0x7fc253970360>\nmessage = ''\n\n    def until(self, method: Callable[[D], Union[Literal[False], T]], message: str = \"\") -> T:\n        \"\"\"Calls the method provided with the driver as an argument until the \\\n        return value does not evaluate to ``False``.\n    \n        :param method: callable(WebDriver)\n        :param message: optional message for :exc:`TimeoutException`\n        :returns: the result of the last call to `method`\n        :raises: :exc:`selenium.common.exceptions.TimeoutException` if timeout occurs\n        \"\"\"\n        screen = None\n        stacktrace = None\n    \n        end_time = time.monotonic() + self._timeout\n        while True:\n            try:\n                value = method(self._driver)\n                if value:\n                    return value\n            except self._ignored_exceptions as exc:\n                screen = getattr(exc, \"screen\", None)\n                stacktrace = getattr(exc, \"stacktrace\", None)\n            if time.monotonic() > end_time:\n                break\n            time.sleep(self._poll)\n>       raise TimeoutException(message, screen, stacktrace)\nE       selenium.common.exceptions.TimeoutException: Message:\n\n../local/lib/python3.12/site-packages/selenium/webdriver/support/wait.py:105: TimeoutException","flaky":false,"newFailed":false,"newBroken":false,"newPassed":false,"retriesCount":0,"retriesStatusChange":false,"beforeStages":[{"name":"_session_faker","time":{"start":1738874486972,"stop":1738874486974,"duration":2},"status":"passed","steps":[],"attachments":[],"parameters":[],"shouldDisplayMessage":false,"attachmentsCount":0,"stepsCount":0,"hasContent":false,"attachmentStep":false},{"name":"driver","time":{"start":1738875476968,"stop":1738875477389,"duration":421},"status":"passed","steps":[],"attachments":[],"parameters":[],"shouldDisplayMessage":false,"attachmentsCount":0,"stepsCount":0,"hasContent":false,"attachmentStep":false},{"name":"setup","time":{"start":1738875477389,"stop":1738875477390,"duration":1},"status":"passed","steps":[],"attachments":[],"parameters":[],"shouldDisplayMessage":false,"attachmentsCount":0,"stepsCount":0,"hasContent":false,"attachmentStep":false},{"name":"Инициализация локаторов","time":{"start":1738875477390,"stop":1738875477390,"duration":0},"status":"passed","steps":[{"name":"Инициализация локаторов","time":{"start":1738875477390,"stop":1738875477390,"duration":0},"status":"passed","steps":[],"attachments":[],"parameters":[{"name":"request","value":"<SubRequest 'elements' for <Function test_validation_of_the_invitation_code_field_when_entering_a_random_value>>"}],"shouldDisplayMessage":false,"attachmentsCount":0,"stepsCount":0,"hasContent":true,"attachmentStep":false}],"attachments":[],"parameters":[],"shouldDisplayMessage":false,"attachmentsCount":0,"stepsCount":1,"hasContent":true,"attachmentStep":false}],"testStage":{"status":"broken","statusMessage":"selenium.common.exceptions.TimeoutException: Message:","statusTrace":"self = <test_registration.TestRegistrationUser object at 0x7fc252ab6900>\nelements = {'Банк ачивок': {'Блок ачивок': ('xpath', '//div[contains(@class,\"user-achievement-by-interests_container\")]'), 'Модал...'carrot-messenger-frame'), 'Чат кэррот': ('xpath', '//div[contains(@class,\"carrot-messenger-frame-container\")]')}, ...}\n\n    @allure.title('Проверка валидации поля \"Код приглашения\" при вводе случайного значения')\n    @allure.severity('Critical')\n    @pytest.mark.regression\n    def test_validation_of_the_invitation_code_field_when_entering_a_random_value(self, elements):\n        with allure.step('Открыть страницу авторизации'):\n            self.authorization_page.open()\n            element = elements['Страница авторизации']\n    \n        with allure.step('Нажать кнопку \"По смс (Для России)\"'):\n            self.authorization_page.do_click(element['Кнопка по смс'])\n    \n        with allure.step('Нажать кнопку Далее'):\n            element = elements['Страница регистрации']\n            self.join_page.do_click(element['Кнопка далее'])\n    \n        with allure.step('В поле никнейм ввести любое валидное значение'):\n            username = f'-{fake.user_name()}.{fake.pyint(min_value=1, max_value=2)}_'\n            self.join_page.field_send_keys(element['Поле никнейм'], text=f'{username}')\n    \n        with allure.step('Нажать кнопку Далее'):\n            self.join_page.do_click(element['Кнопка далее'])\n    \n        with allure.step('В поле Пароль ввести пароль'):\n            self.join_page.field_send_keys(element['Поле пароль'], text=self.User.PASSWORD)\n    \n        with allure.step('В поле Повтори пароль ввести пароль еще раз'):\n            self.join_page.field_send_keys(element['Поле повтори пароль'], text=self.User.PASSWORD)\n    \n        with allure.step('Нажать на чекбокс \"У меня есть код приглашения\"'):\n            self.join_page.do_click(element['Чекбокс код приглашения'])\n    \n        with allure.step('В поле код приглашения ввести рандомный текст'):\n            self.join_page.field_send_keys(element['Поле код приглашения'], text=fake.pystr())\n    \n        with allure.step('Нажать кнопку далее'):\n            self.join_page.do_click(element['Кнопка далее'])\n    \n        with allure.step('Проверить, что под полем \"Код приглашения\" сработала валидация с текстом:'\n                         ' \"Неверный код приглашения\"'):\n>           self.assertion.text_in_element(element['Валидация поля код приглашения'],\n                                           expected_text='Неверный код приглашения')\n\ntests/test_registration.py:608: \n_ _ _ _ _ _ _ _ _ _ _ _ _ _ _ _ _ _ _ _ _ _ _ _ _ _ _ _ _ _ _ _ _ _ _ _ _ _ _ _ \nbase/base_assertion.py:26: in text_in_element\n    element = WebDriverWait(self.driver, timeout).until(\n_ _ _ _ _ _ _ _ _ _ _ _ _ _ _ _ _ _ _ _ _ _ _ _ _ _ _ _ _ _ _ _ _ _ _ _ _ _ _ _ \n\nself = <selenium.webdriver.support.wait.WebDriverWait (session=\"78e178a8db718c993d423ce94750b2b3\")>\nmethod = <function presence_of_element_located.<locals>._predicate at 0x7fc253970360>\nmessage = ''\n\n    def until(self, method: Callable[[D], Union[Literal[False], T]], message: str = \"\") -> T:\n        \"\"\"Calls the method provided with the driver as an argument until the \\\n        return value does not evaluate to ``False``.\n    \n        :param method: callable(WebDriver)\n        :param message: optional message for :exc:`TimeoutException`\n        :returns: the result of the last call to `method`\n        :raises: :exc:`selenium.common.exceptions.TimeoutException` if timeout occurs\n        \"\"\"\n        screen = None\n        stacktrace = None\n    \n        end_time = time.monotonic() + self._timeout\n        while True:\n            try:\n                value = method(self._driver)\n                if value:\n                    return value\n            except self._ignored_exceptions as exc:\n                screen = getattr(exc, \"screen\", None)\n                stacktrace = getattr(exc, \"stacktrace\", None)\n            if time.monotonic() > end_time:\n                break\n            time.sleep(self._poll)\n>       raise TimeoutException(message, screen, stacktrace)\nE       selenium.common.exceptions.TimeoutException: Message:\n\n../local/lib/python3.12/site-packages/selenium/webdriver/support/wait.py:105: TimeoutException","steps":[{"name":"Открыть страницу авторизации","time":{"start":1738875477390,"stop":1738875479559,"duration":2169},"status":"passed","steps":[],"attachments":[],"parameters":[],"shouldDisplayMessage":false,"attachmentsCount":0,"stepsCount":0,"hasContent":false,"attachmentStep":false},{"name":"Нажать кнопку \"По смс (Для России)\"","time":{"start":1738875479559,"stop":1738875483035,"duration":3476},"status":"passed","steps":[],"attachments":[],"parameters":[],"shouldDisplayMessage":false,"attachmentsCount":0,"stepsCount":0,"hasContent":false,"attachmentStep":false},{"name":"Нажать кнопку Далее","time":{"start":1738875483035,"stop":1738875483583,"duration":548},"status":"passed","steps":[],"attachments":[],"parameters":[],"shouldDisplayMessage":false,"attachmentsCount":0,"stepsCount":0,"hasContent":false,"attachmentStep":false},{"name":"В поле никнейм ввести любое валидное значение","time":{"start":1738875483583,"stop":1738875484150,"duration":567},"status":"passed","steps":[],"attachments":[],"parameters":[],"shouldDisplayMessage":false,"attachmentsCount":0,"stepsCount":0,"hasContent":false,"attachmentStep":false},{"name":"Нажать кнопку Далее","time":{"start":1738875484150,"stop":1738875484189,"duration":39},"status":"passed","steps":[],"attachments":[],"parameters":[],"shouldDisplayMessage":false,"attachmentsCount":0,"stepsCount":0,"hasContent":false,"attachmentStep":false},{"name":"В поле Пароль ввести пароль","time":{"start":1738875484189,"stop":1738875484741,"duration":552},"status":"passed","steps":[],"attachments":[],"parameters":[],"shouldDisplayMessage":false,"attachmentsCount":0,"stepsCount":0,"hasContent":false,"attachmentStep":false},{"name":"В поле Повтори пароль ввести пароль еще раз","time":{"start":1738875484741,"stop":1738875484789,"duration":48},"status":"passed","steps":[],"attachments":[],"parameters":[],"shouldDisplayMessage":false,"attachmentsCount":0,"stepsCount":0,"hasContent":false,"attachmentStep":false},{"name":"Нажать на чекбокс \"У меня есть код приглашения\"","time":{"start":1738875484789,"stop":1738875484834,"duration":45},"status":"passed","steps":[],"attachments":[],"parameters":[],"shouldDisplayMessage":false,"attachmentsCount":0,"stepsCount":0,"hasContent":false,"attachmentStep":false},{"name":"В поле код приглашения ввести рандомный текст","time":{"start":1738875484834,"stop":1738875484912,"duration":78},"status":"passed","steps":[],"attachments":[],"parameters":[],"shouldDisplayMessage":false,"attachmentsCount":0,"stepsCount":0,"hasContent":false,"attachmentStep":false},{"name":"Нажать кнопку далее","time":{"start":1738875484913,"stop":1738875484951,"duration":38},"status":"passed","steps":[],"attachments":[],"parameters":[],"shouldDisplayMessage":false,"attachmentsCount":0,"stepsCount":0,"hasContent":false,"attachmentStep":false},{"name":"Проверить, что под полем \"Код приглашения\" сработала валидация с текстом: \"Неверный код приглашения\"","time":{"start":1738875484952,"stop":1738875495074,"duration":10122},"status":"broken","statusMessage":"selenium.common.exceptions.TimeoutException: Message: \n\n","statusTrace":"  File \"/usr/workspace/tests/test_registration.py\", line 608, in test_validation_of_the_invitation_code_field_when_entering_a_random_value\n    self.assertion.text_in_element(element['Валидация поля код приглашения'],\n  File \"/usr/workspace/base/base_assertion.py\", line 26, in text_in_element\n    element = WebDriverWait(self.driver, timeout).until(\n              ^^^^^^^^^^^^^^^^^^^^^^^^^^^^^^^^^^^^^^^^^^\n  File \"/usr/local/lib/python3.12/site-packages/selenium/webdriver/support/wait.py\", line 105, in until\n    raise TimeoutException(message, screen, stacktrace)\n","steps":[],"attachments":[],"parameters":[],"shouldDisplayMessage":true,"attachmentsCount":0,"stepsCount":0,"hasContent":true,"attachmentStep":false}],"attachments":[],"parameters":[],"shouldDisplayMessage":true,"attachmentsCount":0,"stepsCount":11,"hasContent":true,"attachmentStep":false},"afterStages":[{"name":"driver::0","time":{"start":1738875495090,"stop":1738875495284,"duration":194},"status":"passed","steps":[],"attachments":[{"uid":"26e9201d2b78b247","name":"page_source","source":"26e9201d2b78b247.html","type":"text/html","size":17507},{"uid":"438c7f0bb3803f43","name":"screenshot","source":"438c7f0bb3803f43.png","type":"image/png","size":40141},{"uid":"2afd3afb2aa935b9","name":"browser_logs","source":"2afd3afb2aa935b9.txt","type":"text/plain","size":2708}],"parameters":[],"shouldDisplayMessage":false,"attachmentsCount":3,"stepsCount":0,"hasContent":true,"attachmentStep":false}],"labels":[{"name":"feature","value":"Регистрация пользователя"},{"name":"severity","value":"Critical"},{"name":"tag","value":"regression"},{"name":"tag","value":"registration"},{"name":"parentSuite","value":"tests"},{"name":"suite","value":"test_registration"},{"name":"subSuite","value":"TestRegistrationUser"},{"name":"host","value":"2fa5c50d49f6"},{"name":"thread","value":"1-MainThread"},{"name":"framework","value":"pytest"},{"name":"language","value":"cpython3"},{"name":"package","value":"tests.test_registration"},{"name":"resultFormat","value":"allure2"}],"parameters":[],"links":[],"hidden":false,"retry":false,"extra":{"severity":"critical","retries":[],"categories":[{"name":"Test defects","matchedStatuses":[],"flaky":false}],"history":{"statistic":{"failed":0,"broken":28,"skipped":0,"passed":27,"unknown":0,"total":55},"items":[{"uid":"8132b8485f04125d","status":"broken","statusDetails":"selenium.common.exceptions.TimeoutException: Message:","time":{"start":1738872796915,"stop":1738872817123,"duration":20208}},{"uid":"eda46a8465ce63ec","status":"broken","statusDetails":"selenium.common.exceptions.TimeoutException: Message:","time":{"start":1738865567009,"stop":1738865586487,"duration":19478}},{"uid":"39387533df5b7b19","status":"broken","statusDetails":"selenium.common.exceptions.TimeoutException: Message:","time":{"start":1738269680881,"stop":1738269701146,"duration":20265}},{"uid":"512e72388bbfa777","status":"broken","statusDetails":"selenium.common.exceptions.TimeoutException: Message:","time":{"start":1738100139642,"stop":1738100159635,"duration":19993}},{"uid":"444061ec392655e1","status":"broken","statusDetails":"selenium.common.exceptions.TimeoutException: Message:","time":{"start":1738005999011,"stop":1738006019314,"duration":20303}},{"uid":"eaf88e7585e2b89c","status":"broken","statusDetails":"selenium.common.exceptions.TimeoutException: Message:","time":{"start":1738003226492,"stop":1738003245995,"duration":19503}},{"uid":"20684be30152e175","status":"broken","statusDetails":"selenium.common.exceptions.TimeoutException: Message:","time":{"start":1737936498277,"stop":1737936636765,"duration":138488}},{"uid":"5fbce9406d77baf1","status":"broken","statusDetails":"selenium.common.exceptions.TimeoutException: Message:","time":{"start":1737843672345,"stop":1737843693818,"duration":21473}},{"uid":"3581702cf6bbe75a","status":"broken","statusDetails":"selenium.common.exceptions.TimeoutException: Message:","time":{"start":1737832793281,"stop":1737832812458,"duration":19177}},{"uid":"340b48d368ae52e","status":"broken","statusDetails":"selenium.common.exceptions.TimeoutException: Message:","time":{"start":1737800158271,"stop":1737800177650,"duration":19379}},{"uid":"72d558c10195aa13","status":"broken","statusDetails":"selenium.common.exceptions.TimeoutException: Message:","time":{"start":1737758417078,"stop":1737758436981,"duration":19903}},{"uid":"26f4228d0c007e2f","status":"broken","statusDetails":"selenium.common.exceptions.TimeoutException: Message:","time":{"start":1737745419967,"stop":1737745438954,"duration":18987}},{"uid":"d300c422771e274b","status":"broken","statusDetails":"selenium.common.exceptions.TimeoutException: Message: Не найден элемент с локатором ('xpath', '//label[@class=\"text-field_validation-message__nizJJ\"]')","time":{"start":1737653325075,"stop":1737653365607,"duration":40532}},{"uid":"9cc02328f29760b6","status":"broken","statusDetails":"selenium.common.exceptions.TimeoutException: Message: Не найден элемент с локатором ('xpath', '//input[@name=\"nickname\"]')","time":{"start":1737571277368,"stop":1737571316064,"duration":38696}},{"uid":"9a763d6bba73d52a","status":"broken","statusDetails":"selenium.common.exceptions.WebDriverException: Message: unknown error: Chrome failed to start: exited abnormally.\n  (unknown error: DevToolsActivePort file doesn't exist)\n  (The process started from chrome location /usr/bin/chromium-browser is no longer running, so ChromeDriver is assuming that Chrome has crashed.)","time":{"start":1737568973085,"stop":1737568973085,"duration":0}},{"uid":"24d301ec4b4c5e85","status":"broken","statusDetails":"selenium.common.exceptions.TimeoutException: Message: Не найден элемент с локатором ('xpath', '//label[@class=\"text-field_validation-message__nizJJ\"]')","time":{"start":1734035222626,"stop":1734035261860,"duration":39234}},{"uid":"1ce65f9977a88b7a","status":"broken","statusDetails":"selenium.common.exceptions.TimeoutException: Message:","time":{"start":1733938034155,"stop":1733938072569,"duration":38414}},{"uid":"db641e832f5fc620","status":"broken","statusDetails":"selenium.common.exceptions.TimeoutException: Message:","time":{"start":1733866664309,"stop":1733866703059,"duration":38750}},{"uid":"72bbb19d5e6415a0","status":"broken","statusDetails":"selenium.common.exceptions.TimeoutException: Message:","time":{"start":1733861102063,"stop":1733861140634,"duration":38571}},{"uid":"3356c611504b2fa8","status":"broken","statusDetails":"selenium.common.exceptions.TimeoutException: Message:","time":{"start":1733857522312,"stop":1733857560821,"duration":38509}}]},"tags":["regression","registration"]},"source":"7d3c1da716415cd4.json","parameterValues":[]}