{"uid":"81026ef6ecfa256e","name":"Проверка удаления аккаунта по причине \"Другая причина\"","fullName":"tests.test_editing_profile.TestEditingProfile#test_deletion_of_account_another_reason","historyId":"132ceffacf466992362f8e95be88f2ad","time":{"start":1733937230851,"stop":1733937230851,"duration":0},"description":"Сначала регистрируется новый пользователь, после удаляется по причине и проверяется, что при авторизации ему отображается уведомление","descriptionHtml":"<p>Сначала регистрируется новый пользователь, после удаляется по причине и проверяется, что при авторизации ему отображается уведомление</p>\n","status":"broken","statusMessage":"selenium.common.exceptions.StaleElementReferenceException: Message: stale element reference: element is not attached to the page document\n  (Session info: headless chrome=112.0.5615.165); For documentation on this error, please visit: https://www.selenium.dev/documentation/webdriver/troubleshooting/errors#stale-element-reference-exception","statusTrace":"driver = <selenium.webdriver.chrome.webdriver.WebDriver (session=\"30bd34aaa49bb387781142332070b4e6\")>\n\n    @pytest.fixture(scope='function')\n    @allure.title('Регистрация пользователя')\n    @allure.step('Регистрация пользователя')\n    def registration_user(driver):\n        \"\"\"\n        Фикстура регистрации нового пользователя\n    \n        :param driver:\n            принимает в себя экземпляр драйвера\n    \n        \"\"\"\n        authorization_page = AuthorizationPage(driver)\n        join_page = JoinPage(driver)\n        metabase = MetaBase(driver)\n        assertion = Assertion(driver)\n        rubric_page = RubricPage(driver)\n        main_page = MainPage(driver)\n    \n        authorization_page.open()\n>       authorization_page.do_click(config.locators.AuthorizationPageLocators.locators['Кнопка по смс'])\n\nfixtures/fixtures_for_registration_tests.py:38: \n_ _ _ _ _ _ _ _ _ _ _ _ _ _ _ _ _ _ _ _ _ _ _ _ _ _ _ _ _ _ _ _ _ _ _ _ _ _ _ _ \nbase/base_page.py:75: in do_click\n    elem = WebDriverWait(self.driver, wait_time).until(EC.element_to_be_clickable(locator))\n../local/lib/python3.12/site-packages/selenium/webdriver/support/wait.py:96: in until\n    value = method(self._driver)\n../local/lib/python3.12/site-packages/selenium/webdriver/support/expected_conditions.py:364: in _predicate\n    element = visibility_of(target)(driver)\n../local/lib/python3.12/site-packages/selenium/webdriver/support/expected_conditions.py:173: in _predicate\n    return _element_if_visible(element)\n../local/lib/python3.12/site-packages/selenium/webdriver/support/expected_conditions.py:179: in _element_if_visible\n    return element if element.is_displayed() == visibility else False\n../local/lib/python3.12/site-packages/selenium/webdriver/remote/webelement.py:252: in is_displayed\n    return self.parent.execute_script(f\"/* isDisplayed */return ({isDisplayed_js}).apply(null, arguments);\", self)\n../local/lib/python3.12/site-packages/selenium/webdriver/remote/webdriver.py:444: in execute_script\n    return self.execute(command, {\"script\": script, \"args\": converted_args})[\"value\"]\n../local/lib/python3.12/site-packages/selenium/webdriver/remote/webdriver.py:384: in execute\n    self.error_handler.check_response(response)\n_ _ _ _ _ _ _ _ _ _ _ _ _ _ _ _ _ _ _ _ _ _ _ _ _ _ _ _ _ _ _ _ _ _ _ _ _ _ _ _ \n\nself = <selenium.webdriver.remote.errorhandler.ErrorHandler object at 0x7f9accdf2ff0>\nresponse = {'status': 404, 'value': '{\"value\":{\"error\":\"stale element reference\",\"message\":\"stale element reference: element is not attached to the page document\\\\n  (Session info: headless chrome=112.0.5615.165)\",\"stacktrace\":\"\"}}'}\n\n    def check_response(self, response: Dict[str, Any]) -> None:\n        \"\"\"Checks that a JSON response from the WebDriver does not have an\n        error.\n    \n        :Args:\n         - response - The JSON response from the WebDriver server as a dictionary\n           object.\n    \n        :Raises: If the response contains an error message.\n        \"\"\"\n        status = response.get(\"status\", None)\n        if not status or status == ErrorCode.SUCCESS:\n            return\n        value = None\n        message = response.get(\"message\", \"\")\n        screen: str = response.get(\"screen\", \"\")\n        stacktrace = None\n        if isinstance(status, int):\n            value_json = response.get(\"value\", None)\n            if value_json and isinstance(value_json, str):\n                import json\n    \n                try:\n                    value = json.loads(value_json)\n                    if len(value) == 1:\n                        value = value[\"value\"]\n                    status = value.get(\"error\", None)\n                    if not status:\n                        status = value.get(\"status\", ErrorCode.UNKNOWN_ERROR)\n                        message = value.get(\"value\") or value.get(\"message\")\n                        if not isinstance(message, str):\n                            value = message\n                            message = message.get(\"message\")\n                    else:\n                        message = value.get(\"message\", None)\n                except ValueError:\n                    pass\n    \n        exception_class: Type[WebDriverException]\n        e = ErrorCode()\n        error_codes = [item for item in dir(e) if not item.startswith(\"__\")]\n        for error_code in error_codes:\n            error_info = getattr(ErrorCode, error_code)\n            if isinstance(error_info, list) and status in error_info:\n                exception_class = getattr(ExceptionMapping, error_code, WebDriverException)\n                break\n        else:\n            exception_class = WebDriverException\n    \n        if not value:\n            value = response[\"value\"]\n        if isinstance(value, str):\n            raise exception_class(value)\n        if message == \"\" and \"message\" in value:\n            message = value[\"message\"]\n    \n        screen = None  # type: ignore[assignment]\n        if \"screen\" in value:\n            screen = value[\"screen\"]\n    \n        stacktrace = None\n        st_value = value.get(\"stackTrace\") or value.get(\"stacktrace\")\n        if st_value:\n            if isinstance(st_value, str):\n                stacktrace = st_value.split(\"\\n\")\n            else:\n                stacktrace = []\n                try:\n                    for frame in st_value:\n                        line = frame.get(\"lineNumber\", \"\")\n                        file = frame.get(\"fileName\", \"<anonymous>\")\n                        if line:\n                            file = f\"{file}:{line}\"\n                        meth = frame.get(\"methodName\", \"<anonymous>\")\n                        if \"className\" in frame:\n                            meth = f\"{frame['className']}.{meth}\"\n                        msg = \"    at %s (%s)\"\n                        msg = msg % (meth, file)\n                        stacktrace.append(msg)\n                except TypeError:\n                    pass\n        if exception_class == UnexpectedAlertPresentException:\n            alert_text = None\n            if \"data\" in value:\n                alert_text = value[\"data\"].get(\"text\")\n            elif \"alert\" in value:\n                alert_text = value[\"alert\"].get(\"text\")\n            raise exception_class(message, screen, stacktrace, alert_text)  # type: ignore[call-arg]  # mypy is not smart enough here\n>       raise exception_class(message, screen, stacktrace)\nE       selenium.common.exceptions.StaleElementReferenceException: Message: stale element reference: element is not attached to the page document\nE         (Session info: headless chrome=112.0.5615.165); For documentation on this error, please visit: https://www.selenium.dev/documentation/webdriver/troubleshooting/errors#stale-element-reference-exception\n\n../local/lib/python3.12/site-packages/selenium/webdriver/remote/errorhandler.py:232: StaleElementReferenceException","flaky":false,"newFailed":false,"newBroken":true,"newPassed":false,"retriesCount":0,"retriesStatusChange":false,"beforeStages":[{"name":"_session_faker","time":{"start":1733936383632,"stop":1733936383633,"duration":1},"status":"passed","steps":[],"attachments":[],"parameters":[],"shouldDisplayMessage":false,"attachmentsCount":0,"stepsCount":0,"hasContent":false,"attachmentStep":false},{"name":"driver","time":{"start":1733937230851,"stop":1733937231276,"duration":425},"status":"passed","steps":[],"attachments":[],"parameters":[],"shouldDisplayMessage":false,"attachmentsCount":0,"stepsCount":0,"hasContent":false,"attachmentStep":false},{"name":"Инициализация локаторов","time":{"start":1733937231276,"stop":1733937231277,"duration":1},"status":"passed","steps":[{"name":"Инициализация локаторов","time":{"start":1733937231276,"stop":1733937231276,"duration":0},"status":"passed","steps":[],"attachments":[],"parameters":[{"name":"request","value":"<SubRequest 'elements' for <Function test_deletion_of_account_another_reason>>"}],"shouldDisplayMessage":false,"attachmentsCount":0,"stepsCount":0,"hasContent":true,"attachmentStep":false}],"attachments":[],"parameters":[],"shouldDisplayMessage":false,"attachmentsCount":0,"stepsCount":1,"hasContent":true,"attachmentStep":false},{"name":"setup","time":{"start":1733937231276,"stop":1733937231276,"duration":0},"status":"passed","steps":[],"attachments":[],"parameters":[],"shouldDisplayMessage":false,"attachmentsCount":0,"stepsCount":0,"hasContent":false,"attachmentStep":false},{"name":"Регистрация пользователя","time":{"start":1733937231277,"stop":1733937235644,"duration":4367},"status":"broken","statusMessage":"selenium.common.exceptions.StaleElementReferenceException: Message: stale element reference: element is not attached to the page document\n  (Session info: headless chrome=112.0.5615.165); For documentation on this error, please visit: https://www.selenium.dev/documentation/webdriver/troubleshooting/errors#stale-element-reference-exception\n\n","statusTrace":"  File \"/usr/local/lib/python3.12/site-packages/pluggy/_callers.py\", line 167, in _multicall\n    teardown.throw(outcome._exception)\n  File \"/usr/local/lib/python3.12/site-packages/_pytest/setuponly.py\", line 36, in pytest_fixture_setup\n    return (yield)\n            ^^^^^\n  File \"/usr/local/lib/python3.12/site-packages/pluggy/_callers.py\", line 103, in _multicall\n    res = hook_impl.function(*args)\n          ^^^^^^^^^^^^^^^^^^^^^^^^^\n  File \"/usr/local/lib/python3.12/site-packages/_pytest/fixtures.py\", line 1140, in pytest_fixture_setup\n    result = call_fixture_func(fixturefunc, request, kwargs)\n             ^^^^^^^^^^^^^^^^^^^^^^^^^^^^^^^^^^^^^^^^^^^^^^^\n  File \"/usr/local/lib/python3.12/site-packages/_pytest/fixtures.py\", line 898, in call_fixture_func\n    fixture_result = fixturefunc(**kwargs)\n                     ^^^^^^^^^^^^^^^^^^^^^\n  File \"/usr/local/lib/python3.12/site-packages/allure_commons/_allure.py\", line 192, in impl\n    return func(*a, **kw)\n           ^^^^^^^^^^^^^^\n  File \"/usr/workspace/fixtures/fixtures_for_registration_tests.py\", line 38, in registration_user\n    authorization_page.do_click(config.locators.AuthorizationPageLocators.locators['Кнопка по смс'])\n  File \"/usr/workspace/base/base_page.py\", line 75, in do_click\n    elem = WebDriverWait(self.driver, wait_time).until(EC.element_to_be_clickable(locator))\n           ^^^^^^^^^^^^^^^^^^^^^^^^^^^^^^^^^^^^^^^^^^^^^^^^^^^^^^^^^^^^^^^^^^^^^^^^^^^^^^^^\n  File \"/usr/local/lib/python3.12/site-packages/selenium/webdriver/support/wait.py\", line 96, in until\n    value = method(self._driver)\n            ^^^^^^^^^^^^^^^^^^^^\n  File \"/usr/local/lib/python3.12/site-packages/selenium/webdriver/support/expected_conditions.py\", line 364, in _predicate\n    element = visibility_of(target)(driver)\n              ^^^^^^^^^^^^^^^^^^^^^^^^^^^^^\n  File \"/usr/local/lib/python3.12/site-packages/selenium/webdriver/support/expected_conditions.py\", line 173, in _predicate\n    return _element_if_visible(element)\n           ^^^^^^^^^^^^^^^^^^^^^^^^^^^^\n  File \"/usr/local/lib/python3.12/site-packages/selenium/webdriver/support/expected_conditions.py\", line 179, in _element_if_visible\n    return element if element.is_displayed() == visibility else False\n                      ^^^^^^^^^^^^^^^^^^^^^^\n  File \"/usr/local/lib/python3.12/site-packages/selenium/webdriver/remote/webelement.py\", line 252, in is_displayed\n    return self.parent.execute_script(f\"/* isDisplayed */return ({isDisplayed_js}).apply(null, arguments);\", self)\n           ^^^^^^^^^^^^^^^^^^^^^^^^^^^^^^^^^^^^^^^^^^^^^^^^^^^^^^^^^^^^^^^^^^^^^^^^^^^^^^^^^^^^^^^^^^^^^^^^^^^^^^^\n  File \"/usr/local/lib/python3.12/site-packages/selenium/webdriver/remote/webdriver.py\", line 444, in execute_script\n    return self.execute(command, {\"script\": script, \"args\": converted_args})[\"value\"]\n           ^^^^^^^^^^^^^^^^^^^^^^^^^^^^^^^^^^^^^^^^^^^^^^^^^^^^^^^^^^^^^^^^^\n  File \"/usr/local/lib/python3.12/site-packages/selenium/webdriver/remote/webdriver.py\", line 384, in execute\n    self.error_handler.check_response(response)\n  File \"/usr/local/lib/python3.12/site-packages/selenium/webdriver/remote/errorhandler.py\", line 232, in check_response\n    raise exception_class(message, screen, stacktrace)\n","steps":[{"name":"Регистрация пользователя","time":{"start":1733937231277,"stop":1733937235642,"duration":4365},"status":"broken","statusMessage":"selenium.common.exceptions.StaleElementReferenceException: Message: stale element reference: element is not attached to the page document\n  (Session info: headless chrome=112.0.5615.165); For documentation on this error, please visit: https://www.selenium.dev/documentation/webdriver/troubleshooting/errors#stale-element-reference-exception\n\n","statusTrace":"  File \"/usr/local/lib/python3.12/site-packages/allure_commons/_allure.py\", line 192, in impl\n    return func(*a, **kw)\n           ^^^^^^^^^^^^^^\n  File \"/usr/workspace/fixtures/fixtures_for_registration_tests.py\", line 38, in registration_user\n    authorization_page.do_click(config.locators.AuthorizationPageLocators.locators['Кнопка по смс'])\n  File \"/usr/workspace/base/base_page.py\", line 75, in do_click\n    elem = WebDriverWait(self.driver, wait_time).until(EC.element_to_be_clickable(locator))\n           ^^^^^^^^^^^^^^^^^^^^^^^^^^^^^^^^^^^^^^^^^^^^^^^^^^^^^^^^^^^^^^^^^^^^^^^^^^^^^^^^\n  File \"/usr/local/lib/python3.12/site-packages/selenium/webdriver/support/wait.py\", line 96, in until\n    value = method(self._driver)\n            ^^^^^^^^^^^^^^^^^^^^\n  File \"/usr/local/lib/python3.12/site-packages/selenium/webdriver/support/expected_conditions.py\", line 364, in _predicate\n    element = visibility_of(target)(driver)\n              ^^^^^^^^^^^^^^^^^^^^^^^^^^^^^\n  File \"/usr/local/lib/python3.12/site-packages/selenium/webdriver/support/expected_conditions.py\", line 173, in _predicate\n    return _element_if_visible(element)\n           ^^^^^^^^^^^^^^^^^^^^^^^^^^^^\n  File \"/usr/local/lib/python3.12/site-packages/selenium/webdriver/support/expected_conditions.py\", line 179, in _element_if_visible\n    return element if element.is_displayed() == visibility else False\n                      ^^^^^^^^^^^^^^^^^^^^^^\n  File \"/usr/local/lib/python3.12/site-packages/selenium/webdriver/remote/webelement.py\", line 252, in is_displayed\n    return self.parent.execute_script(f\"/* isDisplayed */return ({isDisplayed_js}).apply(null, arguments);\", self)\n           ^^^^^^^^^^^^^^^^^^^^^^^^^^^^^^^^^^^^^^^^^^^^^^^^^^^^^^^^^^^^^^^^^^^^^^^^^^^^^^^^^^^^^^^^^^^^^^^^^^^^^^^\n  File \"/usr/local/lib/python3.12/site-packages/selenium/webdriver/remote/webdriver.py\", line 444, in execute_script\n    return self.execute(command, {\"script\": script, \"args\": converted_args})[\"value\"]\n           ^^^^^^^^^^^^^^^^^^^^^^^^^^^^^^^^^^^^^^^^^^^^^^^^^^^^^^^^^^^^^^^^^\n  File \"/usr/local/lib/python3.12/site-packages/selenium/webdriver/remote/webdriver.py\", line 384, in execute\n    self.error_handler.check_response(response)\n  File \"/usr/local/lib/python3.12/site-packages/selenium/webdriver/remote/errorhandler.py\", line 232, in check_response\n    raise exception_class(message, screen, stacktrace)\n","steps":[],"attachments":[],"parameters":[{"name":"driver","value":"<selenium.webdriver.chrome.webdriver.WebDriver (session=\"30bd34aaa49bb387781142332070b4e6\")>"}],"shouldDisplayMessage":true,"attachmentsCount":0,"stepsCount":0,"hasContent":true,"attachmentStep":false}],"attachments":[],"parameters":[],"shouldDisplayMessage":false,"attachmentsCount":0,"stepsCount":1,"hasContent":true,"attachmentStep":false}],"afterStages":[{"name":"driver::0","time":{"start":1733937235684,"stop":1733937236122,"duration":438},"status":"passed","steps":[],"attachments":[{"uid":"c2b1ac145a50245e","name":"page_source","source":"c2b1ac145a50245e.html","type":"text/html","size":12915},{"uid":"6877b9dbfc4244ca","name":"screenshot","source":"6877b9dbfc4244ca.png","type":"image/png","size":10996},{"uid":"b8550f03e3a19a6b","name":"browser_logs","source":"b8550f03e3a19a6b.txt","type":"text/plain","size":3729}],"parameters":[],"shouldDisplayMessage":false,"attachmentsCount":3,"stepsCount":0,"hasContent":true,"attachmentStep":false}],"labels":[{"name":"severity","value":"Critical"},{"name":"feature","value":"Редактирование профиля"},{"name":"tag","value":"regression"},{"name":"tag","value":"editing_profile"},{"name":"parentSuite","value":"tests"},{"name":"suite","value":"test_editing_profile"},{"name":"subSuite","value":"TestEditingProfile"},{"name":"host","value":"a60c0ead38aa"},{"name":"thread","value":"1-MainThread"},{"name":"framework","value":"pytest"},{"name":"language","value":"cpython3"},{"name":"package","value":"tests.test_editing_profile"},{"name":"resultFormat","value":"allure2"}],"parameters":[],"links":[],"hidden":false,"retry":false,"extra":{"severity":"critical","retries":[],"categories":[{"name":"Test defects","matchedStatuses":[],"flaky":false}],"history":{"statistic":{"failed":0,"broken":4,"skipped":0,"passed":14,"unknown":0,"total":18},"items":[{"uid":"6d35e1e36763ac71","status":"passed","time":{"start":1733865789615,"stop":1733865796788,"duration":7173}},{"uid":"b452eb68a48314fb","status":"passed","time":{"start":1733860231302,"stop":1733860238827,"duration":7525}},{"uid":"c18c9574ca42a10b","status":"passed","time":{"start":1733856815155,"stop":1733856822318,"duration":7163}},{"uid":"57ab380a210016c2","status":"passed","time":{"start":1733771707138,"stop":1733771715626,"duration":8488}},{"uid":"671acea2b47ae7d1","status":"passed","time":{"start":1733766057876,"stop":1733766064996,"duration":7120}},{"uid":"1896fb915a12a224","status":"broken","statusDetails":"selenium.common.exceptions.TimeoutException: Message:","time":{"start":1733421678526,"stop":1733421678526,"duration":0}},{"uid":"3313f71cad0ba687","status":"broken","statusDetails":"selenium.common.exceptions.TimeoutException: Message:","time":{"start":1726780218721,"stop":1726780218721,"duration":0}},{"uid":"dc744993f7ac6095","status":"broken","statusDetails":"selenium.common.exceptions.TimeoutException: Message:","time":{"start":1726776934216,"stop":1726776934216,"duration":0}},{"uid":"8307121945dec10a","status":"passed","time":{"start":1724098680157,"stop":1724098690504,"duration":10347}},{"uid":"f993f188a13b2c41","status":"passed","time":{"start":1723828845343,"stop":1723828855777,"duration":10434}},{"uid":"e33a4f7793079c5c","status":"passed","time":{"start":1723751211115,"stop":1723751221280,"duration":10165}},{"uid":"55baad4f731055bb","status":"passed","time":{"start":1723741670940,"stop":1723741680073,"duration":9133}},{"uid":"7b1bcc5d13b3cc93","status":"passed","time":{"start":1723664419921,"stop":1723664429190,"duration":9269}},{"uid":"deb2773606642121","status":"passed","time":{"start":1723578819732,"stop":1723578830102,"duration":10370}},{"uid":"c95a053da487241f","status":"passed","time":{"start":1723495948705,"stop":1723495958174,"duration":9469}},{"uid":"43a046a0d8fe7923","status":"passed","time":{"start":1723149857072,"stop":1723149866580,"duration":9508}},{"uid":"bef768913d4f94a0","status":"passed","time":{"start":1723148565192,"stop":1723148575542,"duration":10350}}]},"tags":["editing_profile","regression"]},"source":"81026ef6ecfa256e.json","parameterValues":[]}