{"uid":"8632349fb0ff5062","name":"Проверка можно изменить никнейм","fullName":"tests.test_editing_profile.TestEditingProfile#test_you_can_change_your_nickname","historyId":"5af1413db6c48e030524cc9a70ef831f","time":{"start":1738874918687,"stop":1738874918687,"duration":0},"description":"Проверяется на пользователе Aleska","descriptionHtml":"<p>Проверяется на пользователе Aleska</p>\n","status":"broken","statusMessage":"KeyError: 'access_token'","statusTrace":"request = <SubRequest 'login_to_app' for <Function test_you_can_change_your_nickname>>\ndriver = <selenium.webdriver.chrome.webdriver.WebDriver (session=\"6af84eb200c667a4b637ab8c1dbcab4b\")>\n\n    @pytest.fixture(scope='function')\n    @allure.title('Авторизация пользователя в системе')\n    @allure.step('Авторизация пользователя в системе')\n    def login_to_app(request, driver):\n        \"\"\" Фикстура Логина в систему \"\"\"\n        login_page = ApiAuthorization(driver)\n>       login_page.user(User.LOGIN, User.PASSWORD)\n\nconftest.py:53: \n_ _ _ _ _ _ _ _ _ _ _ _ _ _ _ _ _ _ _ _ _ _ _ _ _ _ _ _ _ _ _ _ _ _ _ _ _ _ _ _ \n\nself = <model.api.authorization.ApiAuthorization object at 0x7fc2535d4950>\nusername = 'Aleska', password = 'qwe123'\n\n    def user(self, username: str, password: str) -> None:\n        \"\"\"\n        Метод авторизации пользователя по средствам API.\n    \n        :param username: Логин пользователя\n        :param password: Пароль пользователя\n        \"\"\"\n        headers = {\n            'X-Client-Id': 'round',\n            'X-Client-Type': 'web',\n            'X-Language': 'ru'\n        }\n        data = {\n            'client_id': 'Krujok.Online.Mobile',\n            'grant_type': 'password',\n            'username': username,\n            'password': password\n        }\n    \n        response = requests.post(url=Api.TOKEN, headers=headers, data=data)\n>       access_token = response.json()[\"access_token\"]\nE       KeyError: 'access_token'\n\nmodel/api/authorization.py:30: KeyError","flaky":false,"newFailed":false,"newBroken":true,"newPassed":false,"retriesCount":0,"retriesStatusChange":false,"beforeStages":[{"name":"_session_faker","time":{"start":1738874486972,"stop":1738874486974,"duration":2},"status":"passed","steps":[],"attachments":[],"parameters":[],"shouldDisplayMessage":false,"attachmentsCount":0,"stepsCount":0,"hasContent":false,"attachmentStep":false},{"name":"driver","time":{"start":1738874918688,"stop":1738874919110,"duration":422},"status":"passed","steps":[],"attachments":[],"parameters":[],"shouldDisplayMessage":false,"attachmentsCount":0,"stepsCount":0,"hasContent":false,"attachmentStep":false},{"name":"Авторизация пользователя в системе","time":{"start":1738874919111,"stop":1738874919676,"duration":565},"status":"broken","statusMessage":"KeyError: 'access_token'\n","statusTrace":"  File \"/usr/local/lib/python3.12/site-packages/pluggy/_callers.py\", line 167, in _multicall\n    teardown.throw(outcome._exception)\n  File \"/usr/local/lib/python3.12/site-packages/_pytest/setuponly.py\", line 36, in pytest_fixture_setup\n    return (yield)\n            ^^^^^\n  File \"/usr/local/lib/python3.12/site-packages/pluggy/_callers.py\", line 103, in _multicall\n    res = hook_impl.function(*args)\n          ^^^^^^^^^^^^^^^^^^^^^^^^^\n  File \"/usr/local/lib/python3.12/site-packages/_pytest/fixtures.py\", line 1140, in pytest_fixture_setup\n    result = call_fixture_func(fixturefunc, request, kwargs)\n             ^^^^^^^^^^^^^^^^^^^^^^^^^^^^^^^^^^^^^^^^^^^^^^^\n  File \"/usr/local/lib/python3.12/site-packages/_pytest/fixtures.py\", line 898, in call_fixture_func\n    fixture_result = fixturefunc(**kwargs)\n                     ^^^^^^^^^^^^^^^^^^^^^\n  File \"/usr/local/lib/python3.12/site-packages/allure_commons/_allure.py\", line 192, in impl\n    return func(*a, **kw)\n           ^^^^^^^^^^^^^^\n  File \"/usr/workspace/conftest.py\", line 53, in login_to_app\n    login_page.user(User.LOGIN, User.PASSWORD)\n  File \"/usr/workspace/model/api/authorization.py\", line 30, in user\n    access_token = response.json()[\"access_token\"]\n                   ~~~~~~~~~~~~~~~^^^^^^^^^^^^^^^^\n","steps":[{"name":"Авторизация пользователя в системе","time":{"start":1738874919111,"stop":1738874919675,"duration":564},"status":"broken","statusMessage":"KeyError: 'access_token'\n","statusTrace":"  File \"/usr/local/lib/python3.12/site-packages/allure_commons/_allure.py\", line 192, in impl\n    return func(*a, **kw)\n           ^^^^^^^^^^^^^^\n  File \"/usr/workspace/conftest.py\", line 53, in login_to_app\n    login_page.user(User.LOGIN, User.PASSWORD)\n  File \"/usr/workspace/model/api/authorization.py\", line 30, in user\n    access_token = response.json()[\"access_token\"]\n                   ~~~~~~~~~~~~~~~^^^^^^^^^^^^^^^^\n","steps":[],"attachments":[],"parameters":[{"name":"request","value":"<SubRequest 'login_to_app' for <Function test_you_can_change_your_nickname>>"},{"name":"driver","value":"<selenium.webdriver.chrome.webdriver.WebDriver (session=\"6af84eb200c667a4b637ab8c1dbcab4b\")>"}],"shouldDisplayMessage":true,"attachmentsCount":0,"stepsCount":0,"hasContent":true,"attachmentStep":false}],"attachments":[],"parameters":[],"shouldDisplayMessage":false,"attachmentsCount":0,"stepsCount":1,"hasContent":true,"attachmentStep":false},{"name":"setup","time":{"start":1738874919111,"stop":1738874919111,"duration":0},"status":"passed","steps":[],"attachments":[],"parameters":[],"shouldDisplayMessage":false,"attachmentsCount":0,"stepsCount":0,"hasContent":false,"attachmentStep":false},{"name":"Инициализация локаторов","time":{"start":1738874919111,"stop":1738874919111,"duration":0},"status":"passed","steps":[{"name":"Инициализация локаторов","time":{"start":1738874919111,"stop":1738874919111,"duration":0},"status":"passed","steps":[],"attachments":[],"parameters":[{"name":"request","value":"<SubRequest 'elements' for <Function test_you_can_change_your_nickname>>"}],"shouldDisplayMessage":false,"attachmentsCount":0,"stepsCount":0,"hasContent":true,"attachmentStep":false}],"attachments":[],"parameters":[],"shouldDisplayMessage":false,"attachmentsCount":0,"stepsCount":1,"hasContent":true,"attachmentStep":false}],"afterStages":[{"name":"driver::0","time":{"start":1738874919684,"stop":1738874919868,"duration":184},"status":"passed","steps":[],"attachments":[{"uid":"dd5ec36b5d2f9f9b","name":"page_source","source":"dd5ec36b5d2f9f9b.html","type":"text/html","size":39},{"uid":"91139aea2da2b2d6","name":"screenshot","source":"91139aea2da2b2d6.png","type":"image/png","size":10592},{"uid":"3a13b5b9e60ac0f2","name":"browser_logs","source":"3a13b5b9e60ac0f2.txt","type":"text/plain","size":0}],"parameters":[],"shouldDisplayMessage":false,"attachmentsCount":3,"stepsCount":0,"hasContent":true,"attachmentStep":false}],"labels":[{"name":"severity","value":"Critical"},{"name":"feature","value":"Редактирование профиля"},{"name":"tag","value":"regression"},{"name":"tag","value":"editing_profile"},{"name":"parentSuite","value":"tests"},{"name":"suite","value":"test_editing_profile"},{"name":"subSuite","value":"TestEditingProfile"},{"name":"host","value":"2fa5c50d49f6"},{"name":"thread","value":"1-MainThread"},{"name":"framework","value":"pytest"},{"name":"language","value":"cpython3"},{"name":"package","value":"tests.test_editing_profile"},{"name":"resultFormat","value":"allure2"}],"parameters":[],"links":[],"hidden":false,"retry":false,"extra":{"severity":"critical","retries":[],"categories":[{"name":"Test defects","matchedStatuses":[],"flaky":false}],"history":{"statistic":{"failed":0,"broken":4,"skipped":0,"passed":38,"unknown":0,"total":42},"items":[{"uid":"e30f423761b5c38","status":"passed","time":{"start":1738871581734,"stop":1738871588466,"duration":6732}},{"uid":"4fd83261a0e7021b","status":"broken","statusDetails":"selenium.common.exceptions.StaleElementReferenceException: Message: stale element reference: element is not attached to the page document\n  (Session info: headless chrome=112.0.5615.165); For documentation on this error, please visit: https://www.selenium.dev/documentation/webdriver/troubleshooting/errors#stale-element-reference-exception","time":{"start":1738864917848,"stop":1738864923290,"duration":5442}},{"uid":"a84ed7b0e1042b75","status":"passed","time":{"start":1738268572661,"stop":1738268580414,"duration":7753}},{"uid":"5478376fa555deff","status":"passed","time":{"start":1738099011962,"stop":1738099018174,"duration":6212}},{"uid":"5ae760cbdac93f73","status":"passed","time":{"start":1738005023476,"stop":1738005029681,"duration":6205}},{"uid":"636de1212c0d62c2","status":"passed","time":{"start":1738002352581,"stop":1738002358929,"duration":6348}},{"uid":"b0abf6131cefe281","status":"passed","time":{"start":1737928091012,"stop":1737928129865,"duration":38853}},{"uid":"c59d8d030324cc9a","status":"passed","time":{"start":1737842630875,"stop":1737842638642,"duration":7767}},{"uid":"d1788e592dab9476","status":"passed","time":{"start":1737831917763,"stop":1737831925507,"duration":7744}},{"uid":"376e1634ae1ac097","status":"passed","time":{"start":1737799253694,"stop":1737799261461,"duration":7767}},{"uid":"49a73a6deb2537c3","status":"passed","time":{"start":1737757527080,"stop":1737757534810,"duration":7730}},{"uid":"7efaa490a52e6d8b","status":"passed","time":{"start":1737744485092,"stop":1737744492840,"duration":7748}},{"uid":"c608713815489703","status":"broken","statusDetails":"selenium.common.exceptions.TimeoutException: Message: Не найден элемент с локатором ('xpath', '//div[contains(@class,\"user-info_about\")]')","time":{"start":1737652269373,"stop":1737652304858,"duration":35485}},{"uid":"e834712cfb76cb8a","status":"passed","time":{"start":1737569893206,"stop":1737569902142,"duration":8936}},{"uid":"e0f8bd4f51b39278","status":"broken","statusDetails":"selenium.common.exceptions.WebDriverException: Message: unknown error: Chrome failed to start: exited abnormally.\n  (unknown error: DevToolsActivePort file doesn't exist)\n  (The process started from chrome location /usr/bin/chromium-browser is no longer running, so ChromeDriver is assuming that Chrome has crashed.)","time":{"start":1737568961214,"stop":1737568961214,"duration":0}},{"uid":"e5d9e76d640049ab","status":"passed","time":{"start":1734034326107,"stop":1734034332506,"duration":6399}},{"uid":"bdedcac584185442","status":"passed","time":{"start":1733937002206,"stop":1733937009936,"duration":7730}},{"uid":"84ae6ba65fe040b5","status":"passed","time":{"start":1733865461949,"stop":1733865468130,"duration":6181}},{"uid":"5d00d851f0cd4015","status":"passed","time":{"start":1733859941340,"stop":1733859947612,"duration":6272}},{"uid":"634564cbc140b8b3","status":"passed","time":{"start":1733856570572,"stop":1733856576825,"duration":6253}}]},"tags":["editing_profile","regression"]},"source":"8632349fb0ff5062.json","parameterValues":[]}