{"uid":"864a4d06d67a77e5","name":"Проверка при нажатии в поп ап Редактировать профиль открывается страница редактирования","fullName":"tests.test_menu_profile.TestMenuProfile#test_button_edit_user_profile","historyId":"d3c3ffdf1e953224e9753f46b94fbcc8","time":{"start":1733421844903,"stop":1733421844903,"duration":0},"description":"Проверяется на пользователе Aleska","descriptionHtml":"<p>Проверяется на пользователе Aleska</p>\n","status":"broken","statusMessage":"selenium.common.exceptions.TimeoutException: Message: Не найден элемент с локатором ('xpath', '//button[@data-testing=\"after_register_dialog__btn_choose_later\"]')","statusTrace":"request = <SubRequest 'login_to_app' for <Function test_button_edit_user_profile>>\ndriver = <selenium.webdriver.chrome.webdriver.WebDriver (session=\"768adf69d2bff414aadf98ccff51dbe6\")>\n\n    @pytest.fixture(scope='function')\n    @allure.title('Авторизация пользователя в системе')\n    @allure.step('Авторизация пользователя в системе')\n    def login_to_app(request, driver):\n        \"\"\" Логин в систему \"\"\"\n        login_page = ApiAuthorization(driver)\n        login_page.user(User.LOGIN, User.PASSWORD)\n>       later = login_page.find_element(config.locators.RubricPageLocators.locators['Кнопка выберу потом'])\n\nconftest.py:52: \n_ _ _ _ _ _ _ _ _ _ _ _ _ _ _ _ _ _ _ _ _ _ _ _ _ _ _ _ _ _ _ _ _ _ _ _ _ _ _ _ \nbase/base_page.py:140: in find_element\n    return self.wait.until(EC.visibility_of_element_located(locator),\n_ _ _ _ _ _ _ _ _ _ _ _ _ _ _ _ _ _ _ _ _ _ _ _ _ _ _ _ _ _ _ _ _ _ _ _ _ _ _ _ \n\nself = <selenium.webdriver.support.wait.WebDriverWait (session=\"768adf69d2bff414aadf98ccff51dbe6\")>\nmethod = <function visibility_of_element_located.<locals>._predicate at 0x7f98df0734c0>\nmessage = 'Не найден элемент с локатором (\\'xpath\\', \\'//button[@data-testing=\"after_register_dialog__btn_choose_later\"]\\')'\n\n    def until(self, method: Callable[[D], Union[Literal[False], T]], message: str = \"\") -> T:\n        \"\"\"Calls the method provided with the driver as an argument until the \\\n        return value does not evaluate to ``False``.\n    \n        :param method: callable(WebDriver)\n        :param message: optional message for :exc:`TimeoutException`\n        :returns: the result of the last call to `method`\n        :raises: :exc:`selenium.common.exceptions.TimeoutException` if timeout occurs\n        \"\"\"\n        screen = None\n        stacktrace = None\n    \n        end_time = time.monotonic() + self._timeout\n        while True:\n            try:\n                value = method(self._driver)\n                if value:\n                    return value\n            except self._ignored_exceptions as exc:\n                screen = getattr(exc, \"screen\", None)\n                stacktrace = getattr(exc, \"stacktrace\", None)\n            if time.monotonic() > end_time:\n                break\n            time.sleep(self._poll)\n>       raise TimeoutException(message, screen, stacktrace)\nE       selenium.common.exceptions.TimeoutException: Message: Не найден элемент с локатором ('xpath', '//button[@data-testing=\"after_register_dialog__btn_choose_later\"]')\n\n../local/lib/python3.12/site-packages/selenium/webdriver/support/wait.py:105: TimeoutException","flaky":false,"newFailed":false,"newBroken":true,"newPassed":false,"retriesCount":0,"retriesStatusChange":false,"beforeStages":[{"name":"_session_faker","time":{"start":1733421090315,"stop":1733421090316,"duration":1},"status":"passed","steps":[],"attachments":[],"parameters":[],"shouldDisplayMessage":false,"attachmentsCount":0,"stepsCount":0,"hasContent":false,"attachmentStep":false},{"name":"driver","time":{"start":1733421844904,"stop":1733421845332,"duration":428},"status":"passed","steps":[],"attachments":[],"parameters":[],"shouldDisplayMessage":false,"attachmentsCount":0,"stepsCount":0,"hasContent":false,"attachmentStep":false},{"name":"setup","time":{"start":1733421845332,"stop":1733421845332,"duration":0},"status":"passed","steps":[],"attachments":[],"parameters":[],"shouldDisplayMessage":false,"attachmentsCount":0,"stepsCount":0,"hasContent":false,"attachmentStep":false},{"name":"Инициализация локаторов","time":{"start":1733421845332,"stop":1733421845332,"duration":0},"status":"passed","steps":[{"name":"Инициализация локаторов","time":{"start":1733421845332,"stop":1733421845332,"duration":0},"status":"passed","steps":[],"attachments":[],"parameters":[{"name":"request","value":"<SubRequest 'elements' for <Function test_button_edit_user_profile>>"}],"shouldDisplayMessage":false,"attachmentsCount":0,"stepsCount":0,"hasContent":true,"attachmentStep":false}],"attachments":[],"parameters":[],"shouldDisplayMessage":false,"attachmentsCount":0,"stepsCount":1,"hasContent":true,"attachmentStep":false},{"name":"Авторизация пользователя в системе","time":{"start":1733421845332,"stop":1733421879857,"duration":34525},"status":"broken","statusMessage":"selenium.common.exceptions.TimeoutException: Message: Не найден элемент с локатором ('xpath', '//button[@data-testing=\"after_register_dialog__btn_choose_later\"]')\n\n","statusTrace":"  File \"/usr/local/lib/python3.12/site-packages/pluggy/_callers.py\", line 167, in _multicall\n    teardown.throw(outcome._exception)\n  File \"/usr/local/lib/python3.12/site-packages/_pytest/setuponly.py\", line 36, in pytest_fixture_setup\n    return (yield)\n            ^^^^^\n  File \"/usr/local/lib/python3.12/site-packages/pluggy/_callers.py\", line 103, in _multicall\n    res = hook_impl.function(*args)\n          ^^^^^^^^^^^^^^^^^^^^^^^^^\n  File \"/usr/local/lib/python3.12/site-packages/_pytest/fixtures.py\", line 1140, in pytest_fixture_setup\n    result = call_fixture_func(fixturefunc, request, kwargs)\n             ^^^^^^^^^^^^^^^^^^^^^^^^^^^^^^^^^^^^^^^^^^^^^^^\n  File \"/usr/local/lib/python3.12/site-packages/_pytest/fixtures.py\", line 898, in call_fixture_func\n    fixture_result = fixturefunc(**kwargs)\n                     ^^^^^^^^^^^^^^^^^^^^^\n  File \"/usr/local/lib/python3.12/site-packages/allure_commons/_allure.py\", line 192, in impl\n    return func(*a, **kw)\n           ^^^^^^^^^^^^^^\n  File \"/usr/workspace/conftest.py\", line 52, in login_to_app\n    later = login_page.find_element(config.locators.RubricPageLocators.locators['Кнопка выберу потом'])\n            ^^^^^^^^^^^^^^^^^^^^^^^^^^^^^^^^^^^^^^^^^^^^^^^^^^^^^^^^^^^^^^^^^^^^^^^^^^^^^^^^^^^^^^^^^^^\n  File \"/usr/workspace/base/base_page.py\", line 140, in find_element\n    return self.wait.until(EC.visibility_of_element_located(locator),\n           ^^^^^^^^^^^^^^^^^^^^^^^^^^^^^^^^^^^^^^^^^^^^^^^^^^^^^^^^^^\n  File \"/usr/local/lib/python3.12/site-packages/selenium/webdriver/support/wait.py\", line 105, in until\n    raise TimeoutException(message, screen, stacktrace)\n","steps":[{"name":"Авторизация пользователя в системе","time":{"start":1733421845332,"stop":1733421879857,"duration":34525},"status":"broken","statusMessage":"selenium.common.exceptions.TimeoutException: Message: Не найден элемент с локатором ('xpath', '//button[@data-testing=\"after_register_dialog__btn_choose_later\"]')\n\n","statusTrace":"  File \"/usr/local/lib/python3.12/site-packages/allure_commons/_allure.py\", line 192, in impl\n    return func(*a, **kw)\n           ^^^^^^^^^^^^^^\n  File \"/usr/workspace/conftest.py\", line 52, in login_to_app\n    later = login_page.find_element(config.locators.RubricPageLocators.locators['Кнопка выберу потом'])\n            ^^^^^^^^^^^^^^^^^^^^^^^^^^^^^^^^^^^^^^^^^^^^^^^^^^^^^^^^^^^^^^^^^^^^^^^^^^^^^^^^^^^^^^^^^^^\n  File \"/usr/workspace/base/base_page.py\", line 140, in find_element\n    return self.wait.until(EC.visibility_of_element_located(locator),\n           ^^^^^^^^^^^^^^^^^^^^^^^^^^^^^^^^^^^^^^^^^^^^^^^^^^^^^^^^^^\n  File \"/usr/local/lib/python3.12/site-packages/selenium/webdriver/support/wait.py\", line 105, in until\n    raise TimeoutException(message, screen, stacktrace)\n","steps":[],"attachments":[],"parameters":[{"name":"request","value":"<SubRequest 'login_to_app' for <Function test_button_edit_user_profile>>"},{"name":"driver","value":"<selenium.webdriver.chrome.webdriver.WebDriver (session=\"768adf69d2bff414aadf98ccff51dbe6\")>"}],"shouldDisplayMessage":true,"attachmentsCount":0,"stepsCount":0,"hasContent":true,"attachmentStep":false}],"attachments":[],"parameters":[],"shouldDisplayMessage":false,"attachmentsCount":0,"stepsCount":1,"hasContent":true,"attachmentStep":false}],"afterStages":[{"name":"driver::0","time":{"start":1733421879867,"stop":1733421880111,"duration":244},"status":"passed","steps":[],"attachments":[{"uid":"94e14461f9b2b208","name":"page_source","source":"94e14461f9b2b208.html","type":"text/html","size":39248},{"uid":"448ca3b8b2c525e4","name":"screenshot","source":"448ca3b8b2c525e4.png","type":"image/png","size":151708},{"uid":"683aad299fb2812","name":"browser_logs","source":"683aad299fb2812.txt","type":"text/plain","size":4825}],"parameters":[],"shouldDisplayMessage":false,"attachmentsCount":3,"stepsCount":0,"hasContent":true,"attachmentStep":false}],"labels":[{"name":"severity","value":"Critical"},{"name":"feature","value":"Меню профиля"},{"name":"tag","value":"regression"},{"name":"tag","value":"menu_profile"},{"name":"parentSuite","value":"tests"},{"name":"suite","value":"test_menu_profile"},{"name":"subSuite","value":"TestMenuProfile"},{"name":"host","value":"511a3a5ccd0d"},{"name":"thread","value":"1-MainThread"},{"name":"framework","value":"pytest"},{"name":"language","value":"cpython3"},{"name":"package","value":"tests.test_menu_profile"},{"name":"resultFormat","value":"allure2"}],"parameters":[],"links":[],"hidden":false,"retry":false,"extra":{"severity":"critical","retries":[],"categories":[{"name":"Test defects","matchedStatuses":[],"flaky":false}],"history":{"statistic":{"failed":0,"broken":2,"skipped":0,"passed":18,"unknown":0,"total":20},"items":[{"uid":"5be5c405f0ac8f58","status":"passed","time":{"start":1726780356942,"stop":1726780359655,"duration":2713}},{"uid":"a59d74e086f99e5f","status":"passed","time":{"start":1726777071455,"stop":1726777074150,"duration":2695}},{"uid":"d42c98b4932a40cc","status":"passed","time":{"start":1724098859219,"stop":1724098861901,"duration":2682}},{"uid":"58a37aab665a0ae2","status":"passed","time":{"start":1723829044910,"stop":1723829048093,"duration":3183}},{"uid":"fd190334567e29dc","status":"passed","time":{"start":1723751376071,"stop":1723751379759,"duration":3688}},{"uid":"a978a2334e2997ce","status":"passed","time":{"start":1723741800350,"stop":1723741803030,"duration":2680}},{"uid":"b976962bf663ef69","status":"broken","statusDetails":"KeyError: 'access_token'","time":{"start":1723664434532,"stop":1723664434532,"duration":0}},{"uid":"7ff0a207b43e16ea","status":"passed","time":{"start":1723578951490,"stop":1723578954166,"duration":2676}},{"uid":"ba8dd5a218fd3324","status":"passed","time":{"start":1723496125070,"stop":1723496127748,"duration":2678}},{"uid":"f133f90eaac4b3fb","status":"passed","time":{"start":1723149949711,"stop":1723149951883,"duration":2172}},{"uid":"e13a981f98f8ce69","status":"passed","time":{"start":1723148657867,"stop":1723148660035,"duration":2168}},{"uid":"c86cab07fdf2beb8","status":"passed","time":{"start":1723146937189,"stop":1723146939369,"duration":2180}},{"uid":"86cbc1dacc0a41bb","status":"passed","time":{"start":1723065128233,"stop":1723065130407,"duration":2174}},{"uid":"14e2b827c5b2f6ae","status":"passed","time":{"start":1722976659520,"stop":1722976662198,"duration":2678}},{"uid":"527cf4e174800cdf","status":"passed","time":{"start":1722891848073,"stop":1722891850733,"duration":2660}},{"uid":"dab33646f6a9428f","status":"passed","time":{"start":1722625620851,"stop":1722625623527,"duration":2676}},{"uid":"c825baa23d83ec81","status":"passed","time":{"start":1722546254197,"stop":1722546256868,"duration":2671}},{"uid":"eb67af603db8080b","status":"passed","time":{"start":1722370044127,"stop":1722370046799,"duration":2672}},{"uid":"1856c78baeec40c8","status":"passed","time":{"start":1722283021402,"stop":1722283024573,"duration":3171}}]},"tags":["regression","menu_profile"]},"source":"864a4d06d67a77e5.json","parameterValues":[]}