{"uid":"8688b27596c79d9","name":"Регистрация пользователя по номеру телефона","fullName":"tests.test_registration.TestRegistrationUser#test_registering_a_new_user_by_phone_number","historyId":"466fc968f032aaed759fe07653732bba","time":{"start":1726780636301,"stop":1726780648129,"duration":11828},"description":"При проверке так же проверяем, что никнейм может иметь в себе: цифры, точку (только в середине), дефис, нижнее подчеркивание","descriptionHtml":"<p>При проверке так же проверяем, что никнейм может иметь в себе: цифры, точку (только в середине), дефис, нижнее подчеркивание</p>\n","status":"broken","statusMessage":"selenium.common.exceptions.TimeoutException: Message:","statusTrace":"self = <test_registration.TestRegistrationUser object at 0x7f56d17e16a0>\nelements = {'Банк ачивок': {'Блок ачивок': ('xpath', '//div[contains(@class,\"user-achievement-by-interests_container\")]'), 'Модал...-sheet_icons\")]'), 'Название ачивки': ('xpath', '//div[contains(@class,\"achievement-item-bottom-sheet_title\")]')}, ...}\n\n    @allure.title('Регистрация пользователя по номеру телефона')\n    @allure.description('При проверке так же проверяем, что никнейм может иметь в себе: '\n                        'цифры, точку (только в середине), дефис, нижнее подчеркивание')\n    @allure.severity('Critical')\n    @pytest.mark.regression\n    def test_registering_a_new_user_by_phone_number(self, elements):\n        with allure.step('Открыть страницу авторизации'):\n            self.authorization_page.open()\n            element = elements['Страница авторизации']\n    \n        with allure.step('Нажать кнопку \"По смс (Для России)\"'):\n>           self.authorization_page.do_click(element['Кнопка по смс'])\n\ntests/test_registration.py:27: \n_ _ _ _ _ _ _ _ _ _ _ _ _ _ _ _ _ _ _ _ _ _ _ _ _ _ _ _ _ _ _ _ _ _ _ _ _ _ _ _ \nbase/base_page.py:75: in do_click\n    elem = WebDriverWait(self.driver, wait_time).until(EC.element_to_be_clickable(locator))\n_ _ _ _ _ _ _ _ _ _ _ _ _ _ _ _ _ _ _ _ _ _ _ _ _ _ _ _ _ _ _ _ _ _ _ _ _ _ _ _ \n\nself = <selenium.webdriver.support.wait.WebDriverWait (session=\"213060e3b6bf962d879b1ec8d042859a\")>\nmethod = <function element_to_be_clickable.<locals>._predicate at 0x7f56d2233100>\nmessage = ''\n\n    def until(self, method: Callable[[D], Union[Literal[False], T]], message: str = \"\") -> T:\n        \"\"\"Calls the method provided with the driver as an argument until the \\\n        return value does not evaluate to ``False``.\n    \n        :param method: callable(WebDriver)\n        :param message: optional message for :exc:`TimeoutException`\n        :returns: the result of the last call to `method`\n        :raises: :exc:`selenium.common.exceptions.TimeoutException` if timeout occurs\n        \"\"\"\n        screen = None\n        stacktrace = None\n    \n        end_time = time.monotonic() + self._timeout\n        while True:\n            try:\n                value = method(self._driver)\n                if value:\n                    return value\n            except self._ignored_exceptions as exc:\n                screen = getattr(exc, \"screen\", None)\n                stacktrace = getattr(exc, \"stacktrace\", None)\n            time.sleep(self._poll)\n            if time.monotonic() > end_time:\n                break\n>       raise TimeoutException(message, screen, stacktrace)\nE       selenium.common.exceptions.TimeoutException: Message:\n\n../local/lib/python3.12/site-packages/selenium/webdriver/support/wait.py:105: TimeoutException","flaky":false,"newFailed":false,"newBroken":false,"newPassed":false,"retriesCount":0,"retriesStatusChange":false,"beforeStages":[{"name":"_session_faker","time":{"start":1726779742788,"stop":1726779742808,"duration":20},"status":"passed","steps":[],"attachments":[],"parameters":[],"shouldDisplayMessage":false,"attachmentsCount":0,"hasContent":false,"stepsCount":0,"attachmentStep":false},{"name":"driver","time":{"start":1726780635872,"stop":1726780636300,"duration":428},"status":"passed","steps":[],"attachments":[],"parameters":[],"shouldDisplayMessage":false,"attachmentsCount":0,"hasContent":false,"stepsCount":0,"attachmentStep":false},{"name":"setup","time":{"start":1726780636300,"stop":1726780636301,"duration":1},"status":"passed","steps":[],"attachments":[],"parameters":[],"shouldDisplayMessage":false,"attachmentsCount":0,"hasContent":false,"stepsCount":0,"attachmentStep":false},{"name":"Инициализация локаторов","time":{"start":1726780636301,"stop":1726780636301,"duration":0},"status":"passed","steps":[{"name":"Инициализация локаторов","time":{"start":1726780636301,"stop":1726780636301,"duration":0},"status":"passed","steps":[],"attachments":[],"parameters":[{"name":"request","value":"<SubRequest 'elements' for <Function test_registering_a_new_user_by_phone_number>>"}],"shouldDisplayMessage":false,"attachmentsCount":0,"hasContent":true,"stepsCount":0,"attachmentStep":false}],"attachments":[],"parameters":[],"shouldDisplayMessage":false,"attachmentsCount":0,"hasContent":true,"stepsCount":1,"attachmentStep":false}],"testStage":{"description":"При проверке так же проверяем, что никнейм может иметь в себе: цифры, точку (только в середине), дефис, нижнее подчеркивание","status":"broken","statusMessage":"selenium.common.exceptions.TimeoutException: Message:","statusTrace":"self = <test_registration.TestRegistrationUser object at 0x7f56d17e16a0>\nelements = {'Банк ачивок': {'Блок ачивок': ('xpath', '//div[contains(@class,\"user-achievement-by-interests_container\")]'), 'Модал...-sheet_icons\")]'), 'Название ачивки': ('xpath', '//div[contains(@class,\"achievement-item-bottom-sheet_title\")]')}, ...}\n\n    @allure.title('Регистрация пользователя по номеру телефона')\n    @allure.description('При проверке так же проверяем, что никнейм может иметь в себе: '\n                        'цифры, точку (только в середине), дефис, нижнее подчеркивание')\n    @allure.severity('Critical')\n    @pytest.mark.regression\n    def test_registering_a_new_user_by_phone_number(self, elements):\n        with allure.step('Открыть страницу авторизации'):\n            self.authorization_page.open()\n            element = elements['Страница авторизации']\n    \n        with allure.step('Нажать кнопку \"По смс (Для России)\"'):\n>           self.authorization_page.do_click(element['Кнопка по смс'])\n\ntests/test_registration.py:27: \n_ _ _ _ _ _ _ _ _ _ _ _ _ _ _ _ _ _ _ _ _ _ _ _ _ _ _ _ _ _ _ _ _ _ _ _ _ _ _ _ \nbase/base_page.py:75: in do_click\n    elem = WebDriverWait(self.driver, wait_time).until(EC.element_to_be_clickable(locator))\n_ _ _ _ _ _ _ _ _ _ _ _ _ _ _ _ _ _ _ _ _ _ _ _ _ _ _ _ _ _ _ _ _ _ _ _ _ _ _ _ \n\nself = <selenium.webdriver.support.wait.WebDriverWait (session=\"213060e3b6bf962d879b1ec8d042859a\")>\nmethod = <function element_to_be_clickable.<locals>._predicate at 0x7f56d2233100>\nmessage = ''\n\n    def until(self, method: Callable[[D], Union[Literal[False], T]], message: str = \"\") -> T:\n        \"\"\"Calls the method provided with the driver as an argument until the \\\n        return value does not evaluate to ``False``.\n    \n        :param method: callable(WebDriver)\n        :param message: optional message for :exc:`TimeoutException`\n        :returns: the result of the last call to `method`\n        :raises: :exc:`selenium.common.exceptions.TimeoutException` if timeout occurs\n        \"\"\"\n        screen = None\n        stacktrace = None\n    \n        end_time = time.monotonic() + self._timeout\n        while True:\n            try:\n                value = method(self._driver)\n                if value:\n                    return value\n            except self._ignored_exceptions as exc:\n                screen = getattr(exc, \"screen\", None)\n                stacktrace = getattr(exc, \"stacktrace\", None)\n            time.sleep(self._poll)\n            if time.monotonic() > end_time:\n                break\n>       raise TimeoutException(message, screen, stacktrace)\nE       selenium.common.exceptions.TimeoutException: Message:\n\n../local/lib/python3.12/site-packages/selenium/webdriver/support/wait.py:105: TimeoutException","steps":[{"name":"Открыть страницу авторизации","time":{"start":1726780636301,"stop":1726780637841,"duration":1540},"status":"passed","steps":[],"attachments":[],"parameters":[],"shouldDisplayMessage":false,"attachmentsCount":0,"hasContent":false,"stepsCount":0,"attachmentStep":false},{"name":"Нажать кнопку \"По смс (Для России)\"","time":{"start":1726780637841,"stop":1726780648128,"duration":10287},"status":"broken","statusMessage":"selenium.common.exceptions.TimeoutException: Message: \n\n","statusTrace":"  File \"/usr/workspace/tests/test_registration.py\", line 27, in test_registering_a_new_user_by_phone_number\n    self.authorization_page.do_click(element['Кнопка по смс'])\n  File \"/usr/workspace/base/base_page.py\", line 75, in do_click\n    elem = WebDriverWait(self.driver, wait_time).until(EC.element_to_be_clickable(locator))\n           ^^^^^^^^^^^^^^^^^^^^^^^^^^^^^^^^^^^^^^^^^^^^^^^^^^^^^^^^^^^^^^^^^^^^^^^^^^^^^^^^\n  File \"/usr/local/lib/python3.12/site-packages/selenium/webdriver/support/wait.py\", line 105, in until\n    raise TimeoutException(message, screen, stacktrace)\n","steps":[],"attachments":[],"parameters":[],"shouldDisplayMessage":true,"attachmentsCount":0,"hasContent":true,"stepsCount":0,"attachmentStep":false}],"attachments":[],"parameters":[],"shouldDisplayMessage":true,"attachmentsCount":0,"hasContent":true,"stepsCount":2,"attachmentStep":false},"afterStages":[{"name":"driver::0","time":{"start":1726780648144,"stop":1726780648336,"duration":192},"status":"passed","steps":[],"attachments":[{"uid":"40f213db16a4b669","name":"page_source","source":"40f213db16a4b669.html","type":"text/html","size":20324},{"uid":"2e3683645b9c4075","name":"screenshot","source":"2e3683645b9c4075.png","type":"image/png","size":32088},{"uid":"c1e19e41c6308b3f","name":"browser_logs","source":"c1e19e41c6308b3f.txt","type":"text/plain","size":1100}],"parameters":[],"shouldDisplayMessage":false,"attachmentsCount":3,"hasContent":true,"stepsCount":0,"attachmentStep":false}],"labels":[{"name":"feature","value":"Регистрация пользователя"},{"name":"severity","value":"Critical"},{"name":"tag","value":"regression"},{"name":"tag","value":"registration"},{"name":"parentSuite","value":"tests"},{"name":"suite","value":"test_registration"},{"name":"subSuite","value":"TestRegistrationUser"},{"name":"host","value":"01c5b8245932"},{"name":"thread","value":"1-MainThread"},{"name":"framework","value":"pytest"},{"name":"language","value":"cpython3"},{"name":"package","value":"tests.test_registration"},{"name":"resultFormat","value":"allure2"}],"parameters":[],"links":[],"hidden":false,"retry":false,"extra":{"severity":"critical","retries":[],"categories":[{"name":"Test defects","matchedStatuses":[],"flaky":false}],"history":{"statistic":{"failed":2,"broken":9,"skipped":0,"passed":36,"unknown":0,"total":47},"items":[{"uid":"40aac506dc83608b","status":"broken","statusDetails":"selenium.common.exceptions.TimeoutException: Message:","time":{"start":1726777403879,"stop":1726777416500,"duration":12621}},{"uid":"8966a9be7af2f456","status":"passed","time":{"start":1724099134107,"stop":1724099149285,"duration":15178}},{"uid":"29cdc83a622d6fe8","status":"passed","time":{"start":1723829464762,"stop":1723829480608,"duration":15846}},{"uid":"bf2582a9cfdceb8b","status":"passed","time":{"start":1723751623313,"stop":1723751636996,"duration":13683}},{"uid":"e590746ee1099d39","status":"passed","time":{"start":1723742079751,"stop":1723742092866,"duration":13115}},{"uid":"ac7042a0b14d3bd5","status":"passed","time":{"start":1723664457009,"stop":1723664470168,"duration":13159}},{"uid":"8aaad42e3584a497","status":"passed","time":{"start":1723579213778,"stop":1723579228145,"duration":14367}},{"uid":"589b5db4a0891b0b","status":"passed","time":{"start":1723496391405,"stop":1723496404170,"duration":12765}},{"uid":"f515974592f275fc","status":"passed","time":{"start":1723150188192,"stop":1723150200482,"duration":12290}},{"uid":"cb38e059425fcf94","status":"passed","time":{"start":1723148870780,"stop":1723148883030,"duration":12250}},{"uid":"6c7d71b1c1950b46","status":"passed","time":{"start":1723147109417,"stop":1723147121701,"duration":12284}},{"uid":"61be605670545b80","status":"passed","time":{"start":1723065337085,"stop":1723065349666,"duration":12581}},{"uid":"8152712fbc3574f9","status":"passed","time":{"start":1722976874159,"stop":1722976887226,"duration":13067}},{"uid":"a1d5e9bfac10089a","status":"passed","time":{"start":1722892098740,"stop":1722892113115,"duration":14375}},{"uid":"f17a2d177aae8ddd","status":"passed","time":{"start":1722625802827,"stop":1722625816775,"duration":13948}},{"uid":"a160bb44ce0cdf4d","status":"passed","time":{"start":1722546445176,"stop":1722546459588,"duration":14412}},{"uid":"1806d7d9a79577c4","status":"passed","time":{"start":1722370181377,"stop":1722370198181,"duration":16804}},{"uid":"7aa25d361e428aac","status":"passed","time":{"start":1722283260068,"stop":1722283274421,"duration":14353}},{"uid":"6eeb3d35f9953e41","status":"passed","time":{"start":1722018305093,"stop":1722018319388,"duration":14295}},{"uid":"8d5bea6ad3a0b2bf","status":"broken","statusDetails":"selenium.common.exceptions.TimeoutException: Message: Не найден элемент с локатором ('xpath', '//input[@name=\"password\"]')","time":{"start":1721942662168,"stop":1721942698916,"duration":36748}}]},"tags":["regression","registration"]},"source":"8688b27596c79d9.json","parameterValues":[]}