{"uid":"8723fbb43a2f14e3","name":"Проверка возможности просмотреть детальный экран ачивки","fullName":"tests.test_profile.TestProfile#test_the_ability_to_view_the_detailed_achievement_screen","historyId":"b32b36cebb1f2fce6eb4749094b7d765","time":{"start":1733857152113,"stop":1733857152113,"duration":0},"description":"Проверка происходит на пользователе Aleska у которого есть ачивки","descriptionHtml":"<p>Проверка происходит на пользователе Aleska у которого есть ачивки</p>\n","status":"broken","statusMessage":"selenium.common.exceptions.TimeoutException: Message: Не найден элемент с локатором ('xpath', '//button[@data-testing=\"after_register_dialog__btn_choose_later\"]')","statusTrace":"request = <SubRequest 'login_to_app' for <Function test_the_ability_to_view_the_detailed_achievement_screen>>\ndriver = <selenium.webdriver.chrome.webdriver.WebDriver (session=\"ce746c1f9116c1d1c8659ab5733fbe0a\")>\n\n    @pytest.fixture(scope='function')\n    @allure.title('Авторизация пользователя в системе')\n    @allure.step('Авторизация пользователя в системе')\n    def login_to_app(request, driver):\n        \"\"\" Логин в систему \"\"\"\n        login_page = ApiAuthorization(driver)\n        login_page.user(User.LOGIN, User.PASSWORD)\n>       later = login_page.find_element(config.locators.RubricPageLocators.locators['Кнопка выберу потом'])\n\nconftest.py:52: \n_ _ _ _ _ _ _ _ _ _ _ _ _ _ _ _ _ _ _ _ _ _ _ _ _ _ _ _ _ _ _ _ _ _ _ _ _ _ _ _ \nbase/base_page.py:140: in find_element\n    return self.wait.until(EC.visibility_of_element_located(locator),\n_ _ _ _ _ _ _ _ _ _ _ _ _ _ _ _ _ _ _ _ _ _ _ _ _ _ _ _ _ _ _ _ _ _ _ _ _ _ _ _ \n\nself = <selenium.webdriver.support.wait.WebDriverWait (session=\"ce746c1f9116c1d1c8659ab5733fbe0a\")>\nmethod = <function visibility_of_element_located.<locals>._predicate at 0x7f9fc0e6dbc0>\nmessage = 'Не найден элемент с локатором (\\'xpath\\', \\'//button[@data-testing=\"after_register_dialog__btn_choose_later\"]\\')'\n\n    def until(self, method: Callable[[D], Union[Literal[False], T]], message: str = \"\") -> T:\n        \"\"\"Calls the method provided with the driver as an argument until the \\\n        return value does not evaluate to ``False``.\n    \n        :param method: callable(WebDriver)\n        :param message: optional message for :exc:`TimeoutException`\n        :returns: the result of the last call to `method`\n        :raises: :exc:`selenium.common.exceptions.TimeoutException` if timeout occurs\n        \"\"\"\n        screen = None\n        stacktrace = None\n    \n        end_time = time.monotonic() + self._timeout\n        while True:\n            try:\n                value = method(self._driver)\n                if value:\n                    return value\n            except self._ignored_exceptions as exc:\n                screen = getattr(exc, \"screen\", None)\n                stacktrace = getattr(exc, \"stacktrace\", None)\n            if time.monotonic() > end_time:\n                break\n            time.sleep(self._poll)\n>       raise TimeoutException(message, screen, stacktrace)\nE       selenium.common.exceptions.TimeoutException: Message: Не найден элемент с локатором ('xpath', '//button[@data-testing=\"after_register_dialog__btn_choose_later\"]')\n\n../local/lib/python3.12/site-packages/selenium/webdriver/support/wait.py:105: TimeoutException","flaky":false,"newFailed":false,"newBroken":true,"newPassed":false,"retriesCount":0,"retriesStatusChange":false,"beforeStages":[{"name":"_session_faker","time":{"start":1733856025388,"stop":1733856025389,"duration":1},"status":"passed","steps":[],"attachments":[],"parameters":[],"shouldDisplayMessage":false,"attachmentsCount":0,"stepsCount":0,"hasContent":false,"attachmentStep":false},{"name":"driver","time":{"start":1733857152113,"stop":1733857152553,"duration":440},"status":"passed","steps":[],"attachments":[],"parameters":[],"shouldDisplayMessage":false,"attachmentsCount":0,"stepsCount":0,"hasContent":false,"attachmentStep":false},{"name":"setup","time":{"start":1733857152554,"stop":1733857152554,"duration":0},"status":"passed","steps":[],"attachments":[],"parameters":[],"shouldDisplayMessage":false,"attachmentsCount":0,"stepsCount":0,"hasContent":false,"attachmentStep":false},{"name":"Авторизация пользователя в системе","time":{"start":1733857152554,"stop":1733857186189,"duration":33635},"status":"broken","statusMessage":"selenium.common.exceptions.TimeoutException: Message: Не найден элемент с локатором ('xpath', '//button[@data-testing=\"after_register_dialog__btn_choose_later\"]')\n\n","statusTrace":"  File \"/usr/local/lib/python3.12/site-packages/pluggy/_callers.py\", line 167, in _multicall\n    teardown.throw(outcome._exception)\n  File \"/usr/local/lib/python3.12/site-packages/_pytest/setuponly.py\", line 36, in pytest_fixture_setup\n    return (yield)\n            ^^^^^\n  File \"/usr/local/lib/python3.12/site-packages/pluggy/_callers.py\", line 103, in _multicall\n    res = hook_impl.function(*args)\n          ^^^^^^^^^^^^^^^^^^^^^^^^^\n  File \"/usr/local/lib/python3.12/site-packages/_pytest/fixtures.py\", line 1140, in pytest_fixture_setup\n    result = call_fixture_func(fixturefunc, request, kwargs)\n             ^^^^^^^^^^^^^^^^^^^^^^^^^^^^^^^^^^^^^^^^^^^^^^^\n  File \"/usr/local/lib/python3.12/site-packages/_pytest/fixtures.py\", line 898, in call_fixture_func\n    fixture_result = fixturefunc(**kwargs)\n                     ^^^^^^^^^^^^^^^^^^^^^\n  File \"/usr/local/lib/python3.12/site-packages/allure_commons/_allure.py\", line 192, in impl\n    return func(*a, **kw)\n           ^^^^^^^^^^^^^^\n  File \"/usr/workspace/conftest.py\", line 52, in login_to_app\n    later = login_page.find_element(config.locators.RubricPageLocators.locators['Кнопка выберу потом'])\n            ^^^^^^^^^^^^^^^^^^^^^^^^^^^^^^^^^^^^^^^^^^^^^^^^^^^^^^^^^^^^^^^^^^^^^^^^^^^^^^^^^^^^^^^^^^^\n  File \"/usr/workspace/base/base_page.py\", line 140, in find_element\n    return self.wait.until(EC.visibility_of_element_located(locator),\n           ^^^^^^^^^^^^^^^^^^^^^^^^^^^^^^^^^^^^^^^^^^^^^^^^^^^^^^^^^^\n  File \"/usr/local/lib/python3.12/site-packages/selenium/webdriver/support/wait.py\", line 105, in until\n    raise TimeoutException(message, screen, stacktrace)\n","steps":[{"name":"Авторизация пользователя в системе","time":{"start":1733857152554,"stop":1733857186189,"duration":33635},"status":"broken","statusMessage":"selenium.common.exceptions.TimeoutException: Message: Не найден элемент с локатором ('xpath', '//button[@data-testing=\"after_register_dialog__btn_choose_later\"]')\n\n","statusTrace":"  File \"/usr/local/lib/python3.12/site-packages/allure_commons/_allure.py\", line 192, in impl\n    return func(*a, **kw)\n           ^^^^^^^^^^^^^^\n  File \"/usr/workspace/conftest.py\", line 52, in login_to_app\n    later = login_page.find_element(config.locators.RubricPageLocators.locators['Кнопка выберу потом'])\n            ^^^^^^^^^^^^^^^^^^^^^^^^^^^^^^^^^^^^^^^^^^^^^^^^^^^^^^^^^^^^^^^^^^^^^^^^^^^^^^^^^^^^^^^^^^^\n  File \"/usr/workspace/base/base_page.py\", line 140, in find_element\n    return self.wait.until(EC.visibility_of_element_located(locator),\n           ^^^^^^^^^^^^^^^^^^^^^^^^^^^^^^^^^^^^^^^^^^^^^^^^^^^^^^^^^^\n  File \"/usr/local/lib/python3.12/site-packages/selenium/webdriver/support/wait.py\", line 105, in until\n    raise TimeoutException(message, screen, stacktrace)\n","steps":[],"attachments":[],"parameters":[{"name":"request","value":"<SubRequest 'login_to_app' for <Function test_the_ability_to_view_the_detailed_achievement_screen>>"},{"name":"driver","value":"<selenium.webdriver.chrome.webdriver.WebDriver (session=\"ce746c1f9116c1d1c8659ab5733fbe0a\")>"}],"shouldDisplayMessage":true,"attachmentsCount":0,"stepsCount":0,"hasContent":true,"attachmentStep":false}],"attachments":[],"parameters":[],"shouldDisplayMessage":false,"attachmentsCount":0,"stepsCount":1,"hasContent":true,"attachmentStep":false},{"name":"Инициализация локаторов","time":{"start":1733857152554,"stop":1733857152554,"duration":0},"status":"passed","steps":[{"name":"Инициализация локаторов","time":{"start":1733857152554,"stop":1733857152554,"duration":0},"status":"passed","steps":[],"attachments":[],"parameters":[{"name":"request","value":"<SubRequest 'elements' for <Function test_the_ability_to_view_the_detailed_achievement_screen>>"}],"shouldDisplayMessage":false,"attachmentsCount":0,"stepsCount":0,"hasContent":true,"attachmentStep":false}],"attachments":[],"parameters":[],"shouldDisplayMessage":false,"attachmentsCount":0,"stepsCount":1,"hasContent":true,"attachmentStep":false}],"afterStages":[{"name":"driver::0","time":{"start":1733857186198,"stop":1733857186457,"duration":259},"status":"passed","steps":[],"attachments":[{"uid":"c661a4fd97040ea4","name":"page_source","source":"c661a4fd97040ea4.html","type":"text/html","size":39184},{"uid":"631464865b075623","name":"screenshot","source":"631464865b075623.png","type":"image/png","size":151269},{"uid":"a8f89547acb800f6","name":"browser_logs","source":"a8f89547acb800f6.txt","type":"text/plain","size":4825}],"parameters":[],"shouldDisplayMessage":false,"attachmentsCount":3,"stepsCount":0,"hasContent":true,"attachmentStep":false}],"labels":[{"name":"feature","value":"Профиль пользователя"},{"name":"severity","value":"Minor"},{"name":"tag","value":"regression"},{"name":"tag","value":"profile"},{"name":"parentSuite","value":"tests"},{"name":"suite","value":"test_profile"},{"name":"subSuite","value":"TestProfile"},{"name":"host","value":"f636a7ae3180"},{"name":"thread","value":"1-MainThread"},{"name":"framework","value":"pytest"},{"name":"language","value":"cpython3"},{"name":"package","value":"tests.test_profile"},{"name":"resultFormat","value":"allure2"}],"parameters":[],"links":[],"hidden":false,"retry":false,"extra":{"severity":"minor","retries":[],"categories":[{"name":"Test defects","matchedStatuses":[],"flaky":false}],"history":{"statistic":{"failed":0,"broken":4,"skipped":0,"passed":21,"unknown":0,"total":25},"items":[{"uid":"8920e5666e1435d5","status":"passed","time":{"start":1733772074937,"stop":1733772076418,"duration":1481}},{"uid":"3947baaed91ebac5","status":"broken","statusDetails":"selenium.common.exceptions.TimeoutException: Message: Не найден элемент с локатором ('xpath', '//button[@data-testing=\"after_register_dialog__btn_choose_later\"]')","time":{"start":1733766544849,"stop":1733766544849,"duration":0}},{"uid":"6b29d5d0fcaf1e55","status":"passed","time":{"start":1733422118736,"stop":1733422119918,"duration":1182}},{"uid":"84e8fc790286d08e","status":"passed","time":{"start":1726780505520,"stop":1726780507164,"duration":1644}},{"uid":"be83d213a18f4949","status":"passed","time":{"start":1726777250208,"stop":1726777251849,"duration":1641}},{"uid":"70cbe452421814a4","status":"passed","time":{"start":1724099016849,"stop":1724099018494,"duration":1645}},{"uid":"c5e411993311e7b4","status":"passed","time":{"start":1723829315894,"stop":1723829317521,"duration":1627}},{"uid":"7b6ca29c470af05b","status":"passed","time":{"start":1723751512008,"stop":1723751513130,"duration":1122}},{"uid":"1124f7b6c0b93329","status":"passed","time":{"start":1723741996431,"stop":1723741997558,"duration":1127}},{"uid":"7037c71fe7cbc684","status":"broken","statusDetails":"KeyError: 'access_token'","time":{"start":1723664447365,"stop":1723664447365,"duration":0}},{"uid":"bcf3a6ce11cd9f26","status":"passed","time":{"start":1723579098884,"stop":1723579100515,"duration":1631}},{"uid":"3812cfbd2cf4d729","status":"passed","time":{"start":1723496225988,"stop":1723496227119,"duration":1131}},{"uid":"79a920885eef9234","status":"passed","time":{"start":1723150111688,"stop":1723150112809,"duration":1121}},{"uid":"658de2e32783dedb","status":"passed","time":{"start":1723148759721,"stop":1723148761349,"duration":1628}},{"uid":"9737d729823b0939","status":"passed","time":{"start":1723147032378,"stop":1723147033507,"duration":1129}},{"uid":"27cce27ba7de773c","status":"passed","time":{"start":1723065256823,"stop":1723065257950,"duration":1127}},{"uid":"c4e9bc7d14d0e54d","status":"passed","time":{"start":1722976795912,"stop":1722976797057,"duration":1145}},{"uid":"bf145c4b7a328c71","status":"passed","time":{"start":1722891984486,"stop":1722891986099,"duration":1613}},{"uid":"40ffe3801ed1ca35","status":"passed","time":{"start":1722625751306,"stop":1722625752924,"duration":1618}},{"uid":"b44f134e15df3a3c","status":"passed","time":{"start":1722546363436,"stop":1722546365055,"duration":1619}}]},"tags":["regression","profile"]},"source":"8723fbb43a2f14e3.json","parameterValues":[]}