{"uid":"8888dc4befa2dafa","name":"Проверка невозможно поменять никнейм на дубликат который есть уже в система","fullName":"tests.test_editing_profile.TestEditingProfile#test_it_is_impossible_to_save_an_already_taken_nickname","historyId":"fa24c345791f29b3f0d6a917ee673e7e","time":{"start":1738871588675,"stop":1738871588675,"duration":0},"description":"Проверяется на пользователе Aleska","descriptionHtml":"<p>Проверяется на пользователе Aleska</p>\n","status":"broken","statusMessage":"selenium.common.exceptions.TimeoutException: Message:","statusTrace":"request = <SubRequest 'login_to_app' for <Function test_it_is_impossible_to_save_an_already_taken_nickname>>\ndriver = <selenium.webdriver.chrome.webdriver.WebDriver (session=\"33e4f036a326868e8150cbb308bd559b\")>\n\n    @pytest.fixture(scope='function')\n    @allure.title('Авторизация пользователя в системе')\n    @allure.step('Авторизация пользователя в системе')\n    def login_to_app(request, driver):\n        \"\"\" Фикстура Логина в систему \"\"\"\n        login_page = ApiAuthorization(driver)\n        login_page.user(User.LOGIN, User.PASSWORD)\n        try:\n            later = login_page.find_element(config.locators.RubricPageLocators.locators['Кнопка выберу потом'])\n            login_page.do_click(later)\n        except TimeoutException:\n            element = login_page.find_element(\n                config.locators.MainPageLocators.locators['Листай вниз и найди свои интересы'])\n            login_page.do_click(element)\n        finally:\n>           login_page.do_click(config.locators.MainPageLocators.locators['Листай вниз и найди свои интересы'])\n\nconftest.py:62: \n_ _ _ _ _ _ _ _ _ _ _ _ _ _ _ _ _ _ _ _ _ _ _ _ _ _ _ _ _ _ _ _ _ _ _ _ _ _ _ _ \nbase/base_page.py:79: in do_click\n    elem = WebDriverWait(self.driver, wait_time).until(EC.element_to_be_clickable(locator))\n_ _ _ _ _ _ _ _ _ _ _ _ _ _ _ _ _ _ _ _ _ _ _ _ _ _ _ _ _ _ _ _ _ _ _ _ _ _ _ _ \n\nself = <selenium.webdriver.support.wait.WebDriverWait (session=\"33e4f036a326868e8150cbb308bd559b\")>\nmethod = <function element_to_be_clickable.<locals>._predicate at 0x7fb57cad3c40>\nmessage = ''\n\n    def until(self, method: Callable[[D], Union[Literal[False], T]], message: str = \"\") -> T:\n        \"\"\"Calls the method provided with the driver as an argument until the \\\n        return value does not evaluate to ``False``.\n    \n        :param method: callable(WebDriver)\n        :param message: optional message for :exc:`TimeoutException`\n        :returns: the result of the last call to `method`\n        :raises: :exc:`selenium.common.exceptions.TimeoutException` if timeout occurs\n        \"\"\"\n        screen = None\n        stacktrace = None\n    \n        end_time = time.monotonic() + self._timeout\n        while True:\n            try:\n                value = method(self._driver)\n                if value:\n                    return value\n            except self._ignored_exceptions as exc:\n                screen = getattr(exc, \"screen\", None)\n                stacktrace = getattr(exc, \"stacktrace\", None)\n            if time.monotonic() > end_time:\n                break\n            time.sleep(self._poll)\n>       raise TimeoutException(message, screen, stacktrace)\nE       selenium.common.exceptions.TimeoutException: Message:\n\n../local/lib/python3.12/site-packages/selenium/webdriver/support/wait.py:105: TimeoutException","flaky":false,"newFailed":false,"newBroken":false,"newPassed":false,"retriesCount":0,"retriesStatusChange":false,"beforeStages":[{"name":"_session_faker","time":{"start":1738870943195,"stop":1738870943196,"duration":1},"status":"passed","steps":[],"attachments":[],"parameters":[],"shouldDisplayMessage":false,"attachmentsCount":0,"stepsCount":0,"hasContent":false,"attachmentStep":false},{"name":"driver","time":{"start":1738871588675,"stop":1738871589090,"duration":415},"status":"passed","steps":[],"attachments":[],"parameters":[],"shouldDisplayMessage":false,"attachmentsCount":0,"stepsCount":0,"hasContent":false,"attachmentStep":false},{"name":"Авторизация пользователя в системе","time":{"start":1738871589091,"stop":1738871633878,"duration":44787},"status":"broken","statusMessage":"selenium.common.exceptions.TimeoutException: Message: \n\n","statusTrace":"  File \"/usr/local/lib/python3.12/site-packages/pluggy/_callers.py\", line 167, in _multicall\n    teardown.throw(outcome._exception)\n  File \"/usr/local/lib/python3.12/site-packages/_pytest/setuponly.py\", line 36, in pytest_fixture_setup\n    return (yield)\n            ^^^^^\n  File \"/usr/local/lib/python3.12/site-packages/pluggy/_callers.py\", line 103, in _multicall\n    res = hook_impl.function(*args)\n          ^^^^^^^^^^^^^^^^^^^^^^^^^\n  File \"/usr/local/lib/python3.12/site-packages/_pytest/fixtures.py\", line 1140, in pytest_fixture_setup\n    result = call_fixture_func(fixturefunc, request, kwargs)\n             ^^^^^^^^^^^^^^^^^^^^^^^^^^^^^^^^^^^^^^^^^^^^^^^\n  File \"/usr/local/lib/python3.12/site-packages/_pytest/fixtures.py\", line 898, in call_fixture_func\n    fixture_result = fixturefunc(**kwargs)\n                     ^^^^^^^^^^^^^^^^^^^^^\n  File \"/usr/local/lib/python3.12/site-packages/allure_commons/_allure.py\", line 192, in impl\n    return func(*a, **kw)\n           ^^^^^^^^^^^^^^\n  File \"/usr/workspace/conftest.py\", line 62, in login_to_app\n    login_page.do_click(config.locators.MainPageLocators.locators['Листай вниз и найди свои интересы'])\n  File \"/usr/workspace/base/base_page.py\", line 79, in do_click\n    elem = WebDriverWait(self.driver, wait_time).until(EC.element_to_be_clickable(locator))\n           ^^^^^^^^^^^^^^^^^^^^^^^^^^^^^^^^^^^^^^^^^^^^^^^^^^^^^^^^^^^^^^^^^^^^^^^^^^^^^^^^\n  File \"/usr/local/lib/python3.12/site-packages/selenium/webdriver/support/wait.py\", line 105, in until\n    raise TimeoutException(message, screen, stacktrace)\n","steps":[{"name":"Авторизация пользователя в системе","time":{"start":1738871589091,"stop":1738871633878,"duration":44787},"status":"broken","statusMessage":"selenium.common.exceptions.TimeoutException: Message: \n\n","statusTrace":"  File \"/usr/local/lib/python3.12/site-packages/allure_commons/_allure.py\", line 192, in impl\n    return func(*a, **kw)\n           ^^^^^^^^^^^^^^\n  File \"/usr/workspace/conftest.py\", line 62, in login_to_app\n    login_page.do_click(config.locators.MainPageLocators.locators['Листай вниз и найди свои интересы'])\n  File \"/usr/workspace/base/base_page.py\", line 79, in do_click\n    elem = WebDriverWait(self.driver, wait_time).until(EC.element_to_be_clickable(locator))\n           ^^^^^^^^^^^^^^^^^^^^^^^^^^^^^^^^^^^^^^^^^^^^^^^^^^^^^^^^^^^^^^^^^^^^^^^^^^^^^^^^\n  File \"/usr/local/lib/python3.12/site-packages/selenium/webdriver/support/wait.py\", line 105, in until\n    raise TimeoutException(message, screen, stacktrace)\n","steps":[],"attachments":[],"parameters":[{"name":"request","value":"<SubRequest 'login_to_app' for <Function test_it_is_impossible_to_save_an_already_taken_nickname>>"},{"name":"driver","value":"<selenium.webdriver.chrome.webdriver.WebDriver (session=\"33e4f036a326868e8150cbb308bd559b\")>"}],"shouldDisplayMessage":true,"attachmentsCount":0,"stepsCount":0,"hasContent":true,"attachmentStep":false}],"attachments":[],"parameters":[],"shouldDisplayMessage":false,"attachmentsCount":0,"stepsCount":1,"hasContent":true,"attachmentStep":false},{"name":"Инициализация локаторов","time":{"start":1738871589091,"stop":1738871589091,"duration":0},"status":"passed","steps":[{"name":"Инициализация локаторов","time":{"start":1738871589091,"stop":1738871589091,"duration":0},"status":"passed","steps":[],"attachments":[],"parameters":[{"name":"request","value":"<SubRequest 'elements' for <Function test_it_is_impossible_to_save_an_already_taken_nickname>>"}],"shouldDisplayMessage":false,"attachmentsCount":0,"stepsCount":0,"hasContent":true,"attachmentStep":false}],"attachments":[],"parameters":[],"shouldDisplayMessage":false,"attachmentsCount":0,"stepsCount":1,"hasContent":true,"attachmentStep":false},{"name":"setup","time":{"start":1738871589091,"stop":1738871589091,"duration":0},"status":"passed","steps":[],"attachments":[],"parameters":[],"shouldDisplayMessage":false,"attachmentsCount":0,"stepsCount":0,"hasContent":false,"attachmentStep":false}],"afterStages":[{"name":"driver::0","time":{"start":1738871633889,"stop":1738871634085,"duration":196},"status":"passed","steps":[],"attachments":[{"uid":"4d393f5805d20b2a","name":"page_source","source":"4d393f5805d20b2a.html","type":"text/html","size":27593},{"uid":"d20ac4bc1f947663","name":"screenshot","source":"d20ac4bc1f947663.png","type":"image/png","size":55153},{"uid":"df4d5c2f759f0145","name":"browser_logs","source":"df4d5c2f759f0145.txt","type":"text/plain","size":7069}],"parameters":[],"shouldDisplayMessage":false,"attachmentsCount":3,"stepsCount":0,"hasContent":true,"attachmentStep":false}],"labels":[{"name":"severity","value":"Critical"},{"name":"feature","value":"Редактирование профиля"},{"name":"tag","value":"regression"},{"name":"tag","value":"editing_profile"},{"name":"parentSuite","value":"tests"},{"name":"suite","value":"test_editing_profile"},{"name":"subSuite","value":"TestEditingProfile"},{"name":"host","value":"f1e44e101a82"},{"name":"thread","value":"1-MainThread"},{"name":"framework","value":"pytest"},{"name":"language","value":"cpython3"},{"name":"package","value":"tests.test_editing_profile"},{"name":"resultFormat","value":"allure2"}],"parameters":[],"links":[],"hidden":false,"retry":false,"extra":{"severity":"critical","retries":[],"categories":[{"name":"Test defects","matchedStatuses":[],"flaky":false}],"history":{"statistic":{"failed":0,"broken":8,"skipped":0,"passed":33,"unknown":0,"total":41},"items":[{"uid":"411d5cf9b548961a","status":"broken","statusDetails":"KeyError: 'access_token'","time":{"start":1738864923516,"stop":1738864923516,"duration":0}},{"uid":"656ebbf44c041e2f","status":"passed","time":{"start":1738268589816,"stop":1738268594780,"duration":4964}},{"uid":"711a799595deca17","status":"passed","time":{"start":1738099026521,"stop":1738099031467,"duration":4946}},{"uid":"605d9386f26d0a38","status":"passed","time":{"start":1738005038709,"stop":1738005043624,"duration":4915}},{"uid":"3d388bde7199a618","status":"passed","time":{"start":1738002367675,"stop":1738002373140,"duration":5465}},{"uid":"76d37517bf726cfc","status":"broken","statusDetails":"urllib3.exceptions.ReadTimeoutError: HTTPConnectionPool(host='localhost', port=41879): Read timed out. (read timeout=120)","time":{"start":1737928135344,"stop":1737928135344,"duration":0}},{"uid":"eb6219288f4d904f","status":"passed","time":{"start":1737842646818,"stop":1737842653303,"duration":6485}},{"uid":"dc3672199d05b3cf","status":"passed","time":{"start":1737831932492,"stop":1737831939519,"duration":7027}},{"uid":"3a27995e08f31497","status":"passed","time":{"start":1737799269162,"stop":1737799275657,"duration":6495}},{"uid":"e2f300930f3276fe","status":"passed","time":{"start":1737757542549,"stop":1737757549015,"duration":6466}},{"uid":"290ee831302a9c1f","status":"passed","time":{"start":1737744500192,"stop":1737744506704,"duration":6512}},{"uid":"5de3624a2d16abb","status":"passed","time":{"start":1737652313148,"stop":1737652319617,"duration":6469}},{"uid":"3219b0f6d50140a7","status":"passed","time":{"start":1737569911394,"stop":1737569918531,"duration":7137}},{"uid":"b9976257f5b9d93c","status":"broken","statusDetails":"selenium.common.exceptions.WebDriverException: Message: unknown error: Chrome failed to start: exited abnormally.\n  (unknown error: DevToolsActivePort file doesn't exist)\n  (The process started from chrome location /usr/bin/chromium-browser is no longer running, so ChromeDriver is assuming that Chrome has crashed.)","time":{"start":1737568961436,"stop":1737568961436,"duration":0}},{"uid":"259ec37231858339","status":"passed","time":{"start":1734034337975,"stop":1734034343956,"duration":5981}},{"uid":"4c428c48e34fcbea","status":"passed","time":{"start":1733937017181,"stop":1733937023879,"duration":6698}},{"uid":"85830cef16269e2c","status":"broken","statusDetails":"selenium.common.exceptions.TimeoutException: Message: Не найден элемент с локатором ('xpath', '//button[@data-testing=\"after_register_dialog__btn_choose_later\"]')","time":{"start":1733865468351,"stop":1733865468351,"duration":0}},{"uid":"ddf8a3fb189057b2","status":"broken","statusDetails":"selenium.common.exceptions.TimeoutException: Message: Не найден элемент с локатором ('xpath', '//button[@data-testing=\"after_register_dialog__btn_choose_later\"]')","time":{"start":1733859947841,"stop":1733859947841,"duration":0}},{"uid":"816b0587c40d4bf","status":"passed","time":{"start":1733856584049,"stop":1733856588482,"duration":4433}},{"uid":"10c79a53320905dc","status":"passed","time":{"start":1733771454525,"stop":1733771458942,"duration":4417}}]},"tags":["editing_profile","regression"]},"source":"8888dc4befa2dafa.json","parameterValues":[]}