{"uid":"88df1c3273505703","name":"Проверка возможности подписаться","fullName":"tests.test_profile.TestProfile#test_opportunities_to_subscribe","historyId":"8837be03da4b857171429e7b0d59755b","time":{"start":1739387163599,"stop":1739387179963,"duration":16364},"description":"После проверки, отписываемся от пользователя для приведения в исходное состояние","descriptionHtml":"<p>После проверки, отписываемся от пользователя для приведения в исходное состояние</p>\n","status":"broken","statusMessage":"selenium.common.exceptions.TimeoutException: Message:","statusTrace":"self = <test_profile.TestProfile object at 0x7f96c9967e00>\nelements = {'Банк ачивок': {'Блок ачивок': ('xpath', '//div[contains(@class,\"user-achievement-by-interests_container\")]'), 'Модал...'carrot-messenger-frame'), 'Чат кэррот': ('xpath', '//div[contains(@class,\"carrot-messenger-frame-container\")]')}, ...}\nlogin_to_app = None\n\n    @allure.title('Проверка возможности подписаться')\n    @allure.description('После проверки, отписываемся от пользователя для приведения в исходное состояние')\n    @allure.severity('Critical')\n    @pytest.mark.regression\n    def test_opportunities_to_subscribe(self, elements, login_to_app):\n        with allure.step('Нажать на кнопку профиль'):\n            self.app.profile_button_click()\n    \n        with allure.step('Запомнить количество подписчиков'):\n            element = elements['Профиль пользователя']\n            subscribers = int(self.profile_page.get_element_text(element['Подписки']))\n    \n        with allure.step('Подписаться на первого пользователя'):\n            self.subscription_page.subscribe_user()\n    \n        with allure.step('Проверить, что на экране появилась галочка'):\n            element = elements['Страница подписки']\n>           self.assertion.is_elem_displayed(element['Значок галочки'])\n\ntests/test_profile.py:171: \n_ _ _ _ _ _ _ _ _ _ _ _ _ _ _ _ _ _ _ _ _ _ _ _ _ _ _ _ _ _ _ _ _ _ _ _ _ _ _ _ \nbase/base_assertion.py:81: in is_elem_displayed\n    element = WebDriverWait(self.driver, poll_frequency=poll_frequency, timeout=timeout).until(\n_ _ _ _ _ _ _ _ _ _ _ _ _ _ _ _ _ _ _ _ _ _ _ _ _ _ _ _ _ _ _ _ _ _ _ _ _ _ _ _ \n\nself = <selenium.webdriver.support.wait.WebDriverWait (session=\"940a46950e643e3b27571a8ac364490f\")>\nmethod = <function presence_of_element_located.<locals>._predicate at 0x7f96c93dee80>\nmessage = ''\n\n    def until(self, method: Callable[[D], Union[Literal[False], T]], message: str = \"\") -> T:\n        \"\"\"Calls the method provided with the driver as an argument until the \\\n        return value does not evaluate to ``False``.\n    \n        :param method: callable(WebDriver)\n        :param message: optional message for :exc:`TimeoutException`\n        :returns: the result of the last call to `method`\n        :raises: :exc:`selenium.common.exceptions.TimeoutException` if timeout occurs\n        \"\"\"\n        screen = None\n        stacktrace = None\n    \n        end_time = time.monotonic() + self._timeout\n        while True:\n            try:\n                value = method(self._driver)\n                if value:\n                    return value\n            except self._ignored_exceptions as exc:\n                screen = getattr(exc, \"screen\", None)\n                stacktrace = getattr(exc, \"stacktrace\", None)\n            if time.monotonic() > end_time:\n                break\n            time.sleep(self._poll)\n>       raise TimeoutException(message, screen, stacktrace)\nE       selenium.common.exceptions.TimeoutException: Message:\n\n../local/lib/python3.12/site-packages/selenium/webdriver/support/wait.py:105: TimeoutException","flaky":false,"newFailed":false,"newBroken":false,"newPassed":false,"retriesCount":0,"retriesStatusChange":false,"beforeStages":[{"name":"_session_faker","time":{"start":1739385986311,"stop":1739385986312,"duration":1},"status":"passed","steps":[],"attachments":[],"parameters":[],"shouldDisplayMessage":false,"attachmentsCount":0,"stepsCount":0,"hasContent":false,"attachmentStep":false},{"name":"driver","time":{"start":1739387157735,"stop":1739387158153,"duration":418},"status":"passed","steps":[],"attachments":[],"parameters":[],"shouldDisplayMessage":false,"attachmentsCount":0,"stepsCount":0,"hasContent":false,"attachmentStep":false},{"name":"setup","time":{"start":1739387158153,"stop":1739387158153,"duration":0},"status":"passed","steps":[],"attachments":[],"parameters":[],"shouldDisplayMessage":false,"attachmentsCount":0,"stepsCount":0,"hasContent":false,"attachmentStep":false},{"name":"Инициализация локаторов","time":{"start":1739387158154,"stop":1739387158154,"duration":0},"status":"passed","steps":[{"name":"Инициализация локаторов","time":{"start":1739387158154,"stop":1739387158154,"duration":0},"status":"passed","steps":[],"attachments":[],"parameters":[{"name":"request","value":"<SubRequest 'elements' for <Function test_opportunities_to_subscribe>>"}],"shouldDisplayMessage":false,"attachmentsCount":0,"stepsCount":0,"hasContent":true,"attachmentStep":false}],"attachments":[],"parameters":[],"shouldDisplayMessage":false,"attachmentsCount":0,"stepsCount":1,"hasContent":true,"attachmentStep":false},{"name":"Авторизация пользователя в системе","time":{"start":1739387158154,"stop":1739387163599,"duration":5445},"status":"passed","steps":[{"name":"Авторизация пользователя в системе","time":{"start":1739387158154,"stop":1739387163599,"duration":5445},"status":"passed","steps":[],"attachments":[],"parameters":[{"name":"request","value":"<SubRequest 'login_to_app' for <Function test_opportunities_to_subscribe>>"},{"name":"driver","value":"<selenium.webdriver.chrome.webdriver.WebDriver (session=\"940a46950e643e3b27571a8ac364490f\")>"}],"shouldDisplayMessage":false,"attachmentsCount":0,"stepsCount":0,"hasContent":true,"attachmentStep":false}],"attachments":[],"parameters":[],"shouldDisplayMessage":false,"attachmentsCount":0,"stepsCount":1,"hasContent":true,"attachmentStep":false}],"testStage":{"description":"После проверки, отписываемся от пользователя для приведения в исходное состояние","status":"broken","statusMessage":"selenium.common.exceptions.TimeoutException: Message:","statusTrace":"self = <test_profile.TestProfile object at 0x7f96c9967e00>\nelements = {'Банк ачивок': {'Блок ачивок': ('xpath', '//div[contains(@class,\"user-achievement-by-interests_container\")]'), 'Модал...'carrot-messenger-frame'), 'Чат кэррот': ('xpath', '//div[contains(@class,\"carrot-messenger-frame-container\")]')}, ...}\nlogin_to_app = None\n\n    @allure.title('Проверка возможности подписаться')\n    @allure.description('После проверки, отписываемся от пользователя для приведения в исходное состояние')\n    @allure.severity('Critical')\n    @pytest.mark.regression\n    def test_opportunities_to_subscribe(self, elements, login_to_app):\n        with allure.step('Нажать на кнопку профиль'):\n            self.app.profile_button_click()\n    \n        with allure.step('Запомнить количество подписчиков'):\n            element = elements['Профиль пользователя']\n            subscribers = int(self.profile_page.get_element_text(element['Подписки']))\n    \n        with allure.step('Подписаться на первого пользователя'):\n            self.subscription_page.subscribe_user()\n    \n        with allure.step('Проверить, что на экране появилась галочка'):\n            element = elements['Страница подписки']\n>           self.assertion.is_elem_displayed(element['Значок галочки'])\n\ntests/test_profile.py:171: \n_ _ _ _ _ _ _ _ _ _ _ _ _ _ _ _ _ _ _ _ _ _ _ _ _ _ _ _ _ _ _ _ _ _ _ _ _ _ _ _ \nbase/base_assertion.py:81: in is_elem_displayed\n    element = WebDriverWait(self.driver, poll_frequency=poll_frequency, timeout=timeout).until(\n_ _ _ _ _ _ _ _ _ _ _ _ _ _ _ _ _ _ _ _ _ _ _ _ _ _ _ _ _ _ _ _ _ _ _ _ _ _ _ _ \n\nself = <selenium.webdriver.support.wait.WebDriverWait (session=\"940a46950e643e3b27571a8ac364490f\")>\nmethod = <function presence_of_element_located.<locals>._predicate at 0x7f96c93dee80>\nmessage = ''\n\n    def until(self, method: Callable[[D], Union[Literal[False], T]], message: str = \"\") -> T:\n        \"\"\"Calls the method provided with the driver as an argument until the \\\n        return value does not evaluate to ``False``.\n    \n        :param method: callable(WebDriver)\n        :param message: optional message for :exc:`TimeoutException`\n        :returns: the result of the last call to `method`\n        :raises: :exc:`selenium.common.exceptions.TimeoutException` if timeout occurs\n        \"\"\"\n        screen = None\n        stacktrace = None\n    \n        end_time = time.monotonic() + self._timeout\n        while True:\n            try:\n                value = method(self._driver)\n                if value:\n                    return value\n            except self._ignored_exceptions as exc:\n                screen = getattr(exc, \"screen\", None)\n                stacktrace = getattr(exc, \"stacktrace\", None)\n            if time.monotonic() > end_time:\n                break\n            time.sleep(self._poll)\n>       raise TimeoutException(message, screen, stacktrace)\nE       selenium.common.exceptions.TimeoutException: Message:\n\n../local/lib/python3.12/site-packages/selenium/webdriver/support/wait.py:105: TimeoutException","steps":[{"name":"Нажать на кнопку профиль","time":{"start":1739387163599,"stop":1739387163649,"duration":50},"status":"passed","steps":[],"attachments":[],"parameters":[],"shouldDisplayMessage":false,"attachmentsCount":0,"stepsCount":0,"hasContent":false,"attachmentStep":false},{"name":"Запомнить количество подписчиков","time":{"start":1739387163649,"stop":1739387166728,"duration":3079},"status":"passed","steps":[],"attachments":[],"parameters":[],"shouldDisplayMessage":false,"attachmentsCount":0,"stepsCount":0,"hasContent":false,"attachmentStep":false},{"name":"Подписаться на первого пользователя","time":{"start":1739387166728,"stop":1739387169943,"duration":3215},"status":"passed","steps":[],"attachments":[],"parameters":[],"shouldDisplayMessage":false,"attachmentsCount":0,"stepsCount":0,"hasContent":false,"attachmentStep":false},{"name":"Проверить, что на экране появилась галочка","time":{"start":1739387169943,"stop":1739387179963,"duration":10020},"status":"broken","statusMessage":"selenium.common.exceptions.TimeoutException: Message: \n\n","statusTrace":"  File \"/usr/workspace/tests/test_profile.py\", line 171, in test_opportunities_to_subscribe\n    self.assertion.is_elem_displayed(element['Значок галочки'])\n  File \"/usr/workspace/base/base_assertion.py\", line 81, in is_elem_displayed\n    element = WebDriverWait(self.driver, poll_frequency=poll_frequency, timeout=timeout).until(\n              ^^^^^^^^^^^^^^^^^^^^^^^^^^^^^^^^^^^^^^^^^^^^^^^^^^^^^^^^^^^^^^^^^^^^^^^^^^^^^^^^^\n  File \"/usr/local/lib/python3.12/site-packages/selenium/webdriver/support/wait.py\", line 105, in until\n    raise TimeoutException(message, screen, stacktrace)\n","steps":[],"attachments":[],"parameters":[],"shouldDisplayMessage":true,"attachmentsCount":0,"stepsCount":0,"hasContent":true,"attachmentStep":false}],"attachments":[],"parameters":[],"shouldDisplayMessage":true,"attachmentsCount":0,"stepsCount":4,"hasContent":true,"attachmentStep":false},"afterStages":[{"name":"driver::0","time":{"start":1739387179976,"stop":1739387180171,"duration":195},"status":"passed","steps":[],"attachments":[{"uid":"41699528effe1aaa","name":"page_source","source":"41699528effe1aaa.html","type":"text/html","size":42012},{"uid":"b648c21bd3dbd0f5","name":"screenshot","source":"b648c21bd3dbd0f5.png","type":"image/png","size":111592},{"uid":"ec62a8e0c004ce8a","name":"browser_logs","source":"ec62a8e0c004ce8a.txt","type":"text/plain","size":6323}],"parameters":[],"shouldDisplayMessage":false,"attachmentsCount":3,"stepsCount":0,"hasContent":true,"attachmentStep":false}],"labels":[{"name":"severity","value":"Critical"},{"name":"feature","value":"Профиль пользователя"},{"name":"tag","value":"regression"},{"name":"tag","value":"profile"},{"name":"parentSuite","value":"tests"},{"name":"suite","value":"test_profile"},{"name":"subSuite","value":"TestProfile"},{"name":"host","value":"9b936bd7933a"},{"name":"thread","value":"1-MainThread"},{"name":"framework","value":"pytest"},{"name":"language","value":"cpython3"},{"name":"package","value":"tests.test_profile"},{"name":"resultFormat","value":"allure2"}],"parameters":[],"links":[],"hidden":false,"retry":false,"extra":{"severity":"critical","retries":[],"categories":[{"name":"Test defects","matchedStatuses":[],"flaky":false}],"history":{"statistic":{"failed":13,"broken":13,"skipped":0,"passed":19,"unknown":0,"total":45},"items":[{"uid":"ad2afe52980f4a40","status":"broken","statusDetails":"selenium.common.exceptions.TimeoutException: Message:","time":{"start":1739379810847,"stop":1739379810847,"duration":0}},{"uid":"d5a549eef9d9896","status":"failed","statusDetails":"AssertionError: Ожидался текст: '4', отображается текст: '3'","time":{"start":1739310776787,"stop":1739310779760,"duration":2973}},{"uid":"5416cd93f38ba8a3","status":"broken","statusDetails":"selenium.common.exceptions.StaleElementReferenceException: Message: stale element reference: element is not attached to the page document\n  (Session info: headless chrome=112.0.5615.165); For documentation on this error, please visit: https://www.selenium.dev/documentation/webdriver/troubleshooting/errors#stale-element-reference-exception","time":{"start":1738952232456,"stop":1738952233625,"duration":1169}},{"uid":"1ebf252b33a6b2c5","status":"broken","statusDetails":"KeyError: 'access_token'","time":{"start":1738875260341,"stop":1738875260341,"duration":0}},{"uid":"47c5616a81a9004f","status":"broken","statusDetails":"selenium.common.exceptions.StaleElementReferenceException: Message: stale element reference: element is not attached to the page document\n  (Session info: headless chrome=112.0.5615.165); For documentation on this error, please visit: https://www.selenium.dev/documentation/webdriver/troubleshooting/errors#stale-element-reference-exception","time":{"start":1738872432097,"stop":1738872433761,"duration":1664}},{"uid":"e0eaddd146eee04a","status":"broken","statusDetails":"KeyError: 'access_token'","time":{"start":1738865312078,"stop":1738865312078,"duration":0}},{"uid":"83a1d83d3050f111","status":"failed","statusDetails":"AssertionError: Ожидался текст: '2', отображается текст: '1'","time":{"start":1738269328664,"stop":1738269334101,"duration":5437}},{"uid":"393fc5fb81706fa9","status":"failed","statusDetails":"AssertionError: Ожидался текст: '2', отображается текст: '1'","time":{"start":1738099800199,"stop":1738099808600,"duration":8401}},{"uid":"1a1c26198a21bd47","status":"failed","statusDetails":"AssertionError: Ожидался текст: '2', отображается текст: '1'","time":{"start":1738005655996,"stop":1738005661415,"duration":5419}},{"uid":"bb37ea67897004f9","status":"failed","statusDetails":"AssertionError: Ожидался текст: '2', отображается текст: '1'","time":{"start":1738002934635,"stop":1738002940052,"duration":5417}},{"uid":"41baf7984698b959","status":"broken","statusDetails":"selenium.common.exceptions.StaleElementReferenceException: Message: stale element reference: stale element not found in the current frame\n  (Session info: chrome=132.0.6834.83); For documentation on this error, please visit: https://www.selenium.dev/documentation/webdriver/troubleshooting/errors#stale-element-reference-exception","time":{"start":1737932558826,"stop":1737932558826,"duration":0}},{"uid":"c64e506b5b3bf6fd","status":"failed","statusDetails":"AssertionError: Ожидался текст: '2', отображается текст: '1'","time":{"start":1737843315212,"stop":1737843322169,"duration":6957}},{"uid":"44c71df5ac64d686","status":"failed","statusDetails":"AssertionError: Ожидался текст: '2', отображается текст: '1'","time":{"start":1737832501768,"stop":1737832508742,"duration":6974}},{"uid":"ce1adce00b0b9cd","status":"failed","statusDetails":"AssertionError: Ожидался текст: '2', отображается текст: '1'","time":{"start":1737799865822,"stop":1737799872800,"duration":6978}},{"uid":"c3ba876983d362af","status":"failed","statusDetails":"AssertionError: Ожидался текст: '2', отображается текст: '1'","time":{"start":1737758099860,"stop":1737758106847,"duration":6987}},{"uid":"681cab165fc587d7","status":"failed","statusDetails":"AssertionError: Ожидался текст: '2', отображается текст: '1'","time":{"start":1737745092073,"stop":1737745099043,"duration":6970}},{"uid":"6412b3cf34021890","status":"failed","statusDetails":"AssertionError: Ожидался текст: '2', отображается текст: '1'","time":{"start":1737652984595,"stop":1737652992082,"duration":7487}},{"uid":"6f9148b3096adb32","status":"failed","statusDetails":"AssertionError: Ожидался текст: '2', отображается текст: '1'","time":{"start":1737570658842,"stop":1737570666395,"duration":7553}},{"uid":"1a48054d733defb1","status":"broken","statusDetails":"selenium.common.exceptions.WebDriverException: Message: unknown error: Chrome failed to start: exited abnormally.\n  (unknown error: DevToolsActivePort file doesn't exist)\n  (The process started from chrome location /usr/bin/chromium-browser is no longer running, so ChromeDriver is assuming that Chrome has crashed.)","time":{"start":1737568968602,"stop":1737568968602,"duration":0}},{"uid":"5f1fbecb0e9504cc","status":"failed","statusDetails":"AssertionError: Ожидался текст: '8', отображается текст: '7'","time":{"start":1734034910933,"stop":1734034917944,"duration":7011}}]},"tags":["regression","profile"]},"source":"88df1c3273505703.json","parameterValues":[]}