{"uid":"8a24dbcc121bb0a6","name":"Проверить обновление счетчика просмотров проекта","fullName":"tests.test_profile.TestProfile#test_update_views_counter","historyId":"5d2f140f5151a80fc8ff5958afb6560a","time":{"start":1733422071603,"stop":1733422101767,"duration":30164},"description":"Проверить, что счетчик изменяется при входе и открытии страницы","descriptionHtml":"<p>Проверить, что счетчик изменяется при входе и открытии страницы</p>\n","status":"broken","statusMessage":"selenium.common.exceptions.TimeoutException: Message: Не найдены элементы с локатором ('xpath', '//div[@class=\"user-project-list_count__TcOiJ\"]')","statusTrace":"self = <test_profile.TestProfile object at 0x7f98dfae1550>\nelements = {'Банк ачивок': {'Блок ачивок': ('xpath', '//div[contains(@class,\"user-achievement-by-interests_container\")]'), 'Модал...-sheet_icons\")]'), 'Название ачивки': ('xpath', '//div[contains(@class,\"achievement-item-bottom-sheet_title\")]')}, ...}\nlogin_to_app = None\n\n    @allure.title('Проверить обновление счетчика просмотров проекта')\n    @allure.description('Проверить, что счетчик изменяется при входе и открытии страницы')\n    @allure.severity('Minor')\n    @pytest.mark.regression\n    def test_update_views_counter(self, elements, login_to_app):\n        with allure.step('Перейти в профиль'):\n            self.app.profile_button_click()\n    \n        with allure.step('Запомнить сколько просмотров на счетчике у первого проекта пользователя'):\n            element = elements['Профиль пользователя']\n>           initial_views = self.profile_page.find_elements(element['Счетчик просмотров проекта'])[3].text\n\ntests/test_profile.py:75: \n_ _ _ _ _ _ _ _ _ _ _ _ _ _ _ _ _ _ _ _ _ _ _ _ _ _ _ _ _ _ _ _ _ _ _ _ _ _ _ _ \nbase/base_page.py:152: in find_elements\n    return self.wait.until(EC.visibility_of_all_elements_located(locator),\n_ _ _ _ _ _ _ _ _ _ _ _ _ _ _ _ _ _ _ _ _ _ _ _ _ _ _ _ _ _ _ _ _ _ _ _ _ _ _ _ \n\nself = <selenium.webdriver.support.wait.WebDriverWait (session=\"3933606a98c7b2fe1f45b881c449fe30\")>\nmethod = <function visibility_of_all_elements_located.<locals>._predicate at 0x7f98df112840>\nmessage = 'Не найдены элементы с локатором (\\'xpath\\', \\'//div[@class=\"user-project-list_count__TcOiJ\"]\\')'\n\n    def until(self, method: Callable[[D], Union[Literal[False], T]], message: str = \"\") -> T:\n        \"\"\"Calls the method provided with the driver as an argument until the \\\n        return value does not evaluate to ``False``.\n    \n        :param method: callable(WebDriver)\n        :param message: optional message for :exc:`TimeoutException`\n        :returns: the result of the last call to `method`\n        :raises: :exc:`selenium.common.exceptions.TimeoutException` if timeout occurs\n        \"\"\"\n        screen = None\n        stacktrace = None\n    \n        end_time = time.monotonic() + self._timeout\n        while True:\n            try:\n                value = method(self._driver)\n                if value:\n                    return value\n            except self._ignored_exceptions as exc:\n                screen = getattr(exc, \"screen\", None)\n                stacktrace = getattr(exc, \"stacktrace\", None)\n            if time.monotonic() > end_time:\n                break\n            time.sleep(self._poll)\n>       raise TimeoutException(message, screen, stacktrace)\nE       selenium.common.exceptions.TimeoutException: Message: Не найдены элементы с локатором ('xpath', '//div[@class=\"user-project-list_count__TcOiJ\"]')\n\n../local/lib/python3.12/site-packages/selenium/webdriver/support/wait.py:105: TimeoutException","flaky":true,"newFailed":false,"newBroken":true,"newPassed":false,"retriesCount":0,"retriesStatusChange":false,"beforeStages":[{"name":"_session_faker","time":{"start":1733421090315,"stop":1733421090316,"duration":1},"status":"passed","steps":[],"attachments":[],"parameters":[],"shouldDisplayMessage":false,"attachmentsCount":0,"stepsCount":0,"hasContent":false,"attachmentStep":false},{"name":"driver","time":{"start":1733422063556,"stop":1733422063981,"duration":425},"status":"passed","steps":[],"attachments":[],"parameters":[],"shouldDisplayMessage":false,"attachmentsCount":0,"stepsCount":0,"hasContent":false,"attachmentStep":false},{"name":"Инициализация локаторов","time":{"start":1733422063981,"stop":1733422063981,"duration":0},"status":"passed","steps":[{"name":"Инициализация локаторов","time":{"start":1733422063981,"stop":1733422063981,"duration":0},"status":"passed","steps":[],"attachments":[],"parameters":[{"name":"request","value":"<SubRequest 'elements' for <Function test_update_views_counter>>"}],"shouldDisplayMessage":false,"attachmentsCount":0,"stepsCount":0,"hasContent":true,"attachmentStep":false}],"attachments":[],"parameters":[],"shouldDisplayMessage":false,"attachmentsCount":0,"stepsCount":1,"hasContent":true,"attachmentStep":false},{"name":"Авторизация пользователя в системе","time":{"start":1733422063981,"stop":1733422071603,"duration":7622},"status":"passed","steps":[{"name":"Авторизация пользователя в системе","time":{"start":1733422063981,"stop":1733422071602,"duration":7621},"status":"passed","steps":[],"attachments":[],"parameters":[{"name":"request","value":"<SubRequest 'login_to_app' for <Function test_update_views_counter>>"},{"name":"driver","value":"<selenium.webdriver.chrome.webdriver.WebDriver (session=\"3933606a98c7b2fe1f45b881c449fe30\")>"}],"shouldDisplayMessage":false,"attachmentsCount":0,"stepsCount":0,"hasContent":true,"attachmentStep":false}],"attachments":[],"parameters":[],"shouldDisplayMessage":false,"attachmentsCount":0,"stepsCount":1,"hasContent":true,"attachmentStep":false},{"name":"setup","time":{"start":1733422063981,"stop":1733422063981,"duration":0},"status":"passed","steps":[],"attachments":[],"parameters":[],"shouldDisplayMessage":false,"attachmentsCount":0,"stepsCount":0,"hasContent":false,"attachmentStep":false}],"testStage":{"description":"Проверить, что счетчик изменяется при входе и открытии страницы","status":"broken","statusMessage":"selenium.common.exceptions.TimeoutException: Message: Не найдены элементы с локатором ('xpath', '//div[@class=\"user-project-list_count__TcOiJ\"]')","statusTrace":"self = <test_profile.TestProfile object at 0x7f98dfae1550>\nelements = {'Банк ачивок': {'Блок ачивок': ('xpath', '//div[contains(@class,\"user-achievement-by-interests_container\")]'), 'Модал...-sheet_icons\")]'), 'Название ачивки': ('xpath', '//div[contains(@class,\"achievement-item-bottom-sheet_title\")]')}, ...}\nlogin_to_app = None\n\n    @allure.title('Проверить обновление счетчика просмотров проекта')\n    @allure.description('Проверить, что счетчик изменяется при входе и открытии страницы')\n    @allure.severity('Minor')\n    @pytest.mark.regression\n    def test_update_views_counter(self, elements, login_to_app):\n        with allure.step('Перейти в профиль'):\n            self.app.profile_button_click()\n    \n        with allure.step('Запомнить сколько просмотров на счетчике у первого проекта пользователя'):\n            element = elements['Профиль пользователя']\n>           initial_views = self.profile_page.find_elements(element['Счетчик просмотров проекта'])[3].text\n\ntests/test_profile.py:75: \n_ _ _ _ _ _ _ _ _ _ _ _ _ _ _ _ _ _ _ _ _ _ _ _ _ _ _ _ _ _ _ _ _ _ _ _ _ _ _ _ \nbase/base_page.py:152: in find_elements\n    return self.wait.until(EC.visibility_of_all_elements_located(locator),\n_ _ _ _ _ _ _ _ _ _ _ _ _ _ _ _ _ _ _ _ _ _ _ _ _ _ _ _ _ _ _ _ _ _ _ _ _ _ _ _ \n\nself = <selenium.webdriver.support.wait.WebDriverWait (session=\"3933606a98c7b2fe1f45b881c449fe30\")>\nmethod = <function visibility_of_all_elements_located.<locals>._predicate at 0x7f98df112840>\nmessage = 'Не найдены элементы с локатором (\\'xpath\\', \\'//div[@class=\"user-project-list_count__TcOiJ\"]\\')'\n\n    def until(self, method: Callable[[D], Union[Literal[False], T]], message: str = \"\") -> T:\n        \"\"\"Calls the method provided with the driver as an argument until the \\\n        return value does not evaluate to ``False``.\n    \n        :param method: callable(WebDriver)\n        :param message: optional message for :exc:`TimeoutException`\n        :returns: the result of the last call to `method`\n        :raises: :exc:`selenium.common.exceptions.TimeoutException` if timeout occurs\n        \"\"\"\n        screen = None\n        stacktrace = None\n    \n        end_time = time.monotonic() + self._timeout\n        while True:\n            try:\n                value = method(self._driver)\n                if value:\n                    return value\n            except self._ignored_exceptions as exc:\n                screen = getattr(exc, \"screen\", None)\n                stacktrace = getattr(exc, \"stacktrace\", None)\n            if time.monotonic() > end_time:\n                break\n            time.sleep(self._poll)\n>       raise TimeoutException(message, screen, stacktrace)\nE       selenium.common.exceptions.TimeoutException: Message: Не найдены элементы с локатором ('xpath', '//div[@class=\"user-project-list_count__TcOiJ\"]')\n\n../local/lib/python3.12/site-packages/selenium/webdriver/support/wait.py:105: TimeoutException","steps":[{"name":"Перейти в профиль","time":{"start":1733422071603,"stop":1733422071646,"duration":43},"status":"passed","steps":[],"attachments":[],"parameters":[],"shouldDisplayMessage":false,"attachmentsCount":0,"stepsCount":0,"hasContent":false,"attachmentStep":false},{"name":"Запомнить сколько просмотров на счетчике у первого проекта пользователя","time":{"start":1733422071646,"stop":1733422101767,"duration":30121},"status":"broken","statusMessage":"selenium.common.exceptions.TimeoutException: Message: Не найдены элементы с локатором ('xpath', '//div[@class=\"user-project-list_count__TcOiJ\"]')\n\n","statusTrace":"  File \"/usr/workspace/tests/test_profile.py\", line 75, in test_update_views_counter\n    initial_views = self.profile_page.find_elements(element['Счетчик просмотров проекта'])[3].text\n                    ^^^^^^^^^^^^^^^^^^^^^^^^^^^^^^^^^^^^^^^^^^^^^^^^^^^^^^^^^^^^^^^^^^^^^^\n  File \"/usr/workspace/base/base_page.py\", line 152, in find_elements\n    return self.wait.until(EC.visibility_of_all_elements_located(locator),\n           ^^^^^^^^^^^^^^^^^^^^^^^^^^^^^^^^^^^^^^^^^^^^^^^^^^^^^^^^^^^^^^^\n  File \"/usr/local/lib/python3.12/site-packages/selenium/webdriver/support/wait.py\", line 105, in until\n    raise TimeoutException(message, screen, stacktrace)\n","steps":[],"attachments":[],"parameters":[],"shouldDisplayMessage":true,"attachmentsCount":0,"stepsCount":0,"hasContent":true,"attachmentStep":false}],"attachments":[],"parameters":[],"shouldDisplayMessage":true,"attachmentsCount":0,"stepsCount":2,"hasContent":true,"attachmentStep":false},"afterStages":[{"name":"driver::0","time":{"start":1733422101777,"stop":1733422102041,"duration":264},"status":"passed","steps":[],"attachments":[{"uid":"6fd512ef972f197d","name":"page_source","source":"6fd512ef972f197d.html","type":"text/html","size":55235},{"uid":"881b63d2086c4fd2","name":"screenshot","source":"881b63d2086c4fd2.png","type":"image/png","size":333503},{"uid":"d050f7378e5b43ac","name":"browser_logs","source":"d050f7378e5b43ac.txt","type":"text/plain","size":7669}],"parameters":[],"shouldDisplayMessage":false,"attachmentsCount":3,"stepsCount":0,"hasContent":true,"attachmentStep":false}],"labels":[{"name":"severity","value":"Minor"},{"name":"feature","value":"Профиль пользователя"},{"name":"tag","value":"regression"},{"name":"tag","value":"profile"},{"name":"parentSuite","value":"tests"},{"name":"suite","value":"test_profile"},{"name":"subSuite","value":"TestProfile"},{"name":"host","value":"511a3a5ccd0d"},{"name":"thread","value":"1-MainThread"},{"name":"framework","value":"pytest"},{"name":"language","value":"cpython3"},{"name":"package","value":"tests.test_profile"},{"name":"resultFormat","value":"allure2"}],"parameters":[],"links":[],"hidden":false,"retry":false,"extra":{"severity":"minor","retries":[],"categories":[{"name":"Test defects","matchedStatuses":[],"flaky":false}],"history":{"statistic":{"failed":3,"broken":2,"skipped":0,"passed":17,"unknown":0,"total":22},"items":[{"uid":"ffd73db5b714d6c2","status":"passed","time":{"start":1726780482473,"stop":1726780487518,"duration":5045}},{"uid":"6ba43e1672f7dc78","status":"passed","time":{"start":1726777220466,"stop":1726777227217,"duration":6751}},{"uid":"854d0fae8f8570a6","status":"failed","statusDetails":"AssertionError: Ожидалось True, получено False сравнивали 1796 и 1797","time":{"start":1724098991674,"stop":1724098996943,"duration":5269}},{"uid":"8885588ddfca24d0","status":"failed","statusDetails":"AssertionError: Ожидалось True, получено False сравнивали 1734 и 1735","time":{"start":1723829263818,"stop":1723829269067,"duration":5249}},{"uid":"5ee647fe541d94d3","status":"passed","time":{"start":1723751492832,"stop":1723751496420,"duration":3588}},{"uid":"5b59701dc8b92bc7","status":"passed","time":{"start":1723741973953,"stop":1723741977552,"duration":3599}},{"uid":"1b6e6c4baa732dbc","status":"broken","statusDetails":"KeyError: 'access_token'","time":{"start":1723664444948,"stop":1723664444948,"duration":0}},{"uid":"6d02acd82948763f","status":"passed","time":{"start":1723579074582,"stop":1723579078326,"duration":3744}},{"uid":"b05a9e5ba539131b","status":"passed","time":{"start":1723496204813,"stop":1723496211341,"duration":6528}},{"uid":"9428e3a6bfc5bded","status":"passed","time":{"start":1723150093320,"stop":1723150096841,"duration":3521}},{"uid":"bf482cd415527bbe","status":"passed","time":{"start":1723148739757,"stop":1723148743268,"duration":3511}},{"uid":"814105b9b37b56","status":"passed","time":{"start":1723147012043,"stop":1723147015595,"duration":3552}},{"uid":"6ab6d0722cf6294e","status":"passed","time":{"start":1723065237241,"stop":1723065240777,"duration":3536}},{"uid":"68e22246b4dea6ce","status":"passed","time":{"start":1722976778078,"stop":1722976781659,"duration":3581}},{"uid":"97d2209c1e58d331","status":"failed","statusDetails":"AssertionError: Ожидалось True, получено False сравнивали 838 и 839","time":{"start":1722891965433,"stop":1722891968999,"duration":3566}},{"uid":"fb11d4f9664956f4","status":"passed","time":{"start":1722625730883,"stop":1722625734415,"duration":3532}},{"uid":"4595ff2f2d31f603","status":"passed","time":{"start":1722546341022,"stop":1722546344551,"duration":3529}},{"uid":"51166775f23c3b97","status":"passed","time":{"start":1722370137099,"stop":1722370140770,"duration":3671}},{"uid":"f69b54b1b4c85a50","status":"passed","time":{"start":1722283163836,"stop":1722283167391,"duration":3555}},{"uid":"14d3ed949d550325","status":"passed","time":{"start":1722018243173,"stop":1722018246734,"duration":3561}}]},"tags":["regression","profile"]},"source":"8a24dbcc121bb0a6.json","parameterValues":[]}