{"uid":"8a860506056eb5c2","name":"Проверка при нажатии в поп ап Избранное открывается страница избранного пользователя","fullName":"tests.test_menu_profile.TestMenuProfile#test_pop_up_menu_click_button_favorite","historyId":"2d54d5f2e40b02b64ea882035ec6de3a","time":{"start":1738872120712,"stop":1738872120712,"duration":0},"description":"Проверяется на пользователе Aleska","descriptionHtml":"<p>Проверяется на пользователе Aleska</p>\n","status":"broken","statusMessage":"selenium.common.exceptions.TimeoutException: Message:","statusTrace":"request = <SubRequest 'login_to_app' for <Function test_pop_up_menu_click_button_favorite>>\ndriver = <selenium.webdriver.chrome.webdriver.WebDriver (session=\"facfd7fb2e7c78ba8b8b47e5db613e74\")>\n\n    @pytest.fixture(scope='function')\n    @allure.title('Авторизация пользователя в системе')\n    @allure.step('Авторизация пользователя в системе')\n    def login_to_app(request, driver):\n        \"\"\" Фикстура Логина в систему \"\"\"\n        login_page = ApiAuthorization(driver)\n        login_page.user(User.LOGIN, User.PASSWORD)\n        try:\n            later = login_page.find_element(config.locators.RubricPageLocators.locators['Кнопка выберу потом'])\n            login_page.do_click(later)\n        except TimeoutException:\n            element = login_page.find_element(\n                config.locators.MainPageLocators.locators['Листай вниз и найди свои интересы'])\n            login_page.do_click(element)\n        finally:\n>           login_page.do_click(config.locators.MainPageLocators.locators['Листай вниз и найди свои интересы'])\n\nconftest.py:62: \n_ _ _ _ _ _ _ _ _ _ _ _ _ _ _ _ _ _ _ _ _ _ _ _ _ _ _ _ _ _ _ _ _ _ _ _ _ _ _ _ \nbase/base_page.py:79: in do_click\n    elem = WebDriverWait(self.driver, wait_time).until(EC.element_to_be_clickable(locator))\n_ _ _ _ _ _ _ _ _ _ _ _ _ _ _ _ _ _ _ _ _ _ _ _ _ _ _ _ _ _ _ _ _ _ _ _ _ _ _ _ \n\nself = <selenium.webdriver.support.wait.WebDriverWait (session=\"facfd7fb2e7c78ba8b8b47e5db613e74\")>\nmethod = <function element_to_be_clickable.<locals>._predicate at 0x7fb57cb34d60>\nmessage = ''\n\n    def until(self, method: Callable[[D], Union[Literal[False], T]], message: str = \"\") -> T:\n        \"\"\"Calls the method provided with the driver as an argument until the \\\n        return value does not evaluate to ``False``.\n    \n        :param method: callable(WebDriver)\n        :param message: optional message for :exc:`TimeoutException`\n        :returns: the result of the last call to `method`\n        :raises: :exc:`selenium.common.exceptions.TimeoutException` if timeout occurs\n        \"\"\"\n        screen = None\n        stacktrace = None\n    \n        end_time = time.monotonic() + self._timeout\n        while True:\n            try:\n                value = method(self._driver)\n                if value:\n                    return value\n            except self._ignored_exceptions as exc:\n                screen = getattr(exc, \"screen\", None)\n                stacktrace = getattr(exc, \"stacktrace\", None)\n            if time.monotonic() > end_time:\n                break\n            time.sleep(self._poll)\n>       raise TimeoutException(message, screen, stacktrace)\nE       selenium.common.exceptions.TimeoutException: Message:\n\n../local/lib/python3.12/site-packages/selenium/webdriver/support/wait.py:105: TimeoutException","flaky":false,"newFailed":false,"newBroken":false,"newPassed":false,"retriesCount":0,"retriesStatusChange":false,"beforeStages":[{"name":"_session_faker","time":{"start":1738870943195,"stop":1738870943196,"duration":1},"status":"passed","steps":[],"attachments":[],"parameters":[],"shouldDisplayMessage":false,"attachmentsCount":0,"stepsCount":0,"hasContent":false,"attachmentStep":false},{"name":"driver","time":{"start":1738872120712,"stop":1738872121126,"duration":414},"status":"passed","steps":[],"attachments":[],"parameters":[],"shouldDisplayMessage":false,"attachmentsCount":0,"stepsCount":0,"hasContent":false,"attachmentStep":false},{"name":"setup","time":{"start":1738872121126,"stop":1738872121127,"duration":1},"status":"passed","steps":[],"attachments":[],"parameters":[],"shouldDisplayMessage":false,"attachmentsCount":0,"stepsCount":0,"hasContent":false,"attachmentStep":false},{"name":"Инициализация локаторов","time":{"start":1738872121127,"stop":1738872121127,"duration":0},"status":"passed","steps":[{"name":"Инициализация локаторов","time":{"start":1738872121127,"stop":1738872121127,"duration":0},"status":"passed","steps":[],"attachments":[],"parameters":[{"name":"request","value":"<SubRequest 'elements' for <Function test_pop_up_menu_click_button_favorite>>"}],"shouldDisplayMessage":false,"attachmentsCount":0,"stepsCount":0,"hasContent":true,"attachmentStep":false}],"attachments":[],"parameters":[],"shouldDisplayMessage":false,"attachmentsCount":0,"stepsCount":1,"hasContent":true,"attachmentStep":false},{"name":"Авторизация пользователя в системе","time":{"start":1738872121127,"stop":1738872166383,"duration":45256},"status":"broken","statusMessage":"selenium.common.exceptions.TimeoutException: Message: \n\n","statusTrace":"  File \"/usr/local/lib/python3.12/site-packages/pluggy/_callers.py\", line 167, in _multicall\n    teardown.throw(outcome._exception)\n  File \"/usr/local/lib/python3.12/site-packages/_pytest/setuponly.py\", line 36, in pytest_fixture_setup\n    return (yield)\n            ^^^^^\n  File \"/usr/local/lib/python3.12/site-packages/pluggy/_callers.py\", line 103, in _multicall\n    res = hook_impl.function(*args)\n          ^^^^^^^^^^^^^^^^^^^^^^^^^\n  File \"/usr/local/lib/python3.12/site-packages/_pytest/fixtures.py\", line 1140, in pytest_fixture_setup\n    result = call_fixture_func(fixturefunc, request, kwargs)\n             ^^^^^^^^^^^^^^^^^^^^^^^^^^^^^^^^^^^^^^^^^^^^^^^\n  File \"/usr/local/lib/python3.12/site-packages/_pytest/fixtures.py\", line 898, in call_fixture_func\n    fixture_result = fixturefunc(**kwargs)\n                     ^^^^^^^^^^^^^^^^^^^^^\n  File \"/usr/local/lib/python3.12/site-packages/allure_commons/_allure.py\", line 192, in impl\n    return func(*a, **kw)\n           ^^^^^^^^^^^^^^\n  File \"/usr/workspace/conftest.py\", line 62, in login_to_app\n    login_page.do_click(config.locators.MainPageLocators.locators['Листай вниз и найди свои интересы'])\n  File \"/usr/workspace/base/base_page.py\", line 79, in do_click\n    elem = WebDriverWait(self.driver, wait_time).until(EC.element_to_be_clickable(locator))\n           ^^^^^^^^^^^^^^^^^^^^^^^^^^^^^^^^^^^^^^^^^^^^^^^^^^^^^^^^^^^^^^^^^^^^^^^^^^^^^^^^\n  File \"/usr/local/lib/python3.12/site-packages/selenium/webdriver/support/wait.py\", line 105, in until\n    raise TimeoutException(message, screen, stacktrace)\n","steps":[{"name":"Авторизация пользователя в системе","time":{"start":1738872121127,"stop":1738872166383,"duration":45256},"status":"broken","statusMessage":"selenium.common.exceptions.TimeoutException: Message: \n\n","statusTrace":"  File \"/usr/local/lib/python3.12/site-packages/allure_commons/_allure.py\", line 192, in impl\n    return func(*a, **kw)\n           ^^^^^^^^^^^^^^\n  File \"/usr/workspace/conftest.py\", line 62, in login_to_app\n    login_page.do_click(config.locators.MainPageLocators.locators['Листай вниз и найди свои интересы'])\n  File \"/usr/workspace/base/base_page.py\", line 79, in do_click\n    elem = WebDriverWait(self.driver, wait_time).until(EC.element_to_be_clickable(locator))\n           ^^^^^^^^^^^^^^^^^^^^^^^^^^^^^^^^^^^^^^^^^^^^^^^^^^^^^^^^^^^^^^^^^^^^^^^^^^^^^^^^\n  File \"/usr/local/lib/python3.12/site-packages/selenium/webdriver/support/wait.py\", line 105, in until\n    raise TimeoutException(message, screen, stacktrace)\n","steps":[],"attachments":[],"parameters":[{"name":"request","value":"<SubRequest 'login_to_app' for <Function test_pop_up_menu_click_button_favorite>>"},{"name":"driver","value":"<selenium.webdriver.chrome.webdriver.WebDriver (session=\"facfd7fb2e7c78ba8b8b47e5db613e74\")>"}],"shouldDisplayMessage":true,"attachmentsCount":0,"stepsCount":0,"hasContent":true,"attachmentStep":false}],"attachments":[],"parameters":[],"shouldDisplayMessage":false,"attachmentsCount":0,"stepsCount":1,"hasContent":true,"attachmentStep":false}],"afterStages":[{"name":"driver::0","time":{"start":1738872166393,"stop":1738872166579,"duration":186},"status":"passed","steps":[],"attachments":[{"uid":"d4f14817ec733f5f","name":"page_source","source":"d4f14817ec733f5f.html","type":"text/html","size":27593},{"uid":"24dfb82aa384a2c5","name":"screenshot","source":"24dfb82aa384a2c5.png","type":"image/png","size":55155},{"uid":"8b255f4121fc8338","name":"browser_logs","source":"8b255f4121fc8338.txt","type":"text/plain","size":7069}],"parameters":[],"shouldDisplayMessage":false,"attachmentsCount":3,"stepsCount":0,"hasContent":true,"attachmentStep":false}],"labels":[{"name":"feature","value":"Меню профиля"},{"name":"severity","value":"Critical"},{"name":"tag","value":"regression"},{"name":"tag","value":"menu_profile"},{"name":"parentSuite","value":"tests"},{"name":"suite","value":"test_menu_profile"},{"name":"subSuite","value":"TestMenuProfile"},{"name":"host","value":"f1e44e101a82"},{"name":"thread","value":"1-MainThread"},{"name":"framework","value":"pytest"},{"name":"language","value":"cpython3"},{"name":"package","value":"tests.test_menu_profile"},{"name":"resultFormat","value":"allure2"}],"parameters":[],"links":[],"hidden":false,"retry":false,"extra":{"severity":"critical","retries":[],"categories":[{"name":"Test defects","matchedStatuses":[],"flaky":false}],"history":{"statistic":{"failed":2,"broken":6,"skipped":0,"passed":34,"unknown":0,"total":42},"items":[{"uid":"9e55b455677e9af9","status":"broken","statusDetails":"KeyError: 'access_token'","time":{"start":1738865199765,"stop":1738865199765,"duration":0}},{"uid":"5f6039b8150234f3","status":"passed","time":{"start":1738269082372,"stop":1738269085094,"duration":2722}},{"uid":"b9f92fef6104050a","status":"passed","time":{"start":1738099545243,"stop":1738099549475,"duration":4232}},{"uid":"2304d2b03b09c09f","status":"passed","time":{"start":1738005498520,"stop":1738005501218,"duration":2698}},{"uid":"510393cd9467176f","status":"passed","time":{"start":1738002792210,"stop":1738002795390,"duration":3180}},{"uid":"e223d47306a942aa","status":"broken","statusDetails":"selenium.common.exceptions.TimeoutException: Message: Не найден элемент с локатором ('xpath', '//div[@class=\"onboarding_container__mDp2D\"]')","time":{"start":1737930837523,"stop":1737930837523,"duration":0}},{"uid":"cc56609c29506366","status":"passed","time":{"start":1737843151240,"stop":1737843154448,"duration":3208}},{"uid":"3a24e2385bf59f8c","status":"passed","time":{"start":1737832351133,"stop":1737832355391,"duration":4258}},{"uid":"9dd1391131821ec8","status":"passed","time":{"start":1737799713118,"stop":1737799717390,"duration":4272}},{"uid":"c79ad04f11c87553","status":"passed","time":{"start":1737757941940,"stop":1737757946209,"duration":4269}},{"uid":"d6fd48ff0eec7df7","status":"passed","time":{"start":1737744942960,"stop":1737744947165,"duration":4205}},{"uid":"3f2e3fcc9aa68668","status":"failed","statusDetails":"AssertionError: Ожидался текст: 'Избранное', отображается текст: 'Aleska'","time":{"start":1737652795096,"stop":1737652797824,"duration":2728}},{"uid":"2b277a8105b8671f","status":"failed","statusDetails":"AssertionError: Ожидался текст: 'Избранное', отображается текст: 'Aleska'","time":{"start":1737570505077,"stop":1737570506879,"duration":1802}},{"uid":"aaa3b073ca72ca74","status":"broken","statusDetails":"selenium.common.exceptions.WebDriverException: Message: unknown error: Chrome failed to start: exited abnormally.\n  (unknown error: DevToolsActivePort file doesn't exist)\n  (The process started from chrome location /usr/bin/chromium-browser is no longer running, so ChromeDriver is assuming that Chrome has crashed.)","time":{"start":1737568966127,"stop":1737568966127,"duration":0}},{"uid":"d43c314600f7a135","status":"passed","time":{"start":1734034770167,"stop":1734034774720,"duration":4553}},{"uid":"e3c386a2fd0b4aa7","status":"passed","time":{"start":1733937427853,"stop":1733937430550,"duration":2697}},{"uid":"58594d302caacd29","status":"passed","time":{"start":1733866054967,"stop":1733866057148,"duration":2181}},{"uid":"ae11f556b0d175a3","status":"broken","statusDetails":"selenium.common.exceptions.TimeoutException: Message: Не найден элемент с локатором ('xpath', '//button[@data-testing=\"after_register_dialog__btn_choose_later\"]')","time":{"start":1733860419798,"stop":1733860419798,"duration":0}},{"uid":"10a903cf5f645b3f","status":"passed","time":{"start":1733857031959,"stop":1733857034157,"duration":2198}},{"uid":"cc6a767d60f4f477","status":"passed","time":{"start":1733771915695,"stop":1733771918449,"duration":2754}}]},"tags":["regression","menu_profile"]},"source":"8a860506056eb5c2.json","parameterValues":[]}