{"uid":"8b3186e4cfa0851e","name":"Проверка удаления аккаунта по причине \"Не нашел (-ла) интересного для себя контента\"","fullName":"tests.test_editing_profile.TestEditingProfile#test_deletion_of_account","historyId":"f76d3c2972bd0794faf2a5f9e317cc76","time":{"start":1733421638113,"stop":1733421638113,"duration":0},"description":"Сначала регистрируется новый пользователь, после удаляется по причине и проверяется, что при авторизации ему отображается уведомление","descriptionHtml":"<p>Сначала регистрируется новый пользователь, после удаляется по причине и проверяется, что при авторизации ему отображается уведомление</p>\n","status":"broken","statusMessage":"selenium.common.exceptions.TimeoutException: Message:","statusTrace":"driver = <selenium.webdriver.chrome.webdriver.WebDriver (session=\"4c456986749530c5a0b0b88f811aa288\")>\n\n    @pytest.fixture(scope='function')\n    @allure.title('Регистрация пользователя')\n    @allure.step('Регистрация пользователя')\n    def registration_user(driver):\n        \"\"\"\n        Фикстура регистрации нового пользователя\n    \n        :param driver:\n            принимает в себя экземпляр драйвера\n    \n        \"\"\"\n        authorization_page = AuthorizationPage(driver)\n        join_page = JoinPage(driver)\n        metabase = MetaBase(driver)\n        assertion = Assertion(driver)\n        rubric_page = RubricPage(driver)\n        main_page = MainPage(driver)\n    \n        authorization_page.open()\n>       authorization_page.do_click(config.locators.AuthorizationPageLocators.locators['Кнопка по смс'])\n\nfixtures/fixtures_for_registration_tests.py:37: \n_ _ _ _ _ _ _ _ _ _ _ _ _ _ _ _ _ _ _ _ _ _ _ _ _ _ _ _ _ _ _ _ _ _ _ _ _ _ _ _ \nbase/base_page.py:75: in do_click\n    elem = WebDriverWait(self.driver, wait_time).until(EC.element_to_be_clickable(locator))\n_ _ _ _ _ _ _ _ _ _ _ _ _ _ _ _ _ _ _ _ _ _ _ _ _ _ _ _ _ _ _ _ _ _ _ _ _ _ _ _ \n\nself = <selenium.webdriver.support.wait.WebDriverWait (session=\"4c456986749530c5a0b0b88f811aa288\")>\nmethod = <function element_to_be_clickable.<locals>._predicate at 0x7f98df0e9da0>\nmessage = ''\n\n    def until(self, method: Callable[[D], Union[Literal[False], T]], message: str = \"\") -> T:\n        \"\"\"Calls the method provided with the driver as an argument until the \\\n        return value does not evaluate to ``False``.\n    \n        :param method: callable(WebDriver)\n        :param message: optional message for :exc:`TimeoutException`\n        :returns: the result of the last call to `method`\n        :raises: :exc:`selenium.common.exceptions.TimeoutException` if timeout occurs\n        \"\"\"\n        screen = None\n        stacktrace = None\n    \n        end_time = time.monotonic() + self._timeout\n        while True:\n            try:\n                value = method(self._driver)\n                if value:\n                    return value\n            except self._ignored_exceptions as exc:\n                screen = getattr(exc, \"screen\", None)\n                stacktrace = getattr(exc, \"stacktrace\", None)\n            if time.monotonic() > end_time:\n                break\n            time.sleep(self._poll)\n>       raise TimeoutException(message, screen, stacktrace)\nE       selenium.common.exceptions.TimeoutException: Message:\n\n../local/lib/python3.12/site-packages/selenium/webdriver/support/wait.py:105: TimeoutException","flaky":false,"newFailed":false,"newBroken":false,"newPassed":false,"retriesCount":0,"retriesStatusChange":false,"beforeStages":[{"name":"_session_faker","time":{"start":1733421090315,"stop":1733421090316,"duration":1},"status":"passed","steps":[],"attachments":[],"parameters":[],"shouldDisplayMessage":false,"attachmentsCount":0,"stepsCount":0,"hasContent":false,"attachmentStep":false},{"name":"driver","time":{"start":1733421638113,"stop":1733421638553,"duration":440},"status":"passed","steps":[],"attachments":[],"parameters":[],"shouldDisplayMessage":false,"attachmentsCount":0,"stepsCount":0,"hasContent":false,"attachmentStep":false},{"name":"setup","time":{"start":1733421638553,"stop":1733421638553,"duration":0},"status":"passed","steps":[],"attachments":[],"parameters":[],"shouldDisplayMessage":false,"attachmentsCount":0,"stepsCount":0,"hasContent":false,"attachmentStep":false},{"name":"Регистрация пользователя","time":{"start":1733421638554,"stop":1733421651884,"duration":13330},"status":"broken","statusMessage":"selenium.common.exceptions.TimeoutException: Message: \n\n","statusTrace":"  File \"/usr/local/lib/python3.12/site-packages/pluggy/_callers.py\", line 167, in _multicall\n    teardown.throw(outcome._exception)\n  File \"/usr/local/lib/python3.12/site-packages/_pytest/setuponly.py\", line 36, in pytest_fixture_setup\n    return (yield)\n            ^^^^^\n  File \"/usr/local/lib/python3.12/site-packages/pluggy/_callers.py\", line 103, in _multicall\n    res = hook_impl.function(*args)\n          ^^^^^^^^^^^^^^^^^^^^^^^^^\n  File \"/usr/local/lib/python3.12/site-packages/_pytest/fixtures.py\", line 1140, in pytest_fixture_setup\n    result = call_fixture_func(fixturefunc, request, kwargs)\n             ^^^^^^^^^^^^^^^^^^^^^^^^^^^^^^^^^^^^^^^^^^^^^^^\n  File \"/usr/local/lib/python3.12/site-packages/_pytest/fixtures.py\", line 898, in call_fixture_func\n    fixture_result = fixturefunc(**kwargs)\n                     ^^^^^^^^^^^^^^^^^^^^^\n  File \"/usr/local/lib/python3.12/site-packages/allure_commons/_allure.py\", line 192, in impl\n    return func(*a, **kw)\n           ^^^^^^^^^^^^^^\n  File \"/usr/workspace/fixtures/fixtures_for_registration_tests.py\", line 37, in registration_user\n    authorization_page.do_click(config.locators.AuthorizationPageLocators.locators['Кнопка по смс'])\n  File \"/usr/workspace/base/base_page.py\", line 75, in do_click\n    elem = WebDriverWait(self.driver, wait_time).until(EC.element_to_be_clickable(locator))\n           ^^^^^^^^^^^^^^^^^^^^^^^^^^^^^^^^^^^^^^^^^^^^^^^^^^^^^^^^^^^^^^^^^^^^^^^^^^^^^^^^\n  File \"/usr/local/lib/python3.12/site-packages/selenium/webdriver/support/wait.py\", line 105, in until\n    raise TimeoutException(message, screen, stacktrace)\n","steps":[{"name":"Регистрация пользователя","time":{"start":1733421638554,"stop":1733421651884,"duration":13330},"status":"broken","statusMessage":"selenium.common.exceptions.TimeoutException: Message: \n\n","statusTrace":"  File \"/usr/local/lib/python3.12/site-packages/allure_commons/_allure.py\", line 192, in impl\n    return func(*a, **kw)\n           ^^^^^^^^^^^^^^\n  File \"/usr/workspace/fixtures/fixtures_for_registration_tests.py\", line 37, in registration_user\n    authorization_page.do_click(config.locators.AuthorizationPageLocators.locators['Кнопка по смс'])\n  File \"/usr/workspace/base/base_page.py\", line 75, in do_click\n    elem = WebDriverWait(self.driver, wait_time).until(EC.element_to_be_clickable(locator))\n           ^^^^^^^^^^^^^^^^^^^^^^^^^^^^^^^^^^^^^^^^^^^^^^^^^^^^^^^^^^^^^^^^^^^^^^^^^^^^^^^^\n  File \"/usr/local/lib/python3.12/site-packages/selenium/webdriver/support/wait.py\", line 105, in until\n    raise TimeoutException(message, screen, stacktrace)\n","steps":[],"attachments":[],"parameters":[{"name":"driver","value":"<selenium.webdriver.chrome.webdriver.WebDriver (session=\"4c456986749530c5a0b0b88f811aa288\")>"}],"shouldDisplayMessage":true,"attachmentsCount":0,"stepsCount":0,"hasContent":true,"attachmentStep":false}],"attachments":[],"parameters":[],"shouldDisplayMessage":false,"attachmentsCount":0,"stepsCount":1,"hasContent":true,"attachmentStep":false},{"name":"Инициализация локаторов","time":{"start":1733421638554,"stop":1733421638554,"duration":0},"status":"passed","steps":[{"name":"Инициализация локаторов","time":{"start":1733421638554,"stop":1733421638554,"duration":0},"status":"passed","steps":[],"attachments":[],"parameters":[{"name":"request","value":"<SubRequest 'elements' for <Function test_deletion_of_account[\\u041d\\u0435 \\u043d\\u0430\\u0448\\u0435\\u043b (-\\u043b\\u0430) \\u0438\\u043d\\u0442\\u0435\\u0440\\u0435\\u0441\\u043d\\u043e\\u0433\\u043e \\u0434\\u043b\\u044f \\u0441\\u0435\\u0431\\u044f \\u043a\\u043e\\u043d\\u0442\\u0435\\u043d\\u0442\\u0430]>>"}],"shouldDisplayMessage":false,"attachmentsCount":0,"stepsCount":0,"hasContent":true,"attachmentStep":false}],"attachments":[],"parameters":[],"shouldDisplayMessage":false,"attachmentsCount":0,"stepsCount":1,"hasContent":true,"attachmentStep":false}],"afterStages":[{"name":"driver::0","time":{"start":1733421651893,"stop":1733421652077,"duration":184},"status":"passed","steps":[],"attachments":[{"uid":"9d447ccdfdd8a64f","name":"page_source","source":"9d447ccdfdd8a64f.html","type":"text/html","size":16809},{"uid":"bb46a240b30caa79","name":"screenshot","source":"bb46a240b30caa79.png","type":"image/png","size":31251},{"uid":"4c43a7f7c5290dd8","name":"browser_logs","source":"4c43a7f7c5290dd8.txt","type":"text/plain","size":3504}],"parameters":[],"shouldDisplayMessage":false,"attachmentsCount":3,"stepsCount":0,"hasContent":true,"attachmentStep":false}],"labels":[{"name":"severity","value":"Critical"},{"name":"feature","value":"Редактирование профиля"},{"name":"tag","value":"regression"},{"name":"tag","value":"editing_profile"},{"name":"parentSuite","value":"tests"},{"name":"suite","value":"test_editing_profile"},{"name":"subSuite","value":"TestEditingProfile"},{"name":"host","value":"511a3a5ccd0d"},{"name":"thread","value":"1-MainThread"},{"name":"framework","value":"pytest"},{"name":"language","value":"cpython3"},{"name":"package","value":"tests.test_editing_profile"},{"name":"resultFormat","value":"allure2"}],"parameters":[{"name":"options","value":"'Не нашел (-ла) интересного для себя контента'"}],"links":[],"hidden":false,"retry":false,"extra":{"severity":"critical","retries":[],"categories":[{"name":"Test defects","matchedStatuses":[],"flaky":false}],"history":{"statistic":{"failed":0,"broken":4,"skipped":0,"passed":10,"unknown":0,"total":14},"items":[{"uid":"b35509ca5397a620","status":"broken","statusDetails":"selenium.common.exceptions.TimeoutException: Message:","time":{"start":1726780180356,"stop":1726780180356,"duration":0}},{"uid":"887567efc77474eb","status":"broken","statusDetails":"selenium.common.exceptions.TimeoutException: Message:","time":{"start":1726776893718,"stop":1726776893718,"duration":0}},{"uid":"1de0e0c9c68bd6a3","status":"passed","time":{"start":1724098593920,"stop":1724098604084,"duration":10164}},{"uid":"5896d9ab4969743e","status":"passed","time":{"start":1723828757458,"stop":1723828768247,"duration":10789}},{"uid":"609264e18ae4f824","status":"passed","time":{"start":1723751132468,"stop":1723751141707,"duration":9239}},{"uid":"2ac9c8d1cc7a8ad0","status":"passed","time":{"start":1723741590206,"stop":1723741601020,"duration":10814}},{"uid":"db065092d8fd0468","status":"passed","time":{"start":1723664341266,"stop":1723664350291,"duration":9025}},{"uid":"5437e78b05695a90","status":"broken","statusDetails":"selenium.common.exceptions.TimeoutException: Message: Не найден элемент с локатором ('xpath', '//input[@name=\"password\"]')","time":{"start":1723578705115,"stop":1723578705115,"duration":0}},{"uid":"90726cb9fa23eee4","status":"passed","time":{"start":1723495871148,"stop":1723495881367,"duration":10219}},{"uid":"91b5664296bc955","status":"passed","time":{"start":1723149779714,"stop":1723149789332,"duration":9618}},{"uid":"a877c71bd01a870e","status":"passed","time":{"start":1723148486414,"stop":1723148496536,"duration":10122}},{"uid":"b69d3fbdd0cae3a6","status":"passed","time":{"start":1723146760028,"stop":1723146768872,"duration":8844}},{"uid":"1f03561fbfbeed49","status":"passed","time":{"start":1723064980430,"stop":1723064989700,"duration":9270}}]},"tags":["editing_profile","regression"]},"source":"8b3186e4cfa0851e.json","parameterValues":["'Не нашел (-ла) интересного для себя контента'"]}