{"uid":"8d5bea6ad3a0b2bf","name":"Регистрация пользователя по номеру телефона","fullName":"tests.test_registration.TestRegistrationUser#test_registering_a_new_user_by_phone_number","historyId":"466fc968f032aaed759fe07653732bba","time":{"start":1721942662168,"stop":1721942698916,"duration":36748},"description":"При проверке так же проверяем, что никнейм может иметь в себе: цифры, точку (только в середине), дефис, нижнее подчеркивание","descriptionHtml":"<p>При проверке так же проверяем, что никнейм может иметь в себе: цифры, точку (только в середине), дефис, нижнее подчеркивание</p>\n","status":"broken","statusMessage":"selenium.common.exceptions.TimeoutException: Message: Не найден элемент с локатором ('xpath', '//input[@name=\"password\"]')","statusTrace":"self = <test_registration.TestRegistrationUser object at 0x7fb75de8acf0>\nelements = {'Банк ачивок': {'Блок ачивок': ('xpath', '//div[contains(@class,\"user-achievement-by-interests_container\")]'), 'Модал...'.//button[@class=\"header_back__yUNba\"]'), 'Кнопка кэррот': ('xpath', '//div[@class=\"header_info__CHSYI\"]'), ...}, ...}\n\n    @allure.title('Регистрация пользователя по номеру телефона')\n    @allure.description('При проверке так же проверяем, что никнейм может иметь в себе: '\n                        'цифры, точку (только в середине), дефис, нижнее подчеркивание')\n    @allure.severity('Critical')\n    @pytest.mark.regression\n    def test_registering_a_new_user_by_phone_number(self, elements):\n        with allure.step('Открыть страницу авторизации'):\n            self.authorization_page.open()\n            element = elements['Страница авторизации']\n    \n        with allure.step('Нажать кнопку \"По смс (Для России)\"'):\n            self.authorization_page.do_click(element['Кнопка по смс'])\n    \n        with allure.step('Нажать кнопку Далее'):\n            element = elements['Страница регистрации']\n            self.join_page.do_click(element['Кнопка далее'])\n    \n        with allure.step('В поле никнейм ввести любое валидное значение'):\n            username = f'-{fake.user_name()}.{fake.pyint(min_value=1, max_value=2)}_'\n            self.join_page.field_send_keys(element['Поле никнейм'], text=f'{username}')\n    \n        with allure.step('Нажать кнопку Далее'):\n            self.join_page.do_click(element['Кнопка далее'])\n    \n        with allure.step('В поле Пароль ввести пароль'):\n>           self.join_page.field_send_keys(element['Поле пароль'], text=self.User.PASSWORD)\n\ntests/test_registration.py:40: \n_ _ _ _ _ _ _ _ _ _ _ _ _ _ _ _ _ _ _ _ _ _ _ _ _ _ _ _ _ _ _ _ _ _ _ _ _ _ _ _ \nbase/base_page.py:81: in field_send_keys\n    element = self.find_element(locator)\nbase/base_page.py:93: in find_element\n    return self.wait.until(EC.visibility_of_element_located(locator),\n_ _ _ _ _ _ _ _ _ _ _ _ _ _ _ _ _ _ _ _ _ _ _ _ _ _ _ _ _ _ _ _ _ _ _ _ _ _ _ _ \n\nself = <selenium.webdriver.support.wait.WebDriverWait (session=\"bd1c1f02756834ad532c675e652728ce\")>\nmethod = <function visibility_of_element_located.<locals>._predicate at 0x7fb75a4179c0>\nmessage = 'Не найден элемент с локатором (\\'xpath\\', \\'//input[@name=\"password\"]\\')'\n\n    def until(self, method: Callable[[D], Union[Literal[False], T]], message: str = \"\") -> T:\n        \"\"\"Calls the method provided with the driver as an argument until the \\\n        return value does not evaluate to ``False``.\n    \n        :param method: callable(WebDriver)\n        :param message: optional message for :exc:`TimeoutException`\n        :returns: the result of the last call to `method`\n        :raises: :exc:`selenium.common.exceptions.TimeoutException` if timeout occurs\n        \"\"\"\n        screen = None\n        stacktrace = None\n    \n        end_time = time.monotonic() + self._timeout\n        while True:\n            try:\n                value = method(self._driver)\n                if value:\n                    return value\n            except self._ignored_exceptions as exc:\n                screen = getattr(exc, \"screen\", None)\n                stacktrace = getattr(exc, \"stacktrace\", None)\n            time.sleep(self._poll)\n            if time.monotonic() > end_time:\n                break\n>       raise TimeoutException(message, screen, stacktrace)\nE       selenium.common.exceptions.TimeoutException: Message: Не найден элемент с локатором ('xpath', '//input[@name=\"password\"]')\n\n../local/lib/python3.12/site-packages/selenium/webdriver/support/wait.py:105: TimeoutException","flaky":false,"newFailed":false,"newBroken":true,"newPassed":false,"retriesCount":0,"retriesStatusChange":false,"beforeStages":[{"name":"_session_faker","time":{"start":1721942567862,"stop":1721942567882,"duration":20},"status":"passed","steps":[],"attachments":[],"parameters":[],"shouldDisplayMessage":false,"attachmentsCount":0,"stepsCount":0,"hasContent":false,"attachmentStep":false},{"name":"driver","time":{"start":1721942661728,"stop":1721942662167,"duration":439},"status":"passed","steps":[],"attachments":[],"parameters":[],"shouldDisplayMessage":false,"attachmentsCount":0,"stepsCount":0,"hasContent":false,"attachmentStep":false},{"name":"setup","time":{"start":1721942662167,"stop":1721942662167,"duration":0},"status":"passed","steps":[],"attachments":[],"parameters":[],"shouldDisplayMessage":false,"attachmentsCount":0,"stepsCount":0,"hasContent":false,"attachmentStep":false},{"name":"elements","time":{"start":1721942662168,"stop":1721942662168,"duration":0},"status":"passed","steps":[],"attachments":[],"parameters":[],"shouldDisplayMessage":false,"attachmentsCount":0,"stepsCount":0,"hasContent":false,"attachmentStep":false}],"testStage":{"description":"При проверке так же проверяем, что никнейм может иметь в себе: цифры, точку (только в середине), дефис, нижнее подчеркивание","status":"broken","statusMessage":"selenium.common.exceptions.TimeoutException: Message: Не найден элемент с локатором ('xpath', '//input[@name=\"password\"]')","statusTrace":"self = <test_registration.TestRegistrationUser object at 0x7fb75de8acf0>\nelements = {'Банк ачивок': {'Блок ачивок': ('xpath', '//div[contains(@class,\"user-achievement-by-interests_container\")]'), 'Модал...'.//button[@class=\"header_back__yUNba\"]'), 'Кнопка кэррот': ('xpath', '//div[@class=\"header_info__CHSYI\"]'), ...}, ...}\n\n    @allure.title('Регистрация пользователя по номеру телефона')\n    @allure.description('При проверке так же проверяем, что никнейм может иметь в себе: '\n                        'цифры, точку (только в середине), дефис, нижнее подчеркивание')\n    @allure.severity('Critical')\n    @pytest.mark.regression\n    def test_registering_a_new_user_by_phone_number(self, elements):\n        with allure.step('Открыть страницу авторизации'):\n            self.authorization_page.open()\n            element = elements['Страница авторизации']\n    \n        with allure.step('Нажать кнопку \"По смс (Для России)\"'):\n            self.authorization_page.do_click(element['Кнопка по смс'])\n    \n        with allure.step('Нажать кнопку Далее'):\n            element = elements['Страница регистрации']\n            self.join_page.do_click(element['Кнопка далее'])\n    \n        with allure.step('В поле никнейм ввести любое валидное значение'):\n            username = f'-{fake.user_name()}.{fake.pyint(min_value=1, max_value=2)}_'\n            self.join_page.field_send_keys(element['Поле никнейм'], text=f'{username}')\n    \n        with allure.step('Нажать кнопку Далее'):\n            self.join_page.do_click(element['Кнопка далее'])\n    \n        with allure.step('В поле Пароль ввести пароль'):\n>           self.join_page.field_send_keys(element['Поле пароль'], text=self.User.PASSWORD)\n\ntests/test_registration.py:40: \n_ _ _ _ _ _ _ _ _ _ _ _ _ _ _ _ _ _ _ _ _ _ _ _ _ _ _ _ _ _ _ _ _ _ _ _ _ _ _ _ \nbase/base_page.py:81: in field_send_keys\n    element = self.find_element(locator)\nbase/base_page.py:93: in find_element\n    return self.wait.until(EC.visibility_of_element_located(locator),\n_ _ _ _ _ _ _ _ _ _ _ _ _ _ _ _ _ _ _ _ _ _ _ _ _ _ _ _ _ _ _ _ _ _ _ _ _ _ _ _ \n\nself = <selenium.webdriver.support.wait.WebDriverWait (session=\"bd1c1f02756834ad532c675e652728ce\")>\nmethod = <function visibility_of_element_located.<locals>._predicate at 0x7fb75a4179c0>\nmessage = 'Не найден элемент с локатором (\\'xpath\\', \\'//input[@name=\"password\"]\\')'\n\n    def until(self, method: Callable[[D], Union[Literal[False], T]], message: str = \"\") -> T:\n        \"\"\"Calls the method provided with the driver as an argument until the \\\n        return value does not evaluate to ``False``.\n    \n        :param method: callable(WebDriver)\n        :param message: optional message for :exc:`TimeoutException`\n        :returns: the result of the last call to `method`\n        :raises: :exc:`selenium.common.exceptions.TimeoutException` if timeout occurs\n        \"\"\"\n        screen = None\n        stacktrace = None\n    \n        end_time = time.monotonic() + self._timeout\n        while True:\n            try:\n                value = method(self._driver)\n                if value:\n                    return value\n            except self._ignored_exceptions as exc:\n                screen = getattr(exc, \"screen\", None)\n                stacktrace = getattr(exc, \"stacktrace\", None)\n            time.sleep(self._poll)\n            if time.monotonic() > end_time:\n                break\n>       raise TimeoutException(message, screen, stacktrace)\nE       selenium.common.exceptions.TimeoutException: Message: Не найден элемент с локатором ('xpath', '//input[@name=\"password\"]')\n\n../local/lib/python3.12/site-packages/selenium/webdriver/support/wait.py:105: TimeoutException","steps":[{"name":"Открыть страницу авторизации","time":{"start":1721942662168,"stop":1721942664071,"duration":1903},"status":"passed","steps":[],"attachments":[],"parameters":[],"shouldDisplayMessage":false,"attachmentsCount":0,"stepsCount":0,"hasContent":false,"attachmentStep":false},{"name":"Нажать кнопку \"По смс (Для России)\"","time":{"start":1721942664071,"stop":1721942665627,"duration":1556},"status":"passed","steps":[],"attachments":[],"parameters":[],"shouldDisplayMessage":false,"attachmentsCount":0,"stepsCount":0,"hasContent":false,"attachmentStep":false},{"name":"Нажать кнопку Далее","time":{"start":1721942665627,"stop":1721942667176,"duration":1549},"status":"passed","steps":[],"attachments":[],"parameters":[],"shouldDisplayMessage":false,"attachmentsCount":0,"stepsCount":0,"hasContent":false,"attachmentStep":false},{"name":"В поле никнейм ввести любое валидное значение","time":{"start":1721942667176,"stop":1721942668758,"duration":1582},"status":"passed","steps":[],"attachments":[],"parameters":[],"shouldDisplayMessage":false,"attachmentsCount":0,"stepsCount":0,"hasContent":false,"attachmentStep":false},{"name":"Нажать кнопку Далее","time":{"start":1721942668758,"stop":1721942668796,"duration":38},"status":"passed","steps":[],"attachments":[],"parameters":[],"shouldDisplayMessage":false,"attachmentsCount":0,"stepsCount":0,"hasContent":false,"attachmentStep":false},{"name":"В поле Пароль ввести пароль","time":{"start":1721942668796,"stop":1721942698915,"duration":30119},"status":"broken","statusMessage":"selenium.common.exceptions.TimeoutException: Message: Не найден элемент с локатором ('xpath', '//input[@name=\"password\"]')\n\n","statusTrace":"  File \"/usr/workspace/tests/test_registration.py\", line 40, in test_registering_a_new_user_by_phone_number\n    self.join_page.field_send_keys(element['Поле пароль'], text=self.User.PASSWORD)\n  File \"/usr/workspace/base/base_page.py\", line 81, in field_send_keys\n    element = self.find_element(locator)\n              ^^^^^^^^^^^^^^^^^^^^^^^^^^\n  File \"/usr/workspace/base/base_page.py\", line 93, in find_element\n    return self.wait.until(EC.visibility_of_element_located(locator),\n           ^^^^^^^^^^^^^^^^^^^^^^^^^^^^^^^^^^^^^^^^^^^^^^^^^^^^^^^^^^\n  File \"/usr/local/lib/python3.12/site-packages/selenium/webdriver/support/wait.py\", line 105, in until\n    raise TimeoutException(message, screen, stacktrace)\n","steps":[],"attachments":[],"parameters":[],"shouldDisplayMessage":true,"attachmentsCount":0,"stepsCount":0,"hasContent":true,"attachmentStep":false}],"attachments":[],"parameters":[],"shouldDisplayMessage":true,"attachmentsCount":0,"stepsCount":6,"hasContent":true,"attachmentStep":false},"afterStages":[{"name":"driver::0","time":{"start":1721942698971,"stop":1721942699165,"duration":194},"status":"passed","steps":[],"attachments":[{"uid":"595a4badbfcb46f4","name":"page_source","source":"595a4badbfcb46f4.html","type":"text/html","size":17621},{"uid":"1e1a92d5ce8fd32e","name":"screenshot","source":"1e1a92d5ce8fd32e.png","type":"image/png","size":31543},{"uid":"caabc9f515ef4acc","name":"browser_logs","source":"caabc9f515ef4acc.txt","type":"text/plain","size":2199}],"parameters":[],"shouldDisplayMessage":false,"attachmentsCount":3,"stepsCount":0,"hasContent":true,"attachmentStep":false}],"labels":[{"name":"severity","value":"Critical"},{"name":"feature","value":"Регистрация пользователя"},{"name":"tag","value":"regression"},{"name":"parentSuite","value":"tests"},{"name":"suite","value":"test_registration"},{"name":"subSuite","value":"TestRegistrationUser"},{"name":"host","value":"154a2dd0ae07"},{"name":"thread","value":"1-MainThread"},{"name":"framework","value":"pytest"},{"name":"language","value":"cpython3"},{"name":"package","value":"tests.test_registration"},{"name":"resultFormat","value":"allure2"}],"parameters":[],"links":[],"hidden":false,"retry":false,"extra":{"severity":"critical","retries":[],"categories":[{"name":"Test defects","matchedStatuses":[],"flaky":false}],"history":{"statistic":{"failed":2,"broken":7,"skipped":0,"passed":18,"unknown":0,"total":27},"items":[{"uid":"24094a51323e20f8","status":"passed","time":{"start":1721850784142,"stop":1721850799009,"duration":14867}},{"uid":"8aa9abae129f8763","status":"broken","statusDetails":"IndexError: list index out of range","time":{"start":1721683170013,"stop":1721683184128,"duration":14115}},{"uid":"2e564d195b5203fd","status":"passed","time":{"start":1721671721731,"stop":1721671736971,"duration":15240}},{"uid":"a15b9009acc65466","status":"passed","time":{"start":1721668537775,"stop":1721668552363,"duration":14588}},{"uid":"824acb15129cd30","status":"passed","time":{"start":1720802701837,"stop":1720802717884,"duration":16047}},{"uid":"a6838e430fa439ef","status":"passed","time":{"start":1720800418645,"stop":1720800433802,"duration":15157}},{"uid":"c81962e54bda2a17","status":"passed","time":{"start":1720730058566,"stop":1720730072634,"duration":14068}},{"uid":"2012be972e21849f","status":"passed","time":{"start":1720638874831,"stop":1720638889379,"duration":14548}},{"uid":"d16b6ddb37cc8b60","status":"failed","statusDetails":"AssertionError: Ожидался текст: 'Привет, -christopherjensen.2_\nДобро пожаловать в Round!', отображается текс: 'Привет, -christopherjens\nДобро пожаловать в Round!'","time":{"start":1720637683144,"stop":1720637700887,"duration":17743}},{"uid":"fb4e8d25cea3fbb1","status":"broken","statusDetails":"selenium.common.exceptions.TimeoutException: Message: Не найден элемент с локатором ('xpath', '//div[contains(@class,\"registration-success_header_\")]')","time":{"start":1720637248306,"stop":1720637291139,"duration":42833}},{"uid":"15b3c9b3c636bb2f","status":"passed","time":{"start":1720553862387,"stop":1720553878274,"duration":15887}},{"uid":"6c91848033423348","status":"passed","time":{"start":1720551797098,"stop":1720551811417,"duration":14319}},{"uid":"de83f5c1a0d12f72","status":"failed","statusDetails":"AssertionError: Ожидался текст: 'Привет, -colliermargaret.1_\nДобро пожаловать в Round!', отображается текс: 'Привет, -colliermargaret\nДобро пожаловать в Round!'","time":{"start":1720551331981,"stop":1720551346101,"duration":14120}},{"uid":"edb062e76566fc94","status":"passed","time":{"start":1720546215538,"stop":1720546229692,"duration":14154}},{"uid":"180e0191afd4139e","status":"passed","time":{"start":1720470578636,"stop":1720470594229,"duration":15593}},{"uid":"114611f2aad12bf4","status":"passed","time":{"start":1720469360532,"stop":1720469376267,"duration":15735}},{"uid":"25ceba6203c24139","status":"passed","time":{"start":1720469133920,"stop":1720469148592,"duration":14672}},{"uid":"cee8df918a068d16","status":"passed","time":{"start":1720468862021,"stop":1720468876750,"duration":14729}},{"uid":"c4bd45dc509b2ef6","status":"passed","time":{"start":1720242406734,"stop":1720242421022,"duration":14288}},{"uid":"a64871cbacc248d0","status":"broken","statusDetails":"selenium.common.exceptions.TimeoutException: Message: Не найден элемент с локатором ('xpath', '//input[@name=\"password\"]')","time":{"start":1720241739849,"stop":1720241777040,"duration":37191}}]},"tags":["regression"]},"source":"8d5bea6ad3a0b2bf.json","parameterValues":[]}