{"uid":"919564db61309d9e","name":"Регистрация пользователя по номеру телефона","fullName":"tests.test_registration.TestRegistrationUser#test_registering_a_new_user_by_phone_number","historyId":"466fc968f032aaed759fe07653732bba","time":{"start":1720205004012,"stop":1720205048012,"duration":44000},"description":"При проверке так же проверяем, что никнейм может иметь в себе: цифры, точку (только в середине), дефис, нижнее подчеркивание","descriptionHtml":"<p>При проверке так же проверяем, что никнейм может иметь в себе: цифры, точку (только в середине), дефис, нижнее подчеркивание</p>\n","status":"broken","statusMessage":"selenium.common.exceptions.TimeoutException: Message: Не найден элемент с локатором ('xpath', '//div[@class=\"registration-success_header__D5-xJ\"]')","statusTrace":"self = <test_registration.TestRegistrationUser object at 0x7f0e58e94740>\nelements = {'Страница авторизации': {'Кнопка вконтакте': ('xpath', '//button[@name=\"signUpWithVK\"]'), 'Кнопка войти': ('xpath', '...ct-2-option-88'), '1927 год': ('id', 'react-select-2-option-87'), '1928 год': ('id', 'react-select-2-option-86'), ...}}\n\n    @allure.title('Регистрация пользователя по номеру телефона')\n    @allure.description('При проверке так же проверяем, что никнейм может иметь в себе: '\n                        'цифры, точку (только в середине), дефис, нижнее подчеркивание')\n    @allure.severity('Critical')\n    @pytest.mark.regression\n    def test_registering_a_new_user_by_phone_number(self, elements):\n        with allure.step('Открыть страницу авторизации'):\n            self.authorization_page.open()\n            element = elements['Страница авторизации']\n    \n        with allure.step('Нажать кнопку \"По смс (Для России)\"'):\n            self.authorization_page.do_click(element['Кнопка по смс'])\n    \n        with allure.step('Нажать кнопку Далее'):\n            element = elements['Страница регистрации']\n            self.join_page.do_click(element['Кнопка далее'])\n    \n        with allure.step('В поле никнейм ввести любое валидное значение'):\n            username = f'-{fake.user_name()}.{fake.pyint(min_value=1, max_value=2)}_'\n            self.join_page.field_send_keys(element['Поле никнейм'], text=f'{username}')\n    \n        with allure.step('Нажать кнопку Далее'):\n            self.join_page.do_click(element['Кнопка далее'])\n    \n        with allure.step('В поле Пароль ввести пароль'):\n            self.join_page.field_send_keys(element['Поле пароль'], text=self.User.PASSWORD)\n    \n        with allure.step('В поле Повтори пароль ввести пароль еще раз'):\n            self.join_page.field_send_keys(element['Поле повтори пароль'], text=self.User.PASSWORD)\n    \n        with allure.step('Нажать кнопку далее'):\n            self.join_page.do_click(element['Кнопка далее'])\n    \n        with allure.step('Ввести номер телефона в поле номер телефона'):\n            phone_number = fakeru.random_number(digits=10, fix_len=True)\n            self.join_page.field_send_keys(element['Поле номер телефона'], text=phone_number)\n    \n        with allure.step('Нажать кнопку далее'):\n            self.join_page.do_click(element['Кнопка далее'])\n    \n        with allure.step('Найти последний код в MetaBase'):\n            metabase = self.metabase.authorization(username=self.MetaBaseUser.LOGIN,\n                                                   password=self.MetaBaseUser.PASSWORD)\n            sms_code = self.metabase.take_last_code(metabase)\n    \n        with allure.step('Ввести смс код'):\n            self.login_page.field_send_keys(element['Поле проверочный код'], text=sms_code)\n    \n        with allure.step('Проверить, что пользователю отображается окно приветствия'):\n>           self.assertion.text_in_element(element['Текст приветствия пользователя'],\n                                           expected_text=f'Привет, {username}\\nДобро пожаловать в Round!')\n\ntests/test_registration.py:62: \n_ _ _ _ _ _ _ _ _ _ _ _ _ _ _ _ _ _ _ _ _ _ _ _ _ _ _ _ _ _ _ _ _ _ _ _ _ _ _ _ \nbase/base_assertion.py:22: in text_in_element\n    actual_text = self.find_element(element_locator).text\nbase/base_page.py:46: in find_element\n    return self.wait.until(EC.visibility_of_element_located(locator),\n_ _ _ _ _ _ _ _ _ _ _ _ _ _ _ _ _ _ _ _ _ _ _ _ _ _ _ _ _ _ _ _ _ _ _ _ _ _ _ _ \n\nself = <selenium.webdriver.support.wait.WebDriverWait (session=\"5a0ea27fa229e3a1209dfaf54245402d\")>\nmethod = <function visibility_of_element_located.<locals>._predicate at 0x7f0e5413d6c0>\nmessage = 'Не найден элемент с локатором (\\'xpath\\', \\'//div[@class=\"registration-success_header__D5-xJ\"]\\')'\n\n    def until(self, method: Callable[[D], Union[Literal[False], T]], message: str = \"\") -> T:\n        \"\"\"Calls the method provided with the driver as an argument until the \\\n        return value does not evaluate to ``False``.\n    \n        :param method: callable(WebDriver)\n        :param message: optional message for :exc:`TimeoutException`\n        :returns: the result of the last call to `method`\n        :raises: :exc:`selenium.common.exceptions.TimeoutException` if timeout occurs\n        \"\"\"\n        screen = None\n        stacktrace = None\n    \n        end_time = time.monotonic() + self._timeout\n        while True:\n            try:\n                value = method(self._driver)\n                if value:\n                    return value\n            except self._ignored_exceptions as exc:\n                screen = getattr(exc, \"screen\", None)\n                stacktrace = getattr(exc, \"stacktrace\", None)\n            time.sleep(self._poll)\n            if time.monotonic() > end_time:\n                break\n>       raise TimeoutException(message, screen, stacktrace)\nE       selenium.common.exceptions.TimeoutException: Message: Не найден элемент с локатором ('xpath', '//div[@class=\"registration-success_header__D5-xJ\"]')\n\n../local/lib/python3.12/site-packages/selenium/webdriver/support/wait.py:105: TimeoutException","flaky":false,"newFailed":false,"newBroken":true,"newPassed":false,"retriesCount":0,"retriesStatusChange":false,"beforeStages":[{"name":"_session_faker","time":{"start":1720204958801,"stop":1720204958823,"duration":22},"status":"passed","steps":[],"attachments":[],"parameters":[],"shouldDisplayMessage":false,"attachmentsCount":0,"stepsCount":0,"hasContent":false,"attachmentStep":false},{"name":"driver","time":{"start":1720205003585,"stop":1720205004012,"duration":427},"status":"passed","steps":[],"attachments":[],"parameters":[],"shouldDisplayMessage":false,"attachmentsCount":0,"stepsCount":0,"hasContent":false,"attachmentStep":false},{"name":"setup","time":{"start":1720205004012,"stop":1720205004012,"duration":0},"status":"passed","steps":[],"attachments":[],"parameters":[],"shouldDisplayMessage":false,"attachmentsCount":0,"stepsCount":0,"hasContent":false,"attachmentStep":false},{"name":"elements","time":{"start":1720205004012,"stop":1720205004012,"duration":0},"status":"passed","steps":[],"attachments":[],"parameters":[],"shouldDisplayMessage":false,"attachmentsCount":0,"stepsCount":0,"hasContent":false,"attachmentStep":false}],"testStage":{"description":"При проверке так же проверяем, что никнейм может иметь в себе: цифры, точку (только в середине), дефис, нижнее подчеркивание","status":"broken","statusMessage":"selenium.common.exceptions.TimeoutException: Message: Не найден элемент с локатором ('xpath', '//div[@class=\"registration-success_header__D5-xJ\"]')","statusTrace":"self = <test_registration.TestRegistrationUser object at 0x7f0e58e94740>\nelements = {'Страница авторизации': {'Кнопка вконтакте': ('xpath', '//button[@name=\"signUpWithVK\"]'), 'Кнопка войти': ('xpath', '...ct-2-option-88'), '1927 год': ('id', 'react-select-2-option-87'), '1928 год': ('id', 'react-select-2-option-86'), ...}}\n\n    @allure.title('Регистрация пользователя по номеру телефона')\n    @allure.description('При проверке так же проверяем, что никнейм может иметь в себе: '\n                        'цифры, точку (только в середине), дефис, нижнее подчеркивание')\n    @allure.severity('Critical')\n    @pytest.mark.regression\n    def test_registering_a_new_user_by_phone_number(self, elements):\n        with allure.step('Открыть страницу авторизации'):\n            self.authorization_page.open()\n            element = elements['Страница авторизации']\n    \n        with allure.step('Нажать кнопку \"По смс (Для России)\"'):\n            self.authorization_page.do_click(element['Кнопка по смс'])\n    \n        with allure.step('Нажать кнопку Далее'):\n            element = elements['Страница регистрации']\n            self.join_page.do_click(element['Кнопка далее'])\n    \n        with allure.step('В поле никнейм ввести любое валидное значение'):\n            username = f'-{fake.user_name()}.{fake.pyint(min_value=1, max_value=2)}_'\n            self.join_page.field_send_keys(element['Поле никнейм'], text=f'{username}')\n    \n        with allure.step('Нажать кнопку Далее'):\n            self.join_page.do_click(element['Кнопка далее'])\n    \n        with allure.step('В поле Пароль ввести пароль'):\n            self.join_page.field_send_keys(element['Поле пароль'], text=self.User.PASSWORD)\n    \n        with allure.step('В поле Повтори пароль ввести пароль еще раз'):\n            self.join_page.field_send_keys(element['Поле повтори пароль'], text=self.User.PASSWORD)\n    \n        with allure.step('Нажать кнопку далее'):\n            self.join_page.do_click(element['Кнопка далее'])\n    \n        with allure.step('Ввести номер телефона в поле номер телефона'):\n            phone_number = fakeru.random_number(digits=10, fix_len=True)\n            self.join_page.field_send_keys(element['Поле номер телефона'], text=phone_number)\n    \n        with allure.step('Нажать кнопку далее'):\n            self.join_page.do_click(element['Кнопка далее'])\n    \n        with allure.step('Найти последний код в MetaBase'):\n            metabase = self.metabase.authorization(username=self.MetaBaseUser.LOGIN,\n                                                   password=self.MetaBaseUser.PASSWORD)\n            sms_code = self.metabase.take_last_code(metabase)\n    \n        with allure.step('Ввести смс код'):\n            self.login_page.field_send_keys(element['Поле проверочный код'], text=sms_code)\n    \n        with allure.step('Проверить, что пользователю отображается окно приветствия'):\n>           self.assertion.text_in_element(element['Текст приветствия пользователя'],\n                                           expected_text=f'Привет, {username}\\nДобро пожаловать в Round!')\n\ntests/test_registration.py:62: \n_ _ _ _ _ _ _ _ _ _ _ _ _ _ _ _ _ _ _ _ _ _ _ _ _ _ _ _ _ _ _ _ _ _ _ _ _ _ _ _ \nbase/base_assertion.py:22: in text_in_element\n    actual_text = self.find_element(element_locator).text\nbase/base_page.py:46: in find_element\n    return self.wait.until(EC.visibility_of_element_located(locator),\n_ _ _ _ _ _ _ _ _ _ _ _ _ _ _ _ _ _ _ _ _ _ _ _ _ _ _ _ _ _ _ _ _ _ _ _ _ _ _ _ \n\nself = <selenium.webdriver.support.wait.WebDriverWait (session=\"5a0ea27fa229e3a1209dfaf54245402d\")>\nmethod = <function visibility_of_element_located.<locals>._predicate at 0x7f0e5413d6c0>\nmessage = 'Не найден элемент с локатором (\\'xpath\\', \\'//div[@class=\"registration-success_header__D5-xJ\"]\\')'\n\n    def until(self, method: Callable[[D], Union[Literal[False], T]], message: str = \"\") -> T:\n        \"\"\"Calls the method provided with the driver as an argument until the \\\n        return value does not evaluate to ``False``.\n    \n        :param method: callable(WebDriver)\n        :param message: optional message for :exc:`TimeoutException`\n        :returns: the result of the last call to `method`\n        :raises: :exc:`selenium.common.exceptions.TimeoutException` if timeout occurs\n        \"\"\"\n        screen = None\n        stacktrace = None\n    \n        end_time = time.monotonic() + self._timeout\n        while True:\n            try:\n                value = method(self._driver)\n                if value:\n                    return value\n            except self._ignored_exceptions as exc:\n                screen = getattr(exc, \"screen\", None)\n                stacktrace = getattr(exc, \"stacktrace\", None)\n            time.sleep(self._poll)\n            if time.monotonic() > end_time:\n                break\n>       raise TimeoutException(message, screen, stacktrace)\nE       selenium.common.exceptions.TimeoutException: Message: Не найден элемент с локатором ('xpath', '//div[@class=\"registration-success_header__D5-xJ\"]')\n\n../local/lib/python3.12/site-packages/selenium/webdriver/support/wait.py:105: TimeoutException","steps":[{"name":"Открыть страницу авторизации","time":{"start":1720205004012,"stop":1720205006030,"duration":2018},"status":"passed","steps":[],"attachments":[],"parameters":[],"shouldDisplayMessage":false,"attachmentsCount":0,"stepsCount":0,"hasContent":false,"attachmentStep":false},{"name":"Нажать кнопку \"По смс (Для России)\"","time":{"start":1720205006030,"stop":1720205007583,"duration":1553},"status":"passed","steps":[],"attachments":[],"parameters":[],"shouldDisplayMessage":false,"attachmentsCount":0,"stepsCount":0,"hasContent":false,"attachmentStep":false},{"name":"Нажать кнопку Далее","time":{"start":1720205007583,"stop":1720205009132,"duration":1549},"status":"passed","steps":[],"attachments":[],"parameters":[],"shouldDisplayMessage":false,"attachmentsCount":0,"stepsCount":0,"hasContent":false,"attachmentStep":false},{"name":"В поле никнейм ввести любое валидное значение","time":{"start":1720205009132,"stop":1720205010705,"duration":1573},"status":"passed","steps":[],"attachments":[],"parameters":[],"shouldDisplayMessage":false,"attachmentsCount":0,"stepsCount":0,"hasContent":false,"attachmentStep":false},{"name":"Нажать кнопку Далее","time":{"start":1720205010705,"stop":1720205010743,"duration":38},"status":"passed","steps":[],"attachments":[],"parameters":[],"shouldDisplayMessage":false,"attachmentsCount":0,"stepsCount":0,"hasContent":false,"attachmentStep":false},{"name":"В поле Пароль ввести пароль","time":{"start":1720205010743,"stop":1720205012296,"duration":1553},"status":"passed","steps":[],"attachments":[],"parameters":[],"shouldDisplayMessage":false,"attachmentsCount":0,"stepsCount":0,"hasContent":false,"attachmentStep":false},{"name":"В поле Повтори пароль ввести пароль еще раз","time":{"start":1720205012296,"stop":1720205012342,"duration":46},"status":"passed","steps":[],"attachments":[],"parameters":[],"shouldDisplayMessage":false,"attachmentsCount":0,"stepsCount":0,"hasContent":false,"attachmentStep":false},{"name":"Нажать кнопку далее","time":{"start":1720205012342,"stop":1720205012381,"duration":39},"status":"passed","steps":[],"attachments":[],"parameters":[],"shouldDisplayMessage":false,"attachmentsCount":0,"stepsCount":0,"hasContent":false,"attachmentStep":false},{"name":"Ввести номер телефона в поле номер телефона","time":{"start":1720205012381,"stop":1720205013943,"duration":1562},"status":"passed","steps":[],"attachments":[],"parameters":[],"shouldDisplayMessage":false,"attachmentsCount":0,"stepsCount":0,"hasContent":false,"attachmentStep":false},{"name":"Нажать кнопку далее","time":{"start":1720205013943,"stop":1720205013980,"duration":37},"status":"passed","steps":[],"attachments":[],"parameters":[],"shouldDisplayMessage":false,"attachmentsCount":0,"stepsCount":0,"hasContent":false,"attachmentStep":false},{"name":"Найти последний код в MetaBase","time":{"start":1720205013980,"stop":1720205017843,"duration":3863},"status":"passed","steps":[],"attachments":[],"parameters":[],"shouldDisplayMessage":false,"attachmentsCount":0,"stepsCount":0,"hasContent":false,"attachmentStep":false},{"name":"Ввести смс код","time":{"start":1720205017844,"stop":1720205017895,"duration":51},"status":"passed","steps":[],"attachments":[],"parameters":[],"shouldDisplayMessage":false,"attachmentsCount":0,"stepsCount":0,"hasContent":false,"attachmentStep":false},{"name":"Проверить, что пользователю отображается окно приветствия","time":{"start":1720205017895,"stop":1720205048011,"duration":30116},"status":"broken","statusMessage":"selenium.common.exceptions.TimeoutException: Message: Не найден элемент с локатором ('xpath', '//div[@class=\"registration-success_header__D5-xJ\"]')\n\n","statusTrace":"  File \"/usr/workspace/tests/test_registration.py\", line 62, in test_registering_a_new_user_by_phone_number\n    self.assertion.text_in_element(element['Текст приветствия пользователя'],\n  File \"/usr/workspace/base/base_assertion.py\", line 22, in text_in_element\n    actual_text = self.find_element(element_locator).text\n                  ^^^^^^^^^^^^^^^^^^^^^^^^^^^^^^^^^^\n  File \"/usr/workspace/base/base_page.py\", line 46, in find_element\n    return self.wait.until(EC.visibility_of_element_located(locator),\n           ^^^^^^^^^^^^^^^^^^^^^^^^^^^^^^^^^^^^^^^^^^^^^^^^^^^^^^^^^^\n  File \"/usr/local/lib/python3.12/site-packages/selenium/webdriver/support/wait.py\", line 105, in until\n    raise TimeoutException(message, screen, stacktrace)\n","steps":[],"attachments":[],"parameters":[],"shouldDisplayMessage":true,"attachmentsCount":0,"stepsCount":0,"hasContent":true,"attachmentStep":false}],"attachments":[],"parameters":[],"shouldDisplayMessage":true,"attachmentsCount":0,"stepsCount":13,"hasContent":true,"attachmentStep":false},"afterStages":[{"name":"driver::0","time":{"start":1720205048020,"stop":1720205048212,"duration":192},"status":"passed","steps":[],"attachments":[{"uid":"22ce2a31636f3b55","name":"page_source","source":"22ce2a31636f3b55.html","type":"text/html","size":31260},{"uid":"229c770f3f1d68a3","name":"screenshot","source":"229c770f3f1d68a3.png","type":"image/png","size":28969},{"uid":"f24912fd5522564b","name":"browser_logs","source":"f24912fd5522564b.txt","type":"text/plain","size":2199}],"parameters":[],"shouldDisplayMessage":false,"attachmentsCount":3,"stepsCount":0,"hasContent":true,"attachmentStep":false}],"labels":[{"name":"feature","value":"Регистрация пользователя"},{"name":"severity","value":"Critical"},{"name":"tag","value":"regression"},{"name":"parentSuite","value":"tests"},{"name":"suite","value":"test_registration"},{"name":"subSuite","value":"TestRegistrationUser"},{"name":"host","value":"985b5891c95e"},{"name":"thread","value":"1-MainThread"},{"name":"framework","value":"pytest"},{"name":"language","value":"cpython3"},{"name":"package","value":"tests.test_registration"},{"name":"resultFormat","value":"allure2"}],"parameters":[],"links":[],"hidden":false,"retry":false,"extra":{"severity":"critical","retries":[],"categories":[{"name":"Test defects","matchedStatuses":[],"flaky":false}],"history":{"statistic":{"failed":0,"broken":2,"skipped":0,"passed":2,"unknown":0,"total":4},"items":[{"uid":"1342c7ed124427b5","status":"passed","time":{"start":1720117873847,"stop":1720117891458,"duration":17611}},{"uid":"fec3a6bec4f247e6","status":"passed","time":{"start":1720112799857,"stop":1720112815955,"duration":16098}},{"uid":"c98be000f1e02415","status":"broken","statusDetails":"selenium.common.exceptions.WebDriverException: Message: unknown error: Chrome failed to start: exited abnormally.\n  (unknown error: DevToolsActivePort file doesn't exist)\n  (The process started from chrome location /usr/bin/chromium-browser is no longer running, so ChromeDriver is assuming that Chrome has crashed.)","time":{"start":1720112680001,"stop":1720112680001,"duration":0}}]},"tags":["regression"]},"source":"919564db61309d9e.json","parameterValues":[]}