{"uid":"94f44039b52c3e2e","name":"Проверка возможности посмотреть список своих подписчиков","fullName":"tests.test_profile.TestProfile#test_opportunities_to_see_the_list_of_your_subscribers","historyId":"8d0d9880e117e0a1effba0b2589dde4b","time":{"start":1738952259221,"stop":1738952259221,"duration":0},"description":"Проверка происходит на пользователе Aleska","descriptionHtml":"<p>Проверка происходит на пользователе Aleska</p>\n","status":"broken","statusMessage":"selenium.common.exceptions.TimeoutException: Message:","statusTrace":"request = <SubRequest 'login_to_app' for <Function test_opportunities_to_see_the_list_of_your_subscribers>>\ndriver = <selenium.webdriver.chrome.webdriver.WebDriver (session=\"10681af824c4b0ac21e822bae7d8c949\")>\n\n    @pytest.fixture(scope='function')\n    @allure.title('Авторизация пользователя в системе')\n    @allure.step('Авторизация пользователя в системе')\n    def login_to_app(request, driver):\n        \"\"\" Фикстура Логина в систему \"\"\"\n        login_page = ApiAuthorization(driver)\n        login_page.user(User.LOGIN, User.PASSWORD)\n        try:\n            later = login_page.find_element(config.locators.RubricPageLocators.locators['Кнопка выберу потом'])\n            login_page.do_click(later)\n        except TimeoutException:\n            element = login_page.find_element(\n                config.locators.MainPageLocators.locators['Листай вниз и найди свои интересы'])\n            login_page.do_click(element)\n        finally:\n>           login_page.do_click(config.locators.MainPageLocators.locators['Листай вниз и найди свои интересы'])\n\nconftest.py:62: \n_ _ _ _ _ _ _ _ _ _ _ _ _ _ _ _ _ _ _ _ _ _ _ _ _ _ _ _ _ _ _ _ _ _ _ _ _ _ _ _ \nbase/base_page.py:79: in do_click\n    elem = WebDriverWait(self.driver, wait_time).until(EC.element_to_be_clickable(locator))\n_ _ _ _ _ _ _ _ _ _ _ _ _ _ _ _ _ _ _ _ _ _ _ _ _ _ _ _ _ _ _ _ _ _ _ _ _ _ _ _ \n\nself = <selenium.webdriver.support.wait.WebDriverWait (session=\"10681af824c4b0ac21e822bae7d8c949\")>\nmethod = <function element_to_be_clickable.<locals>._predicate at 0x7fa250523600>\nmessage = ''\n\n    def until(self, method: Callable[[D], Union[Literal[False], T]], message: str = \"\") -> T:\n        \"\"\"Calls the method provided with the driver as an argument until the \\\n        return value does not evaluate to ``False``.\n    \n        :param method: callable(WebDriver)\n        :param message: optional message for :exc:`TimeoutException`\n        :returns: the result of the last call to `method`\n        :raises: :exc:`selenium.common.exceptions.TimeoutException` if timeout occurs\n        \"\"\"\n        screen = None\n        stacktrace = None\n    \n        end_time = time.monotonic() + self._timeout\n        while True:\n            try:\n                value = method(self._driver)\n                if value:\n                    return value\n            except self._ignored_exceptions as exc:\n                screen = getattr(exc, \"screen\", None)\n                stacktrace = getattr(exc, \"stacktrace\", None)\n            if time.monotonic() > end_time:\n                break\n            time.sleep(self._poll)\n>       raise TimeoutException(message, screen, stacktrace)\nE       selenium.common.exceptions.TimeoutException: Message:\n\n../local/lib/python3.12/site-packages/selenium/webdriver/support/wait.py:105: TimeoutException","flaky":false,"newFailed":false,"newBroken":false,"newPassed":false,"retriesCount":0,"retriesStatusChange":false,"beforeStages":[{"name":"_session_faker","time":{"start":1738951121724,"stop":1738951121726,"duration":2},"status":"passed","steps":[],"attachments":[],"parameters":[],"shouldDisplayMessage":false,"attachmentsCount":0,"stepsCount":0,"hasContent":false,"attachmentStep":false},{"name":"driver","time":{"start":1738952259221,"stop":1738952259638,"duration":417},"status":"passed","steps":[],"attachments":[],"parameters":[],"shouldDisplayMessage":false,"attachmentsCount":0,"stepsCount":0,"hasContent":false,"attachmentStep":false},{"name":"Авторизация пользователя в системе","time":{"start":1738952259638,"stop":1738952284320,"duration":24682},"status":"broken","statusMessage":"selenium.common.exceptions.TimeoutException: Message: \n\n","statusTrace":"  File \"/usr/local/lib/python3.12/site-packages/pluggy/_callers.py\", line 167, in _multicall\n    teardown.throw(outcome._exception)\n  File \"/usr/local/lib/python3.12/site-packages/_pytest/setuponly.py\", line 36, in pytest_fixture_setup\n    return (yield)\n            ^^^^^\n  File \"/usr/local/lib/python3.12/site-packages/pluggy/_callers.py\", line 103, in _multicall\n    res = hook_impl.function(*args)\n          ^^^^^^^^^^^^^^^^^^^^^^^^^\n  File \"/usr/local/lib/python3.12/site-packages/_pytest/fixtures.py\", line 1140, in pytest_fixture_setup\n    result = call_fixture_func(fixturefunc, request, kwargs)\n             ^^^^^^^^^^^^^^^^^^^^^^^^^^^^^^^^^^^^^^^^^^^^^^^\n  File \"/usr/local/lib/python3.12/site-packages/_pytest/fixtures.py\", line 898, in call_fixture_func\n    fixture_result = fixturefunc(**kwargs)\n                     ^^^^^^^^^^^^^^^^^^^^^\n  File \"/usr/local/lib/python3.12/site-packages/allure_commons/_allure.py\", line 192, in impl\n    return func(*a, **kw)\n           ^^^^^^^^^^^^^^\n  File \"/usr/workspace/conftest.py\", line 62, in login_to_app\n    login_page.do_click(config.locators.MainPageLocators.locators['Листай вниз и найди свои интересы'])\n  File \"/usr/workspace/base/base_page.py\", line 79, in do_click\n    elem = WebDriverWait(self.driver, wait_time).until(EC.element_to_be_clickable(locator))\n           ^^^^^^^^^^^^^^^^^^^^^^^^^^^^^^^^^^^^^^^^^^^^^^^^^^^^^^^^^^^^^^^^^^^^^^^^^^^^^^^^\n  File \"/usr/local/lib/python3.12/site-packages/selenium/webdriver/support/wait.py\", line 105, in until\n    raise TimeoutException(message, screen, stacktrace)\n","steps":[{"name":"Авторизация пользователя в системе","time":{"start":1738952259639,"stop":1738952284320,"duration":24681},"status":"broken","statusMessage":"selenium.common.exceptions.TimeoutException: Message: \n\n","statusTrace":"  File \"/usr/local/lib/python3.12/site-packages/allure_commons/_allure.py\", line 192, in impl\n    return func(*a, **kw)\n           ^^^^^^^^^^^^^^\n  File \"/usr/workspace/conftest.py\", line 62, in login_to_app\n    login_page.do_click(config.locators.MainPageLocators.locators['Листай вниз и найди свои интересы'])\n  File \"/usr/workspace/base/base_page.py\", line 79, in do_click\n    elem = WebDriverWait(self.driver, wait_time).until(EC.element_to_be_clickable(locator))\n           ^^^^^^^^^^^^^^^^^^^^^^^^^^^^^^^^^^^^^^^^^^^^^^^^^^^^^^^^^^^^^^^^^^^^^^^^^^^^^^^^\n  File \"/usr/local/lib/python3.12/site-packages/selenium/webdriver/support/wait.py\", line 105, in until\n    raise TimeoutException(message, screen, stacktrace)\n","steps":[],"attachments":[],"parameters":[{"name":"request","value":"<SubRequest 'login_to_app' for <Function test_opportunities_to_see_the_list_of_your_subscribers>>"},{"name":"driver","value":"<selenium.webdriver.chrome.webdriver.WebDriver (session=\"10681af824c4b0ac21e822bae7d8c949\")>"}],"shouldDisplayMessage":true,"attachmentsCount":0,"stepsCount":0,"hasContent":true,"attachmentStep":false}],"attachments":[],"parameters":[],"shouldDisplayMessage":false,"attachmentsCount":0,"stepsCount":1,"hasContent":true,"attachmentStep":false},{"name":"Инициализация локаторов","time":{"start":1738952259638,"stop":1738952259638,"duration":0},"status":"passed","steps":[{"name":"Инициализация локаторов","time":{"start":1738952259638,"stop":1738952259638,"duration":0},"status":"passed","steps":[],"attachments":[],"parameters":[{"name":"request","value":"<SubRequest 'elements' for <Function test_opportunities_to_see_the_list_of_your_subscribers>>"}],"shouldDisplayMessage":false,"attachmentsCount":0,"stepsCount":0,"hasContent":true,"attachmentStep":false}],"attachments":[],"parameters":[],"shouldDisplayMessage":false,"attachmentsCount":0,"stepsCount":1,"hasContent":true,"attachmentStep":false},{"name":"setup","time":{"start":1738952259638,"stop":1738952259638,"duration":0},"status":"passed","steps":[],"attachments":[],"parameters":[],"shouldDisplayMessage":false,"attachmentsCount":0,"stepsCount":0,"hasContent":false,"attachmentStep":false}],"afterStages":[{"name":"driver::0","time":{"start":1738952284331,"stop":1738952284520,"duration":189},"status":"passed","steps":[],"attachments":[{"uid":"8522f884ae9e3441","name":"page_source","source":"8522f884ae9e3441.html","type":"text/html","size":27593},{"uid":"9061077ab2dfef17","name":"screenshot","source":"9061077ab2dfef17.png","type":"image/png","size":55150},{"uid":"ce1c2d7ed9260aaf","name":"browser_logs","source":"ce1c2d7ed9260aaf.txt","type":"text/plain","size":7069}],"parameters":[],"shouldDisplayMessage":false,"attachmentsCount":3,"stepsCount":0,"hasContent":true,"attachmentStep":false}],"labels":[{"name":"severity","value":"Critical"},{"name":"feature","value":"Профиль пользователя"},{"name":"tag","value":"regression"},{"name":"tag","value":"profile"},{"name":"parentSuite","value":"tests"},{"name":"suite","value":"test_profile"},{"name":"subSuite","value":"TestProfile"},{"name":"host","value":"591fc66adb53"},{"name":"thread","value":"1-MainThread"},{"name":"framework","value":"pytest"},{"name":"language","value":"cpython3"},{"name":"package","value":"tests.test_profile"},{"name":"resultFormat","value":"allure2"}],"parameters":[],"links":[],"hidden":false,"retry":false,"extra":{"severity":"critical","retries":[],"categories":[{"name":"Test defects","matchedStatuses":[],"flaky":false}],"history":{"statistic":{"failed":0,"broken":11,"skipped":0,"passed":29,"unknown":0,"total":40},"items":[{"uid":"8a3e5d989c0c00d6","status":"broken","statusDetails":"KeyError: 'access_token'","time":{"start":1738875284611,"stop":1738875284611,"duration":0}},{"uid":"14d765bbf9ed424e","status":"passed","time":{"start":1738872481070,"stop":1738872484407,"duration":3337}},{"uid":"897553da9a6a55a2","status":"broken","statusDetails":"KeyError: 'access_token'","time":{"start":1738865348391,"stop":1738865348391,"duration":0}},{"uid":"89bb92fb86351898","status":"passed","time":{"start":1738269377620,"stop":1738269380510,"duration":2890}},{"uid":"8db6a84fee050f8","status":"passed","time":{"start":1738099850637,"stop":1738099853467,"duration":2830}},{"uid":"c6b92cd320adef42","status":"passed","time":{"start":1738005703052,"stop":1738005705873,"duration":2821}},{"uid":"22abae8fcf3747fc","status":"passed","time":{"start":1738002980632,"stop":1738002983474,"duration":2842}},{"uid":"bd0599d02ca36cb7","status":"broken","statusDetails":"urllib3.exceptions.ReadTimeoutError: HTTPConnectionPool(host='localhost', port=47101): Read timed out. (read timeout=120)","time":{"start":1737932915640,"stop":1737932915640,"duration":0}},{"uid":"6a5f2f863982268f","status":"passed","time":{"start":1737843367839,"stop":1737843372221,"duration":4382}},{"uid":"ecdae3d9776339dc","status":"passed","time":{"start":1737832548576,"stop":1737832552900,"duration":4324}},{"uid":"3659fefe88497617","status":"passed","time":{"start":1737799911787,"stop":1737799916142,"duration":4355}},{"uid":"2a5c803de8a79d9","status":"passed","time":{"start":1737758146197,"stop":1737758151556,"duration":5359}},{"uid":"2b1121e041101572","status":"passed","time":{"start":1737745136481,"stop":1737745141314,"duration":4833}},{"uid":"616d8e843d1b3042","status":"passed","time":{"start":1737653043548,"stop":1737653049342,"duration":5794}},{"uid":"bb2fa2c96a7b79f3","status":"passed","time":{"start":1737570712987,"stop":1737570716311,"duration":3324}},{"uid":"241a8acfae711c22","status":"broken","statusDetails":"selenium.common.exceptions.WebDriverException: Message: unknown error: Chrome failed to start: exited abnormally.\n  (unknown error: DevToolsActivePort file doesn't exist)\n  (The process started from chrome location /usr/bin/chromium-browser is no longer running, so ChromeDriver is assuming that Chrome has crashed.)","time":{"start":1737568969052,"stop":1737568969052,"duration":0}},{"uid":"aaa20ea07f01226c","status":"passed","time":{"start":1734034943065,"stop":1734034947683,"duration":4618}},{"uid":"ef39b3dd823ed800","status":"passed","time":{"start":1733937736807,"stop":1733937739456,"duration":2649}},{"uid":"cf669646fc9860aa","status":"passed","time":{"start":1733866252074,"stop":1733866254898,"duration":2824}},{"uid":"1bea0b880dc7dc00","status":"passed","time":{"start":1733860712665,"stop":1733860715343,"duration":2678}}]},"tags":["regression","profile"]},"source":"94f44039b52c3e2e.json","parameterValues":[]}