{"uid":"99ff82787e25966f","name":"Проверка удаления аккаунта по причине \"Мои проекты не комментируют и не лайкают\"","fullName":"tests.test_editing_profile.TestEditingProfile#test_deletion_of_account","historyId":"f1bdb605c4bc541f2ea5a2000d772d17","time":{"start":1726776866735,"stop":1726776866735,"duration":0},"description":"Сначала регистрируется новый пользователь, после удаляется по причине и проверяется, что при авторизации ему отображается уведомление","descriptionHtml":"<p>Сначала регистрируется новый пользователь, после удаляется по причине и проверяется, что при авторизации ему отображается уведомление</p>\n","status":"broken","statusMessage":"selenium.common.exceptions.TimeoutException: Message:","statusTrace":"driver = <selenium.webdriver.chrome.webdriver.WebDriver (session=\"dfaf6e738bc9344c61d8d1fc73ce8a8d\")>\n\n    @pytest.fixture(scope='function')\n    @allure.title('Регистрация пользователя')\n    @allure.step('Регистрация пользователя')\n    def registration_user(driver):\n        \"\"\"\n        Фикстура регистрации нового пользователя\n    \n        :param driver:\n            принимает в себя экземпляр драйвера\n    \n        \"\"\"\n        authorization_page = AuthorizationPage(driver)\n        join_page = JoinPage(driver)\n        metabase = MetaBase(driver)\n        assertion = Assertion(driver)\n        rubric_page = RubricPage(driver)\n        main_page = MainPage(driver)\n    \n        authorization_page.open()\n>       authorization_page.do_click(config.locators.AuthorizationPageLocators.locators['Кнопка по смс'])\n\nfixtures/fixtures_for_registration_tests.py:37: \n_ _ _ _ _ _ _ _ _ _ _ _ _ _ _ _ _ _ _ _ _ _ _ _ _ _ _ _ _ _ _ _ _ _ _ _ _ _ _ _ \nbase/base_page.py:75: in do_click\n    elem = WebDriverWait(self.driver, wait_time).until(EC.element_to_be_clickable(locator))\n_ _ _ _ _ _ _ _ _ _ _ _ _ _ _ _ _ _ _ _ _ _ _ _ _ _ _ _ _ _ _ _ _ _ _ _ _ _ _ _ \n\nself = <selenium.webdriver.support.wait.WebDriverWait (session=\"dfaf6e738bc9344c61d8d1fc73ce8a8d\")>\nmethod = <function element_to_be_clickable.<locals>._predicate at 0x7fa195af1e40>\nmessage = ''\n\n    def until(self, method: Callable[[D], Union[Literal[False], T]], message: str = \"\") -> T:\n        \"\"\"Calls the method provided with the driver as an argument until the \\\n        return value does not evaluate to ``False``.\n    \n        :param method: callable(WebDriver)\n        :param message: optional message for :exc:`TimeoutException`\n        :returns: the result of the last call to `method`\n        :raises: :exc:`selenium.common.exceptions.TimeoutException` if timeout occurs\n        \"\"\"\n        screen = None\n        stacktrace = None\n    \n        end_time = time.monotonic() + self._timeout\n        while True:\n            try:\n                value = method(self._driver)\n                if value:\n                    return value\n            except self._ignored_exceptions as exc:\n                screen = getattr(exc, \"screen\", None)\n                stacktrace = getattr(exc, \"stacktrace\", None)\n            time.sleep(self._poll)\n            if time.monotonic() > end_time:\n                break\n>       raise TimeoutException(message, screen, stacktrace)\nE       selenium.common.exceptions.TimeoutException: Message:\n\n../local/lib/python3.12/site-packages/selenium/webdriver/support/wait.py:105: TimeoutException","flaky":false,"newFailed":false,"newBroken":true,"newPassed":false,"retriesCount":0,"retriesStatusChange":false,"beforeStages":[{"name":"_session_faker","time":{"start":1726776348984,"stop":1726776349004,"duration":20},"status":"passed","steps":[],"attachments":[],"parameters":[],"shouldDisplayMessage":false,"attachmentsCount":0,"stepsCount":0,"hasContent":false,"attachmentStep":false},{"name":"driver","time":{"start":1726776866736,"stop":1726776867152,"duration":416},"status":"passed","steps":[],"attachments":[],"parameters":[],"shouldDisplayMessage":false,"attachmentsCount":0,"stepsCount":0,"hasContent":false,"attachmentStep":false},{"name":"setup","time":{"start":1726776867152,"stop":1726776867153,"duration":1},"status":"passed","steps":[],"attachments":[],"parameters":[],"shouldDisplayMessage":false,"attachmentsCount":0,"stepsCount":0,"hasContent":false,"attachmentStep":false},{"name":"Регистрация пользователя","time":{"start":1726776867153,"stop":1726776880019,"duration":12866},"status":"broken","statusMessage":"selenium.common.exceptions.TimeoutException: Message: \n\n","statusTrace":"  File \"/usr/local/lib/python3.12/site-packages/pluggy/_callers.py\", line 167, in _multicall\n    teardown.throw(outcome._exception)\n  File \"/usr/local/lib/python3.12/site-packages/_pytest/setuponly.py\", line 36, in pytest_fixture_setup\n    return (yield)\n            ^^^^^\n  File \"/usr/local/lib/python3.12/site-packages/pluggy/_callers.py\", line 103, in _multicall\n    res = hook_impl.function(*args)\n          ^^^^^^^^^^^^^^^^^^^^^^^^^\n  File \"/usr/local/lib/python3.12/site-packages/_pytest/fixtures.py\", line 1139, in pytest_fixture_setup\n    result = call_fixture_func(fixturefunc, request, kwargs)\n             ^^^^^^^^^^^^^^^^^^^^^^^^^^^^^^^^^^^^^^^^^^^^^^^\n  File \"/usr/local/lib/python3.12/site-packages/_pytest/fixtures.py\", line 897, in call_fixture_func\n    fixture_result = fixturefunc(**kwargs)\n                     ^^^^^^^^^^^^^^^^^^^^^\n  File \"/usr/local/lib/python3.12/site-packages/allure_commons/_allure.py\", line 192, in impl\n    return func(*a, **kw)\n           ^^^^^^^^^^^^^^\n  File \"/usr/workspace/fixtures/fixtures_for_registration_tests.py\", line 37, in registration_user\n    authorization_page.do_click(config.locators.AuthorizationPageLocators.locators['Кнопка по смс'])\n  File \"/usr/workspace/base/base_page.py\", line 75, in do_click\n    elem = WebDriverWait(self.driver, wait_time).until(EC.element_to_be_clickable(locator))\n           ^^^^^^^^^^^^^^^^^^^^^^^^^^^^^^^^^^^^^^^^^^^^^^^^^^^^^^^^^^^^^^^^^^^^^^^^^^^^^^^^\n  File \"/usr/local/lib/python3.12/site-packages/selenium/webdriver/support/wait.py\", line 105, in until\n    raise TimeoutException(message, screen, stacktrace)\n","steps":[{"name":"Регистрация пользователя","time":{"start":1726776867153,"stop":1726776880019,"duration":12866},"status":"broken","statusMessage":"selenium.common.exceptions.TimeoutException: Message: \n\n","statusTrace":"  File \"/usr/local/lib/python3.12/site-packages/allure_commons/_allure.py\", line 192, in impl\n    return func(*a, **kw)\n           ^^^^^^^^^^^^^^\n  File \"/usr/workspace/fixtures/fixtures_for_registration_tests.py\", line 37, in registration_user\n    authorization_page.do_click(config.locators.AuthorizationPageLocators.locators['Кнопка по смс'])\n  File \"/usr/workspace/base/base_page.py\", line 75, in do_click\n    elem = WebDriverWait(self.driver, wait_time).until(EC.element_to_be_clickable(locator))\n           ^^^^^^^^^^^^^^^^^^^^^^^^^^^^^^^^^^^^^^^^^^^^^^^^^^^^^^^^^^^^^^^^^^^^^^^^^^^^^^^^\n  File \"/usr/local/lib/python3.12/site-packages/selenium/webdriver/support/wait.py\", line 105, in until\n    raise TimeoutException(message, screen, stacktrace)\n","steps":[],"attachments":[],"parameters":[{"name":"driver","value":"<selenium.webdriver.chrome.webdriver.WebDriver (session=\"dfaf6e738bc9344c61d8d1fc73ce8a8d\")>"}],"shouldDisplayMessage":true,"attachmentsCount":0,"stepsCount":0,"hasContent":true,"attachmentStep":false}],"attachments":[],"parameters":[],"shouldDisplayMessage":false,"attachmentsCount":0,"stepsCount":1,"hasContent":true,"attachmentStep":false},{"name":"Инициализация локаторов","time":{"start":1726776867153,"stop":1726776867153,"duration":0},"status":"passed","steps":[{"name":"Инициализация локаторов","time":{"start":1726776867153,"stop":1726776867153,"duration":0},"status":"passed","steps":[],"attachments":[],"parameters":[{"name":"request","value":"<SubRequest 'elements' for <Function test_deletion_of_account[\\u041c\\u043e\\u0438 \\u043f\\u0440\\u043e\\u0435\\u043a\\u0442\\u044b \\u043d\\u0435 \\u043a\\u043e\\u043c\\u043c\\u0435\\u043d\\u0442\\u0438\\u0440\\u0443\\u044e\\u0442 \\u0438 \\u043d\\u0435 \\u043b\\u0430\\u0439\\u043a\\u0430\\u044e\\u0442]>>"}],"shouldDisplayMessage":false,"attachmentsCount":0,"stepsCount":0,"hasContent":true,"attachmentStep":false}],"attachments":[],"parameters":[],"shouldDisplayMessage":false,"attachmentsCount":0,"stepsCount":1,"hasContent":true,"attachmentStep":false}],"afterStages":[{"name":"driver::0","time":{"start":1726776880028,"stop":1726776880218,"duration":190},"status":"passed","steps":[],"attachments":[{"uid":"61aa090599232fe4","name":"page_source","source":"61aa090599232fe4.html","type":"text/html","size":20324},{"uid":"803ba44eb9eec400","name":"screenshot","source":"803ba44eb9eec400.png","type":"image/png","size":32088},{"uid":"c245a016a94280de","name":"browser_logs","source":"c245a016a94280de.txt","type":"text/plain","size":1100}],"parameters":[],"shouldDisplayMessage":false,"attachmentsCount":3,"stepsCount":0,"hasContent":true,"attachmentStep":false}],"labels":[{"name":"severity","value":"Critical"},{"name":"feature","value":"Редактирование профиля"},{"name":"tag","value":"regression"},{"name":"tag","value":"editing_profile"},{"name":"parentSuite","value":"tests"},{"name":"suite","value":"test_editing_profile"},{"name":"subSuite","value":"TestEditingProfile"},{"name":"host","value":"b8c274508a65"},{"name":"thread","value":"1-MainThread"},{"name":"framework","value":"pytest"},{"name":"language","value":"cpython3"},{"name":"package","value":"tests.test_editing_profile"},{"name":"resultFormat","value":"allure2"}],"parameters":[{"name":"options","value":"'Мои проекты не комментируют и не лайкают'"}],"links":[],"hidden":false,"retry":false,"extra":{"severity":"critical","retries":[],"categories":[{"name":"Test defects","matchedStatuses":[],"flaky":false}],"history":{"statistic":{"failed":0,"broken":2,"skipped":0,"passed":10,"unknown":0,"total":12},"items":[{"uid":"72f1761e9b9e2d36","status":"passed","time":{"start":1724098535158,"stop":1724098546010,"duration":10852}},{"uid":"5a611b4db5c09b4f","status":"passed","time":{"start":1723828698951,"stop":1723828709163,"duration":10212}},{"uid":"40f7554edae9eddf","status":"passed","time":{"start":1723751077968,"stop":1723751087335,"duration":9367}},{"uid":"8624f6128cf926c7","status":"passed","time":{"start":1723741537556,"stop":1723741546919,"duration":9363}},{"uid":"378d4325def3b3dd","status":"passed","time":{"start":1723664287230,"stop":1723664297004,"duration":9774}},{"uid":"b66325e54de405a8","status":"broken","statusDetails":"selenium.common.exceptions.TimeoutException: Message: Не найден элемент с локатором ('xpath', '//input[@name=\"password\"]')","time":{"start":1723578631101,"stop":1723578631101,"duration":0}},{"uid":"429d1d6ba61742f9","status":"passed","time":{"start":1723495817306,"stop":1723495827222,"duration":9916}},{"uid":"19dfa1b8378d38ac","status":"passed","time":{"start":1723149727642,"stop":1723149736894,"duration":9252}},{"uid":"9da46c1ac5085eb0","status":"passed","time":{"start":1723148435297,"stop":1723148444928,"duration":9631}},{"uid":"c30b16e70c57ba41","status":"passed","time":{"start":1723146705732,"stop":1723146716473,"duration":10741}},{"uid":"da198cf023ff7c7e","status":"passed","time":{"start":1723064927715,"stop":1723064938619,"duration":10904}}]},"tags":["editing_profile","regression"]},"source":"99ff82787e25966f.json","parameterValues":["'Мои проекты не комментируют и не лайкают'"]}