{"uid":"9a1ee8d1945db9b4","name":"Авторизация пользователя с валидным логинов и паролем короче 6 символов","fullName":"tests.test_autorization.TestAuthUser#test_auth_valid_username_and_a_password_shorter_than_6_characters","historyId":"e280aca5c245e17b50f8b1fb43b4826f","time":{"start":1718084595991,"stop":1718084611186,"duration":15195},"description":"При проверке используются валидный логин пользователя Aleska","descriptionHtml":"<p>При проверке используются валидный логин пользователя Aleska</p>\n","status":"broken","statusMessage":"selenium.common.exceptions.TimeoutException: Message: Не найден элемент с локатором ('xpath', '//label[@class=\"text-field_validation-message__nizJJ\"][contains(.,\"Введи e-mail, никнейм или номер телефона, указанные при регистрации\")]')","statusTrace":"self = <test_autorization.TestAuthUser object at 0x7f5f2ee90200>\n\n    @allure.title('Авторизация пользователя с валидным логинов и паролем короче 6 символов')\n    @allure.description('При проверке используются валидный логин пользователя Aleska')\n    @allure.severity('Trivial')\n    def test_auth_valid_username_and_a_password_shorter_than_6_characters(self):\n        with allure.step('Открыть страницу логина'):\n            self.login_page.open()\n    \n        with allure.step('В поле логина вводим валидный логин'):\n            self.login_page.field_username_input(self.User.LOGIN)\n    \n        with allure.step('В поле пароль вводим меньше 6 случайных символов'):\n            self.login_page.field_password_input(fake.password(length=5))\n    \n        with allure.step('Нажать кнопку \"Войти\"'):\n            self.login_page.button_signin_click()\n    \n        with allure.step(\n                'Под полем пароль отображается текст валидации \"Длина пароля должна быть не меньше 6 символов\"'):\n>           self.login_page.field_username_validation_message('Длина пароля должна быть не меньше 6 символов')\n\ntests/test_autorization.py:67: \n_ _ _ _ _ _ _ _ _ _ _ _ _ _ _ _ _ _ _ _ _ _ _ _ _ _ _ _ _ _ _ _ _ _ _ _ _ _ _ _ \nmodel/pages/login_page.py:17: in field_username_validation_message\n    text_ = self.find_element(LoginPageLocators.VALIDATION_MESSAGE_USERNAME_FIELD).text\nbase/base_page.py:48: in find_element\n    return self.wait.until(EC.visibility_of_element_located(locator),\n_ _ _ _ _ _ _ _ _ _ _ _ _ _ _ _ _ _ _ _ _ _ _ _ _ _ _ _ _ _ _ _ _ _ _ _ _ _ _ _ \n\nself = <selenium.webdriver.support.wait.WebDriverWait (session=\"32cfa39d5a8bb503d7f89148153cfb76\")>\nmethod = <function visibility_of_element_located.<locals>._predicate at 0x7f5f2b4dc9a0>\nmessage = 'Не найден элемент с локатором (\\'xpath\\', \\'//label[@class=\"text-field_validation-message__nizJJ\"][contains(.,\"Введи e-mail, никнейм или номер телефона, указанные при регистрации\")]\\')'\n\n    def until(self, method: Callable[[D], Union[Literal[False], T]], message: str = \"\") -> T:\n        \"\"\"Calls the method provided with the driver as an argument until the \\\n        return value does not evaluate to ``False``.\n    \n        :param method: callable(WebDriver)\n        :param message: optional message for :exc:`TimeoutException`\n        :returns: the result of the last call to `method`\n        :raises: :exc:`selenium.common.exceptions.TimeoutException` if timeout occurs\n        \"\"\"\n        screen = None\n        stacktrace = None\n    \n        end_time = time.monotonic() + self._timeout\n        while True:\n            try:\n                value = method(self._driver)\n                if value:\n                    return value\n            except self._ignored_exceptions as exc:\n                screen = getattr(exc, \"screen\", None)\n                stacktrace = getattr(exc, \"stacktrace\", None)\n            time.sleep(self._poll)\n            if time.monotonic() > end_time:\n                break\n>       raise TimeoutException(message, screen, stacktrace)\nE       selenium.common.exceptions.TimeoutException: Message: Не найден элемент с локатором ('xpath', '//label[@class=\"text-field_validation-message__nizJJ\"][contains(.,\"Введи e-mail, никнейм или номер телефона, указанные при регистрации\")]')\n\n../local/lib/python3.12/site-packages/selenium/webdriver/support/wait.py:105: TimeoutException","flaky":false,"newFailed":false,"newBroken":false,"newPassed":false,"retriesCount":0,"retriesStatusChange":false,"beforeStages":[{"name":"_session_faker","time":{"start":1718084584143,"stop":1718084584163,"duration":20},"status":"passed","steps":[],"attachments":[],"parameters":[],"shouldDisplayMessage":false,"attachmentsCount":0,"stepsCount":0,"hasContent":false,"attachmentStep":false},{"name":"driver","time":{"start":1718084595667,"stop":1718084595990,"duration":323},"status":"passed","steps":[],"attachments":[],"parameters":[],"shouldDisplayMessage":false,"attachmentsCount":0,"stepsCount":0,"hasContent":false,"attachmentStep":false},{"name":"setup","time":{"start":1718084595990,"stop":1718084595991,"duration":1},"status":"passed","steps":[],"attachments":[],"parameters":[],"shouldDisplayMessage":false,"attachmentsCount":0,"stepsCount":0,"hasContent":false,"attachmentStep":false}],"testStage":{"description":"При проверке используются валидный логин пользователя Aleska","status":"broken","statusMessage":"selenium.common.exceptions.TimeoutException: Message: Не найден элемент с локатором ('xpath', '//label[@class=\"text-field_validation-message__nizJJ\"][contains(.,\"Введи e-mail, никнейм или номер телефона, указанные при регистрации\")]')","statusTrace":"self = <test_autorization.TestAuthUser object at 0x7f5f2ee90200>\n\n    @allure.title('Авторизация пользователя с валидным логинов и паролем короче 6 символов')\n    @allure.description('При проверке используются валидный логин пользователя Aleska')\n    @allure.severity('Trivial')\n    def test_auth_valid_username_and_a_password_shorter_than_6_characters(self):\n        with allure.step('Открыть страницу логина'):\n            self.login_page.open()\n    \n        with allure.step('В поле логина вводим валидный логин'):\n            self.login_page.field_username_input(self.User.LOGIN)\n    \n        with allure.step('В поле пароль вводим меньше 6 случайных символов'):\n            self.login_page.field_password_input(fake.password(length=5))\n    \n        with allure.step('Нажать кнопку \"Войти\"'):\n            self.login_page.button_signin_click()\n    \n        with allure.step(\n                'Под полем пароль отображается текст валидации \"Длина пароля должна быть не меньше 6 символов\"'):\n>           self.login_page.field_username_validation_message('Длина пароля должна быть не меньше 6 символов')\n\ntests/test_autorization.py:67: \n_ _ _ _ _ _ _ _ _ _ _ _ _ _ _ _ _ _ _ _ _ _ _ _ _ _ _ _ _ _ _ _ _ _ _ _ _ _ _ _ \nmodel/pages/login_page.py:17: in field_username_validation_message\n    text_ = self.find_element(LoginPageLocators.VALIDATION_MESSAGE_USERNAME_FIELD).text\nbase/base_page.py:48: in find_element\n    return self.wait.until(EC.visibility_of_element_located(locator),\n_ _ _ _ _ _ _ _ _ _ _ _ _ _ _ _ _ _ _ _ _ _ _ _ _ _ _ _ _ _ _ _ _ _ _ _ _ _ _ _ \n\nself = <selenium.webdriver.support.wait.WebDriverWait (session=\"32cfa39d5a8bb503d7f89148153cfb76\")>\nmethod = <function visibility_of_element_located.<locals>._predicate at 0x7f5f2b4dc9a0>\nmessage = 'Не найден элемент с локатором (\\'xpath\\', \\'//label[@class=\"text-field_validation-message__nizJJ\"][contains(.,\"Введи e-mail, никнейм или номер телефона, указанные при регистрации\")]\\')'\n\n    def until(self, method: Callable[[D], Union[Literal[False], T]], message: str = \"\") -> T:\n        \"\"\"Calls the method provided with the driver as an argument until the \\\n        return value does not evaluate to ``False``.\n    \n        :param method: callable(WebDriver)\n        :param message: optional message for :exc:`TimeoutException`\n        :returns: the result of the last call to `method`\n        :raises: :exc:`selenium.common.exceptions.TimeoutException` if timeout occurs\n        \"\"\"\n        screen = None\n        stacktrace = None\n    \n        end_time = time.monotonic() + self._timeout\n        while True:\n            try:\n                value = method(self._driver)\n                if value:\n                    return value\n            except self._ignored_exceptions as exc:\n                screen = getattr(exc, \"screen\", None)\n                stacktrace = getattr(exc, \"stacktrace\", None)\n            time.sleep(self._poll)\n            if time.monotonic() > end_time:\n                break\n>       raise TimeoutException(message, screen, stacktrace)\nE       selenium.common.exceptions.TimeoutException: Message: Не найден элемент с локатором ('xpath', '//label[@class=\"text-field_validation-message__nizJJ\"][contains(.,\"Введи e-mail, никнейм или номер телефона, указанные при регистрации\")]')\n\n../local/lib/python3.12/site-packages/selenium/webdriver/support/wait.py:105: TimeoutException","steps":[{"name":"Открыть страницу логина","time":{"start":1718084595991,"stop":1718084597492,"duration":1501},"status":"passed","steps":[],"attachments":[],"parameters":[],"shouldDisplayMessage":false,"attachmentsCount":0,"stepsCount":0,"hasContent":false,"attachmentStep":false},{"name":"В поле логина вводим валидный логин","time":{"start":1718084597492,"stop":1718084600556,"duration":3064},"status":"passed","steps":[],"attachments":[],"parameters":[],"shouldDisplayMessage":false,"attachmentsCount":0,"stepsCount":0,"hasContent":false,"attachmentStep":false},{"name":"В поле пароль вводим меньше 6 случайных символов","time":{"start":1718084600556,"stop":1718084600603,"duration":47},"status":"passed","steps":[],"attachments":[],"parameters":[],"shouldDisplayMessage":false,"attachmentsCount":0,"stepsCount":0,"hasContent":false,"attachmentStep":false},{"name":"Нажать кнопку \"Войти\"","time":{"start":1718084600603,"stop":1718084600645,"duration":42},"status":"passed","steps":[],"attachments":[],"parameters":[],"shouldDisplayMessage":false,"attachmentsCount":0,"stepsCount":0,"hasContent":false,"attachmentStep":false},{"name":"Под полем пароль отображается текст валидации \"Длина пароля должна быть не меньше 6 символов\"","time":{"start":1718084600645,"stop":1718084611186,"duration":10541},"status":"broken","statusMessage":"selenium.common.exceptions.TimeoutException: Message: Не найден элемент с локатором ('xpath', '//label[@class=\"text-field_validation-message__nizJJ\"][contains(.,\"Введи e-mail, никнейм или номер телефона, указанные при регистрации\")]')\n\n","statusTrace":"  File \"/usr/workspace/tests/test_autorization.py\", line 67, in test_auth_valid_username_and_a_password_shorter_than_6_characters\n    self.login_page.field_username_validation_message('Длина пароля должна быть не меньше 6 символов')\n  File \"/usr/workspace/model/pages/login_page.py\", line 17, in field_username_validation_message\n    text_ = self.find_element(LoginPageLocators.VALIDATION_MESSAGE_USERNAME_FIELD).text\n            ^^^^^^^^^^^^^^^^^^^^^^^^^^^^^^^^^^^^^^^^^^^^^^^^^^^^^^^^^^^^^^^^^^^^^^\n  File \"/usr/workspace/base/base_page.py\", line 48, in find_element\n    return self.wait.until(EC.visibility_of_element_located(locator),\n           ^^^^^^^^^^^^^^^^^^^^^^^^^^^^^^^^^^^^^^^^^^^^^^^^^^^^^^^^^^\n  File \"/usr/local/lib/python3.12/site-packages/selenium/webdriver/support/wait.py\", line 105, in until\n    raise TimeoutException(message, screen, stacktrace)\n","steps":[],"attachments":[],"parameters":[],"shouldDisplayMessage":true,"attachmentsCount":0,"stepsCount":0,"hasContent":true,"attachmentStep":false}],"attachments":[],"parameters":[],"shouldDisplayMessage":true,"attachmentsCount":0,"stepsCount":5,"hasContent":true,"attachmentStep":false},"afterStages":[{"name":"driver::0","time":{"start":1718084611226,"stop":1718084611418,"duration":192},"status":"passed","steps":[],"attachments":[{"uid":"9011bd2facd6df11","name":"page_source","source":"9011bd2facd6df11.html","type":"text/html","size":18510},{"uid":"54423d7134a144d5","name":"screenshot","source":"54423d7134a144d5.png","type":"image/png","size":31745},{"uid":"90e74c2b7f4709d2","name":"browser_logs","source":"90e74c2b7f4709d2.txt","type":"text/plain","size":2271}],"parameters":[],"shouldDisplayMessage":false,"attachmentsCount":3,"stepsCount":0,"hasContent":true,"attachmentStep":false}],"labels":[{"name":"feature","value":"Авторизация пользователя"},{"name":"severity","value":"Trivial"},{"name":"parentSuite","value":"tests"},{"name":"suite","value":"test_autorization"},{"name":"subSuite","value":"TestAuthUser"},{"name":"host","value":"d95e382bd610"},{"name":"thread","value":"1-MainThread"},{"name":"framework","value":"pytest"},{"name":"language","value":"cpython3"},{"name":"package","value":"tests.test_autorization"},{"name":"resultFormat","value":"allure2"}],"parameters":[],"links":[],"hidden":false,"retry":false,"extra":{"severity":"trivial","retries":[],"categories":[{"name":"Test defects","matchedStatuses":[],"flaky":false}],"history":{"statistic":{"failed":0,"broken":6,"skipped":0,"passed":0,"unknown":0,"total":6},"items":[{"uid":"f17345dc4e6b9b8","status":"broken","statusDetails":"selenium.common.exceptions.TimeoutException: Message: Не найден элемент с локатором ('xpath', '//label[@class=\"text-field_validation-message__nizJJ\"][contains(.,\"Введи e-mail, никнейм или номер телефона, указанные при регистрации\")]')","time":{"start":1716192802599,"stop":1716192818228,"duration":15629}},{"uid":"b31a31d6adf153c1","status":"broken","statusDetails":"selenium.common.exceptions.TimeoutException: Message: Не найден элемент с локатором ('xpath', '//label[@class=\"text-field_validation-message__nizJJ\"][contains(.,\"Введи e-mail, никнейм или номер телефона, указанные при регистрации\")]')","time":{"start":1716071152338,"stop":1716071167945,"duration":15607}},{"uid":"ab457ddaa61a3e25","status":"broken","statusDetails":"selenium.common.exceptions.TimeoutException: Message: Не найден элемент с локатором ('xpath', '//label[@class=\"text-field_validation-message__nizJJ\"][contains(.,\"Введи e-mail, никнейм или номер телефона, указанные при регистрации\")]')","time":{"start":1716070747642,"stop":1716070763282,"duration":15640}},{"uid":"feb9e9160da9141c","status":"broken","statusDetails":"selenium.common.exceptions.TimeoutException: Message: Не найден элемент с локатором ('xpath', '//label[@class=\"text-field_validation-message__nizJJ\"][contains(.,\"Введи e-mail, никнейм или номер телефона, указанные при регистрации\")]')","time":{"start":1716067951775,"stop":1716067967401,"duration":15626}},{"uid":"4bc69cf147bf2d93","status":"broken","statusDetails":"selenium.common.exceptions.TimeoutException: Message: Не найден элемент с локатором ('xpath', '//label[@class=\"text-field_validation-message__nizJJ\"][contains(.,\"Введи e-mail, никнейм или номер телефона, указанные при регистрации\")]')","time":{"start":1716067149475,"stop":1716067165866,"duration":16391}}]},"tags":[]},"source":"9a1ee8d1945db9b4.json","parameterValues":[]}