{"uid":"9b2b8e65604acdea","name":"Авторизация пользователя без логина и пароля","fullName":"tests.test_autorization.TestAuthUser#test_auth_no_username_and_no_password","historyId":"a668ff8e6001a8742b8c24318bb99490","time":{"start":1719946382048,"stop":1719946382048,"duration":0},"description":"При проверке не вводятся данные","descriptionHtml":"<p>При проверке не вводятся данные</p>\n","status":"broken","statusMessage":"selenium.common.exceptions.WebDriverException: Message: unknown error: Chrome failed to start: exited abnormally.\n  (unknown error: DevToolsActivePort file doesn't exist)\n  (The process started from chrome location /usr/bin/chromium-browser is no longer running, so ChromeDriver is assuming that Chrome has crashed.)","statusTrace":"request = <SubRequest 'driver' for <Function test_auth_no_username_and_no_password>>\n\n    @pytest.fixture(autouse=True, scope='function')\n    def driver(request):\n        chrome_options = Options()\n        chrome_options.add_argument('--window-size=1920,1080')  # размер окна is 1920x1080\n        # chrome_options.add_argument('--no-sandbox')  # no sandbox\n        chrome_options.add_argument('--disable-dev-shm-usage')  # overcome limited resource problems\n        # chrome_options.add_argument('--incognito')  # режим инкогнито\n        # chrome_options.add_argument('--headless')  # режим без UI\n        # chrome_options.add_argument('--ignore-certificate-errors')  # режим игнорирования сертификата\n>       driver = webdriver.Chrome(options=chrome_options)\n\nconftest.py:17: \n_ _ _ _ _ _ _ _ _ _ _ _ _ _ _ _ _ _ _ _ _ _ _ _ _ _ _ _ _ _ _ _ _ _ _ _ _ _ _ _ \n../local/lib/python3.12/site-packages/selenium/webdriver/chrome/webdriver.py:45: in __init__\n    super().__init__(\n../local/lib/python3.12/site-packages/selenium/webdriver/chromium/webdriver.py:66: in __init__\n    super().__init__(command_executor=executor, options=options)\n../local/lib/python3.12/site-packages/selenium/webdriver/remote/webdriver.py:212: in __init__\n    self.start_session(capabilities)\n../local/lib/python3.12/site-packages/selenium/webdriver/remote/webdriver.py:299: in start_session\n    response = self.execute(Command.NEW_SESSION, caps)[\"value\"]\n../local/lib/python3.12/site-packages/selenium/webdriver/remote/webdriver.py:354: in execute\n    self.error_handler.check_response(response)\n_ _ _ _ _ _ _ _ _ _ _ _ _ _ _ _ _ _ _ _ _ _ _ _ _ _ _ _ _ _ _ _ _ _ _ _ _ _ _ _ \n\nself = <selenium.webdriver.remote.errorhandler.ErrorHandler object at 0x7fa30187bbc0>\nresponse = {'status': 500, 'value': '{\"value\":{\"error\":\"unknown error\",\"message\":\"unknown error: Chrome failed to start: exited a...r/bin/chromium-browser is no longer running, so ChromeDriver is assuming that Chrome has crashed.)\",\"stacktrace\":\"\"}}'}\n\n    def check_response(self, response: Dict[str, Any]) -> None:\n        \"\"\"Checks that a JSON response from the WebDriver does not have an\n        error.\n    \n        :Args:\n         - response - The JSON response from the WebDriver server as a dictionary\n           object.\n    \n        :Raises: If the response contains an error message.\n        \"\"\"\n        status = response.get(\"status\", None)\n        if not status or status == ErrorCode.SUCCESS:\n            return\n        value = None\n        message = response.get(\"message\", \"\")\n        screen: str = response.get(\"screen\", \"\")\n        stacktrace = None\n        if isinstance(status, int):\n            value_json = response.get(\"value\", None)\n            if value_json and isinstance(value_json, str):\n                import json\n    \n                try:\n                    value = json.loads(value_json)\n                    if len(value) == 1:\n                        value = value[\"value\"]\n                    status = value.get(\"error\", None)\n                    if not status:\n                        status = value.get(\"status\", ErrorCode.UNKNOWN_ERROR)\n                        message = value.get(\"value\") or value.get(\"message\")\n                        if not isinstance(message, str):\n                            value = message\n                            message = message.get(\"message\")\n                    else:\n                        message = value.get(\"message\", None)\n                except ValueError:\n                    pass\n    \n        exception_class: Type[WebDriverException]\n        e = ErrorCode()\n        error_codes = [item for item in dir(e) if not item.startswith(\"__\")]\n        for error_code in error_codes:\n            error_info = getattr(ErrorCode, error_code)\n            if isinstance(error_info, list) and status in error_info:\n                exception_class = getattr(ExceptionMapping, error_code, WebDriverException)\n                break\n        else:\n            exception_class = WebDriverException\n    \n        if not value:\n            value = response[\"value\"]\n        if isinstance(value, str):\n            raise exception_class(value)\n        if message == \"\" and \"message\" in value:\n            message = value[\"message\"]\n    \n        screen = None  # type: ignore[assignment]\n        if \"screen\" in value:\n            screen = value[\"screen\"]\n    \n        stacktrace = None\n        st_value = value.get(\"stackTrace\") or value.get(\"stacktrace\")\n        if st_value:\n            if isinstance(st_value, str):\n                stacktrace = st_value.split(\"\\n\")\n            else:\n                stacktrace = []\n                try:\n                    for frame in st_value:\n                        line = frame.get(\"lineNumber\", \"\")\n                        file = frame.get(\"fileName\", \"<anonymous>\")\n                        if line:\n                            file = f\"{file}:{line}\"\n                        meth = frame.get(\"methodName\", \"<anonymous>\")\n                        if \"className\" in frame:\n                            meth = f\"{frame['className']}.{meth}\"\n                        msg = \"    at %s (%s)\"\n                        msg = msg % (meth, file)\n                        stacktrace.append(msg)\n                except TypeError:\n                    pass\n        if exception_class == UnexpectedAlertPresentException:\n            alert_text = None\n            if \"data\" in value:\n                alert_text = value[\"data\"].get(\"text\")\n            elif \"alert\" in value:\n                alert_text = value[\"alert\"].get(\"text\")\n            raise exception_class(message, screen, stacktrace, alert_text)  # type: ignore[call-arg]  # mypy is not smart enough here\n>       raise exception_class(message, screen, stacktrace)\nE       selenium.common.exceptions.WebDriverException: Message: unknown error: Chrome failed to start: exited abnormally.\nE         (unknown error: DevToolsActivePort file doesn't exist)\nE         (The process started from chrome location /usr/bin/chromium-browser is no longer running, so ChromeDriver is assuming that Chrome has crashed.)\n\n../local/lib/python3.12/site-packages/selenium/webdriver/remote/errorhandler.py:229: WebDriverException","flaky":false,"newFailed":false,"newBroken":true,"newPassed":false,"retriesCount":0,"retriesStatusChange":false,"beforeStages":[{"name":"_session_faker","time":{"start":1719946380764,"stop":1719946380786,"duration":22},"status":"passed","steps":[],"attachments":[],"parameters":[],"shouldDisplayMessage":false,"attachmentsCount":0,"stepsCount":0,"hasContent":false,"attachmentStep":false},{"name":"driver","time":{"start":1719946382048,"stop":1719946382240,"duration":192},"status":"broken","statusMessage":"selenium.common.exceptions.WebDriverException: Message: unknown error: Chrome failed to start: exited abnormally.\n  (unknown error: DevToolsActivePort file doesn't exist)\n  (The process started from chrome location /usr/bin/chromium-browser is no longer running, so ChromeDriver is assuming that Chrome has crashed.)\n\n","statusTrace":"  File \"/usr/local/lib/python3.12/site-packages/pluggy/_callers.py\", line 167, in _multicall\n    teardown.throw(outcome._exception)\n  File \"/usr/local/lib/python3.12/site-packages/_pytest/setuponly.py\", line 36, in pytest_fixture_setup\n    return (yield)\n            ^^^^^\n  File \"/usr/local/lib/python3.12/site-packages/pluggy/_callers.py\", line 103, in _multicall\n    res = hook_impl.function(*args)\n          ^^^^^^^^^^^^^^^^^^^^^^^^^\n  File \"/usr/local/lib/python3.12/site-packages/_pytest/fixtures.py\", line 1125, in pytest_fixture_setup\n    result = call_fixture_func(fixturefunc, request, kwargs)\n             ^^^^^^^^^^^^^^^^^^^^^^^^^^^^^^^^^^^^^^^^^^^^^^^\n  File \"/usr/local/lib/python3.12/site-packages/_pytest/fixtures.py\", line 880, in call_fixture_func\n    fixture_result = next(generator)\n                     ^^^^^^^^^^^^^^^\n  File \"/usr/workspace/conftest.py\", line 17, in driver\n    driver = webdriver.Chrome(options=chrome_options)\n             ^^^^^^^^^^^^^^^^^^^^^^^^^^^^^^^^^^^^^^^^\n  File \"/usr/local/lib/python3.12/site-packages/selenium/webdriver/chrome/webdriver.py\", line 45, in __init__\n    super().__init__(\n  File \"/usr/local/lib/python3.12/site-packages/selenium/webdriver/chromium/webdriver.py\", line 66, in __init__\n    super().__init__(command_executor=executor, options=options)\n  File \"/usr/local/lib/python3.12/site-packages/selenium/webdriver/remote/webdriver.py\", line 212, in __init__\n    self.start_session(capabilities)\n  File \"/usr/local/lib/python3.12/site-packages/selenium/webdriver/remote/webdriver.py\", line 299, in start_session\n    response = self.execute(Command.NEW_SESSION, caps)[\"value\"]\n               ^^^^^^^^^^^^^^^^^^^^^^^^^^^^^^^^^^^^^^^\n  File \"/usr/local/lib/python3.12/site-packages/selenium/webdriver/remote/webdriver.py\", line 354, in execute\n    self.error_handler.check_response(response)\n  File \"/usr/local/lib/python3.12/site-packages/selenium/webdriver/remote/errorhandler.py\", line 229, in check_response\n    raise exception_class(message, screen, stacktrace)\n","steps":[],"attachments":[],"parameters":[],"shouldDisplayMessage":true,"attachmentsCount":0,"stepsCount":0,"hasContent":true,"attachmentStep":false}],"afterStages":[],"labels":[{"name":"feature","value":"Авторизация пользователя"},{"name":"severity","value":"Critical"},{"name":"tag","value":"regression"},{"name":"parentSuite","value":"tests"},{"name":"suite","value":"test_autorization"},{"name":"subSuite","value":"TestAuthUser"},{"name":"host","value":"4864ed1088cb"},{"name":"thread","value":"1-MainThread"},{"name":"framework","value":"pytest"},{"name":"language","value":"cpython3"},{"name":"package","value":"tests.test_autorization"},{"name":"resultFormat","value":"allure2"}],"parameters":[],"links":[],"hidden":false,"retry":false,"extra":{"severity":"critical","retries":[],"categories":[{"name":"Test defects","matchedStatuses":[],"flaky":false}],"history":{"statistic":{"failed":14,"broken":2,"skipped":0,"passed":6,"unknown":0,"total":22},"items":[{"uid":"611ac275ef80564f","status":"failed","statusDetails":"AssertionError: Ожидался текст: 'Введи Никнейм или номер телефона', отображается текс: 'Никнейм или номер телефона'","time":{"start":1719942424585,"stop":1719942429110,"duration":4525}},{"uid":"607fa9869a302e20","status":"failed","statusDetails":"AssertionError: Ожидался текст: 'Введи Никнейм или номер телефона', отображается текс: 'Никнейм или номер телефона'","time":{"start":1719942140043,"stop":1719942143664,"duration":3621}},{"uid":"dd409572313e0a8a","status":"failed","statusDetails":"AssertionError: Ожидался текст: 'Введи Никнейм или номер телефона', отображается текс: 'Никнейм или номер телефона'","time":{"start":1719941456961,"stop":1719941461061,"duration":4100}},{"uid":"8530e065aa75be7a","status":"failed","statusDetails":"AssertionError: Ожидался текст: 'Введи Никнейм или номер телефона', отображается текс: 'Никнейм или номер телефона'","time":{"start":1719937710402,"stop":1719937713939,"duration":3537}},{"uid":"6520ae2615906cc3","status":"failed","statusDetails":"AssertionError: Ожидался текст: 'Введи Никнейм или номер телефона', отображается текс: 'Никнейм или номер телефона'","time":{"start":1719937001299,"stop":1719937005546,"duration":4247}},{"uid":"9300047afda20d50","status":"failed","statusDetails":"AssertionError: Ожидался текст: 'Введи Никнейм или номер телефона', отображается текс: 'Никнейм или номер телефона'","time":{"start":1719935945368,"stop":1719935949542,"duration":4174}},{"uid":"1a1be9bb6b0e1225","status":"failed","statusDetails":"AssertionError: Ожидался текст: 'Введи Никнейм или номер телефона', отображается текс: 'Никнейм или номер телефона'","time":{"start":1719934989116,"stop":1719934993224,"duration":4108}},{"uid":"5ec7c149df13a776","status":"failed","statusDetails":"AssertionError: Ожидался текст: 'Введи Никнейм или номер телефона', отображается текс: 'Никнейм или номер телефона'","time":{"start":1719859047163,"stop":1719859052244,"duration":5081}},{"uid":"ba8eb6a6ca406d4d","status":"failed","statusDetails":"AssertionError: Ожидался текст: 'Введи Никнейм или номер телефона', отображается текс: 'Никнейм или номер телефона'","time":{"start":1719858472747,"stop":1719858476056,"duration":3309}},{"uid":"501631067509146b","status":"failed","statusDetails":"AssertionError: Ожидался текст: 'Введи Никнейм или номер телефона', отображается текс: 'Никнейм или номер телефона'","time":{"start":1719858269375,"stop":1719858274655,"duration":5280}},{"uid":"20142bd8bb38d392","status":"failed","statusDetails":"AssertionError: Ожидался текст: 'Введи Никнейм или номер телефона', отображается текс: 'Никнейм или номер телефона'","time":{"start":1719858013543,"stop":1719858017011,"duration":3468}},{"uid":"24a589a9531424a9","status":"failed","statusDetails":"AssertionError: Ожидался текст: 'Введи Никнейм или номер телефона', отображается текс: 'Никнейм или номер телефона'","time":{"start":1719857816948,"stop":1719857822389,"duration":5441}},{"uid":"fc10e7041e41764c","status":"failed","statusDetails":"AssertionError: Ожидался текст: 'Введи Никнейм или номер телефона', отображается текс: 'Никнейм или номер телефона'","time":{"start":1719857498385,"stop":1719857502028,"duration":3643}},{"uid":"6e35bb47615138ec","status":"failed","statusDetails":"AssertionError: Ожидался текст: 'Введи Никнейм или номер телефона', отображается текс: 'Никнейм или номер телефона'","time":{"start":1719857075131,"stop":1719857078531,"duration":3400}},{"uid":"cc99d5252c76f746","status":"broken","statusDetails":"selenium.common.exceptions.TimeoutException: Message: Не найден элемент с локатором ('xpath', '//label[@class=\"text-field_validation-message__nizJJ\"][contains(.,\"Введи e-mail, никнейм или номер телефона, указанные при регистрации\")]')","time":{"start":1719386157152,"stop":1719386173385,"duration":16233}},{"uid":"86e3f8555850c267","status":"passed","time":{"start":1718084611746,"stop":1718084616329,"duration":4583}},{"uid":"ecf8f9a674cf355a","status":"passed","time":{"start":1716192818782,"stop":1716192823772,"duration":4990}},{"uid":"e199b93af0bb88c2","status":"passed","time":{"start":1716071168512,"stop":1716071173562,"duration":5050}},{"uid":"4585f62d75a1e0d1","status":"passed","time":{"start":1716070763838,"stop":1716070768794,"duration":4956}},{"uid":"41b5be6906941423","status":"passed","time":{"start":1716067967960,"stop":1716067972979,"duration":5019}}]},"tags":["regression"]},"source":"9b2b8e65604acdea.json","parameterValues":[]}