{"uid":"9d5be417a73f3eed","name":"Разблокировка пользователя","fullName":"tests.test_editing_profile.TestEditingProfile#test_unblocking_user","historyId":"84c45322daea5e3420085b11c41a1ccc","time":{"start":1738865119285,"stop":1738865119285,"duration":0},"description":"Проверка происходит на пользователе Aleska","descriptionHtml":"<p>Проверка происходит на пользователе Aleska</p>\n","status":"broken","statusMessage":"KeyError: 'access_token'","statusTrace":"request = <SubRequest 'login_to_app' for <Function test_unblocking_user>>\ndriver = <selenium.webdriver.chrome.webdriver.WebDriver (session=\"9ab644051fce5cfc617edb41758a2887\")>\n\n    @pytest.fixture(scope='function')\n    @allure.title('Авторизация пользователя в системе')\n    @allure.step('Авторизация пользователя в системе')\n    def login_to_app(request, driver):\n        \"\"\" Фикстура Логина в систему \"\"\"\n        login_page = ApiAuthorization(driver)\n>       login_page.user(User.LOGIN, User.PASSWORD)\n\nconftest.py:53: \n_ _ _ _ _ _ _ _ _ _ _ _ _ _ _ _ _ _ _ _ _ _ _ _ _ _ _ _ _ _ _ _ _ _ _ _ _ _ _ _ \n\nself = <model.api.authorization.ApiAuthorization object at 0x7f0ee2e035c0>\nusername = 'Aleska', password = 'qwe123'\n\n    def user(self, username: str, password: str) -> None:\n        \"\"\"\n        Метод авторизации пользователя по средствам API.\n    \n        :param username: Логин пользователя\n        :param password: Пароль пользователя\n        \"\"\"\n        headers = {\n            'X-Client-Id': 'round',\n            'X-Client-Type': 'web',\n            'X-Language': 'ru'\n        }\n        data = {\n            'client_id': 'Krujok.Online.Mobile',\n            'grant_type': 'password',\n            'username': username,\n            'password': password\n        }\n    \n        response = requests.post(url=Api.TOKEN, headers=headers, data=data)\n>       access_token = response.json()[\"access_token\"]\nE       KeyError: 'access_token'\n\nmodel/api/authorization.py:30: KeyError","flaky":false,"newFailed":false,"newBroken":false,"newPassed":false,"retriesCount":0,"retriesStatusChange":false,"beforeStages":[{"name":"_session_faker","time":{"start":1738864340794,"stop":1738864340795,"duration":1},"status":"passed","steps":[],"attachments":[],"parameters":[],"shouldDisplayMessage":false,"attachmentsCount":0,"stepsCount":0,"hasContent":false,"attachmentStep":false},{"name":"driver","time":{"start":1738865119286,"stop":1738865119702,"duration":416},"status":"passed","steps":[],"attachments":[],"parameters":[],"shouldDisplayMessage":false,"attachmentsCount":0,"stepsCount":0,"hasContent":false,"attachmentStep":false},{"name":"setup","time":{"start":1738865119703,"stop":1738865119703,"duration":0},"status":"passed","steps":[],"attachments":[],"parameters":[],"shouldDisplayMessage":false,"attachmentsCount":0,"stepsCount":0,"hasContent":false,"attachmentStep":false},{"name":"Инициализация локаторов","time":{"start":1738865119703,"stop":1738865119703,"duration":0},"status":"passed","steps":[{"name":"Инициализация локаторов","time":{"start":1738865119703,"stop":1738865119703,"duration":0},"status":"passed","steps":[],"attachments":[],"parameters":[{"name":"request","value":"<SubRequest 'elements' for <Function test_unblocking_user>>"}],"shouldDisplayMessage":false,"attachmentsCount":0,"stepsCount":0,"hasContent":true,"attachmentStep":false}],"attachments":[],"parameters":[],"shouldDisplayMessage":false,"attachmentsCount":0,"stepsCount":1,"hasContent":true,"attachmentStep":false},{"name":"Авторизация пользователя в системе","time":{"start":1738865119703,"stop":1738865120220,"duration":517},"status":"broken","statusMessage":"KeyError: 'access_token'\n","statusTrace":"  File \"/usr/local/lib/python3.12/site-packages/pluggy/_callers.py\", line 167, in _multicall\n    teardown.throw(outcome._exception)\n  File \"/usr/local/lib/python3.12/site-packages/_pytest/setuponly.py\", line 36, in pytest_fixture_setup\n    return (yield)\n            ^^^^^\n  File \"/usr/local/lib/python3.12/site-packages/pluggy/_callers.py\", line 103, in _multicall\n    res = hook_impl.function(*args)\n          ^^^^^^^^^^^^^^^^^^^^^^^^^\n  File \"/usr/local/lib/python3.12/site-packages/_pytest/fixtures.py\", line 1140, in pytest_fixture_setup\n    result = call_fixture_func(fixturefunc, request, kwargs)\n             ^^^^^^^^^^^^^^^^^^^^^^^^^^^^^^^^^^^^^^^^^^^^^^^\n  File \"/usr/local/lib/python3.12/site-packages/_pytest/fixtures.py\", line 898, in call_fixture_func\n    fixture_result = fixturefunc(**kwargs)\n                     ^^^^^^^^^^^^^^^^^^^^^\n  File \"/usr/local/lib/python3.12/site-packages/allure_commons/_allure.py\", line 192, in impl\n    return func(*a, **kw)\n           ^^^^^^^^^^^^^^\n  File \"/usr/workspace/conftest.py\", line 53, in login_to_app\n    login_page.user(User.LOGIN, User.PASSWORD)\n  File \"/usr/workspace/model/api/authorization.py\", line 30, in user\n    access_token = response.json()[\"access_token\"]\n                   ~~~~~~~~~~~~~~~^^^^^^^^^^^^^^^^\n","steps":[{"name":"Авторизация пользователя в системе","time":{"start":1738865119703,"stop":1738865120220,"duration":517},"status":"broken","statusMessage":"KeyError: 'access_token'\n","statusTrace":"  File \"/usr/local/lib/python3.12/site-packages/allure_commons/_allure.py\", line 192, in impl\n    return func(*a, **kw)\n           ^^^^^^^^^^^^^^\n  File \"/usr/workspace/conftest.py\", line 53, in login_to_app\n    login_page.user(User.LOGIN, User.PASSWORD)\n  File \"/usr/workspace/model/api/authorization.py\", line 30, in user\n    access_token = response.json()[\"access_token\"]\n                   ~~~~~~~~~~~~~~~^^^^^^^^^^^^^^^^\n","steps":[],"attachments":[],"parameters":[{"name":"request","value":"<SubRequest 'login_to_app' for <Function test_unblocking_user>>"},{"name":"driver","value":"<selenium.webdriver.chrome.webdriver.WebDriver (session=\"9ab644051fce5cfc617edb41758a2887\")>"}],"shouldDisplayMessage":true,"attachmentsCount":0,"stepsCount":0,"hasContent":true,"attachmentStep":false}],"attachments":[],"parameters":[],"shouldDisplayMessage":false,"attachmentsCount":0,"stepsCount":1,"hasContent":true,"attachmentStep":false}],"afterStages":[{"name":"driver::0","time":{"start":1738865120227,"stop":1738865120402,"duration":175},"status":"passed","steps":[],"attachments":[{"uid":"3679e7d60b85c22","name":"page_source","source":"3679e7d60b85c22.html","type":"text/html","size":39},{"uid":"830f02e2d897afeb","name":"screenshot","source":"830f02e2d897afeb.png","type":"image/png","size":10592},{"uid":"4aeebd09ebf78b7a","name":"browser_logs","source":"4aeebd09ebf78b7a.txt","type":"text/plain","size":0}],"parameters":[],"shouldDisplayMessage":false,"attachmentsCount":3,"stepsCount":0,"hasContent":true,"attachmentStep":false}],"labels":[{"name":"feature","value":"Редактирование профиля"},{"name":"severity","value":"Critical"},{"name":"tag","value":"regression"},{"name":"tag","value":"editing_profile"},{"name":"parentSuite","value":"tests"},{"name":"suite","value":"test_editing_profile"},{"name":"subSuite","value":"TestEditingProfile"},{"name":"host","value":"6af98febc332"},{"name":"thread","value":"1-MainThread"},{"name":"framework","value":"pytest"},{"name":"language","value":"cpython3"},{"name":"package","value":"tests.test_editing_profile"},{"name":"resultFormat","value":"allure2"}],"parameters":[],"links":[],"hidden":false,"retry":false,"extra":{"severity":"critical","retries":[],"categories":[{"name":"Test defects","matchedStatuses":[],"flaky":false}],"history":{"statistic":{"failed":0,"broken":17,"skipped":0,"passed":17,"unknown":0,"total":34},"items":[{"uid":"5f6aafed3a4417f0","status":"broken","statusDetails":"selenium.common.exceptions.TimeoutException: Message:","time":{"start":1738268888555,"stop":1738268902660,"duration":14105}},{"uid":"a22ee879b09fce5","status":"broken","statusDetails":"selenium.common.exceptions.TimeoutException: Message:","time":{"start":1738099317552,"stop":1738099331719,"duration":14167}},{"uid":"8de70558845f4979","status":"broken","statusDetails":"selenium.common.exceptions.TimeoutException: Message:","time":{"start":1738005330843,"stop":1738005343623,"duration":12780}},{"uid":"d528efc0beb9f207","status":"broken","statusDetails":"selenium.common.exceptions.TimeoutException: Message:","time":{"start":1738002636064,"stop":1738002648711,"duration":12647}},{"uid":"524d16c6ca1277ae","status":"broken","statusDetails":"urllib3.exceptions.ReadTimeoutError: HTTPConnectionPool(host='localhost', port=44039): Read timed out. (read timeout=120)","time":{"start":1737929624044,"stop":1737929624044,"duration":0}},{"uid":"1feed7301f775c1c","status":"broken","statusDetails":"selenium.common.exceptions.TimeoutException: Message:","time":{"start":1737842942565,"stop":1737842955555,"duration":12990}},{"uid":"87f95e1e72941ebf","status":"broken","statusDetails":"selenium.common.exceptions.TimeoutException: Message:","time":{"start":1737832202032,"stop":1737832215135,"duration":13103}},{"uid":"de7f9730474c44eb","status":"broken","statusDetails":"selenium.common.exceptions.TimeoutException: Message:","time":{"start":1737799503970,"stop":1737799516681,"duration":12711}},{"uid":"6aff0351fc563dd2","status":"broken","statusDetails":"selenium.common.exceptions.TimeoutException: Message:","time":{"start":1737757778684,"stop":1737757792535,"duration":13851}},{"uid":"9cddaa85ed96931","status":"broken","statusDetails":"selenium.common.exceptions.TimeoutException: Message:","time":{"start":1737744762167,"stop":1737744774763,"duration":12596}},{"uid":"a432eaf21d96b9e9","status":"broken","statusDetails":"selenium.common.exceptions.TimeoutException: Message:","time":{"start":1737652627126,"stop":1737652640022,"duration":12896}},{"uid":"6bb50fce51712426","status":"broken","statusDetails":"selenium.common.exceptions.TimeoutException: Message:","time":{"start":1737570278834,"stop":1737570293463,"duration":14629}},{"uid":"9641a0321c61b855","status":"broken","statusDetails":"selenium.common.exceptions.WebDriverException: Message: unknown error: Chrome failed to start: exited abnormally.\n  (unknown error: DevToolsActivePort file doesn't exist)\n  (The process started from chrome location /usr/bin/chromium-browser is no longer running, so ChromeDriver is assuming that Chrome has crashed.)","time":{"start":1737568964102,"stop":1737568964102,"duration":0}},{"uid":"faf0eefd9400358e","status":"passed","time":{"start":1734034611575,"stop":1734034618104,"duration":6529}},{"uid":"b7f3277c7d4c47b","status":"passed","time":{"start":1733937268947,"stop":1733937275881,"duration":6934}},{"uid":"d7add9b9c6025de3","status":"passed","time":{"start":1733865838831,"stop":1733865847204,"duration":8373}},{"uid":"3d369444f549188b","status":"broken","statusDetails":"selenium.common.exceptions.TimeoutException: Message: Не найден элемент с локатором ('xpath', '//button[@data-testing=\"after_register_dialog__btn_choose_later\"]')","time":{"start":1733860269518,"stop":1733860269518,"duration":0}},{"uid":"d7e2d35c65c3eb1f","status":"broken","statusDetails":"selenium.common.exceptions.TimeoutException: Message: Не найден элемент с локатором ('xpath', '//button[@data-testing=\"after_register_dialog__btn_choose_later\"]')","time":{"start":1733856852388,"stop":1733856852388,"duration":0}},{"uid":"5bbb92d3c42cd1a0","status":"passed","time":{"start":1733771756475,"stop":1733771763649,"duration":7174}},{"uid":"429f5cde46328a2a","status":"passed","time":{"start":1733766140699,"stop":1733766156881,"duration":16182}}]},"tags":["editing_profile","regression"]},"source":"9d5be417a73f3eed.json","parameterValues":[]}