{"uid":"9e55b455677e9af9","name":"Проверка при нажатии в поп ап Избранное открывается страница избранного пользователя","fullName":"tests.test_menu_profile.TestMenuProfile#test_pop_up_menu_click_button_favorite","historyId":"2d54d5f2e40b02b64ea882035ec6de3a","time":{"start":1738865199765,"stop":1738865199765,"duration":0},"description":"Проверяется на пользователе Aleska","descriptionHtml":"<p>Проверяется на пользователе Aleska</p>\n","status":"broken","statusMessage":"KeyError: 'access_token'","statusTrace":"request = <SubRequest 'login_to_app' for <Function test_pop_up_menu_click_button_favorite>>\ndriver = <selenium.webdriver.chrome.webdriver.WebDriver (session=\"650adcd5c1b0f3cf4fec72c216ccc951\")>\n\n    @pytest.fixture(scope='function')\n    @allure.title('Авторизация пользователя в системе')\n    @allure.step('Авторизация пользователя в системе')\n    def login_to_app(request, driver):\n        \"\"\" Фикстура Логина в систему \"\"\"\n        login_page = ApiAuthorization(driver)\n>       login_page.user(User.LOGIN, User.PASSWORD)\n\nconftest.py:53: \n_ _ _ _ _ _ _ _ _ _ _ _ _ _ _ _ _ _ _ _ _ _ _ _ _ _ _ _ _ _ _ _ _ _ _ _ _ _ _ _ \n\nself = <model.api.authorization.ApiAuthorization object at 0x7f0ee2e15fa0>\nusername = 'Aleska', password = 'qwe123'\n\n    def user(self, username: str, password: str) -> None:\n        \"\"\"\n        Метод авторизации пользователя по средствам API.\n    \n        :param username: Логин пользователя\n        :param password: Пароль пользователя\n        \"\"\"\n        headers = {\n            'X-Client-Id': 'round',\n            'X-Client-Type': 'web',\n            'X-Language': 'ru'\n        }\n        data = {\n            'client_id': 'Krujok.Online.Mobile',\n            'grant_type': 'password',\n            'username': username,\n            'password': password\n        }\n    \n        response = requests.post(url=Api.TOKEN, headers=headers, data=data)\n>       access_token = response.json()[\"access_token\"]\nE       KeyError: 'access_token'\n\nmodel/api/authorization.py:30: KeyError","flaky":false,"newFailed":false,"newBroken":true,"newPassed":false,"retriesCount":0,"retriesStatusChange":false,"beforeStages":[{"name":"_session_faker","time":{"start":1738864340794,"stop":1738864340795,"duration":1},"status":"passed","steps":[],"attachments":[],"parameters":[],"shouldDisplayMessage":false,"attachmentsCount":0,"stepsCount":0,"hasContent":false,"attachmentStep":false},{"name":"driver","time":{"start":1738865199766,"stop":1738865200180,"duration":414},"status":"passed","steps":[],"attachments":[],"parameters":[],"shouldDisplayMessage":false,"attachmentsCount":0,"stepsCount":0,"hasContent":false,"attachmentStep":false},{"name":"Инициализация локаторов","time":{"start":1738865200180,"stop":1738865200180,"duration":0},"status":"passed","steps":[{"name":"Инициализация локаторов","time":{"start":1738865200180,"stop":1738865200180,"duration":0},"status":"passed","steps":[],"attachments":[],"parameters":[{"name":"request","value":"<SubRequest 'elements' for <Function test_pop_up_menu_click_button_favorite>>"}],"shouldDisplayMessage":false,"attachmentsCount":0,"stepsCount":0,"hasContent":true,"attachmentStep":false}],"attachments":[],"parameters":[],"shouldDisplayMessage":false,"attachmentsCount":0,"stepsCount":1,"hasContent":true,"attachmentStep":false},{"name":"setup","time":{"start":1738865200180,"stop":1738865200180,"duration":0},"status":"passed","steps":[],"attachments":[],"parameters":[],"shouldDisplayMessage":false,"attachmentsCount":0,"stepsCount":0,"hasContent":false,"attachmentStep":false},{"name":"Авторизация пользователя в системе","time":{"start":1738865200180,"stop":1738865200689,"duration":509},"status":"broken","statusMessage":"KeyError: 'access_token'\n","statusTrace":"  File \"/usr/local/lib/python3.12/site-packages/pluggy/_callers.py\", line 167, in _multicall\n    teardown.throw(outcome._exception)\n  File \"/usr/local/lib/python3.12/site-packages/_pytest/setuponly.py\", line 36, in pytest_fixture_setup\n    return (yield)\n            ^^^^^\n  File \"/usr/local/lib/python3.12/site-packages/pluggy/_callers.py\", line 103, in _multicall\n    res = hook_impl.function(*args)\n          ^^^^^^^^^^^^^^^^^^^^^^^^^\n  File \"/usr/local/lib/python3.12/site-packages/_pytest/fixtures.py\", line 1140, in pytest_fixture_setup\n    result = call_fixture_func(fixturefunc, request, kwargs)\n             ^^^^^^^^^^^^^^^^^^^^^^^^^^^^^^^^^^^^^^^^^^^^^^^\n  File \"/usr/local/lib/python3.12/site-packages/_pytest/fixtures.py\", line 898, in call_fixture_func\n    fixture_result = fixturefunc(**kwargs)\n                     ^^^^^^^^^^^^^^^^^^^^^\n  File \"/usr/local/lib/python3.12/site-packages/allure_commons/_allure.py\", line 192, in impl\n    return func(*a, **kw)\n           ^^^^^^^^^^^^^^\n  File \"/usr/workspace/conftest.py\", line 53, in login_to_app\n    login_page.user(User.LOGIN, User.PASSWORD)\n  File \"/usr/workspace/model/api/authorization.py\", line 30, in user\n    access_token = response.json()[\"access_token\"]\n                   ~~~~~~~~~~~~~~~^^^^^^^^^^^^^^^^\n","steps":[{"name":"Авторизация пользователя в системе","time":{"start":1738865200180,"stop":1738865200688,"duration":508},"status":"broken","statusMessage":"KeyError: 'access_token'\n","statusTrace":"  File \"/usr/local/lib/python3.12/site-packages/allure_commons/_allure.py\", line 192, in impl\n    return func(*a, **kw)\n           ^^^^^^^^^^^^^^\n  File \"/usr/workspace/conftest.py\", line 53, in login_to_app\n    login_page.user(User.LOGIN, User.PASSWORD)\n  File \"/usr/workspace/model/api/authorization.py\", line 30, in user\n    access_token = response.json()[\"access_token\"]\n                   ~~~~~~~~~~~~~~~^^^^^^^^^^^^^^^^\n","steps":[],"attachments":[],"parameters":[{"name":"request","value":"<SubRequest 'login_to_app' for <Function test_pop_up_menu_click_button_favorite>>"},{"name":"driver","value":"<selenium.webdriver.chrome.webdriver.WebDriver (session=\"650adcd5c1b0f3cf4fec72c216ccc951\")>"}],"shouldDisplayMessage":true,"attachmentsCount":0,"stepsCount":0,"hasContent":true,"attachmentStep":false}],"attachments":[],"parameters":[],"shouldDisplayMessage":false,"attachmentsCount":0,"stepsCount":1,"hasContent":true,"attachmentStep":false}],"afterStages":[{"name":"driver::0","time":{"start":1738865200695,"stop":1738865200881,"duration":186},"status":"passed","steps":[],"attachments":[{"uid":"204c3117e5bba5f6","name":"page_source","source":"204c3117e5bba5f6.html","type":"text/html","size":39},{"uid":"b637df0e45c6f1fb","name":"screenshot","source":"b637df0e45c6f1fb.png","type":"image/png","size":10592},{"uid":"635f0b8929be79ae","name":"browser_logs","source":"635f0b8929be79ae.txt","type":"text/plain","size":0}],"parameters":[],"shouldDisplayMessage":false,"attachmentsCount":3,"stepsCount":0,"hasContent":true,"attachmentStep":false}],"labels":[{"name":"feature","value":"Меню профиля"},{"name":"severity","value":"Critical"},{"name":"tag","value":"regression"},{"name":"tag","value":"menu_profile"},{"name":"parentSuite","value":"tests"},{"name":"suite","value":"test_menu_profile"},{"name":"subSuite","value":"TestMenuProfile"},{"name":"host","value":"6af98febc332"},{"name":"thread","value":"1-MainThread"},{"name":"framework","value":"pytest"},{"name":"language","value":"cpython3"},{"name":"package","value":"tests.test_menu_profile"},{"name":"resultFormat","value":"allure2"}],"parameters":[],"links":[],"hidden":false,"retry":false,"extra":{"severity":"critical","retries":[],"categories":[{"name":"Test defects","matchedStatuses":[],"flaky":false}],"history":{"statistic":{"failed":2,"broken":5,"skipped":0,"passed":34,"unknown":0,"total":41},"items":[{"uid":"5f6039b8150234f3","status":"passed","time":{"start":1738269082372,"stop":1738269085094,"duration":2722}},{"uid":"b9f92fef6104050a","status":"passed","time":{"start":1738099545243,"stop":1738099549475,"duration":4232}},{"uid":"2304d2b03b09c09f","status":"passed","time":{"start":1738005498520,"stop":1738005501218,"duration":2698}},{"uid":"510393cd9467176f","status":"passed","time":{"start":1738002792210,"stop":1738002795390,"duration":3180}},{"uid":"e223d47306a942aa","status":"broken","statusDetails":"selenium.common.exceptions.TimeoutException: Message: Не найден элемент с локатором ('xpath', '//div[@class=\"onboarding_container__mDp2D\"]')","time":{"start":1737930837523,"stop":1737930837523,"duration":0}},{"uid":"cc56609c29506366","status":"passed","time":{"start":1737843151240,"stop":1737843154448,"duration":3208}},{"uid":"3a24e2385bf59f8c","status":"passed","time":{"start":1737832351133,"stop":1737832355391,"duration":4258}},{"uid":"9dd1391131821ec8","status":"passed","time":{"start":1737799713118,"stop":1737799717390,"duration":4272}},{"uid":"c79ad04f11c87553","status":"passed","time":{"start":1737757941940,"stop":1737757946209,"duration":4269}},{"uid":"d6fd48ff0eec7df7","status":"passed","time":{"start":1737744942960,"stop":1737744947165,"duration":4205}},{"uid":"3f2e3fcc9aa68668","status":"failed","statusDetails":"AssertionError: Ожидался текст: 'Избранное', отображается текст: 'Aleska'","time":{"start":1737652795096,"stop":1737652797824,"duration":2728}},{"uid":"2b277a8105b8671f","status":"failed","statusDetails":"AssertionError: Ожидался текст: 'Избранное', отображается текст: 'Aleska'","time":{"start":1737570505077,"stop":1737570506879,"duration":1802}},{"uid":"aaa3b073ca72ca74","status":"broken","statusDetails":"selenium.common.exceptions.WebDriverException: Message: unknown error: Chrome failed to start: exited abnormally.\n  (unknown error: DevToolsActivePort file doesn't exist)\n  (The process started from chrome location /usr/bin/chromium-browser is no longer running, so ChromeDriver is assuming that Chrome has crashed.)","time":{"start":1737568966127,"stop":1737568966127,"duration":0}},{"uid":"d43c314600f7a135","status":"passed","time":{"start":1734034770167,"stop":1734034774720,"duration":4553}},{"uid":"e3c386a2fd0b4aa7","status":"passed","time":{"start":1733937427853,"stop":1733937430550,"duration":2697}},{"uid":"58594d302caacd29","status":"passed","time":{"start":1733866054967,"stop":1733866057148,"duration":2181}},{"uid":"ae11f556b0d175a3","status":"broken","statusDetails":"selenium.common.exceptions.TimeoutException: Message: Не найден элемент с локатором ('xpath', '//button[@data-testing=\"after_register_dialog__btn_choose_later\"]')","time":{"start":1733860419798,"stop":1733860419798,"duration":0}},{"uid":"10a903cf5f645b3f","status":"passed","time":{"start":1733857031959,"stop":1733857034157,"duration":2198}},{"uid":"cc6a767d60f4f477","status":"passed","time":{"start":1733771915695,"stop":1733771918449,"duration":2754}},{"uid":"c1ff7ca7c29ee836","status":"passed","time":{"start":1733766369883,"stop":1733766372941,"duration":3058}}]},"tags":["regression","menu_profile"]},"source":"9e55b455677e9af9.json","parameterValues":[]}