{"uid":"a4c27f351ffe01c1","name":"Проверка валидации поля \"Пароль\" при вводе пароля от 6 букв","fullName":"tests.test_registration.TestRegistrationUser#test_validation_of_the_password_field_when_entering_a_password_of_6_letters_or_more","historyId":"24977439964d17169fc1d588c50287f5","time":{"start":1733866551561,"stop":1733866588648,"duration":37087},"status":"broken","statusMessage":"selenium.common.exceptions.TimeoutException: Message: Не найден элемент с локатором ('xpath', '//input[@name=\"password\"]')","statusTrace":"self = <test_registration.TestRegistrationUser object at 0x7fcba3b42600>\nelements = {'Банк ачивок': {'Блок ачивок': ('xpath', '//div[contains(@class,\"user-achievement-by-interests_container\")]'), 'Модал...-sheet_icons\")]'), 'Название ачивки': ('xpath', '//div[contains(@class,\"achievement-item-bottom-sheet_title\")]')}, ...}\n\n    @allure.title('Проверка валидации поля \"Пароль\" при вводе пароля от 6 букв')\n    @allure.severity('Critical')\n    @pytest.mark.regression\n    def test_validation_of_the_password_field_when_entering_a_password_of_6_letters_or_more(self, elements):\n        with allure.step('Открыть страницу авторизации'):\n            self.authorization_page.open()\n            element = elements['Страница авторизации']\n    \n        with allure.step('Нажать кнопку \"По смс (Для России)\"'):\n            self.authorization_page.do_click(element['Кнопка по смс'])\n    \n        with allure.step('Нажать кнопку Далее'):\n            element = elements['Страница регистрации']\n            self.join_page.do_click(element['Кнопка далее'])\n    \n        with allure.step('В поле никнейм ввести любое валидное значение'):\n            username = f'-{fake.user_name()}.{fake.pyint(min_value=1, max_value=2)}_'\n            self.join_page.field_send_keys(element['Поле никнейм'], text=f'{username}')\n    \n        with allure.step('Нажать кнопку Далее'):\n            self.join_page.do_click(element['Кнопка далее'])\n    \n        with allure.step('В поле Пароль ввести пароль'):\n            password = fake.pystr(min_chars=6, max_chars=128)\n>           self.join_page.field_send_keys(element['Поле пароль'], text=password)\n\ntests/test_registration.py:498: \n_ _ _ _ _ _ _ _ _ _ _ _ _ _ _ _ _ _ _ _ _ _ _ _ _ _ _ _ _ _ _ _ _ _ _ _ _ _ _ _ \nbase/base_page.py:127: in field_send_keys\n    element = self.find_element(locator)\nbase/base_page.py:140: in find_element\n    return self.wait.until(EC.visibility_of_element_located(locator),\n_ _ _ _ _ _ _ _ _ _ _ _ _ _ _ _ _ _ _ _ _ _ _ _ _ _ _ _ _ _ _ _ _ _ _ _ _ _ _ _ \n\nself = <selenium.webdriver.support.wait.WebDriverWait (session=\"82e96542af2d9b11493b17d7d92c4619\")>\nmethod = <function visibility_of_element_located.<locals>._predicate at 0x7fcba4de5580>\nmessage = 'Не найден элемент с локатором (\\'xpath\\', \\'//input[@name=\"password\"]\\')'\n\n    def until(self, method: Callable[[D], Union[Literal[False], T]], message: str = \"\") -> T:\n        \"\"\"Calls the method provided with the driver as an argument until the \\\n        return value does not evaluate to ``False``.\n    \n        :param method: callable(WebDriver)\n        :param message: optional message for :exc:`TimeoutException`\n        :returns: the result of the last call to `method`\n        :raises: :exc:`selenium.common.exceptions.TimeoutException` if timeout occurs\n        \"\"\"\n        screen = None\n        stacktrace = None\n    \n        end_time = time.monotonic() + self._timeout\n        while True:\n            try:\n                value = method(self._driver)\n                if value:\n                    return value\n            except self._ignored_exceptions as exc:\n                screen = getattr(exc, \"screen\", None)\n                stacktrace = getattr(exc, \"stacktrace\", None)\n            if time.monotonic() > end_time:\n                break\n            time.sleep(self._poll)\n>       raise TimeoutException(message, screen, stacktrace)\nE       selenium.common.exceptions.TimeoutException: Message: Не найден элемент с локатором ('xpath', '//input[@name=\"password\"]')\n\n../local/lib/python3.12/site-packages/selenium/webdriver/support/wait.py:105: TimeoutException","flaky":false,"newFailed":false,"newBroken":false,"newPassed":false,"retriesCount":0,"retriesStatusChange":false,"beforeStages":[{"name":"_session_faker","time":{"start":1733864800333,"stop":1733864800334,"duration":1},"status":"passed","steps":[],"attachments":[],"parameters":[],"shouldDisplayMessage":false,"attachmentsCount":0,"stepsCount":0,"hasContent":false,"attachmentStep":false},{"name":"driver","time":{"start":1733866551123,"stop":1733866551559,"duration":436},"status":"passed","steps":[],"attachments":[],"parameters":[],"shouldDisplayMessage":false,"attachmentsCount":0,"stepsCount":0,"hasContent":false,"attachmentStep":false},{"name":"Инициализация локаторов","time":{"start":1733866551559,"stop":1733866551561,"duration":2},"status":"passed","steps":[{"name":"Инициализация локаторов","time":{"start":1733866551561,"stop":1733866551561,"duration":0},"status":"passed","steps":[],"attachments":[],"parameters":[{"name":"request","value":"<SubRequest 'elements' for <Function test_validation_of_the_password_field_when_entering_a_password_of_6_letters_or_more>>"}],"shouldDisplayMessage":false,"attachmentsCount":0,"stepsCount":0,"hasContent":true,"attachmentStep":false}],"attachments":[],"parameters":[],"shouldDisplayMessage":false,"attachmentsCount":0,"stepsCount":1,"hasContent":true,"attachmentStep":false},{"name":"setup","time":{"start":1733866551559,"stop":1733866551559,"duration":0},"status":"passed","steps":[],"attachments":[],"parameters":[],"shouldDisplayMessage":false,"attachmentsCount":0,"stepsCount":0,"hasContent":false,"attachmentStep":false}],"testStage":{"status":"broken","statusMessage":"selenium.common.exceptions.TimeoutException: Message: Не найден элемент с локатором ('xpath', '//input[@name=\"password\"]')","statusTrace":"self = <test_registration.TestRegistrationUser object at 0x7fcba3b42600>\nelements = {'Банк ачивок': {'Блок ачивок': ('xpath', '//div[contains(@class,\"user-achievement-by-interests_container\")]'), 'Модал...-sheet_icons\")]'), 'Название ачивки': ('xpath', '//div[contains(@class,\"achievement-item-bottom-sheet_title\")]')}, ...}\n\n    @allure.title('Проверка валидации поля \"Пароль\" при вводе пароля от 6 букв')\n    @allure.severity('Critical')\n    @pytest.mark.regression\n    def test_validation_of_the_password_field_when_entering_a_password_of_6_letters_or_more(self, elements):\n        with allure.step('Открыть страницу авторизации'):\n            self.authorization_page.open()\n            element = elements['Страница авторизации']\n    \n        with allure.step('Нажать кнопку \"По смс (Для России)\"'):\n            self.authorization_page.do_click(element['Кнопка по смс'])\n    \n        with allure.step('Нажать кнопку Далее'):\n            element = elements['Страница регистрации']\n            self.join_page.do_click(element['Кнопка далее'])\n    \n        with allure.step('В поле никнейм ввести любое валидное значение'):\n            username = f'-{fake.user_name()}.{fake.pyint(min_value=1, max_value=2)}_'\n            self.join_page.field_send_keys(element['Поле никнейм'], text=f'{username}')\n    \n        with allure.step('Нажать кнопку Далее'):\n            self.join_page.do_click(element['Кнопка далее'])\n    \n        with allure.step('В поле Пароль ввести пароль'):\n            password = fake.pystr(min_chars=6, max_chars=128)\n>           self.join_page.field_send_keys(element['Поле пароль'], text=password)\n\ntests/test_registration.py:498: \n_ _ _ _ _ _ _ _ _ _ _ _ _ _ _ _ _ _ _ _ _ _ _ _ _ _ _ _ _ _ _ _ _ _ _ _ _ _ _ _ \nbase/base_page.py:127: in field_send_keys\n    element = self.find_element(locator)\nbase/base_page.py:140: in find_element\n    return self.wait.until(EC.visibility_of_element_located(locator),\n_ _ _ _ _ _ _ _ _ _ _ _ _ _ _ _ _ _ _ _ _ _ _ _ _ _ _ _ _ _ _ _ _ _ _ _ _ _ _ _ \n\nself = <selenium.webdriver.support.wait.WebDriverWait (session=\"82e96542af2d9b11493b17d7d92c4619\")>\nmethod = <function visibility_of_element_located.<locals>._predicate at 0x7fcba4de5580>\nmessage = 'Не найден элемент с локатором (\\'xpath\\', \\'//input[@name=\"password\"]\\')'\n\n    def until(self, method: Callable[[D], Union[Literal[False], T]], message: str = \"\") -> T:\n        \"\"\"Calls the method provided with the driver as an argument until the \\\n        return value does not evaluate to ``False``.\n    \n        :param method: callable(WebDriver)\n        :param message: optional message for :exc:`TimeoutException`\n        :returns: the result of the last call to `method`\n        :raises: :exc:`selenium.common.exceptions.TimeoutException` if timeout occurs\n        \"\"\"\n        screen = None\n        stacktrace = None\n    \n        end_time = time.monotonic() + self._timeout\n        while True:\n            try:\n                value = method(self._driver)\n                if value:\n                    return value\n            except self._ignored_exceptions as exc:\n                screen = getattr(exc, \"screen\", None)\n                stacktrace = getattr(exc, \"stacktrace\", None)\n            if time.monotonic() > end_time:\n                break\n            time.sleep(self._poll)\n>       raise TimeoutException(message, screen, stacktrace)\nE       selenium.common.exceptions.TimeoutException: Message: Не найден элемент с локатором ('xpath', '//input[@name=\"password\"]')\n\n../local/lib/python3.12/site-packages/selenium/webdriver/support/wait.py:105: TimeoutException","steps":[{"name":"Открыть страницу авторизации","time":{"start":1733866551561,"stop":1733866554154,"duration":2593},"status":"passed","steps":[],"attachments":[],"parameters":[],"shouldDisplayMessage":false,"attachmentsCount":0,"stepsCount":0,"hasContent":false,"attachmentStep":false},{"name":"Нажать кнопку \"По смс (Для России)\"","time":{"start":1733866554154,"stop":1733866556364,"duration":2210},"status":"passed","steps":[],"attachments":[],"parameters":[],"shouldDisplayMessage":false,"attachmentsCount":0,"stepsCount":0,"hasContent":false,"attachmentStep":false},{"name":"Нажать кнопку Далее","time":{"start":1733866556364,"stop":1733866556913,"duration":549},"status":"passed","steps":[],"attachments":[],"parameters":[],"shouldDisplayMessage":false,"attachmentsCount":0,"stepsCount":0,"hasContent":false,"attachmentStep":false},{"name":"В поле никнейм ввести любое валидное значение","time":{"start":1733866556913,"stop":1733866558481,"duration":1568},"status":"passed","steps":[],"attachments":[],"parameters":[],"shouldDisplayMessage":false,"attachmentsCount":0,"stepsCount":0,"hasContent":false,"attachmentStep":false},{"name":"Нажать кнопку Далее","time":{"start":1733866558481,"stop":1733866558519,"duration":38},"status":"passed","steps":[],"attachments":[],"parameters":[],"shouldDisplayMessage":false,"attachmentsCount":0,"stepsCount":0,"hasContent":false,"attachmentStep":false},{"name":"В поле Пароль ввести пароль","time":{"start":1733866558519,"stop":1733866588648,"duration":30129},"status":"broken","statusMessage":"selenium.common.exceptions.TimeoutException: Message: Не найден элемент с локатором ('xpath', '//input[@name=\"password\"]')\n\n","statusTrace":"  File \"/usr/workspace/tests/test_registration.py\", line 498, in test_validation_of_the_password_field_when_entering_a_password_of_6_letters_or_more\n    self.join_page.field_send_keys(element['Поле пароль'], text=password)\n  File \"/usr/workspace/base/base_page.py\", line 127, in field_send_keys\n    element = self.find_element(locator)\n              ^^^^^^^^^^^^^^^^^^^^^^^^^^\n  File \"/usr/workspace/base/base_page.py\", line 140, in find_element\n    return self.wait.until(EC.visibility_of_element_located(locator),\n           ^^^^^^^^^^^^^^^^^^^^^^^^^^^^^^^^^^^^^^^^^^^^^^^^^^^^^^^^^^\n  File \"/usr/local/lib/python3.12/site-packages/selenium/webdriver/support/wait.py\", line 105, in until\n    raise TimeoutException(message, screen, stacktrace)\n","steps":[],"attachments":[],"parameters":[],"shouldDisplayMessage":true,"attachmentsCount":0,"stepsCount":0,"hasContent":true,"attachmentStep":false}],"attachments":[],"parameters":[],"shouldDisplayMessage":true,"attachmentsCount":0,"stepsCount":6,"hasContent":true,"attachmentStep":false},"afterStages":[{"name":"driver::0","time":{"start":1733866588667,"stop":1733866588857,"duration":190},"status":"passed","steps":[],"attachments":[{"uid":"409c687baceeeabf","name":"page_source","source":"409c687baceeeabf.html","type":"text/html","size":18502},{"uid":"d56f026a677998ff","name":"screenshot","source":"d56f026a677998ff.png","type":"image/png","size":31506},{"uid":"9025c0f18939816d","name":"browser_logs","source":"9025c0f18939816d.txt","type":"text/plain","size":3906}],"parameters":[],"shouldDisplayMessage":false,"attachmentsCount":3,"stepsCount":0,"hasContent":true,"attachmentStep":false}],"labels":[{"name":"severity","value":"Critical"},{"name":"feature","value":"Регистрация пользователя"},{"name":"tag","value":"regression"},{"name":"tag","value":"registration"},{"name":"parentSuite","value":"tests"},{"name":"suite","value":"test_registration"},{"name":"subSuite","value":"TestRegistrationUser"},{"name":"host","value":"f0c727cd35a1"},{"name":"thread","value":"1-MainThread"},{"name":"framework","value":"pytest"},{"name":"language","value":"cpython3"},{"name":"package","value":"tests.test_registration"},{"name":"resultFormat","value":"allure2"}],"parameters":[],"links":[],"hidden":false,"retry":false,"extra":{"severity":"critical","retries":[],"categories":[{"name":"Test defects","matchedStatuses":[],"flaky":false}],"history":{"statistic":{"failed":0,"broken":7,"skipped":0,"passed":30,"unknown":0,"total":37},"items":[{"uid":"80617d158e65d788","status":"broken","statusDetails":"urllib3.exceptions.ReadTimeoutError: HTTPConnectionPool(host='localhost', port=57681): Read timed out. (read timeout=120)","time":{"start":1733860953629,"stop":1733860953629,"duration":0}},{"uid":"974fbd786fb0640d","status":"passed","time":{"start":1733857494477,"stop":1733857503505,"duration":9028}},{"uid":"5e36efde4f7a7ca5","status":"passed","time":{"start":1733772438173,"stop":1733772446545,"duration":8372}},{"uid":"eada132594fd6596","status":"passed","time":{"start":1733766862900,"stop":1733766871404,"duration":8504}},{"uid":"ce88eca7b1837b51","status":"broken","statusDetails":"selenium.common.exceptions.TimeoutException: Message:","time":{"start":1733422474602,"stop":1733422487817,"duration":13215}},{"uid":"94b0f9e7301d5f04","status":"broken","statusDetails":"selenium.common.exceptions.TimeoutException: Message:","time":{"start":1726780786767,"stop":1726780798722,"duration":11955}},{"uid":"f7d19596f477a4ef","status":"broken","statusDetails":"selenium.common.exceptions.TimeoutException: Message:","time":{"start":1726777566045,"stop":1726777578965,"duration":12920}},{"uid":"f2201554973265ee","status":"passed","time":{"start":1724099325210,"stop":1724099333173,"duration":7963}},{"uid":"3681fae61e90a25","status":"passed","time":{"start":1723829663082,"stop":1723829672385,"duration":9303}},{"uid":"dcc5ebaa0a6819f3","status":"passed","time":{"start":1723751800381,"stop":1723751807875,"duration":7494}},{"uid":"cab11aa0112ccc8c","status":"passed","time":{"start":1723742282146,"stop":1723742289176,"duration":7030}},{"uid":"625d77d3e0ce932","status":"passed","time":{"start":1723664687937,"stop":1723664695294,"duration":7357}},{"uid":"3a9aec9042196596","status":"passed","time":{"start":1723579403425,"stop":1723579411374,"duration":7949}},{"uid":"4e46376983a717e4","status":"passed","time":{"start":1723496563773,"stop":1723496570574,"duration":6801}},{"uid":"1ef55e2ba7777f36","status":"passed","time":{"start":1723150363128,"stop":1723150371186,"duration":8058}},{"uid":"51a1ae6b6136ab06","status":"passed","time":{"start":1723149045686,"stop":1723149053527,"duration":7841}},{"uid":"f8abbc414a2f80cb","status":"passed","time":{"start":1723147286885,"stop":1723147294729,"duration":7844}},{"uid":"fd95e6e8a8fa33b6","status":"passed","time":{"start":1723065512640,"stop":1723065520644,"duration":8004}},{"uid":"18fa9a1b58915416","status":"passed","time":{"start":1722977079125,"stop":1722977087286,"duration":8161}},{"uid":"fb559860ca4ec09f","status":"passed","time":{"start":1722892294032,"stop":1722892305085,"duration":11053}}]},"tags":["regression","registration"]},"source":"a4c27f351ffe01c1.json","parameterValues":[]}