{"uid":"a4e1c1aa505fba0c","name":"Проверка валидации поля никнейм при вводе более 16 символов","fullName":"tests.test_registration.TestRegistrationUser#test_validation_field_nickname_when_entering_more_than_16_characters","historyId":"20b9ae816578b0eb512e4a2fa4b7f2a4","time":{"start":1737568970389,"stop":1737568970389,"duration":0},"status":"broken","statusMessage":"selenium.common.exceptions.WebDriverException: Message: unknown error: Chrome failed to start: exited abnormally.\n  (unknown error: DevToolsActivePort file doesn't exist)\n  (The process started from chrome location /usr/bin/chromium-browser is no longer running, so ChromeDriver is assuming that Chrome has crashed.)","statusTrace":"request = <SubRequest 'driver' for <Function test_validation_field_nickname_when_entering_more_than_16_characters>>\n\n    @pytest.fixture(autouse=True, scope='function')\n    def driver(request):\n        chrome_options = Options()\n        chrome_options.add_argument('--window-size=1920,1080')  # размер окна is 1920x1080\n        # chrome_options.add_argument('--no-sandbox')  # no sandbox\n        chrome_options.add_argument('--disable-dev-shm-usage')  # overcome limited resource problems\n        # chrome_options.add_argument('--incognito')  # режим инкогнито\n        # chrome_options.add_argument('--headless')  # режим без UI\n        # chrome_options.add_argument('--ignore-certificate-errors')  # режим игнорирования сертификата\n>       driver = webdriver.Chrome(options=chrome_options)\n\nconftest.py:23: \n_ _ _ _ _ _ _ _ _ _ _ _ _ _ _ _ _ _ _ _ _ _ _ _ _ _ _ _ _ _ _ _ _ _ _ _ _ _ _ _ \n../local/lib/python3.12/site-packages/selenium/webdriver/chrome/webdriver.py:45: in __init__\n    super().__init__(\n../local/lib/python3.12/site-packages/selenium/webdriver/chromium/webdriver.py:66: in __init__\n    super().__init__(command_executor=executor, options=options)\n../local/lib/python3.12/site-packages/selenium/webdriver/remote/webdriver.py:241: in __init__\n    self.start_session(capabilities)\n../local/lib/python3.12/site-packages/selenium/webdriver/remote/webdriver.py:329: in start_session\n    response = self.execute(Command.NEW_SESSION, caps)[\"value\"]\n../local/lib/python3.12/site-packages/selenium/webdriver/remote/webdriver.py:384: in execute\n    self.error_handler.check_response(response)\n_ _ _ _ _ _ _ _ _ _ _ _ _ _ _ _ _ _ _ _ _ _ _ _ _ _ _ _ _ _ _ _ _ _ _ _ _ _ _ _ \n\nself = <selenium.webdriver.remote.errorhandler.ErrorHandler object at 0x7fd55b217dd0>\nresponse = {'status': 500, 'value': '{\"value\":{\"error\":\"unknown error\",\"message\":\"unknown error: Chrome failed to start: exited a...r/bin/chromium-browser is no longer running, so ChromeDriver is assuming that Chrome has crashed.)\",\"stacktrace\":\"\"}}'}\n\n    def check_response(self, response: Dict[str, Any]) -> None:\n        \"\"\"Checks that a JSON response from the WebDriver does not have an\n        error.\n    \n        :Args:\n         - response - The JSON response from the WebDriver server as a dictionary\n           object.\n    \n        :Raises: If the response contains an error message.\n        \"\"\"\n        status = response.get(\"status\", None)\n        if not status or status == ErrorCode.SUCCESS:\n            return\n        value = None\n        message = response.get(\"message\", \"\")\n        screen: str = response.get(\"screen\", \"\")\n        stacktrace = None\n        if isinstance(status, int):\n            value_json = response.get(\"value\", None)\n            if value_json and isinstance(value_json, str):\n                import json\n    \n                try:\n                    value = json.loads(value_json)\n                    if len(value) == 1:\n                        value = value[\"value\"]\n                    status = value.get(\"error\", None)\n                    if not status:\n                        status = value.get(\"status\", ErrorCode.UNKNOWN_ERROR)\n                        message = value.get(\"value\") or value.get(\"message\")\n                        if not isinstance(message, str):\n                            value = message\n                            message = message.get(\"message\")\n                    else:\n                        message = value.get(\"message\", None)\n                except ValueError:\n                    pass\n    \n        exception_class: Type[WebDriverException]\n        e = ErrorCode()\n        error_codes = [item for item in dir(e) if not item.startswith(\"__\")]\n        for error_code in error_codes:\n            error_info = getattr(ErrorCode, error_code)\n            if isinstance(error_info, list) and status in error_info:\n                exception_class = getattr(ExceptionMapping, error_code, WebDriverException)\n                break\n        else:\n            exception_class = WebDriverException\n    \n        if not value:\n            value = response[\"value\"]\n        if isinstance(value, str):\n            raise exception_class(value)\n        if message == \"\" and \"message\" in value:\n            message = value[\"message\"]\n    \n        screen = None  # type: ignore[assignment]\n        if \"screen\" in value:\n            screen = value[\"screen\"]\n    \n        stacktrace = None\n        st_value = value.get(\"stackTrace\") or value.get(\"stacktrace\")\n        if st_value:\n            if isinstance(st_value, str):\n                stacktrace = st_value.split(\"\\n\")\n            else:\n                stacktrace = []\n                try:\n                    for frame in st_value:\n                        line = frame.get(\"lineNumber\", \"\")\n                        file = frame.get(\"fileName\", \"<anonymous>\")\n                        if line:\n                            file = f\"{file}:{line}\"\n                        meth = frame.get(\"methodName\", \"<anonymous>\")\n                        if \"className\" in frame:\n                            meth = f\"{frame['className']}.{meth}\"\n                        msg = \"    at %s (%s)\"\n                        msg = msg % (meth, file)\n                        stacktrace.append(msg)\n                except TypeError:\n                    pass\n        if exception_class == UnexpectedAlertPresentException:\n            alert_text = None\n            if \"data\" in value:\n                alert_text = value[\"data\"].get(\"text\")\n            elif \"alert\" in value:\n                alert_text = value[\"alert\"].get(\"text\")\n            raise exception_class(message, screen, stacktrace, alert_text)  # type: ignore[call-arg]  # mypy is not smart enough here\n>       raise exception_class(message, screen, stacktrace)\nE       selenium.common.exceptions.WebDriverException: Message: unknown error: Chrome failed to start: exited abnormally.\nE         (unknown error: DevToolsActivePort file doesn't exist)\nE         (The process started from chrome location /usr/bin/chromium-browser is no longer running, so ChromeDriver is assuming that Chrome has crashed.)\n\n../local/lib/python3.12/site-packages/selenium/webdriver/remote/errorhandler.py:232: WebDriverException","flaky":false,"newFailed":false,"newBroken":true,"newPassed":false,"retriesCount":0,"retriesStatusChange":false,"beforeStages":[{"name":"_session_faker","time":{"start":1737568955067,"stop":1737568955068,"duration":1},"status":"passed","steps":[],"attachments":[],"parameters":[],"shouldDisplayMessage":false,"attachmentsCount":0,"stepsCount":0,"hasContent":false,"attachmentStep":false},{"name":"driver","time":{"start":1737568970389,"stop":1737568970581,"duration":192},"status":"broken","statusMessage":"selenium.common.exceptions.WebDriverException: Message: unknown error: Chrome failed to start: exited abnormally.\n  (unknown error: DevToolsActivePort file doesn't exist)\n  (The process started from chrome location /usr/bin/chromium-browser is no longer running, so ChromeDriver is assuming that Chrome has crashed.)\n\n","statusTrace":"  File \"/usr/local/lib/python3.12/site-packages/pluggy/_callers.py\", line 167, in _multicall\n    teardown.throw(outcome._exception)\n  File \"/usr/local/lib/python3.12/site-packages/_pytest/setuponly.py\", line 36, in pytest_fixture_setup\n    return (yield)\n            ^^^^^\n  File \"/usr/local/lib/python3.12/site-packages/pluggy/_callers.py\", line 103, in _multicall\n    res = hook_impl.function(*args)\n          ^^^^^^^^^^^^^^^^^^^^^^^^^\n  File \"/usr/local/lib/python3.12/site-packages/_pytest/fixtures.py\", line 1140, in pytest_fixture_setup\n    result = call_fixture_func(fixturefunc, request, kwargs)\n             ^^^^^^^^^^^^^^^^^^^^^^^^^^^^^^^^^^^^^^^^^^^^^^^\n  File \"/usr/local/lib/python3.12/site-packages/_pytest/fixtures.py\", line 891, in call_fixture_func\n    fixture_result = next(generator)\n                     ^^^^^^^^^^^^^^^\n  File \"/usr/workspace/conftest.py\", line 23, in driver\n    driver = webdriver.Chrome(options=chrome_options)\n             ^^^^^^^^^^^^^^^^^^^^^^^^^^^^^^^^^^^^^^^^\n  File \"/usr/local/lib/python3.12/site-packages/selenium/webdriver/chrome/webdriver.py\", line 45, in __init__\n    super().__init__(\n  File \"/usr/local/lib/python3.12/site-packages/selenium/webdriver/chromium/webdriver.py\", line 66, in __init__\n    super().__init__(command_executor=executor, options=options)\n  File \"/usr/local/lib/python3.12/site-packages/selenium/webdriver/remote/webdriver.py\", line 241, in __init__\n    self.start_session(capabilities)\n  File \"/usr/local/lib/python3.12/site-packages/selenium/webdriver/remote/webdriver.py\", line 329, in start_session\n    response = self.execute(Command.NEW_SESSION, caps)[\"value\"]\n               ^^^^^^^^^^^^^^^^^^^^^^^^^^^^^^^^^^^^^^^\n  File \"/usr/local/lib/python3.12/site-packages/selenium/webdriver/remote/webdriver.py\", line 384, in execute\n    self.error_handler.check_response(response)\n  File \"/usr/local/lib/python3.12/site-packages/selenium/webdriver/remote/errorhandler.py\", line 232, in check_response\n    raise exception_class(message, screen, stacktrace)\n","steps":[],"attachments":[],"parameters":[],"shouldDisplayMessage":true,"attachmentsCount":0,"stepsCount":0,"hasContent":true,"attachmentStep":false}],"afterStages":[],"labels":[{"name":"severity","value":"Normal"},{"name":"feature","value":"Регистрация пользователя"},{"name":"tag","value":"regression"},{"name":"tag","value":"registration"},{"name":"parentSuite","value":"tests"},{"name":"suite","value":"test_registration"},{"name":"subSuite","value":"TestRegistrationUser"},{"name":"host","value":"fa278e3f9e86"},{"name":"thread","value":"1-MainThread"},{"name":"framework","value":"pytest"},{"name":"language","value":"cpython3"},{"name":"package","value":"tests.test_registration"},{"name":"resultFormat","value":"allure2"}],"parameters":[],"links":[],"hidden":false,"retry":false,"extra":{"severity":"normal","retries":[],"categories":[{"name":"Test defects","matchedStatuses":[],"flaky":false}],"history":{"statistic":{"failed":1,"broken":4,"skipped":0,"passed":48,"unknown":0,"total":53},"items":[{"uid":"ada8491d01044794","status":"passed","time":{"start":1734035000741,"stop":1734035009331,"duration":8590}},{"uid":"3661c671489d137d","status":"passed","time":{"start":1733937815850,"stop":1733937824091,"duration":8241}},{"uid":"af4fbf619436be9a","status":"passed","time":{"start":1733866389003,"stop":1733866397203,"duration":8200}},{"uid":"be3c65ac01ed29b7","status":"passed","time":{"start":1733860788630,"stop":1733860796691,"duration":8061}},{"uid":"30f4712c950bb693","status":"passed","time":{"start":1733857329679,"stop":1733857337886,"duration":8207}},{"uid":"60035737e507529b","status":"passed","time":{"start":1733772271531,"stop":1733772279865,"duration":8334}},{"uid":"daf50b24ec696fa0","status":"passed","time":{"start":1733766743106,"stop":1733766751328,"duration":8222}},{"uid":"ebc152f346b07c01","status":"broken","statusDetails":"selenium.common.exceptions.TimeoutException: Message:","time":{"start":1733422353761,"stop":1733422366501,"duration":12740}},{"uid":"4f80beb958a2ab9a","status":"broken","statusDetails":"selenium.common.exceptions.TimeoutException: Message:","time":{"start":1726780673722,"stop":1726780685535,"duration":11813}},{"uid":"2a32ffeb3a56e99c","status":"broken","statusDetails":"selenium.common.exceptions.TimeoutException: Message:","time":{"start":1726777443731,"stop":1726777456970,"duration":13239}},{"uid":"2a188575b94c8598","status":"passed","time":{"start":1724099162594,"stop":1724099170247,"duration":7653}},{"uid":"4819b4ae4b3b6760","status":"passed","time":{"start":1723829494203,"stop":1723829502623,"duration":8420}},{"uid":"f7b01d2e5e1764ad","status":"passed","time":{"start":1723751648263,"stop":1723751655201,"duration":6938}},{"uid":"9bbd60e04f948d8a","status":"passed","time":{"start":1723742104341,"stop":1723742111299,"duration":6958}},{"uid":"bb14295db383362","status":"passed","time":{"start":1723664481925,"stop":1723664488965,"duration":7040}},{"uid":"2895abb48a6452b5","status":"passed","time":{"start":1723579241706,"stop":1723579249477,"duration":7771}},{"uid":"a19488365c6f2de6","status":"passed","time":{"start":1723496415172,"stop":1723496421839,"duration":6667}},{"uid":"eb36b8ede3b6a7bc","status":"passed","time":{"start":1723150213363,"stop":1723150219825,"duration":6462}},{"uid":"65fa1b7e9a0ccbd3","status":"passed","time":{"start":1723148895625,"stop":1723148902365,"duration":6740}},{"uid":"2bb35de63a18e6d5","status":"passed","time":{"start":1723147134663,"stop":1723147141338,"duration":6675}}]},"tags":["regression","registration"]},"source":"a4e1c1aa505fba0c.json","parameterValues":[]}