{"uid":"a7b9fbe29565cdbf","name":"Проверить, есть возможность отписаться от пользователя","fullName":"tests.test_another_users_page.TestAnotherUsersPage#test_ability_to_unsubscribe_from_a_users_profile","historyId":"c4f0943c9826c0d62cd0bf0cc043afe9","time":{"start":1733856056472,"stop":1733856092323,"duration":35851},"description":"Подписываемся на пользователя из профиля и после отписываемся. Проверка на пользователе Aleska","descriptionHtml":"<p>Подписываемся на пользователя из профиля и после отписываемся. Проверка на пользователе Aleska</p>\n","status":"broken","statusMessage":"selenium.common.exceptions.TimeoutException: Message: Не найден элемент с локатором ('xpath', '//div[contains(@class,\"page-content_content\")]//div[contains(@class,\"popup_container\")]')","statusTrace":"self = <test_another_users_page.TestAnotherUsersPage object at 0x7f9fc1d83fe0>\nelements = {'Банк ачивок': {'Блок ачивок': ('xpath', '//div[contains(@class,\"user-achievement-by-interests_container\")]'), 'Модал...-sheet_icons\")]'), 'Название ачивки': ('xpath', '//div[contains(@class,\"achievement-item-bottom-sheet_title\")]')}, ...}\nlogin_to_app = None\n\n    @allure.title('Проверить, есть возможность отписаться от пользователя')\n    @allure.description('Подписываемся на пользователя из профиля и после отписываемся. '\n                        'Проверка на пользователе Aleska')\n    @allure.severity('Critical')\n    @pytest.mark.regression\n    def test_ability_to_unsubscribe_from_a_users_profile(self, elements, login_to_app):\n        with allure.step('Подписаться на пользователя \"Serg1206\"'):\n            self.another_user_page.subscribe_user_for_username('Serg1206')\n    \n        with allure.step('Нажать кнопку профиль'):\n            self.app.profile_button_click()\n    \n        with allure.step('Запомнить количество подписок'):\n            element = elements['Профиль пользователя']\n            initial_subscriptions_count = int(self.profile_page.get_element_text(element['Подписки']))\n    \n        with allure.step('Отписаться от пользователя \"Serg1206\"'):\n            self.another_user_page.unsubscribe_user_for_username('Serg1206')\n    \n        with allure.step('Проверить, что появилась галочка на экране'):\n            element = elements['Страница другого пользователя']\n>           self.assertion.is_elem_displayed(element['Значок галочки'])\n\ntests/test_another_users_page.py:66: \n_ _ _ _ _ _ _ _ _ _ _ _ _ _ _ _ _ _ _ _ _ _ _ _ _ _ _ _ _ _ _ _ _ _ _ _ _ _ _ _ \nbase/base_assertion.py:63: in is_elem_displayed\n    assert self.find_element(by_locator).is_displayed()\nbase/base_page.py:140: in find_element\n    return self.wait.until(EC.visibility_of_element_located(locator),\n_ _ _ _ _ _ _ _ _ _ _ _ _ _ _ _ _ _ _ _ _ _ _ _ _ _ _ _ _ _ _ _ _ _ _ _ _ _ _ _ \n\nself = <selenium.webdriver.support.wait.WebDriverWait (session=\"61126640e8325b30e206aee330836f09\")>\nmethod = <function visibility_of_element_located.<locals>._predicate at 0x7f9fbc8be980>\nmessage = 'Не найден элемент с локатором (\\'xpath\\', \\'//div[contains(@class,\"page-content_content\")]//div[contains(@class,\"popup_container\")]\\')'\n\n    def until(self, method: Callable[[D], Union[Literal[False], T]], message: str = \"\") -> T:\n        \"\"\"Calls the method provided with the driver as an argument until the \\\n        return value does not evaluate to ``False``.\n    \n        :param method: callable(WebDriver)\n        :param message: optional message for :exc:`TimeoutException`\n        :returns: the result of the last call to `method`\n        :raises: :exc:`selenium.common.exceptions.TimeoutException` if timeout occurs\n        \"\"\"\n        screen = None\n        stacktrace = None\n    \n        end_time = time.monotonic() + self._timeout\n        while True:\n            try:\n                value = method(self._driver)\n                if value:\n                    return value\n            except self._ignored_exceptions as exc:\n                screen = getattr(exc, \"screen\", None)\n                stacktrace = getattr(exc, \"stacktrace\", None)\n            if time.monotonic() > end_time:\n                break\n            time.sleep(self._poll)\n>       raise TimeoutException(message, screen, stacktrace)\nE       selenium.common.exceptions.TimeoutException: Message: Не найден элемент с локатором ('xpath', '//div[contains(@class,\"page-content_content\")]//div[contains(@class,\"popup_container\")]')\n\n../local/lib/python3.12/site-packages/selenium/webdriver/support/wait.py:105: TimeoutException","flaky":false,"newFailed":false,"newBroken":true,"newPassed":false,"retriesCount":0,"retriesStatusChange":false,"beforeStages":[{"name":"_session_faker","time":{"start":1733856025388,"stop":1733856025389,"duration":1},"status":"passed","steps":[],"attachments":[],"parameters":[],"shouldDisplayMessage":false,"attachmentsCount":0,"stepsCount":0,"hasContent":false,"attachmentStep":false},{"name":"driver","time":{"start":1733856046151,"stop":1733856046592,"duration":441},"status":"passed","steps":[],"attachments":[],"parameters":[],"shouldDisplayMessage":false,"attachmentsCount":0,"stepsCount":0,"hasContent":false,"attachmentStep":false},{"name":"setup","time":{"start":1733856046592,"stop":1733856046592,"duration":0},"status":"passed","steps":[],"attachments":[],"parameters":[],"shouldDisplayMessage":false,"attachmentsCount":0,"stepsCount":0,"hasContent":false,"attachmentStep":false},{"name":"Инициализация локаторов","time":{"start":1733856046592,"stop":1733856046592,"duration":0},"status":"passed","steps":[{"name":"Инициализация локаторов","time":{"start":1733856046592,"stop":1733856046592,"duration":0},"status":"passed","steps":[],"attachments":[],"parameters":[{"name":"request","value":"<SubRequest 'elements' for <Function test_ability_to_unsubscribe_from_a_users_profile>>"}],"shouldDisplayMessage":false,"attachmentsCount":0,"stepsCount":0,"hasContent":true,"attachmentStep":false}],"attachments":[],"parameters":[],"shouldDisplayMessage":false,"attachmentsCount":0,"stepsCount":1,"hasContent":true,"attachmentStep":false},{"name":"Авторизация пользователя в системе","time":{"start":1733856046593,"stop":1733856056472,"duration":9879},"status":"passed","steps":[{"name":"Авторизация пользователя в системе","time":{"start":1733856046593,"stop":1733856056472,"duration":9879},"status":"passed","steps":[],"attachments":[],"parameters":[{"name":"request","value":"<SubRequest 'login_to_app' for <Function test_ability_to_unsubscribe_from_a_users_profile>>"},{"name":"driver","value":"<selenium.webdriver.chrome.webdriver.WebDriver (session=\"61126640e8325b30e206aee330836f09\")>"}],"shouldDisplayMessage":false,"attachmentsCount":0,"stepsCount":0,"hasContent":true,"attachmentStep":false}],"attachments":[],"parameters":[],"shouldDisplayMessage":false,"attachmentsCount":0,"stepsCount":1,"hasContent":true,"attachmentStep":false}],"testStage":{"description":"Подписываемся на пользователя из профиля и после отписываемся. Проверка на пользователе Aleska","status":"broken","statusMessage":"selenium.common.exceptions.TimeoutException: Message: Не найден элемент с локатором ('xpath', '//div[contains(@class,\"page-content_content\")]//div[contains(@class,\"popup_container\")]')","statusTrace":"self = <test_another_users_page.TestAnotherUsersPage object at 0x7f9fc1d83fe0>\nelements = {'Банк ачивок': {'Блок ачивок': ('xpath', '//div[contains(@class,\"user-achievement-by-interests_container\")]'), 'Модал...-sheet_icons\")]'), 'Название ачивки': ('xpath', '//div[contains(@class,\"achievement-item-bottom-sheet_title\")]')}, ...}\nlogin_to_app = None\n\n    @allure.title('Проверить, есть возможность отписаться от пользователя')\n    @allure.description('Подписываемся на пользователя из профиля и после отписываемся. '\n                        'Проверка на пользователе Aleska')\n    @allure.severity('Critical')\n    @pytest.mark.regression\n    def test_ability_to_unsubscribe_from_a_users_profile(self, elements, login_to_app):\n        with allure.step('Подписаться на пользователя \"Serg1206\"'):\n            self.another_user_page.subscribe_user_for_username('Serg1206')\n    \n        with allure.step('Нажать кнопку профиль'):\n            self.app.profile_button_click()\n    \n        with allure.step('Запомнить количество подписок'):\n            element = elements['Профиль пользователя']\n            initial_subscriptions_count = int(self.profile_page.get_element_text(element['Подписки']))\n    \n        with allure.step('Отписаться от пользователя \"Serg1206\"'):\n            self.another_user_page.unsubscribe_user_for_username('Serg1206')\n    \n        with allure.step('Проверить, что появилась галочка на экране'):\n            element = elements['Страница другого пользователя']\n>           self.assertion.is_elem_displayed(element['Значок галочки'])\n\ntests/test_another_users_page.py:66: \n_ _ _ _ _ _ _ _ _ _ _ _ _ _ _ _ _ _ _ _ _ _ _ _ _ _ _ _ _ _ _ _ _ _ _ _ _ _ _ _ \nbase/base_assertion.py:63: in is_elem_displayed\n    assert self.find_element(by_locator).is_displayed()\nbase/base_page.py:140: in find_element\n    return self.wait.until(EC.visibility_of_element_located(locator),\n_ _ _ _ _ _ _ _ _ _ _ _ _ _ _ _ _ _ _ _ _ _ _ _ _ _ _ _ _ _ _ _ _ _ _ _ _ _ _ _ \n\nself = <selenium.webdriver.support.wait.WebDriverWait (session=\"61126640e8325b30e206aee330836f09\")>\nmethod = <function visibility_of_element_located.<locals>._predicate at 0x7f9fbc8be980>\nmessage = 'Не найден элемент с локатором (\\'xpath\\', \\'//div[contains(@class,\"page-content_content\")]//div[contains(@class,\"popup_container\")]\\')'\n\n    def until(self, method: Callable[[D], Union[Literal[False], T]], message: str = \"\") -> T:\n        \"\"\"Calls the method provided with the driver as an argument until the \\\n        return value does not evaluate to ``False``.\n    \n        :param method: callable(WebDriver)\n        :param message: optional message for :exc:`TimeoutException`\n        :returns: the result of the last call to `method`\n        :raises: :exc:`selenium.common.exceptions.TimeoutException` if timeout occurs\n        \"\"\"\n        screen = None\n        stacktrace = None\n    \n        end_time = time.monotonic() + self._timeout\n        while True:\n            try:\n                value = method(self._driver)\n                if value:\n                    return value\n            except self._ignored_exceptions as exc:\n                screen = getattr(exc, \"screen\", None)\n                stacktrace = getattr(exc, \"stacktrace\", None)\n            if time.monotonic() > end_time:\n                break\n            time.sleep(self._poll)\n>       raise TimeoutException(message, screen, stacktrace)\nE       selenium.common.exceptions.TimeoutException: Message: Не найден элемент с локатором ('xpath', '//div[contains(@class,\"page-content_content\")]//div[contains(@class,\"popup_container\")]')\n\n../local/lib/python3.12/site-packages/selenium/webdriver/support/wait.py:105: TimeoutException","steps":[{"name":"Подписаться на пользователя \"Serg1206\"","time":{"start":1733856056472,"stop":1733856058707,"duration":2235},"status":"passed","steps":[],"attachments":[],"parameters":[],"shouldDisplayMessage":false,"attachmentsCount":0,"stepsCount":0,"hasContent":false,"attachmentStep":false},{"name":"Нажать кнопку профиль","time":{"start":1733856058707,"stop":1733856058758,"duration":51},"status":"passed","steps":[],"attachments":[],"parameters":[],"shouldDisplayMessage":false,"attachmentsCount":0,"stepsCount":0,"hasContent":false,"attachmentStep":false},{"name":"Запомнить количество подписок","time":{"start":1733856058759,"stop":1733856060297,"duration":1538},"status":"passed","steps":[],"attachments":[],"parameters":[],"shouldDisplayMessage":false,"attachmentsCount":0,"stepsCount":0,"hasContent":false,"attachmentStep":false},{"name":"Отписаться от пользователя \"Serg1206\"","time":{"start":1733856060297,"stop":1733856062188,"duration":1891},"status":"passed","steps":[],"attachments":[],"parameters":[],"shouldDisplayMessage":false,"attachmentsCount":0,"stepsCount":0,"hasContent":false,"attachmentStep":false},{"name":"Проверить, что появилась галочка на экране","time":{"start":1733856062188,"stop":1733856092322,"duration":30134},"status":"broken","statusMessage":"selenium.common.exceptions.TimeoutException: Message: Не найден элемент с локатором ('xpath', '//div[contains(@class,\"page-content_content\")]//div[contains(@class,\"popup_container\")]')\n\n","statusTrace":"  File \"/usr/workspace/tests/test_another_users_page.py\", line 66, in test_ability_to_unsubscribe_from_a_users_profile\n    self.assertion.is_elem_displayed(element['Значок галочки'])\n  File \"/usr/workspace/base/base_assertion.py\", line 63, in is_elem_displayed\n    assert self.find_element(by_locator).is_displayed()\n           ^^^^^^^^^^^^^^^^^^^^^^^^^^^^^\n  File \"/usr/workspace/base/base_page.py\", line 140, in find_element\n    return self.wait.until(EC.visibility_of_element_located(locator),\n           ^^^^^^^^^^^^^^^^^^^^^^^^^^^^^^^^^^^^^^^^^^^^^^^^^^^^^^^^^^\n  File \"/usr/local/lib/python3.12/site-packages/selenium/webdriver/support/wait.py\", line 105, in until\n    raise TimeoutException(message, screen, stacktrace)\n","steps":[],"attachments":[],"parameters":[],"shouldDisplayMessage":true,"attachmentsCount":0,"stepsCount":0,"hasContent":true,"attachmentStep":false}],"attachments":[],"parameters":[],"shouldDisplayMessage":true,"attachmentsCount":0,"stepsCount":5,"hasContent":true,"attachmentStep":false},"afterStages":[{"name":"driver::0","time":{"start":1733856092372,"stop":1733856092584,"duration":212},"status":"passed","steps":[],"attachments":[{"uid":"f484ce4eb558cdba","name":"page_source","source":"f484ce4eb558cdba.html","type":"text/html","size":95952},{"uid":"e2d5b8fd07e9b3be","name":"screenshot","source":"e2d5b8fd07e9b3be.png","type":"image/png","size":69265},{"uid":"d4e3074f3472278","name":"browser_logs","source":"d4e3074f3472278.txt","type":"text/plain","size":35803}],"parameters":[],"shouldDisplayMessage":false,"attachmentsCount":3,"stepsCount":0,"hasContent":true,"attachmentStep":false}],"labels":[{"name":"feature","value":"Профиль другого пользователя"},{"name":"severity","value":"Critical"},{"name":"tag","value":"regression"},{"name":"tag","value":"another_users_page"},{"name":"parentSuite","value":"tests"},{"name":"suite","value":"test_another_users_page"},{"name":"subSuite","value":"TestAnotherUsersPage"},{"name":"host","value":"f636a7ae3180"},{"name":"thread","value":"1-MainThread"},{"name":"framework","value":"pytest"},{"name":"language","value":"cpython3"},{"name":"package","value":"tests.test_another_users_page"},{"name":"resultFormat","value":"allure2"}],"parameters":[],"links":[],"hidden":false,"retry":false,"extra":{"severity":"critical","retries":[],"categories":[{"name":"Test defects","matchedStatuses":[],"flaky":false}],"history":{"statistic":{"failed":0,"broken":4,"skipped":0,"passed":9,"unknown":0,"total":13},"items":[{"uid":"511381890d037b48","status":"passed","time":{"start":1733770848202,"stop":1733770859658,"duration":11456}},{"uid":"64ac19a12f1df431","status":"passed","time":{"start":1733765184807,"stop":1733765194099,"duration":9292}},{"uid":"9567424dfb860e1b","status":"passed","time":{"start":1733421134534,"stop":1733421145000,"duration":10466}},{"uid":"e9d3c7d296d6a063","status":"passed","time":{"start":1726779772724,"stop":1726779782419,"duration":9695}},{"uid":"5d7de7a26b1b4f4a","status":"broken","statusDetails":"selenium.common.exceptions.TimeoutException: Message: Не найден элемент с локатором ('xpath', '//div[@id=\"user-info_following\"]//div[contains(@class,\"user-info_count\")]')","time":{"start":1726776402225,"stop":1726776434587,"duration":32362}},{"uid":"fcbda5162755f576","status":"passed","time":{"start":1724097972743,"stop":1724097978570,"duration":5827}},{"uid":"e56d0d665ccbe45d","status":"passed","time":{"start":1723828098907,"stop":1723828106065,"duration":7158}},{"uid":"e09fb2862d98988b","status":"passed","time":{"start":1723750529477,"stop":1723750535103,"duration":5626}},{"uid":"2e926ace69fd9c9d","status":"passed","time":{"start":1723741059096,"stop":1723741064858,"duration":5762}},{"uid":"864e9dceb3d55d02","status":"broken","statusDetails":"selenium.common.exceptions.TimeoutException: Message:","time":{"start":1723663719395,"stop":1723663754111,"duration":34716}},{"uid":"504eadc4ff46b5e2","status":"passed","time":{"start":1723578114979,"stop":1723578122899,"duration":7920}},{"uid":"7579d101fc2c8386","status":"broken","statusDetails":"selenium.common.exceptions.TimeoutException: Message:","time":{"start":1723495323862,"stop":1723495358704,"duration":34842}}]},"tags":["regression","another_users_page"]},"source":"a7b9fbe29565cdbf.json","parameterValues":[]}