{"uid":"b070e16a51562c2d","name":"Авторизация пользователя без логина и пароля","fullName":"tests.test_authorization.TestAuthUser#test_auth_no_username_and_no_password","historyId":"a2247a4d32758f2afbc154e4324a5b2a","time":{"start":1733856523898,"stop":1733856556972,"duration":33074},"description":"При проверке не вводятся данные","descriptionHtml":"<p>При проверке не вводятся данные</p>\n","status":"broken","statusMessage":"selenium.common.exceptions.TimeoutException: Message:","statusTrace":"self = <test_authorization.TestAuthUser object at 0x7f9fc13bbfb0>\nelements = {'Банк ачивок': {'Блок ачивок': ('xpath', '//div[contains(@class,\"user-achievement-by-interests_container\")]'), 'Модал...-sheet_icons\")]'), 'Название ачивки': ('xpath', '//div[contains(@class,\"achievement-item-bottom-sheet_title\")]')}, ...}\n\n    @allure.title('Авторизация пользователя без логина и пароля')\n    @allure.description('При проверке не вводятся данные')\n    @allure.severity('Critical')\n    @pytest.mark.regression\n    def test_auth_no_username_and_no_password(self, elements):\n        with allure.step('Открыть страницу логина'):\n            self.login_page.open()\n            element = elements['Страница логина']\n    \n        with allure.step('Нажать кнопку \"Войти\"'):\n            self.login_page.do_click(element['Кнопка войти'])\n    \n        with allure.step('Под полем Никнейм или номер телефона отображается текст валидации '\n                         '\"Введи e-mail, никнейм или номер телефона, указанные при регистрации\"'):\n>           self.assertion.text_in_element(element['Валидация поля логин'],\n                                           'Введи никнейм или номер телефона, указанные при регистрации')\n\ntests/test_authorization.py:133: \n_ _ _ _ _ _ _ _ _ _ _ _ _ _ _ _ _ _ _ _ _ _ _ _ _ _ _ _ _ _ _ _ _ _ _ _ _ _ _ _ \nbase/base_assertion.py:23: in text_in_element\n    assert self.wait.until(EC.text_to_be_present_in_element(by_locator, expected_text)), \\\n_ _ _ _ _ _ _ _ _ _ _ _ _ _ _ _ _ _ _ _ _ _ _ _ _ _ _ _ _ _ _ _ _ _ _ _ _ _ _ _ \n\nself = <selenium.webdriver.support.wait.WebDriverWait (session=\"dd74dbd4117e36105faf055de0436d7b\")>\nmethod = <function text_to_be_present_in_element.<locals>._predicate at 0x7f9fc1100d60>\nmessage = ''\n\n    def until(self, method: Callable[[D], Union[Literal[False], T]], message: str = \"\") -> T:\n        \"\"\"Calls the method provided with the driver as an argument until the \\\n        return value does not evaluate to ``False``.\n    \n        :param method: callable(WebDriver)\n        :param message: optional message for :exc:`TimeoutException`\n        :returns: the result of the last call to `method`\n        :raises: :exc:`selenium.common.exceptions.TimeoutException` if timeout occurs\n        \"\"\"\n        screen = None\n        stacktrace = None\n    \n        end_time = time.monotonic() + self._timeout\n        while True:\n            try:\n                value = method(self._driver)\n                if value:\n                    return value\n            except self._ignored_exceptions as exc:\n                screen = getattr(exc, \"screen\", None)\n                stacktrace = getattr(exc, \"stacktrace\", None)\n            if time.monotonic() > end_time:\n                break\n            time.sleep(self._poll)\n>       raise TimeoutException(message, screen, stacktrace)\nE       selenium.common.exceptions.TimeoutException: Message:\n\n../local/lib/python3.12/site-packages/selenium/webdriver/support/wait.py:105: TimeoutException","flaky":false,"newFailed":false,"newBroken":true,"newPassed":false,"retriesCount":0,"retriesStatusChange":false,"beforeStages":[{"name":"_session_faker","time":{"start":1733856025388,"stop":1733856025389,"duration":1},"status":"passed","steps":[],"attachments":[],"parameters":[],"shouldDisplayMessage":false,"attachmentsCount":0,"stepsCount":0,"hasContent":false,"attachmentStep":false},{"name":"driver","time":{"start":1733856523454,"stop":1733856523896,"duration":442},"status":"passed","steps":[],"attachments":[],"parameters":[],"shouldDisplayMessage":false,"attachmentsCount":0,"stepsCount":0,"hasContent":false,"attachmentStep":false},{"name":"setup","time":{"start":1733856523896,"stop":1733856523897,"duration":1},"status":"passed","steps":[],"attachments":[],"parameters":[],"shouldDisplayMessage":false,"attachmentsCount":0,"stepsCount":0,"hasContent":false,"attachmentStep":false},{"name":"Инициализация локаторов","time":{"start":1733856523897,"stop":1733856523898,"duration":1},"status":"passed","steps":[{"name":"Инициализация локаторов","time":{"start":1733856523898,"stop":1733856523898,"duration":0},"status":"passed","steps":[],"attachments":[],"parameters":[{"name":"request","value":"<SubRequest 'elements' for <Function test_auth_no_username_and_no_password>>"}],"shouldDisplayMessage":false,"attachmentsCount":0,"stepsCount":0,"hasContent":true,"attachmentStep":false}],"attachments":[],"parameters":[],"shouldDisplayMessage":false,"attachmentsCount":0,"stepsCount":1,"hasContent":true,"attachmentStep":false}],"testStage":{"description":"При проверке не вводятся данные","status":"broken","statusMessage":"selenium.common.exceptions.TimeoutException: Message:","statusTrace":"self = <test_authorization.TestAuthUser object at 0x7f9fc13bbfb0>\nelements = {'Банк ачивок': {'Блок ачивок': ('xpath', '//div[contains(@class,\"user-achievement-by-interests_container\")]'), 'Модал...-sheet_icons\")]'), 'Название ачивки': ('xpath', '//div[contains(@class,\"achievement-item-bottom-sheet_title\")]')}, ...}\n\n    @allure.title('Авторизация пользователя без логина и пароля')\n    @allure.description('При проверке не вводятся данные')\n    @allure.severity('Critical')\n    @pytest.mark.regression\n    def test_auth_no_username_and_no_password(self, elements):\n        with allure.step('Открыть страницу логина'):\n            self.login_page.open()\n            element = elements['Страница логина']\n    \n        with allure.step('Нажать кнопку \"Войти\"'):\n            self.login_page.do_click(element['Кнопка войти'])\n    \n        with allure.step('Под полем Никнейм или номер телефона отображается текст валидации '\n                         '\"Введи e-mail, никнейм или номер телефона, указанные при регистрации\"'):\n>           self.assertion.text_in_element(element['Валидация поля логин'],\n                                           'Введи никнейм или номер телефона, указанные при регистрации')\n\ntests/test_authorization.py:133: \n_ _ _ _ _ _ _ _ _ _ _ _ _ _ _ _ _ _ _ _ _ _ _ _ _ _ _ _ _ _ _ _ _ _ _ _ _ _ _ _ \nbase/base_assertion.py:23: in text_in_element\n    assert self.wait.until(EC.text_to_be_present_in_element(by_locator, expected_text)), \\\n_ _ _ _ _ _ _ _ _ _ _ _ _ _ _ _ _ _ _ _ _ _ _ _ _ _ _ _ _ _ _ _ _ _ _ _ _ _ _ _ \n\nself = <selenium.webdriver.support.wait.WebDriverWait (session=\"dd74dbd4117e36105faf055de0436d7b\")>\nmethod = <function text_to_be_present_in_element.<locals>._predicate at 0x7f9fc1100d60>\nmessage = ''\n\n    def until(self, method: Callable[[D], Union[Literal[False], T]], message: str = \"\") -> T:\n        \"\"\"Calls the method provided with the driver as an argument until the \\\n        return value does not evaluate to ``False``.\n    \n        :param method: callable(WebDriver)\n        :param message: optional message for :exc:`TimeoutException`\n        :returns: the result of the last call to `method`\n        :raises: :exc:`selenium.common.exceptions.TimeoutException` if timeout occurs\n        \"\"\"\n        screen = None\n        stacktrace = None\n    \n        end_time = time.monotonic() + self._timeout\n        while True:\n            try:\n                value = method(self._driver)\n                if value:\n                    return value\n            except self._ignored_exceptions as exc:\n                screen = getattr(exc, \"screen\", None)\n                stacktrace = getattr(exc, \"stacktrace\", None)\n            if time.monotonic() > end_time:\n                break\n            time.sleep(self._poll)\n>       raise TimeoutException(message, screen, stacktrace)\nE       selenium.common.exceptions.TimeoutException: Message:\n\n../local/lib/python3.12/site-packages/selenium/webdriver/support/wait.py:105: TimeoutException","steps":[{"name":"Открыть страницу логина","time":{"start":1733856523898,"stop":1733856526697,"duration":2799},"status":"passed","steps":[],"attachments":[],"parameters":[],"shouldDisplayMessage":false,"attachmentsCount":0,"stepsCount":0,"hasContent":false,"attachmentStep":false},{"name":"Нажать кнопку \"Войти\"","time":{"start":1733856526697,"stop":1733856526751,"duration":54},"status":"passed","steps":[],"attachments":[],"parameters":[],"shouldDisplayMessage":false,"attachmentsCount":0,"stepsCount":0,"hasContent":false,"attachmentStep":false},{"name":"Под полем Никнейм или номер телефона отображается текст валидации \"Введи e-mail, никнейм или номер телефона, указанные при регистрации\"","time":{"start":1733856526751,"stop":1733856556971,"duration":30220},"status":"broken","statusMessage":"selenium.common.exceptions.TimeoutException: Message: \n\n","statusTrace":"  File \"/usr/workspace/tests/test_authorization.py\", line 133, in test_auth_no_username_and_no_password\n    self.assertion.text_in_element(element['Валидация поля логин'],\n  File \"/usr/workspace/base/base_assertion.py\", line 23, in text_in_element\n    assert self.wait.until(EC.text_to_be_present_in_element(by_locator, expected_text)), \\\n           ^^^^^^^^^^^^^^^^^^^^^^^^^^^^^^^^^^^^^^^^^^^^^^^^^^^^^^^^^^^^^^^^^^^^^^^^^^^^\n  File \"/usr/local/lib/python3.12/site-packages/selenium/webdriver/support/wait.py\", line 105, in until\n    raise TimeoutException(message, screen, stacktrace)\n","steps":[],"attachments":[],"parameters":[],"shouldDisplayMessage":true,"attachmentsCount":0,"stepsCount":0,"hasContent":true,"attachmentStep":false}],"attachments":[],"parameters":[],"shouldDisplayMessage":true,"attachmentsCount":0,"stepsCount":3,"hasContent":true,"attachmentStep":false},"afterStages":[{"name":"driver::0","time":{"start":1733856556983,"stop":1733856557168,"duration":185},"status":"passed","steps":[],"attachments":[{"uid":"f6d14ab8b846edfe","name":"page_source","source":"f6d14ab8b846edfe.html","type":"text/html","size":20558},{"uid":"e4908caf36780c96","name":"screenshot","source":"e4908caf36780c96.png","type":"image/png","size":28154},{"uid":"7384cd4259a818d","name":"browser_logs","source":"7384cd4259a818d.txt","type":"text/plain","size":2053}],"parameters":[],"shouldDisplayMessage":false,"attachmentsCount":3,"stepsCount":0,"hasContent":true,"attachmentStep":false}],"labels":[{"name":"severity","value":"Critical"},{"name":"feature","value":"Авторизация пользователя"},{"name":"tag","value":"regression"},{"name":"tag","value":"authorization"},{"name":"parentSuite","value":"tests"},{"name":"suite","value":"test_authorization"},{"name":"subSuite","value":"TestAuthUser"},{"name":"host","value":"f636a7ae3180"},{"name":"thread","value":"1-MainThread"},{"name":"framework","value":"pytest"},{"name":"language","value":"cpython3"},{"name":"package","value":"tests.test_authorization"},{"name":"resultFormat","value":"allure2"}],"parameters":[],"links":[],"hidden":false,"retry":false,"extra":{"severity":"critical","retries":[],"categories":[{"name":"Test defects","matchedStatuses":[],"flaky":false}],"history":{"statistic":{"failed":8,"broken":1,"skipped":0,"passed":32,"unknown":0,"total":41},"items":[{"uid":"3d93aa9342460778","status":"passed","time":{"start":1733771394244,"stop":1733771397217,"duration":2973}},{"uid":"5abe7eca860d0b4b","status":"passed","time":{"start":1733765718477,"stop":1733765722015,"duration":3538}},{"uid":"bc9703e08231ff3e","status":"passed","time":{"start":1733421507378,"stop":1733421510489,"duration":3111}},{"uid":"d58e3eb9e0d43ea1","status":"passed","time":{"start":1726780075375,"stop":1726780079798,"duration":4423}},{"uid":"54c038b04edeac58","status":"passed","time":{"start":1726776768328,"stop":1726776774031,"duration":5703}},{"uid":"c97769af8f91d9d","status":"passed","time":{"start":1724098412791,"stop":1724098417645,"duration":4854}},{"uid":"869c90dde543c3b5","status":"passed","time":{"start":1723828551007,"stop":1723828555559,"duration":4552}},{"uid":"117b2dd3501dbb85","status":"passed","time":{"start":1723750968577,"stop":1723750971875,"duration":3298}},{"uid":"eb4c1746a9a3e7c5","status":"passed","time":{"start":1723741433204,"stop":1723741436486,"duration":3282}},{"uid":"1d4f552783d25ac6","status":"passed","time":{"start":1723664215642,"stop":1723664218962,"duration":3320}},{"uid":"b33f0254d0dd9f1f","status":"passed","time":{"start":1723578526440,"stop":1723578530410,"duration":3970}},{"uid":"4fcf8ee8aff33312","status":"passed","time":{"start":1723495707702,"stop":1723495710630,"duration":2928}},{"uid":"75c66e912fe89b74","status":"passed","time":{"start":1723149629320,"stop":1723149634547,"duration":5227}},{"uid":"e46e5c947a103195","status":"passed","time":{"start":1723148335464,"stop":1723148340390,"duration":4926}},{"uid":"770adfc45563d393","status":"passed","time":{"start":1723146604178,"stop":1723146609248,"duration":5070}},{"uid":"cace3dfe518978bc","status":"passed","time":{"start":1723064820365,"stop":1723064825679,"duration":5314}},{"uid":"b23e70f9de3ab7ea","status":"passed","time":{"start":1722976563673,"stop":1722976569109,"duration":5436}},{"uid":"dc5ace9ce77f6277","status":"passed","time":{"start":1722891771966,"stop":1722891778795,"duration":6829}},{"uid":"a51cdbda49f6a394","status":"passed","time":{"start":1722625576017,"stop":1722625581439,"duration":5422}},{"uid":"444ccc80c4e72c8c","status":"passed","time":{"start":1722546207905,"stop":1722546213844,"duration":5939}}]},"tags":["authorization","regression"]},"source":"b070e16a51562c2d.json","parameterValues":[]}