{"uid":"b634017976d22cfe","name":"Проверить отображение заблокированных проектов","fullName":"tests.test_profile.TestProfile#test_display_blocked_projects","historyId":"8be91c537f7853c8d2a3dfc5f783ef8b","time":{"start":1733766463886,"stop":1733766463886,"duration":0},"description":"Проверяется, что при открытие профиля в нем отображаются проекты заблокированных проектов в количестве > 0","descriptionHtml":"<p>Проверяется, что при открытие профиля в нем отображаются проекты заблокированных проектов в количестве &gt; 0</p>\n","status":"broken","statusMessage":"selenium.common.exceptions.TimeoutException: Message: Не найден элемент с локатором ('xpath', '//button[@data-testing=\"after_register_dialog__btn_choose_later\"]')","statusTrace":"request = <SubRequest 'login_to_app' for <Function test_display_blocked_projects>>\ndriver = <selenium.webdriver.chrome.webdriver.WebDriver (session=\"5f26f8194cb8be2ecc9dad3db56ac073\")>\n\n    @pytest.fixture(scope='function')\n    @allure.title('Авторизация пользователя в системе')\n    @allure.step('Авторизация пользователя в системе')\n    def login_to_app(request, driver):\n        \"\"\" Логин в систему \"\"\"\n        login_page = ApiAuthorization(driver)\n        login_page.user(User.LOGIN, User.PASSWORD)\n>       later = login_page.find_element(config.locators.RubricPageLocators.locators['Кнопка выберу потом'])\n\nconftest.py:52: \n_ _ _ _ _ _ _ _ _ _ _ _ _ _ _ _ _ _ _ _ _ _ _ _ _ _ _ _ _ _ _ _ _ _ _ _ _ _ _ _ \nbase/base_page.py:140: in find_element\n    return self.wait.until(EC.visibility_of_element_located(locator),\n_ _ _ _ _ _ _ _ _ _ _ _ _ _ _ _ _ _ _ _ _ _ _ _ _ _ _ _ _ _ _ _ _ _ _ _ _ _ _ _ \n\nself = <selenium.webdriver.support.wait.WebDriverWait (session=\"5f26f8194cb8be2ecc9dad3db56ac073\")>\nmethod = <function visibility_of_element_located.<locals>._predicate at 0x7ff41ab7e7a0>\nmessage = 'Не найден элемент с локатором (\\'xpath\\', \\'//button[@data-testing=\"after_register_dialog__btn_choose_later\"]\\')'\n\n    def until(self, method: Callable[[D], Union[Literal[False], T]], message: str = \"\") -> T:\n        \"\"\"Calls the method provided with the driver as an argument until the \\\n        return value does not evaluate to ``False``.\n    \n        :param method: callable(WebDriver)\n        :param message: optional message for :exc:`TimeoutException`\n        :returns: the result of the last call to `method`\n        :raises: :exc:`selenium.common.exceptions.TimeoutException` if timeout occurs\n        \"\"\"\n        screen = None\n        stacktrace = None\n    \n        end_time = time.monotonic() + self._timeout\n        while True:\n            try:\n                value = method(self._driver)\n                if value:\n                    return value\n            except self._ignored_exceptions as exc:\n                screen = getattr(exc, \"screen\", None)\n                stacktrace = getattr(exc, \"stacktrace\", None)\n            if time.monotonic() > end_time:\n                break\n            time.sleep(self._poll)\n>       raise TimeoutException(message, screen, stacktrace)\nE       selenium.common.exceptions.TimeoutException: Message: Не найден элемент с локатором ('xpath', '//button[@data-testing=\"after_register_dialog__btn_choose_later\"]')\n\n../local/lib/python3.12/site-packages/selenium/webdriver/support/wait.py:105: TimeoutException","flaky":false,"newFailed":false,"newBroken":false,"newPassed":false,"retriesCount":0,"retriesStatusChange":false,"beforeStages":[{"name":"_session_faker","time":{"start":1733765159020,"stop":1733765159021,"duration":1},"status":"passed","steps":[],"attachments":[],"parameters":[],"shouldDisplayMessage":false,"attachmentsCount":0,"stepsCount":0,"hasContent":false,"attachmentStep":false},{"name":"driver","time":{"start":1733766463887,"stop":1733766464326,"duration":439},"status":"passed","steps":[],"attachments":[],"parameters":[],"shouldDisplayMessage":false,"attachmentsCount":0,"stepsCount":0,"hasContent":false,"attachmentStep":false},{"name":"setup","time":{"start":1733766464326,"stop":1733766464327,"duration":1},"status":"passed","steps":[],"attachments":[],"parameters":[],"shouldDisplayMessage":false,"attachmentsCount":0,"stepsCount":0,"hasContent":false,"attachmentStep":false},{"name":"Авторизация пользователя в системе","time":{"start":1733766464327,"stop":1733766498031,"duration":33704},"status":"broken","statusMessage":"selenium.common.exceptions.TimeoutException: Message: Не найден элемент с локатором ('xpath', '//button[@data-testing=\"after_register_dialog__btn_choose_later\"]')\n\n","statusTrace":"  File \"/usr/local/lib/python3.12/site-packages/pluggy/_callers.py\", line 167, in _multicall\n    teardown.throw(outcome._exception)\n  File \"/usr/local/lib/python3.12/site-packages/_pytest/setuponly.py\", line 36, in pytest_fixture_setup\n    return (yield)\n            ^^^^^\n  File \"/usr/local/lib/python3.12/site-packages/pluggy/_callers.py\", line 103, in _multicall\n    res = hook_impl.function(*args)\n          ^^^^^^^^^^^^^^^^^^^^^^^^^\n  File \"/usr/local/lib/python3.12/site-packages/_pytest/fixtures.py\", line 1140, in pytest_fixture_setup\n    result = call_fixture_func(fixturefunc, request, kwargs)\n             ^^^^^^^^^^^^^^^^^^^^^^^^^^^^^^^^^^^^^^^^^^^^^^^\n  File \"/usr/local/lib/python3.12/site-packages/_pytest/fixtures.py\", line 898, in call_fixture_func\n    fixture_result = fixturefunc(**kwargs)\n                     ^^^^^^^^^^^^^^^^^^^^^\n  File \"/usr/local/lib/python3.12/site-packages/allure_commons/_allure.py\", line 192, in impl\n    return func(*a, **kw)\n           ^^^^^^^^^^^^^^\n  File \"/usr/workspace/conftest.py\", line 52, in login_to_app\n    later = login_page.find_element(config.locators.RubricPageLocators.locators['Кнопка выберу потом'])\n            ^^^^^^^^^^^^^^^^^^^^^^^^^^^^^^^^^^^^^^^^^^^^^^^^^^^^^^^^^^^^^^^^^^^^^^^^^^^^^^^^^^^^^^^^^^^\n  File \"/usr/workspace/base/base_page.py\", line 140, in find_element\n    return self.wait.until(EC.visibility_of_element_located(locator),\n           ^^^^^^^^^^^^^^^^^^^^^^^^^^^^^^^^^^^^^^^^^^^^^^^^^^^^^^^^^^\n  File \"/usr/local/lib/python3.12/site-packages/selenium/webdriver/support/wait.py\", line 105, in until\n    raise TimeoutException(message, screen, stacktrace)\n","steps":[{"name":"Авторизация пользователя в системе","time":{"start":1733766464327,"stop":1733766498031,"duration":33704},"status":"broken","statusMessage":"selenium.common.exceptions.TimeoutException: Message: Не найден элемент с локатором ('xpath', '//button[@data-testing=\"after_register_dialog__btn_choose_later\"]')\n\n","statusTrace":"  File \"/usr/local/lib/python3.12/site-packages/allure_commons/_allure.py\", line 192, in impl\n    return func(*a, **kw)\n           ^^^^^^^^^^^^^^\n  File \"/usr/workspace/conftest.py\", line 52, in login_to_app\n    later = login_page.find_element(config.locators.RubricPageLocators.locators['Кнопка выберу потом'])\n            ^^^^^^^^^^^^^^^^^^^^^^^^^^^^^^^^^^^^^^^^^^^^^^^^^^^^^^^^^^^^^^^^^^^^^^^^^^^^^^^^^^^^^^^^^^^\n  File \"/usr/workspace/base/base_page.py\", line 140, in find_element\n    return self.wait.until(EC.visibility_of_element_located(locator),\n           ^^^^^^^^^^^^^^^^^^^^^^^^^^^^^^^^^^^^^^^^^^^^^^^^^^^^^^^^^^\n  File \"/usr/local/lib/python3.12/site-packages/selenium/webdriver/support/wait.py\", line 105, in until\n    raise TimeoutException(message, screen, stacktrace)\n","steps":[],"attachments":[],"parameters":[{"name":"request","value":"<SubRequest 'login_to_app' for <Function test_display_blocked_projects>>"},{"name":"driver","value":"<selenium.webdriver.chrome.webdriver.WebDriver (session=\"5f26f8194cb8be2ecc9dad3db56ac073\")>"}],"shouldDisplayMessage":true,"attachmentsCount":0,"stepsCount":0,"hasContent":true,"attachmentStep":false}],"attachments":[],"parameters":[],"shouldDisplayMessage":false,"attachmentsCount":0,"stepsCount":1,"hasContent":true,"attachmentStep":false},{"name":"Инициализация локаторов","time":{"start":1733766464327,"stop":1733766464327,"duration":0},"status":"passed","steps":[{"name":"Инициализация локаторов","time":{"start":1733766464327,"stop":1733766464327,"duration":0},"status":"passed","steps":[],"attachments":[],"parameters":[{"name":"request","value":"<SubRequest 'elements' for <Function test_display_blocked_projects>>"}],"shouldDisplayMessage":false,"attachmentsCount":0,"stepsCount":0,"hasContent":true,"attachmentStep":false}],"attachments":[],"parameters":[],"shouldDisplayMessage":false,"attachmentsCount":0,"stepsCount":1,"hasContent":true,"attachmentStep":false}],"afterStages":[{"name":"driver::0","time":{"start":1733766498041,"stop":1733766498318,"duration":277},"status":"passed","steps":[],"attachments":[{"uid":"5458771d975a33b2","name":"page_source","source":"5458771d975a33b2.html","type":"text/html","size":39185},{"uid":"a857b5ed33135fbb","name":"screenshot","source":"a857b5ed33135fbb.png","type":"image/png","size":151264},{"uid":"22907e19d431c0a8","name":"browser_logs","source":"22907e19d431c0a8.txt","type":"text/plain","size":4825}],"parameters":[],"shouldDisplayMessage":false,"attachmentsCount":3,"stepsCount":0,"hasContent":true,"attachmentStep":false}],"labels":[{"name":"severity","value":"Critical"},{"name":"feature","value":"Профиль пользователя"},{"name":"tag","value":"regression"},{"name":"tag","value":"profile"},{"name":"parentSuite","value":"tests"},{"name":"suite","value":"test_profile"},{"name":"subSuite","value":"TestProfile"},{"name":"host","value":"a29f6bda2422"},{"name":"thread","value":"1-MainThread"},{"name":"framework","value":"pytest"},{"name":"language","value":"cpython3"},{"name":"package","value":"tests.test_profile"},{"name":"resultFormat","value":"allure2"}],"parameters":[],"links":[],"hidden":false,"retry":false,"extra":{"severity":"critical","retries":[],"categories":[{"name":"Test defects","matchedStatuses":[],"flaky":false}],"history":{"statistic":{"failed":0,"broken":4,"skipped":0,"passed":20,"unknown":0,"total":24},"items":[{"uid":"f5d05c9eb58e15d4","status":"broken","statusDetails":"selenium.common.exceptions.TimeoutException: Message: Не найден элемент с локатором ('xpath', '//button[@data-testing=\"after_register_dialog__btn_choose_later\"]')","time":{"start":1733422029109,"stop":1733422029109,"duration":0}},{"uid":"a9a6e3947639561d","status":"passed","time":{"start":1726780472056,"stop":1726780473650,"duration":1594}},{"uid":"53cf120079446f73","status":"passed","time":{"start":1726777208236,"stop":1726777209832,"duration":1596}},{"uid":"db47045310ad4d2b","status":"passed","time":{"start":1724098980457,"stop":1724098982056,"duration":1599}},{"uid":"5be173d5569384ca","status":"passed","time":{"start":1723829224967,"stop":1723829226552,"duration":1585}},{"uid":"bae4a4e528b91fc7","status":"passed","time":{"start":1723751484514,"stop":1723751486094,"duration":1580}},{"uid":"31bbb1305ffb4c6c","status":"passed","time":{"start":1723741936484,"stop":1723741938071,"duration":1587}},{"uid":"7ae1998d80e72ccd","status":"broken","statusDetails":"KeyError: 'access_token'","time":{"start":1723664443815,"stop":1723664443815,"duration":0}},{"uid":"4516a777e83066fd","status":"passed","time":{"start":1723579065832,"stop":1723579067414,"duration":1582}},{"uid":"d6e4585219075478","status":"passed","time":{"start":1723496196329,"stop":1723496197910,"duration":1581}},{"uid":"87b24adde22fd40a","status":"passed","time":{"start":1723150084940,"stop":1723150086523,"duration":1583}},{"uid":"6d3abe584ded6a0","status":"passed","time":{"start":1723148731468,"stop":1723148733049,"duration":1581}},{"uid":"429523389785002d","status":"passed","time":{"start":1723147004666,"stop":1723147006250,"duration":1584}},{"uid":"e2ccbb58c4defe87","status":"passed","time":{"start":1723065228984,"stop":1723065230566,"duration":1582}},{"uid":"db99e1caadd7262c","status":"passed","time":{"start":1722976769718,"stop":1722976771301,"duration":1583}},{"uid":"f4f39c2b0c1b2636","status":"passed","time":{"start":1722891956857,"stop":1722891958441,"duration":1584}},{"uid":"2798739b7063c87e","status":"passed","time":{"start":1722625722549,"stop":1722625724133,"duration":1584}},{"uid":"4621dd42e0918b68","status":"passed","time":{"start":1722546331435,"stop":1722546333021,"duration":1586}},{"uid":"f493c87b42608d4","status":"passed","time":{"start":1722370129072,"stop":1722370130655,"duration":1583}},{"uid":"a75bb2658b5b97db","status":"passed","time":{"start":1722283155613,"stop":1722283157204,"duration":1591}}]},"tags":["regression","profile"]},"source":"b634017976d22cfe.json","parameterValues":[]}