{"uid":"b66325e54de405a8","name":"Проверка удаления аккаунта по причине \"Мои проекты не комментируют и не лайкают\"","fullName":"tests.test_editing_profile.TestEditingProfile#test_deletion_of_account","historyId":"f1bdb605c4bc541f2ea5a2000d772d17","time":{"start":1723578631101,"stop":1723578631101,"duration":0},"description":"Сначала регистрируется новый пользователь, после удаляется по причине и проверяется, что при авторизации ему отображается уведомление","descriptionHtml":"<p>Сначала регистрируется новый пользователь, после удаляется по причине и проверяется, что при авторизации ему отображается уведомление</p>\n","status":"broken","statusMessage":"selenium.common.exceptions.TimeoutException: Message: Не найден элемент с локатором ('xpath', '//input[@name=\"password\"]')","statusTrace":"driver = <selenium.webdriver.chrome.webdriver.WebDriver (session=\"e3f685d7fa9be2f6251a1210789fe69c\")>\n\n    @pytest.fixture(scope='function')\n    @allure.title('Регистрация пользователя')\n    @allure.step('Регистрация пользователя')\n    def registration_user(driver):\n        \"\"\"\n        Фикстура регистрации нового пользователя\n    \n        :param driver:\n            принимает в себя экземпляр драйвера\n    \n        \"\"\"\n        authorization_page = AuthorizationPage(driver)\n        join_page = JoinPage(driver)\n        metabase = MetaBase(driver)\n        assertion = Assertion(driver)\n        rubric_page = RubricPage(driver)\n        main_page = MainPage(driver)\n    \n        authorization_page.open()\n        authorization_page.do_click(config.locators.AuthorizationPageLocators.locators['Кнопка по смс'])\n        join_page.do_click(config.locators.JoinPageLocators.locators['Кнопка далее'])\n        username = f'-{fake.user_name()}.{fake.pyint(min_value=1, max_value=2)}_'\n        join_page.field_send_keys(config.locators.JoinPageLocators.locators['Поле никнейм'], text=f'{username}')\n        join_page.do_click(config.locators.JoinPageLocators.locators['Кнопка далее'])\n>       join_page.field_send_keys(config.locators.JoinPageLocators.locators['Поле пароль'], text=User.PASSWORD)\n\nfixtures/fixtures_for_registration_tests.py:42: \n_ _ _ _ _ _ _ _ _ _ _ _ _ _ _ _ _ _ _ _ _ _ _ _ _ _ _ _ _ _ _ _ _ _ _ _ _ _ _ _ \nbase/base_page.py:127: in field_send_keys\n    element = self.find_element(locator)\nbase/base_page.py:140: in find_element\n    return self.wait.until(EC.visibility_of_element_located(locator),\n_ _ _ _ _ _ _ _ _ _ _ _ _ _ _ _ _ _ _ _ _ _ _ _ _ _ _ _ _ _ _ _ _ _ _ _ _ _ _ _ \n\nself = <selenium.webdriver.support.wait.WebDriverWait (session=\"e3f685d7fa9be2f6251a1210789fe69c\")>\nmethod = <function visibility_of_element_located.<locals>._predicate at 0x7fd1536fbec0>\nmessage = 'Не найден элемент с локатором (\\'xpath\\', \\'//input[@name=\"password\"]\\')'\n\n    def until(self, method: Callable[[D], Union[Literal[False], T]], message: str = \"\") -> T:\n        \"\"\"Calls the method provided with the driver as an argument until the \\\n        return value does not evaluate to ``False``.\n    \n        :param method: callable(WebDriver)\n        :param message: optional message for :exc:`TimeoutException`\n        :returns: the result of the last call to `method`\n        :raises: :exc:`selenium.common.exceptions.TimeoutException` if timeout occurs\n        \"\"\"\n        screen = None\n        stacktrace = None\n    \n        end_time = time.monotonic() + self._timeout\n        while True:\n            try:\n                value = method(self._driver)\n                if value:\n                    return value\n            except self._ignored_exceptions as exc:\n                screen = getattr(exc, \"screen\", None)\n                stacktrace = getattr(exc, \"stacktrace\", None)\n            time.sleep(self._poll)\n            if time.monotonic() > end_time:\n                break\n>       raise TimeoutException(message, screen, stacktrace)\nE       selenium.common.exceptions.TimeoutException: Message: Не найден элемент с локатором ('xpath', '//input[@name=\"password\"]')\n\n../local/lib/python3.12/site-packages/selenium/webdriver/support/wait.py:105: TimeoutException","flaky":false,"newFailed":false,"newBroken":true,"newPassed":false,"retriesCount":0,"retriesStatusChange":false,"beforeStages":[{"name":"_session_faker","time":{"start":1723578090639,"stop":1723578090660,"duration":21},"status":"passed","steps":[],"attachments":[],"parameters":[],"shouldDisplayMessage":false,"attachmentsCount":0,"stepsCount":0,"hasContent":false,"attachmentStep":false},{"name":"driver","time":{"start":1723578631101,"stop":1723578631535,"duration":434},"status":"passed","steps":[],"attachments":[],"parameters":[],"shouldDisplayMessage":false,"attachmentsCount":0,"stepsCount":0,"hasContent":false,"attachmentStep":false},{"name":"setup","time":{"start":1723578631535,"stop":1723578631536,"duration":1},"status":"passed","steps":[],"attachments":[],"parameters":[],"shouldDisplayMessage":false,"attachmentsCount":0,"stepsCount":0,"hasContent":false,"attachmentStep":false},{"name":"Регистрация пользователя","time":{"start":1723578631536,"stop":1723578667891,"duration":36355},"status":"broken","statusMessage":"selenium.common.exceptions.TimeoutException: Message: Не найден элемент с локатором ('xpath', '//input[@name=\"password\"]')\n\n","statusTrace":"  File \"/usr/local/lib/python3.12/site-packages/pluggy/_callers.py\", line 167, in _multicall\n    teardown.throw(outcome._exception)\n  File \"/usr/local/lib/python3.12/site-packages/_pytest/setuponly.py\", line 36, in pytest_fixture_setup\n    return (yield)\n            ^^^^^\n  File \"/usr/local/lib/python3.12/site-packages/pluggy/_callers.py\", line 103, in _multicall\n    res = hook_impl.function(*args)\n          ^^^^^^^^^^^^^^^^^^^^^^^^^\n  File \"/usr/local/lib/python3.12/site-packages/_pytest/fixtures.py\", line 1125, in pytest_fixture_setup\n    result = call_fixture_func(fixturefunc, request, kwargs)\n             ^^^^^^^^^^^^^^^^^^^^^^^^^^^^^^^^^^^^^^^^^^^^^^^\n  File \"/usr/local/lib/python3.12/site-packages/_pytest/fixtures.py\", line 887, in call_fixture_func\n    fixture_result = fixturefunc(**kwargs)\n                     ^^^^^^^^^^^^^^^^^^^^^\n  File \"/usr/local/lib/python3.12/site-packages/allure_commons/_allure.py\", line 192, in impl\n    return func(*a, **kw)\n           ^^^^^^^^^^^^^^\n  File \"/usr/workspace/fixtures/fixtures_for_registration_tests.py\", line 42, in registration_user\n    join_page.field_send_keys(config.locators.JoinPageLocators.locators['Поле пароль'], text=User.PASSWORD)\n  File \"/usr/workspace/base/base_page.py\", line 127, in field_send_keys\n    element = self.find_element(locator)\n              ^^^^^^^^^^^^^^^^^^^^^^^^^^\n  File \"/usr/workspace/base/base_page.py\", line 140, in find_element\n    return self.wait.until(EC.visibility_of_element_located(locator),\n           ^^^^^^^^^^^^^^^^^^^^^^^^^^^^^^^^^^^^^^^^^^^^^^^^^^^^^^^^^^\n  File \"/usr/local/lib/python3.12/site-packages/selenium/webdriver/support/wait.py\", line 105, in until\n    raise TimeoutException(message, screen, stacktrace)\n","steps":[{"name":"Регистрация пользователя","time":{"start":1723578631536,"stop":1723578667891,"duration":36355},"status":"broken","statusMessage":"selenium.common.exceptions.TimeoutException: Message: Не найден элемент с локатором ('xpath', '//input[@name=\"password\"]')\n\n","statusTrace":"  File \"/usr/local/lib/python3.12/site-packages/allure_commons/_allure.py\", line 192, in impl\n    return func(*a, **kw)\n           ^^^^^^^^^^^^^^\n  File \"/usr/workspace/fixtures/fixtures_for_registration_tests.py\", line 42, in registration_user\n    join_page.field_send_keys(config.locators.JoinPageLocators.locators['Поле пароль'], text=User.PASSWORD)\n  File \"/usr/workspace/base/base_page.py\", line 127, in field_send_keys\n    element = self.find_element(locator)\n              ^^^^^^^^^^^^^^^^^^^^^^^^^^\n  File \"/usr/workspace/base/base_page.py\", line 140, in find_element\n    return self.wait.until(EC.visibility_of_element_located(locator),\n           ^^^^^^^^^^^^^^^^^^^^^^^^^^^^^^^^^^^^^^^^^^^^^^^^^^^^^^^^^^\n  File \"/usr/local/lib/python3.12/site-packages/selenium/webdriver/support/wait.py\", line 105, in until\n    raise TimeoutException(message, screen, stacktrace)\n","steps":[],"attachments":[],"parameters":[{"name":"driver","value":"<selenium.webdriver.chrome.webdriver.WebDriver (session=\"e3f685d7fa9be2f6251a1210789fe69c\")>"}],"shouldDisplayMessage":true,"attachmentsCount":0,"stepsCount":0,"hasContent":true,"attachmentStep":false}],"attachments":[],"parameters":[],"shouldDisplayMessage":false,"attachmentsCount":0,"stepsCount":1,"hasContent":true,"attachmentStep":false},{"name":"Инициализация локаторов","time":{"start":1723578631536,"stop":1723578631536,"duration":0},"status":"passed","steps":[{"name":"Инициализация локаторов","time":{"start":1723578631536,"stop":1723578631536,"duration":0},"status":"passed","steps":[],"attachments":[],"parameters":[{"name":"request","value":"<SubRequest 'elements' for <Function test_deletion_of_account[\\u041c\\u043e\\u0438 \\u043f\\u0440\\u043e\\u0435\\u043a\\u0442\\u044b \\u043d\\u0435 \\u043a\\u043e\\u043c\\u043c\\u0435\\u043d\\u0442\\u0438\\u0440\\u0443\\u044e\\u0442 \\u0438 \\u043d\\u0435 \\u043b\\u0430\\u0439\\u043a\\u0430\\u044e\\u0442]>>"}],"shouldDisplayMessage":false,"attachmentsCount":0,"stepsCount":0,"hasContent":true,"attachmentStep":false}],"attachments":[],"parameters":[],"shouldDisplayMessage":false,"attachmentsCount":0,"stepsCount":1,"hasContent":true,"attachmentStep":false}],"afterStages":[{"name":"driver::0","time":{"start":1723578667902,"stop":1723578668101,"duration":199},"status":"passed","steps":[],"attachments":[{"uid":"8d3092807958a517","name":"page_source","source":"8d3092807958a517.html","type":"text/html","size":17621},{"uid":"93186dd433719e40","name":"screenshot","source":"93186dd433719e40.png","type":"image/png","size":31670},{"uid":"d7d83c31c35d3b69","name":"browser_logs","source":"d7d83c31c35d3b69.txt","type":"text/plain","size":2199}],"parameters":[],"shouldDisplayMessage":false,"attachmentsCount":3,"stepsCount":0,"hasContent":true,"attachmentStep":false}],"labels":[{"name":"feature","value":"Редактирование профиля"},{"name":"severity","value":"Critical"},{"name":"tag","value":"regression"},{"name":"tag","value":"editing_profile"},{"name":"parentSuite","value":"tests"},{"name":"suite","value":"test_editing_profile"},{"name":"subSuite","value":"TestEditingProfile"},{"name":"host","value":"05eeadc1b33b"},{"name":"thread","value":"1-MainThread"},{"name":"framework","value":"pytest"},{"name":"language","value":"cpython3"},{"name":"package","value":"tests.test_editing_profile"},{"name":"resultFormat","value":"allure2"}],"parameters":[{"name":"options","value":"'Мои проекты не комментируют и не лайкают'"}],"links":[],"hidden":false,"retry":false,"extra":{"severity":"critical","retries":[],"categories":[{"name":"Test defects","matchedStatuses":[],"flaky":false}],"history":{"statistic":{"failed":0,"broken":1,"skipped":0,"passed":5,"unknown":0,"total":6},"items":[{"uid":"429d1d6ba61742f9","status":"passed","time":{"start":1723495817306,"stop":1723495827222,"duration":9916}},{"uid":"19dfa1b8378d38ac","status":"passed","time":{"start":1723149727642,"stop":1723149736894,"duration":9252}},{"uid":"9da46c1ac5085eb0","status":"passed","time":{"start":1723148435297,"stop":1723148444928,"duration":9631}},{"uid":"c30b16e70c57ba41","status":"passed","time":{"start":1723146705732,"stop":1723146716473,"duration":10741}},{"uid":"da198cf023ff7c7e","status":"passed","time":{"start":1723064927715,"stop":1723064938619,"duration":10904}}]},"tags":["editing_profile","regression"]},"source":"b66325e54de405a8.json","parameterValues":["'Мои проекты не комментируют и не лайкают'"]}