{"uid":"b745412fbf388489","name":"Проверка валидации поля \"Код приглашения\" при вводе случайного значения","fullName":"tests.test_registration.TestRegistrationUser#test_validation_of_the_invitation_code_field_when_entering_a_random_value","historyId":"d17e0f4ceef8526f5f1c273f1de67e54","time":{"start":1738002723553,"stop":1738002742977,"duration":19424},"status":"broken","statusMessage":"selenium.common.exceptions.TimeoutException: Message:","statusTrace":"self = <test_registration.TestRegistrationUser object at 0x7f32e3429940>\nelements = {'Банк ачивок': {'Блок ачивок': ('xpath', '//div[contains(@class,\"user-achievement-by-interests_container\")]'), 'Модал...'carrot-messenger-frame'), 'Чат кэррот': ('xpath', '//div[contains(@class,\"carrot-messenger-frame-container\")]')}, ...}\n\n    @allure.title('Проверка валидации поля \"Код приглашения\" при вводе случайного значения')\n    @allure.severity('Critical')\n    @pytest.mark.regression\n    def test_validation_of_the_invitation_code_field_when_entering_a_random_value(self, elements):\n        with allure.step('Открыть страницу авторизации'):\n            self.authorization_page.open()\n            element = elements['Страница авторизации']\n    \n        with allure.step('Нажать кнопку \"По смс (Для России)\"'):\n            self.authorization_page.do_click(element['Кнопка по смс'])\n    \n        with allure.step('Нажать кнопку Далее'):\n            element = elements['Страница регистрации']\n            self.join_page.do_click(element['Кнопка далее'])\n    \n        with allure.step('В поле никнейм ввести любое валидное значение'):\n            username = f'-{fake.user_name()}.{fake.pyint(min_value=1, max_value=2)}_'\n            self.join_page.field_send_keys(element['Поле никнейм'], text=f'{username}')\n    \n        with allure.step('Нажать кнопку Далее'):\n            self.join_page.do_click(element['Кнопка далее'])\n    \n        with allure.step('В поле Пароль ввести пароль'):\n            self.join_page.field_send_keys(element['Поле пароль'], text=self.User.PASSWORD)\n    \n        with allure.step('В поле Повтори пароль ввести пароль еще раз'):\n            self.join_page.field_send_keys(element['Поле повтори пароль'], text=self.User.PASSWORD)\n    \n        with allure.step('Нажать на чекбокс \"У меня есть код приглашения\"'):\n            self.join_page.do_click(element['Чекбокс код приглашения'])\n    \n        with allure.step('В поле код приглашения ввести рандомный текст'):\n            self.join_page.field_send_keys(element['Поле код приглашения'], text=fake.pystr())\n    \n        with allure.step('Нажать кнопку далее'):\n            self.join_page.do_click(element['Кнопка далее'])\n    \n        with allure.step('Проверить, что под полем \"Код приглашения\" сработала валидация с текстом:'\n                         ' \"Неверный код приглашения\"'):\n>           self.assertion.text_in_element(element['Валидация поля код приглашения'],\n                                           expected_text='Неверный код приглашения')\n\ntests/test_registration.py:611: \n_ _ _ _ _ _ _ _ _ _ _ _ _ _ _ _ _ _ _ _ _ _ _ _ _ _ _ _ _ _ _ _ _ _ _ _ _ _ _ _ \nbase/base_assertion.py:26: in text_in_element\n    element = WebDriverWait(self.driver, timeout).until(\n_ _ _ _ _ _ _ _ _ _ _ _ _ _ _ _ _ _ _ _ _ _ _ _ _ _ _ _ _ _ _ _ _ _ _ _ _ _ _ _ \n\nself = <selenium.webdriver.support.wait.WebDriverWait (session=\"3be58fd476c0dd4da85f63d31ed6b1d5\")>\nmethod = <function presence_of_element_located.<locals>._predicate at 0x7f32e4765ee0>\nmessage = ''\n\n    def until(self, method: Callable[[D], Union[Literal[False], T]], message: str = \"\") -> T:\n        \"\"\"Calls the method provided with the driver as an argument until the \\\n        return value does not evaluate to ``False``.\n    \n        :param method: callable(WebDriver)\n        :param message: optional message for :exc:`TimeoutException`\n        :returns: the result of the last call to `method`\n        :raises: :exc:`selenium.common.exceptions.TimeoutException` if timeout occurs\n        \"\"\"\n        screen = None\n        stacktrace = None\n    \n        end_time = time.monotonic() + self._timeout\n        while True:\n            try:\n                value = method(self._driver)\n                if value:\n                    return value\n            except self._ignored_exceptions as exc:\n                screen = getattr(exc, \"screen\", None)\n                stacktrace = getattr(exc, \"stacktrace\", None)\n            if time.monotonic() > end_time:\n                break\n            time.sleep(self._poll)\n>       raise TimeoutException(message, screen, stacktrace)\nE       selenium.common.exceptions.TimeoutException: Message:\n\n../local/lib/python3.12/site-packages/selenium/webdriver/support/wait.py:105: TimeoutException","flaky":false,"newFailed":false,"newBroken":false,"newPassed":false,"retriesCount":0,"retriesStatusChange":false,"beforeStages":[{"name":"_session_faker","time":{"start":1738001308084,"stop":1738001308085,"duration":1},"status":"passed","steps":[],"attachments":[],"parameters":[],"shouldDisplayMessage":false,"attachmentsCount":0,"stepsCount":0,"hasContent":false,"attachmentStep":false},{"name":"driver","time":{"start":1738002723130,"stop":1738002723552,"duration":422},"status":"passed","steps":[],"attachments":[],"parameters":[],"shouldDisplayMessage":false,"attachmentsCount":0,"stepsCount":0,"hasContent":false,"attachmentStep":false},{"name":"Инициализация локаторов","time":{"start":1738002723552,"stop":1738002723552,"duration":0},"status":"passed","steps":[{"name":"Инициализация локаторов","time":{"start":1738002723552,"stop":1738002723552,"duration":0},"status":"passed","steps":[],"attachments":[],"parameters":[{"name":"request","value":"<SubRequest 'elements' for <Function test_validation_of_the_invitation_code_field_when_entering_a_random_value>>"}],"shouldDisplayMessage":false,"attachmentsCount":0,"stepsCount":0,"hasContent":true,"attachmentStep":false}],"attachments":[],"parameters":[],"shouldDisplayMessage":false,"attachmentsCount":0,"stepsCount":1,"hasContent":true,"attachmentStep":false},{"name":"setup","time":{"start":1738002723552,"stop":1738002723552,"duration":0},"status":"passed","steps":[],"attachments":[],"parameters":[],"shouldDisplayMessage":false,"attachmentsCount":0,"stepsCount":0,"hasContent":false,"attachmentStep":false}],"testStage":{"status":"broken","statusMessage":"selenium.common.exceptions.TimeoutException: Message:","statusTrace":"self = <test_registration.TestRegistrationUser object at 0x7f32e3429940>\nelements = {'Банк ачивок': {'Блок ачивок': ('xpath', '//div[contains(@class,\"user-achievement-by-interests_container\")]'), 'Модал...'carrot-messenger-frame'), 'Чат кэррот': ('xpath', '//div[contains(@class,\"carrot-messenger-frame-container\")]')}, ...}\n\n    @allure.title('Проверка валидации поля \"Код приглашения\" при вводе случайного значения')\n    @allure.severity('Critical')\n    @pytest.mark.regression\n    def test_validation_of_the_invitation_code_field_when_entering_a_random_value(self, elements):\n        with allure.step('Открыть страницу авторизации'):\n            self.authorization_page.open()\n            element = elements['Страница авторизации']\n    \n        with allure.step('Нажать кнопку \"По смс (Для России)\"'):\n            self.authorization_page.do_click(element['Кнопка по смс'])\n    \n        with allure.step('Нажать кнопку Далее'):\n            element = elements['Страница регистрации']\n            self.join_page.do_click(element['Кнопка далее'])\n    \n        with allure.step('В поле никнейм ввести любое валидное значение'):\n            username = f'-{fake.user_name()}.{fake.pyint(min_value=1, max_value=2)}_'\n            self.join_page.field_send_keys(element['Поле никнейм'], text=f'{username}')\n    \n        with allure.step('Нажать кнопку Далее'):\n            self.join_page.do_click(element['Кнопка далее'])\n    \n        with allure.step('В поле Пароль ввести пароль'):\n            self.join_page.field_send_keys(element['Поле пароль'], text=self.User.PASSWORD)\n    \n        with allure.step('В поле Повтори пароль ввести пароль еще раз'):\n            self.join_page.field_send_keys(element['Поле повтори пароль'], text=self.User.PASSWORD)\n    \n        with allure.step('Нажать на чекбокс \"У меня есть код приглашения\"'):\n            self.join_page.do_click(element['Чекбокс код приглашения'])\n    \n        with allure.step('В поле код приглашения ввести рандомный текст'):\n            self.join_page.field_send_keys(element['Поле код приглашения'], text=fake.pystr())\n    \n        with allure.step('Нажать кнопку далее'):\n            self.join_page.do_click(element['Кнопка далее'])\n    \n        with allure.step('Проверить, что под полем \"Код приглашения\" сработала валидация с текстом:'\n                         ' \"Неверный код приглашения\"'):\n>           self.assertion.text_in_element(element['Валидация поля код приглашения'],\n                                           expected_text='Неверный код приглашения')\n\ntests/test_registration.py:611: \n_ _ _ _ _ _ _ _ _ _ _ _ _ _ _ _ _ _ _ _ _ _ _ _ _ _ _ _ _ _ _ _ _ _ _ _ _ _ _ _ \nbase/base_assertion.py:26: in text_in_element\n    element = WebDriverWait(self.driver, timeout).until(\n_ _ _ _ _ _ _ _ _ _ _ _ _ _ _ _ _ _ _ _ _ _ _ _ _ _ _ _ _ _ _ _ _ _ _ _ _ _ _ _ \n\nself = <selenium.webdriver.support.wait.WebDriverWait (session=\"3be58fd476c0dd4da85f63d31ed6b1d5\")>\nmethod = <function presence_of_element_located.<locals>._predicate at 0x7f32e4765ee0>\nmessage = ''\n\n    def until(self, method: Callable[[D], Union[Literal[False], T]], message: str = \"\") -> T:\n        \"\"\"Calls the method provided with the driver as an argument until the \\\n        return value does not evaluate to ``False``.\n    \n        :param method: callable(WebDriver)\n        :param message: optional message for :exc:`TimeoutException`\n        :returns: the result of the last call to `method`\n        :raises: :exc:`selenium.common.exceptions.TimeoutException` if timeout occurs\n        \"\"\"\n        screen = None\n        stacktrace = None\n    \n        end_time = time.monotonic() + self._timeout\n        while True:\n            try:\n                value = method(self._driver)\n                if value:\n                    return value\n            except self._ignored_exceptions as exc:\n                screen = getattr(exc, \"screen\", None)\n                stacktrace = getattr(exc, \"stacktrace\", None)\n            if time.monotonic() > end_time:\n                break\n            time.sleep(self._poll)\n>       raise TimeoutException(message, screen, stacktrace)\nE       selenium.common.exceptions.TimeoutException: Message:\n\n../local/lib/python3.12/site-packages/selenium/webdriver/support/wait.py:105: TimeoutException","steps":[{"name":"Открыть страницу авторизации","time":{"start":1738002723553,"stop":1738002725649,"duration":2096},"status":"passed","steps":[],"attachments":[],"parameters":[],"shouldDisplayMessage":false,"attachmentsCount":0,"stepsCount":0,"hasContent":false,"attachmentStep":false},{"name":"Нажать кнопку \"По смс (Для России)\"","time":{"start":1738002725649,"stop":1738002728926,"duration":3277},"status":"passed","steps":[],"attachments":[],"parameters":[],"shouldDisplayMessage":false,"attachmentsCount":0,"stepsCount":0,"hasContent":false,"attachmentStep":false},{"name":"Нажать кнопку Далее","time":{"start":1738002728926,"stop":1738002729475,"duration":549},"status":"passed","steps":[],"attachments":[],"parameters":[],"shouldDisplayMessage":false,"attachmentsCount":0,"stepsCount":0,"hasContent":false,"attachmentStep":false},{"name":"В поле никнейм ввести любое валидное значение","time":{"start":1738002729475,"stop":1738002731038,"duration":1563},"status":"passed","steps":[],"attachments":[],"parameters":[],"shouldDisplayMessage":false,"attachmentsCount":0,"stepsCount":0,"hasContent":false,"attachmentStep":false},{"name":"Нажать кнопку Далее","time":{"start":1738002731038,"stop":1738002731078,"duration":40},"status":"passed","steps":[],"attachments":[],"parameters":[],"shouldDisplayMessage":false,"attachmentsCount":0,"stepsCount":0,"hasContent":false,"attachmentStep":false},{"name":"В поле Пароль ввести пароль","time":{"start":1738002731078,"stop":1738002732631,"duration":1553},"status":"passed","steps":[],"attachments":[],"parameters":[],"shouldDisplayMessage":false,"attachmentsCount":0,"stepsCount":0,"hasContent":false,"attachmentStep":false},{"name":"В поле Повтори пароль ввести пароль еще раз","time":{"start":1738002732631,"stop":1738002732682,"duration":51},"status":"passed","steps":[],"attachments":[],"parameters":[],"shouldDisplayMessage":false,"attachmentsCount":0,"stepsCount":0,"hasContent":false,"attachmentStep":false},{"name":"Нажать на чекбокс \"У меня есть код приглашения\"","time":{"start":1738002732682,"stop":1738002732731,"duration":49},"status":"passed","steps":[],"attachments":[],"parameters":[],"shouldDisplayMessage":false,"attachmentsCount":0,"stepsCount":0,"hasContent":false,"attachmentStep":false},{"name":"В поле код приглашения ввести рандомный текст","time":{"start":1738002732731,"stop":1738002732814,"duration":83},"status":"passed","steps":[],"attachments":[],"parameters":[],"shouldDisplayMessage":false,"attachmentsCount":0,"stepsCount":0,"hasContent":false,"attachmentStep":false},{"name":"Нажать кнопку далее","time":{"start":1738002732814,"stop":1738002732854,"duration":40},"status":"passed","steps":[],"attachments":[],"parameters":[],"shouldDisplayMessage":false,"attachmentsCount":0,"stepsCount":0,"hasContent":false,"attachmentStep":false},{"name":"Проверить, что под полем \"Код приглашения\" сработала валидация с текстом: \"Неверный код приглашения\"","time":{"start":1738002732855,"stop":1738002742977,"duration":10122},"status":"broken","statusMessage":"selenium.common.exceptions.TimeoutException: Message: \n\n","statusTrace":"  File \"/usr/workspace/tests/test_registration.py\", line 611, in test_validation_of_the_invitation_code_field_when_entering_a_random_value\n    self.assertion.text_in_element(element['Валидация поля код приглашения'],\n  File \"/usr/workspace/base/base_assertion.py\", line 26, in text_in_element\n    element = WebDriverWait(self.driver, timeout).until(\n              ^^^^^^^^^^^^^^^^^^^^^^^^^^^^^^^^^^^^^^^^^^\n  File \"/usr/local/lib/python3.12/site-packages/selenium/webdriver/support/wait.py\", line 105, in until\n    raise TimeoutException(message, screen, stacktrace)\n","steps":[],"attachments":[],"parameters":[],"shouldDisplayMessage":true,"attachmentsCount":0,"stepsCount":0,"hasContent":true,"attachmentStep":false}],"attachments":[],"parameters":[],"shouldDisplayMessage":true,"attachmentsCount":0,"stepsCount":11,"hasContent":true,"attachmentStep":false},"afterStages":[{"name":"driver::0","time":{"start":1738002742996,"stop":1738002743179,"duration":183},"status":"passed","steps":[],"attachments":[{"uid":"8565a426c1d92388","name":"page_source","source":"8565a426c1d92388.html","type":"text/html","size":17507},{"uid":"db8dbe192b57dc5f","name":"screenshot","source":"db8dbe192b57dc5f.png","type":"image/png","size":40628},{"uid":"a568176317ef3a01","name":"browser_logs","source":"a568176317ef3a01.txt","type":"text/plain","size":2706}],"parameters":[],"shouldDisplayMessage":false,"attachmentsCount":3,"stepsCount":0,"hasContent":true,"attachmentStep":false}],"labels":[{"name":"severity","value":"Critical"},{"name":"feature","value":"Регистрация пользователя"},{"name":"tag","value":"regression"},{"name":"tag","value":"registration"},{"name":"parentSuite","value":"tests"},{"name":"suite","value":"test_registration"},{"name":"subSuite","value":"TestRegistrationUser"},{"name":"host","value":"f6ae2b2a5036"},{"name":"thread","value":"1-MainThread"},{"name":"framework","value":"pytest"},{"name":"language","value":"cpython3"},{"name":"package","value":"tests.test_registration"},{"name":"resultFormat","value":"allure2"}],"parameters":[],"links":[],"hidden":false,"retry":false,"extra":{"severity":"critical","retries":[],"categories":[{"name":"Test defects","matchedStatuses":[],"flaky":false}],"history":{"statistic":{"failed":0,"broken":22,"skipped":0,"passed":27,"unknown":0,"total":49},"items":[{"uid":"20684be30152e175","status":"broken","statusDetails":"selenium.common.exceptions.TimeoutException: Message:","time":{"start":1737936498277,"stop":1737936636765,"duration":138488}},{"uid":"5fbce9406d77baf1","status":"broken","statusDetails":"selenium.common.exceptions.TimeoutException: Message:","time":{"start":1737843672345,"stop":1737843693818,"duration":21473}},{"uid":"3581702cf6bbe75a","status":"broken","statusDetails":"selenium.common.exceptions.TimeoutException: Message:","time":{"start":1737832793281,"stop":1737832812458,"duration":19177}},{"uid":"340b48d368ae52e","status":"broken","statusDetails":"selenium.common.exceptions.TimeoutException: Message:","time":{"start":1737800158271,"stop":1737800177650,"duration":19379}},{"uid":"72d558c10195aa13","status":"broken","statusDetails":"selenium.common.exceptions.TimeoutException: Message:","time":{"start":1737758417078,"stop":1737758436981,"duration":19903}},{"uid":"26f4228d0c007e2f","status":"broken","statusDetails":"selenium.common.exceptions.TimeoutException: Message:","time":{"start":1737745419967,"stop":1737745438954,"duration":18987}},{"uid":"d300c422771e274b","status":"broken","statusDetails":"selenium.common.exceptions.TimeoutException: Message: Не найден элемент с локатором ('xpath', '//label[@class=\"text-field_validation-message__nizJJ\"]')","time":{"start":1737653325075,"stop":1737653365607,"duration":40532}},{"uid":"9cc02328f29760b6","status":"broken","statusDetails":"selenium.common.exceptions.TimeoutException: Message: Не найден элемент с локатором ('xpath', '//input[@name=\"nickname\"]')","time":{"start":1737571277368,"stop":1737571316064,"duration":38696}},{"uid":"9a763d6bba73d52a","status":"broken","statusDetails":"selenium.common.exceptions.WebDriverException: Message: unknown error: Chrome failed to start: exited abnormally.\n  (unknown error: DevToolsActivePort file doesn't exist)\n  (The process started from chrome location /usr/bin/chromium-browser is no longer running, so ChromeDriver is assuming that Chrome has crashed.)","time":{"start":1737568973085,"stop":1737568973085,"duration":0}},{"uid":"24d301ec4b4c5e85","status":"broken","statusDetails":"selenium.common.exceptions.TimeoutException: Message: Не найден элемент с локатором ('xpath', '//label[@class=\"text-field_validation-message__nizJJ\"]')","time":{"start":1734035222626,"stop":1734035261860,"duration":39234}},{"uid":"1ce65f9977a88b7a","status":"broken","statusDetails":"selenium.common.exceptions.TimeoutException: Message:","time":{"start":1733938034155,"stop":1733938072569,"duration":38414}},{"uid":"db641e832f5fc620","status":"broken","statusDetails":"selenium.common.exceptions.TimeoutException: Message:","time":{"start":1733866664309,"stop":1733866703059,"duration":38750}},{"uid":"72bbb19d5e6415a0","status":"broken","statusDetails":"selenium.common.exceptions.TimeoutException: Message:","time":{"start":1733861102063,"stop":1733861140634,"duration":38571}},{"uid":"3356c611504b2fa8","status":"broken","statusDetails":"selenium.common.exceptions.TimeoutException: Message:","time":{"start":1733857522312,"stop":1733857560821,"duration":38509}},{"uid":"22c2d73ccaa9d038","status":"broken","statusDetails":"selenium.common.exceptions.TimeoutException: Message:","time":{"start":1733772467073,"stop":1733772506046,"duration":38973}},{"uid":"802bf0216cc3f875","status":"broken","statusDetails":"selenium.common.exceptions.TimeoutException: Message:","time":{"start":1733766890704,"stop":1733766929218,"duration":38514}},{"uid":"9d001e250df24797","status":"broken","statusDetails":"selenium.common.exceptions.TimeoutException: Message:","time":{"start":1733422515291,"stop":1733422528123,"duration":12832}},{"uid":"6be6863d4c850e45","status":"broken","statusDetails":"selenium.common.exceptions.TimeoutException: Message:","time":{"start":1726780824135,"stop":1726780835919,"duration":11784}},{"uid":"870c1b41bb810f63","status":"broken","statusDetails":"selenium.common.exceptions.TimeoutException: Message:","time":{"start":1726777606493,"stop":1726777619197,"duration":12704}},{"uid":"189080908ae8f2ac","status":"passed","time":{"start":1724099351423,"stop":1724099360847,"duration":9424}}]},"tags":["regression","registration"]},"source":"b745412fbf388489.json","parameterValues":[]}