{"uid":"b80c0dc2af9bfa97","name":"Проверка валидации поля никнейм при вводе уже зарегистрированного никнейма","fullName":"tests.test_registration.TestRegistrationUser#test_validation_field_nickname_when_entering_an_already_registered_nickname","historyId":"6c03bba326b92af17c29d08a1f3d970c","time":{"start":1720637328461,"stop":1720637365482,"duration":37021},"status":"broken","statusMessage":"selenium.common.exceptions.TimeoutException: Message: Не найден элемент с локатором ('xpath', '//label[@class=\"text-field_validation-message__nizJJ\"]')","statusTrace":"self = <test_registration.TestRegistrationUser object at 0x7f4a13141d90>\nelements = {'Страница авторизации': {'Кнопка вконтакте': ('xpath', '//button[@name=\"signUpWithVK\"]'), 'Кнопка войти': ('xpath', '...ct-2-option-88'), '1927 год': ('id', 'react-select-2-option-87'), '1928 год': ('id', 'react-select-2-option-86'), ...}}\n\n    @allure.title('Проверка валидации поля никнейм при вводе уже зарегистрированного никнейма')\n    @allure.severity('Normal')\n    @pytest.mark.regression\n    def test_validation_field_nickname_when_entering_an_already_registered_nickname(self, elements):\n        with allure.step('Открыть страницу регистрации'):\n            self.authorization_page.open()\n            element = elements['Страница авторизации']\n    \n        with allure.step('Нажать кнопку \"По смс (Для России)\"'):\n            self.authorization_page.do_click(element['Кнопка по смс'])\n    \n        with allure.step('Нажать кнопку Далее'):\n            element = elements['Страница регистрации']\n            self.join_page.do_click(element['Кнопка далее'])\n    \n        with allure.step('В поле никнейм ввести Aleska'):\n            self.join_page.field_send_keys(element['Поле никнейм'], text='Aleska')\n    \n        with allure.step('Нажать кнопку Далее'):\n            self.join_page.do_click(element['Кнопка далее'])\n    \n        with allure.step('Проверить, что отображается валидация поля никнейм: Данный Никнейм уже занят'):\n>           self.assertion.text_in_element(element['Валидация поля никнейм'], expected_text='Данный Никнейм уже занят')\n\ntests/test_registration.py:236: \n_ _ _ _ _ _ _ _ _ _ _ _ _ _ _ _ _ _ _ _ _ _ _ _ _ _ _ _ _ _ _ _ _ _ _ _ _ _ _ _ \nbase/base_assertion.py:22: in text_in_element\n    actual_text = self.find_element(element_locator).text\nbase/base_page.py:87: in find_element\n    return self.wait.until(EC.visibility_of_element_located(locator),\n_ _ _ _ _ _ _ _ _ _ _ _ _ _ _ _ _ _ _ _ _ _ _ _ _ _ _ _ _ _ _ _ _ _ _ _ _ _ _ _ \n\nself = <selenium.webdriver.support.wait.WebDriverWait (session=\"ffab3289b078ec347cc8b73df0f78ee5\")>\nmethod = <function visibility_of_element_located.<locals>._predicate at 0x7f4a14667060>\nmessage = 'Не найден элемент с локатором (\\'xpath\\', \\'//label[@class=\"text-field_validation-message__nizJJ\"]\\')'\n\n    def until(self, method: Callable[[D], Union[Literal[False], T]], message: str = \"\") -> T:\n        \"\"\"Calls the method provided with the driver as an argument until the \\\n        return value does not evaluate to ``False``.\n    \n        :param method: callable(WebDriver)\n        :param message: optional message for :exc:`TimeoutException`\n        :returns: the result of the last call to `method`\n        :raises: :exc:`selenium.common.exceptions.TimeoutException` if timeout occurs\n        \"\"\"\n        screen = None\n        stacktrace = None\n    \n        end_time = time.monotonic() + self._timeout\n        while True:\n            try:\n                value = method(self._driver)\n                if value:\n                    return value\n            except self._ignored_exceptions as exc:\n                screen = getattr(exc, \"screen\", None)\n                stacktrace = getattr(exc, \"stacktrace\", None)\n            time.sleep(self._poll)\n            if time.monotonic() > end_time:\n                break\n>       raise TimeoutException(message, screen, stacktrace)\nE       selenium.common.exceptions.TimeoutException: Message: Не найден элемент с локатором ('xpath', '//label[@class=\"text-field_validation-message__nizJJ\"]')\n\n../local/lib/python3.12/site-packages/selenium/webdriver/support/wait.py:105: TimeoutException","flaky":false,"newFailed":false,"newBroken":false,"newPassed":false,"retriesCount":0,"retriesStatusChange":false,"beforeStages":[{"name":"_session_faker","time":{"start":1720637213598,"stop":1720637213619,"duration":21},"status":"passed","steps":[],"attachments":[],"parameters":[],"shouldDisplayMessage":false,"attachmentsCount":0,"hasContent":false,"attachmentStep":false,"stepsCount":0},{"name":"driver","time":{"start":1720637328028,"stop":1720637328460,"duration":432},"status":"passed","steps":[],"attachments":[],"parameters":[],"shouldDisplayMessage":false,"attachmentsCount":0,"hasContent":false,"attachmentStep":false,"stepsCount":0},{"name":"elements","time":{"start":1720637328461,"stop":1720637328461,"duration":0},"status":"passed","steps":[],"attachments":[],"parameters":[],"shouldDisplayMessage":false,"attachmentsCount":0,"hasContent":false,"attachmentStep":false,"stepsCount":0},{"name":"setup","time":{"start":1720637328461,"stop":1720637328461,"duration":0},"status":"passed","steps":[],"attachments":[],"parameters":[],"shouldDisplayMessage":false,"attachmentsCount":0,"hasContent":false,"attachmentStep":false,"stepsCount":0}],"testStage":{"status":"broken","statusMessage":"selenium.common.exceptions.TimeoutException: Message: Не найден элемент с локатором ('xpath', '//label[@class=\"text-field_validation-message__nizJJ\"]')","statusTrace":"self = <test_registration.TestRegistrationUser object at 0x7f4a13141d90>\nelements = {'Страница авторизации': {'Кнопка вконтакте': ('xpath', '//button[@name=\"signUpWithVK\"]'), 'Кнопка войти': ('xpath', '...ct-2-option-88'), '1927 год': ('id', 'react-select-2-option-87'), '1928 год': ('id', 'react-select-2-option-86'), ...}}\n\n    @allure.title('Проверка валидации поля никнейм при вводе уже зарегистрированного никнейма')\n    @allure.severity('Normal')\n    @pytest.mark.regression\n    def test_validation_field_nickname_when_entering_an_already_registered_nickname(self, elements):\n        with allure.step('Открыть страницу регистрации'):\n            self.authorization_page.open()\n            element = elements['Страница авторизации']\n    \n        with allure.step('Нажать кнопку \"По смс (Для России)\"'):\n            self.authorization_page.do_click(element['Кнопка по смс'])\n    \n        with allure.step('Нажать кнопку Далее'):\n            element = elements['Страница регистрации']\n            self.join_page.do_click(element['Кнопка далее'])\n    \n        with allure.step('В поле никнейм ввести Aleska'):\n            self.join_page.field_send_keys(element['Поле никнейм'], text='Aleska')\n    \n        with allure.step('Нажать кнопку Далее'):\n            self.join_page.do_click(element['Кнопка далее'])\n    \n        with allure.step('Проверить, что отображается валидация поля никнейм: Данный Никнейм уже занят'):\n>           self.assertion.text_in_element(element['Валидация поля никнейм'], expected_text='Данный Никнейм уже занят')\n\ntests/test_registration.py:236: \n_ _ _ _ _ _ _ _ _ _ _ _ _ _ _ _ _ _ _ _ _ _ _ _ _ _ _ _ _ _ _ _ _ _ _ _ _ _ _ _ \nbase/base_assertion.py:22: in text_in_element\n    actual_text = self.find_element(element_locator).text\nbase/base_page.py:87: in find_element\n    return self.wait.until(EC.visibility_of_element_located(locator),\n_ _ _ _ _ _ _ _ _ _ _ _ _ _ _ _ _ _ _ _ _ _ _ _ _ _ _ _ _ _ _ _ _ _ _ _ _ _ _ _ \n\nself = <selenium.webdriver.support.wait.WebDriverWait (session=\"ffab3289b078ec347cc8b73df0f78ee5\")>\nmethod = <function visibility_of_element_located.<locals>._predicate at 0x7f4a14667060>\nmessage = 'Не найден элемент с локатором (\\'xpath\\', \\'//label[@class=\"text-field_validation-message__nizJJ\"]\\')'\n\n    def until(self, method: Callable[[D], Union[Literal[False], T]], message: str = \"\") -> T:\n        \"\"\"Calls the method provided with the driver as an argument until the \\\n        return value does not evaluate to ``False``.\n    \n        :param method: callable(WebDriver)\n        :param message: optional message for :exc:`TimeoutException`\n        :returns: the result of the last call to `method`\n        :raises: :exc:`selenium.common.exceptions.TimeoutException` if timeout occurs\n        \"\"\"\n        screen = None\n        stacktrace = None\n    \n        end_time = time.monotonic() + self._timeout\n        while True:\n            try:\n                value = method(self._driver)\n                if value:\n                    return value\n            except self._ignored_exceptions as exc:\n                screen = getattr(exc, \"screen\", None)\n                stacktrace = getattr(exc, \"stacktrace\", None)\n            time.sleep(self._poll)\n            if time.monotonic() > end_time:\n                break\n>       raise TimeoutException(message, screen, stacktrace)\nE       selenium.common.exceptions.TimeoutException: Message: Не найден элемент с локатором ('xpath', '//label[@class=\"text-field_validation-message__nizJJ\"]')\n\n../local/lib/python3.12/site-packages/selenium/webdriver/support/wait.py:105: TimeoutException","steps":[{"name":"Открыть страницу регистрации","time":{"start":1720637328461,"stop":1720637330667,"duration":2206},"status":"passed","steps":[],"attachments":[],"parameters":[],"shouldDisplayMessage":false,"attachmentsCount":0,"hasContent":false,"attachmentStep":false,"stepsCount":0},{"name":"Нажать кнопку \"По смс (Для России)\"","time":{"start":1720637330667,"stop":1720637332221,"duration":1554},"status":"passed","steps":[],"attachments":[],"parameters":[],"shouldDisplayMessage":false,"attachmentsCount":0,"hasContent":false,"attachmentStep":false,"stepsCount":0},{"name":"Нажать кнопку Далее","time":{"start":1720637332221,"stop":1720637333769,"duration":1548},"status":"passed","steps":[],"attachments":[],"parameters":[],"shouldDisplayMessage":false,"attachmentsCount":0,"hasContent":false,"attachmentStep":false,"stepsCount":0},{"name":"В поле никнейм ввести Aleska","time":{"start":1720637333769,"stop":1720637335331,"duration":1562},"status":"passed","steps":[],"attachments":[],"parameters":[],"shouldDisplayMessage":false,"attachmentsCount":0,"hasContent":false,"attachmentStep":false,"stepsCount":0},{"name":"Нажать кнопку Далее","time":{"start":1720637335331,"stop":1720637335369,"duration":38},"status":"passed","steps":[],"attachments":[],"parameters":[],"shouldDisplayMessage":false,"attachmentsCount":0,"hasContent":false,"attachmentStep":false,"stepsCount":0},{"name":"Проверить, что отображается валидация поля никнейм: Данный Никнейм уже занят","time":{"start":1720637335369,"stop":1720637365482,"duration":30113},"status":"broken","statusMessage":"selenium.common.exceptions.TimeoutException: Message: Не найден элемент с локатором ('xpath', '//label[@class=\"text-field_validation-message__nizJJ\"]')\n\n","statusTrace":"  File \"/usr/workspace/tests/test_registration.py\", line 236, in test_validation_field_nickname_when_entering_an_already_registered_nickname\n    self.assertion.text_in_element(element['Валидация поля никнейм'], expected_text='Данный Никнейм уже занят')\n  File \"/usr/workspace/base/base_assertion.py\", line 22, in text_in_element\n    actual_text = self.find_element(element_locator).text\n                  ^^^^^^^^^^^^^^^^^^^^^^^^^^^^^^^^^^\n  File \"/usr/workspace/base/base_page.py\", line 87, in find_element\n    return self.wait.until(EC.visibility_of_element_located(locator),\n           ^^^^^^^^^^^^^^^^^^^^^^^^^^^^^^^^^^^^^^^^^^^^^^^^^^^^^^^^^^\n  File \"/usr/local/lib/python3.12/site-packages/selenium/webdriver/support/wait.py\", line 105, in until\n    raise TimeoutException(message, screen, stacktrace)\n","steps":[],"attachments":[],"parameters":[],"shouldDisplayMessage":true,"attachmentsCount":0,"hasContent":true,"attachmentStep":false,"stepsCount":0}],"attachments":[],"parameters":[],"shouldDisplayMessage":true,"attachmentsCount":0,"hasContent":true,"attachmentStep":false,"stepsCount":6},"afterStages":[{"name":"driver::0","time":{"start":1720637365499,"stop":1720637365687,"duration":188},"status":"passed","steps":[],"attachments":[{"uid":"2164252794807673","name":"page_source","source":"2164252794807673.html","type":"text/html","size":21857},{"uid":"3549327b4642d4fa","name":"screenshot","source":"3549327b4642d4fa.png","type":"image/png","size":30718},{"uid":"39ecbe0bf99bdb5b","name":"browser_logs","source":"39ecbe0bf99bdb5b.txt","type":"text/plain","size":2199}],"parameters":[],"shouldDisplayMessage":false,"attachmentsCount":3,"hasContent":true,"attachmentStep":false,"stepsCount":0}],"labels":[{"name":"feature","value":"Регистрация пользователя"},{"name":"severity","value":"Normal"},{"name":"tag","value":"regression"},{"name":"parentSuite","value":"tests"},{"name":"suite","value":"test_registration"},{"name":"subSuite","value":"TestRegistrationUser"},{"name":"host","value":"491f9f6fe839"},{"name":"thread","value":"1-MainThread"},{"name":"framework","value":"pytest"},{"name":"language","value":"cpython3"},{"name":"package","value":"tests.test_registration"},{"name":"resultFormat","value":"allure2"}],"parameters":[],"links":[],"hidden":false,"retry":false,"extra":{"severity":"normal","retries":[],"categories":[{"name":"Test defects","matchedStatuses":[],"flaky":false}],"history":{"statistic":{"failed":0,"broken":14,"skipped":0,"passed":0,"unknown":0,"total":14},"items":[{"uid":"4bfbdae24fc1227b","status":"broken","statusDetails":"selenium.common.exceptions.TimeoutException: Message: Не найден элемент с локатором ('xpath', '//label[@class=\"text-field_validation-message__nizJJ\"]')","time":{"start":1720553923149,"stop":1720553961635,"duration":38486}},{"uid":"6fcbafd70bad82a4","status":"broken","statusDetails":"selenium.common.exceptions.TimeoutException: Message: Не найден элемент с локатором ('xpath', '//label[@class=\"text-field_validation-message__nizJJ\"]')","time":{"start":1720551848757,"stop":1720551885816,"duration":37059}},{"uid":"2aec586303b004c8","status":"broken","statusDetails":"selenium.common.exceptions.TimeoutException: Message: Не найден элемент с локатором ('xpath', '//label[@class=\"text-field_validation-message__nizJJ\"]')","time":{"start":1720551384331,"stop":1720551421162,"duration":36831}},{"uid":"cf65fb32c3c2a26e","status":"broken","statusDetails":"selenium.common.exceptions.TimeoutException: Message: Не найден элемент с локатором ('xpath', '//label[@class=\"text-field_validation-message__nizJJ\"]')","time":{"start":1720546269180,"stop":1720546305931,"duration":36751}},{"uid":"45dbff14c8ba5108","status":"broken","statusDetails":"selenium.common.exceptions.TimeoutException: Message: Не найден элемент с локатором ('xpath', '//label[@class=\"text-field_validation-message__nizJJ\"]')","time":{"start":1720470634217,"stop":1720470672037,"duration":37820}},{"uid":"3fd60f8303bd9556","status":"broken","statusDetails":"selenium.common.exceptions.TimeoutException: Message: Не найден элемент с локатором ('xpath', '//label[@class=\"text-field_validation-message__nizJJ\"]')","time":{"start":1720469419275,"stop":1720469457598,"duration":38323}},{"uid":"64894b92a41d0f2a","status":"broken","statusDetails":"selenium.common.exceptions.TimeoutException: Message: Не найден элемент с локатором ('xpath', '//label[@class=\"text-field_validation-message__nizJJ\"]')","time":{"start":1720469186886,"stop":1720469225531,"duration":38645}},{"uid":"d430e6f16537b3bb","status":"broken","statusDetails":"selenium.common.exceptions.TimeoutException: Message: Не найден элемент с локатором ('xpath', '//label[@class=\"text-field_validation-message__nizJJ\"]')","time":{"start":1720468914449,"stop":1720468951578,"duration":37129}},{"uid":"ca2994bbcbe7b057","status":"broken","statusDetails":"selenium.common.exceptions.TimeoutException: Message: Не найден элемент с локатором ('xpath', '//label[@class=\"text-field_validation-message__nizJJ\"]')","time":{"start":1720242460852,"stop":1720242497543,"duration":36691}},{"uid":"3c6fb1b9eee38cc8","status":"broken","statusDetails":"selenium.common.exceptions.TimeoutException: Message: Не найден элемент с локатором ('xpath', '//label[@class=\"text-field_validation-message__nizJJ\"]')","time":{"start":1720241815416,"stop":1720241852350,"duration":36934}},{"uid":"b9ed62f40025bb01","status":"broken","statusDetails":"selenium.common.exceptions.TimeoutException: Message: Не найден элемент с локатором ('xpath', '//label[@class=\"text-field_validation-message__nizJJ\"]')","time":{"start":1720208140790,"stop":1720208177801,"duration":37011}},{"uid":"a04846ad05e532c8","status":"broken","statusDetails":"selenium.common.exceptions.TimeoutException: Message: Не найден элемент с локатором ('xpath', '//label[@class=\"text-field_validation-message__nizJJ\"]')","time":{"start":1720207139154,"stop":1720207175777,"duration":36623}},{"uid":"776fa14360992a95","status":"broken","statusDetails":"selenium.common.exceptions.TimeoutException: Message: Не найден элемент с локатором ('xpath', '//label[@class=\"text-field_validation-message__nizJJ\"]')","time":{"start":1720205115305,"stop":1720205152126,"duration":36821}}]},"tags":["regression"]},"source":"b80c0dc2af9bfa97.json","parameterValues":[]}