{"uid":"bb72c3d9ac4aeae","name":"Проверить, есть возможность пожаловаться на пользователя по причине \"Травля, преследование, призыв к травле или преследованию\"","fullName":"tests.test_another_users_page.TestAnotherUsersPage#test_opportunities_to_report_a_user","historyId":"3a7307fbdac3a77fadfee5a43c4b6527","time":{"start":1739309720942,"stop":1739309734089,"duration":13147},"description":"Регистрируется новый пользователь и жалуется на пользователя","descriptionHtml":"<p>Регистрируется новый пользователь и жалуется на пользователя</p>\n","status":"broken","statusMessage":"selenium.common.exceptions.TimeoutException: Message: Не найден элемент с локатором ('xpath', '//label[contains(.,\"Травля, преследование, призыв к травле или преследованию\")]')","statusTrace":"self = <test_another_users_page.TestAnotherUsersPage object at 0x7f2e1945d0d0>\nelements = {'Банк ачивок': {'Блок ачивок': ('xpath', '//div[contains(@class,\"user-achievement-by-interests_container\")]'), 'Модал...'carrot-messenger-frame'), 'Чат кэррот': ('xpath', '//div[contains(@class,\"carrot-messenger-frame-container\")]')}, ...}\nregistration_user = None\noptions = 'Травля, преследование, призыв к травле или преследованию'\n\n    @pytest.mark.parametrize('options', [\n        'Спам',\n        'Нарушение авторского права, неоригинальный контент',\n        'Оскорбление, враждебные высказывания',\n        'Материал для взрослых или действия сексуального характера',\n        'Пропаганда наркотиков',\n        'Продажа оружия',\n        'Травля, преследование, призыв к травле или преследованию',\n        'Призыв к суициду',\n        'Жестокое обращение с животными',\n        'Введение в заблуждение',\n        'Мошенничество',\n        'Насилие/экстремизм'\n    ])\n    @allure.title('Проверить, есть возможность пожаловаться на пользователя по причине \"{options}\"')\n    @allure.description('Регистрируется новый пользователь и жалуется на пользователя')\n    @allure.severity('Critical')\n    @pytest.mark.regression\n    def test_opportunities_to_report_a_user(self, elements, registration_user, options):\n        with allure.step('Открыть профиль пользователя \"Zina.Sozonova\"'):\n            self.another_user_page.open_profile('Zina.Sozonova')\n    \n        with allure.step('Нажать на три точки'):\n            element = elements['Страница другого пользователя']\n            self.another_user_page.do_click(element['Кнопка три точки'])\n    \n        with allure.step('Нажать Пожаловаться'):\n            self.another_user_page.do_click(element['Пожаловаться'])\n    \n        with allure.step(f'Выбрать \"{options}\"'):\n>           self.checkbox.checkbox_on(element[options])\n\ntests/test_another_users_page.py:116: \n_ _ _ _ _ _ _ _ _ _ _ _ _ _ _ _ _ _ _ _ _ _ _ _ _ _ _ _ _ _ _ _ _ _ _ _ _ _ _ _ \nmodel/elements/checkbox.py:21: in checkbox_on\n    checkbox = self.find_element(by_locator)\nbase/base_page.py:156: in find_element\n    element = WebDriverWait(self.driver, timeout=timeout).until(\n_ _ _ _ _ _ _ _ _ _ _ _ _ _ _ _ _ _ _ _ _ _ _ _ _ _ _ _ _ _ _ _ _ _ _ _ _ _ _ _ \n\nself = <selenium.webdriver.support.wait.WebDriverWait (session=\"95ac5fb5c681d9b462f106db1b11531c\")>\nmethod = <function visibility_of_element_located.<locals>._predicate at 0x7f2e18f60cc0>\nmessage = 'Не найден элемент с локатором (\\'xpath\\', \\'//label[contains(.,\"Травля, преследование, призыв к травле или преследованию\")]\\')'\n\n    def until(self, method: Callable[[D], Union[Literal[False], T]], message: str = \"\") -> T:\n        \"\"\"Calls the method provided with the driver as an argument until the \\\n        return value does not evaluate to ``False``.\n    \n        :param method: callable(WebDriver)\n        :param message: optional message for :exc:`TimeoutException`\n        :returns: the result of the last call to `method`\n        :raises: :exc:`selenium.common.exceptions.TimeoutException` if timeout occurs\n        \"\"\"\n        screen = None\n        stacktrace = None\n    \n        end_time = time.monotonic() + self._timeout\n        while True:\n            try:\n                value = method(self._driver)\n                if value:\n                    return value\n            except self._ignored_exceptions as exc:\n                screen = getattr(exc, \"screen\", None)\n                stacktrace = getattr(exc, \"stacktrace\", None)\n            if time.monotonic() > end_time:\n                break\n            time.sleep(self._poll)\n>       raise TimeoutException(message, screen, stacktrace)\nE       selenium.common.exceptions.TimeoutException: Message: Не найден элемент с локатором ('xpath', '//label[contains(.,\"Травля, преследование, призыв к травле или преследованию\")]')\n\n../local/lib/python3.12/site-packages/selenium/webdriver/support/wait.py:105: TimeoutException","flaky":false,"newFailed":false,"newBroken":true,"newPassed":false,"retriesCount":0,"retriesStatusChange":false,"beforeStages":[{"name":"_session_faker","time":{"start":1739309473698,"stop":1739309473699,"duration":1},"status":"passed","steps":[],"attachments":[],"parameters":[],"shouldDisplayMessage":false,"attachmentsCount":0,"stepsCount":0,"hasContent":false,"attachmentStep":false},{"name":"Установка соединения с БД","time":{"start":1739309473699,"stop":1739309474870,"duration":1171},"status":"passed","steps":[{"name":"Установка соединения с БД","time":{"start":1739309473699,"stop":1739309474870,"duration":1171},"status":"passed","steps":[],"attachments":[],"parameters":[{"name":"request","value":"<SubRequest 'db_connection' for <Function test_of_the_ability_to_subscribe_to_a_user_from_his_profile>>"}],"shouldDisplayMessage":false,"attachmentsCount":0,"stepsCount":0,"hasContent":true,"attachmentStep":false}],"attachments":[],"parameters":[],"shouldDisplayMessage":false,"attachmentsCount":0,"stepsCount":1,"hasContent":true,"attachmentStep":false},{"name":"driver","time":{"start":1739309706604,"stop":1739309707037,"duration":433},"status":"passed","steps":[],"attachments":[],"parameters":[],"shouldDisplayMessage":false,"attachmentsCount":0,"stepsCount":0,"hasContent":false,"attachmentStep":false},{"name":"setup","time":{"start":1739309707037,"stop":1739309707037,"duration":0},"status":"passed","steps":[],"attachments":[],"parameters":[],"shouldDisplayMessage":false,"attachmentsCount":0,"stepsCount":0,"hasContent":false,"attachmentStep":false},{"name":"Инициализация локаторов","time":{"start":1739309707037,"stop":1739309707038,"duration":1},"status":"passed","steps":[{"name":"Инициализация локаторов","time":{"start":1739309707037,"stop":1739309707038,"duration":1},"status":"passed","steps":[],"attachments":[],"parameters":[{"name":"request","value":"<SubRequest 'elements' for <Function test_opportunities_to_report_a_user[Травля, преследование, призыв к травле или преследованию]>>"}],"shouldDisplayMessage":false,"attachmentsCount":0,"stepsCount":0,"hasContent":true,"attachmentStep":false}],"attachments":[],"parameters":[],"shouldDisplayMessage":false,"attachmentsCount":0,"stepsCount":1,"hasContent":true,"attachmentStep":false},{"name":"Регистрация пользователя","time":{"start":1739309707038,"stop":1739309720942,"duration":13904},"status":"passed","steps":[{"name":"Регистрация пользователя","time":{"start":1739309707038,"stop":1739309720942,"duration":13904},"status":"passed","steps":[],"attachments":[],"parameters":[{"name":"driver","value":"<selenium.webdriver.chrome.webdriver.WebDriver (session=\"95ac5fb5c681d9b462f106db1b11531c\")>"},{"name":"db_connection","value":"<psycopg.Connection [INTRANS] (host=rc1a-8gbxfgy3ifeqz75r.mdb.yandexcloud.net port=6432 user=dyanyshev database=staging_round_confirmation) at 0x7f2e18b1e870>"}],"shouldDisplayMessage":false,"attachmentsCount":0,"stepsCount":0,"hasContent":true,"attachmentStep":false}],"attachments":[],"parameters":[],"shouldDisplayMessage":false,"attachmentsCount":0,"stepsCount":1,"hasContent":true,"attachmentStep":false}],"testStage":{"description":"Регистрируется новый пользователь и жалуется на пользователя","status":"broken","statusMessage":"selenium.common.exceptions.TimeoutException: Message: Не найден элемент с локатором ('xpath', '//label[contains(.,\"Травля, преследование, призыв к травле или преследованию\")]')","statusTrace":"self = <test_another_users_page.TestAnotherUsersPage object at 0x7f2e1945d0d0>\nelements = {'Банк ачивок': {'Блок ачивок': ('xpath', '//div[contains(@class,\"user-achievement-by-interests_container\")]'), 'Модал...'carrot-messenger-frame'), 'Чат кэррот': ('xpath', '//div[contains(@class,\"carrot-messenger-frame-container\")]')}, ...}\nregistration_user = None\noptions = 'Травля, преследование, призыв к травле или преследованию'\n\n    @pytest.mark.parametrize('options', [\n        'Спам',\n        'Нарушение авторского права, неоригинальный контент',\n        'Оскорбление, враждебные высказывания',\n        'Материал для взрослых или действия сексуального характера',\n        'Пропаганда наркотиков',\n        'Продажа оружия',\n        'Травля, преследование, призыв к травле или преследованию',\n        'Призыв к суициду',\n        'Жестокое обращение с животными',\n        'Введение в заблуждение',\n        'Мошенничество',\n        'Насилие/экстремизм'\n    ])\n    @allure.title('Проверить, есть возможность пожаловаться на пользователя по причине \"{options}\"')\n    @allure.description('Регистрируется новый пользователь и жалуется на пользователя')\n    @allure.severity('Critical')\n    @pytest.mark.regression\n    def test_opportunities_to_report_a_user(self, elements, registration_user, options):\n        with allure.step('Открыть профиль пользователя \"Zina.Sozonova\"'):\n            self.another_user_page.open_profile('Zina.Sozonova')\n    \n        with allure.step('Нажать на три точки'):\n            element = elements['Страница другого пользователя']\n            self.another_user_page.do_click(element['Кнопка три точки'])\n    \n        with allure.step('Нажать Пожаловаться'):\n            self.another_user_page.do_click(element['Пожаловаться'])\n    \n        with allure.step(f'Выбрать \"{options}\"'):\n>           self.checkbox.checkbox_on(element[options])\n\ntests/test_another_users_page.py:116: \n_ _ _ _ _ _ _ _ _ _ _ _ _ _ _ _ _ _ _ _ _ _ _ _ _ _ _ _ _ _ _ _ _ _ _ _ _ _ _ _ \nmodel/elements/checkbox.py:21: in checkbox_on\n    checkbox = self.find_element(by_locator)\nbase/base_page.py:156: in find_element\n    element = WebDriverWait(self.driver, timeout=timeout).until(\n_ _ _ _ _ _ _ _ _ _ _ _ _ _ _ _ _ _ _ _ _ _ _ _ _ _ _ _ _ _ _ _ _ _ _ _ _ _ _ _ \n\nself = <selenium.webdriver.support.wait.WebDriverWait (session=\"95ac5fb5c681d9b462f106db1b11531c\")>\nmethod = <function visibility_of_element_located.<locals>._predicate at 0x7f2e18f60cc0>\nmessage = 'Не найден элемент с локатором (\\'xpath\\', \\'//label[contains(.,\"Травля, преследование, призыв к травле или преследованию\")]\\')'\n\n    def until(self, method: Callable[[D], Union[Literal[False], T]], message: str = \"\") -> T:\n        \"\"\"Calls the method provided with the driver as an argument until the \\\n        return value does not evaluate to ``False``.\n    \n        :param method: callable(WebDriver)\n        :param message: optional message for :exc:`TimeoutException`\n        :returns: the result of the last call to `method`\n        :raises: :exc:`selenium.common.exceptions.TimeoutException` if timeout occurs\n        \"\"\"\n        screen = None\n        stacktrace = None\n    \n        end_time = time.monotonic() + self._timeout\n        while True:\n            try:\n                value = method(self._driver)\n                if value:\n                    return value\n            except self._ignored_exceptions as exc:\n                screen = getattr(exc, \"screen\", None)\n                stacktrace = getattr(exc, \"stacktrace\", None)\n            if time.monotonic() > end_time:\n                break\n            time.sleep(self._poll)\n>       raise TimeoutException(message, screen, stacktrace)\nE       selenium.common.exceptions.TimeoutException: Message: Не найден элемент с локатором ('xpath', '//label[contains(.,\"Травля, преследование, призыв к травле или преследованию\")]')\n\n../local/lib/python3.12/site-packages/selenium/webdriver/support/wait.py:105: TimeoutException","steps":[{"name":"Открыть профиль пользователя \"Zina.Sozonova\"","time":{"start":1739309720942,"stop":1739309721861,"duration":919},"status":"passed","steps":[],"attachments":[],"parameters":[],"shouldDisplayMessage":false,"attachmentsCount":0,"stepsCount":0,"hasContent":false,"attachmentStep":false},{"name":"Нажать на три точки","time":{"start":1739309721861,"stop":1739309722917,"duration":1056},"status":"passed","steps":[],"attachments":[],"parameters":[],"shouldDisplayMessage":false,"attachmentsCount":0,"stepsCount":0,"hasContent":false,"attachmentStep":false},{"name":"Нажать Пожаловаться","time":{"start":1739309722917,"stop":1739309722959,"duration":42},"status":"passed","steps":[],"attachments":[],"parameters":[],"shouldDisplayMessage":false,"attachmentsCount":0,"stepsCount":0,"hasContent":false,"attachmentStep":false},{"name":"Выбрать \"Травля, преследование, призыв к травле или преследованию\"","time":{"start":1739309722959,"stop":1739309734089,"duration":11130},"status":"broken","statusMessage":"selenium.common.exceptions.TimeoutException: Message: Не найден элемент с локатором ('xpath', '//label[contains(.,\"Травля, преследование, призыв к травле или преследованию\")]')\n\n","statusTrace":"  File \"/usr/workspace/tests/test_another_users_page.py\", line 116, in test_opportunities_to_report_a_user\n    self.checkbox.checkbox_on(element[options])\n  File \"/usr/workspace/model/elements/checkbox.py\", line 21, in checkbox_on\n    checkbox = self.find_element(by_locator)\n               ^^^^^^^^^^^^^^^^^^^^^^^^^^^^^\n  File \"/usr/workspace/base/base_page.py\", line 156, in find_element\n    element = WebDriverWait(self.driver, timeout=timeout).until(\n              ^^^^^^^^^^^^^^^^^^^^^^^^^^^^^^^^^^^^^^^^^^^^^^^^^^\n  File \"/usr/local/lib/python3.12/site-packages/selenium/webdriver/support/wait.py\", line 105, in until\n    raise TimeoutException(message, screen, stacktrace)\n","steps":[],"attachments":[],"parameters":[],"shouldDisplayMessage":true,"attachmentsCount":0,"stepsCount":0,"hasContent":true,"attachmentStep":false}],"attachments":[],"parameters":[],"shouldDisplayMessage":true,"attachmentsCount":0,"stepsCount":4,"hasContent":true,"attachmentStep":false},"afterStages":[{"name":"driver::0","time":{"start":1739309734101,"stop":1739309734302,"duration":201},"status":"passed","steps":[],"attachments":[{"uid":"db7bde36e6e5ac1d","name":"page_source","source":"db7bde36e6e5ac1d.html","type":"text/html","size":78356},{"uid":"6819c94f262692b5","name":"screenshot","source":"6819c94f262692b5.png","type":"image/png","size":61273},{"uid":"b349fe772a7b5519","name":"browser_logs","source":"b349fe772a7b5519.txt","type":"text/plain","size":23881}],"parameters":[],"shouldDisplayMessage":false,"attachmentsCount":3,"stepsCount":0,"hasContent":true,"attachmentStep":false},{"name":"Установка соединения с БД::fin","time":{"start":1739309986992,"stop":1739309986992,"duration":0},"status":"passed","steps":[],"attachments":[],"parameters":[],"shouldDisplayMessage":false,"attachmentsCount":0,"stepsCount":0,"hasContent":false,"attachmentStep":false}],"labels":[{"name":"severity","value":"Critical"},{"name":"feature","value":"Профиль другого пользователя"},{"name":"tag","value":"regression"},{"name":"tag","value":"another_users_page"},{"name":"parentSuite","value":"tests"},{"name":"suite","value":"test_another_users_page"},{"name":"subSuite","value":"TestAnotherUsersPage"},{"name":"host","value":"e56e35b24cd4"},{"name":"thread","value":"1-MainThread"},{"name":"framework","value":"pytest"},{"name":"language","value":"cpython3"},{"name":"package","value":"tests.test_another_users_page"},{"name":"resultFormat","value":"allure2"}],"parameters":[{"name":"options","value":"'Травля, преследование, призыв к травле или преследованию'"}],"links":[],"hidden":false,"retry":false,"extra":{"severity":"critical","retries":[],"categories":[{"name":"Test defects","matchedStatuses":[],"flaky":false}],"history":{"statistic":{"failed":0,"broken":8,"skipped":0,"passed":27,"unknown":0,"total":35},"items":[{"uid":"eec6141423d942bb","status":"passed","time":{"start":1738951332852,"stop":1738951337718,"duration":4866}},{"uid":"42abdfe09c77abd0","status":"passed","time":{"start":1738874651104,"stop":1738874655126,"duration":4022}},{"uid":"dc589a76d23f3a59","status":"passed","time":{"start":1738871230878,"stop":1738871240966,"duration":10088}},{"uid":"d3136e447556af46","status":"passed","time":{"start":1738864627430,"stop":1738864633106,"duration":5676}},{"uid":"e520536480a7badb","status":"passed","time":{"start":1738268245483,"stop":1738268250860,"duration":5377}},{"uid":"64f73ff7d5c0327","status":"passed","time":{"start":1738098713925,"stop":1738098719146,"duration":5221}},{"uid":"a79e37befed37f7c","status":"passed","time":{"start":1738004734890,"stop":1738004744793,"duration":9903}},{"uid":"b7c4b95100d81ee","status":"passed","time":{"start":1738002076782,"stop":1738002081827,"duration":5045}},{"uid":"15914f49476d205c","status":"broken","statusDetails":"urllib3.exceptions.ReadTimeoutError: HTTPConnectionPool(host='localhost', port=58781): Read timed out. (read timeout=120)","time":{"start":1737926349616,"stop":1737926349616,"duration":0}},{"uid":"c1bd6149fa8d0cb8","status":"passed","time":{"start":1737842335103,"stop":1737842340710,"duration":5607}},{"uid":"5c308f929727646b","status":"passed","time":{"start":1737831607808,"stop":1737831612829,"duration":5021}},{"uid":"b4d8cfb63ecf5a17","status":"broken","statusDetails":"selenium.common.exceptions.StaleElementReferenceException: Message: stale element reference: element is not attached to the page document\n  (Session info: headless chrome=112.0.5615.165); For documentation on this error, please visit: https://www.selenium.dev/documentation/webdriver/troubleshooting/errors#stale-element-reference-exception","time":{"start":1737798996903,"stop":1737798996903,"duration":0}},{"uid":"35d6645082a0d972","status":"passed","time":{"start":1737757235177,"stop":1737757240420,"duration":5243}},{"uid":"9f01f6f57e30a202","status":"passed","time":{"start":1737744137696,"stop":1737744142864,"duration":5168}},{"uid":"148e89ba9206e082","status":"passed","time":{"start":1737651928743,"stop":1737651934759,"duration":6016}},{"uid":"a5d3a9dccf1b836d","status":"broken","statusDetails":"selenium.common.exceptions.TimeoutException: Message: Не найден элемент с локатором ('xpath', '//input[@name=\"nickname\"]')","time":{"start":1737569442665,"stop":1737569442665,"duration":0}},{"uid":"1e84289f6f797668","status":"broken","statusDetails":"selenium.common.exceptions.WebDriverException: Message: unknown error: Chrome failed to start: exited abnormally.\n  (unknown error: DevToolsActivePort file doesn't exist)\n  (The process started from chrome location /usr/bin/chromium-browser is no longer running, so ChromeDriver is assuming that Chrome has crashed.)","time":{"start":1737568956967,"stop":1737568956967,"duration":0}},{"uid":"33204be24fd37904","status":"passed","time":{"start":1734034012132,"stop":1734034016426,"duration":4294}},{"uid":"420cca807e29604c","status":"passed","time":{"start":1733936584200,"stop":1733936589090,"duration":4890}},{"uid":"ca0ca8672c7638bf","status":"passed","time":{"start":1733865001680,"stop":1733865006946,"duration":5266}}]},"tags":["regression","another_users_page"]},"source":"bb72c3d9ac4aeae.json","parameterValues":["'Травля, преследование, призыв к травле или преследованию'"]}