{"uid":"bbfdac61953cd1a0","name":"Присутствует информация о выборе \"Интересов\"","fullName":"tests.test_interests.TestInterests#test_there_is_information_about_the_choice_of_interests","historyId":"5abcd6608d263f3b545059d989cf7349","time":{"start":1737570314938,"stop":1737570351801,"duration":36863},"description":"Проверка на регистрации нового пользователя","descriptionHtml":"<p>Проверка на регистрации нового пользователя</p>\n","status":"broken","statusMessage":"selenium.common.exceptions.TimeoutException: Message: Не найден элемент с локатором ('xpath', '//input[@name=\"nickname\"]')","statusTrace":"self = <test_interests.TestInterests object at 0x7fc3f1392fc0>\nelements = {'Банк ачивок': {'Блок ачивок': ('xpath', '//div[contains(@class,\"user-achievement-by-interests_container\")]'), 'Модал...-sheet_icons\")]'), 'Название ачивки': ('xpath', '//div[contains(@class,\"achievement-item-bottom-sheet_title\")]')}, ...}\n\n    @allure.title('Присутствует информация о выборе \"Интересов\"')\n    @allure.description('Проверка на регистрации нового пользователя')\n    @allure.severity('Critical')\n    @pytest.mark.regression\n    def test_there_is_information_about_the_choice_of_interests(self, elements):\n        with allure.step('Открыть страницу авторизации'):\n            self.authorization_page.open()\n            element = elements['Страница авторизации']\n    \n        with allure.step('Нажать кнопку \"По смс (Для России)\"'):\n            self.authorization_page.do_click(element['Кнопка по смс'])\n    \n        with allure.step('Нажать кнопку Далее'):\n            element = elements['Страница регистрации']\n            self.join_page.do_click(element['Кнопка далее'])\n    \n        with allure.step('В поле никнейм ввести любое валидное значение'):\n            username = f'-{fake.user_name()}.{fake.pyint(min_value=1, max_value=2)}_'\n>           self.join_page.field_send_keys(element['Поле никнейм'], text=f'{username}')\n\ntests/test_interests.py:32: \n_ _ _ _ _ _ _ _ _ _ _ _ _ _ _ _ _ _ _ _ _ _ _ _ _ _ _ _ _ _ _ _ _ _ _ _ _ _ _ _ \nbase/base_page.py:126: in field_send_keys\n    element = self.find_element(locator)\nbase/base_page.py:138: in find_element\n    return self.wait.until(EC.visibility_of_element_located(locator),\n_ _ _ _ _ _ _ _ _ _ _ _ _ _ _ _ _ _ _ _ _ _ _ _ _ _ _ _ _ _ _ _ _ _ _ _ _ _ _ _ \n\nself = <selenium.webdriver.support.wait.WebDriverWait (session=\"c6541202391bee659c21009a0a02da3c\")>\nmethod = <function visibility_of_element_located.<locals>._predicate at 0x7fc3f15a1260>\nmessage = 'Не найден элемент с локатором (\\'xpath\\', \\'//input[@name=\"nickname\"]\\')'\n\n    def until(self, method: Callable[[D], Union[Literal[False], T]], message: str = \"\") -> T:\n        \"\"\"Calls the method provided with the driver as an argument until the \\\n        return value does not evaluate to ``False``.\n    \n        :param method: callable(WebDriver)\n        :param message: optional message for :exc:`TimeoutException`\n        :returns: the result of the last call to `method`\n        :raises: :exc:`selenium.common.exceptions.TimeoutException` if timeout occurs\n        \"\"\"\n        screen = None\n        stacktrace = None\n    \n        end_time = time.monotonic() + self._timeout\n        while True:\n            try:\n                value = method(self._driver)\n                if value:\n                    return value\n            except self._ignored_exceptions as exc:\n                screen = getattr(exc, \"screen\", None)\n                stacktrace = getattr(exc, \"stacktrace\", None)\n            if time.monotonic() > end_time:\n                break\n            time.sleep(self._poll)\n>       raise TimeoutException(message, screen, stacktrace)\nE       selenium.common.exceptions.TimeoutException: Message: Не найден элемент с локатором ('xpath', '//input[@name=\"nickname\"]')\n\n../local/lib/python3.12/site-packages/selenium/webdriver/support/wait.py:105: TimeoutException","flaky":false,"newFailed":false,"newBroken":false,"newPassed":false,"retriesCount":0,"retriesStatusChange":false,"beforeStages":[{"name":"_session_faker","time":{"start":1737569139111,"stop":1737569139113,"duration":2},"status":"passed","steps":[],"attachments":[],"parameters":[],"shouldDisplayMessage":false,"attachmentsCount":0,"stepsCount":0,"hasContent":false,"attachmentStep":false},{"name":"driver","time":{"start":1737570314454,"stop":1737570314937,"duration":483},"status":"passed","steps":[],"attachments":[],"parameters":[],"shouldDisplayMessage":false,"attachmentsCount":0,"stepsCount":0,"hasContent":false,"attachmentStep":false},{"name":"setup","time":{"start":1737570314937,"stop":1737570314937,"duration":0},"status":"passed","steps":[],"attachments":[],"parameters":[],"shouldDisplayMessage":false,"attachmentsCount":0,"stepsCount":0,"hasContent":false,"attachmentStep":false},{"name":"Инициализация локаторов","time":{"start":1737570314937,"stop":1737570314937,"duration":0},"status":"passed","steps":[{"name":"Инициализация локаторов","time":{"start":1737570314937,"stop":1737570314937,"duration":0},"status":"passed","steps":[],"attachments":[],"parameters":[{"name":"request","value":"<SubRequest 'elements' for <Function test_there_is_information_about_the_choice_of_interests>>"}],"shouldDisplayMessage":false,"attachmentsCount":0,"stepsCount":0,"hasContent":true,"attachmentStep":false}],"attachments":[],"parameters":[],"shouldDisplayMessage":false,"attachmentsCount":0,"stepsCount":1,"hasContent":true,"attachmentStep":false}],"testStage":{"description":"Проверка на регистрации нового пользователя","status":"broken","statusMessage":"selenium.common.exceptions.TimeoutException: Message: Не найден элемент с локатором ('xpath', '//input[@name=\"nickname\"]')","statusTrace":"self = <test_interests.TestInterests object at 0x7fc3f1392fc0>\nelements = {'Банк ачивок': {'Блок ачивок': ('xpath', '//div[contains(@class,\"user-achievement-by-interests_container\")]'), 'Модал...-sheet_icons\")]'), 'Название ачивки': ('xpath', '//div[contains(@class,\"achievement-item-bottom-sheet_title\")]')}, ...}\n\n    @allure.title('Присутствует информация о выборе \"Интересов\"')\n    @allure.description('Проверка на регистрации нового пользователя')\n    @allure.severity('Critical')\n    @pytest.mark.regression\n    def test_there_is_information_about_the_choice_of_interests(self, elements):\n        with allure.step('Открыть страницу авторизации'):\n            self.authorization_page.open()\n            element = elements['Страница авторизации']\n    \n        with allure.step('Нажать кнопку \"По смс (Для России)\"'):\n            self.authorization_page.do_click(element['Кнопка по смс'])\n    \n        with allure.step('Нажать кнопку Далее'):\n            element = elements['Страница регистрации']\n            self.join_page.do_click(element['Кнопка далее'])\n    \n        with allure.step('В поле никнейм ввести любое валидное значение'):\n            username = f'-{fake.user_name()}.{fake.pyint(min_value=1, max_value=2)}_'\n>           self.join_page.field_send_keys(element['Поле никнейм'], text=f'{username}')\n\ntests/test_interests.py:32: \n_ _ _ _ _ _ _ _ _ _ _ _ _ _ _ _ _ _ _ _ _ _ _ _ _ _ _ _ _ _ _ _ _ _ _ _ _ _ _ _ \nbase/base_page.py:126: in field_send_keys\n    element = self.find_element(locator)\nbase/base_page.py:138: in find_element\n    return self.wait.until(EC.visibility_of_element_located(locator),\n_ _ _ _ _ _ _ _ _ _ _ _ _ _ _ _ _ _ _ _ _ _ _ _ _ _ _ _ _ _ _ _ _ _ _ _ _ _ _ _ \n\nself = <selenium.webdriver.support.wait.WebDriverWait (session=\"c6541202391bee659c21009a0a02da3c\")>\nmethod = <function visibility_of_element_located.<locals>._predicate at 0x7fc3f15a1260>\nmessage = 'Не найден элемент с локатором (\\'xpath\\', \\'//input[@name=\"nickname\"]\\')'\n\n    def until(self, method: Callable[[D], Union[Literal[False], T]], message: str = \"\") -> T:\n        \"\"\"Calls the method provided with the driver as an argument until the \\\n        return value does not evaluate to ``False``.\n    \n        :param method: callable(WebDriver)\n        :param message: optional message for :exc:`TimeoutException`\n        :returns: the result of the last call to `method`\n        :raises: :exc:`selenium.common.exceptions.TimeoutException` if timeout occurs\n        \"\"\"\n        screen = None\n        stacktrace = None\n    \n        end_time = time.monotonic() + self._timeout\n        while True:\n            try:\n                value = method(self._driver)\n                if value:\n                    return value\n            except self._ignored_exceptions as exc:\n                screen = getattr(exc, \"screen\", None)\n                stacktrace = getattr(exc, \"stacktrace\", None)\n            if time.monotonic() > end_time:\n                break\n            time.sleep(self._poll)\n>       raise TimeoutException(message, screen, stacktrace)\nE       selenium.common.exceptions.TimeoutException: Message: Не найден элемент с локатором ('xpath', '//input[@name=\"nickname\"]')\n\n../local/lib/python3.12/site-packages/selenium/webdriver/support/wait.py:105: TimeoutException","steps":[{"name":"Открыть страницу авторизации","time":{"start":1737570314938,"stop":1737570317565,"duration":2627},"status":"passed","steps":[],"attachments":[],"parameters":[],"shouldDisplayMessage":false,"attachmentsCount":0,"stepsCount":0,"hasContent":false,"attachmentStep":false},{"name":"Нажать кнопку \"По смс (Для России)\"","time":{"start":1737570317565,"stop":1737570321132,"duration":3567},"status":"passed","steps":[],"attachments":[],"parameters":[],"shouldDisplayMessage":false,"attachmentsCount":0,"stepsCount":0,"hasContent":false,"attachmentStep":false},{"name":"Нажать кнопку Далее","time":{"start":1737570321132,"stop":1737570321679,"duration":547},"status":"passed","steps":[],"attachments":[],"parameters":[],"shouldDisplayMessage":false,"attachmentsCount":0,"stepsCount":0,"hasContent":false,"attachmentStep":false},{"name":"В поле никнейм ввести любое валидное значение","time":{"start":1737570321679,"stop":1737570351801,"duration":30122},"status":"broken","statusMessage":"selenium.common.exceptions.TimeoutException: Message: Не найден элемент с локатором ('xpath', '//input[@name=\"nickname\"]')\n\n","statusTrace":"  File \"/usr/workspace/tests/test_interests.py\", line 32, in test_there_is_information_about_the_choice_of_interests\n    self.join_page.field_send_keys(element['Поле никнейм'], text=f'{username}')\n  File \"/usr/workspace/base/base_page.py\", line 126, in field_send_keys\n    element = self.find_element(locator)\n              ^^^^^^^^^^^^^^^^^^^^^^^^^^\n  File \"/usr/workspace/base/base_page.py\", line 138, in find_element\n    return self.wait.until(EC.visibility_of_element_located(locator),\n           ^^^^^^^^^^^^^^^^^^^^^^^^^^^^^^^^^^^^^^^^^^^^^^^^^^^^^^^^^^\n  File \"/usr/local/lib/python3.12/site-packages/selenium/webdriver/support/wait.py\", line 105, in until\n    raise TimeoutException(message, screen, stacktrace)\n","steps":[],"attachments":[],"parameters":[],"shouldDisplayMessage":true,"attachmentsCount":0,"stepsCount":0,"hasContent":true,"attachmentStep":false}],"attachments":[],"parameters":[],"shouldDisplayMessage":true,"attachmentsCount":0,"stepsCount":4,"hasContent":true,"attachmentStep":false},"afterStages":[{"name":"driver::0","time":{"start":1737570351813,"stop":1737570351998,"duration":185},"status":"passed","steps":[],"attachments":[{"uid":"5381f6529adfb8ec","name":"page_source","source":"5381f6529adfb8ec.html","type":"text/html","size":10283},{"uid":"bcd5f3ffaeecc7db","name":"screenshot","source":"bcd5f3ffaeecc7db.png","type":"image/png","size":20131},{"uid":"4b576116b5fc8512","name":"browser_logs","source":"4b576116b5fc8512.txt","type":"text/plain","size":2113}],"parameters":[],"shouldDisplayMessage":false,"attachmentsCount":3,"stepsCount":0,"hasContent":true,"attachmentStep":false}],"labels":[{"name":"feature","value":"Интересы"},{"name":"severity","value":"Critical"},{"name":"tag","value":"regression"},{"name":"tag","value":"interests"},{"name":"parentSuite","value":"tests"},{"name":"suite","value":"test_interests"},{"name":"subSuite","value":"TestInterests"},{"name":"host","value":"5230432a8515"},{"name":"thread","value":"1-MainThread"},{"name":"framework","value":"pytest"},{"name":"language","value":"cpython3"},{"name":"package","value":"tests.test_interests"},{"name":"resultFormat","value":"allure2"}],"parameters":[],"links":[],"hidden":false,"retry":false,"extra":{"severity":"critical","retries":[],"categories":[{"name":"Test defects","matchedStatuses":[],"flaky":false}],"history":{"statistic":{"failed":0,"broken":6,"skipped":0,"passed":9,"unknown":0,"total":15},"items":[{"uid":"e7a965a064a03abf","status":"broken","statusDetails":"selenium.common.exceptions.WebDriverException: Message: unknown error: Chrome failed to start: exited abnormally.\n  (unknown error: DevToolsActivePort file doesn't exist)\n  (The process started from chrome location /usr/bin/chromium-browser is no longer running, so ChromeDriver is assuming that Chrome has crashed.)","time":{"start":1737568964545,"stop":1737568964545,"duration":0}},{"uid":"ea87493081910f1a","status":"passed","time":{"start":1734034637293,"stop":1734034653166,"duration":15873}},{"uid":"77c1554efe5e5b4c","status":"passed","time":{"start":1733937293214,"stop":1733937309125,"duration":15911}},{"uid":"e43418f0100d5e8e","status":"passed","time":{"start":1733865864764,"stop":1733865880615,"duration":15851}},{"uid":"741415e35ca1f25a","status":"passed","time":{"start":1733860321352,"stop":1733860336813,"duration":15461}},{"uid":"a5a8b34a7da0b69a","status":"passed","time":{"start":1733856903592,"stop":1733856919977,"duration":16385}},{"uid":"f75e8c60bf130bfc","status":"passed","time":{"start":1733771781156,"stop":1733771797027,"duration":15871}},{"uid":"72a13f8eaac1b8d2","status":"broken","statusDetails":"selenium.common.exceptions.TimeoutException: Message: Не найден элемент с локатором ('xpath', '//div[contains(@class,\"rubrics_chips\")]')","time":{"start":1733766174892,"stop":1733766218879,"duration":43987}},{"uid":"3d03297cb52ec75a","status":"broken","statusDetails":"selenium.common.exceptions.TimeoutException: Message:","time":{"start":1733421818547,"stop":1733421831379,"duration":12832}},{"uid":"d27487688119586d","status":"broken","statusDetails":"selenium.common.exceptions.TimeoutException: Message:","time":{"start":1726780296868,"stop":1726780308695,"duration":11827}},{"uid":"977f48f16432eefa","status":"broken","statusDetails":"selenium.common.exceptions.TimeoutException: Message:","time":{"start":1726777033812,"stop":1726777046542,"duration":12730}},{"uid":"429a6ecea595875b","status":"passed","time":{"start":1724098782401,"stop":1724098798969,"duration":16568}},{"uid":"2e8dac1be3a9eef9","status":"passed","time":{"start":1723828972503,"stop":1723828988392,"duration":15889}},{"uid":"a2f1bcdc2d990214","status":"passed","time":{"start":1723751338490,"stop":1723751352724,"duration":14234}}]},"tags":["regression","interests"]},"source":"bbfdac61953cd1a0.json","parameterValues":[]}