{"uid":"bc41a3b5af26ed69","name":"Проверка скролла чипсов","fullName":"tests.test_interests.TestInterests#test_scrolling_chipsets","historyId":"0cda52ac89d1b1e964d4e39d374c2c2d","time":{"start":1738099456890,"stop":1738099456890,"duration":0},"description":"Проверка на пользователе Aleska","descriptionHtml":"<p>Проверка на пользователе Aleska</p>\n","status":"broken","statusMessage":"selenium.common.exceptions.TimeoutException: Message:","statusTrace":"request = <SubRequest 'login_to_app' for <Function test_scrolling_chipsets>>\ndriver = <selenium.webdriver.chrome.webdriver.WebDriver (session=\"e3d7b085eaf7baf313eaf2b169928488\")>\n\n    @pytest.fixture(scope='function')\n    @allure.title('Авторизация пользователя в системе')\n    @allure.step('Авторизация пользователя в системе')\n    def login_to_app(request, driver):\n        \"\"\" Фикстура Логина в систему \"\"\"\n        login_page = ApiAuthorization(driver)\n        login_page.user(User.LOGIN, User.PASSWORD)\n        try:\n            later = login_page.find_element(config.locators.RubricPageLocators.locators['Кнопка выберу потом'])\n            login_page.do_click(later)\n        except TimeoutException:\n            element = login_page.find_element(\n                config.locators.MainPageLocators.locators['Листай вниз и найди свои интересы'])\n            login_page.do_click(element)\n        finally:\n>           login_page.do_click(config.locators.MainPageLocators.locators['Листай вниз и найди свои интересы'])\n\nconftest.py:62: \n_ _ _ _ _ _ _ _ _ _ _ _ _ _ _ _ _ _ _ _ _ _ _ _ _ _ _ _ _ _ _ _ _ _ _ _ _ _ _ _ \nbase/base_page.py:79: in do_click\n    elem = WebDriverWait(self.driver, wait_time).until(EC.element_to_be_clickable(locator))\n_ _ _ _ _ _ _ _ _ _ _ _ _ _ _ _ _ _ _ _ _ _ _ _ _ _ _ _ _ _ _ _ _ _ _ _ _ _ _ _ \n\nself = <selenium.webdriver.support.wait.WebDriverWait (session=\"e3d7b085eaf7baf313eaf2b169928488\")>\nmethod = <function element_to_be_clickable.<locals>._predicate at 0x7fb4297bb2e0>\nmessage = ''\n\n    def until(self, method: Callable[[D], Union[Literal[False], T]], message: str = \"\") -> T:\n        \"\"\"Calls the method provided with the driver as an argument until the \\\n        return value does not evaluate to ``False``.\n    \n        :param method: callable(WebDriver)\n        :param message: optional message for :exc:`TimeoutException`\n        :returns: the result of the last call to `method`\n        :raises: :exc:`selenium.common.exceptions.TimeoutException` if timeout occurs\n        \"\"\"\n        screen = None\n        stacktrace = None\n    \n        end_time = time.monotonic() + self._timeout\n        while True:\n            try:\n                value = method(self._driver)\n                if value:\n                    return value\n            except self._ignored_exceptions as exc:\n                screen = getattr(exc, \"screen\", None)\n                stacktrace = getattr(exc, \"stacktrace\", None)\n            if time.monotonic() > end_time:\n                break\n            time.sleep(self._poll)\n>       raise TimeoutException(message, screen, stacktrace)\nE       selenium.common.exceptions.TimeoutException: Message:\n\n../local/lib/python3.12/site-packages/selenium/webdriver/support/wait.py:105: TimeoutException","flaky":false,"newFailed":false,"newBroken":true,"newPassed":false,"retriesCount":0,"retriesStatusChange":false,"beforeStages":[{"name":"_session_faker","time":{"start":1738098472922,"stop":1738098472923,"duration":1},"status":"passed","steps":[],"attachments":[],"parameters":[],"shouldDisplayMessage":false,"attachmentsCount":0,"stepsCount":0,"hasContent":false,"attachmentStep":false},{"name":"driver","time":{"start":1738099456890,"stop":1738099457308,"duration":418},"status":"passed","steps":[],"attachments":[],"parameters":[],"shouldDisplayMessage":false,"attachmentsCount":0,"stepsCount":0,"hasContent":false,"attachmentStep":false},{"name":"setup","time":{"start":1738099457308,"stop":1738099457308,"duration":0},"status":"passed","steps":[],"attachments":[],"parameters":[],"shouldDisplayMessage":false,"attachmentsCount":0,"stepsCount":0,"hasContent":false,"attachmentStep":false},{"name":"Авторизация пользователя в системе","time":{"start":1738099457308,"stop":1738099502403,"duration":45095},"status":"broken","statusMessage":"selenium.common.exceptions.TimeoutException: Message: \n\n","statusTrace":"  File \"/usr/local/lib/python3.12/site-packages/pluggy/_callers.py\", line 167, in _multicall\n    teardown.throw(outcome._exception)\n  File \"/usr/local/lib/python3.12/site-packages/_pytest/setuponly.py\", line 36, in pytest_fixture_setup\n    return (yield)\n            ^^^^^\n  File \"/usr/local/lib/python3.12/site-packages/pluggy/_callers.py\", line 103, in _multicall\n    res = hook_impl.function(*args)\n          ^^^^^^^^^^^^^^^^^^^^^^^^^\n  File \"/usr/local/lib/python3.12/site-packages/_pytest/fixtures.py\", line 1140, in pytest_fixture_setup\n    result = call_fixture_func(fixturefunc, request, kwargs)\n             ^^^^^^^^^^^^^^^^^^^^^^^^^^^^^^^^^^^^^^^^^^^^^^^\n  File \"/usr/local/lib/python3.12/site-packages/_pytest/fixtures.py\", line 898, in call_fixture_func\n    fixture_result = fixturefunc(**kwargs)\n                     ^^^^^^^^^^^^^^^^^^^^^\n  File \"/usr/local/lib/python3.12/site-packages/allure_commons/_allure.py\", line 192, in impl\n    return func(*a, **kw)\n           ^^^^^^^^^^^^^^\n  File \"/usr/workspace/conftest.py\", line 62, in login_to_app\n    login_page.do_click(config.locators.MainPageLocators.locators['Листай вниз и найди свои интересы'])\n  File \"/usr/workspace/base/base_page.py\", line 79, in do_click\n    elem = WebDriverWait(self.driver, wait_time).until(EC.element_to_be_clickable(locator))\n           ^^^^^^^^^^^^^^^^^^^^^^^^^^^^^^^^^^^^^^^^^^^^^^^^^^^^^^^^^^^^^^^^^^^^^^^^^^^^^^^^\n  File \"/usr/local/lib/python3.12/site-packages/selenium/webdriver/support/wait.py\", line 105, in until\n    raise TimeoutException(message, screen, stacktrace)\n","steps":[{"name":"Авторизация пользователя в системе","time":{"start":1738099457308,"stop":1738099502403,"duration":45095},"status":"broken","statusMessage":"selenium.common.exceptions.TimeoutException: Message: \n\n","statusTrace":"  File \"/usr/local/lib/python3.12/site-packages/allure_commons/_allure.py\", line 192, in impl\n    return func(*a, **kw)\n           ^^^^^^^^^^^^^^\n  File \"/usr/workspace/conftest.py\", line 62, in login_to_app\n    login_page.do_click(config.locators.MainPageLocators.locators['Листай вниз и найди свои интересы'])\n  File \"/usr/workspace/base/base_page.py\", line 79, in do_click\n    elem = WebDriverWait(self.driver, wait_time).until(EC.element_to_be_clickable(locator))\n           ^^^^^^^^^^^^^^^^^^^^^^^^^^^^^^^^^^^^^^^^^^^^^^^^^^^^^^^^^^^^^^^^^^^^^^^^^^^^^^^^\n  File \"/usr/local/lib/python3.12/site-packages/selenium/webdriver/support/wait.py\", line 105, in until\n    raise TimeoutException(message, screen, stacktrace)\n","steps":[],"attachments":[],"parameters":[{"name":"request","value":"<SubRequest 'login_to_app' for <Function test_scrolling_chipsets>>"},{"name":"driver","value":"<selenium.webdriver.chrome.webdriver.WebDriver (session=\"e3d7b085eaf7baf313eaf2b169928488\")>"}],"shouldDisplayMessage":true,"attachmentsCount":0,"stepsCount":0,"hasContent":true,"attachmentStep":false}],"attachments":[],"parameters":[],"shouldDisplayMessage":false,"attachmentsCount":0,"stepsCount":1,"hasContent":true,"attachmentStep":false},{"name":"Инициализация локаторов","time":{"start":1738099457308,"stop":1738099457308,"duration":0},"status":"passed","steps":[{"name":"Инициализация локаторов","time":{"start":1738099457308,"stop":1738099457308,"duration":0},"status":"passed","steps":[],"attachments":[],"parameters":[{"name":"request","value":"<SubRequest 'elements' for <Function test_scrolling_chipsets>>"}],"shouldDisplayMessage":false,"attachmentsCount":0,"stepsCount":0,"hasContent":true,"attachmentStep":false}],"attachments":[],"parameters":[],"shouldDisplayMessage":false,"attachmentsCount":0,"stepsCount":1,"hasContent":true,"attachmentStep":false}],"afterStages":[{"name":"driver::0","time":{"start":1738099502414,"stop":1738099502601,"duration":187},"status":"passed","steps":[],"attachments":[{"uid":"9958e6da796373be","name":"page_source","source":"9958e6da796373be.html","type":"text/html","size":27897},{"uid":"e1a4b0b1ae4e8537","name":"screenshot","source":"e1a4b0b1ae4e8537.png","type":"image/png","size":54415},{"uid":"90e0a40153aaddb8","name":"browser_logs","source":"90e0a40153aaddb8.txt","type":"text/plain","size":8029}],"parameters":[],"shouldDisplayMessage":false,"attachmentsCount":3,"stepsCount":0,"hasContent":true,"attachmentStep":false}],"labels":[{"name":"feature","value":"Интересы"},{"name":"severity","value":"Critical"},{"name":"tag","value":"regression"},{"name":"tag","value":"interests"},{"name":"parentSuite","value":"tests"},{"name":"suite","value":"test_interests"},{"name":"subSuite","value":"TestInterests"},{"name":"host","value":"726c40c85e5c"},{"name":"thread","value":"1-MainThread"},{"name":"framework","value":"pytest"},{"name":"language","value":"cpython3"},{"name":"package","value":"tests.test_interests"},{"name":"resultFormat","value":"allure2"}],"parameters":[],"links":[],"hidden":false,"retry":false,"extra":{"severity":"critical","retries":[],"categories":[{"name":"Test defects","matchedStatuses":[],"flaky":false}],"history":{"statistic":{"failed":0,"broken":1,"skipped":0,"passed":3,"unknown":0,"total":4},"items":[{"uid":"8eedfae0dd587c0","status":"passed","time":{"start":1738005454136,"stop":1738005454467,"duration":331}},{"uid":"6906825426c4a697","status":"passed","time":{"start":1738002750638,"stop":1738002750988,"duration":350}},{"uid":"897c2ad77770b65","status":"passed","time":{"start":1737843076912,"stop":1737843078317,"duration":1405}}]},"tags":["regression","interests"]},"source":"bc41a3b5af26ed69.json","parameterValues":[]}