{"uid":"bdb1cb6d6b4fdc34","name":"При отсутствии заблокированных пользователей отображается надпись \"Список пуст\"","fullName":"tests.test_editing_profile.TestEditingProfile#test_if_there_are_no_blocked_users_the_message_list_is_empty_is_displayed","historyId":"07194840b337c0ecc04bb1683bf22d26","time":{"start":1738005266909,"stop":1738005298787,"duration":31878},"description":"Проверка происходит на пользователе Aleska","descriptionHtml":"<p>Проверка происходит на пользователе Aleska</p>\n","status":"broken","statusMessage":"selenium.common.exceptions.TimeoutException: Message: Не найден элемент с локатором ('xpath', '//div[contains(@class,\"user-block-list_empty\")]')","statusTrace":"self = <test_editing_profile.TestEditingProfile object at 0x7fbc74fb3f20>\nelements = {'Банк ачивок': {'Блок ачивок': ('xpath', '//div[contains(@class,\"user-achievement-by-interests_container\")]'), 'Модал...'carrot-messenger-frame'), 'Чат кэррот': ('xpath', '//div[contains(@class,\"carrot-messenger-frame-container\")]')}, ...}\nlogin_to_app = None\n\n    @allure.title('При отсутствии заблокированных пользователей отображается надпись \"Список пуст\"')\n    @allure.description('Проверка происходит на пользователе Aleska')\n    @allure.severity('Critical')\n    @pytest.mark.regression\n    def test_if_there_are_no_blocked_users_the_message_list_is_empty_is_displayed(self, elements, login_to_app):\n        with allure.step('Нажать кнопку профиль'):\n            self.app.profile_button_click()\n    \n        with allure.step('Нажать на кнопку редактирования профиля'):\n            element = elements['Профиль пользователя']\n            self.profile_page.do_click(element['Кнопка бургер-меню'])\n    \n        with allure.step('Нажать \"Редактировать профиль\"'):\n            element = elements['Поп ап бургер-меню профиля']\n            self.profile_page.do_click(element['Редактировать профиль'])\n    \n        with allure.step('Нажать \"Заблокированные пользователи\"'):\n            element = elements['Страница редактировать профиль']\n            self.edit_profile_page.do_click(element['Заблокированные пользователи'])\n    \n        with allure.step('Проверить, что список пуст и отображается надпись \"Список пуст\"'):\n            element = elements['Страница заблокированные пользователи']\n>           self.assertion.is_elem_displayed(element['Список пуст'])\n\ntests/test_editing_profile.py:296: \n_ _ _ _ _ _ _ _ _ _ _ _ _ _ _ _ _ _ _ _ _ _ _ _ _ _ _ _ _ _ _ _ _ _ _ _ _ _ _ _ \nbase/base_assertion.py:78: in is_elem_displayed\n    assert self.find_element(by_locator).is_displayed()\nbase/base_page.py:149: in find_element\n    return self.wait.until(EC.visibility_of_element_located(locator),\n_ _ _ _ _ _ _ _ _ _ _ _ _ _ _ _ _ _ _ _ _ _ _ _ _ _ _ _ _ _ _ _ _ _ _ _ _ _ _ _ \n\nself = <selenium.webdriver.support.wait.WebDriverWait (session=\"f134c87027587e6ca9bb28b5291d0249\")>\nmethod = <function visibility_of_element_located.<locals>._predicate at 0x7fbc7447f2e0>\nmessage = 'Не найден элемент с локатором (\\'xpath\\', \\'//div[contains(@class,\"user-block-list_empty\")]\\')'\n\n    def until(self, method: Callable[[D], Union[Literal[False], T]], message: str = \"\") -> T:\n        \"\"\"Calls the method provided with the driver as an argument until the \\\n        return value does not evaluate to ``False``.\n    \n        :param method: callable(WebDriver)\n        :param message: optional message for :exc:`TimeoutException`\n        :returns: the result of the last call to `method`\n        :raises: :exc:`selenium.common.exceptions.TimeoutException` if timeout occurs\n        \"\"\"\n        screen = None\n        stacktrace = None\n    \n        end_time = time.monotonic() + self._timeout\n        while True:\n            try:\n                value = method(self._driver)\n                if value:\n                    return value\n            except self._ignored_exceptions as exc:\n                screen = getattr(exc, \"screen\", None)\n                stacktrace = getattr(exc, \"stacktrace\", None)\n            if time.monotonic() > end_time:\n                break\n            time.sleep(self._poll)\n>       raise TimeoutException(message, screen, stacktrace)\nE       selenium.common.exceptions.TimeoutException: Message: Не найден элемент с локатором ('xpath', '//div[contains(@class,\"user-block-list_empty\")]')\n\n../local/lib/python3.12/site-packages/selenium/webdriver/support/wait.py:105: TimeoutException","flaky":false,"newFailed":false,"newBroken":false,"newPassed":false,"retriesCount":0,"retriesStatusChange":false,"beforeStages":[{"name":"_session_faker","time":{"start":1738004512826,"stop":1738004512827,"duration":1},"status":"passed","steps":[],"attachments":[],"parameters":[],"shouldDisplayMessage":false,"attachmentsCount":0,"stepsCount":0,"hasContent":false,"attachmentStep":false},{"name":"driver","time":{"start":1738005258306,"stop":1738005258724,"duration":418},"status":"passed","steps":[],"attachments":[],"parameters":[],"shouldDisplayMessage":false,"attachmentsCount":0,"stepsCount":0,"hasContent":false,"attachmentStep":false},{"name":"Инициализация локаторов","time":{"start":1738005258725,"stop":1738005258725,"duration":0},"status":"passed","steps":[{"name":"Инициализация локаторов","time":{"start":1738005258725,"stop":1738005258725,"duration":0},"status":"passed","steps":[],"attachments":[],"parameters":[{"name":"request","value":"<SubRequest 'elements' for <Function test_if_there_are_no_blocked_users_the_message_list_is_empty_is_displayed>>"}],"shouldDisplayMessage":false,"attachmentsCount":0,"stepsCount":0,"hasContent":true,"attachmentStep":false}],"attachments":[],"parameters":[],"shouldDisplayMessage":false,"attachmentsCount":0,"stepsCount":1,"hasContent":true,"attachmentStep":false},{"name":"Авторизация пользователя в системе","time":{"start":1738005258725,"stop":1738005266909,"duration":8184},"status":"passed","steps":[{"name":"Авторизация пользователя в системе","time":{"start":1738005258726,"stop":1738005266909,"duration":8183},"status":"passed","steps":[],"attachments":[],"parameters":[{"name":"request","value":"<SubRequest 'login_to_app' for <Function test_if_there_are_no_blocked_users_the_message_list_is_empty_is_displayed>>"},{"name":"driver","value":"<selenium.webdriver.chrome.webdriver.WebDriver (session=\"f134c87027587e6ca9bb28b5291d0249\")>"}],"shouldDisplayMessage":false,"attachmentsCount":0,"stepsCount":0,"hasContent":true,"attachmentStep":false}],"attachments":[],"parameters":[],"shouldDisplayMessage":false,"attachmentsCount":0,"stepsCount":1,"hasContent":true,"attachmentStep":false},{"name":"setup","time":{"start":1738005258725,"stop":1738005258725,"duration":0},"status":"passed","steps":[],"attachments":[],"parameters":[],"shouldDisplayMessage":false,"attachmentsCount":0,"stepsCount":0,"hasContent":false,"attachmentStep":false}],"testStage":{"description":"Проверка происходит на пользователе Aleska","status":"broken","statusMessage":"selenium.common.exceptions.TimeoutException: Message: Не найден элемент с локатором ('xpath', '//div[contains(@class,\"user-block-list_empty\")]')","statusTrace":"self = <test_editing_profile.TestEditingProfile object at 0x7fbc74fb3f20>\nelements = {'Банк ачивок': {'Блок ачивок': ('xpath', '//div[contains(@class,\"user-achievement-by-interests_container\")]'), 'Модал...'carrot-messenger-frame'), 'Чат кэррот': ('xpath', '//div[contains(@class,\"carrot-messenger-frame-container\")]')}, ...}\nlogin_to_app = None\n\n    @allure.title('При отсутствии заблокированных пользователей отображается надпись \"Список пуст\"')\n    @allure.description('Проверка происходит на пользователе Aleska')\n    @allure.severity('Critical')\n    @pytest.mark.regression\n    def test_if_there_are_no_blocked_users_the_message_list_is_empty_is_displayed(self, elements, login_to_app):\n        with allure.step('Нажать кнопку профиль'):\n            self.app.profile_button_click()\n    \n        with allure.step('Нажать на кнопку редактирования профиля'):\n            element = elements['Профиль пользователя']\n            self.profile_page.do_click(element['Кнопка бургер-меню'])\n    \n        with allure.step('Нажать \"Редактировать профиль\"'):\n            element = elements['Поп ап бургер-меню профиля']\n            self.profile_page.do_click(element['Редактировать профиль'])\n    \n        with allure.step('Нажать \"Заблокированные пользователи\"'):\n            element = elements['Страница редактировать профиль']\n            self.edit_profile_page.do_click(element['Заблокированные пользователи'])\n    \n        with allure.step('Проверить, что список пуст и отображается надпись \"Список пуст\"'):\n            element = elements['Страница заблокированные пользователи']\n>           self.assertion.is_elem_displayed(element['Список пуст'])\n\ntests/test_editing_profile.py:296: \n_ _ _ _ _ _ _ _ _ _ _ _ _ _ _ _ _ _ _ _ _ _ _ _ _ _ _ _ _ _ _ _ _ _ _ _ _ _ _ _ \nbase/base_assertion.py:78: in is_elem_displayed\n    assert self.find_element(by_locator).is_displayed()\nbase/base_page.py:149: in find_element\n    return self.wait.until(EC.visibility_of_element_located(locator),\n_ _ _ _ _ _ _ _ _ _ _ _ _ _ _ _ _ _ _ _ _ _ _ _ _ _ _ _ _ _ _ _ _ _ _ _ _ _ _ _ \n\nself = <selenium.webdriver.support.wait.WebDriverWait (session=\"f134c87027587e6ca9bb28b5291d0249\")>\nmethod = <function visibility_of_element_located.<locals>._predicate at 0x7fbc7447f2e0>\nmessage = 'Не найден элемент с локатором (\\'xpath\\', \\'//div[contains(@class,\"user-block-list_empty\")]\\')'\n\n    def until(self, method: Callable[[D], Union[Literal[False], T]], message: str = \"\") -> T:\n        \"\"\"Calls the method provided with the driver as an argument until the \\\n        return value does not evaluate to ``False``.\n    \n        :param method: callable(WebDriver)\n        :param message: optional message for :exc:`TimeoutException`\n        :returns: the result of the last call to `method`\n        :raises: :exc:`selenium.common.exceptions.TimeoutException` if timeout occurs\n        \"\"\"\n        screen = None\n        stacktrace = None\n    \n        end_time = time.monotonic() + self._timeout\n        while True:\n            try:\n                value = method(self._driver)\n                if value:\n                    return value\n            except self._ignored_exceptions as exc:\n                screen = getattr(exc, \"screen\", None)\n                stacktrace = getattr(exc, \"stacktrace\", None)\n            if time.monotonic() > end_time:\n                break\n            time.sleep(self._poll)\n>       raise TimeoutException(message, screen, stacktrace)\nE       selenium.common.exceptions.TimeoutException: Message: Не найден элемент с локатором ('xpath', '//div[contains(@class,\"user-block-list_empty\")]')\n\n../local/lib/python3.12/site-packages/selenium/webdriver/support/wait.py:105: TimeoutException","steps":[{"name":"Нажать кнопку профиль","time":{"start":1738005266909,"stop":1738005266954,"duration":45},"status":"passed","steps":[],"attachments":[],"parameters":[],"shouldDisplayMessage":false,"attachmentsCount":0,"stepsCount":0,"hasContent":false,"attachmentStep":false},{"name":"Нажать на кнопку редактирования профиля","time":{"start":1738005266954,"stop":1738005268020,"duration":1066},"status":"passed","steps":[],"attachments":[],"parameters":[],"shouldDisplayMessage":false,"attachmentsCount":0,"stepsCount":0,"hasContent":false,"attachmentStep":false},{"name":"Нажать \"Редактировать профиль\"","time":{"start":1738005268020,"stop":1738005268077,"duration":57},"status":"passed","steps":[],"attachments":[],"parameters":[],"shouldDisplayMessage":false,"attachmentsCount":0,"stepsCount":0,"hasContent":false,"attachmentStep":false},{"name":"Нажать \"Заблокированные пользователи\"","time":{"start":1738005268077,"stop":1738005268647,"duration":570},"status":"passed","steps":[],"attachments":[],"parameters":[],"shouldDisplayMessage":false,"attachmentsCount":0,"stepsCount":0,"hasContent":false,"attachmentStep":false},{"name":"Проверить, что список пуст и отображается надпись \"Список пуст\"","time":{"start":1738005268647,"stop":1738005298787,"duration":30140},"status":"broken","statusMessage":"selenium.common.exceptions.TimeoutException: Message: Не найден элемент с локатором ('xpath', '//div[contains(@class,\"user-block-list_empty\")]')\n\n","statusTrace":"  File \"/usr/workspace/tests/test_editing_profile.py\", line 296, in test_if_there_are_no_blocked_users_the_message_list_is_empty_is_displayed\n    self.assertion.is_elem_displayed(element['Список пуст'])\n  File \"/usr/workspace/base/base_assertion.py\", line 78, in is_elem_displayed\n    assert self.find_element(by_locator).is_displayed()\n           ^^^^^^^^^^^^^^^^^^^^^^^^^^^^^\n  File \"/usr/workspace/base/base_page.py\", line 149, in find_element\n    return self.wait.until(EC.visibility_of_element_located(locator),\n           ^^^^^^^^^^^^^^^^^^^^^^^^^^^^^^^^^^^^^^^^^^^^^^^^^^^^^^^^^^\n  File \"/usr/local/lib/python3.12/site-packages/selenium/webdriver/support/wait.py\", line 105, in until\n    raise TimeoutException(message, screen, stacktrace)\n","steps":[],"attachments":[],"parameters":[],"shouldDisplayMessage":true,"attachmentsCount":0,"stepsCount":0,"hasContent":true,"attachmentStep":false}],"attachments":[],"parameters":[],"shouldDisplayMessage":true,"attachmentsCount":0,"stepsCount":5,"hasContent":true,"attachmentStep":false},"afterStages":[{"name":"driver::0","time":{"start":1738005298800,"stop":1738005298985,"duration":185},"status":"passed","steps":[],"attachments":[{"uid":"1ebf46b6b9925c45","name":"page_source","source":"1ebf46b6b9925c45.html","type":"text/html","size":13039},{"uid":"eff7d0a1135a5fc4","name":"screenshot","source":"eff7d0a1135a5fc4.png","type":"image/png","size":21926},{"uid":"ad27170bef76d8a0","name":"browser_logs","source":"ad27170bef76d8a0.txt","type":"text/plain","size":36557}],"parameters":[],"shouldDisplayMessage":false,"attachmentsCount":3,"stepsCount":0,"hasContent":true,"attachmentStep":false}],"labels":[{"name":"feature","value":"Редактирование профиля"},{"name":"severity","value":"Critical"},{"name":"tag","value":"regression"},{"name":"tag","value":"editing_profile"},{"name":"parentSuite","value":"tests"},{"name":"suite","value":"test_editing_profile"},{"name":"subSuite","value":"TestEditingProfile"},{"name":"host","value":"bbd6527a2dd1"},{"name":"thread","value":"1-MainThread"},{"name":"framework","value":"pytest"},{"name":"language","value":"cpython3"},{"name":"package","value":"tests.test_editing_profile"},{"name":"resultFormat","value":"allure2"}],"parameters":[],"links":[],"hidden":false,"retry":false,"extra":{"severity":"critical","retries":[],"categories":[{"name":"Test defects","matchedStatuses":[],"flaky":false}],"history":{"statistic":{"failed":0,"broken":15,"skipped":0,"passed":17,"unknown":0,"total":32},"items":[{"uid":"48af72f013615478","status":"broken","statusDetails":"selenium.common.exceptions.TimeoutException: Message: Не найден элемент с локатором ('xpath', '//div[contains(@class,\"user-block-list_empty\")]')","time":{"start":1738002575111,"stop":1738002606974,"duration":31863}},{"uid":"5b6596faae21c339","status":"broken","statusDetails":"selenium.common.exceptions.TimeoutException: Message: Не найден элемент с локатором ('xpath', '//div[@class=\"onboarding_container__mDp2D\"]')","time":{"start":1737929347976,"stop":1737929347976,"duration":0}},{"uid":"6e11495f1b23f992","status":"broken","statusDetails":"selenium.common.exceptions.TimeoutException: Message: Не найден элемент с локатором ('xpath', '//div[contains(@class,\"user-block-list_empty\")]')","time":{"start":1737842879482,"stop":1737842912889,"duration":33407}},{"uid":"2eef2d49a10591e2","status":"broken","statusDetails":"selenium.common.exceptions.TimeoutException: Message: Не найден элемент с локатором ('xpath', '//div[contains(@class,\"user-block-list_empty\")]')","time":{"start":1737832141337,"stop":1737832174216,"duration":32879}},{"uid":"541532ed0eb79d42","status":"broken","statusDetails":"selenium.common.exceptions.TimeoutException: Message: Не найден элемент с локатором ('xpath', '//div[contains(@class,\"user-block-list_empty\")]')","time":{"start":1737799442398,"stop":1737799475775,"duration":33377}},{"uid":"b168cd243c0e1809","status":"broken","statusDetails":"selenium.common.exceptions.TimeoutException: Message: Не найден элемент с локатором ('xpath', '//div[contains(@class,\"user-block-list_empty\")]')","time":{"start":1737757717621,"stop":1737757750997,"duration":33376}},{"uid":"1eaee0c91d01e8f1","status":"broken","statusDetails":"selenium.common.exceptions.TimeoutException: Message: Не найден элемент с локатором ('xpath', '//div[contains(@class,\"user-block-list_empty\")]')","time":{"start":1737744701811,"stop":1737744735181,"duration":33370}},{"uid":"746664e6fc997ffc","status":"broken","statusDetails":"selenium.common.exceptions.TimeoutException: Message: Не найден элемент с локатором ('xpath', '//div[contains(@class,\"user-block-list_empty\")]')","time":{"start":1737652562972,"stop":1737652596362,"duration":33390}},{"uid":"43972674d9569d74","status":"passed","time":{"start":1737570218408,"stop":1737570222196,"duration":3788}},{"uid":"daf3c655b0a81da5","status":"broken","statusDetails":"selenium.common.exceptions.WebDriverException: Message: unknown error: Chrome failed to start: exited abnormally.\n  (unknown error: DevToolsActivePort file doesn't exist)\n  (The process started from chrome location /usr/bin/chromium-browser is no longer running, so ChromeDriver is assuming that Chrome has crashed.)","time":{"start":1737568963661,"stop":1737568963661,"duration":0}},{"uid":"2590149a663cd761","status":"passed","time":{"start":1734034555515,"stop":1734034559817,"duration":4302}},{"uid":"2a3cc78e6ac4340d","status":"passed","time":{"start":1733937241572,"stop":1733937245807,"duration":4235}},{"uid":"5e8ddd44a1170583","status":"passed","time":{"start":1733865804762,"stop":1733865808378,"duration":3616}},{"uid":"cabe82c07918af33","status":"passed","time":{"start":1733860246587,"stop":1733860249347,"duration":2760}},{"uid":"80735e38d3b83c41","status":"passed","time":{"start":1733856829829,"stop":1733856832568,"duration":2739}},{"uid":"6d4dcb7659a9c385","status":"passed","time":{"start":1733771723116,"stop":1733771725886,"duration":2770}},{"uid":"54804976b719e05","status":"broken","statusDetails":"selenium.common.exceptions.TimeoutException: Message: Не найден элемент с локатором ('xpath', '//button[@data-testing=\"after_register_dialog__btn_choose_later\"]')","time":{"start":1733766065195,"stop":1733766065195,"duration":0}},{"uid":"df955d2267bf32b7","status":"broken","statusDetails":"selenium.common.exceptions.TimeoutException: Message: Не найден элемент с локатором ('xpath', '//button[@data-testing=\"after_register_dialog__btn_choose_later\"]')","time":{"start":1733421691343,"stop":1733421691343,"duration":0}},{"uid":"d4863ff06ebfc22b","status":"passed","time":{"start":1726780239588,"stop":1726780242831,"duration":3243}},{"uid":"9795e13b6bc73feb","status":"passed","time":{"start":1726776960284,"stop":1726776963542,"duration":3258}}]},"tags":["editing_profile","regression"]},"source":"bdb1cb6d6b4fdc34.json","parameterValues":[]}