{"uid":"be8358f51dddd6ea","name":"Проверка возможности посмотреть список своих подписчиков","fullName":"tests.test_profile.TestProfile#test_opportunities_to_see_the_list_of_your_subscribers","historyId":"8d0d9880e117e0a1effba0b2589dde4b","time":{"start":1733772198590,"stop":1733772208855,"duration":10265},"description":"Проверка происходит на пользователе Aleska","descriptionHtml":"<p>Проверка происходит на пользователе Aleska</p>\n","status":"broken","statusMessage":"selenium.common.exceptions.TimeoutException: Message:","statusTrace":"self = <test_profile.TestProfile object at 0x7f73feda67e0>\nelements = {'Банк ачивок': {'Блок ачивок': ('xpath', '//div[contains(@class,\"user-achievement-by-interests_container\")]'), 'Модал...-sheet_icons\")]'), 'Название ачивки': ('xpath', '//div[contains(@class,\"achievement-item-bottom-sheet_title\")]')}, ...}\nlogin_to_app = None\n\n    @allure.title('Проверка возможности посмотреть список своих подписчиков')\n    @allure.description('Проверка происходит на пользователе Aleska')\n    @allure.severity('Critical')\n    @pytest.mark.regression\n    def test_opportunities_to_see_the_list_of_your_subscribers(self, elements, login_to_app):\n        with allure.step('Нажать на кнопку профиль'):\n            self.app.profile_button_click()\n    \n        with allure.step('Нажать на Подписчики'):\n            element = elements['Профиль пользователя']\n>           self.profile_page.do_click(element['Подписчики'])\n\ntests/test_profile.py:220: \n_ _ _ _ _ _ _ _ _ _ _ _ _ _ _ _ _ _ _ _ _ _ _ _ _ _ _ _ _ _ _ _ _ _ _ _ _ _ _ _ \nbase/base_page.py:75: in do_click\n    elem = WebDriverWait(self.driver, wait_time).until(EC.element_to_be_clickable(locator))\n_ _ _ _ _ _ _ _ _ _ _ _ _ _ _ _ _ _ _ _ _ _ _ _ _ _ _ _ _ _ _ _ _ _ _ _ _ _ _ _ \n\nself = <selenium.webdriver.support.wait.WebDriverWait (session=\"7f2ede6cfe2638b68bf6ee523a2d17e8\")>\nmethod = <function element_to_be_clickable.<locals>._predicate at 0x7f73fea6fec0>\nmessage = ''\n\n    def until(self, method: Callable[[D], Union[Literal[False], T]], message: str = \"\") -> T:\n        \"\"\"Calls the method provided with the driver as an argument until the \\\n        return value does not evaluate to ``False``.\n    \n        :param method: callable(WebDriver)\n        :param message: optional message for :exc:`TimeoutException`\n        :returns: the result of the last call to `method`\n        :raises: :exc:`selenium.common.exceptions.TimeoutException` if timeout occurs\n        \"\"\"\n        screen = None\n        stacktrace = None\n    \n        end_time = time.monotonic() + self._timeout\n        while True:\n            try:\n                value = method(self._driver)\n                if value:\n                    return value\n            except self._ignored_exceptions as exc:\n                screen = getattr(exc, \"screen\", None)\n                stacktrace = getattr(exc, \"stacktrace\", None)\n            if time.monotonic() > end_time:\n                break\n            time.sleep(self._poll)\n>       raise TimeoutException(message, screen, stacktrace)\nE       selenium.common.exceptions.TimeoutException: Message:\n\n../local/lib/python3.12/site-packages/selenium/webdriver/support/wait.py:105: TimeoutException","flaky":false,"newFailed":false,"newBroken":false,"newPassed":false,"retriesCount":0,"retriesStatusChange":false,"beforeStages":[{"name":"_session_faker","time":{"start":1733770821274,"stop":1733770821276,"duration":2},"status":"passed","steps":[],"attachments":[],"parameters":[],"shouldDisplayMessage":false,"attachmentsCount":0,"stepsCount":0,"hasContent":false,"attachmentStep":false},{"name":"driver","time":{"start":1733772191379,"stop":1733772191814,"duration":435},"status":"passed","steps":[],"attachments":[],"parameters":[],"shouldDisplayMessage":false,"attachmentsCount":0,"stepsCount":0,"hasContent":false,"attachmentStep":false},{"name":"setup","time":{"start":1733772191815,"stop":1733772191815,"duration":0},"status":"passed","steps":[],"attachments":[],"parameters":[],"shouldDisplayMessage":false,"attachmentsCount":0,"stepsCount":0,"hasContent":false,"attachmentStep":false},{"name":"Авторизация пользователя в системе","time":{"start":1733772191815,"stop":1733772198590,"duration":6775},"status":"passed","steps":[{"name":"Авторизация пользователя в системе","time":{"start":1733772191815,"stop":1733772198590,"duration":6775},"status":"passed","steps":[],"attachments":[],"parameters":[{"name":"request","value":"<SubRequest 'login_to_app' for <Function test_opportunities_to_see_the_list_of_your_subscribers>>"},{"name":"driver","value":"<selenium.webdriver.chrome.webdriver.WebDriver (session=\"7f2ede6cfe2638b68bf6ee523a2d17e8\")>"}],"shouldDisplayMessage":false,"attachmentsCount":0,"stepsCount":0,"hasContent":true,"attachmentStep":false}],"attachments":[],"parameters":[],"shouldDisplayMessage":false,"attachmentsCount":0,"stepsCount":1,"hasContent":true,"attachmentStep":false},{"name":"Инициализация локаторов","time":{"start":1733772191815,"stop":1733772191815,"duration":0},"status":"passed","steps":[{"name":"Инициализация локаторов","time":{"start":1733772191815,"stop":1733772191815,"duration":0},"status":"passed","steps":[],"attachments":[],"parameters":[{"name":"request","value":"<SubRequest 'elements' for <Function test_opportunities_to_see_the_list_of_your_subscribers>>"}],"shouldDisplayMessage":false,"attachmentsCount":0,"stepsCount":0,"hasContent":true,"attachmentStep":false}],"attachments":[],"parameters":[],"shouldDisplayMessage":false,"attachmentsCount":0,"stepsCount":1,"hasContent":true,"attachmentStep":false}],"testStage":{"description":"Проверка происходит на пользователе Aleska","status":"broken","statusMessage":"selenium.common.exceptions.TimeoutException: Message:","statusTrace":"self = <test_profile.TestProfile object at 0x7f73feda67e0>\nelements = {'Банк ачивок': {'Блок ачивок': ('xpath', '//div[contains(@class,\"user-achievement-by-interests_container\")]'), 'Модал...-sheet_icons\")]'), 'Название ачивки': ('xpath', '//div[contains(@class,\"achievement-item-bottom-sheet_title\")]')}, ...}\nlogin_to_app = None\n\n    @allure.title('Проверка возможности посмотреть список своих подписчиков')\n    @allure.description('Проверка происходит на пользователе Aleska')\n    @allure.severity('Critical')\n    @pytest.mark.regression\n    def test_opportunities_to_see_the_list_of_your_subscribers(self, elements, login_to_app):\n        with allure.step('Нажать на кнопку профиль'):\n            self.app.profile_button_click()\n    \n        with allure.step('Нажать на Подписчики'):\n            element = elements['Профиль пользователя']\n>           self.profile_page.do_click(element['Подписчики'])\n\ntests/test_profile.py:220: \n_ _ _ _ _ _ _ _ _ _ _ _ _ _ _ _ _ _ _ _ _ _ _ _ _ _ _ _ _ _ _ _ _ _ _ _ _ _ _ _ \nbase/base_page.py:75: in do_click\n    elem = WebDriverWait(self.driver, wait_time).until(EC.element_to_be_clickable(locator))\n_ _ _ _ _ _ _ _ _ _ _ _ _ _ _ _ _ _ _ _ _ _ _ _ _ _ _ _ _ _ _ _ _ _ _ _ _ _ _ _ \n\nself = <selenium.webdriver.support.wait.WebDriverWait (session=\"7f2ede6cfe2638b68bf6ee523a2d17e8\")>\nmethod = <function element_to_be_clickable.<locals>._predicate at 0x7f73fea6fec0>\nmessage = ''\n\n    def until(self, method: Callable[[D], Union[Literal[False], T]], message: str = \"\") -> T:\n        \"\"\"Calls the method provided with the driver as an argument until the \\\n        return value does not evaluate to ``False``.\n    \n        :param method: callable(WebDriver)\n        :param message: optional message for :exc:`TimeoutException`\n        :returns: the result of the last call to `method`\n        :raises: :exc:`selenium.common.exceptions.TimeoutException` if timeout occurs\n        \"\"\"\n        screen = None\n        stacktrace = None\n    \n        end_time = time.monotonic() + self._timeout\n        while True:\n            try:\n                value = method(self._driver)\n                if value:\n                    return value\n            except self._ignored_exceptions as exc:\n                screen = getattr(exc, \"screen\", None)\n                stacktrace = getattr(exc, \"stacktrace\", None)\n            if time.monotonic() > end_time:\n                break\n            time.sleep(self._poll)\n>       raise TimeoutException(message, screen, stacktrace)\nE       selenium.common.exceptions.TimeoutException: Message:\n\n../local/lib/python3.12/site-packages/selenium/webdriver/support/wait.py:105: TimeoutException","steps":[{"name":"Нажать на кнопку профиль","time":{"start":1733772198590,"stop":1733772198633,"duration":43},"status":"passed","steps":[],"attachments":[],"parameters":[],"shouldDisplayMessage":false,"attachmentsCount":0,"stepsCount":0,"hasContent":false,"attachmentStep":false},{"name":"Нажать на Подписчики","time":{"start":1733772198633,"stop":1733772208855,"duration":10222},"status":"broken","statusMessage":"selenium.common.exceptions.TimeoutException: Message: \n\n","statusTrace":"  File \"/usr/workspace/tests/test_profile.py\", line 220, in test_opportunities_to_see_the_list_of_your_subscribers\n    self.profile_page.do_click(element['Подписчики'])\n  File \"/usr/workspace/base/base_page.py\", line 75, in do_click\n    elem = WebDriverWait(self.driver, wait_time).until(EC.element_to_be_clickable(locator))\n           ^^^^^^^^^^^^^^^^^^^^^^^^^^^^^^^^^^^^^^^^^^^^^^^^^^^^^^^^^^^^^^^^^^^^^^^^^^^^^^^^\n  File \"/usr/local/lib/python3.12/site-packages/selenium/webdriver/support/wait.py\", line 105, in until\n    raise TimeoutException(message, screen, stacktrace)\n","steps":[],"attachments":[],"parameters":[],"shouldDisplayMessage":true,"attachmentsCount":0,"stepsCount":0,"hasContent":true,"attachmentStep":false}],"attachments":[],"parameters":[],"shouldDisplayMessage":true,"attachmentsCount":0,"stepsCount":2,"hasContent":true,"attachmentStep":false},"afterStages":[{"name":"driver::0","time":{"start":1733772208865,"stop":1733772209113,"duration":248},"status":"passed","steps":[],"attachments":[{"uid":"9cc3f69d5a0e7c38","name":"page_source","source":"9cc3f69d5a0e7c38.html","type":"text/html","size":55174},{"uid":"10dd3bac29a87a4e","name":"screenshot","source":"10dd3bac29a87a4e.png","type":"image/png","size":332768},{"uid":"7dbe95dc2cc56b9d","name":"browser_logs","source":"7dbe95dc2cc56b9d.txt","type":"text/plain","size":7891}],"parameters":[],"shouldDisplayMessage":false,"attachmentsCount":3,"stepsCount":0,"hasContent":true,"attachmentStep":false}],"labels":[{"name":"severity","value":"Critical"},{"name":"feature","value":"Профиль пользователя"},{"name":"tag","value":"regression"},{"name":"tag","value":"profile"},{"name":"parentSuite","value":"tests"},{"name":"suite","value":"test_profile"},{"name":"subSuite","value":"TestProfile"},{"name":"host","value":"3a881581078d"},{"name":"thread","value":"1-MainThread"},{"name":"framework","value":"pytest"},{"name":"language","value":"cpython3"},{"name":"package","value":"tests.test_profile"},{"name":"resultFormat","value":"allure2"}],"parameters":[],"links":[],"hidden":false,"retry":false,"extra":{"severity":"critical","retries":[],"categories":[{"name":"Test defects","matchedStatuses":[],"flaky":false}],"history":{"statistic":{"failed":0,"broken":6,"skipped":0,"passed":12,"unknown":0,"total":18},"items":[{"uid":"30bc78d6ebe5efa1","status":"broken","statusDetails":"selenium.common.exceptions.TimeoutException: Message:","time":{"start":1733766673424,"stop":1733766683594,"duration":10170}},{"uid":"d115687a795035b1","status":"broken","statusDetails":"selenium.common.exceptions.TimeoutException: Message: Не найден элемент с локатором ('xpath', '//button[@data-testing=\"after_register_dialog__btn_choose_later\"]')","time":{"start":1733422225490,"stop":1733422225490,"duration":0}},{"uid":"72798ebc482c70f7","status":"broken","statusDetails":"selenium.common.exceptions.TimeoutException: Message:","time":{"start":1726780601691,"stop":1726780611851,"duration":10160}},{"uid":"847496c427c0dcc9","status":"broken","statusDetails":"selenium.common.exceptions.TimeoutException: Message:","time":{"start":1726777350731,"stop":1726777360893,"duration":10162}},{"uid":"d11b373654f9234a","status":"passed","time":{"start":1724099109787,"stop":1724099112439,"duration":2652}},{"uid":"997c002a639be6ad","status":"passed","time":{"start":1723829410943,"stop":1723829413565,"duration":2622}},{"uid":"4f81921dba2064c0","status":"passed","time":{"start":1723751600856,"stop":1723751603485,"duration":2629}},{"uid":"fae83e30be2288ad","status":"passed","time":{"start":1723742056899,"stop":1723742060032,"duration":3133}},{"uid":"5beb9abe97c4223f","status":"broken","statusDetails":"KeyError: 'access_token'","time":{"start":1723664453180,"stop":1723664453180,"duration":0}},{"uid":"4ff0a6d82b576910","status":"passed","time":{"start":1723579191294,"stop":1723579193921,"duration":2627}},{"uid":"66f812c8500afd14","status":"passed","time":{"start":1723496340568,"stop":1723496343197,"duration":2629}},{"uid":"c44b41012cea2892","status":"passed","time":{"start":1723150166874,"stop":1723150169519,"duration":2645}},{"uid":"f836f5baa09ada51","status":"passed","time":{"start":1723148819308,"stop":1723148821927,"duration":2619}},{"uid":"cd855ded54e6598","status":"passed","time":{"start":1723147087331,"stop":1723147089959,"duration":2628}},{"uid":"c0bcb2c4e2f743dc","status":"passed","time":{"start":1723065314023,"stop":1723065316649,"duration":2626}},{"uid":"955aca8f2c9b1668","status":"passed","time":{"start":1722976852190,"stop":1722976854825,"duration":2635}},{"uid":"5a88d41d2a3f71d7","status":"passed","time":{"start":1722892074267,"stop":1722892077381,"duration":3114}}]},"tags":["regression","profile"]},"source":"be8358f51dddd6ea.json","parameterValues":[]}