{"uid":"becdfad0af2257b7","name":"Проверка валидации поля никнейм при вводе более 16 символов","fullName":"tests.test_registration.TestRegistrationUser#test_validation_field_nickname_when_entering_more_than_16_characters","historyId":"20b9ae816578b0eb512e4a2fa4b7f2a4","time":{"start":1737934104767,"stop":1737934216100,"duration":111333},"status":"broken","statusMessage":"selenium.common.exceptions.TimeoutException: Message:","statusTrace":"self = <test_registration.TestRegistrationUser object at 0x7f0484740510>\nelements = {'Банк ачивок': {'Блок ачивок': ('xpath', '//div[contains(@class,\"user-achievement-by-interests_container\")]'), 'Модал...'carrot-messenger-frame'), 'Чат кэррот': ('xpath', '//div[contains(@class,\"carrot-messenger-frame-container\")]')}, ...}\n\n    @allure.title('Проверка валидации поля никнейм при вводе более 16 символов')\n    @allure.severity('Normal')\n    @pytest.mark.regression\n    def test_validation_field_nickname_when_entering_more_than_16_characters(self, elements):\n        with allure.step('Открыть страницу регистрации'):\n            self.authorization_page.open()\n            element = elements['Страница авторизации']\n    \n        with allure.step('Нажать кнопку \"По смс (Для России)\"'):\n>           self.authorization_page.do_click(element['Кнопка по смс'])\n\ntests/test_registration.py:129: \n_ _ _ _ _ _ _ _ _ _ _ _ _ _ _ _ _ _ _ _ _ _ _ _ _ _ _ _ _ _ _ _ _ _ _ _ _ _ _ _ \nbase/base_page.py:75: in do_click\n    elem = WebDriverWait(self.driver, wait_time).until(EC.element_to_be_clickable(locator))\n_ _ _ _ _ _ _ _ _ _ _ _ _ _ _ _ _ _ _ _ _ _ _ _ _ _ _ _ _ _ _ _ _ _ _ _ _ _ _ _ \n\nself = <selenium.webdriver.support.wait.WebDriverWait (session=\"ef7db0b6eec8c5291ce1b1d487b5a245\")>\nmethod = <function element_to_be_clickable.<locals>._predicate at 0x7f0484256c00>\nmessage = ''\n\n    def until(self, method: Callable[[D], Union[Literal[False], T]], message: str = \"\") -> T:\n        \"\"\"Calls the method provided with the driver as an argument until the \\\n        return value does not evaluate to ``False``.\n    \n        :param method: callable(WebDriver)\n        :param message: optional message for :exc:`TimeoutException`\n        :returns: the result of the last call to `method`\n        :raises: :exc:`selenium.common.exceptions.TimeoutException` if timeout occurs\n        \"\"\"\n        screen = None\n        stacktrace = None\n    \n        end_time = time.monotonic() + self._timeout\n        while True:\n            try:\n                value = method(self._driver)\n                if value:\n                    return value\n            except self._ignored_exceptions as exc:\n                screen = getattr(exc, \"screen\", None)\n                stacktrace = getattr(exc, \"stacktrace\", None)\n            if time.monotonic() > end_time:\n                break\n            time.sleep(self._poll)\n>       raise TimeoutException(message, screen, stacktrace)\nE       selenium.common.exceptions.TimeoutException: Message:\n\n../local/lib/python3.13/site-packages/selenium/webdriver/support/wait.py:105: TimeoutException","flaky":false,"newFailed":false,"newBroken":true,"newPassed":false,"retriesCount":0,"retriesStatusChange":false,"beforeStages":[{"name":"_session_faker","time":{"start":1737925936720,"stop":1737925936721,"duration":1},"status":"passed","steps":[],"attachments":[],"parameters":[],"shouldDisplayMessage":false,"attachmentsCount":0,"stepsCount":0,"hasContent":false,"attachmentStep":false},{"name":"driver","time":{"start":1737934086748,"stop":1737934104766,"duration":18018},"status":"passed","steps":[],"attachments":[],"parameters":[],"shouldDisplayMessage":false,"attachmentsCount":0,"stepsCount":0,"hasContent":false,"attachmentStep":false},{"name":"setup","time":{"start":1737934104766,"stop":1737934104766,"duration":0},"status":"passed","steps":[],"attachments":[],"parameters":[],"shouldDisplayMessage":false,"attachmentsCount":0,"stepsCount":0,"hasContent":false,"attachmentStep":false},{"name":"Инициализация локаторов","time":{"start":1737934104767,"stop":1737934104767,"duration":0},"status":"passed","steps":[{"name":"Инициализация локаторов","time":{"start":1737934104767,"stop":1737934104767,"duration":0},"status":"passed","steps":[],"attachments":[],"parameters":[{"name":"request","value":"<SubRequest 'elements' for <Function test_validation_field_nickname_when_entering_more_than_16_characters>>"}],"shouldDisplayMessage":false,"attachmentsCount":0,"stepsCount":0,"hasContent":true,"attachmentStep":false}],"attachments":[],"parameters":[],"shouldDisplayMessage":false,"attachmentsCount":0,"stepsCount":1,"hasContent":true,"attachmentStep":false}],"testStage":{"status":"broken","statusMessage":"selenium.common.exceptions.TimeoutException: Message:","statusTrace":"self = <test_registration.TestRegistrationUser object at 0x7f0484740510>\nelements = {'Банк ачивок': {'Блок ачивок': ('xpath', '//div[contains(@class,\"user-achievement-by-interests_container\")]'), 'Модал...'carrot-messenger-frame'), 'Чат кэррот': ('xpath', '//div[contains(@class,\"carrot-messenger-frame-container\")]')}, ...}\n\n    @allure.title('Проверка валидации поля никнейм при вводе более 16 символов')\n    @allure.severity('Normal')\n    @pytest.mark.regression\n    def test_validation_field_nickname_when_entering_more_than_16_characters(self, elements):\n        with allure.step('Открыть страницу регистрации'):\n            self.authorization_page.open()\n            element = elements['Страница авторизации']\n    \n        with allure.step('Нажать кнопку \"По смс (Для России)\"'):\n>           self.authorization_page.do_click(element['Кнопка по смс'])\n\ntests/test_registration.py:129: \n_ _ _ _ _ _ _ _ _ _ _ _ _ _ _ _ _ _ _ _ _ _ _ _ _ _ _ _ _ _ _ _ _ _ _ _ _ _ _ _ \nbase/base_page.py:75: in do_click\n    elem = WebDriverWait(self.driver, wait_time).until(EC.element_to_be_clickable(locator))\n_ _ _ _ _ _ _ _ _ _ _ _ _ _ _ _ _ _ _ _ _ _ _ _ _ _ _ _ _ _ _ _ _ _ _ _ _ _ _ _ \n\nself = <selenium.webdriver.support.wait.WebDriverWait (session=\"ef7db0b6eec8c5291ce1b1d487b5a245\")>\nmethod = <function element_to_be_clickable.<locals>._predicate at 0x7f0484256c00>\nmessage = ''\n\n    def until(self, method: Callable[[D], Union[Literal[False], T]], message: str = \"\") -> T:\n        \"\"\"Calls the method provided with the driver as an argument until the \\\n        return value does not evaluate to ``False``.\n    \n        :param method: callable(WebDriver)\n        :param message: optional message for :exc:`TimeoutException`\n        :returns: the result of the last call to `method`\n        :raises: :exc:`selenium.common.exceptions.TimeoutException` if timeout occurs\n        \"\"\"\n        screen = None\n        stacktrace = None\n    \n        end_time = time.monotonic() + self._timeout\n        while True:\n            try:\n                value = method(self._driver)\n                if value:\n                    return value\n            except self._ignored_exceptions as exc:\n                screen = getattr(exc, \"screen\", None)\n                stacktrace = getattr(exc, \"stacktrace\", None)\n            if time.monotonic() > end_time:\n                break\n            time.sleep(self._poll)\n>       raise TimeoutException(message, screen, stacktrace)\nE       selenium.common.exceptions.TimeoutException: Message:\n\n../local/lib/python3.13/site-packages/selenium/webdriver/support/wait.py:105: TimeoutException","steps":[{"name":"Открыть страницу регистрации","time":{"start":1737934104767,"stop":1737934132769,"duration":28002},"status":"passed","steps":[],"attachments":[],"parameters":[],"shouldDisplayMessage":false,"attachmentsCount":0,"stepsCount":0,"hasContent":false,"attachmentStep":false},{"name":"Нажать кнопку \"По смс (Для России)\"","time":{"start":1737934132769,"stop":1737934216099,"duration":83330},"status":"broken","statusMessage":"selenium.common.exceptions.TimeoutException: Message: \n\n","statusTrace":"  File \"/usr/workspace/tests/test_registration.py\", line 129, in test_validation_field_nickname_when_entering_more_than_16_characters\n    self.authorization_page.do_click(element['Кнопка по смс'])\n    ~~~~~~~~~~~~~~~~~~~~~~~~~~~~~~~~^^^^^^^^^^^^^^^^^^^^^^^^^^\n  File \"/usr/workspace/base/base_page.py\", line 75, in do_click\n    elem = WebDriverWait(self.driver, wait_time).until(EC.element_to_be_clickable(locator))\n  File \"/usr/local/lib/python3.13/site-packages/selenium/webdriver/support/wait.py\", line 105, in until\n    raise TimeoutException(message, screen, stacktrace)\n","steps":[],"attachments":[],"parameters":[],"shouldDisplayMessage":true,"attachmentsCount":0,"stepsCount":0,"hasContent":true,"attachmentStep":false}],"attachments":[{"uid":"4c3bbc1c7434e373","name":"log","source":"4c3bbc1c7434e373.txt","type":"text/plain","size":641}],"parameters":[],"shouldDisplayMessage":true,"attachmentsCount":1,"stepsCount":2,"hasContent":true,"attachmentStep":false},"afterStages":[{"name":"driver::0","time":{"start":1737934217250,"stop":1737934549378,"duration":332128},"status":"broken","statusMessage":"selenium.common.exceptions.TimeoutException: Message: timeout: Timed out receiving message from renderer: 10.000\n  (Session info: chrome=132.0.6834.83)\n\n","statusTrace":"  File \"/usr/local/lib/python3.13/site-packages/allure_commons/_allure.py\", line 221, in __call__\n    return self._fixture_function(*args, **kwargs)\n           ~~~~~~~~~~~~~~~~~~~~~~^^^^^^^^^^^^^^^^^\n  File \"/usr/local/lib/python3.13/site-packages/_pytest/fixtures.py\", line 907, in _teardown_yield_fixture\n    next(it)\n    ~~~~^^^^\n  File \"/usr/workspace/conftest.py\", line 32, in driver\n    attach.add_screenshot(driver)\n    ~~~~~~~~~~~~~~~~~~~~~^^^^^^^^\n  File \"/usr/workspace/config/attach.py\", line 6, in add_screenshot\n    png = driver.get_screenshot_as_png()\n  File \"/usr/local/lib/python3.13/site-packages/selenium/webdriver/remote/webdriver.py\", line 853, in get_screenshot_as_png\n    return b64decode(self.get_screenshot_as_base64().encode(\"ascii\"))\n                     ~~~~~~~~~~~~~~~~~~~~~~~~~~~~~^^\n  File \"/usr/local/lib/python3.13/site-packages/selenium/webdriver/remote/webdriver.py\", line 864, in get_screenshot_as_base64\n    return self.execute(Command.SCREENSHOT)[\"value\"]\n           ~~~~~~~~~~~~^^^^^^^^^^^^^^^^^^^^\n  File \"/usr/local/lib/python3.13/site-packages/selenium/webdriver/remote/webdriver.py\", line 384, in execute\n    self.error_handler.check_response(response)\n    ~~~~~~~~~~~~~~~~~~~~~~~~~~~~~~~~~^^^^^^^^^^\n  File \"/usr/local/lib/python3.13/site-packages/selenium/webdriver/remote/errorhandler.py\", line 232, in check_response\n    raise exception_class(message, screen, stacktrace)\n","steps":[],"attachments":[{"uid":"6dce03e6baa974a3","name":"page_source","source":"6dce03e6baa974a3.html","type":"text/html","size":5194}],"parameters":[],"shouldDisplayMessage":true,"attachmentsCount":1,"stepsCount":0,"hasContent":true,"attachmentStep":false}],"labels":[{"name":"feature","value":"Регистрация пользователя"},{"name":"severity","value":"Normal"},{"name":"tag","value":"regression"},{"name":"tag","value":"registration"},{"name":"parentSuite","value":"tests"},{"name":"suite","value":"test_registration"},{"name":"subSuite","value":"TestRegistrationUser"},{"name":"host","value":"69e45c3075d5"},{"name":"thread","value":"1-MainThread"},{"name":"framework","value":"pytest"},{"name":"language","value":"cpython3"},{"name":"package","value":"tests.test_registration"},{"name":"resultFormat","value":"allure2"}],"parameters":[],"links":[],"hidden":false,"retry":false,"extra":{"severity":"normal","retries":[],"categories":[{"name":"Test defects","matchedStatuses":[],"flaky":false}],"history":{"statistic":{"failed":1,"broken":6,"skipped":0,"passed":54,"unknown":0,"total":61},"items":[{"uid":"c79d37c7497865bf","status":"passed","time":{"start":1737843433223,"stop":1737843443807,"duration":10584}},{"uid":"a31a8257e709ced1","status":"passed","time":{"start":1737832606226,"stop":1737832614864,"duration":8638}},{"uid":"390e47a771cae07d","status":"passed","time":{"start":1737799971963,"stop":1737799981103,"duration":9140}},{"uid":"7562f30135a4fc9e","status":"passed","time":{"start":1737758210701,"stop":1737758220569,"duration":9868}},{"uid":"e27e6def020bd73b","status":"passed","time":{"start":1737745196942,"stop":1737745207548,"duration":10606}},{"uid":"b3ae85183f06d80","status":"passed","time":{"start":1737653112577,"stop":1737653122574,"duration":9997}},{"uid":"9f73a3786378aad1","status":"broken","statusDetails":"selenium.common.exceptions.TimeoutException: Message: Не найден элемент с локатором ('xpath', '//input[@name=\"nickname\"]')","time":{"start":1737570853304,"stop":1737570890026,"duration":36722}},{"uid":"a4e1c1aa505fba0c","status":"broken","statusDetails":"selenium.common.exceptions.WebDriverException: Message: unknown error: Chrome failed to start: exited abnormally.\n  (unknown error: DevToolsActivePort file doesn't exist)\n  (The process started from chrome location /usr/bin/chromium-browser is no longer running, so ChromeDriver is assuming that Chrome has crashed.)","time":{"start":1737568970389,"stop":1737568970389,"duration":0}},{"uid":"ada8491d01044794","status":"passed","time":{"start":1734035000741,"stop":1734035009331,"duration":8590}},{"uid":"3661c671489d137d","status":"passed","time":{"start":1733937815850,"stop":1733937824091,"duration":8241}},{"uid":"af4fbf619436be9a","status":"passed","time":{"start":1733866389003,"stop":1733866397203,"duration":8200}},{"uid":"be3c65ac01ed29b7","status":"passed","time":{"start":1733860788630,"stop":1733860796691,"duration":8061}},{"uid":"30f4712c950bb693","status":"passed","time":{"start":1733857329679,"stop":1733857337886,"duration":8207}},{"uid":"60035737e507529b","status":"passed","time":{"start":1733772271531,"stop":1733772279865,"duration":8334}},{"uid":"daf50b24ec696fa0","status":"passed","time":{"start":1733766743106,"stop":1733766751328,"duration":8222}},{"uid":"ebc152f346b07c01","status":"broken","statusDetails":"selenium.common.exceptions.TimeoutException: Message:","time":{"start":1733422353761,"stop":1733422366501,"duration":12740}},{"uid":"4f80beb958a2ab9a","status":"broken","statusDetails":"selenium.common.exceptions.TimeoutException: Message:","time":{"start":1726780673722,"stop":1726780685535,"duration":11813}},{"uid":"2a32ffeb3a56e99c","status":"broken","statusDetails":"selenium.common.exceptions.TimeoutException: Message:","time":{"start":1726777443731,"stop":1726777456970,"duration":13239}},{"uid":"2a188575b94c8598","status":"passed","time":{"start":1724099162594,"stop":1724099170247,"duration":7653}},{"uid":"4819b4ae4b3b6760","status":"passed","time":{"start":1723829494203,"stop":1723829502623,"duration":8420}}]},"tags":["regression","registration"]},"source":"becdfad0af2257b7.json","parameterValues":[]}