{"uid":"bf4d89af69812104","name":"Проверить, есть возможность отписаться от пользователя","fullName":"tests.test_another_users_page.TestAnotherUsersPage#test_ability_to_unsubscribe_from_a_users_profile","historyId":"c4f0943c9826c0d62cd0bf0cc043afe9","time":{"start":1738864414085,"stop":1738864455671,"duration":41586},"description":"Подписываемся на пользователя из профиля и после отписываемся. Проверка на пользователе Aleska","descriptionHtml":"<p>Подписываемся на пользователя из профиля и после отписываемся. Проверка на пользователе Aleska</p>\n","status":"broken","statusMessage":"selenium.common.exceptions.TimeoutException: Message: Не найден элемент с локатором ('xpath', '//div[contains(@class,\"page-content_content\")]//div[contains(@class,\"popup_container\")]')","statusTrace":"self = <test_another_users_page.TestAnotherUsersPage object at 0x7f0ee2da6900>\nelements = {'Банк ачивок': {'Блок ачивок': ('xpath', '//div[contains(@class,\"user-achievement-by-interests_container\")]'), 'Модал...'carrot-messenger-frame'), 'Чат кэррот': ('xpath', '//div[contains(@class,\"carrot-messenger-frame-container\")]')}, ...}\nregistration_user = None\n\n    @allure.title('Проверить, есть возможность отписаться от пользователя')\n    @allure.description('Подписываемся на пользователя из профиля и после отписываемся. '\n                        'Проверка на пользователе Aleska')\n    @allure.severity('Critical')\n    @pytest.mark.regression\n    def test_ability_to_unsubscribe_from_a_users_profile(self, elements, registration_user):\n        with allure.step('Подписаться на пользователя \"Aleska\"'):\n            self.another_user_page.subscribe_user_for_username('Aleska')\n    \n        with allure.step('Нажать кнопку профиль'):\n            self.app.profile_button_click()\n    \n        with allure.step('Нажать кнопку заполню позже'):\n            element = elements['Профиль пользователя']\n            self.profile_page.do_click(element['Кнопка заполню позже'])\n    \n        with allure.step('Запомнить количество подписок'):\n            initial_subscriptions_count = int(self.profile_page.get_element_text(element['Подписки']))\n    \n        with allure.step('Отписаться от пользователя \"Aleska\"'):\n            self.another_user_page.unsubscribe_user_for_username('Aleska')\n    \n        with allure.step('Проверить, что появилась галочка на экране'):\n            element_another_user = elements['Страница другого пользователя']\n>           self.assertion.is_elem_displayed(element_another_user['Значок галочки'])\n\ntests/test_another_users_page.py:73: \n_ _ _ _ _ _ _ _ _ _ _ _ _ _ _ _ _ _ _ _ _ _ _ _ _ _ _ _ _ _ _ _ _ _ _ _ _ _ _ _ \nbase/base_assertion.py:78: in is_elem_displayed\n    assert self.find_element(by_locator).is_displayed()\nbase/base_page.py:153: in find_element\n    return self.wait.until(EC.visibility_of_element_located(locator),\n_ _ _ _ _ _ _ _ _ _ _ _ _ _ _ _ _ _ _ _ _ _ _ _ _ _ _ _ _ _ _ _ _ _ _ _ _ _ _ _ \n\nself = <selenium.webdriver.support.wait.WebDriverWait (session=\"575a0bc9b237e1b97d1998b3e2725871\")>\nmethod = <function visibility_of_element_located.<locals>._predicate at 0x7f0ee3cdc2c0>\nmessage = 'Не найден элемент с локатором (\\'xpath\\', \\'//div[contains(@class,\"page-content_content\")]//div[contains(@class,\"popup_container\")]\\')'\n\n    def until(self, method: Callable[[D], Union[Literal[False], T]], message: str = \"\") -> T:\n        \"\"\"Calls the method provided with the driver as an argument until the \\\n        return value does not evaluate to ``False``.\n    \n        :param method: callable(WebDriver)\n        :param message: optional message for :exc:`TimeoutException`\n        :returns: the result of the last call to `method`\n        :raises: :exc:`selenium.common.exceptions.TimeoutException` if timeout occurs\n        \"\"\"\n        screen = None\n        stacktrace = None\n    \n        end_time = time.monotonic() + self._timeout\n        while True:\n            try:\n                value = method(self._driver)\n                if value:\n                    return value\n            except self._ignored_exceptions as exc:\n                screen = getattr(exc, \"screen\", None)\n                stacktrace = getattr(exc, \"stacktrace\", None)\n            if time.monotonic() > end_time:\n                break\n            time.sleep(self._poll)\n>       raise TimeoutException(message, screen, stacktrace)\nE       selenium.common.exceptions.TimeoutException: Message: Не найден элемент с локатором ('xpath', '//div[contains(@class,\"page-content_content\")]//div[contains(@class,\"popup_container\")]')\n\n../local/lib/python3.12/site-packages/selenium/webdriver/support/wait.py:105: TimeoutException","flaky":true,"newFailed":false,"newBroken":true,"newPassed":false,"retriesCount":0,"retriesStatusChange":false,"beforeStages":[{"name":"_session_faker","time":{"start":1738864340794,"stop":1738864340795,"duration":1},"status":"passed","steps":[],"attachments":[],"parameters":[],"shouldDisplayMessage":false,"attachmentsCount":0,"stepsCount":0,"hasContent":false,"attachmentStep":false},{"name":"Установка соединения с БД","time":{"start":1738864340795,"stop":1738864341808,"duration":1013},"status":"passed","steps":[{"name":"Установка соединения с БД","time":{"start":1738864340795,"stop":1738864341808,"duration":1013},"status":"passed","steps":[],"attachments":[],"parameters":[{"name":"request","value":"<SubRequest 'db_connection' for <Function test_of_the_ability_to_subscribe_to_a_user_from_his_profile>>"}],"shouldDisplayMessage":false,"attachmentsCount":0,"stepsCount":0,"hasContent":true,"attachmentStep":false}],"attachments":[],"parameters":[],"shouldDisplayMessage":false,"attachmentsCount":0,"stepsCount":1,"hasContent":true,"attachmentStep":false},{"name":"driver","time":{"start":1738864395349,"stop":1738864395761,"duration":412},"status":"passed","steps":[],"attachments":[],"parameters":[],"shouldDisplayMessage":false,"attachmentsCount":0,"stepsCount":0,"hasContent":false,"attachmentStep":false},{"name":"setup","time":{"start":1738864395761,"stop":1738864395761,"duration":0},"status":"passed","steps":[],"attachments":[],"parameters":[],"shouldDisplayMessage":false,"attachmentsCount":0,"stepsCount":0,"hasContent":false,"attachmentStep":false},{"name":"Инициализация локаторов","time":{"start":1738864395761,"stop":1738864395761,"duration":0},"status":"passed","steps":[{"name":"Инициализация локаторов","time":{"start":1738864395761,"stop":1738864395761,"duration":0},"status":"passed","steps":[],"attachments":[],"parameters":[{"name":"request","value":"<SubRequest 'elements' for <Function test_ability_to_unsubscribe_from_a_users_profile>>"}],"shouldDisplayMessage":false,"attachmentsCount":0,"stepsCount":0,"hasContent":true,"attachmentStep":false}],"attachments":[],"parameters":[],"shouldDisplayMessage":false,"attachmentsCount":0,"stepsCount":1,"hasContent":true,"attachmentStep":false},{"name":"Регистрация пользователя","time":{"start":1738864395762,"stop":1738864414084,"duration":18322},"status":"passed","steps":[{"name":"Регистрация пользователя","time":{"start":1738864395762,"stop":1738864414084,"duration":18322},"status":"passed","steps":[],"attachments":[],"parameters":[{"name":"driver","value":"<selenium.webdriver.chrome.webdriver.WebDriver (session=\"575a0bc9b237e1b97d1998b3e2725871\")>"},{"name":"db_connection","value":"<psycopg.Connection [INTRANS] (host=rc1a-8gbxfgy3ifeqz75r.mdb.yandexcloud.net port=6432 user=dyanyshev database=staging_round_confirmation) at 0x7f0ee337b4d0>"}],"shouldDisplayMessage":false,"attachmentsCount":0,"stepsCount":0,"hasContent":true,"attachmentStep":false}],"attachments":[],"parameters":[],"shouldDisplayMessage":false,"attachmentsCount":0,"stepsCount":1,"hasContent":true,"attachmentStep":false}],"testStage":{"description":"Подписываемся на пользователя из профиля и после отписываемся. Проверка на пользователе Aleska","status":"broken","statusMessage":"selenium.common.exceptions.TimeoutException: Message: Не найден элемент с локатором ('xpath', '//div[contains(@class,\"page-content_content\")]//div[contains(@class,\"popup_container\")]')","statusTrace":"self = <test_another_users_page.TestAnotherUsersPage object at 0x7f0ee2da6900>\nelements = {'Банк ачивок': {'Блок ачивок': ('xpath', '//div[contains(@class,\"user-achievement-by-interests_container\")]'), 'Модал...'carrot-messenger-frame'), 'Чат кэррот': ('xpath', '//div[contains(@class,\"carrot-messenger-frame-container\")]')}, ...}\nregistration_user = None\n\n    @allure.title('Проверить, есть возможность отписаться от пользователя')\n    @allure.description('Подписываемся на пользователя из профиля и после отписываемся. '\n                        'Проверка на пользователе Aleska')\n    @allure.severity('Critical')\n    @pytest.mark.regression\n    def test_ability_to_unsubscribe_from_a_users_profile(self, elements, registration_user):\n        with allure.step('Подписаться на пользователя \"Aleska\"'):\n            self.another_user_page.subscribe_user_for_username('Aleska')\n    \n        with allure.step('Нажать кнопку профиль'):\n            self.app.profile_button_click()\n    \n        with allure.step('Нажать кнопку заполню позже'):\n            element = elements['Профиль пользователя']\n            self.profile_page.do_click(element['Кнопка заполню позже'])\n    \n        with allure.step('Запомнить количество подписок'):\n            initial_subscriptions_count = int(self.profile_page.get_element_text(element['Подписки']))\n    \n        with allure.step('Отписаться от пользователя \"Aleska\"'):\n            self.another_user_page.unsubscribe_user_for_username('Aleska')\n    \n        with allure.step('Проверить, что появилась галочка на экране'):\n            element_another_user = elements['Страница другого пользователя']\n>           self.assertion.is_elem_displayed(element_another_user['Значок галочки'])\n\ntests/test_another_users_page.py:73: \n_ _ _ _ _ _ _ _ _ _ _ _ _ _ _ _ _ _ _ _ _ _ _ _ _ _ _ _ _ _ _ _ _ _ _ _ _ _ _ _ \nbase/base_assertion.py:78: in is_elem_displayed\n    assert self.find_element(by_locator).is_displayed()\nbase/base_page.py:153: in find_element\n    return self.wait.until(EC.visibility_of_element_located(locator),\n_ _ _ _ _ _ _ _ _ _ _ _ _ _ _ _ _ _ _ _ _ _ _ _ _ _ _ _ _ _ _ _ _ _ _ _ _ _ _ _ \n\nself = <selenium.webdriver.support.wait.WebDriverWait (session=\"575a0bc9b237e1b97d1998b3e2725871\")>\nmethod = <function visibility_of_element_located.<locals>._predicate at 0x7f0ee3cdc2c0>\nmessage = 'Не найден элемент с локатором (\\'xpath\\', \\'//div[contains(@class,\"page-content_content\")]//div[contains(@class,\"popup_container\")]\\')'\n\n    def until(self, method: Callable[[D], Union[Literal[False], T]], message: str = \"\") -> T:\n        \"\"\"Calls the method provided with the driver as an argument until the \\\n        return value does not evaluate to ``False``.\n    \n        :param method: callable(WebDriver)\n        :param message: optional message for :exc:`TimeoutException`\n        :returns: the result of the last call to `method`\n        :raises: :exc:`selenium.common.exceptions.TimeoutException` if timeout occurs\n        \"\"\"\n        screen = None\n        stacktrace = None\n    \n        end_time = time.monotonic() + self._timeout\n        while True:\n            try:\n                value = method(self._driver)\n                if value:\n                    return value\n            except self._ignored_exceptions as exc:\n                screen = getattr(exc, \"screen\", None)\n                stacktrace = getattr(exc, \"stacktrace\", None)\n            if time.monotonic() > end_time:\n                break\n            time.sleep(self._poll)\n>       raise TimeoutException(message, screen, stacktrace)\nE       selenium.common.exceptions.TimeoutException: Message: Не найден элемент с локатором ('xpath', '//div[contains(@class,\"page-content_content\")]//div[contains(@class,\"popup_container\")]')\n\n../local/lib/python3.12/site-packages/selenium/webdriver/support/wait.py:105: TimeoutException","steps":[{"name":"Подписаться на пользователя \"Aleska\"","time":{"start":1738864414085,"stop":1738864417023,"duration":2938},"status":"passed","steps":[],"attachments":[],"parameters":[],"shouldDisplayMessage":false,"attachmentsCount":0,"stepsCount":0,"hasContent":false,"attachmentStep":false},{"name":"Нажать кнопку профиль","time":{"start":1738864417023,"stop":1738864417069,"duration":46},"status":"passed","steps":[],"attachments":[],"parameters":[],"shouldDisplayMessage":false,"attachmentsCount":0,"stepsCount":0,"hasContent":false,"attachmentStep":false},{"name":"Нажать кнопку заполню позже","time":{"start":1738864417069,"stop":1738864418149,"duration":1080},"status":"passed","steps":[],"attachments":[],"parameters":[],"shouldDisplayMessage":false,"attachmentsCount":0,"stepsCount":0,"hasContent":false,"attachmentStep":false},{"name":"Запомнить количество подписок","time":{"start":1738864418150,"stop":1738864418177,"duration":27},"status":"passed","steps":[],"attachments":[],"parameters":[],"shouldDisplayMessage":false,"attachmentsCount":0,"stepsCount":0,"hasContent":false,"attachmentStep":false},{"name":"Отписаться от пользователя \"Aleska\"","time":{"start":1738864418177,"stop":1738864425531,"duration":7354},"status":"passed","steps":[],"attachments":[],"parameters":[],"shouldDisplayMessage":false,"attachmentsCount":0,"stepsCount":0,"hasContent":false,"attachmentStep":false},{"name":"Проверить, что появилась галочка на экране","time":{"start":1738864425531,"stop":1738864455671,"duration":30140},"status":"broken","statusMessage":"selenium.common.exceptions.TimeoutException: Message: Не найден элемент с локатором ('xpath', '//div[contains(@class,\"page-content_content\")]//div[contains(@class,\"popup_container\")]')\n\n","statusTrace":"  File \"/usr/workspace/tests/test_another_users_page.py\", line 73, in test_ability_to_unsubscribe_from_a_users_profile\n    self.assertion.is_elem_displayed(element_another_user['Значок галочки'])\n  File \"/usr/workspace/base/base_assertion.py\", line 78, in is_elem_displayed\n    assert self.find_element(by_locator).is_displayed()\n           ^^^^^^^^^^^^^^^^^^^^^^^^^^^^^\n  File \"/usr/workspace/base/base_page.py\", line 153, in find_element\n    return self.wait.until(EC.visibility_of_element_located(locator),\n           ^^^^^^^^^^^^^^^^^^^^^^^^^^^^^^^^^^^^^^^^^^^^^^^^^^^^^^^^^^\n  File \"/usr/local/lib/python3.12/site-packages/selenium/webdriver/support/wait.py\", line 105, in until\n    raise TimeoutException(message, screen, stacktrace)\n","steps":[],"attachments":[],"parameters":[],"shouldDisplayMessage":true,"attachmentsCount":0,"stepsCount":0,"hasContent":true,"attachmentStep":false}],"attachments":[],"parameters":[],"shouldDisplayMessage":true,"attachmentsCount":0,"stepsCount":6,"hasContent":true,"attachmentStep":false},"afterStages":[{"name":"driver::0","time":{"start":1738864455682,"stop":1738864455873,"duration":191},"status":"passed","steps":[],"attachments":[{"uid":"fde13286bc908105","name":"page_source","source":"fde13286bc908105.html","type":"text/html","size":45408},{"uid":"ac0991eed527cf4b","name":"screenshot","source":"ac0991eed527cf4b.png","type":"image/png","size":57433},{"uid":"d111517d031e56de","name":"browser_logs","source":"d111517d031e56de.txt","type":"text/plain","size":35140}],"parameters":[],"shouldDisplayMessage":false,"attachmentsCount":3,"stepsCount":0,"hasContent":true,"attachmentStep":false},{"name":"Установка соединения с БД::fin","time":{"start":1738864871788,"stop":1738864871788,"duration":0},"status":"passed","steps":[],"attachments":[],"parameters":[],"shouldDisplayMessage":false,"attachmentsCount":0,"stepsCount":0,"hasContent":false,"attachmentStep":false}],"labels":[{"name":"feature","value":"Профиль другого пользователя"},{"name":"severity","value":"Critical"},{"name":"tag","value":"regression"},{"name":"tag","value":"another_users_page"},{"name":"parentSuite","value":"tests"},{"name":"suite","value":"test_another_users_page"},{"name":"subSuite","value":"TestAnotherUsersPage"},{"name":"host","value":"6af98febc332"},{"name":"thread","value":"1-MainThread"},{"name":"framework","value":"pytest"},{"name":"language","value":"cpython3"},{"name":"package","value":"tests.test_another_users_page"},{"name":"resultFormat","value":"allure2"}],"parameters":[],"links":[],"hidden":false,"retry":false,"extra":{"severity":"critical","retries":[],"categories":[{"name":"Test defects","matchedStatuses":[],"flaky":false}],"history":{"statistic":{"failed":2,"broken":9,"skipped":0,"passed":20,"unknown":0,"total":31},"items":[{"uid":"b2968e58d276cb5","status":"passed","time":{"start":1738268055323,"stop":1738268074604,"duration":19281}},{"uid":"6f687542efec07d1","status":"passed","time":{"start":1738098521255,"stop":1738098539018,"duration":17763}},{"uid":"ae03b6441eba7738","status":"failed","statusDetails":"AssertionError: Ожидался текст: '-1', отображается текст: '0'","time":{"start":1738004557474,"stop":1738004568146,"duration":10672}},{"uid":"baa17572bbeb4db","status":"passed","time":{"start":1738001909092,"stop":1738001920349,"duration":11257}},{"uid":"d690fa0e41a4ea74","status":"passed","time":{"start":1737925983901,"stop":1737925993108,"duration":9207}},{"uid":"41d5705f86e63600","status":"passed","time":{"start":1737842156884,"stop":1737842167335,"duration":10451}},{"uid":"f63def86fc9a5184","status":"broken","statusDetails":"selenium.common.exceptions.StaleElementReferenceException: Message: stale element reference: element is not attached to the page document\n  (Session info: headless chrome=112.0.5615.165); For documentation on this error, please visit: https://www.selenium.dev/documentation/webdriver/troubleshooting/errors#stale-element-reference-exception","time":{"start":1737831448297,"stop":1737831448297,"duration":0}},{"uid":"dbda66afbccbe631","status":"passed","time":{"start":1737798844247,"stop":1737798854290,"duration":10043}},{"uid":"4a153a2d25ead6bc","status":"passed","time":{"start":1737757062566,"stop":1737757071367,"duration":8801}},{"uid":"5036fe3552f177f0","status":"failed","statusDetails":"AssertionError: Ожидался текст: '-1', отображается текст: '0'","time":{"start":1737743948528,"stop":1737743960266,"duration":11738}},{"uid":"38b8bf37f36a9ab0","status":"passed","time":{"start":1737651727650,"stop":1737651742259,"duration":14609}},{"uid":"bbbc38d77599bb27","status":"broken","statusDetails":"selenium.common.exceptions.TimeoutException: Message: Не найден элемент с локатором ('xpath', '//input[@name=\"nickname\"]')","time":{"start":1737569178454,"stop":1737569178454,"duration":0}},{"uid":"6f3d163d91ad7e80","status":"broken","statusDetails":"selenium.common.exceptions.WebDriverException: Message: unknown error: Chrome failed to start: exited abnormally.\n  (unknown error: DevToolsActivePort file doesn't exist)\n  (The process started from chrome location /usr/bin/chromium-browser is no longer running, so ChromeDriver is assuming that Chrome has crashed.)","time":{"start":1737568955412,"stop":1737568955412,"duration":0}},{"uid":"46f7b2bdcc15c14b","status":"passed","time":{"start":1734033837723,"stop":1734033849452,"duration":11729}},{"uid":"ee1c5e9c58c4f3e6","status":"passed","time":{"start":1733936406911,"stop":1733936417132,"duration":10221}},{"uid":"5507ce361b4074c0","status":"passed","time":{"start":1733864826489,"stop":1733864836495,"duration":10006}},{"uid":"adf063ba0808941","status":"broken","statusDetails":"selenium.common.exceptions.TimeoutException: Message:","time":{"start":1733859414963,"stop":1733859426115,"duration":11152}},{"uid":"a7b9fbe29565cdbf","status":"broken","statusDetails":"selenium.common.exceptions.TimeoutException: Message: Не найден элемент с локатором ('xpath', '//div[contains(@class,\"page-content_content\")]//div[contains(@class,\"popup_container\")]')","time":{"start":1733856056472,"stop":1733856092323,"duration":35851}},{"uid":"511381890d037b48","status":"passed","time":{"start":1733770848202,"stop":1733770859658,"duration":11456}},{"uid":"64ac19a12f1df431","status":"passed","time":{"start":1733765184807,"stop":1733765194099,"duration":9292}}]},"tags":["regression","another_users_page"]},"source":"bf4d89af69812104.json","parameterValues":[]}