{"uid":"c209c5dd5b0c1688","name":"Проверка валидации поля \"Повтори пароль\" при вводе разных паролей","fullName":"tests.test_registration.TestRegistrationUser#test_validation_of_the_repeat_password_field_when_entering_different_passwords","historyId":"297d021f4c2673bf6198cbd14d774d0b","time":{"start":1733866626838,"stop":1733866663668,"duration":36830},"status":"broken","statusMessage":"selenium.common.exceptions.TimeoutException: Message: Не найден элемент с локатором ('xpath', '//input[@name=\"password\"]')","statusTrace":"self = <test_registration.TestRegistrationUser object at 0x7fcba43157c0>\nelements = {'Банк ачивок': {'Блок ачивок': ('xpath', '//div[contains(@class,\"user-achievement-by-interests_container\")]'), 'Модал...-sheet_icons\")]'), 'Название ачивки': ('xpath', '//div[contains(@class,\"achievement-item-bottom-sheet_title\")]')}, ...}\n\n    @allure.title('Проверка валидации поля \"Повтори пароль\" при вводе разных паролей')\n    @allure.severity('Critical')\n    @pytest.mark.regression\n    def test_validation_of_the_repeat_password_field_when_entering_different_passwords(self, elements):\n        with allure.step('Открыть страницу авторизации'):\n            self.authorization_page.open()\n            element = elements['Страница авторизации']\n    \n        with allure.step('Нажать кнопку \"По смс (Для России)\"'):\n            self.authorization_page.do_click(element['Кнопка по смс'])\n    \n        with allure.step('Нажать кнопку Далее'):\n            element = elements['Страница регистрации']\n            self.join_page.do_click(element['Кнопка далее'])\n    \n        with allure.step('В поле никнейм ввести любое валидное значение'):\n            username = f'-{fake.user_name()}.{fake.pyint(min_value=1, max_value=2)}_'\n            self.join_page.field_send_keys(element['Поле никнейм'], text=f'{username}')\n    \n        with allure.step('Нажать кнопку Далее'):\n            self.join_page.do_click(element['Кнопка далее'])\n    \n        with allure.step('В поле Пароль ввести пароль'):\n>           self.join_page.field_send_keys(element['Поле пароль'], text=self.User.PASSWORD)\n\ntests/test_registration.py:573: \n_ _ _ _ _ _ _ _ _ _ _ _ _ _ _ _ _ _ _ _ _ _ _ _ _ _ _ _ _ _ _ _ _ _ _ _ _ _ _ _ \nbase/base_page.py:127: in field_send_keys\n    element = self.find_element(locator)\nbase/base_page.py:140: in find_element\n    return self.wait.until(EC.visibility_of_element_located(locator),\n_ _ _ _ _ _ _ _ _ _ _ _ _ _ _ _ _ _ _ _ _ _ _ _ _ _ _ _ _ _ _ _ _ _ _ _ _ _ _ _ \n\nself = <selenium.webdriver.support.wait.WebDriverWait (session=\"bc4bacf64b12c141b8b82cba512dc6b8\")>\nmethod = <function visibility_of_element_located.<locals>._predicate at 0x7fcba4e78f40>\nmessage = 'Не найден элемент с локатором (\\'xpath\\', \\'//input[@name=\"password\"]\\')'\n\n    def until(self, method: Callable[[D], Union[Literal[False], T]], message: str = \"\") -> T:\n        \"\"\"Calls the method provided with the driver as an argument until the \\\n        return value does not evaluate to ``False``.\n    \n        :param method: callable(WebDriver)\n        :param message: optional message for :exc:`TimeoutException`\n        :returns: the result of the last call to `method`\n        :raises: :exc:`selenium.common.exceptions.TimeoutException` if timeout occurs\n        \"\"\"\n        screen = None\n        stacktrace = None\n    \n        end_time = time.monotonic() + self._timeout\n        while True:\n            try:\n                value = method(self._driver)\n                if value:\n                    return value\n            except self._ignored_exceptions as exc:\n                screen = getattr(exc, \"screen\", None)\n                stacktrace = getattr(exc, \"stacktrace\", None)\n            if time.monotonic() > end_time:\n                break\n            time.sleep(self._poll)\n>       raise TimeoutException(message, screen, stacktrace)\nE       selenium.common.exceptions.TimeoutException: Message: Не найден элемент с локатором ('xpath', '//input[@name=\"password\"]')\n\n../local/lib/python3.12/site-packages/selenium/webdriver/support/wait.py:105: TimeoutException","flaky":false,"newFailed":false,"newBroken":true,"newPassed":false,"retriesCount":0,"retriesStatusChange":false,"beforeStages":[{"name":"_session_faker","time":{"start":1733864800333,"stop":1733864800334,"duration":1},"status":"passed","steps":[],"attachments":[],"parameters":[],"shouldDisplayMessage":false,"attachmentsCount":0,"stepsCount":0,"hasContent":false,"attachmentStep":false},{"name":"driver","time":{"start":1733866626404,"stop":1733866626837,"duration":433},"status":"passed","steps":[],"attachments":[],"parameters":[],"shouldDisplayMessage":false,"attachmentsCount":0,"stepsCount":0,"hasContent":false,"attachmentStep":false},{"name":"setup","time":{"start":1733866626837,"stop":1733866626838,"duration":1},"status":"passed","steps":[],"attachments":[],"parameters":[],"shouldDisplayMessage":false,"attachmentsCount":0,"stepsCount":0,"hasContent":false,"attachmentStep":false},{"name":"Инициализация локаторов","time":{"start":1733866626838,"stop":1733866626838,"duration":0},"status":"passed","steps":[{"name":"Инициализация локаторов","time":{"start":1733866626838,"stop":1733866626838,"duration":0},"status":"passed","steps":[],"attachments":[],"parameters":[{"name":"request","value":"<SubRequest 'elements' for <Function test_validation_of_the_repeat_password_field_when_entering_different_passwords>>"}],"shouldDisplayMessage":false,"attachmentsCount":0,"stepsCount":0,"hasContent":true,"attachmentStep":false}],"attachments":[],"parameters":[],"shouldDisplayMessage":false,"attachmentsCount":0,"stepsCount":1,"hasContent":true,"attachmentStep":false}],"testStage":{"status":"broken","statusMessage":"selenium.common.exceptions.TimeoutException: Message: Не найден элемент с локатором ('xpath', '//input[@name=\"password\"]')","statusTrace":"self = <test_registration.TestRegistrationUser object at 0x7fcba43157c0>\nelements = {'Банк ачивок': {'Блок ачивок': ('xpath', '//div[contains(@class,\"user-achievement-by-interests_container\")]'), 'Модал...-sheet_icons\")]'), 'Название ачивки': ('xpath', '//div[contains(@class,\"achievement-item-bottom-sheet_title\")]')}, ...}\n\n    @allure.title('Проверка валидации поля \"Повтори пароль\" при вводе разных паролей')\n    @allure.severity('Critical')\n    @pytest.mark.regression\n    def test_validation_of_the_repeat_password_field_when_entering_different_passwords(self, elements):\n        with allure.step('Открыть страницу авторизации'):\n            self.authorization_page.open()\n            element = elements['Страница авторизации']\n    \n        with allure.step('Нажать кнопку \"По смс (Для России)\"'):\n            self.authorization_page.do_click(element['Кнопка по смс'])\n    \n        with allure.step('Нажать кнопку Далее'):\n            element = elements['Страница регистрации']\n            self.join_page.do_click(element['Кнопка далее'])\n    \n        with allure.step('В поле никнейм ввести любое валидное значение'):\n            username = f'-{fake.user_name()}.{fake.pyint(min_value=1, max_value=2)}_'\n            self.join_page.field_send_keys(element['Поле никнейм'], text=f'{username}')\n    \n        with allure.step('Нажать кнопку Далее'):\n            self.join_page.do_click(element['Кнопка далее'])\n    \n        with allure.step('В поле Пароль ввести пароль'):\n>           self.join_page.field_send_keys(element['Поле пароль'], text=self.User.PASSWORD)\n\ntests/test_registration.py:573: \n_ _ _ _ _ _ _ _ _ _ _ _ _ _ _ _ _ _ _ _ _ _ _ _ _ _ _ _ _ _ _ _ _ _ _ _ _ _ _ _ \nbase/base_page.py:127: in field_send_keys\n    element = self.find_element(locator)\nbase/base_page.py:140: in find_element\n    return self.wait.until(EC.visibility_of_element_located(locator),\n_ _ _ _ _ _ _ _ _ _ _ _ _ _ _ _ _ _ _ _ _ _ _ _ _ _ _ _ _ _ _ _ _ _ _ _ _ _ _ _ \n\nself = <selenium.webdriver.support.wait.WebDriverWait (session=\"bc4bacf64b12c141b8b82cba512dc6b8\")>\nmethod = <function visibility_of_element_located.<locals>._predicate at 0x7fcba4e78f40>\nmessage = 'Не найден элемент с локатором (\\'xpath\\', \\'//input[@name=\"password\"]\\')'\n\n    def until(self, method: Callable[[D], Union[Literal[False], T]], message: str = \"\") -> T:\n        \"\"\"Calls the method provided with the driver as an argument until the \\\n        return value does not evaluate to ``False``.\n    \n        :param method: callable(WebDriver)\n        :param message: optional message for :exc:`TimeoutException`\n        :returns: the result of the last call to `method`\n        :raises: :exc:`selenium.common.exceptions.TimeoutException` if timeout occurs\n        \"\"\"\n        screen = None\n        stacktrace = None\n    \n        end_time = time.monotonic() + self._timeout\n        while True:\n            try:\n                value = method(self._driver)\n                if value:\n                    return value\n            except self._ignored_exceptions as exc:\n                screen = getattr(exc, \"screen\", None)\n                stacktrace = getattr(exc, \"stacktrace\", None)\n            if time.monotonic() > end_time:\n                break\n            time.sleep(self._poll)\n>       raise TimeoutException(message, screen, stacktrace)\nE       selenium.common.exceptions.TimeoutException: Message: Не найден элемент с локатором ('xpath', '//input[@name=\"password\"]')\n\n../local/lib/python3.12/site-packages/selenium/webdriver/support/wait.py:105: TimeoutException","steps":[{"name":"Открыть страницу авторизации","time":{"start":1733866626838,"stop":1733866630142,"duration":3304},"status":"passed","steps":[],"attachments":[],"parameters":[],"shouldDisplayMessage":false,"attachmentsCount":0,"stepsCount":0,"hasContent":false,"attachmentStep":false},{"name":"Нажать кнопку \"По смс (Для России)\"","time":{"start":1733866630142,"stop":1733866631389,"duration":1247},"status":"passed","steps":[],"attachments":[],"parameters":[],"shouldDisplayMessage":false,"attachmentsCount":0,"stepsCount":0,"hasContent":false,"attachmentStep":false},{"name":"Нажать кнопку Далее","time":{"start":1733866631389,"stop":1733866631939,"duration":550},"status":"passed","steps":[],"attachments":[],"parameters":[],"shouldDisplayMessage":false,"attachmentsCount":0,"stepsCount":0,"hasContent":false,"attachmentStep":false},{"name":"В поле никнейм ввести любое валидное значение","time":{"start":1733866631939,"stop":1733866633507,"duration":1568},"status":"passed","steps":[],"attachments":[],"parameters":[],"shouldDisplayMessage":false,"attachmentsCount":0,"stepsCount":0,"hasContent":false,"attachmentStep":false},{"name":"Нажать кнопку Далее","time":{"start":1733866633507,"stop":1733866633543,"duration":36},"status":"passed","steps":[],"attachments":[],"parameters":[],"shouldDisplayMessage":false,"attachmentsCount":0,"stepsCount":0,"hasContent":false,"attachmentStep":false},{"name":"В поле Пароль ввести пароль","time":{"start":1733866633543,"stop":1733866663668,"duration":30125},"status":"broken","statusMessage":"selenium.common.exceptions.TimeoutException: Message: Не найден элемент с локатором ('xpath', '//input[@name=\"password\"]')\n\n","statusTrace":"  File \"/usr/workspace/tests/test_registration.py\", line 573, in test_validation_of_the_repeat_password_field_when_entering_different_passwords\n    self.join_page.field_send_keys(element['Поле пароль'], text=self.User.PASSWORD)\n  File \"/usr/workspace/base/base_page.py\", line 127, in field_send_keys\n    element = self.find_element(locator)\n              ^^^^^^^^^^^^^^^^^^^^^^^^^^\n  File \"/usr/workspace/base/base_page.py\", line 140, in find_element\n    return self.wait.until(EC.visibility_of_element_located(locator),\n           ^^^^^^^^^^^^^^^^^^^^^^^^^^^^^^^^^^^^^^^^^^^^^^^^^^^^^^^^^^\n  File \"/usr/local/lib/python3.12/site-packages/selenium/webdriver/support/wait.py\", line 105, in until\n    raise TimeoutException(message, screen, stacktrace)\n","steps":[],"attachments":[],"parameters":[],"shouldDisplayMessage":true,"attachmentsCount":0,"stepsCount":0,"hasContent":true,"attachmentStep":false}],"attachments":[],"parameters":[],"shouldDisplayMessage":true,"attachmentsCount":0,"stepsCount":6,"hasContent":true,"attachmentStep":false},"afterStages":[{"name":"driver::0","time":{"start":1733866663686,"stop":1733866663868,"duration":182},"status":"passed","steps":[],"attachments":[{"uid":"88aec1c079a54670","name":"page_source","source":"88aec1c079a54670.html","type":"text/html","size":18502},{"uid":"7df489f49a5da01","name":"screenshot","source":"7df489f49a5da01.png","type":"image/png","size":31492},{"uid":"f4aeff909988d765","name":"browser_logs","source":"f4aeff909988d765.txt","type":"text/plain","size":3906}],"parameters":[],"shouldDisplayMessage":false,"attachmentsCount":3,"stepsCount":0,"hasContent":true,"attachmentStep":false}],"labels":[{"name":"severity","value":"Critical"},{"name":"feature","value":"Регистрация пользователя"},{"name":"tag","value":"regression"},{"name":"tag","value":"registration"},{"name":"parentSuite","value":"tests"},{"name":"suite","value":"test_registration"},{"name":"subSuite","value":"TestRegistrationUser"},{"name":"host","value":"f0c727cd35a1"},{"name":"thread","value":"1-MainThread"},{"name":"framework","value":"pytest"},{"name":"language","value":"cpython3"},{"name":"package","value":"tests.test_registration"},{"name":"resultFormat","value":"allure2"}],"parameters":[],"links":[],"hidden":false,"retry":false,"extra":{"severity":"critical","retries":[],"categories":[{"name":"Test defects","matchedStatuses":[],"flaky":false}],"history":{"statistic":{"failed":0,"broken":4,"skipped":0,"passed":33,"unknown":0,"total":37},"items":[{"uid":"e269c4bcfdf43ce1","status":"passed","time":{"start":1733861093149,"stop":1733861101447,"duration":8298}},{"uid":"c34ef889497ca1e9","status":"passed","time":{"start":1733857513142,"stop":1733857521666,"duration":8524}},{"uid":"7af0d30933c07440","status":"passed","time":{"start":1733772457740,"stop":1733772466404,"duration":8664}},{"uid":"bf7c7f4ee8e434f7","status":"passed","time":{"start":1733766880868,"stop":1733766890067,"duration":9199}},{"uid":"5eef7d06aaeb6c13","status":"broken","statusDetails":"selenium.common.exceptions.TimeoutException: Message:","time":{"start":1733422501696,"stop":1733422514650,"duration":12954}},{"uid":"88420f8ea4d4e0ca","status":"broken","statusDetails":"selenium.common.exceptions.TimeoutException: Message:","time":{"start":1726780811915,"stop":1726780823505,"duration":11590}},{"uid":"26a4f81b39110bdd","status":"broken","statusDetails":"selenium.common.exceptions.TimeoutException: Message:","time":{"start":1726777593159,"stop":1726777605868,"duration":12709}},{"uid":"a942d8fa9b9dc722","status":"passed","time":{"start":1724099342237,"stop":1724099350774,"duration":8537}},{"uid":"a557b06941d9f748","status":"passed","time":{"start":1723829681899,"stop":1723829690871,"duration":8972}},{"uid":"abe4eb6cd70930e2","status":"passed","time":{"start":1723751816344,"stop":1723751823535,"duration":7191}},{"uid":"f02915a9f81da247","status":"passed","time":{"start":1723742297489,"stop":1723742304519,"duration":7030}},{"uid":"c82775c0a58a9ae5","status":"passed","time":{"start":1723664703747,"stop":1723664711347,"duration":7600}},{"uid":"b8ea51ce0b1846a9","status":"passed","time":{"start":1723579420552,"stop":1723579428297,"duration":7745}},{"uid":"1ced87b8c7f1ccd3","status":"passed","time":{"start":1723496578572,"stop":1723496585354,"duration":6782}},{"uid":"345f89bbf7d4477","status":"passed","time":{"start":1723150380160,"stop":1723150388158,"duration":7998}},{"uid":"95b07a8fb3e0d616","status":"passed","time":{"start":1723149062489,"stop":1723149070318,"duration":7829}},{"uid":"4410d86f18bfff51","status":"passed","time":{"start":1723147303799,"stop":1723147311531,"duration":7732}},{"uid":"75b5fe3764070e6e","status":"passed","time":{"start":1723065529560,"stop":1723065537351,"duration":7791}},{"uid":"7566e5e14838dd90","status":"passed","time":{"start":1722977097095,"stop":1722977105061,"duration":7966}},{"uid":"9ac1898f820bf77b","status":"passed","time":{"start":1722892343966,"stop":1722892354180,"duration":10214}}]},"tags":["regression","registration"]},"source":"c209c5dd5b0c1688.json","parameterValues":[]}