{"uid":"c553b995214ca01c","name":"Проверить обновление счетчика просмотров проекта","fullName":"tests.test_profile.TestProfile#test_update_views_counter","historyId":"5d2f140f5151a80fc8ff5958afb6560a","time":{"start":1739310709461,"stop":1739310709461,"duration":0},"description":"Проверить, что счетчик изменяется при входе и открытии страницы","descriptionHtml":"<p>Проверить, что счетчик изменяется при входе и открытии страницы</p>\n","status":"broken","statusMessage":"selenium.common.exceptions.TimeoutException: Message:","statusTrace":"request = <SubRequest 'login_to_app' for <Function test_update_views_counter>>\ndriver = <selenium.webdriver.chrome.webdriver.WebDriver (session=\"11daf7db129a493abac37127dcbea828\")>\n\n    @pytest.fixture(scope='function')\n    @allure.title('Авторизация пользователя в системе')\n    @allure.step('Авторизация пользователя в системе')\n    def login_to_app(request, driver):\n        \"\"\" Фикстура Логина в систему \"\"\"\n        login_page = ApiAuthorization(driver)\n        login_page.user(User.LOGIN, User.PASSWORD)\n        try:\n            later = login_page.find_element(config.locators.RubricPageLocators.locators['Кнопка выберу потом'])\n            login_page.do_click(later)\n        except TimeoutException:\n            element = login_page.find_element(\n                config.locators.MainPageLocators.locators['Листай вниз и найди свои интересы'])\n            login_page.do_click(element)\n        finally:\n>           login_page.do_click(config.locators.MainPageLocators.locators['Листай вниз и найди свои интересы'])\n\nconftest.py:62: \n_ _ _ _ _ _ _ _ _ _ _ _ _ _ _ _ _ _ _ _ _ _ _ _ _ _ _ _ _ _ _ _ _ _ _ _ _ _ _ _ \nbase/base_page.py:79: in do_click\n    elem = WebDriverWait(self.driver, wait_time).until(EC.element_to_be_clickable(locator))\n_ _ _ _ _ _ _ _ _ _ _ _ _ _ _ _ _ _ _ _ _ _ _ _ _ _ _ _ _ _ _ _ _ _ _ _ _ _ _ _ \n\nself = <selenium.webdriver.support.wait.WebDriverWait (session=\"11daf7db129a493abac37127dcbea828\")>\nmethod = <function element_to_be_clickable.<locals>._predicate at 0x7f2e1889ec00>\nmessage = ''\n\n    def until(self, method: Callable[[D], Union[Literal[False], T]], message: str = \"\") -> T:\n        \"\"\"Calls the method provided with the driver as an argument until the \\\n        return value does not evaluate to ``False``.\n    \n        :param method: callable(WebDriver)\n        :param message: optional message for :exc:`TimeoutException`\n        :returns: the result of the last call to `method`\n        :raises: :exc:`selenium.common.exceptions.TimeoutException` if timeout occurs\n        \"\"\"\n        screen = None\n        stacktrace = None\n    \n        end_time = time.monotonic() + self._timeout\n        while True:\n            try:\n                value = method(self._driver)\n                if value:\n                    return value\n            except self._ignored_exceptions as exc:\n                screen = getattr(exc, \"screen\", None)\n                stacktrace = getattr(exc, \"stacktrace\", None)\n            if time.monotonic() > end_time:\n                break\n            time.sleep(self._poll)\n>       raise TimeoutException(message, screen, stacktrace)\nE       selenium.common.exceptions.TimeoutException: Message:\n\n../local/lib/python3.12/site-packages/selenium/webdriver/support/wait.py:105: TimeoutException","flaky":false,"newFailed":false,"newBroken":true,"newPassed":false,"retriesCount":0,"retriesStatusChange":false,"beforeStages":[{"name":"_session_faker","time":{"start":1739309473698,"stop":1739309473699,"duration":1},"status":"passed","steps":[],"attachments":[],"parameters":[],"shouldDisplayMessage":false,"attachmentsCount":0,"stepsCount":0,"hasContent":false,"attachmentStep":false},{"name":"driver","time":{"start":1739310709461,"stop":1739310709882,"duration":421},"status":"passed","steps":[],"attachments":[],"parameters":[],"shouldDisplayMessage":false,"attachmentsCount":0,"stepsCount":0,"hasContent":false,"attachmentStep":false},{"name":"Инициализация локаторов","time":{"start":1739310709882,"stop":1739310709882,"duration":0},"status":"passed","steps":[{"name":"Инициализация локаторов","time":{"start":1739310709882,"stop":1739310709882,"duration":0},"status":"passed","steps":[],"attachments":[],"parameters":[{"name":"request","value":"<SubRequest 'elements' for <Function test_update_views_counter>>"}],"shouldDisplayMessage":false,"attachmentsCount":0,"stepsCount":0,"hasContent":true,"attachmentStep":false}],"attachments":[],"parameters":[],"shouldDisplayMessage":false,"attachmentsCount":0,"stepsCount":1,"hasContent":true,"attachmentStep":false},{"name":"Авторизация пользователя в системе","time":{"start":1739310709882,"stop":1739310734861,"duration":24979},"status":"broken","statusMessage":"selenium.common.exceptions.TimeoutException: Message: \n\n","statusTrace":"  File \"/usr/local/lib/python3.12/site-packages/pluggy/_callers.py\", line 167, in _multicall\n    teardown.throw(outcome._exception)\n  File \"/usr/local/lib/python3.12/site-packages/_pytest/setuponly.py\", line 36, in pytest_fixture_setup\n    return (yield)\n            ^^^^^\n  File \"/usr/local/lib/python3.12/site-packages/pluggy/_callers.py\", line 103, in _multicall\n    res = hook_impl.function(*args)\n          ^^^^^^^^^^^^^^^^^^^^^^^^^\n  File \"/usr/local/lib/python3.12/site-packages/_pytest/fixtures.py\", line 1140, in pytest_fixture_setup\n    result = call_fixture_func(fixturefunc, request, kwargs)\n             ^^^^^^^^^^^^^^^^^^^^^^^^^^^^^^^^^^^^^^^^^^^^^^^\n  File \"/usr/local/lib/python3.12/site-packages/_pytest/fixtures.py\", line 898, in call_fixture_func\n    fixture_result = fixturefunc(**kwargs)\n                     ^^^^^^^^^^^^^^^^^^^^^\n  File \"/usr/local/lib/python3.12/site-packages/allure_commons/_allure.py\", line 192, in impl\n    return func(*a, **kw)\n           ^^^^^^^^^^^^^^\n  File \"/usr/workspace/conftest.py\", line 62, in login_to_app\n    login_page.do_click(config.locators.MainPageLocators.locators['Листай вниз и найди свои интересы'])\n  File \"/usr/workspace/base/base_page.py\", line 79, in do_click\n    elem = WebDriverWait(self.driver, wait_time).until(EC.element_to_be_clickable(locator))\n           ^^^^^^^^^^^^^^^^^^^^^^^^^^^^^^^^^^^^^^^^^^^^^^^^^^^^^^^^^^^^^^^^^^^^^^^^^^^^^^^^\n  File \"/usr/local/lib/python3.12/site-packages/selenium/webdriver/support/wait.py\", line 105, in until\n    raise TimeoutException(message, screen, stacktrace)\n","steps":[{"name":"Авторизация пользователя в системе","time":{"start":1739310709882,"stop":1739310734861,"duration":24979},"status":"broken","statusMessage":"selenium.common.exceptions.TimeoutException: Message: \n\n","statusTrace":"  File \"/usr/local/lib/python3.12/site-packages/allure_commons/_allure.py\", line 192, in impl\n    return func(*a, **kw)\n           ^^^^^^^^^^^^^^\n  File \"/usr/workspace/conftest.py\", line 62, in login_to_app\n    login_page.do_click(config.locators.MainPageLocators.locators['Листай вниз и найди свои интересы'])\n  File \"/usr/workspace/base/base_page.py\", line 79, in do_click\n    elem = WebDriverWait(self.driver, wait_time).until(EC.element_to_be_clickable(locator))\n           ^^^^^^^^^^^^^^^^^^^^^^^^^^^^^^^^^^^^^^^^^^^^^^^^^^^^^^^^^^^^^^^^^^^^^^^^^^^^^^^^\n  File \"/usr/local/lib/python3.12/site-packages/selenium/webdriver/support/wait.py\", line 105, in until\n    raise TimeoutException(message, screen, stacktrace)\n","steps":[],"attachments":[],"parameters":[{"name":"request","value":"<SubRequest 'login_to_app' for <Function test_update_views_counter>>"},{"name":"driver","value":"<selenium.webdriver.chrome.webdriver.WebDriver (session=\"11daf7db129a493abac37127dcbea828\")>"}],"shouldDisplayMessage":true,"attachmentsCount":0,"stepsCount":0,"hasContent":true,"attachmentStep":false}],"attachments":[],"parameters":[],"shouldDisplayMessage":false,"attachmentsCount":0,"stepsCount":1,"hasContent":true,"attachmentStep":false},{"name":"setup","time":{"start":1739310709882,"stop":1739310709882,"duration":0},"status":"passed","steps":[],"attachments":[],"parameters":[],"shouldDisplayMessage":false,"attachmentsCount":0,"stepsCount":0,"hasContent":false,"attachmentStep":false}],"afterStages":[{"name":"driver::0","time":{"start":1739310734873,"stop":1739310735062,"duration":189},"status":"passed","steps":[],"attachments":[{"uid":"66d3365ddc99dae7","name":"page_source","source":"66d3365ddc99dae7.html","type":"text/html","size":27593},{"uid":"6dfb5c8b9d0109f2","name":"screenshot","source":"6dfb5c8b9d0109f2.png","type":"image/png","size":55149},{"uid":"dddf7c60702cfb08","name":"browser_logs","source":"dddf7c60702cfb08.txt","type":"text/plain","size":7068}],"parameters":[],"shouldDisplayMessage":false,"attachmentsCount":3,"stepsCount":0,"hasContent":true,"attachmentStep":false}],"labels":[{"name":"severity","value":"Minor"},{"name":"feature","value":"Профиль пользователя"},{"name":"tag","value":"regression"},{"name":"tag","value":"profile"},{"name":"parentSuite","value":"tests"},{"name":"suite","value":"test_profile"},{"name":"subSuite","value":"TestProfile"},{"name":"host","value":"e56e35b24cd4"},{"name":"thread","value":"1-MainThread"},{"name":"framework","value":"pytest"},{"name":"language","value":"cpython3"},{"name":"package","value":"tests.test_profile"},{"name":"resultFormat","value":"allure2"}],"parameters":[],"links":[],"hidden":false,"retry":false,"extra":{"severity":"minor","retries":[],"categories":[{"name":"Test defects","matchedStatuses":[],"flaky":false}],"history":{"statistic":{"failed":5,"broken":12,"skipped":0,"passed":30,"unknown":0,"total":47},"items":[{"uid":"4055de37b76f149a","status":"failed","statusDetails":"AssertionError: Ожидалось True, получено False сравнивали 3486 и 3485","time":{"start":1738952178331,"stop":1738952185281,"duration":6950}},{"uid":"5ab0701c26ea5df2","status":"broken","statusDetails":"KeyError: 'access_token'","time":{"start":1738875253957,"stop":1738875253957,"duration":0}},{"uid":"39113b6c0170a318","status":"failed","statusDetails":"AssertionError: Ожидалось True, получено False сравнивали 3383 и 3382","time":{"start":1738872368787,"stop":1738872374204,"duration":5417}},{"uid":"59a223c0c6ec5622","status":"broken","statusDetails":"KeyError: 'access_token'","time":{"start":1738865306211,"stop":1738865306211,"duration":0}},{"uid":"dac6907a31b37b63","status":"passed","time":{"start":1738269272700,"stop":1738269278270,"duration":5570}},{"uid":"267e92ee5307668","status":"broken","statusDetails":"selenium.common.exceptions.TimeoutException: Message:","time":{"start":1738099704426,"stop":1738099704426,"duration":0}},{"uid":"51131d9db6fce30d","status":"passed","time":{"start":1738005594556,"stop":1738005601451,"duration":6895}},{"uid":"dd6db7511fb91167","status":"passed","time":{"start":1738002884325,"stop":1738002889585,"duration":5260}},{"uid":"a461b8aa35532b25","status":"broken","statusDetails":"urllib3.exceptions.ReadTimeoutError: HTTPConnectionPool(host='localhost', port=52493): Read timed out. (read timeout=120)","time":{"start":1737931756493,"stop":1737931756493,"duration":0}},{"uid":"c2cadf972dee4ff9","status":"passed","time":{"start":1737843252183,"stop":1737843259279,"duration":7096}},{"uid":"21a4148567208229","status":"passed","time":{"start":1737832446824,"stop":1737832453593,"duration":6769}},{"uid":"eaf651ecea736239","status":"passed","time":{"start":1737799808918,"stop":1737799815795,"duration":6877}},{"uid":"23caa916b1d0ff4d","status":"passed","time":{"start":1737758039227,"stop":1737758046092,"duration":6865}},{"uid":"fc9a971d00269483","status":"passed","time":{"start":1737745036065,"stop":1737745042937,"duration":6872}},{"uid":"a1c30b4a24574ea9","status":"passed","time":{"start":1737652921527,"stop":1737652930019,"duration":8492}},{"uid":"97714366cfba8d08","status":"passed","time":{"start":1737570600385,"stop":1737570609082,"duration":8697}},{"uid":"a29a903e754fc94e","status":"broken","statusDetails":"selenium.common.exceptions.WebDriverException: Message: unknown error: Chrome failed to start: exited abnormally.\n  (unknown error: DevToolsActivePort file doesn't exist)\n  (The process started from chrome location /usr/bin/chromium-browser is no longer running, so ChromeDriver is assuming that Chrome has crashed.)","time":{"start":1737568967477,"stop":1737568967477,"duration":0}},{"uid":"8418c3314df6b953","status":"passed","time":{"start":1734034855790,"stop":1734034861092,"duration":5302}},{"uid":"c53b174c7184e8d1","status":"passed","time":{"start":1733937568833,"stop":1733937575595,"duration":6762}},{"uid":"303e399fd77bf1cc","status":"broken","statusDetails":"selenium.common.exceptions.TimeoutException: Message: Не найден элемент с локатором ('xpath', '//div[@class=\"onboarding_container__mDp2D\"]')","time":{"start":1733866107121,"stop":1733866107121,"duration":0}}]},"tags":["regression","profile"]},"source":"c553b995214ca01c.json","parameterValues":[]}