{"uid":"c607f86775931b4e","name":"Проверка получения СМС с кодом подтверждения регистрации","fullName":"tests.test_registration.TestRegistrationUser#test_receiving_sms_with_registration_confirmation_code","historyId":"c21c66f75966c5e549a12c63349f9cf5","time":{"start":1723664538284,"stop":1723664573915,"duration":35631},"status":"broken","statusMessage":"selenium.common.exceptions.TimeoutException: Message: Не найден элемент с локатором ('xpath', '//input[@name=\"password\"]')","statusTrace":"self = <test_registration.TestRegistrationUser object at 0x7fd7b3082540>\nelements = {'Банк ачивок': {'Блок ачивок': ('xpath', '//div[contains(@class,\"user-achievement-by-interests_container\")]'), 'Модал...-sheet_icons\")]'), 'Название ачивки': ('xpath', '//div[contains(@class,\"achievement-item-bottom-sheet_title\")]')}, ...}\n\n    @allure.title('Проверка получения СМС с кодом подтверждения регистрации')\n    @allure.severity('Critical')\n    @pytest.mark.regression\n    def test_receiving_sms_with_registration_confirmation_code(self, elements):\n        with allure.step('Открыть страницу авторизации'):\n            self.authorization_page.open()\n            element = elements['Страница авторизации']\n    \n        with allure.step('Нажать кнопку \"По смс (Для России)\"'):\n            self.authorization_page.do_click(element['Кнопка по смс'])\n    \n        with allure.step('Нажать кнопку Далее'):\n            element = elements['Страница регистрации']\n            self.join_page.do_click(element['Кнопка далее'])\n    \n        with allure.step('В поле никнейм ввести любое валидное значение'):\n            username = f'-{fake.user_name()}.{fake.pyint(min_value=1, max_value=2)}_'\n            self.join_page.field_send_keys(element['Поле никнейм'], text=f'{username}')\n    \n        with allure.step('Нажать кнопку Далее'):\n            self.join_page.do_click(element['Кнопка далее'])\n    \n        with allure.step('В поле Пароль ввести пароль'):\n>           self.join_page.field_send_keys(element['Поле пароль'], text=self.User.PASSWORD)\n\ntests/test_registration.py:262: \n_ _ _ _ _ _ _ _ _ _ _ _ _ _ _ _ _ _ _ _ _ _ _ _ _ _ _ _ _ _ _ _ _ _ _ _ _ _ _ _ \nbase/base_page.py:127: in field_send_keys\n    element = self.find_element(locator)\nbase/base_page.py:140: in find_element\n    return self.wait.until(EC.visibility_of_element_located(locator),\n_ _ _ _ _ _ _ _ _ _ _ _ _ _ _ _ _ _ _ _ _ _ _ _ _ _ _ _ _ _ _ _ _ _ _ _ _ _ _ _ \n\nself = <selenium.webdriver.support.wait.WebDriverWait (session=\"b3845c93a3f5064928b804ef3e487475\")>\nmethod = <function visibility_of_element_located.<locals>._predicate at 0x7fd7afdaaca0>\nmessage = 'Не найден элемент с локатором (\\'xpath\\', \\'//input[@name=\"password\"]\\')'\n\n    def until(self, method: Callable[[D], Union[Literal[False], T]], message: str = \"\") -> T:\n        \"\"\"Calls the method provided with the driver as an argument until the \\\n        return value does not evaluate to ``False``.\n    \n        :param method: callable(WebDriver)\n        :param message: optional message for :exc:`TimeoutException`\n        :returns: the result of the last call to `method`\n        :raises: :exc:`selenium.common.exceptions.TimeoutException` if timeout occurs\n        \"\"\"\n        screen = None\n        stacktrace = None\n    \n        end_time = time.monotonic() + self._timeout\n        while True:\n            try:\n                value = method(self._driver)\n                if value:\n                    return value\n            except self._ignored_exceptions as exc:\n                screen = getattr(exc, \"screen\", None)\n                stacktrace = getattr(exc, \"stacktrace\", None)\n            time.sleep(self._poll)\n            if time.monotonic() > end_time:\n                break\n>       raise TimeoutException(message, screen, stacktrace)\nE       selenium.common.exceptions.TimeoutException: Message: Не найден элемент с локатором ('xpath', '//input[@name=\"password\"]')\n\n../local/lib/python3.12/site-packages/selenium/webdriver/support/wait.py:105: TimeoutException","flaky":false,"newFailed":false,"newBroken":true,"newPassed":false,"retriesCount":0,"retriesStatusChange":false,"beforeStages":[{"name":"_session_faker","time":{"start":1723663698763,"stop":1723663698784,"duration":21},"status":"passed","steps":[],"attachments":[],"parameters":[],"shouldDisplayMessage":false,"attachmentsCount":0,"stepsCount":0,"hasContent":false,"attachmentStep":false},{"name":"driver","time":{"start":1723664537853,"stop":1723664538283,"duration":430},"status":"passed","steps":[],"attachments":[],"parameters":[],"shouldDisplayMessage":false,"attachmentsCount":0,"stepsCount":0,"hasContent":false,"attachmentStep":false},{"name":"setup","time":{"start":1723664538283,"stop":1723664538284,"duration":1},"status":"passed","steps":[],"attachments":[],"parameters":[],"shouldDisplayMessage":false,"attachmentsCount":0,"stepsCount":0,"hasContent":false,"attachmentStep":false},{"name":"Инициализация локаторов","time":{"start":1723664538284,"stop":1723664538284,"duration":0},"status":"passed","steps":[{"name":"Инициализация локаторов","time":{"start":1723664538284,"stop":1723664538284,"duration":0},"status":"passed","steps":[],"attachments":[],"parameters":[{"name":"request","value":"<SubRequest 'elements' for <Function test_receiving_sms_with_registration_confirmation_code>>"}],"shouldDisplayMessage":false,"attachmentsCount":0,"stepsCount":0,"hasContent":true,"attachmentStep":false}],"attachments":[],"parameters":[],"shouldDisplayMessage":false,"attachmentsCount":0,"stepsCount":1,"hasContent":true,"attachmentStep":false}],"testStage":{"status":"broken","statusMessage":"selenium.common.exceptions.TimeoutException: Message: Не найден элемент с локатором ('xpath', '//input[@name=\"password\"]')","statusTrace":"self = <test_registration.TestRegistrationUser object at 0x7fd7b3082540>\nelements = {'Банк ачивок': {'Блок ачивок': ('xpath', '//div[contains(@class,\"user-achievement-by-interests_container\")]'), 'Модал...-sheet_icons\")]'), 'Название ачивки': ('xpath', '//div[contains(@class,\"achievement-item-bottom-sheet_title\")]')}, ...}\n\n    @allure.title('Проверка получения СМС с кодом подтверждения регистрации')\n    @allure.severity('Critical')\n    @pytest.mark.regression\n    def test_receiving_sms_with_registration_confirmation_code(self, elements):\n        with allure.step('Открыть страницу авторизации'):\n            self.authorization_page.open()\n            element = elements['Страница авторизации']\n    \n        with allure.step('Нажать кнопку \"По смс (Для России)\"'):\n            self.authorization_page.do_click(element['Кнопка по смс'])\n    \n        with allure.step('Нажать кнопку Далее'):\n            element = elements['Страница регистрации']\n            self.join_page.do_click(element['Кнопка далее'])\n    \n        with allure.step('В поле никнейм ввести любое валидное значение'):\n            username = f'-{fake.user_name()}.{fake.pyint(min_value=1, max_value=2)}_'\n            self.join_page.field_send_keys(element['Поле никнейм'], text=f'{username}')\n    \n        with allure.step('Нажать кнопку Далее'):\n            self.join_page.do_click(element['Кнопка далее'])\n    \n        with allure.step('В поле Пароль ввести пароль'):\n>           self.join_page.field_send_keys(element['Поле пароль'], text=self.User.PASSWORD)\n\ntests/test_registration.py:262: \n_ _ _ _ _ _ _ _ _ _ _ _ _ _ _ _ _ _ _ _ _ _ _ _ _ _ _ _ _ _ _ _ _ _ _ _ _ _ _ _ \nbase/base_page.py:127: in field_send_keys\n    element = self.find_element(locator)\nbase/base_page.py:140: in find_element\n    return self.wait.until(EC.visibility_of_element_located(locator),\n_ _ _ _ _ _ _ _ _ _ _ _ _ _ _ _ _ _ _ _ _ _ _ _ _ _ _ _ _ _ _ _ _ _ _ _ _ _ _ _ \n\nself = <selenium.webdriver.support.wait.WebDriverWait (session=\"b3845c93a3f5064928b804ef3e487475\")>\nmethod = <function visibility_of_element_located.<locals>._predicate at 0x7fd7afdaaca0>\nmessage = 'Не найден элемент с локатором (\\'xpath\\', \\'//input[@name=\"password\"]\\')'\n\n    def until(self, method: Callable[[D], Union[Literal[False], T]], message: str = \"\") -> T:\n        \"\"\"Calls the method provided with the driver as an argument until the \\\n        return value does not evaluate to ``False``.\n    \n        :param method: callable(WebDriver)\n        :param message: optional message for :exc:`TimeoutException`\n        :returns: the result of the last call to `method`\n        :raises: :exc:`selenium.common.exceptions.TimeoutException` if timeout occurs\n        \"\"\"\n        screen = None\n        stacktrace = None\n    \n        end_time = time.monotonic() + self._timeout\n        while True:\n            try:\n                value = method(self._driver)\n                if value:\n                    return value\n            except self._ignored_exceptions as exc:\n                screen = getattr(exc, \"screen\", None)\n                stacktrace = getattr(exc, \"stacktrace\", None)\n            time.sleep(self._poll)\n            if time.monotonic() > end_time:\n                break\n>       raise TimeoutException(message, screen, stacktrace)\nE       selenium.common.exceptions.TimeoutException: Message: Не найден элемент с локатором ('xpath', '//input[@name=\"password\"]')\n\n../local/lib/python3.12/site-packages/selenium/webdriver/support/wait.py:105: TimeoutException","steps":[{"name":"Открыть страницу авторизации","time":{"start":1723664538284,"stop":1723664541067,"duration":2783},"status":"passed","steps":[],"attachments":[],"parameters":[],"shouldDisplayMessage":false,"attachmentsCount":0,"stepsCount":0,"hasContent":false,"attachmentStep":false},{"name":"Нажать кнопку \"По смс (Для России)\"","time":{"start":1723664541067,"stop":1723664541623,"duration":556},"status":"passed","steps":[],"attachments":[],"parameters":[],"shouldDisplayMessage":false,"attachmentsCount":0,"stepsCount":0,"hasContent":false,"attachmentStep":false},{"name":"Нажать кнопку Далее","time":{"start":1723664541623,"stop":1723664542177,"duration":554},"status":"passed","steps":[],"attachments":[],"parameters":[],"shouldDisplayMessage":false,"attachmentsCount":0,"stepsCount":0,"hasContent":false,"attachmentStep":false},{"name":"В поле никнейм ввести любое валидное значение","time":{"start":1723664542177,"stop":1723664543761,"duration":1584},"status":"passed","steps":[],"attachments":[],"parameters":[],"shouldDisplayMessage":false,"attachmentsCount":0,"stepsCount":0,"hasContent":false,"attachmentStep":false},{"name":"Нажать кнопку Далее","time":{"start":1723664543761,"stop":1723664543798,"duration":37},"status":"passed","steps":[],"attachments":[],"parameters":[],"shouldDisplayMessage":false,"attachmentsCount":0,"stepsCount":0,"hasContent":false,"attachmentStep":false},{"name":"В поле Пароль ввести пароль","time":{"start":1723664543798,"stop":1723664573914,"duration":30116},"status":"broken","statusMessage":"selenium.common.exceptions.TimeoutException: Message: Не найден элемент с локатором ('xpath', '//input[@name=\"password\"]')\n\n","statusTrace":"  File \"/usr/workspace/tests/test_registration.py\", line 262, in test_receiving_sms_with_registration_confirmation_code\n    self.join_page.field_send_keys(element['Поле пароль'], text=self.User.PASSWORD)\n  File \"/usr/workspace/base/base_page.py\", line 127, in field_send_keys\n    element = self.find_element(locator)\n              ^^^^^^^^^^^^^^^^^^^^^^^^^^\n  File \"/usr/workspace/base/base_page.py\", line 140, in find_element\n    return self.wait.until(EC.visibility_of_element_located(locator),\n           ^^^^^^^^^^^^^^^^^^^^^^^^^^^^^^^^^^^^^^^^^^^^^^^^^^^^^^^^^^\n  File \"/usr/local/lib/python3.12/site-packages/selenium/webdriver/support/wait.py\", line 105, in until\n    raise TimeoutException(message, screen, stacktrace)\n","steps":[],"attachments":[],"parameters":[],"shouldDisplayMessage":true,"attachmentsCount":0,"stepsCount":0,"hasContent":true,"attachmentStep":false}],"attachments":[],"parameters":[],"shouldDisplayMessage":true,"attachmentsCount":0,"stepsCount":6,"hasContent":true,"attachmentStep":false},"afterStages":[{"name":"driver::0","time":{"start":1723664573935,"stop":1723664574116,"duration":181},"status":"passed","steps":[],"attachments":[{"uid":"18af5133b4ab5da6","name":"page_source","source":"18af5133b4ab5da6.html","type":"text/html","size":17621},{"uid":"b647598ec3230c6b","name":"screenshot","source":"b647598ec3230c6b.png","type":"image/png","size":31626},{"uid":"5fae494dcf25d904","name":"browser_logs","source":"5fae494dcf25d904.txt","type":"text/plain","size":2199}],"parameters":[],"shouldDisplayMessage":false,"attachmentsCount":3,"stepsCount":0,"hasContent":true,"attachmentStep":false}],"labels":[{"name":"feature","value":"Регистрация пользователя"},{"name":"severity","value":"Critical"},{"name":"tag","value":"regression"},{"name":"tag","value":"registration"},{"name":"parentSuite","value":"tests"},{"name":"suite","value":"test_registration"},{"name":"subSuite","value":"TestRegistrationUser"},{"name":"host","value":"08a55af16a63"},{"name":"thread","value":"1-MainThread"},{"name":"framework","value":"pytest"},{"name":"language","value":"cpython3"},{"name":"package","value":"tests.test_registration"},{"name":"resultFormat","value":"allure2"}],"parameters":[],"links":[],"hidden":false,"retry":false,"extra":{"severity":"critical","retries":[],"categories":[{"name":"Test defects","matchedStatuses":[],"flaky":false}],"history":{"statistic":{"failed":0,"broken":6,"skipped":0,"passed":25,"unknown":0,"total":31},"items":[{"uid":"30ecc4f2fa878563","status":"passed","time":{"start":1723579272825,"stop":1723579286210,"duration":13385}},{"uid":"ea203b5d5655598f","status":"passed","time":{"start":1723496440846,"stop":1723496452032,"duration":11186}},{"uid":"bf4309d0ba66a6a2","status":"passed","time":{"start":1723150241595,"stop":1723150252385,"duration":10790}},{"uid":"5f8e4b347bdc3ef1","status":"passed","time":{"start":1723148924048,"stop":1723148935120,"duration":11072}},{"uid":"45d8fc9ffcc10038","status":"passed","time":{"start":1723147162192,"stop":1723147173725,"duration":11533}},{"uid":"2627bdccb826b47f","status":"passed","time":{"start":1723065390009,"stop":1723065401423,"duration":11414}},{"uid":"bbae6416c3b65a15","status":"passed","time":{"start":1722976929544,"stop":1722976941465,"duration":11921}},{"uid":"50d0348849d09cbc","status":"passed","time":{"start":1722892163335,"stop":1722892176627,"duration":13292}},{"uid":"3bb0ab83cd038a4c","status":"passed","time":{"start":1722625866354,"stop":1722625879221,"duration":12867}},{"uid":"9bbbcd114756926","status":"passed","time":{"start":1722546508044,"stop":1722546520495,"duration":12451}},{"uid":"cd600c06cb80299b","status":"passed","time":{"start":1722370251473,"stop":1722370264880,"duration":13407}},{"uid":"55ef7825ba048606","status":"passed","time":{"start":1722283321499,"stop":1722283335427,"duration":13928}},{"uid":"6f26b77fee89040","status":"passed","time":{"start":1722018365331,"stop":1722018378329,"duration":12998}},{"uid":"a2d915ec9b6c46a3","status":"broken","statusDetails":"IndexError: list index out of range","time":{"start":1721942746577,"stop":1721942759736,"duration":13159}},{"uid":"e2861d8bff5101d5","status":"passed","time":{"start":1721850844611,"stop":1721850857047,"duration":12436}},{"uid":"b030d277aa8669bf","status":"broken","statusDetails":"IndexError: list index out of range","time":{"start":1721683237309,"stop":1721683252700,"duration":15391}},{"uid":"2f59afcfd71f9632","status":"passed","time":{"start":1721671783481,"stop":1721671796567,"duration":13086}},{"uid":"2f632e38459b092b","status":"broken","statusDetails":"selenium.common.exceptions.TimeoutException: Message: Не найден элемент с локатором ('xpath', '//input[@name=\"password\"]')","time":{"start":1721668599442,"stop":1721668636052,"duration":36610}},{"uid":"87ae11706f3b7474","status":"passed","time":{"start":1720802799490,"stop":1720802813809,"duration":14319}},{"uid":"6c67b26eb499de24","status":"passed","time":{"start":1720800508986,"stop":1720800521744,"duration":12758}}]},"tags":["regression","registration"]},"source":"c607f86775931b4e.json","parameterValues":[]}