{"uid":"c69ed78f1c548d2e","name":"Проверить, есть возможность пожаловаться на пользователя по причине \"Пропаганда наркотиков\"","fullName":"tests.test_another_users_page.TestAnotherUsersPage#test_opportunities_to_report_a_user","historyId":"9315a84f2ef11aaf0926e5e85e4b3983","time":{"start":1737569367218,"stop":1737569367218,"duration":0},"description":"Регистрируется новый пользователь и жалуется на пользователя","descriptionHtml":"<p>Регистрируется новый пользователь и жалуется на пользователя</p>\n","status":"broken","statusMessage":"selenium.common.exceptions.TimeoutException: Message: Не найден элемент с локатором ('xpath', '//input[@name=\"nickname\"]')","statusTrace":"driver = <selenium.webdriver.chrome.webdriver.WebDriver (session=\"6c0cae84e4a5f723cb94ca1821cc2608\")>\n\n    @pytest.fixture(scope='function')\n    @allure.title('Регистрация пользователя')\n    @allure.step('Регистрация пользователя')\n    def registration_user(driver):\n        \"\"\"\n        Фикстура регистрации нового пользователя\n    \n        :param driver:\n            принимает в себя экземпляр драйвера\n    \n        \"\"\"\n        authorization_page = AuthorizationPage(driver)\n        join_page = JoinPage(driver)\n        metabase = MetaBase(driver)\n        assertion = Assertion(driver)\n        rubric_page = RubricPage(driver)\n        main_page = MainPage(driver)\n    \n        authorization_page.open()\n        authorization_page.do_click(config.locators.AuthorizationPageLocators.locators['Кнопка по смс'])\n        join_page.do_click(config.locators.JoinPageLocators.locators['Кнопка далее'])\n        username = f'-{fake.pystr(min_chars=5, max_chars=11)}.{fake.pyint(min_value=1, max_value=2)}_'\n>       join_page.field_send_keys(config.locators.JoinPageLocators.locators['Поле никнейм'], text=f'{username}')\n\nfixtures/fixtures_for_registration_tests.py:41: \n_ _ _ _ _ _ _ _ _ _ _ _ _ _ _ _ _ _ _ _ _ _ _ _ _ _ _ _ _ _ _ _ _ _ _ _ _ _ _ _ \nbase/base_page.py:126: in field_send_keys\n    element = self.find_element(locator)\nbase/base_page.py:138: in find_element\n    return self.wait.until(EC.visibility_of_element_located(locator),\n_ _ _ _ _ _ _ _ _ _ _ _ _ _ _ _ _ _ _ _ _ _ _ _ _ _ _ _ _ _ _ _ _ _ _ _ _ _ _ _ \n\nself = <selenium.webdriver.support.wait.WebDriverWait (session=\"6c0cae84e4a5f723cb94ca1821cc2608\")>\nmethod = <function visibility_of_element_located.<locals>._predicate at 0x7fc3f10d18a0>\nmessage = 'Не найден элемент с локатором (\\'xpath\\', \\'//input[@name=\"nickname\"]\\')'\n\n    def until(self, method: Callable[[D], Union[Literal[False], T]], message: str = \"\") -> T:\n        \"\"\"Calls the method provided with the driver as an argument until the \\\n        return value does not evaluate to ``False``.\n    \n        :param method: callable(WebDriver)\n        :param message: optional message for :exc:`TimeoutException`\n        :returns: the result of the last call to `method`\n        :raises: :exc:`selenium.common.exceptions.TimeoutException` if timeout occurs\n        \"\"\"\n        screen = None\n        stacktrace = None\n    \n        end_time = time.monotonic() + self._timeout\n        while True:\n            try:\n                value = method(self._driver)\n                if value:\n                    return value\n            except self._ignored_exceptions as exc:\n                screen = getattr(exc, \"screen\", None)\n                stacktrace = getattr(exc, \"stacktrace\", None)\n            if time.monotonic() > end_time:\n                break\n            time.sleep(self._poll)\n>       raise TimeoutException(message, screen, stacktrace)\nE       selenium.common.exceptions.TimeoutException: Message: Не найден элемент с локатором ('xpath', '//input[@name=\"nickname\"]')\n\n../local/lib/python3.12/site-packages/selenium/webdriver/support/wait.py:105: TimeoutException","flaky":false,"newFailed":false,"newBroken":false,"newPassed":false,"retriesCount":0,"retriesStatusChange":false,"beforeStages":[{"name":"_session_faker","time":{"start":1737569139111,"stop":1737569139113,"duration":2},"status":"passed","steps":[],"attachments":[],"parameters":[],"shouldDisplayMessage":false,"attachmentsCount":0,"stepsCount":0,"hasContent":false,"attachmentStep":false},{"name":"driver","time":{"start":1737569367218,"stop":1737569367696,"duration":478},"status":"passed","steps":[],"attachments":[],"parameters":[],"shouldDisplayMessage":false,"attachmentsCount":0,"stepsCount":0,"hasContent":false,"attachmentStep":false},{"name":"setup","time":{"start":1737569367696,"stop":1737569367697,"duration":1},"status":"passed","steps":[],"attachments":[],"parameters":[],"shouldDisplayMessage":false,"attachmentsCount":0,"stepsCount":0,"hasContent":false,"attachmentStep":false},{"name":"Инициализация локаторов","time":{"start":1737569367697,"stop":1737569367697,"duration":0},"status":"passed","steps":[{"name":"Инициализация локаторов","time":{"start":1737569367697,"stop":1737569367697,"duration":0},"status":"passed","steps":[],"attachments":[],"parameters":[{"name":"request","value":"<SubRequest 'elements' for <Function test_opportunities_to_report_a_user[Пропаганда наркотиков]>>"}],"shouldDisplayMessage":false,"attachmentsCount":0,"stepsCount":0,"hasContent":true,"attachmentStep":false}],"attachments":[],"parameters":[],"shouldDisplayMessage":false,"attachmentsCount":0,"stepsCount":1,"hasContent":true,"attachmentStep":false},{"name":"Регистрация пользователя","time":{"start":1737569367697,"stop":1737569404460,"duration":36763},"status":"broken","statusMessage":"selenium.common.exceptions.TimeoutException: Message: Не найден элемент с локатором ('xpath', '//input[@name=\"nickname\"]')\n\n","statusTrace":"  File \"/usr/local/lib/python3.12/site-packages/pluggy/_callers.py\", line 167, in _multicall\n    teardown.throw(outcome._exception)\n  File \"/usr/local/lib/python3.12/site-packages/_pytest/setuponly.py\", line 36, in pytest_fixture_setup\n    return (yield)\n            ^^^^^\n  File \"/usr/local/lib/python3.12/site-packages/pluggy/_callers.py\", line 103, in _multicall\n    res = hook_impl.function(*args)\n          ^^^^^^^^^^^^^^^^^^^^^^^^^\n  File \"/usr/local/lib/python3.12/site-packages/_pytest/fixtures.py\", line 1140, in pytest_fixture_setup\n    result = call_fixture_func(fixturefunc, request, kwargs)\n             ^^^^^^^^^^^^^^^^^^^^^^^^^^^^^^^^^^^^^^^^^^^^^^^\n  File \"/usr/local/lib/python3.12/site-packages/_pytest/fixtures.py\", line 898, in call_fixture_func\n    fixture_result = fixturefunc(**kwargs)\n                     ^^^^^^^^^^^^^^^^^^^^^\n  File \"/usr/local/lib/python3.12/site-packages/allure_commons/_allure.py\", line 192, in impl\n    return func(*a, **kw)\n           ^^^^^^^^^^^^^^\n  File \"/usr/workspace/fixtures/fixtures_for_registration_tests.py\", line 41, in registration_user\n    join_page.field_send_keys(config.locators.JoinPageLocators.locators['Поле никнейм'], text=f'{username}')\n  File \"/usr/workspace/base/base_page.py\", line 126, in field_send_keys\n    element = self.find_element(locator)\n              ^^^^^^^^^^^^^^^^^^^^^^^^^^\n  File \"/usr/workspace/base/base_page.py\", line 138, in find_element\n    return self.wait.until(EC.visibility_of_element_located(locator),\n           ^^^^^^^^^^^^^^^^^^^^^^^^^^^^^^^^^^^^^^^^^^^^^^^^^^^^^^^^^^\n  File \"/usr/local/lib/python3.12/site-packages/selenium/webdriver/support/wait.py\", line 105, in until\n    raise TimeoutException(message, screen, stacktrace)\n","steps":[{"name":"Регистрация пользователя","time":{"start":1737569367697,"stop":1737569404460,"duration":36763},"status":"broken","statusMessage":"selenium.common.exceptions.TimeoutException: Message: Не найден элемент с локатором ('xpath', '//input[@name=\"nickname\"]')\n\n","statusTrace":"  File \"/usr/local/lib/python3.12/site-packages/allure_commons/_allure.py\", line 192, in impl\n    return func(*a, **kw)\n           ^^^^^^^^^^^^^^\n  File \"/usr/workspace/fixtures/fixtures_for_registration_tests.py\", line 41, in registration_user\n    join_page.field_send_keys(config.locators.JoinPageLocators.locators['Поле никнейм'], text=f'{username}')\n  File \"/usr/workspace/base/base_page.py\", line 126, in field_send_keys\n    element = self.find_element(locator)\n              ^^^^^^^^^^^^^^^^^^^^^^^^^^\n  File \"/usr/workspace/base/base_page.py\", line 138, in find_element\n    return self.wait.until(EC.visibility_of_element_located(locator),\n           ^^^^^^^^^^^^^^^^^^^^^^^^^^^^^^^^^^^^^^^^^^^^^^^^^^^^^^^^^^\n  File \"/usr/local/lib/python3.12/site-packages/selenium/webdriver/support/wait.py\", line 105, in until\n    raise TimeoutException(message, screen, stacktrace)\n","steps":[],"attachments":[],"parameters":[{"name":"driver","value":"<selenium.webdriver.chrome.webdriver.WebDriver (session=\"6c0cae84e4a5f723cb94ca1821cc2608\")>"}],"shouldDisplayMessage":true,"attachmentsCount":0,"stepsCount":0,"hasContent":true,"attachmentStep":false}],"attachments":[],"parameters":[],"shouldDisplayMessage":false,"attachmentsCount":0,"stepsCount":1,"hasContent":true,"attachmentStep":false}],"afterStages":[{"name":"driver::0","time":{"start":1737569404471,"stop":1737569404666,"duration":195},"status":"passed","steps":[],"attachments":[{"uid":"498b790c0790e93d","name":"page_source","source":"498b790c0790e93d.html","type":"text/html","size":10283},{"uid":"f9a44cfd831dd467","name":"screenshot","source":"f9a44cfd831dd467.png","type":"image/png","size":20131},{"uid":"bbb9b8dd279c65b6","name":"browser_logs","source":"bbb9b8dd279c65b6.txt","type":"text/plain","size":2113}],"parameters":[],"shouldDisplayMessage":false,"attachmentsCount":3,"stepsCount":0,"hasContent":true,"attachmentStep":false}],"labels":[{"name":"severity","value":"Critical"},{"name":"feature","value":"Профиль другого пользователя"},{"name":"tag","value":"regression"},{"name":"tag","value":"another_users_page"},{"name":"parentSuite","value":"tests"},{"name":"suite","value":"test_another_users_page"},{"name":"subSuite","value":"TestAnotherUsersPage"},{"name":"host","value":"5230432a8515"},{"name":"thread","value":"1-MainThread"},{"name":"framework","value":"pytest"},{"name":"language","value":"cpython3"},{"name":"package","value":"tests.test_another_users_page"},{"name":"resultFormat","value":"allure2"}],"parameters":[{"name":"options","value":"'Пропаганда наркотиков'"}],"links":[],"hidden":false,"retry":false,"extra":{"severity":"critical","retries":[],"categories":[{"name":"Test defects","matchedStatuses":[],"flaky":false}],"history":{"statistic":{"failed":0,"broken":6,"skipped":0,"passed":13,"unknown":0,"total":19},"items":[{"uid":"f1f73d7115f43587","status":"broken","statusDetails":"selenium.common.exceptions.WebDriverException: Message: unknown error: Chrome failed to start: exited abnormally.\n  (unknown error: DevToolsActivePort file doesn't exist)\n  (The process started from chrome location /usr/bin/chromium-browser is no longer running, so ChromeDriver is assuming that Chrome has crashed.)","time":{"start":1737568956519,"stop":1737568956519,"duration":0}},{"uid":"b90ac3b89ec10b5c","status":"passed","time":{"start":1734033965482,"stop":1734033970395,"duration":4913}},{"uid":"60703953f7a00334","status":"passed","time":{"start":1733936536404,"stop":1733936540687,"duration":4283}},{"uid":"194acaa1dddc96e2","status":"passed","time":{"start":1733864954187,"stop":1733864959169,"duration":4982}},{"uid":"5edc5d60c092366","status":"passed","time":{"start":1733859541634,"stop":1733859546965,"duration":5331}},{"uid":"dac1afed00897dc5","status":"passed","time":{"start":1733856211184,"stop":1733856216036,"duration":4852}},{"uid":"a526550896630d19","status":"passed","time":{"start":1733770979739,"stop":1733770986316,"duration":6577}},{"uid":"f62707e47a73a183","status":"passed","time":{"start":1733765311775,"stop":1733765317140,"duration":5365}},{"uid":"eeafc2c1bfe07d20","status":"broken","statusDetails":"selenium.common.exceptions.TimeoutException: Message:","time":{"start":1733421200195,"stop":1733421200195,"duration":0}},{"uid":"6bb2a913d4911789","status":"broken","statusDetails":"selenium.common.exceptions.TimeoutException: Message:","time":{"start":1726779833171,"stop":1726779833171,"duration":0}},{"uid":"77b010af2a625b83","status":"broken","statusDetails":"selenium.common.exceptions.TimeoutException: Message:","time":{"start":1726776488817,"stop":1726776488817,"duration":0}},{"uid":"e89a3c2f99dfbea0","status":"passed","time":{"start":1724098093509,"stop":1724098097920,"duration":4411}},{"uid":"6a6ebd25cbbd7cc4","status":"passed","time":{"start":1723828219824,"stop":1723828224202,"duration":4378}},{"uid":"580ee2a12df445ae","status":"passed","time":{"start":1723750639566,"stop":1723750643770,"duration":4204}},{"uid":"9f6e2593e3a63560","status":"passed","time":{"start":1723741170579,"stop":1723741174860,"duration":4281}},{"uid":"71c6810ae6d65134","status":"passed","time":{"start":1723663861018,"stop":1723663865202,"duration":4184}},{"uid":"f3b790a21be08f57","status":"passed","time":{"start":1723578235407,"stop":1723578239751,"duration":4344}},{"uid":"8c68c5a780ca881b","status":"broken","statusDetails":"selenium.common.exceptions.TimeoutException: Message: Не найден элемент с локатором ('xpath', '//input[@name=\"password\"]')","time":{"start":1723495458124,"stop":1723495458124,"duration":0}}]},"tags":["regression","another_users_page"]},"source":"c69ed78f1c548d2e.json","parameterValues":["'Пропаганда наркотиков'"]}