{"uid":"ca8f39f960e7a2f6","name":"Проверка возможности посмотреть список своих подписок","fullName":"tests.test_profile.TestProfile#test_opportunities_to_see_the_list_of_your_subscriptions","historyId":"8f88be5bf95c107c5b7f586efac89286","time":{"start":1737842911424,"stop":1737842915593,"duration":4169},"description":"Проверка происходит на пользователе Aleska","descriptionHtml":"<p>Проверка происходит на пользователе Aleska</p>\n","status":"failed","statusMessage":"AssertionError: Ожидалось элементов >= 3, отображается 1 элементов","statusTrace":"self = <test_profile.TestProfile object at 0x7f9720b9e360>\nelements = {'Банк ачивок': {'Блок ачивок': ('xpath', '//div[contains(@class,\"user-achievement-by-interests_container\")]'), 'Модал...'carrot-messenger-frame'), 'Чат кэррот': ('xpath', '//div[contains(@class,\"carrot-messenger-frame-container\")]')}, ...}\nlogin_to_app = None\n\n    @allure.title('Проверка возможности посмотреть список своих подписок')\n    @allure.description('Проверка происходит на пользователе Aleska')\n    @allure.severity('Critical')\n    @pytest.mark.regression\n    def test_opportunities_to_see_the_list_of_your_subscriptions(self, elements, login_to_app):\n        with allure.step('Нажать на кнопку профиль'):\n            self.app.profile_button_click()\n    \n        with allure.step('Нажать на Подписки'):\n            element = elements['Профиль пользователя']\n            self.profile_page.do_click(element['Подписки'])\n    \n        with allure.step('Проверить, что список подписок >= 3'):\n            element = elements['Страница подписки']\n>           self.assertion.length_elements(element['Список пользователей'], length=3)\n\ntests/test_profile.py:247: \n_ _ _ _ _ _ _ _ _ _ _ _ _ _ _ _ _ _ _ _ _ _ _ _ _ _ _ _ _ _ _ _ _ _ _ _ _ _ _ _ \n\nself = <base.base_assertion.Assertion object at 0x7f9720b47bc0>\nby_locator = ('xpath', '//div[contains(@class,\"user-block_container\")]')\nlength = 3\n\n    def length_elements(self, by_locator: tuple, length=0) -> len:\n        \"\"\"\n        Получение длины списка элементов на странице, ожидая, что их > 0\n    \n        :param length:\n        минимальное ожидаемое количество элементов, по умолчанию 0\n            количество элементов\n    \n        :param by_locator:\n            локатор списка элементов\n    \n        :return:\n            длина списка\n        \"\"\"\n>       assert len(self.find_elements(by_locator)) >= length, (\n            f'Ожидалось элементов >= {length}, отображается {len(self.find_elements(by_locator))} элементов')\nE       AssertionError: Ожидалось элементов >= 3, отображается 1 элементов\n\nbase/base_assertion.py:144: AssertionError","flaky":false,"newFailed":false,"newBroken":false,"newPassed":false,"retriesCount":0,"retriesStatusChange":false,"beforeStages":[{"name":"_session_faker","time":{"start":1737841715019,"stop":1737841715020,"duration":1},"status":"passed","steps":[],"attachments":[],"parameters":[],"shouldDisplayMessage":false,"attachmentsCount":0,"attachmentStep":false,"stepsCount":0,"hasContent":false},{"name":"driver","time":{"start":1737842904338,"stop":1737842904746,"duration":408},"status":"passed","steps":[],"attachments":[],"parameters":[],"shouldDisplayMessage":false,"attachmentsCount":0,"attachmentStep":false,"stepsCount":0,"hasContent":false},{"name":"Авторизация пользователя в системе","time":{"start":1737842904746,"stop":1737842911423,"duration":6677},"status":"passed","steps":[{"name":"Авторизация пользователя в системе","time":{"start":1737842904747,"stop":1737842911423,"duration":6676},"status":"passed","steps":[],"attachments":[],"parameters":[{"name":"request","value":"<SubRequest 'login_to_app' for <Function test_opportunities_to_see_the_list_of_your_subscriptions>>"},{"name":"driver","value":"<selenium.webdriver.chrome.webdriver.WebDriver (session=\"28ac877b94bd9417e3c4ec5d3d41588a\")>"}],"shouldDisplayMessage":false,"attachmentsCount":0,"attachmentStep":false,"stepsCount":0,"hasContent":true}],"attachments":[],"parameters":[],"shouldDisplayMessage":false,"attachmentsCount":0,"attachmentStep":false,"stepsCount":1,"hasContent":true},{"name":"Инициализация локаторов","time":{"start":1737842904746,"stop":1737842904746,"duration":0},"status":"passed","steps":[{"name":"Инициализация локаторов","time":{"start":1737842904746,"stop":1737842904746,"duration":0},"status":"passed","steps":[],"attachments":[],"parameters":[{"name":"request","value":"<SubRequest 'elements' for <Function test_opportunities_to_see_the_list_of_your_subscriptions>>"}],"shouldDisplayMessage":false,"attachmentsCount":0,"attachmentStep":false,"stepsCount":0,"hasContent":true}],"attachments":[],"parameters":[],"shouldDisplayMessage":false,"attachmentsCount":0,"attachmentStep":false,"stepsCount":1,"hasContent":true},{"name":"setup","time":{"start":1737842904746,"stop":1737842904746,"duration":0},"status":"passed","steps":[],"attachments":[],"parameters":[],"shouldDisplayMessage":false,"attachmentsCount":0,"attachmentStep":false,"stepsCount":0,"hasContent":false}],"testStage":{"description":"Проверка происходит на пользователе Aleska","status":"failed","statusMessage":"AssertionError: Ожидалось элементов >= 3, отображается 1 элементов","statusTrace":"self = <test_profile.TestProfile object at 0x7f9720b9e360>\nelements = {'Банк ачивок': {'Блок ачивок': ('xpath', '//div[contains(@class,\"user-achievement-by-interests_container\")]'), 'Модал...'carrot-messenger-frame'), 'Чат кэррот': ('xpath', '//div[contains(@class,\"carrot-messenger-frame-container\")]')}, ...}\nlogin_to_app = None\n\n    @allure.title('Проверка возможности посмотреть список своих подписок')\n    @allure.description('Проверка происходит на пользователе Aleska')\n    @allure.severity('Critical')\n    @pytest.mark.regression\n    def test_opportunities_to_see_the_list_of_your_subscriptions(self, elements, login_to_app):\n        with allure.step('Нажать на кнопку профиль'):\n            self.app.profile_button_click()\n    \n        with allure.step('Нажать на Подписки'):\n            element = elements['Профиль пользователя']\n            self.profile_page.do_click(element['Подписки'])\n    \n        with allure.step('Проверить, что список подписок >= 3'):\n            element = elements['Страница подписки']\n>           self.assertion.length_elements(element['Список пользователей'], length=3)\n\ntests/test_profile.py:247: \n_ _ _ _ _ _ _ _ _ _ _ _ _ _ _ _ _ _ _ _ _ _ _ _ _ _ _ _ _ _ _ _ _ _ _ _ _ _ _ _ \n\nself = <base.base_assertion.Assertion object at 0x7f9720b47bc0>\nby_locator = ('xpath', '//div[contains(@class,\"user-block_container\")]')\nlength = 3\n\n    def length_elements(self, by_locator: tuple, length=0) -> len:\n        \"\"\"\n        Получение длины списка элементов на странице, ожидая, что их > 0\n    \n        :param length:\n        минимальное ожидаемое количество элементов, по умолчанию 0\n            количество элементов\n    \n        :param by_locator:\n            локатор списка элементов\n    \n        :return:\n            длина списка\n        \"\"\"\n>       assert len(self.find_elements(by_locator)) >= length, (\n            f'Ожидалось элементов >= {length}, отображается {len(self.find_elements(by_locator))} элементов')\nE       AssertionError: Ожидалось элементов >= 3, отображается 1 элементов\n\nbase/base_assertion.py:144: AssertionError","steps":[{"name":"Нажать на кнопку профиль","time":{"start":1737842911424,"stop":1737842913015,"duration":1591},"status":"passed","steps":[],"attachments":[],"parameters":[],"shouldDisplayMessage":false,"attachmentsCount":0,"attachmentStep":false,"stepsCount":0,"hasContent":false},{"name":"Нажать на Подписки","time":{"start":1737842913015,"stop":1737842914068,"duration":1053},"status":"passed","steps":[],"attachments":[],"parameters":[],"shouldDisplayMessage":false,"attachmentsCount":0,"attachmentStep":false,"stepsCount":0,"hasContent":false},{"name":"Проверить, что список подписок >= 3","time":{"start":1737842914068,"stop":1737842915593,"duration":1525},"status":"failed","statusMessage":"AssertionError: Ожидалось элементов >= 3, отображается 1 элементов\n","statusTrace":"  File \"/usr/workspace/tests/test_profile.py\", line 247, in test_opportunities_to_see_the_list_of_your_subscriptions\n    self.assertion.length_elements(element['Список пользователей'], length=3)\n  File \"/usr/workspace/base/base_assertion.py\", line 144, in length_elements\n    assert len(self.find_elements(by_locator)) >= length, (\n","steps":[],"attachments":[],"parameters":[],"shouldDisplayMessage":true,"attachmentsCount":0,"attachmentStep":false,"stepsCount":0,"hasContent":true}],"attachments":[],"parameters":[],"shouldDisplayMessage":true,"attachmentsCount":0,"attachmentStep":false,"stepsCount":3,"hasContent":true},"afterStages":[{"name":"driver::0","time":{"start":1737842915601,"stop":1737842915792,"duration":191},"status":"passed","steps":[],"attachments":[{"uid":"503c8020cde018c","name":"page_source","source":"503c8020cde018c.html","type":"text/html","size":15332},{"uid":"afa3be21e571785f","name":"screenshot","source":"afa3be21e571785f.png","type":"image/png","size":24496},{"uid":"19b0220bbb155991","name":"browser_logs","source":"19b0220bbb155991.txt","type":"text/plain","size":18956}],"parameters":[],"shouldDisplayMessage":false,"attachmentsCount":3,"attachmentStep":false,"stepsCount":0,"hasContent":true}],"labels":[{"name":"feature","value":"Профиль пользователя"},{"name":"severity","value":"Critical"},{"name":"tag","value":"regression"},{"name":"tag","value":"profile"},{"name":"parentSuite","value":"tests"},{"name":"suite","value":"test_profile"},{"name":"subSuite","value":"TestProfile"},{"name":"host","value":"7eeac2dca580"},{"name":"thread","value":"1-MainThread"},{"name":"framework","value":"pytest"},{"name":"language","value":"cpython3"},{"name":"package","value":"tests.test_profile"},{"name":"resultFormat","value":"allure2"}],"parameters":[],"links":[],"hidden":false,"retry":false,"extra":{"severity":"critical","retries":[],"categories":[{"name":"Product defects","matchedStatuses":[],"flaky":false}],"history":{"statistic":{"failed":8,"broken":5,"skipped":0,"passed":18,"unknown":0,"total":31},"items":[{"uid":"2ae717c76d1bd351","status":"failed","statusDetails":"AssertionError: Ожидалось элементов >= 3, отображается 1 элементов","time":{"start":1737832559921,"stop":1737832564114,"duration":4193}},{"uid":"d48dec79abb693b3","status":"failed","statusDetails":"AssertionError: Ожидалось элементов >= 3, отображается 1 элементов","time":{"start":1737799923798,"stop":1737799927978,"duration":4180}},{"uid":"c560b122f7675601","status":"failed","statusDetails":"AssertionError: Ожидалось элементов >= 3, отображается 1 элементов","time":{"start":1737758158942,"stop":1737758163122,"duration":4180}},{"uid":"44b765c18b30727f","status":"failed","statusDetails":"AssertionError: Ожидалось элементов >= 3, отображается 1 элементов","time":{"start":1737745148778,"stop":1737745152955,"duration":4177}},{"uid":"2fc6714d184cf0ce","status":"failed","statusDetails":"AssertionError: Ожидалось элементов >= 3, отображается 1 элементов","time":{"start":1737653057479,"stop":1737653061655,"duration":4176}},{"uid":"2c3bd42a814f980f","status":"failed","statusDetails":"AssertionError: Ожидалось элементов >= 3, отображается 1 элементов","time":{"start":1737570724494,"stop":1737570728135,"duration":3641}},{"uid":"d995742b3608ca80","status":"broken","statusDetails":"selenium.common.exceptions.WebDriverException: Message: unknown error: Chrome failed to start: exited abnormally.\n  (unknown error: DevToolsActivePort file doesn't exist)\n  (The process started from chrome location /usr/bin/chromium-browser is no longer running, so ChromeDriver is assuming that Chrome has crashed.)","time":{"start":1737568969275,"stop":1737568969275,"duration":0}},{"uid":"9ede94c12f0ec71b","status":"passed","time":{"start":1734034954378,"stop":1734034958620,"duration":4242}},{"uid":"9e46034603dbca60","status":"passed","time":{"start":1733937773816,"stop":1733937776464,"duration":2648}},{"uid":"3dd4a06cf32d05a2","status":"broken","statusDetails":"selenium.common.exceptions.TimeoutException: Message: Не найден элемент с локатором ('xpath', '//button[@data-testing=\"after_register_dialog__btn_choose_later\"]')","time":{"start":1733866255092,"stop":1733866255092,"duration":0}},{"uid":"613775c876c80740","status":"broken","statusDetails":"selenium.common.exceptions.TimeoutException: Message: Не найден элемент с локатором ('xpath', '//button[@data-testing=\"after_register_dialog__btn_choose_later\"]')","time":{"start":1733860715544,"stop":1733860715544,"duration":0}},{"uid":"408a5b5010e13a80","status":"passed","time":{"start":1733857288092,"stop":1733857290753,"duration":2661}},{"uid":"6097c83f8d9f6a16","status":"passed","time":{"start":1733772216532,"stop":1733772219474,"duration":2942}},{"uid":"183116232685050b","status":"passed","time":{"start":1733766690935,"stop":1733766693651,"duration":2716}},{"uid":"89b458d7e2753a80","status":"failed","statusDetails":"AssertionError: Ожидалось элементов >= 3, отображается 2 элементов","time":{"start":1733422268709,"stop":1733422271364,"duration":2655}},{"uid":"c9501d1151fc6a11","status":"passed","time":{"start":1726780620303,"stop":1726780622963,"duration":2660}},{"uid":"532480803f84090f","status":"broken","statusDetails":"selenium.common.exceptions.TimeoutException: Message:","time":{"start":1726777371810,"stop":1726777381979,"duration":10169}},{"uid":"9b7703988b848c45","status":"passed","time":{"start":1724099120049,"stop":1724099122722,"duration":2673}},{"uid":"ff8d6fdd37565187","status":"passed","time":{"start":1723829420767,"stop":1723829423405,"duration":2638}},{"uid":"7de27adeed5fd22a","status":"passed","time":{"start":1723751610423,"stop":1723751613057,"duration":2634}}]},"tags":["regression","profile"]},"source":"ca8f39f960e7a2f6.json","parameterValues":[]}