{"uid":"cc99d5252c76f746","name":"Авторизация пользователя без логина и пароля","fullName":"tests.test_autorization.TestAuthUser#test_auth_no_username_and_no_password","historyId":"a668ff8e6001a8742b8c24318bb99490","time":{"start":1719386157152,"stop":1719386173385,"duration":16233},"description":"При проверке используются не вводятся данные","descriptionHtml":"<p>При проверке используются не вводятся данные</p>\n","status":"broken","statusMessage":"selenium.common.exceptions.TimeoutException: Message: Не найден элемент с локатором ('xpath', '//label[@class=\"text-field_validation-message__nizJJ\"][contains(.,\"Введи e-mail, никнейм или номер телефона, указанные при регистрации\")]')","statusTrace":"self = <test_autorization.TestAuthUser object at 0x7f24e2b627e0>\n\n    @allure.title('Авторизация пользователя без логина и пароля')\n    @allure.description('При проверке используются не вводятся данные')\n    @allure.severity('Critical')\n    @pytest.mark.smoke\n    def test_auth_no_username_and_no_password(self):\n        with allure.step('Открыть страницу логина'):\n            self.login_page.open()\n    \n        with allure.step('Нажать кнопку \"Войти\"'):\n            self.login_page.button_signin_click()\n    \n        with allure.step('Под полем Никнейм, email или номер телефона отображается текст валидации '\n                         '\"Введи e-mail, никнейм или номер телефона, указанные при регистрации\"'):\n>           self.login_page.field_username_validation_message('Введи e-mail, никнейм или номер телефона, '\n                                                              'указанные при регистрации')\n\ntests/test_autorization.py:82: \n_ _ _ _ _ _ _ _ _ _ _ _ _ _ _ _ _ _ _ _ _ _ _ _ _ _ _ _ _ _ _ _ _ _ _ _ _ _ _ _ \nmodel/pages/login_page.py:17: in field_username_validation_message\n    text_ = self.find_element(LoginPageLocators.VALIDATION_MESSAGE_USERNAME_FIELD).text\nbase/base_page.py:48: in find_element\n    return self.wait.until(EC.visibility_of_element_located(locator),\n_ _ _ _ _ _ _ _ _ _ _ _ _ _ _ _ _ _ _ _ _ _ _ _ _ _ _ _ _ _ _ _ _ _ _ _ _ _ _ _ \n\nself = <selenium.webdriver.support.wait.WebDriverWait (session=\"f7904b39f40f7fbf4414c8d7e221ed33\")>\nmethod = <function visibility_of_element_located.<locals>._predicate at 0x7f24df5605e0>\nmessage = 'Не найден элемент с локатором (\\'xpath\\', \\'//label[@class=\"text-field_validation-message__nizJJ\"][contains(.,\"Введи e-mail, никнейм или номер телефона, указанные при регистрации\")]\\')'\n\n    def until(self, method: Callable[[D], Union[Literal[False], T]], message: str = \"\") -> T:\n        \"\"\"Calls the method provided with the driver as an argument until the \\\n        return value does not evaluate to ``False``.\n    \n        :param method: callable(WebDriver)\n        :param message: optional message for :exc:`TimeoutException`\n        :returns: the result of the last call to `method`\n        :raises: :exc:`selenium.common.exceptions.TimeoutException` if timeout occurs\n        \"\"\"\n        screen = None\n        stacktrace = None\n    \n        end_time = time.monotonic() + self._timeout\n        while True:\n            try:\n                value = method(self._driver)\n                if value:\n                    return value\n            except self._ignored_exceptions as exc:\n                screen = getattr(exc, \"screen\", None)\n                stacktrace = getattr(exc, \"stacktrace\", None)\n            time.sleep(self._poll)\n            if time.monotonic() > end_time:\n                break\n>       raise TimeoutException(message, screen, stacktrace)\nE       selenium.common.exceptions.TimeoutException: Message: Не найден элемент с локатором ('xpath', '//label[@class=\"text-field_validation-message__nizJJ\"][contains(.,\"Введи e-mail, никнейм или номер телефона, указанные при регистрации\")]')\n\n../local/lib/python3.12/site-packages/selenium/webdriver/support/wait.py:105: TimeoutException","flaky":false,"newFailed":false,"newBroken":true,"newPassed":false,"retriesCount":0,"retriesStatusChange":false,"beforeStages":[{"name":"_session_faker","time":{"start":1719386126731,"stop":1719386126753,"duration":22},"status":"passed","steps":[],"attachments":[],"parameters":[],"shouldDisplayMessage":false,"attachmentsCount":0,"stepsCount":0,"hasContent":false,"attachmentStep":false},{"name":"driver","time":{"start":1719386156814,"stop":1719386157151,"duration":337},"status":"passed","steps":[],"attachments":[],"parameters":[],"shouldDisplayMessage":false,"attachmentsCount":0,"stepsCount":0,"hasContent":false,"attachmentStep":false},{"name":"setup","time":{"start":1719386157151,"stop":1719386157152,"duration":1},"status":"passed","steps":[],"attachments":[],"parameters":[],"shouldDisplayMessage":false,"attachmentsCount":0,"stepsCount":0,"hasContent":false,"attachmentStep":false}],"testStage":{"description":"При проверке используются не вводятся данные","status":"broken","statusMessage":"selenium.common.exceptions.TimeoutException: Message: Не найден элемент с локатором ('xpath', '//label[@class=\"text-field_validation-message__nizJJ\"][contains(.,\"Введи e-mail, никнейм или номер телефона, указанные при регистрации\")]')","statusTrace":"self = <test_autorization.TestAuthUser object at 0x7f24e2b627e0>\n\n    @allure.title('Авторизация пользователя без логина и пароля')\n    @allure.description('При проверке используются не вводятся данные')\n    @allure.severity('Critical')\n    @pytest.mark.smoke\n    def test_auth_no_username_and_no_password(self):\n        with allure.step('Открыть страницу логина'):\n            self.login_page.open()\n    \n        with allure.step('Нажать кнопку \"Войти\"'):\n            self.login_page.button_signin_click()\n    \n        with allure.step('Под полем Никнейм, email или номер телефона отображается текст валидации '\n                         '\"Введи e-mail, никнейм или номер телефона, указанные при регистрации\"'):\n>           self.login_page.field_username_validation_message('Введи e-mail, никнейм или номер телефона, '\n                                                              'указанные при регистрации')\n\ntests/test_autorization.py:82: \n_ _ _ _ _ _ _ _ _ _ _ _ _ _ _ _ _ _ _ _ _ _ _ _ _ _ _ _ _ _ _ _ _ _ _ _ _ _ _ _ \nmodel/pages/login_page.py:17: in field_username_validation_message\n    text_ = self.find_element(LoginPageLocators.VALIDATION_MESSAGE_USERNAME_FIELD).text\nbase/base_page.py:48: in find_element\n    return self.wait.until(EC.visibility_of_element_located(locator),\n_ _ _ _ _ _ _ _ _ _ _ _ _ _ _ _ _ _ _ _ _ _ _ _ _ _ _ _ _ _ _ _ _ _ _ _ _ _ _ _ \n\nself = <selenium.webdriver.support.wait.WebDriverWait (session=\"f7904b39f40f7fbf4414c8d7e221ed33\")>\nmethod = <function visibility_of_element_located.<locals>._predicate at 0x7f24df5605e0>\nmessage = 'Не найден элемент с локатором (\\'xpath\\', \\'//label[@class=\"text-field_validation-message__nizJJ\"][contains(.,\"Введи e-mail, никнейм или номер телефона, указанные при регистрации\")]\\')'\n\n    def until(self, method: Callable[[D], Union[Literal[False], T]], message: str = \"\") -> T:\n        \"\"\"Calls the method provided with the driver as an argument until the \\\n        return value does not evaluate to ``False``.\n    \n        :param method: callable(WebDriver)\n        :param message: optional message for :exc:`TimeoutException`\n        :returns: the result of the last call to `method`\n        :raises: :exc:`selenium.common.exceptions.TimeoutException` if timeout occurs\n        \"\"\"\n        screen = None\n        stacktrace = None\n    \n        end_time = time.monotonic() + self._timeout\n        while True:\n            try:\n                value = method(self._driver)\n                if value:\n                    return value\n            except self._ignored_exceptions as exc:\n                screen = getattr(exc, \"screen\", None)\n                stacktrace = getattr(exc, \"stacktrace\", None)\n            time.sleep(self._poll)\n            if time.monotonic() > end_time:\n                break\n>       raise TimeoutException(message, screen, stacktrace)\nE       selenium.common.exceptions.TimeoutException: Message: Не найден элемент с локатором ('xpath', '//label[@class=\"text-field_validation-message__nizJJ\"][contains(.,\"Введи e-mail, никнейм или номер телефона, указанные при регистрации\")]')\n\n../local/lib/python3.12/site-packages/selenium/webdriver/support/wait.py:105: TimeoutException","steps":[{"name":"Открыть страницу логина","time":{"start":1719386157152,"stop":1719386162786,"duration":5634},"status":"passed","steps":[],"attachments":[],"parameters":[],"shouldDisplayMessage":false,"attachmentsCount":0,"stepsCount":0,"hasContent":false,"attachmentStep":false},{"name":"Нажать кнопку \"Войти\"","time":{"start":1719386162786,"stop":1719386162839,"duration":53},"status":"passed","steps":[],"attachments":[],"parameters":[],"shouldDisplayMessage":false,"attachmentsCount":0,"stepsCount":0,"hasContent":false,"attachmentStep":false},{"name":"Под полем Никнейм, email или номер телефона отображается текст валидации \"Введи e-mail, никнейм или номер телефона, указанные при регистрации\"","time":{"start":1719386162839,"stop":1719386173385,"duration":10546},"status":"broken","statusMessage":"selenium.common.exceptions.TimeoutException: Message: Не найден элемент с локатором ('xpath', '//label[@class=\"text-field_validation-message__nizJJ\"][contains(.,\"Введи e-mail, никнейм или номер телефона, указанные при регистрации\")]')\n\n","statusTrace":"  File \"/usr/workspace/tests/test_autorization.py\", line 82, in test_auth_no_username_and_no_password\n    self.login_page.field_username_validation_message('Введи e-mail, никнейм или номер телефона, '\n  File \"/usr/workspace/model/pages/login_page.py\", line 17, in field_username_validation_message\n    text_ = self.find_element(LoginPageLocators.VALIDATION_MESSAGE_USERNAME_FIELD).text\n            ^^^^^^^^^^^^^^^^^^^^^^^^^^^^^^^^^^^^^^^^^^^^^^^^^^^^^^^^^^^^^^^^^^^^^^\n  File \"/usr/workspace/base/base_page.py\", line 48, in find_element\n    return self.wait.until(EC.visibility_of_element_located(locator),\n           ^^^^^^^^^^^^^^^^^^^^^^^^^^^^^^^^^^^^^^^^^^^^^^^^^^^^^^^^^^\n  File \"/usr/local/lib/python3.12/site-packages/selenium/webdriver/support/wait.py\", line 105, in until\n    raise TimeoutException(message, screen, stacktrace)\n","steps":[],"attachments":[],"parameters":[],"shouldDisplayMessage":true,"attachmentsCount":0,"stepsCount":0,"hasContent":true,"attachmentStep":false}],"attachments":[],"parameters":[],"shouldDisplayMessage":true,"attachmentsCount":0,"stepsCount":3,"hasContent":true,"attachmentStep":false},"afterStages":[{"name":"driver::0","time":{"start":1719386173392,"stop":1719386173579,"duration":187},"status":"passed","steps":[],"attachments":[{"uid":"33ec73f6c68d53b1","name":"page_source","source":"33ec73f6c68d53b1.html","type":"text/html","size":19553},{"uid":"486589e47f6ab87f","name":"screenshot","source":"486589e47f6ab87f.png","type":"image/png","size":28609},{"uid":"43abebcead27b5a5","name":"browser_logs","source":"43abebcead27b5a5.txt","type":"text/plain","size":1219}],"parameters":[],"shouldDisplayMessage":false,"attachmentsCount":3,"stepsCount":0,"hasContent":true,"attachmentStep":false}],"labels":[{"name":"severity","value":"Critical"},{"name":"feature","value":"Авторизация пользователя"},{"name":"tag","value":"smoke"},{"name":"parentSuite","value":"tests"},{"name":"suite","value":"test_autorization"},{"name":"subSuite","value":"TestAuthUser"},{"name":"host","value":"9bc259964cd0"},{"name":"thread","value":"1-MainThread"},{"name":"framework","value":"pytest"},{"name":"language","value":"cpython3"},{"name":"package","value":"tests.test_autorization"},{"name":"resultFormat","value":"allure2"}],"parameters":[],"links":[],"hidden":false,"retry":false,"extra":{"severity":"critical","retries":[],"categories":[{"name":"Test defects","matchedStatuses":[],"flaky":false}],"history":{"statistic":{"failed":0,"broken":1,"skipped":0,"passed":6,"unknown":0,"total":7},"items":[{"uid":"86e3f8555850c267","status":"passed","time":{"start":1718084611746,"stop":1718084616329,"duration":4583}},{"uid":"ecf8f9a674cf355a","status":"passed","time":{"start":1716192818782,"stop":1716192823772,"duration":4990}},{"uid":"e199b93af0bb88c2","status":"passed","time":{"start":1716071168512,"stop":1716071173562,"duration":5050}},{"uid":"4585f62d75a1e0d1","status":"passed","time":{"start":1716070763838,"stop":1716070768794,"duration":4956}},{"uid":"41b5be6906941423","status":"passed","time":{"start":1716067967960,"stop":1716067972979,"duration":5019}},{"uid":"2b46e0b2d37c702d","status":"passed","time":{"start":1716067166419,"stop":1716067172278,"duration":5859}}]},"tags":["smoke"]},"source":"cc99d5252c76f746.json","parameterValues":[]}