{"uid":"d00c00c94563bb66","name":"Проверить, есть возможность разблокировать пользователя","fullName":"tests.test_another_users_page.TestAnotherUsersPage#test_it_is_possible_to_unblock_the_user","historyId":"205c3e9edc39ac451c1a64efaf3b3f00","time":{"start":1737569771113,"stop":1737569804231,"duration":33118},"description":"Тест проводится на Aleska","descriptionHtml":"<p>Тест проводится на Aleska</p>\n","status":"broken","statusMessage":"selenium.common.exceptions.TimeoutException: Message: Не найден элемент с локатором ('xpath', '//div[contains(@class,\"user-in-blocklist-description_container\")]')","statusTrace":"self = <test_another_users_page.TestAnotherUsersPage object at 0x7fc3f1395fd0>\nelements = {'Банк ачивок': {'Блок ачивок': ('xpath', '//div[contains(@class,\"user-achievement-by-interests_container\")]'), 'Модал...-sheet_icons\")]'), 'Название ачивки': ('xpath', '//div[contains(@class,\"achievement-item-bottom-sheet_title\")]')}, ...}\nlogin_to_app = None\n\n    @allure.title('Проверить, есть возможность разблокировать пользователя')\n    @allure.description('Тест проводится на Aleska')\n    @allure.severity('Critical')\n    @pytest.mark.regression\n    def test_it_is_possible_to_unblock_the_user(self, elements, login_to_app):\n        with allure.step('Заблокировать пользователя \"Vika.\"'):\n>           self.another_user_page.blocking_user_for_username('Vika.')\n\ntests/test_another_users_page.py:201: \n_ _ _ _ _ _ _ _ _ _ _ _ _ _ _ _ _ _ _ _ _ _ _ _ _ _ _ _ _ _ _ _ _ _ _ _ _ _ _ _ \nmodel/pages/another_user_page.py:31: in blocking_user_for_username\n    self.assertion.is_elem_displayed(config.locators.AnotherUserPageLocators.locators['Пользователь заблокирован'])\nbase/base_assertion.py:64: in is_elem_displayed\n    assert self.find_element(by_locator).is_displayed()\nbase/base_page.py:138: in find_element\n    return self.wait.until(EC.visibility_of_element_located(locator),\n_ _ _ _ _ _ _ _ _ _ _ _ _ _ _ _ _ _ _ _ _ _ _ _ _ _ _ _ _ _ _ _ _ _ _ _ _ _ _ _ \n\nself = <selenium.webdriver.support.wait.WebDriverWait (session=\"5b15f9d41ea8e70607d870a35fdf5c08\")>\nmethod = <function visibility_of_element_located.<locals>._predicate at 0x7fc3f1028ae0>\nmessage = 'Не найден элемент с локатором (\\'xpath\\', \\'//div[contains(@class,\"user-in-blocklist-description_container\")]\\')'\n\n    def until(self, method: Callable[[D], Union[Literal[False], T]], message: str = \"\") -> T:\n        \"\"\"Calls the method provided with the driver as an argument until the \\\n        return value does not evaluate to ``False``.\n    \n        :param method: callable(WebDriver)\n        :param message: optional message for :exc:`TimeoutException`\n        :returns: the result of the last call to `method`\n        :raises: :exc:`selenium.common.exceptions.TimeoutException` if timeout occurs\n        \"\"\"\n        screen = None\n        stacktrace = None\n    \n        end_time = time.monotonic() + self._timeout\n        while True:\n            try:\n                value = method(self._driver)\n                if value:\n                    return value\n            except self._ignored_exceptions as exc:\n                screen = getattr(exc, \"screen\", None)\n                stacktrace = getattr(exc, \"stacktrace\", None)\n            if time.monotonic() > end_time:\n                break\n            time.sleep(self._poll)\n>       raise TimeoutException(message, screen, stacktrace)\nE       selenium.common.exceptions.TimeoutException: Message: Не найден элемент с локатором ('xpath', '//div[contains(@class,\"user-in-blocklist-description_container\")]')\n\n../local/lib/python3.12/site-packages/selenium/webdriver/support/wait.py:105: TimeoutException","flaky":false,"newFailed":false,"newBroken":false,"newPassed":false,"retriesCount":0,"retriesStatusChange":false,"beforeStages":[{"name":"_session_faker","time":{"start":1737569139111,"stop":1737569139113,"duration":2},"status":"passed","steps":[],"attachments":[],"parameters":[],"shouldDisplayMessage":false,"attachmentsCount":0,"stepsCount":0,"hasContent":false,"attachmentStep":false},{"name":"driver","time":{"start":1737569762570,"stop":1737569763058,"duration":488},"status":"passed","steps":[],"attachments":[],"parameters":[],"shouldDisplayMessage":false,"attachmentsCount":0,"stepsCount":0,"hasContent":false,"attachmentStep":false},{"name":"Инициализация локаторов","time":{"start":1737569763059,"stop":1737569763059,"duration":0},"status":"passed","steps":[{"name":"Инициализация локаторов","time":{"start":1737569763059,"stop":1737569763059,"duration":0},"status":"passed","steps":[],"attachments":[],"parameters":[{"name":"request","value":"<SubRequest 'elements' for <Function test_it_is_possible_to_unblock_the_user>>"}],"shouldDisplayMessage":false,"attachmentsCount":0,"stepsCount":0,"hasContent":true,"attachmentStep":false}],"attachments":[],"parameters":[],"shouldDisplayMessage":false,"attachmentsCount":0,"stepsCount":1,"hasContent":true,"attachmentStep":false},{"name":"setup","time":{"start":1737569763059,"stop":1737569763059,"duration":0},"status":"passed","steps":[],"attachments":[],"parameters":[],"shouldDisplayMessage":false,"attachmentsCount":0,"stepsCount":0,"hasContent":false,"attachmentStep":false},{"name":"Авторизация пользователя в системе","time":{"start":1737569763059,"stop":1737569771113,"duration":8054},"status":"passed","steps":[{"name":"Авторизация пользователя в системе","time":{"start":1737569763059,"stop":1737569771113,"duration":8054},"status":"passed","steps":[],"attachments":[],"parameters":[{"name":"request","value":"<SubRequest 'login_to_app' for <Function test_it_is_possible_to_unblock_the_user>>"},{"name":"driver","value":"<selenium.webdriver.chrome.webdriver.WebDriver (session=\"5b15f9d41ea8e70607d870a35fdf5c08\")>"}],"shouldDisplayMessage":false,"attachmentsCount":0,"stepsCount":0,"hasContent":true,"attachmentStep":false}],"attachments":[],"parameters":[],"shouldDisplayMessage":false,"attachmentsCount":0,"stepsCount":1,"hasContent":true,"attachmentStep":false}],"testStage":{"description":"Тест проводится на Aleska","status":"broken","statusMessage":"selenium.common.exceptions.TimeoutException: Message: Не найден элемент с локатором ('xpath', '//div[contains(@class,\"user-in-blocklist-description_container\")]')","statusTrace":"self = <test_another_users_page.TestAnotherUsersPage object at 0x7fc3f1395fd0>\nelements = {'Банк ачивок': {'Блок ачивок': ('xpath', '//div[contains(@class,\"user-achievement-by-interests_container\")]'), 'Модал...-sheet_icons\")]'), 'Название ачивки': ('xpath', '//div[contains(@class,\"achievement-item-bottom-sheet_title\")]')}, ...}\nlogin_to_app = None\n\n    @allure.title('Проверить, есть возможность разблокировать пользователя')\n    @allure.description('Тест проводится на Aleska')\n    @allure.severity('Critical')\n    @pytest.mark.regression\n    def test_it_is_possible_to_unblock_the_user(self, elements, login_to_app):\n        with allure.step('Заблокировать пользователя \"Vika.\"'):\n>           self.another_user_page.blocking_user_for_username('Vika.')\n\ntests/test_another_users_page.py:201: \n_ _ _ _ _ _ _ _ _ _ _ _ _ _ _ _ _ _ _ _ _ _ _ _ _ _ _ _ _ _ _ _ _ _ _ _ _ _ _ _ \nmodel/pages/another_user_page.py:31: in blocking_user_for_username\n    self.assertion.is_elem_displayed(config.locators.AnotherUserPageLocators.locators['Пользователь заблокирован'])\nbase/base_assertion.py:64: in is_elem_displayed\n    assert self.find_element(by_locator).is_displayed()\nbase/base_page.py:138: in find_element\n    return self.wait.until(EC.visibility_of_element_located(locator),\n_ _ _ _ _ _ _ _ _ _ _ _ _ _ _ _ _ _ _ _ _ _ _ _ _ _ _ _ _ _ _ _ _ _ _ _ _ _ _ _ \n\nself = <selenium.webdriver.support.wait.WebDriverWait (session=\"5b15f9d41ea8e70607d870a35fdf5c08\")>\nmethod = <function visibility_of_element_located.<locals>._predicate at 0x7fc3f1028ae0>\nmessage = 'Не найден элемент с локатором (\\'xpath\\', \\'//div[contains(@class,\"user-in-blocklist-description_container\")]\\')'\n\n    def until(self, method: Callable[[D], Union[Literal[False], T]], message: str = \"\") -> T:\n        \"\"\"Calls the method provided with the driver as an argument until the \\\n        return value does not evaluate to ``False``.\n    \n        :param method: callable(WebDriver)\n        :param message: optional message for :exc:`TimeoutException`\n        :returns: the result of the last call to `method`\n        :raises: :exc:`selenium.common.exceptions.TimeoutException` if timeout occurs\n        \"\"\"\n        screen = None\n        stacktrace = None\n    \n        end_time = time.monotonic() + self._timeout\n        while True:\n            try:\n                value = method(self._driver)\n                if value:\n                    return value\n            except self._ignored_exceptions as exc:\n                screen = getattr(exc, \"screen\", None)\n                stacktrace = getattr(exc, \"stacktrace\", None)\n            if time.monotonic() > end_time:\n                break\n            time.sleep(self._poll)\n>       raise TimeoutException(message, screen, stacktrace)\nE       selenium.common.exceptions.TimeoutException: Message: Не найден элемент с локатором ('xpath', '//div[contains(@class,\"user-in-blocklist-description_container\")]')\n\n../local/lib/python3.12/site-packages/selenium/webdriver/support/wait.py:105: TimeoutException","steps":[{"name":"Заблокировать пользователя \"Vika.\"","time":{"start":1737569771113,"stop":1737569804230,"duration":33117},"status":"broken","statusMessage":"selenium.common.exceptions.TimeoutException: Message: Не найден элемент с локатором ('xpath', '//div[contains(@class,\"user-in-blocklist-description_container\")]')\n\n","statusTrace":"  File \"/usr/workspace/tests/test_another_users_page.py\", line 201, in test_it_is_possible_to_unblock_the_user\n    self.another_user_page.blocking_user_for_username('Vika.')\n  File \"/usr/workspace/model/pages/another_user_page.py\", line 31, in blocking_user_for_username\n    self.assertion.is_elem_displayed(config.locators.AnotherUserPageLocators.locators['Пользователь заблокирован'])\n  File \"/usr/workspace/base/base_assertion.py\", line 64, in is_elem_displayed\n    assert self.find_element(by_locator).is_displayed()\n           ^^^^^^^^^^^^^^^^^^^^^^^^^^^^^\n  File \"/usr/workspace/base/base_page.py\", line 138, in find_element\n    return self.wait.until(EC.visibility_of_element_located(locator),\n           ^^^^^^^^^^^^^^^^^^^^^^^^^^^^^^^^^^^^^^^^^^^^^^^^^^^^^^^^^^\n  File \"/usr/local/lib/python3.12/site-packages/selenium/webdriver/support/wait.py\", line 105, in until\n    raise TimeoutException(message, screen, stacktrace)\n","steps":[],"attachments":[],"parameters":[],"shouldDisplayMessage":true,"attachmentsCount":0,"stepsCount":0,"hasContent":true,"attachmentStep":false}],"attachments":[],"parameters":[],"shouldDisplayMessage":true,"attachmentsCount":0,"stepsCount":1,"hasContent":true,"attachmentStep":false},"afterStages":[{"name":"driver::0","time":{"start":1737569804245,"stop":1737569804441,"duration":196},"status":"passed","steps":[],"attachments":[{"uid":"606a615d1fa6274d","name":"page_source","source":"606a615d1fa6274d.html","type":"text/html","size":93530},{"uid":"f238ce8341f05e97","name":"screenshot","source":"f238ce8341f05e97.png","type":"image/png","size":48931},{"uid":"5db70bccc9388edb","name":"browser_logs","source":"5db70bccc9388edb.txt","type":"text/plain","size":44927}],"parameters":[],"shouldDisplayMessage":false,"attachmentsCount":3,"stepsCount":0,"hasContent":true,"attachmentStep":false}],"labels":[{"name":"severity","value":"Critical"},{"name":"feature","value":"Профиль другого пользователя"},{"name":"tag","value":"regression"},{"name":"tag","value":"another_users_page"},{"name":"parentSuite","value":"tests"},{"name":"suite","value":"test_another_users_page"},{"name":"subSuite","value":"TestAnotherUsersPage"},{"name":"host","value":"5230432a8515"},{"name":"thread","value":"1-MainThread"},{"name":"framework","value":"pytest"},{"name":"language","value":"cpython3"},{"name":"package","value":"tests.test_another_users_page"},{"name":"resultFormat","value":"allure2"}],"parameters":[],"links":[],"hidden":false,"retry":false,"extra":{"severity":"critical","retries":[],"categories":[{"name":"Test defects","matchedStatuses":[],"flaky":false}],"history":{"statistic":{"failed":0,"broken":6,"skipped":0,"passed":10,"unknown":0,"total":16},"items":[{"uid":"8ac83ac2a1d87e8f","status":"broken","statusDetails":"selenium.common.exceptions.WebDriverException: Message: unknown error: Chrome failed to start: exited abnormally.\n  (unknown error: DevToolsActivePort file doesn't exist)\n  (The process started from chrome location /usr/bin/chromium-browser is no longer running, so ChromeDriver is assuming that Chrome has crashed.)","time":{"start":1737568958969,"stop":1737568958969,"duration":0}},{"uid":"ed734f1fb74a9b43","status":"passed","time":{"start":1734034201788,"stop":1734034207135,"duration":5347}},{"uid":"e343a536af1b3a13","status":"passed","time":{"start":1733936846531,"stop":1733936851857,"duration":5326}},{"uid":"54223729a03b5149","status":"broken","statusDetails":"selenium.common.exceptions.TimeoutException: Message: Не найден элемент с локатором ('xpath', '//button[@data-testing=\"after_register_dialog__btn_choose_later\"]')","time":{"start":1733865184880,"stop":1733865184880,"duration":0}},{"uid":"65c5eb04d63da0d5","status":"passed","time":{"start":1733859783948,"stop":1733859788783,"duration":4835}},{"uid":"3f3a2b4d1b0946c1","status":"passed","time":{"start":1733856468082,"stop":1733856473464,"duration":5382}},{"uid":"3ad47a0c8422f58d","status":"broken","statusDetails":"selenium.common.exceptions.TimeoutException: Message: Не найден элемент с локатором ('xpath', '//button[@data-testing=\"after_register_dialog__btn_choose_later\"]')","time":{"start":1733771277830,"stop":1733771277830,"duration":0}},{"uid":"6afd4ef31def44a6","status":"broken","statusDetails":"selenium.common.exceptions.TimeoutException: Message: Не найден элемент с локатором ('xpath', '//div[@class = \"user-project-list_grid__-rXf1\"]//div[@class = \"user-project-list_item__Q1mmt\"]')","time":{"start":1733765606299,"stop":1733765641747,"duration":35448}},{"uid":"796ac59322d6a785","status":"broken","statusDetails":"selenium.common.exceptions.TimeoutException: Message: Не найден элемент с локатором ('xpath', '//div[@class = \"user-project-list_grid__-rXf1\"]//div[@class = \"user-project-list_item__Q1mmt\"]')","time":{"start":1733421379682,"stop":1733421433458,"duration":53776}},{"uid":"be35903a916279ae","status":"passed","time":{"start":1726780008137,"stop":1726780016298,"duration":8161}},{"uid":"6a4dfdcad611db81","status":"passed","time":{"start":1726776677747,"stop":1726776702296,"duration":24549}},{"uid":"c4f1007eccd9035","status":"passed","time":{"start":1724098352994,"stop":1724098358968,"duration":5974}},{"uid":"55cee38e8c9e39c","status":"passed","time":{"start":1723828488681,"stop":1723828493512,"duration":4831}},{"uid":"7aafd5ec116da8a6","status":"passed","time":{"start":1723750903780,"stop":1723750914534,"duration":10754}},{"uid":"86e470bc035d6605","status":"passed","time":{"start":1723664133820,"stop":1723664139261,"duration":5441}}]},"tags":["regression","another_users_page"]},"source":"d00c00c94563bb66.json","parameterValues":[]}