{"uid":"d04937a878591117","name":"Проверка возможности просмотреть все свои проекты в профиле","fullName":"tests.test_profile.TestProfile#test_open_user_profile","historyId":"cb3a9a33dfaeeaf73af18c868aa1fa39","time":{"start":1738865302711,"stop":1738865302711,"duration":0},"description":"Проверяется, что при открытие профиля в нем отображаются проекты в количестве > 0","descriptionHtml":"<p>Проверяется, что при открытие профиля в нем отображаются проекты в количестве &gt; 0</p>\n","status":"broken","statusMessage":"KeyError: 'access_token'","statusTrace":"request = <SubRequest 'login_to_app' for <Function test_open_user_profile>>\ndriver = <selenium.webdriver.chrome.webdriver.WebDriver (session=\"24a74b9c3e4629d7aac6b877714b7f8d\")>\n\n    @pytest.fixture(scope='function')\n    @allure.title('Авторизация пользователя в системе')\n    @allure.step('Авторизация пользователя в системе')\n    def login_to_app(request, driver):\n        \"\"\" Фикстура Логина в систему \"\"\"\n        login_page = ApiAuthorization(driver)\n>       login_page.user(User.LOGIN, User.PASSWORD)\n\nconftest.py:53: \n_ _ _ _ _ _ _ _ _ _ _ _ _ _ _ _ _ _ _ _ _ _ _ _ _ _ _ _ _ _ _ _ _ _ _ _ _ _ _ _ \n\nself = <model.api.authorization.ApiAuthorization object at 0x7f0ee3975550>\nusername = 'Aleska', password = 'qwe123'\n\n    def user(self, username: str, password: str) -> None:\n        \"\"\"\n        Метод авторизации пользователя по средствам API.\n    \n        :param username: Логин пользователя\n        :param password: Пароль пользователя\n        \"\"\"\n        headers = {\n            'X-Client-Id': 'round',\n            'X-Client-Type': 'web',\n            'X-Language': 'ru'\n        }\n        data = {\n            'client_id': 'Krujok.Online.Mobile',\n            'grant_type': 'password',\n            'username': username,\n            'password': password\n        }\n    \n        response = requests.post(url=Api.TOKEN, headers=headers, data=data)\n>       access_token = response.json()[\"access_token\"]\nE       KeyError: 'access_token'\n\nmodel/api/authorization.py:30: KeyError","flaky":false,"newFailed":false,"newBroken":true,"newPassed":false,"retriesCount":0,"retriesStatusChange":false,"beforeStages":[{"name":"_session_faker","time":{"start":1738864340794,"stop":1738864340795,"duration":1},"status":"passed","steps":[],"attachments":[],"parameters":[],"shouldDisplayMessage":false,"attachmentsCount":0,"stepsCount":0,"hasContent":false,"attachmentStep":false},{"name":"driver","time":{"start":1738865302712,"stop":1738865303129,"duration":417},"status":"passed","steps":[],"attachments":[],"parameters":[],"shouldDisplayMessage":false,"attachmentsCount":0,"stepsCount":0,"hasContent":false,"attachmentStep":false},{"name":"Инициализация локаторов","time":{"start":1738865303129,"stop":1738865303129,"duration":0},"status":"passed","steps":[{"name":"Инициализация локаторов","time":{"start":1738865303129,"stop":1738865303129,"duration":0},"status":"passed","steps":[],"attachments":[],"parameters":[{"name":"request","value":"<SubRequest 'elements' for <Function test_open_user_profile>>"}],"shouldDisplayMessage":false,"attachmentsCount":0,"stepsCount":0,"hasContent":true,"attachmentStep":false}],"attachments":[],"parameters":[],"shouldDisplayMessage":false,"attachmentsCount":0,"stepsCount":1,"hasContent":true,"attachmentStep":false},{"name":"setup","time":{"start":1738865303129,"stop":1738865303129,"duration":0},"status":"passed","steps":[],"attachments":[],"parameters":[],"shouldDisplayMessage":false,"attachmentsCount":0,"stepsCount":0,"hasContent":false,"attachmentStep":false},{"name":"Авторизация пользователя в системе","time":{"start":1738865303129,"stop":1738865303626,"duration":497},"status":"broken","statusMessage":"KeyError: 'access_token'\n","statusTrace":"  File \"/usr/local/lib/python3.12/site-packages/pluggy/_callers.py\", line 167, in _multicall\n    teardown.throw(outcome._exception)\n  File \"/usr/local/lib/python3.12/site-packages/_pytest/setuponly.py\", line 36, in pytest_fixture_setup\n    return (yield)\n            ^^^^^\n  File \"/usr/local/lib/python3.12/site-packages/pluggy/_callers.py\", line 103, in _multicall\n    res = hook_impl.function(*args)\n          ^^^^^^^^^^^^^^^^^^^^^^^^^\n  File \"/usr/local/lib/python3.12/site-packages/_pytest/fixtures.py\", line 1140, in pytest_fixture_setup\n    result = call_fixture_func(fixturefunc, request, kwargs)\n             ^^^^^^^^^^^^^^^^^^^^^^^^^^^^^^^^^^^^^^^^^^^^^^^\n  File \"/usr/local/lib/python3.12/site-packages/_pytest/fixtures.py\", line 898, in call_fixture_func\n    fixture_result = fixturefunc(**kwargs)\n                     ^^^^^^^^^^^^^^^^^^^^^\n  File \"/usr/local/lib/python3.12/site-packages/allure_commons/_allure.py\", line 192, in impl\n    return func(*a, **kw)\n           ^^^^^^^^^^^^^^\n  File \"/usr/workspace/conftest.py\", line 53, in login_to_app\n    login_page.user(User.LOGIN, User.PASSWORD)\n  File \"/usr/workspace/model/api/authorization.py\", line 30, in user\n    access_token = response.json()[\"access_token\"]\n                   ~~~~~~~~~~~~~~~^^^^^^^^^^^^^^^^\n","steps":[{"name":"Авторизация пользователя в системе","time":{"start":1738865303129,"stop":1738865303625,"duration":496},"status":"broken","statusMessage":"KeyError: 'access_token'\n","statusTrace":"  File \"/usr/local/lib/python3.12/site-packages/allure_commons/_allure.py\", line 192, in impl\n    return func(*a, **kw)\n           ^^^^^^^^^^^^^^\n  File \"/usr/workspace/conftest.py\", line 53, in login_to_app\n    login_page.user(User.LOGIN, User.PASSWORD)\n  File \"/usr/workspace/model/api/authorization.py\", line 30, in user\n    access_token = response.json()[\"access_token\"]\n                   ~~~~~~~~~~~~~~~^^^^^^^^^^^^^^^^\n","steps":[],"attachments":[],"parameters":[{"name":"request","value":"<SubRequest 'login_to_app' for <Function test_open_user_profile>>"},{"name":"driver","value":"<selenium.webdriver.chrome.webdriver.WebDriver (session=\"24a74b9c3e4629d7aac6b877714b7f8d\")>"}],"shouldDisplayMessage":true,"attachmentsCount":0,"stepsCount":0,"hasContent":true,"attachmentStep":false}],"attachments":[],"parameters":[],"shouldDisplayMessage":false,"attachmentsCount":0,"stepsCount":1,"hasContent":true,"attachmentStep":false}],"afterStages":[{"name":"driver::0","time":{"start":1738865303632,"stop":1738865303811,"duration":179},"status":"passed","steps":[],"attachments":[{"uid":"65c2d042a502be11","name":"page_source","source":"65c2d042a502be11.html","type":"text/html","size":39},{"uid":"806e5671a47ab41c","name":"screenshot","source":"806e5671a47ab41c.png","type":"image/png","size":10592},{"uid":"6d2ff2df87e53061","name":"browser_logs","source":"6d2ff2df87e53061.txt","type":"text/plain","size":0}],"parameters":[],"shouldDisplayMessage":false,"attachmentsCount":3,"stepsCount":0,"hasContent":true,"attachmentStep":false}],"labels":[{"name":"feature","value":"Профиль пользователя"},{"name":"severity","value":"Critical"},{"name":"tag","value":"regression"},{"name":"tag","value":"profile"},{"name":"parentSuite","value":"tests"},{"name":"suite","value":"test_profile"},{"name":"subSuite","value":"TestProfile"},{"name":"host","value":"6af98febc332"},{"name":"thread","value":"1-MainThread"},{"name":"framework","value":"pytest"},{"name":"language","value":"cpython3"},{"name":"package","value":"tests.test_profile"},{"name":"resultFormat","value":"allure2"}],"parameters":[],"links":[],"hidden":false,"retry":false,"extra":{"severity":"critical","retries":[],"categories":[{"name":"Test defects","matchedStatuses":[],"flaky":false}],"history":{"statistic":{"failed":0,"broken":11,"skipped":0,"passed":36,"unknown":0,"total":47},"items":[{"uid":"1f3d32b0bcdc0671","status":"passed","time":{"start":1738269210164,"stop":1738269211876,"duration":1712}},{"uid":"945001acb2fc075a","status":"passed","time":{"start":1738099653594,"stop":1738099655293,"duration":1699}},{"uid":"bd8746575811d1c3","status":"passed","time":{"start":1738005534189,"stop":1738005535883,"duration":1694}},{"uid":"fa052bc8670b744a","status":"passed","time":{"start":1738002827042,"stop":1738002828750,"duration":1708}},{"uid":"309847fbbac660cc","status":"broken","statusDetails":"urllib3.exceptions.ReadTimeoutError: HTTPConnectionPool(host='localhost', port=35129): Read timed out. (read timeout=120)","time":{"start":1737931338205,"stop":1737931338205,"duration":0}},{"uid":"fe4531229cd41fb6","status":"passed","time":{"start":1737843189767,"stop":1737843192969,"duration":3202}},{"uid":"fa6aed8ef1ebb66c","status":"passed","time":{"start":1737832388667,"stop":1737832391928,"duration":3261}},{"uid":"792ec980035b7037","status":"passed","time":{"start":1737799749161,"stop":1737799752403,"duration":3242}},{"uid":"8619463859a43725","status":"passed","time":{"start":1737757978725,"stop":1737757981965,"duration":3240}},{"uid":"34093e6d8a821122","status":"passed","time":{"start":1737744976602,"stop":1737744979849,"duration":3247}},{"uid":"52b8ae5d0d92d91e","status":"passed","time":{"start":1737652858248,"stop":1737652861445,"duration":3197}},{"uid":"73a5088ba5e0551b","status":"passed","time":{"start":1737570540049,"stop":1737570543755,"duration":3706}},{"uid":"56985153c9e6d955","status":"broken","statusDetails":"selenium.common.exceptions.WebDriverException: Message: unknown error: Chrome failed to start: exited abnormally.\n  (unknown error: DevToolsActivePort file doesn't exist)\n  (The process started from chrome location /usr/bin/chromium-browser is no longer running, so ChromeDriver is assuming that Chrome has crashed.)","time":{"start":1737568966797,"stop":1737568966797,"duration":0}},{"uid":"f9ad52d7980c1e4e","status":"passed","time":{"start":1734034799978,"stop":1734034803398,"duration":3420}},{"uid":"ca0905e26260c85d","status":"passed","time":{"start":1733937513521,"stop":1733937515211,"duration":1690}},{"uid":"8be362c70eb4c751","status":"passed","time":{"start":1733866086363,"stop":1733866088056,"duration":1693}},{"uid":"be899888da11ae12","status":"broken","statusDetails":"selenium.common.exceptions.TimeoutException: Message: Не найдены элементы с локатором ('xpath', '//div[@class = \"user-project-list_grid__-rXf1\"]//div[@class = \"user-project-list_item__Q1mmt\"]')","time":{"start":1733860505847,"stop":1733860536007,"duration":30160}},{"uid":"8d0dfb30138a33e9","status":"broken","statusDetails":"selenium.common.exceptions.TimeoutException: Message: Не найден элемент с локатором ('xpath', '//button[@data-testing=\"after_register_dialog__btn_choose_later\"]')","time":{"start":1733857054088,"stop":1733857054088,"duration":0}},{"uid":"ea0e4bc5a2e8aa65","status":"broken","statusDetails":"selenium.common.exceptions.TimeoutException: Message: Не найден элемент с локатором ('xpath', '//button[@data-testing=\"after_register_dialog__btn_choose_later\"]')","time":{"start":1733771942615,"stop":1733771942615,"duration":0}},{"uid":"bdf6729adfc2d7fc","status":"broken","statusDetails":"selenium.common.exceptions.TimeoutException: Message: Не найдены элементы с локатором ('xpath', '//div[@class = \"user-project-list_grid__-rXf1\"]//div[@class = \"user-project-list_item__Q1mmt\"]')","time":{"start":1733766424708,"stop":1733766454888,"duration":30180}}]},"tags":["regression","profile"]},"source":"d04937a878591117.json","parameterValues":[]}