{"uid":"d5a549eef9d9896","name":"Проверка возможности подписаться","fullName":"tests.test_profile.TestProfile#test_opportunities_to_subscribe","historyId":"8837be03da4b857171429e7b0d59755b","time":{"start":1739310776787,"stop":1739310779760,"duration":2973},"description":"После проверки, отписываемся от пользователя для приведения в исходное состояние","descriptionHtml":"<p>После проверки, отписываемся от пользователя для приведения в исходное состояние</p>\n","status":"failed","statusMessage":"AssertionError: Ожидался текст: '4', отображается текст: '3'","statusTrace":"self = <test_profile.TestProfile object at 0x7f2e17ff28d0>\nelements = {'Банк ачивок': {'Блок ачивок': ('xpath', '//div[contains(@class,\"user-achievement-by-interests_container\")]'), 'Модал...'carrot-messenger-frame'), 'Чат кэррот': ('xpath', '//div[contains(@class,\"carrot-messenger-frame-container\")]')}, ...}\nlogin_to_app = None\n\n    @allure.title('Проверка возможности подписаться')\n    @allure.description('После проверки, отписываемся от пользователя для приведения в исходное состояние')\n    @allure.severity('Critical')\n    @pytest.mark.regression\n    def test_opportunities_to_subscribe(self, elements, login_to_app):\n        with allure.step('Нажать на кнопку профиль'):\n            self.app.profile_button_click()\n    \n        with allure.step('Запомнить количество подписчиков'):\n            element = elements['Профиль пользователя']\n            subscribers = int(self.profile_page.get_element_text(element['Подписки']))\n    \n        with allure.step('Подписаться на первого пользователя'):\n            self.subscription_page.subscribe_user()\n    \n        with allure.step('Проверить, что на экране появилась галочка'):\n            element = elements['Страница подписки']\n            self.assertion.is_elem_displayed(element['Значок галочки'])\n    \n        with allure.step('Нажать кнопку профиля'):\n            self.app.profile_button_click()\n    \n        with allure.step('Проверить, что количество подписчиков увеличилось на 1'):\n            element = elements['Профиль пользователя']\n            self.profile_page.get_element_text(element['Подписки'])\n>           self.assertion.text_in_element(element['Подписки'], expected_text=str(subscribers + 1))\n\ntests/test_profile.py:179: \n_ _ _ _ _ _ _ _ _ _ _ _ _ _ _ _ _ _ _ _ _ _ _ _ _ _ _ _ _ _ _ _ _ _ _ _ _ _ _ _ \n\nself = <base.base_assertion.Assertion object at 0x7f2e193dc500>\nby_locator = ('xpath', '//div[@id=\"user-info_following\"]//div[contains(@class,\"user-activity-item_count\")]')\nexpected_text = '4', timeout = 10\n\n    def text_in_element(self, by_locator, expected_text: str or int, timeout=10):\n        \"\"\"\n        Проверка совпадения текста элемента с ожиданием\n    \n        :param by_locator:\n            локатор элемента\n        :param expected_text:\n            ожидаемый текст\n        :param timeout:\n            время ожидания в секундах\n    \n        \"\"\"\n    \n        element = WebDriverWait(self.driver, timeout).until(\n            EC.presence_of_element_located(by_locator)\n        )\n    \n        text_in_element = element.text\n>       assert expected_text == text_in_element, \\\n            f\"Ожидался текст: '{expected_text}', отображается текст: '{text_in_element}'\"\nE       AssertionError: Ожидался текст: '4', отображается текст: '3'\n\nbase/base_assertion.py:31: AssertionError","flaky":false,"newFailed":true,"newBroken":false,"newPassed":false,"retriesCount":0,"retriesStatusChange":false,"beforeStages":[{"name":"_session_faker","time":{"start":1739309473698,"stop":1739309473699,"duration":1},"status":"passed","steps":[],"attachments":[],"parameters":[],"shouldDisplayMessage":false,"attachmentsCount":0,"stepsCount":0,"hasContent":false,"attachmentStep":false},{"name":"driver","time":{"start":1739310769797,"stop":1739310770219,"duration":422},"status":"passed","steps":[],"attachments":[],"parameters":[],"shouldDisplayMessage":false,"attachmentsCount":0,"stepsCount":0,"hasContent":false,"attachmentStep":false},{"name":"setup","time":{"start":1739310770219,"stop":1739310770219,"duration":0},"status":"passed","steps":[],"attachments":[],"parameters":[],"shouldDisplayMessage":false,"attachmentsCount":0,"stepsCount":0,"hasContent":false,"attachmentStep":false},{"name":"Инициализация локаторов","time":{"start":1739310770220,"stop":1739310770220,"duration":0},"status":"passed","steps":[{"name":"Инициализация локаторов","time":{"start":1739310770220,"stop":1739310770220,"duration":0},"status":"passed","steps":[],"attachments":[],"parameters":[{"name":"request","value":"<SubRequest 'elements' for <Function test_opportunities_to_subscribe>>"}],"shouldDisplayMessage":false,"attachmentsCount":0,"stepsCount":0,"hasContent":true,"attachmentStep":false}],"attachments":[],"parameters":[],"shouldDisplayMessage":false,"attachmentsCount":0,"stepsCount":1,"hasContent":true,"attachmentStep":false},{"name":"Авторизация пользователя в системе","time":{"start":1739310770220,"stop":1739310776787,"duration":6567},"status":"passed","steps":[{"name":"Авторизация пользователя в системе","time":{"start":1739310770220,"stop":1739310776787,"duration":6567},"status":"passed","steps":[],"attachments":[],"parameters":[{"name":"request","value":"<SubRequest 'login_to_app' for <Function test_opportunities_to_subscribe>>"},{"name":"driver","value":"<selenium.webdriver.chrome.webdriver.WebDriver (session=\"39f7d614225fb700ccbac8ab53ab4a1d\")>"}],"shouldDisplayMessage":false,"attachmentsCount":0,"stepsCount":0,"hasContent":true,"attachmentStep":false}],"attachments":[],"parameters":[],"shouldDisplayMessage":false,"attachmentsCount":0,"stepsCount":1,"hasContent":true,"attachmentStep":false}],"testStage":{"description":"После проверки, отписываемся от пользователя для приведения в исходное состояние","status":"failed","statusMessage":"AssertionError: Ожидался текст: '4', отображается текст: '3'","statusTrace":"self = <test_profile.TestProfile object at 0x7f2e17ff28d0>\nelements = {'Банк ачивок': {'Блок ачивок': ('xpath', '//div[contains(@class,\"user-achievement-by-interests_container\")]'), 'Модал...'carrot-messenger-frame'), 'Чат кэррот': ('xpath', '//div[contains(@class,\"carrot-messenger-frame-container\")]')}, ...}\nlogin_to_app = None\n\n    @allure.title('Проверка возможности подписаться')\n    @allure.description('После проверки, отписываемся от пользователя для приведения в исходное состояние')\n    @allure.severity('Critical')\n    @pytest.mark.regression\n    def test_opportunities_to_subscribe(self, elements, login_to_app):\n        with allure.step('Нажать на кнопку профиль'):\n            self.app.profile_button_click()\n    \n        with allure.step('Запомнить количество подписчиков'):\n            element = elements['Профиль пользователя']\n            subscribers = int(self.profile_page.get_element_text(element['Подписки']))\n    \n        with allure.step('Подписаться на первого пользователя'):\n            self.subscription_page.subscribe_user()\n    \n        with allure.step('Проверить, что на экране появилась галочка'):\n            element = elements['Страница подписки']\n            self.assertion.is_elem_displayed(element['Значок галочки'])\n    \n        with allure.step('Нажать кнопку профиля'):\n            self.app.profile_button_click()\n    \n        with allure.step('Проверить, что количество подписчиков увеличилось на 1'):\n            element = elements['Профиль пользователя']\n            self.profile_page.get_element_text(element['Подписки'])\n>           self.assertion.text_in_element(element['Подписки'], expected_text=str(subscribers + 1))\n\ntests/test_profile.py:179: \n_ _ _ _ _ _ _ _ _ _ _ _ _ _ _ _ _ _ _ _ _ _ _ _ _ _ _ _ _ _ _ _ _ _ _ _ _ _ _ _ \n\nself = <base.base_assertion.Assertion object at 0x7f2e193dc500>\nby_locator = ('xpath', '//div[@id=\"user-info_following\"]//div[contains(@class,\"user-activity-item_count\")]')\nexpected_text = '4', timeout = 10\n\n    def text_in_element(self, by_locator, expected_text: str or int, timeout=10):\n        \"\"\"\n        Проверка совпадения текста элемента с ожиданием\n    \n        :param by_locator:\n            локатор элемента\n        :param expected_text:\n            ожидаемый текст\n        :param timeout:\n            время ожидания в секундах\n    \n        \"\"\"\n    \n        element = WebDriverWait(self.driver, timeout).until(\n            EC.presence_of_element_located(by_locator)\n        )\n    \n        text_in_element = element.text\n>       assert expected_text == text_in_element, \\\n            f\"Ожидался текст: '{expected_text}', отображается текст: '{text_in_element}'\"\nE       AssertionError: Ожидался текст: '4', отображается текст: '3'\n\nbase/base_assertion.py:31: AssertionError","steps":[{"name":"Нажать на кнопку профиль","time":{"start":1739310776787,"stop":1739310776847,"duration":60},"status":"passed","steps":[],"attachments":[],"parameters":[],"shouldDisplayMessage":false,"attachmentsCount":0,"stepsCount":0,"hasContent":false,"attachmentStep":false},{"name":"Запомнить количество подписчиков","time":{"start":1739310776847,"stop":1739310777890,"duration":1043},"status":"passed","steps":[],"attachments":[],"parameters":[],"shouldDisplayMessage":false,"attachmentsCount":0,"stepsCount":0,"hasContent":false,"attachmentStep":false},{"name":"Подписаться на первого пользователя","time":{"start":1739310777890,"stop":1739310779129,"duration":1239},"status":"passed","steps":[],"attachments":[],"parameters":[],"shouldDisplayMessage":false,"attachmentsCount":0,"stepsCount":0,"hasContent":false,"attachmentStep":false},{"name":"Проверить, что на экране появилась галочка","time":{"start":1739310779129,"stop":1739310779650,"duration":521},"status":"passed","steps":[],"attachments":[],"parameters":[],"shouldDisplayMessage":false,"attachmentsCount":0,"stepsCount":0,"hasContent":false,"attachmentStep":false},{"name":"Нажать кнопку профиля","time":{"start":1739310779650,"stop":1739310779682,"duration":32},"status":"passed","steps":[],"attachments":[],"parameters":[],"shouldDisplayMessage":false,"attachmentsCount":0,"stepsCount":0,"hasContent":false,"attachmentStep":false},{"name":"Проверить, что количество подписчиков увеличилось на 1","time":{"start":1739310779682,"stop":1739310779759,"duration":77},"status":"failed","statusMessage":"AssertionError: Ожидался текст: '4', отображается текст: '3'\n","statusTrace":"  File \"/usr/workspace/tests/test_profile.py\", line 179, in test_opportunities_to_subscribe\n    self.assertion.text_in_element(element['Подписки'], expected_text=str(subscribers + 1))\n  File \"/usr/workspace/base/base_assertion.py\", line 31, in text_in_element\n    assert expected_text == text_in_element, \\\n","steps":[],"attachments":[],"parameters":[],"shouldDisplayMessage":true,"attachmentsCount":0,"stepsCount":0,"hasContent":true,"attachmentStep":false}],"attachments":[],"parameters":[],"shouldDisplayMessage":true,"attachmentsCount":0,"stepsCount":6,"hasContent":true,"attachmentStep":false},"afterStages":[{"name":"driver::0","time":{"start":1739310779769,"stop":1739310779958,"duration":189},"status":"passed","steps":[],"attachments":[{"uid":"e707c04be9c36e28","name":"page_source","source":"e707c04be9c36e28.html","type":"text/html","size":31935},{"uid":"4c91c82f13638c86","name":"screenshot","source":"4c91c82f13638c86.png","type":"image/png","size":56428},{"uid":"ec62f509af96b995","name":"browser_logs","source":"ec62f509af96b995.txt","type":"text/plain","size":43413}],"parameters":[],"shouldDisplayMessage":false,"attachmentsCount":3,"stepsCount":0,"hasContent":true,"attachmentStep":false}],"labels":[{"name":"severity","value":"Critical"},{"name":"feature","value":"Профиль пользователя"},{"name":"tag","value":"regression"},{"name":"tag","value":"profile"},{"name":"parentSuite","value":"tests"},{"name":"suite","value":"test_profile"},{"name":"subSuite","value":"TestProfile"},{"name":"host","value":"e56e35b24cd4"},{"name":"thread","value":"1-MainThread"},{"name":"framework","value":"pytest"},{"name":"language","value":"cpython3"},{"name":"package","value":"tests.test_profile"},{"name":"resultFormat","value":"allure2"}],"parameters":[],"links":[],"hidden":false,"retry":false,"extra":{"severity":"critical","retries":[],"categories":[{"name":"Product defects","matchedStatuses":[],"flaky":false}],"history":{"statistic":{"failed":13,"broken":11,"skipped":0,"passed":19,"unknown":0,"total":43},"items":[{"uid":"5416cd93f38ba8a3","status":"broken","statusDetails":"selenium.common.exceptions.StaleElementReferenceException: Message: stale element reference: element is not attached to the page document\n  (Session info: headless chrome=112.0.5615.165); For documentation on this error, please visit: https://www.selenium.dev/documentation/webdriver/troubleshooting/errors#stale-element-reference-exception","time":{"start":1738952232456,"stop":1738952233625,"duration":1169}},{"uid":"1ebf252b33a6b2c5","status":"broken","statusDetails":"KeyError: 'access_token'","time":{"start":1738875260341,"stop":1738875260341,"duration":0}},{"uid":"47c5616a81a9004f","status":"broken","statusDetails":"selenium.common.exceptions.StaleElementReferenceException: Message: stale element reference: element is not attached to the page document\n  (Session info: headless chrome=112.0.5615.165); For documentation on this error, please visit: https://www.selenium.dev/documentation/webdriver/troubleshooting/errors#stale-element-reference-exception","time":{"start":1738872432097,"stop":1738872433761,"duration":1664}},{"uid":"e0eaddd146eee04a","status":"broken","statusDetails":"KeyError: 'access_token'","time":{"start":1738865312078,"stop":1738865312078,"duration":0}},{"uid":"83a1d83d3050f111","status":"failed","statusDetails":"AssertionError: Ожидался текст: '2', отображается текст: '1'","time":{"start":1738269328664,"stop":1738269334101,"duration":5437}},{"uid":"393fc5fb81706fa9","status":"failed","statusDetails":"AssertionError: Ожидался текст: '2', отображается текст: '1'","time":{"start":1738099800199,"stop":1738099808600,"duration":8401}},{"uid":"1a1c26198a21bd47","status":"failed","statusDetails":"AssertionError: Ожидался текст: '2', отображается текст: '1'","time":{"start":1738005655996,"stop":1738005661415,"duration":5419}},{"uid":"bb37ea67897004f9","status":"failed","statusDetails":"AssertionError: Ожидался текст: '2', отображается текст: '1'","time":{"start":1738002934635,"stop":1738002940052,"duration":5417}},{"uid":"41baf7984698b959","status":"broken","statusDetails":"selenium.common.exceptions.StaleElementReferenceException: Message: stale element reference: stale element not found in the current frame\n  (Session info: chrome=132.0.6834.83); For documentation on this error, please visit: https://www.selenium.dev/documentation/webdriver/troubleshooting/errors#stale-element-reference-exception","time":{"start":1737932558826,"stop":1737932558826,"duration":0}},{"uid":"c64e506b5b3bf6fd","status":"failed","statusDetails":"AssertionError: Ожидался текст: '2', отображается текст: '1'","time":{"start":1737843315212,"stop":1737843322169,"duration":6957}},{"uid":"44c71df5ac64d686","status":"failed","statusDetails":"AssertionError: Ожидался текст: '2', отображается текст: '1'","time":{"start":1737832501768,"stop":1737832508742,"duration":6974}},{"uid":"ce1adce00b0b9cd","status":"failed","statusDetails":"AssertionError: Ожидался текст: '2', отображается текст: '1'","time":{"start":1737799865822,"stop":1737799872800,"duration":6978}},{"uid":"c3ba876983d362af","status":"failed","statusDetails":"AssertionError: Ожидался текст: '2', отображается текст: '1'","time":{"start":1737758099860,"stop":1737758106847,"duration":6987}},{"uid":"681cab165fc587d7","status":"failed","statusDetails":"AssertionError: Ожидался текст: '2', отображается текст: '1'","time":{"start":1737745092073,"stop":1737745099043,"duration":6970}},{"uid":"6412b3cf34021890","status":"failed","statusDetails":"AssertionError: Ожидался текст: '2', отображается текст: '1'","time":{"start":1737652984595,"stop":1737652992082,"duration":7487}},{"uid":"6f9148b3096adb32","status":"failed","statusDetails":"AssertionError: Ожидался текст: '2', отображается текст: '1'","time":{"start":1737570658842,"stop":1737570666395,"duration":7553}},{"uid":"1a48054d733defb1","status":"broken","statusDetails":"selenium.common.exceptions.WebDriverException: Message: unknown error: Chrome failed to start: exited abnormally.\n  (unknown error: DevToolsActivePort file doesn't exist)\n  (The process started from chrome location /usr/bin/chromium-browser is no longer running, so ChromeDriver is assuming that Chrome has crashed.)","time":{"start":1737568968602,"stop":1737568968602,"duration":0}},{"uid":"5f1fbecb0e9504cc","status":"failed","statusDetails":"AssertionError: Ожидался текст: '8', отображается текст: '7'","time":{"start":1734034910933,"stop":1734034917944,"duration":7011}},{"uid":"6c8e11255c7cf244","status":"passed","time":{"start":1733937646919,"stop":1733937656990,"duration":10071}},{"uid":"89eff593bf137b2d","status":"passed","time":{"start":1733866218449,"stop":1733866227027,"duration":8578}}]},"tags":["regression","profile"]},"source":"d5a549eef9d9896.json","parameterValues":[]}