{"uid":"daf54a00fa291255","name":"Проверить, данные заблокированного пользователя не отображаются (проекты/подписки/ачивки/аватар)","fullName":"tests.test_another_users_page.TestAnotherUsersPage#test_the_data_of_the_blocked_user_is_not_displayed","historyId":"10456de628466aff9e6c0c2c03703e5e","time":{"start":1733421323024,"stop":1733421323024,"duration":0},"description":"Проверяется на новом пользователи, блокируется пользователь Evelinkaaa","descriptionHtml":"<p>Проверяется на новом пользователи, блокируется пользователь Evelinkaaa</p>\n","status":"broken","statusMessage":"selenium.common.exceptions.TimeoutException: Message:","statusTrace":"driver = <selenium.webdriver.chrome.webdriver.WebDriver (session=\"9f3dd8907082cbfcf9fdf1d369f6cf6b\")>\n\n    @pytest.fixture(scope='function')\n    @allure.title('Регистрация пользователя')\n    @allure.step('Регистрация пользователя')\n    def registration_user(driver):\n        \"\"\"\n        Фикстура регистрации нового пользователя\n    \n        :param driver:\n            принимает в себя экземпляр драйвера\n    \n        \"\"\"\n        authorization_page = AuthorizationPage(driver)\n        join_page = JoinPage(driver)\n        metabase = MetaBase(driver)\n        assertion = Assertion(driver)\n        rubric_page = RubricPage(driver)\n        main_page = MainPage(driver)\n    \n        authorization_page.open()\n>       authorization_page.do_click(config.locators.AuthorizationPageLocators.locators['Кнопка по смс'])\n\nfixtures/fixtures_for_registration_tests.py:37: \n_ _ _ _ _ _ _ _ _ _ _ _ _ _ _ _ _ _ _ _ _ _ _ _ _ _ _ _ _ _ _ _ _ _ _ _ _ _ _ _ \nbase/base_page.py:75: in do_click\n    elem = WebDriverWait(self.driver, wait_time).until(EC.element_to_be_clickable(locator))\n_ _ _ _ _ _ _ _ _ _ _ _ _ _ _ _ _ _ _ _ _ _ _ _ _ _ _ _ _ _ _ _ _ _ _ _ _ _ _ _ \n\nself = <selenium.webdriver.support.wait.WebDriverWait (session=\"9f3dd8907082cbfcf9fdf1d369f6cf6b\")>\nmethod = <function element_to_be_clickable.<locals>._predicate at 0x7f98df0e87c0>\nmessage = ''\n\n    def until(self, method: Callable[[D], Union[Literal[False], T]], message: str = \"\") -> T:\n        \"\"\"Calls the method provided with the driver as an argument until the \\\n        return value does not evaluate to ``False``.\n    \n        :param method: callable(WebDriver)\n        :param message: optional message for :exc:`TimeoutException`\n        :returns: the result of the last call to `method`\n        :raises: :exc:`selenium.common.exceptions.TimeoutException` if timeout occurs\n        \"\"\"\n        screen = None\n        stacktrace = None\n    \n        end_time = time.monotonic() + self._timeout\n        while True:\n            try:\n                value = method(self._driver)\n                if value:\n                    return value\n            except self._ignored_exceptions as exc:\n                screen = getattr(exc, \"screen\", None)\n                stacktrace = getattr(exc, \"stacktrace\", None)\n            if time.monotonic() > end_time:\n                break\n            time.sleep(self._poll)\n>       raise TimeoutException(message, screen, stacktrace)\nE       selenium.common.exceptions.TimeoutException: Message:\n\n../local/lib/python3.12/site-packages/selenium/webdriver/support/wait.py:105: TimeoutException","flaky":false,"newFailed":false,"newBroken":false,"newPassed":false,"retriesCount":0,"retriesStatusChange":false,"beforeStages":[{"name":"_session_faker","time":{"start":1733421090315,"stop":1733421090316,"duration":1},"status":"passed","steps":[],"attachments":[],"parameters":[],"shouldDisplayMessage":false,"attachmentsCount":0,"stepsCount":0,"hasContent":false,"attachmentStep":false},{"name":"driver","time":{"start":1733421323024,"stop":1733421323457,"duration":433},"status":"passed","steps":[],"attachments":[],"parameters":[],"shouldDisplayMessage":false,"attachmentsCount":0,"stepsCount":0,"hasContent":false,"attachmentStep":false},{"name":"setup","time":{"start":1733421323458,"stop":1733421323458,"duration":0},"status":"passed","steps":[],"attachments":[],"parameters":[],"shouldDisplayMessage":false,"attachmentsCount":0,"stepsCount":0,"hasContent":false,"attachmentStep":false},{"name":"Инициализация локаторов","time":{"start":1733421323458,"stop":1733421323458,"duration":0},"status":"passed","steps":[{"name":"Инициализация локаторов","time":{"start":1733421323458,"stop":1733421323458,"duration":0},"status":"passed","steps":[],"attachments":[],"parameters":[{"name":"request","value":"<SubRequest 'elements' for <Function test_the_data_of_the_blocked_user_is_not_displayed>>"}],"shouldDisplayMessage":false,"attachmentsCount":0,"stepsCount":0,"hasContent":true,"attachmentStep":false}],"attachments":[],"parameters":[],"shouldDisplayMessage":false,"attachmentsCount":0,"stepsCount":1,"hasContent":true,"attachmentStep":false},{"name":"Регистрация пользователя","time":{"start":1733421323458,"stop":1733421335668,"duration":12210},"status":"broken","statusMessage":"selenium.common.exceptions.TimeoutException: Message: \n\n","statusTrace":"  File \"/usr/local/lib/python3.12/site-packages/pluggy/_callers.py\", line 167, in _multicall\n    teardown.throw(outcome._exception)\n  File \"/usr/local/lib/python3.12/site-packages/_pytest/setuponly.py\", line 36, in pytest_fixture_setup\n    return (yield)\n            ^^^^^\n  File \"/usr/local/lib/python3.12/site-packages/pluggy/_callers.py\", line 103, in _multicall\n    res = hook_impl.function(*args)\n          ^^^^^^^^^^^^^^^^^^^^^^^^^\n  File \"/usr/local/lib/python3.12/site-packages/_pytest/fixtures.py\", line 1140, in pytest_fixture_setup\n    result = call_fixture_func(fixturefunc, request, kwargs)\n             ^^^^^^^^^^^^^^^^^^^^^^^^^^^^^^^^^^^^^^^^^^^^^^^\n  File \"/usr/local/lib/python3.12/site-packages/_pytest/fixtures.py\", line 898, in call_fixture_func\n    fixture_result = fixturefunc(**kwargs)\n                     ^^^^^^^^^^^^^^^^^^^^^\n  File \"/usr/local/lib/python3.12/site-packages/allure_commons/_allure.py\", line 192, in impl\n    return func(*a, **kw)\n           ^^^^^^^^^^^^^^\n  File \"/usr/workspace/fixtures/fixtures_for_registration_tests.py\", line 37, in registration_user\n    authorization_page.do_click(config.locators.AuthorizationPageLocators.locators['Кнопка по смс'])\n  File \"/usr/workspace/base/base_page.py\", line 75, in do_click\n    elem = WebDriverWait(self.driver, wait_time).until(EC.element_to_be_clickable(locator))\n           ^^^^^^^^^^^^^^^^^^^^^^^^^^^^^^^^^^^^^^^^^^^^^^^^^^^^^^^^^^^^^^^^^^^^^^^^^^^^^^^^\n  File \"/usr/local/lib/python3.12/site-packages/selenium/webdriver/support/wait.py\", line 105, in until\n    raise TimeoutException(message, screen, stacktrace)\n","steps":[{"name":"Регистрация пользователя","time":{"start":1733421323458,"stop":1733421335667,"duration":12209},"status":"broken","statusMessage":"selenium.common.exceptions.TimeoutException: Message: \n\n","statusTrace":"  File \"/usr/local/lib/python3.12/site-packages/allure_commons/_allure.py\", line 192, in impl\n    return func(*a, **kw)\n           ^^^^^^^^^^^^^^\n  File \"/usr/workspace/fixtures/fixtures_for_registration_tests.py\", line 37, in registration_user\n    authorization_page.do_click(config.locators.AuthorizationPageLocators.locators['Кнопка по смс'])\n  File \"/usr/workspace/base/base_page.py\", line 75, in do_click\n    elem = WebDriverWait(self.driver, wait_time).until(EC.element_to_be_clickable(locator))\n           ^^^^^^^^^^^^^^^^^^^^^^^^^^^^^^^^^^^^^^^^^^^^^^^^^^^^^^^^^^^^^^^^^^^^^^^^^^^^^^^^\n  File \"/usr/local/lib/python3.12/site-packages/selenium/webdriver/support/wait.py\", line 105, in until\n    raise TimeoutException(message, screen, stacktrace)\n","steps":[],"attachments":[],"parameters":[{"name":"driver","value":"<selenium.webdriver.chrome.webdriver.WebDriver (session=\"9f3dd8907082cbfcf9fdf1d369f6cf6b\")>"}],"shouldDisplayMessage":true,"attachmentsCount":0,"stepsCount":0,"hasContent":true,"attachmentStep":false}],"attachments":[],"parameters":[],"shouldDisplayMessage":false,"attachmentsCount":0,"stepsCount":1,"hasContent":true,"attachmentStep":false}],"afterStages":[{"name":"driver::0","time":{"start":1733421335677,"stop":1733421335872,"duration":195},"status":"passed","steps":[],"attachments":[{"uid":"e307b7b7f5436bd1","name":"page_source","source":"e307b7b7f5436bd1.html","type":"text/html","size":16809},{"uid":"1db63385618f90ca","name":"screenshot","source":"1db63385618f90ca.png","type":"image/png","size":31251},{"uid":"7cd63e1aae3f87a7","name":"browser_logs","source":"7cd63e1aae3f87a7.txt","type":"text/plain","size":4122}],"parameters":[],"shouldDisplayMessage":false,"attachmentsCount":3,"stepsCount":0,"hasContent":true,"attachmentStep":false}],"labels":[{"name":"severity","value":"Critical"},{"name":"feature","value":"Профиль другого пользователя"},{"name":"tag","value":"regression"},{"name":"tag","value":"another_users_page"},{"name":"parentSuite","value":"tests"},{"name":"suite","value":"test_another_users_page"},{"name":"subSuite","value":"TestAnotherUsersPage"},{"name":"host","value":"511a3a5ccd0d"},{"name":"thread","value":"1-MainThread"},{"name":"framework","value":"pytest"},{"name":"language","value":"cpython3"},{"name":"package","value":"tests.test_another_users_page"},{"name":"resultFormat","value":"allure2"}],"parameters":[],"links":[],"hidden":false,"retry":false,"extra":{"severity":"critical","retries":[],"categories":[{"name":"Test defects","matchedStatuses":[],"flaky":false}],"history":{"statistic":{"failed":0,"broken":3,"skipped":0,"passed":6,"unknown":0,"total":9},"items":[{"uid":"e08535910a2fcd38","status":"broken","statusDetails":"selenium.common.exceptions.TimeoutException: Message:","time":{"start":1726779946932,"stop":1726779946932,"duration":0}},{"uid":"d577945ef7e94059","status":"broken","statusDetails":"selenium.common.exceptions.TimeoutException: Message:","time":{"start":1726776611062,"stop":1726776611062,"duration":0}},{"uid":"35ed2323917af5dc","status":"passed","time":{"start":1724098301849,"stop":1724098331415,"duration":29566}},{"uid":"2850e79190f39962","status":"passed","time":{"start":1723828441802,"stop":1723828467332,"duration":25530}},{"uid":"ffc8edff065e9ce6","status":"passed","time":{"start":1723750830756,"stop":1723750858470,"duration":27714}},{"uid":"ef818854c5429fda","status":"passed","time":{"start":1723741366053,"stop":1723741395398,"duration":29345}},{"uid":"7a39924ccc237803","status":"passed","time":{"start":1723664059439,"stop":1723664087320,"duration":27881}},{"uid":"eb587b6961533793","status":"passed","time":{"start":1723578462140,"stop":1723578483113,"duration":20973}}]},"tags":["regression","another_users_page"]},"source":"daf54a00fa291255.json","parameterValues":[]}