{"uid":"db2bfd808ce97a5b","name":"Проверка при нажатии в поп ап Пригласить друга открывается страница приглашения","fullName":"tests.test_menu_profile.TestMenuProfile#test_pop_up_menu_click_button_invite_friend","historyId":"26c70491cacdc77fc4f263b90135fa74","time":{"start":1739386912417,"stop":1739386912417,"duration":0},"description":"Проверяется на пользователе Aleska","descriptionHtml":"<p>Проверяется на пользователе Aleska</p>\n","status":"broken","statusMessage":"selenium.common.exceptions.TimeoutException: Message:","statusTrace":"request = <SubRequest 'login_to_app' for <Function test_pop_up_menu_click_button_invite_friend>>\ndriver = <selenium.webdriver.chrome.webdriver.WebDriver (session=\"5f21e97197d05eb9aa062d103bfad0fc\")>\n\n    @pytest.fixture(scope='function')\n    @allure.title('Авторизация пользователя в системе')\n    @allure.step('Авторизация пользователя в системе')\n    def login_to_app(request, driver):\n        \"\"\" Фикстура Логина в систему \"\"\"\n        login_page = ApiAuthorization(driver)\n        login_page.user(User.LOGIN, User.PASSWORD)\n        try:\n            later = login_page.find_element(config.locators.RubricPageLocators.locators['Кнопка выберу потом'])\n            login_page.do_click(later)\n        except TimeoutException:\n            element = login_page.find_element(\n                config.locators.MainPageLocators.locators['Листай вниз и найди свои интересы'])\n            login_page.do_click(element)\n        finally:\n>           login_page.do_click(config.locators.MainPageLocators.locators['Листай вниз и найди свои интересы'])\n\nconftest.py:62: \n_ _ _ _ _ _ _ _ _ _ _ _ _ _ _ _ _ _ _ _ _ _ _ _ _ _ _ _ _ _ _ _ _ _ _ _ _ _ _ _ \nbase/base_page.py:80: in do_click\n    elem = WebDriverWait(self.driver, wait_time).until(EC.element_to_be_clickable(locator))\n_ _ _ _ _ _ _ _ _ _ _ _ _ _ _ _ _ _ _ _ _ _ _ _ _ _ _ _ _ _ _ _ _ _ _ _ _ _ _ _ \n\nself = <selenium.webdriver.support.wait.WebDriverWait (session=\"5f21e97197d05eb9aa062d103bfad0fc\")>\nmethod = <function element_to_be_clickable.<locals>._predicate at 0x7f96c93de520>\nmessage = ''\n\n    def until(self, method: Callable[[D], Union[Literal[False], T]], message: str = \"\") -> T:\n        \"\"\"Calls the method provided with the driver as an argument until the \\\n        return value does not evaluate to ``False``.\n    \n        :param method: callable(WebDriver)\n        :param message: optional message for :exc:`TimeoutException`\n        :returns: the result of the last call to `method`\n        :raises: :exc:`selenium.common.exceptions.TimeoutException` if timeout occurs\n        \"\"\"\n        screen = None\n        stacktrace = None\n    \n        end_time = time.monotonic() + self._timeout\n        while True:\n            try:\n                value = method(self._driver)\n                if value:\n                    return value\n            except self._ignored_exceptions as exc:\n                screen = getattr(exc, \"screen\", None)\n                stacktrace = getattr(exc, \"stacktrace\", None)\n            if time.monotonic() > end_time:\n                break\n            time.sleep(self._poll)\n>       raise TimeoutException(message, screen, stacktrace)\nE       selenium.common.exceptions.TimeoutException: Message:\n\n../local/lib/python3.12/site-packages/selenium/webdriver/support/wait.py:105: TimeoutException","flaky":false,"newFailed":false,"newBroken":true,"newPassed":false,"retriesCount":0,"retriesStatusChange":false,"beforeStages":[{"name":"_session_faker","time":{"start":1739385986311,"stop":1739385986312,"duration":1},"status":"passed","steps":[],"attachments":[],"parameters":[],"shouldDisplayMessage":false,"attachmentsCount":0,"stepsCount":0,"hasContent":false,"attachmentStep":false},{"name":"driver","time":{"start":1739386912418,"stop":1739386912837,"duration":419},"status":"passed","steps":[],"attachments":[],"parameters":[],"shouldDisplayMessage":false,"attachmentsCount":0,"stepsCount":0,"hasContent":false,"attachmentStep":false},{"name":"setup","time":{"start":1739386912837,"stop":1739386912838,"duration":1},"status":"passed","steps":[],"attachments":[],"parameters":[],"shouldDisplayMessage":false,"attachmentsCount":0,"stepsCount":0,"hasContent":false,"attachmentStep":false},{"name":"Инициализация локаторов","time":{"start":1739386912838,"stop":1739386912838,"duration":0},"status":"passed","steps":[{"name":"Инициализация локаторов","time":{"start":1739386912838,"stop":1739386912838,"duration":0},"status":"passed","steps":[],"attachments":[],"parameters":[{"name":"request","value":"<SubRequest 'elements' for <Function test_pop_up_menu_click_button_invite_friend>>"}],"shouldDisplayMessage":false,"attachmentsCount":0,"stepsCount":0,"hasContent":true,"attachmentStep":false}],"attachments":[],"parameters":[],"shouldDisplayMessage":false,"attachmentsCount":0,"stepsCount":1,"hasContent":true,"attachmentStep":false},{"name":"Авторизация пользователя в системе","time":{"start":1739386912838,"stop":1739386936289,"duration":23451},"status":"broken","statusMessage":"selenium.common.exceptions.TimeoutException: Message: \n\n","statusTrace":"  File \"/usr/local/lib/python3.12/site-packages/pluggy/_callers.py\", line 167, in _multicall\n    teardown.throw(outcome._exception)\n  File \"/usr/local/lib/python3.12/site-packages/_pytest/setuponly.py\", line 36, in pytest_fixture_setup\n    return (yield)\n            ^^^^^\n  File \"/usr/local/lib/python3.12/site-packages/pluggy/_callers.py\", line 103, in _multicall\n    res = hook_impl.function(*args)\n          ^^^^^^^^^^^^^^^^^^^^^^^^^\n  File \"/usr/local/lib/python3.12/site-packages/_pytest/fixtures.py\", line 1140, in pytest_fixture_setup\n    result = call_fixture_func(fixturefunc, request, kwargs)\n             ^^^^^^^^^^^^^^^^^^^^^^^^^^^^^^^^^^^^^^^^^^^^^^^\n  File \"/usr/local/lib/python3.12/site-packages/_pytest/fixtures.py\", line 898, in call_fixture_func\n    fixture_result = fixturefunc(**kwargs)\n                     ^^^^^^^^^^^^^^^^^^^^^\n  File \"/usr/local/lib/python3.12/site-packages/allure_commons/_allure.py\", line 192, in impl\n    return func(*a, **kw)\n           ^^^^^^^^^^^^^^\n  File \"/usr/workspace/conftest.py\", line 62, in login_to_app\n    login_page.do_click(config.locators.MainPageLocators.locators['Листай вниз и найди свои интересы'])\n  File \"/usr/workspace/base/base_page.py\", line 80, in do_click\n    elem = WebDriverWait(self.driver, wait_time).until(EC.element_to_be_clickable(locator))\n           ^^^^^^^^^^^^^^^^^^^^^^^^^^^^^^^^^^^^^^^^^^^^^^^^^^^^^^^^^^^^^^^^^^^^^^^^^^^^^^^^\n  File \"/usr/local/lib/python3.12/site-packages/selenium/webdriver/support/wait.py\", line 105, in until\n    raise TimeoutException(message, screen, stacktrace)\n","steps":[{"name":"Авторизация пользователя в системе","time":{"start":1739386912838,"stop":1739386936288,"duration":23450},"status":"broken","statusMessage":"selenium.common.exceptions.TimeoutException: Message: \n\n","statusTrace":"  File \"/usr/local/lib/python3.12/site-packages/allure_commons/_allure.py\", line 192, in impl\n    return func(*a, **kw)\n           ^^^^^^^^^^^^^^\n  File \"/usr/workspace/conftest.py\", line 62, in login_to_app\n    login_page.do_click(config.locators.MainPageLocators.locators['Листай вниз и найди свои интересы'])\n  File \"/usr/workspace/base/base_page.py\", line 80, in do_click\n    elem = WebDriverWait(self.driver, wait_time).until(EC.element_to_be_clickable(locator))\n           ^^^^^^^^^^^^^^^^^^^^^^^^^^^^^^^^^^^^^^^^^^^^^^^^^^^^^^^^^^^^^^^^^^^^^^^^^^^^^^^^\n  File \"/usr/local/lib/python3.12/site-packages/selenium/webdriver/support/wait.py\", line 105, in until\n    raise TimeoutException(message, screen, stacktrace)\n","steps":[],"attachments":[],"parameters":[{"name":"request","value":"<SubRequest 'login_to_app' for <Function test_pop_up_menu_click_button_invite_friend>>"},{"name":"driver","value":"<selenium.webdriver.chrome.webdriver.WebDriver (session=\"5f21e97197d05eb9aa062d103bfad0fc\")>"}],"shouldDisplayMessage":true,"attachmentsCount":0,"stepsCount":0,"hasContent":true,"attachmentStep":false}],"attachments":[],"parameters":[],"shouldDisplayMessage":false,"attachmentsCount":0,"stepsCount":1,"hasContent":true,"attachmentStep":false}],"afterStages":[{"name":"driver::0","time":{"start":1739386936300,"stop":1739386936508,"duration":208},"status":"passed","steps":[],"attachments":[{"uid":"d4305dd692f32298","name":"page_source","source":"d4305dd692f32298.html","type":"text/html","size":35614},{"uid":"f9192359695e3799","name":"screenshot","source":"f9192359695e3799.png","type":"image/png","size":158670},{"uid":"7d8224b34cdd0037","name":"browser_logs","source":"7d8224b34cdd0037.txt","type":"text/plain","size":3727}],"parameters":[],"shouldDisplayMessage":false,"attachmentsCount":3,"stepsCount":0,"hasContent":true,"attachmentStep":false}],"labels":[{"name":"feature","value":"Меню профиля"},{"name":"severity","value":"Critical"},{"name":"tag","value":"regression"},{"name":"tag","value":"menu_profile"},{"name":"parentSuite","value":"tests"},{"name":"suite","value":"test_menu_profile"},{"name":"subSuite","value":"TestMenuProfile"},{"name":"host","value":"9b936bd7933a"},{"name":"thread","value":"1-MainThread"},{"name":"framework","value":"pytest"},{"name":"language","value":"cpython3"},{"name":"package","value":"tests.test_menu_profile"},{"name":"resultFormat","value":"allure2"}],"parameters":[],"links":[],"hidden":false,"retry":false,"extra":{"severity":"critical","retries":[],"categories":[{"name":"Test defects","matchedStatuses":[],"flaky":false}],"history":{"statistic":{"failed":0,"broken":9,"skipped":0,"passed":38,"unknown":0,"total":47},"items":[{"uid":"5e07eb98e91a2d92","status":"passed","time":{"start":1739379609224,"stop":1739379610415,"duration":1191}},{"uid":"80e8c68f3e9c482b","status":"passed","time":{"start":1739310502543,"stop":1739310504247,"duration":1704}},{"uid":"1b8bf2789e2f1993","status":"passed","time":{"start":1738951998578,"stop":1738952000246,"duration":1668}},{"uid":"6a781f717f26e72","status":"broken","statusDetails":"KeyError: 'access_token'","time":{"start":1738875167907,"stop":1738875167907,"duration":0}},{"uid":"bd6c7b7d7467f4a1","status":"passed","time":{"start":1738872105758,"stop":1738872107939,"duration":2181}},{"uid":"937517369f80bf85","status":"broken","statusDetails":"KeyError: 'access_token'","time":{"start":1738865197566,"stop":1738865197566,"duration":0}},{"uid":"416261d0996e701e","status":"passed","time":{"start":1738269059898,"stop":1738269061597,"duration":1699}},{"uid":"51278ea0982903fc","status":"passed","time":{"start":1738099522207,"stop":1738099523914,"duration":1707}},{"uid":"3cd46880a262196","status":"passed","time":{"start":1738005475096,"stop":1738005476776,"duration":1680}},{"uid":"b1e09e66a9495a22","status":"passed","time":{"start":1738002770760,"stop":1738002773441,"duration":2681}},{"uid":"5bc01b95a84b0ac6","status":"broken","statusDetails":"urllib3.exceptions.ReadTimeoutError: HTTPConnectionPool(host='localhost', port=42959): Read timed out. (read timeout=120)","time":{"start":1737930560556,"stop":1737930560556,"duration":0}},{"uid":"a357a9f31ce1a33a","status":"passed","time":{"start":1737843099972,"stop":1737843103200,"duration":3228}},{"uid":"caed653023edc153","status":"passed","time":{"start":1737832328546,"stop":1737832332317,"duration":3771}},{"uid":"4db9e5575368a0e2","status":"passed","time":{"start":1737799664970,"stop":1737799668192,"duration":3222}},{"uid":"8af10bb2ce5c0cd8","status":"passed","time":{"start":1737757918409,"stop":1737757921686,"duration":3277}},{"uid":"a8ddbfac9637cda9","status":"passed","time":{"start":1737744921622,"stop":1737744923307,"duration":1685}},{"uid":"355ee531f200326d","status":"passed","time":{"start":1737652771824,"stop":1737652776053,"duration":4229}},{"uid":"ac6c3e7f414ff02a","status":"passed","time":{"start":1737570482914,"stop":1737570486124,"duration":3210}},{"uid":"5726129fa2f67864","status":"broken","statusDetails":"selenium.common.exceptions.WebDriverException: Message: unknown error: Chrome failed to start: exited abnormally.\n  (unknown error: DevToolsActivePort file doesn't exist)\n  (The process started from chrome location /usr/bin/chromium-browser is no longer running, so ChromeDriver is assuming that Chrome has crashed.)","time":{"start":1737568965681,"stop":1737568965681,"duration":0}},{"uid":"55b5d8abf2a1f56a","status":"passed","time":{"start":1734034748913,"stop":1734034753159,"duration":4246}}]},"tags":["regression","menu_profile"]},"source":"db2bfd808ce97a5b.json","parameterValues":[]}