{"uid":"db641e832f5fc620","name":"Проверка валидации поля \"Код приглашения\" при вводе случайного значения","fullName":"tests.test_registration.TestRegistrationUser#test_validation_of_the_invitation_code_field_when_entering_a_random_value","historyId":"d17e0f4ceef8526f5f1c273f1de67e54","time":{"start":1733866664309,"stop":1733866703059,"duration":38750},"status":"broken","statusMessage":"selenium.common.exceptions.TimeoutException: Message:","statusTrace":"self = <test_registration.TestRegistrationUser object at 0x7fcba43164e0>\nelements = {'Банк ачивок': {'Блок ачивок': ('xpath', '//div[contains(@class,\"user-achievement-by-interests_container\")]'), 'Модал...-sheet_icons\")]'), 'Название ачивки': ('xpath', '//div[contains(@class,\"achievement-item-bottom-sheet_title\")]')}, ...}\n\n    @allure.title('Проверка валидации поля \"Код приглашения\" при вводе случайного значения')\n    @allure.severity('Critical')\n    @pytest.mark.regression\n    def test_validation_of_the_invitation_code_field_when_entering_a_random_value(self, elements):\n        with allure.step('Открыть страницу авторизации'):\n            self.authorization_page.open()\n            element = elements['Страница авторизации']\n    \n        with allure.step('Нажать кнопку \"По смс (Для России)\"'):\n            self.authorization_page.do_click(element['Кнопка по смс'])\n    \n        with allure.step('Нажать кнопку Далее'):\n            element = elements['Страница регистрации']\n            self.join_page.do_click(element['Кнопка далее'])\n    \n        with allure.step('В поле никнейм ввести любое валидное значение'):\n            username = f'-{fake.user_name()}.{fake.pyint(min_value=1, max_value=2)}_'\n            self.join_page.field_send_keys(element['Поле никнейм'], text=f'{username}')\n    \n        with allure.step('Нажать кнопку Далее'):\n            self.join_page.do_click(element['Кнопка далее'])\n    \n        with allure.step('В поле Пароль ввести пароль'):\n            self.join_page.field_send_keys(element['Поле пароль'], text=self.User.PASSWORD)\n    \n        with allure.step('В поле Повтори пароль ввести пароль еще раз'):\n            self.join_page.field_send_keys(element['Поле повтори пароль'], text=self.User.PASSWORD)\n    \n        with allure.step('Нажать на чекбокс \"У меня есть код приглашения\"'):\n            self.join_page.do_click(element['Чекбокс код приглашения'])\n    \n        with allure.step('В поле код приглашения ввести рандомный текст'):\n            self.join_page.field_send_keys(element['Поле код приглашения'], text=fake.pystr())\n    \n        with allure.step('Нажать кнопку далее'):\n            self.join_page.do_click(element['Кнопка далее'])\n    \n        with allure.step('Проверить, что под полем \"Код приглашения\" сработала валидация с текстом:'\n                         ' \"Неверный код приглашения\"'):\n>           self.assertion.text_in_element(element['Валидация поля код приглашения'],\n                                           expected_text='Неверный код приглашения')\n\ntests/test_registration.py:625: \n_ _ _ _ _ _ _ _ _ _ _ _ _ _ _ _ _ _ _ _ _ _ _ _ _ _ _ _ _ _ _ _ _ _ _ _ _ _ _ _ \nbase/base_assertion.py:23: in text_in_element\n    assert self.wait.until(EC.text_to_be_present_in_element(by_locator, expected_text)), \\\n_ _ _ _ _ _ _ _ _ _ _ _ _ _ _ _ _ _ _ _ _ _ _ _ _ _ _ _ _ _ _ _ _ _ _ _ _ _ _ _ \n\nself = <selenium.webdriver.support.wait.WebDriverWait (session=\"5e2229674c31cf2c16ab08cc8b5b523b\")>\nmethod = <function text_to_be_present_in_element.<locals>._predicate at 0x7fcba4e7afc0>\nmessage = ''\n\n    def until(self, method: Callable[[D], Union[Literal[False], T]], message: str = \"\") -> T:\n        \"\"\"Calls the method provided with the driver as an argument until the \\\n        return value does not evaluate to ``False``.\n    \n        :param method: callable(WebDriver)\n        :param message: optional message for :exc:`TimeoutException`\n        :returns: the result of the last call to `method`\n        :raises: :exc:`selenium.common.exceptions.TimeoutException` if timeout occurs\n        \"\"\"\n        screen = None\n        stacktrace = None\n    \n        end_time = time.monotonic() + self._timeout\n        while True:\n            try:\n                value = method(self._driver)\n                if value:\n                    return value\n            except self._ignored_exceptions as exc:\n                screen = getattr(exc, \"screen\", None)\n                stacktrace = getattr(exc, \"stacktrace\", None)\n            if time.monotonic() > end_time:\n                break\n            time.sleep(self._poll)\n>       raise TimeoutException(message, screen, stacktrace)\nE       selenium.common.exceptions.TimeoutException: Message:\n\n../local/lib/python3.12/site-packages/selenium/webdriver/support/wait.py:105: TimeoutException","flaky":false,"newFailed":false,"newBroken":false,"newPassed":false,"retriesCount":0,"retriesStatusChange":false,"beforeStages":[{"name":"_session_faker","time":{"start":1733864800333,"stop":1733864800334,"duration":1},"status":"passed","steps":[],"attachments":[],"parameters":[],"shouldDisplayMessage":false,"attachmentsCount":0,"stepsCount":0,"hasContent":false,"attachmentStep":false},{"name":"driver","time":{"start":1733866663870,"stop":1733866664309,"duration":439},"status":"passed","steps":[],"attachments":[],"parameters":[],"shouldDisplayMessage":false,"attachmentsCount":0,"stepsCount":0,"hasContent":false,"attachmentStep":false},{"name":"setup","time":{"start":1733866664309,"stop":1733866664309,"duration":0},"status":"passed","steps":[],"attachments":[],"parameters":[],"shouldDisplayMessage":false,"attachmentsCount":0,"stepsCount":0,"hasContent":false,"attachmentStep":false},{"name":"Инициализация локаторов","time":{"start":1733866664309,"stop":1733866664309,"duration":0},"status":"passed","steps":[{"name":"Инициализация локаторов","time":{"start":1733866664309,"stop":1733866664309,"duration":0},"status":"passed","steps":[],"attachments":[],"parameters":[{"name":"request","value":"<SubRequest 'elements' for <Function test_validation_of_the_invitation_code_field_when_entering_a_random_value>>"}],"shouldDisplayMessage":false,"attachmentsCount":0,"stepsCount":0,"hasContent":true,"attachmentStep":false}],"attachments":[],"parameters":[],"shouldDisplayMessage":false,"attachmentsCount":0,"stepsCount":1,"hasContent":true,"attachmentStep":false}],"testStage":{"status":"broken","statusMessage":"selenium.common.exceptions.TimeoutException: Message:","statusTrace":"self = <test_registration.TestRegistrationUser object at 0x7fcba43164e0>\nelements = {'Банк ачивок': {'Блок ачивок': ('xpath', '//div[contains(@class,\"user-achievement-by-interests_container\")]'), 'Модал...-sheet_icons\")]'), 'Название ачивки': ('xpath', '//div[contains(@class,\"achievement-item-bottom-sheet_title\")]')}, ...}\n\n    @allure.title('Проверка валидации поля \"Код приглашения\" при вводе случайного значения')\n    @allure.severity('Critical')\n    @pytest.mark.regression\n    def test_validation_of_the_invitation_code_field_when_entering_a_random_value(self, elements):\n        with allure.step('Открыть страницу авторизации'):\n            self.authorization_page.open()\n            element = elements['Страница авторизации']\n    \n        with allure.step('Нажать кнопку \"По смс (Для России)\"'):\n            self.authorization_page.do_click(element['Кнопка по смс'])\n    \n        with allure.step('Нажать кнопку Далее'):\n            element = elements['Страница регистрации']\n            self.join_page.do_click(element['Кнопка далее'])\n    \n        with allure.step('В поле никнейм ввести любое валидное значение'):\n            username = f'-{fake.user_name()}.{fake.pyint(min_value=1, max_value=2)}_'\n            self.join_page.field_send_keys(element['Поле никнейм'], text=f'{username}')\n    \n        with allure.step('Нажать кнопку Далее'):\n            self.join_page.do_click(element['Кнопка далее'])\n    \n        with allure.step('В поле Пароль ввести пароль'):\n            self.join_page.field_send_keys(element['Поле пароль'], text=self.User.PASSWORD)\n    \n        with allure.step('В поле Повтори пароль ввести пароль еще раз'):\n            self.join_page.field_send_keys(element['Поле повтори пароль'], text=self.User.PASSWORD)\n    \n        with allure.step('Нажать на чекбокс \"У меня есть код приглашения\"'):\n            self.join_page.do_click(element['Чекбокс код приглашения'])\n    \n        with allure.step('В поле код приглашения ввести рандомный текст'):\n            self.join_page.field_send_keys(element['Поле код приглашения'], text=fake.pystr())\n    \n        with allure.step('Нажать кнопку далее'):\n            self.join_page.do_click(element['Кнопка далее'])\n    \n        with allure.step('Проверить, что под полем \"Код приглашения\" сработала валидация с текстом:'\n                         ' \"Неверный код приглашения\"'):\n>           self.assertion.text_in_element(element['Валидация поля код приглашения'],\n                                           expected_text='Неверный код приглашения')\n\ntests/test_registration.py:625: \n_ _ _ _ _ _ _ _ _ _ _ _ _ _ _ _ _ _ _ _ _ _ _ _ _ _ _ _ _ _ _ _ _ _ _ _ _ _ _ _ \nbase/base_assertion.py:23: in text_in_element\n    assert self.wait.until(EC.text_to_be_present_in_element(by_locator, expected_text)), \\\n_ _ _ _ _ _ _ _ _ _ _ _ _ _ _ _ _ _ _ _ _ _ _ _ _ _ _ _ _ _ _ _ _ _ _ _ _ _ _ _ \n\nself = <selenium.webdriver.support.wait.WebDriverWait (session=\"5e2229674c31cf2c16ab08cc8b5b523b\")>\nmethod = <function text_to_be_present_in_element.<locals>._predicate at 0x7fcba4e7afc0>\nmessage = ''\n\n    def until(self, method: Callable[[D], Union[Literal[False], T]], message: str = \"\") -> T:\n        \"\"\"Calls the method provided with the driver as an argument until the \\\n        return value does not evaluate to ``False``.\n    \n        :param method: callable(WebDriver)\n        :param message: optional message for :exc:`TimeoutException`\n        :returns: the result of the last call to `method`\n        :raises: :exc:`selenium.common.exceptions.TimeoutException` if timeout occurs\n        \"\"\"\n        screen = None\n        stacktrace = None\n    \n        end_time = time.monotonic() + self._timeout\n        while True:\n            try:\n                value = method(self._driver)\n                if value:\n                    return value\n            except self._ignored_exceptions as exc:\n                screen = getattr(exc, \"screen\", None)\n                stacktrace = getattr(exc, \"stacktrace\", None)\n            if time.monotonic() > end_time:\n                break\n            time.sleep(self._poll)\n>       raise TimeoutException(message, screen, stacktrace)\nE       selenium.common.exceptions.TimeoutException: Message:\n\n../local/lib/python3.12/site-packages/selenium/webdriver/support/wait.py:105: TimeoutException","steps":[{"name":"Открыть страницу авторизации","time":{"start":1733866664309,"stop":1733866666886,"duration":2577},"status":"passed","steps":[],"attachments":[],"parameters":[],"shouldDisplayMessage":false,"attachmentsCount":0,"stepsCount":0,"hasContent":false,"attachmentStep":false},{"name":"Нажать кнопку \"По смс (Для России)\"","time":{"start":1733866666886,"stop":1733866669015,"duration":2129},"status":"passed","steps":[],"attachments":[],"parameters":[],"shouldDisplayMessage":false,"attachmentsCount":0,"stepsCount":0,"hasContent":false,"attachmentStep":false},{"name":"Нажать кнопку Далее","time":{"start":1733866669015,"stop":1733866669563,"duration":548},"status":"passed","steps":[],"attachments":[],"parameters":[],"shouldDisplayMessage":false,"attachmentsCount":0,"stepsCount":0,"hasContent":false,"attachmentStep":false},{"name":"В поле никнейм ввести любое валидное значение","time":{"start":1733866669563,"stop":1733866671132,"duration":1569},"status":"passed","steps":[],"attachments":[],"parameters":[],"shouldDisplayMessage":false,"attachmentsCount":0,"stepsCount":0,"hasContent":false,"attachmentStep":false},{"name":"Нажать кнопку Далее","time":{"start":1733866671132,"stop":1733866671171,"duration":39},"status":"passed","steps":[],"attachments":[],"parameters":[],"shouldDisplayMessage":false,"attachmentsCount":0,"stepsCount":0,"hasContent":false,"attachmentStep":false},{"name":"В поле Пароль ввести пароль","time":{"start":1733866671171,"stop":1733866672724,"duration":1553},"status":"passed","steps":[],"attachments":[],"parameters":[],"shouldDisplayMessage":false,"attachmentsCount":0,"stepsCount":0,"hasContent":false,"attachmentStep":false},{"name":"В поле Повтори пароль ввести пароль еще раз","time":{"start":1733866672724,"stop":1733866672770,"duration":46},"status":"passed","steps":[],"attachments":[],"parameters":[],"shouldDisplayMessage":false,"attachmentsCount":0,"stepsCount":0,"hasContent":false,"attachmentStep":false},{"name":"Нажать на чекбокс \"У меня есть код приглашения\"","time":{"start":1733866672770,"stop":1733866672818,"duration":48},"status":"passed","steps":[],"attachments":[],"parameters":[],"shouldDisplayMessage":false,"attachmentsCount":0,"stepsCount":0,"hasContent":false,"attachmentStep":false},{"name":"В поле код приглашения ввести рандомный текст","time":{"start":1733866672818,"stop":1733866672897,"duration":79},"status":"passed","steps":[],"attachments":[],"parameters":[],"shouldDisplayMessage":false,"attachmentsCount":0,"stepsCount":0,"hasContent":false,"attachmentStep":false},{"name":"Нажать кнопку далее","time":{"start":1733866672897,"stop":1733866672935,"duration":38},"status":"passed","steps":[],"attachments":[],"parameters":[],"shouldDisplayMessage":false,"attachmentsCount":0,"stepsCount":0,"hasContent":false,"attachmentStep":false},{"name":"Проверить, что под полем \"Код приглашения\" сработала валидация с текстом: \"Неверный код приглашения\"","time":{"start":1733866672935,"stop":1733866703059,"duration":30124},"status":"broken","statusMessage":"selenium.common.exceptions.TimeoutException: Message: \n\n","statusTrace":"  File \"/usr/workspace/tests/test_registration.py\", line 625, in test_validation_of_the_invitation_code_field_when_entering_a_random_value\n    self.assertion.text_in_element(element['Валидация поля код приглашения'],\n  File \"/usr/workspace/base/base_assertion.py\", line 23, in text_in_element\n    assert self.wait.until(EC.text_to_be_present_in_element(by_locator, expected_text)), \\\n           ^^^^^^^^^^^^^^^^^^^^^^^^^^^^^^^^^^^^^^^^^^^^^^^^^^^^^^^^^^^^^^^^^^^^^^^^^^^^\n  File \"/usr/local/lib/python3.12/site-packages/selenium/webdriver/support/wait.py\", line 105, in until\n    raise TimeoutException(message, screen, stacktrace)\n","steps":[],"attachments":[],"parameters":[],"shouldDisplayMessage":true,"attachmentsCount":0,"stepsCount":0,"hasContent":true,"attachmentStep":false}],"attachments":[],"parameters":[],"shouldDisplayMessage":true,"attachmentsCount":0,"stepsCount":11,"hasContent":true,"attachmentStep":false},"afterStages":[{"name":"driver::0","time":{"start":1733866703076,"stop":1733866703267,"duration":191},"status":"passed","steps":[],"attachments":[{"uid":"2f702cd5ee92ea00","name":"page_source","source":"2f702cd5ee92ea00.html","type":"text/html","size":25376},{"uid":"5993179d3b1eed12","name":"screenshot","source":"5993179d3b1eed12.png","type":"image/png","size":40507},{"uid":"b4db0bbe38820b3c","name":"browser_logs","source":"b4db0bbe38820b3c.txt","type":"text/plain","size":4308}],"parameters":[],"shouldDisplayMessage":false,"attachmentsCount":3,"stepsCount":0,"hasContent":true,"attachmentStep":false}],"labels":[{"name":"severity","value":"Critical"},{"name":"feature","value":"Регистрация пользователя"},{"name":"tag","value":"regression"},{"name":"tag","value":"registration"},{"name":"parentSuite","value":"tests"},{"name":"suite","value":"test_registration"},{"name":"subSuite","value":"TestRegistrationUser"},{"name":"host","value":"f0c727cd35a1"},{"name":"thread","value":"1-MainThread"},{"name":"framework","value":"pytest"},{"name":"language","value":"cpython3"},{"name":"package","value":"tests.test_registration"},{"name":"resultFormat","value":"allure2"}],"parameters":[],"links":[],"hidden":false,"retry":false,"extra":{"severity":"critical","retries":[],"categories":[{"name":"Test defects","matchedStatuses":[],"flaky":false}],"history":{"statistic":{"failed":0,"broken":10,"skipped":0,"passed":27,"unknown":0,"total":37},"items":[{"uid":"72bbb19d5e6415a0","status":"broken","statusDetails":"selenium.common.exceptions.TimeoutException: Message:","time":{"start":1733861102063,"stop":1733861140634,"duration":38571}},{"uid":"3356c611504b2fa8","status":"broken","statusDetails":"selenium.common.exceptions.TimeoutException: Message:","time":{"start":1733857522312,"stop":1733857560821,"duration":38509}},{"uid":"22c2d73ccaa9d038","status":"broken","statusDetails":"selenium.common.exceptions.TimeoutException: Message:","time":{"start":1733772467073,"stop":1733772506046,"duration":38973}},{"uid":"802bf0216cc3f875","status":"broken","statusDetails":"selenium.common.exceptions.TimeoutException: Message:","time":{"start":1733766890704,"stop":1733766929218,"duration":38514}},{"uid":"9d001e250df24797","status":"broken","statusDetails":"selenium.common.exceptions.TimeoutException: Message:","time":{"start":1733422515291,"stop":1733422528123,"duration":12832}},{"uid":"6be6863d4c850e45","status":"broken","statusDetails":"selenium.common.exceptions.TimeoutException: Message:","time":{"start":1726780824135,"stop":1726780835919,"duration":11784}},{"uid":"870c1b41bb810f63","status":"broken","statusDetails":"selenium.common.exceptions.TimeoutException: Message:","time":{"start":1726777606493,"stop":1726777619197,"duration":12704}},{"uid":"189080908ae8f2ac","status":"passed","time":{"start":1724099351423,"stop":1724099360847,"duration":9424}},{"uid":"4d048e028a7bf3d3","status":"passed","time":{"start":1723829691504,"stop":1723829701395,"duration":9891}},{"uid":"d50d8050b0e2b0e1","status":"passed","time":{"start":1723751824174,"stop":1723751832852,"duration":8678}},{"uid":"6316f19b24105ff1","status":"passed","time":{"start":1723742305144,"stop":1723742313743,"duration":8599}},{"uid":"6ede1ea1835df10d","status":"passed","time":{"start":1723664711981,"stop":1723664720752,"duration":8771}},{"uid":"39e17836be96e778","status":"passed","time":{"start":1723579428925,"stop":1723579438435,"duration":9510}},{"uid":"e0f90007c5d8e7f9","status":"passed","time":{"start":1723496585984,"stop":1723496595361,"duration":9377}},{"uid":"57f01db69615779e","status":"passed","time":{"start":1723150388782,"stop":1723150397134,"duration":8352}},{"uid":"4dc6d17025f4d627","status":"passed","time":{"start":1723149070935,"stop":1723149078874,"duration":7939}},{"uid":"d5b14c8cee0afa44","status":"passed","time":{"start":1723147312150,"stop":1723147320344,"duration":8194}},{"uid":"290d4dbfb95101ff","status":"broken","statusDetails":"selenium.common.exceptions.TimeoutException: Message: Не найден элемент с локатором ('xpath', '//input[@name=\"password\"]')","time":{"start":1723065537975,"stop":1723065573358,"duration":35383}},{"uid":"5149f8b599383574","status":"passed","time":{"start":1722977105681,"stop":1722977113734,"duration":8053}},{"uid":"d35fa359ba898b33","status":"passed","time":{"start":1722892354797,"stop":1722892364177,"duration":9380}}]},"tags":["regression","registration"]},"source":"db641e832f5fc620.json","parameterValues":[]}