{"uid":"df66257430889951","name":"Проверка возможности ввода и сохранения описания на кириллице","fullName":"tests.test_editing_profile.TestEditingProfile#test_the_ability_to_enter_and_save_descriptions_in_cyrillic","historyId":"d33fe9e18f17fd9c874cba998dcc3bc4","time":{"start":1733771493887,"stop":1733771493887,"duration":0},"description":"Проверяется на пользователе Aleska, после теста о себе очищается и сохраняется","descriptionHtml":"<p>Проверяется на пользователе Aleska, после теста о себе очищается и сохраняется</p>\n","status":"broken","statusMessage":"selenium.common.exceptions.TimeoutException: Message: Не найден элемент с локатором ('xpath', '//button[@data-testing=\"after_register_dialog__btn_choose_later\"]')","statusTrace":"request = <SubRequest 'login_to_app' for <Function test_the_ability_to_enter_and_save_descriptions_in_cyrillic>>\ndriver = <selenium.webdriver.chrome.webdriver.WebDriver (session=\"b04fa96729fade5f785e4a628c9cdfbc\")>\n\n    @pytest.fixture(scope='function')\n    @allure.title('Авторизация пользователя в системе')\n    @allure.step('Авторизация пользователя в системе')\n    def login_to_app(request, driver):\n        \"\"\" Логин в систему \"\"\"\n        login_page = ApiAuthorization(driver)\n        login_page.user(User.LOGIN, User.PASSWORD)\n>       later = login_page.find_element(config.locators.RubricPageLocators.locators['Кнопка выберу потом'])\n\nconftest.py:52: \n_ _ _ _ _ _ _ _ _ _ _ _ _ _ _ _ _ _ _ _ _ _ _ _ _ _ _ _ _ _ _ _ _ _ _ _ _ _ _ _ \nbase/base_page.py:140: in find_element\n    return self.wait.until(EC.visibility_of_element_located(locator),\n_ _ _ _ _ _ _ _ _ _ _ _ _ _ _ _ _ _ _ _ _ _ _ _ _ _ _ _ _ _ _ _ _ _ _ _ _ _ _ _ \n\nself = <selenium.webdriver.support.wait.WebDriverWait (session=\"b04fa96729fade5f785e4a628c9cdfbc\")>\nmethod = <function visibility_of_element_located.<locals>._predicate at 0x7f73fa2a7880>\nmessage = 'Не найден элемент с локатором (\\'xpath\\', \\'//button[@data-testing=\"after_register_dialog__btn_choose_later\"]\\')'\n\n    def until(self, method: Callable[[D], Union[Literal[False], T]], message: str = \"\") -> T:\n        \"\"\"Calls the method provided with the driver as an argument until the \\\n        return value does not evaluate to ``False``.\n    \n        :param method: callable(WebDriver)\n        :param message: optional message for :exc:`TimeoutException`\n        :returns: the result of the last call to `method`\n        :raises: :exc:`selenium.common.exceptions.TimeoutException` if timeout occurs\n        \"\"\"\n        screen = None\n        stacktrace = None\n    \n        end_time = time.monotonic() + self._timeout\n        while True:\n            try:\n                value = method(self._driver)\n                if value:\n                    return value\n            except self._ignored_exceptions as exc:\n                screen = getattr(exc, \"screen\", None)\n                stacktrace = getattr(exc, \"stacktrace\", None)\n            if time.monotonic() > end_time:\n                break\n            time.sleep(self._poll)\n>       raise TimeoutException(message, screen, stacktrace)\nE       selenium.common.exceptions.TimeoutException: Message: Не найден элемент с локатором ('xpath', '//button[@data-testing=\"after_register_dialog__btn_choose_later\"]')\n\n../local/lib/python3.12/site-packages/selenium/webdriver/support/wait.py:105: TimeoutException","flaky":false,"newFailed":false,"newBroken":false,"newPassed":false,"retriesCount":0,"retriesStatusChange":false,"beforeStages":[{"name":"_session_faker","time":{"start":1733770821274,"stop":1733770821276,"duration":2},"status":"passed","steps":[],"attachments":[],"parameters":[],"shouldDisplayMessage":false,"attachmentsCount":0,"stepsCount":0,"hasContent":false,"attachmentStep":false},{"name":"driver","time":{"start":1733771493887,"stop":1733771494319,"duration":432},"status":"passed","steps":[],"attachments":[],"parameters":[],"shouldDisplayMessage":false,"attachmentsCount":0,"stepsCount":0,"hasContent":false,"attachmentStep":false},{"name":"setup","time":{"start":1733771494319,"stop":1733771494320,"duration":1},"status":"passed","steps":[],"attachments":[],"parameters":[],"shouldDisplayMessage":false,"attachmentsCount":0,"stepsCount":0,"hasContent":false,"attachmentStep":false},{"name":"Авторизация пользователя в системе","time":{"start":1733771494320,"stop":1733771528771,"duration":34451},"status":"broken","statusMessage":"selenium.common.exceptions.TimeoutException: Message: Не найден элемент с локатором ('xpath', '//button[@data-testing=\"after_register_dialog__btn_choose_later\"]')\n\n","statusTrace":"  File \"/usr/local/lib/python3.12/site-packages/pluggy/_callers.py\", line 167, in _multicall\n    teardown.throw(outcome._exception)\n  File \"/usr/local/lib/python3.12/site-packages/_pytest/setuponly.py\", line 36, in pytest_fixture_setup\n    return (yield)\n            ^^^^^\n  File \"/usr/local/lib/python3.12/site-packages/pluggy/_callers.py\", line 103, in _multicall\n    res = hook_impl.function(*args)\n          ^^^^^^^^^^^^^^^^^^^^^^^^^\n  File \"/usr/local/lib/python3.12/site-packages/_pytest/fixtures.py\", line 1140, in pytest_fixture_setup\n    result = call_fixture_func(fixturefunc, request, kwargs)\n             ^^^^^^^^^^^^^^^^^^^^^^^^^^^^^^^^^^^^^^^^^^^^^^^\n  File \"/usr/local/lib/python3.12/site-packages/_pytest/fixtures.py\", line 898, in call_fixture_func\n    fixture_result = fixturefunc(**kwargs)\n                     ^^^^^^^^^^^^^^^^^^^^^\n  File \"/usr/local/lib/python3.12/site-packages/allure_commons/_allure.py\", line 192, in impl\n    return func(*a, **kw)\n           ^^^^^^^^^^^^^^\n  File \"/usr/workspace/conftest.py\", line 52, in login_to_app\n    later = login_page.find_element(config.locators.RubricPageLocators.locators['Кнопка выберу потом'])\n            ^^^^^^^^^^^^^^^^^^^^^^^^^^^^^^^^^^^^^^^^^^^^^^^^^^^^^^^^^^^^^^^^^^^^^^^^^^^^^^^^^^^^^^^^^^^\n  File \"/usr/workspace/base/base_page.py\", line 140, in find_element\n    return self.wait.until(EC.visibility_of_element_located(locator),\n           ^^^^^^^^^^^^^^^^^^^^^^^^^^^^^^^^^^^^^^^^^^^^^^^^^^^^^^^^^^\n  File \"/usr/local/lib/python3.12/site-packages/selenium/webdriver/support/wait.py\", line 105, in until\n    raise TimeoutException(message, screen, stacktrace)\n","steps":[{"name":"Авторизация пользователя в системе","time":{"start":1733771494320,"stop":1733771528771,"duration":34451},"status":"broken","statusMessage":"selenium.common.exceptions.TimeoutException: Message: Не найден элемент с локатором ('xpath', '//button[@data-testing=\"after_register_dialog__btn_choose_later\"]')\n\n","statusTrace":"  File \"/usr/local/lib/python3.12/site-packages/allure_commons/_allure.py\", line 192, in impl\n    return func(*a, **kw)\n           ^^^^^^^^^^^^^^\n  File \"/usr/workspace/conftest.py\", line 52, in login_to_app\n    later = login_page.find_element(config.locators.RubricPageLocators.locators['Кнопка выберу потом'])\n            ^^^^^^^^^^^^^^^^^^^^^^^^^^^^^^^^^^^^^^^^^^^^^^^^^^^^^^^^^^^^^^^^^^^^^^^^^^^^^^^^^^^^^^^^^^^\n  File \"/usr/workspace/base/base_page.py\", line 140, in find_element\n    return self.wait.until(EC.visibility_of_element_located(locator),\n           ^^^^^^^^^^^^^^^^^^^^^^^^^^^^^^^^^^^^^^^^^^^^^^^^^^^^^^^^^^\n  File \"/usr/local/lib/python3.12/site-packages/selenium/webdriver/support/wait.py\", line 105, in until\n    raise TimeoutException(message, screen, stacktrace)\n","steps":[],"attachments":[],"parameters":[{"name":"request","value":"<SubRequest 'login_to_app' for <Function test_the_ability_to_enter_and_save_descriptions_in_cyrillic>>"},{"name":"driver","value":"<selenium.webdriver.chrome.webdriver.WebDriver (session=\"b04fa96729fade5f785e4a628c9cdfbc\")>"}],"shouldDisplayMessage":true,"attachmentsCount":0,"stepsCount":0,"hasContent":true,"attachmentStep":false}],"attachments":[],"parameters":[],"shouldDisplayMessage":false,"attachmentsCount":0,"stepsCount":1,"hasContent":true,"attachmentStep":false},{"name":"Инициализация локаторов","time":{"start":1733771494320,"stop":1733771494320,"duration":0},"status":"passed","steps":[{"name":"Инициализация локаторов","time":{"start":1733771494320,"stop":1733771494320,"duration":0},"status":"passed","steps":[],"attachments":[],"parameters":[{"name":"request","value":"<SubRequest 'elements' for <Function test_the_ability_to_enter_and_save_descriptions_in_cyrillic>>"}],"shouldDisplayMessage":false,"attachmentsCount":0,"stepsCount":0,"hasContent":true,"attachmentStep":false}],"attachments":[],"parameters":[],"shouldDisplayMessage":false,"attachmentsCount":0,"stepsCount":1,"hasContent":true,"attachmentStep":false}],"afterStages":[{"name":"driver::0","time":{"start":1733771528781,"stop":1733771529051,"duration":270},"status":"passed","steps":[],"attachments":[{"uid":"81077486eae94610","name":"page_source","source":"81077486eae94610.html","type":"text/html","size":39184},{"uid":"41b9504426863f47","name":"screenshot","source":"41b9504426863f47.png","type":"image/png","size":151226},{"uid":"b9171c307bb81262","name":"browser_logs","source":"b9171c307bb81262.txt","type":"text/plain","size":4825}],"parameters":[],"shouldDisplayMessage":false,"attachmentsCount":3,"stepsCount":0,"hasContent":true,"attachmentStep":false}],"labels":[{"name":"feature","value":"Редактирование профиля"},{"name":"severity","value":"Critical"},{"name":"tag","value":"regression"},{"name":"tag","value":"editing_profile"},{"name":"parentSuite","value":"tests"},{"name":"suite","value":"test_editing_profile"},{"name":"subSuite","value":"TestEditingProfile"},{"name":"host","value":"3a881581078d"},{"name":"thread","value":"1-MainThread"},{"name":"framework","value":"pytest"},{"name":"language","value":"cpython3"},{"name":"package","value":"tests.test_editing_profile"},{"name":"resultFormat","value":"allure2"}],"parameters":[],"links":[],"hidden":false,"retry":false,"extra":{"severity":"critical","retries":[],"categories":[{"name":"Test defects","matchedStatuses":[],"flaky":false}],"history":{"statistic":{"failed":0,"broken":4,"skipped":0,"passed":14,"unknown":0,"total":18},"items":[{"uid":"936968dc9622af74","status":"broken","statusDetails":"selenium.common.exceptions.TimeoutException: Message:","time":{"start":1733765848262,"stop":1733765881857,"duration":33595}},{"uid":"65c9ed2f3da235f6","status":"broken","statusDetails":"selenium.common.exceptions.TimeoutException: Message:","time":{"start":1733421564856,"stop":1733421598460,"duration":33604}},{"uid":"32661aa5ad7647d","status":"passed","time":{"start":1726780135287,"stop":1726780142093,"duration":6806}},{"uid":"17a3423e3ee6f9db","status":"passed","time":{"start":1726776846173,"stop":1726776853001,"duration":6828}},{"uid":"80a82b08164e251e","status":"passed","time":{"start":1724098476631,"stop":1724098486048,"duration":9417}},{"uid":"6e8ff48cbd4255cf","status":"passed","time":{"start":1723828640350,"stop":1723828646937,"duration":6587}},{"uid":"662ef53861375a59","status":"passed","time":{"start":1723751027139,"stop":1723751033934,"duration":6795}},{"uid":"ce3d3e9b004f6543","status":"passed","time":{"start":1723741486480,"stop":1723741493234,"duration":6754}},{"uid":"f48f2b6954c801fc","status":"broken","statusDetails":"KeyError: 'access_token'","time":{"start":1723664241756,"stop":1723664241756,"duration":0}},{"uid":"220dfb9fb881a5b7","status":"passed","time":{"start":1723578587117,"stop":1723578593866,"duration":6749}},{"uid":"c8ebdca356c422e5","status":"passed","time":{"start":1723495758571,"stop":1723495764885,"duration":6314}},{"uid":"f673722dd7a1e881","status":"passed","time":{"start":1723149679279,"stop":1723149685596,"duration":6317}},{"uid":"79f40b352bc17213","status":"passed","time":{"start":1723148387604,"stop":1723148393818,"duration":6214}},{"uid":"ba0333ec81208b5e","status":"passed","time":{"start":1723146657247,"stop":1723146663560,"duration":6313}},{"uid":"ada8796fc1f45eb4","status":"passed","time":{"start":1723064878484,"stop":1723064884735,"duration":6251}},{"uid":"d9fadf25b5375a21","status":"passed","time":{"start":1722976619593,"stop":1722976625743,"duration":6150}},{"uid":"797ca4b880db2bc8","status":"passed","time":{"start":1722891832790,"stop":1722891841064,"duration":8274}}]},"tags":["editing_profile","regression"]},"source":"df66257430889951.json","parameterValues":[]}