{"uid":"e3ef48c9115d2137","name":"Проверить обновление счетчика просмотров проекта","fullName":"tests.test_profile.TestProfile#test_update_views_counter","historyId":"5d2f140f5151a80fc8ff5958afb6560a","time":{"start":1733772024421,"stop":1733772024421,"duration":0},"description":"Проверить, что счетчик изменяется при входе и открытии страницы","descriptionHtml":"<p>Проверить, что счетчик изменяется при входе и открытии страницы</p>\n","status":"broken","statusMessage":"selenium.common.exceptions.TimeoutException: Message: Не найден элемент с локатором ('xpath', '//button[@data-testing=\"after_register_dialog__btn_choose_later\"]')","statusTrace":"request = <SubRequest 'login_to_app' for <Function test_update_views_counter>>\ndriver = <selenium.webdriver.chrome.webdriver.WebDriver (session=\"4cbf48d09aa01784bc99b8d5d89f437e\")>\n\n    @pytest.fixture(scope='function')\n    @allure.title('Авторизация пользователя в системе')\n    @allure.step('Авторизация пользователя в системе')\n    def login_to_app(request, driver):\n        \"\"\" Логин в систему \"\"\"\n        login_page = ApiAuthorization(driver)\n        login_page.user(User.LOGIN, User.PASSWORD)\n>       later = login_page.find_element(config.locators.RubricPageLocators.locators['Кнопка выберу потом'])\n\nconftest.py:52: \n_ _ _ _ _ _ _ _ _ _ _ _ _ _ _ _ _ _ _ _ _ _ _ _ _ _ _ _ _ _ _ _ _ _ _ _ _ _ _ _ \nbase/base_page.py:140: in find_element\n    return self.wait.until(EC.visibility_of_element_located(locator),\n_ _ _ _ _ _ _ _ _ _ _ _ _ _ _ _ _ _ _ _ _ _ _ _ _ _ _ _ _ _ _ _ _ _ _ _ _ _ _ _ \n\nself = <selenium.webdriver.support.wait.WebDriverWait (session=\"4cbf48d09aa01784bc99b8d5d89f437e\")>\nmethod = <function visibility_of_element_located.<locals>._predicate at 0x7f73fea6dbc0>\nmessage = 'Не найден элемент с локатором (\\'xpath\\', \\'//button[@data-testing=\"after_register_dialog__btn_choose_later\"]\\')'\n\n    def until(self, method: Callable[[D], Union[Literal[False], T]], message: str = \"\") -> T:\n        \"\"\"Calls the method provided with the driver as an argument until the \\\n        return value does not evaluate to ``False``.\n    \n        :param method: callable(WebDriver)\n        :param message: optional message for :exc:`TimeoutException`\n        :returns: the result of the last call to `method`\n        :raises: :exc:`selenium.common.exceptions.TimeoutException` if timeout occurs\n        \"\"\"\n        screen = None\n        stacktrace = None\n    \n        end_time = time.monotonic() + self._timeout\n        while True:\n            try:\n                value = method(self._driver)\n                if value:\n                    return value\n            except self._ignored_exceptions as exc:\n                screen = getattr(exc, \"screen\", None)\n                stacktrace = getattr(exc, \"stacktrace\", None)\n            if time.monotonic() > end_time:\n                break\n            time.sleep(self._poll)\n>       raise TimeoutException(message, screen, stacktrace)\nE       selenium.common.exceptions.TimeoutException: Message: Не найден элемент с локатором ('xpath', '//button[@data-testing=\"after_register_dialog__btn_choose_later\"]')\n\n../local/lib/python3.12/site-packages/selenium/webdriver/support/wait.py:105: TimeoutException","flaky":true,"newFailed":false,"newBroken":false,"newPassed":false,"retriesCount":0,"retriesStatusChange":false,"beforeStages":[{"name":"_session_faker","time":{"start":1733770821274,"stop":1733770821276,"duration":2},"status":"passed","steps":[],"attachments":[],"parameters":[],"shouldDisplayMessage":false,"attachmentsCount":0,"stepsCount":0,"hasContent":false,"attachmentStep":false},{"name":"driver","time":{"start":1733772024422,"stop":1733772024854,"duration":432},"status":"passed","steps":[],"attachments":[],"parameters":[],"shouldDisplayMessage":false,"attachmentsCount":0,"stepsCount":0,"hasContent":false,"attachmentStep":false},{"name":"Инициализация локаторов","time":{"start":1733772024854,"stop":1733772024854,"duration":0},"status":"passed","steps":[{"name":"Инициализация локаторов","time":{"start":1733772024854,"stop":1733772024854,"duration":0},"status":"passed","steps":[],"attachments":[],"parameters":[{"name":"request","value":"<SubRequest 'elements' for <Function test_update_views_counter>>"}],"shouldDisplayMessage":false,"attachmentsCount":0,"stepsCount":0,"hasContent":true,"attachmentStep":false}],"attachments":[],"parameters":[],"shouldDisplayMessage":false,"attachmentsCount":0,"stepsCount":1,"hasContent":true,"attachmentStep":false},{"name":"setup","time":{"start":1733772024854,"stop":1733772024854,"duration":0},"status":"passed","steps":[],"attachments":[],"parameters":[],"shouldDisplayMessage":false,"attachmentsCount":0,"stepsCount":0,"hasContent":false,"attachmentStep":false},{"name":"Авторизация пользователя в системе","time":{"start":1733772024854,"stop":1733772058301,"duration":33447},"status":"broken","statusMessage":"selenium.common.exceptions.TimeoutException: Message: Не найден элемент с локатором ('xpath', '//button[@data-testing=\"after_register_dialog__btn_choose_later\"]')\n\n","statusTrace":"  File \"/usr/local/lib/python3.12/site-packages/pluggy/_callers.py\", line 167, in _multicall\n    teardown.throw(outcome._exception)\n  File \"/usr/local/lib/python3.12/site-packages/_pytest/setuponly.py\", line 36, in pytest_fixture_setup\n    return (yield)\n            ^^^^^\n  File \"/usr/local/lib/python3.12/site-packages/pluggy/_callers.py\", line 103, in _multicall\n    res = hook_impl.function(*args)\n          ^^^^^^^^^^^^^^^^^^^^^^^^^\n  File \"/usr/local/lib/python3.12/site-packages/_pytest/fixtures.py\", line 1140, in pytest_fixture_setup\n    result = call_fixture_func(fixturefunc, request, kwargs)\n             ^^^^^^^^^^^^^^^^^^^^^^^^^^^^^^^^^^^^^^^^^^^^^^^\n  File \"/usr/local/lib/python3.12/site-packages/_pytest/fixtures.py\", line 898, in call_fixture_func\n    fixture_result = fixturefunc(**kwargs)\n                     ^^^^^^^^^^^^^^^^^^^^^\n  File \"/usr/local/lib/python3.12/site-packages/allure_commons/_allure.py\", line 192, in impl\n    return func(*a, **kw)\n           ^^^^^^^^^^^^^^\n  File \"/usr/workspace/conftest.py\", line 52, in login_to_app\n    later = login_page.find_element(config.locators.RubricPageLocators.locators['Кнопка выберу потом'])\n            ^^^^^^^^^^^^^^^^^^^^^^^^^^^^^^^^^^^^^^^^^^^^^^^^^^^^^^^^^^^^^^^^^^^^^^^^^^^^^^^^^^^^^^^^^^^\n  File \"/usr/workspace/base/base_page.py\", line 140, in find_element\n    return self.wait.until(EC.visibility_of_element_located(locator),\n           ^^^^^^^^^^^^^^^^^^^^^^^^^^^^^^^^^^^^^^^^^^^^^^^^^^^^^^^^^^\n  File \"/usr/local/lib/python3.12/site-packages/selenium/webdriver/support/wait.py\", line 105, in until\n    raise TimeoutException(message, screen, stacktrace)\n","steps":[{"name":"Авторизация пользователя в системе","time":{"start":1733772024854,"stop":1733772058300,"duration":33446},"status":"broken","statusMessage":"selenium.common.exceptions.TimeoutException: Message: Не найден элемент с локатором ('xpath', '//button[@data-testing=\"after_register_dialog__btn_choose_later\"]')\n\n","statusTrace":"  File \"/usr/local/lib/python3.12/site-packages/allure_commons/_allure.py\", line 192, in impl\n    return func(*a, **kw)\n           ^^^^^^^^^^^^^^\n  File \"/usr/workspace/conftest.py\", line 52, in login_to_app\n    later = login_page.find_element(config.locators.RubricPageLocators.locators['Кнопка выберу потом'])\n            ^^^^^^^^^^^^^^^^^^^^^^^^^^^^^^^^^^^^^^^^^^^^^^^^^^^^^^^^^^^^^^^^^^^^^^^^^^^^^^^^^^^^^^^^^^^\n  File \"/usr/workspace/base/base_page.py\", line 140, in find_element\n    return self.wait.until(EC.visibility_of_element_located(locator),\n           ^^^^^^^^^^^^^^^^^^^^^^^^^^^^^^^^^^^^^^^^^^^^^^^^^^^^^^^^^^\n  File \"/usr/local/lib/python3.12/site-packages/selenium/webdriver/support/wait.py\", line 105, in until\n    raise TimeoutException(message, screen, stacktrace)\n","steps":[],"attachments":[],"parameters":[{"name":"request","value":"<SubRequest 'login_to_app' for <Function test_update_views_counter>>"},{"name":"driver","value":"<selenium.webdriver.chrome.webdriver.WebDriver (session=\"4cbf48d09aa01784bc99b8d5d89f437e\")>"}],"shouldDisplayMessage":true,"attachmentsCount":0,"stepsCount":0,"hasContent":true,"attachmentStep":false}],"attachments":[],"parameters":[],"shouldDisplayMessage":false,"attachmentsCount":0,"stepsCount":1,"hasContent":true,"attachmentStep":false}],"afterStages":[{"name":"driver::0","time":{"start":1733772058310,"stop":1733772058546,"duration":236},"status":"passed","steps":[],"attachments":[{"uid":"a818e0c11b6d913d","name":"page_source","source":"a818e0c11b6d913d.html","type":"text/html","size":39185},{"uid":"157ba245e42bd3d3","name":"screenshot","source":"157ba245e42bd3d3.png","type":"image/png","size":151211},{"uid":"f6c3953b909234fc","name":"browser_logs","source":"f6c3953b909234fc.txt","type":"text/plain","size":4825}],"parameters":[],"shouldDisplayMessage":false,"attachmentsCount":3,"stepsCount":0,"hasContent":true,"attachmentStep":false}],"labels":[{"name":"feature","value":"Профиль пользователя"},{"name":"severity","value":"Minor"},{"name":"tag","value":"regression"},{"name":"tag","value":"profile"},{"name":"parentSuite","value":"tests"},{"name":"suite","value":"test_profile"},{"name":"subSuite","value":"TestProfile"},{"name":"host","value":"3a881581078d"},{"name":"thread","value":"1-MainThread"},{"name":"framework","value":"pytest"},{"name":"language","value":"cpython3"},{"name":"package","value":"tests.test_profile"},{"name":"resultFormat","value":"allure2"}],"parameters":[],"links":[],"hidden":false,"retry":false,"extra":{"severity":"minor","retries":[],"categories":[{"name":"Test defects","matchedStatuses":[],"flaky":false}],"history":{"statistic":{"failed":3,"broken":4,"skipped":0,"passed":17,"unknown":0,"total":24},"items":[{"uid":"3afd4059a120e583","status":"broken","statusDetails":"selenium.common.exceptions.TimeoutException: Message: Не найдены элементы с локатором ('xpath', '//div[@class=\"user-project-list_count__TcOiJ\"]')","time":{"start":1733766505502,"stop":1733766535668,"duration":30166}},{"uid":"8a24dbcc121bb0a6","status":"broken","statusDetails":"selenium.common.exceptions.TimeoutException: Message: Не найдены элементы с локатором ('xpath', '//div[@class=\"user-project-list_count__TcOiJ\"]')","time":{"start":1733422071603,"stop":1733422101767,"duration":30164}},{"uid":"ffd73db5b714d6c2","status":"passed","time":{"start":1726780482473,"stop":1726780487518,"duration":5045}},{"uid":"6ba43e1672f7dc78","status":"passed","time":{"start":1726777220466,"stop":1726777227217,"duration":6751}},{"uid":"854d0fae8f8570a6","status":"failed","statusDetails":"AssertionError: Ожидалось True, получено False сравнивали 1796 и 1797","time":{"start":1724098991674,"stop":1724098996943,"duration":5269}},{"uid":"8885588ddfca24d0","status":"failed","statusDetails":"AssertionError: Ожидалось True, получено False сравнивали 1734 и 1735","time":{"start":1723829263818,"stop":1723829269067,"duration":5249}},{"uid":"5ee647fe541d94d3","status":"passed","time":{"start":1723751492832,"stop":1723751496420,"duration":3588}},{"uid":"5b59701dc8b92bc7","status":"passed","time":{"start":1723741973953,"stop":1723741977552,"duration":3599}},{"uid":"1b6e6c4baa732dbc","status":"broken","statusDetails":"KeyError: 'access_token'","time":{"start":1723664444948,"stop":1723664444948,"duration":0}},{"uid":"6d02acd82948763f","status":"passed","time":{"start":1723579074582,"stop":1723579078326,"duration":3744}},{"uid":"b05a9e5ba539131b","status":"passed","time":{"start":1723496204813,"stop":1723496211341,"duration":6528}},{"uid":"9428e3a6bfc5bded","status":"passed","time":{"start":1723150093320,"stop":1723150096841,"duration":3521}},{"uid":"bf482cd415527bbe","status":"passed","time":{"start":1723148739757,"stop":1723148743268,"duration":3511}},{"uid":"814105b9b37b56","status":"passed","time":{"start":1723147012043,"stop":1723147015595,"duration":3552}},{"uid":"6ab6d0722cf6294e","status":"passed","time":{"start":1723065237241,"stop":1723065240777,"duration":3536}},{"uid":"68e22246b4dea6ce","status":"passed","time":{"start":1722976778078,"stop":1722976781659,"duration":3581}},{"uid":"97d2209c1e58d331","status":"failed","statusDetails":"AssertionError: Ожидалось True, получено False сравнивали 838 и 839","time":{"start":1722891965433,"stop":1722891968999,"duration":3566}},{"uid":"fb11d4f9664956f4","status":"passed","time":{"start":1722625730883,"stop":1722625734415,"duration":3532}},{"uid":"4595ff2f2d31f603","status":"passed","time":{"start":1722546341022,"stop":1722546344551,"duration":3529}},{"uid":"51166775f23c3b97","status":"passed","time":{"start":1722370137099,"stop":1722370140770,"duration":3671}}]},"tags":["regression","profile"]},"source":"e3ef48c9115d2137.json","parameterValues":[]}