{"uid":"e9488330fae2ea33","name":"Проверка возможности просмотреть детальный экран ачивки","fullName":"tests.test_profile.TestProfile#test_the_ability_to_view_the_detailed_achievement_screen","historyId":"b32b36cebb1f2fce6eb4749094b7d765","time":{"start":1738875244458,"stop":1738875244458,"duration":0},"description":"Проверка происходит на пользователе Aleska у которого есть ачивки","descriptionHtml":"<p>Проверка происходит на пользователе Aleska у которого есть ачивки</p>\n","status":"broken","statusMessage":"KeyError: 'access_token'","statusTrace":"request = <SubRequest 'login_to_app' for <Function test_the_ability_to_view_the_detailed_achievement_screen>>\ndriver = <selenium.webdriver.chrome.webdriver.WebDriver (session=\"59bd6d17b9c74f77d757212795e49f5d\")>\n\n    @pytest.fixture(scope='function')\n    @allure.title('Авторизация пользователя в системе')\n    @allure.step('Авторизация пользователя в системе')\n    def login_to_app(request, driver):\n        \"\"\" Фикстура Логина в систему \"\"\"\n        login_page = ApiAuthorization(driver)\n>       login_page.user(User.LOGIN, User.PASSWORD)\n\nconftest.py:53: \n_ _ _ _ _ _ _ _ _ _ _ _ _ _ _ _ _ _ _ _ _ _ _ _ _ _ _ _ _ _ _ _ _ _ _ _ _ _ _ _ \n\nself = <model.api.authorization.ApiAuthorization object at 0x7fc252b19760>\nusername = 'Aleska', password = 'qwe123'\n\n    def user(self, username: str, password: str) -> None:\n        \"\"\"\n        Метод авторизации пользователя по средствам API.\n    \n        :param username: Логин пользователя\n        :param password: Пароль пользователя\n        \"\"\"\n        headers = {\n            'X-Client-Id': 'round',\n            'X-Client-Type': 'web',\n            'X-Language': 'ru'\n        }\n        data = {\n            'client_id': 'Krujok.Online.Mobile',\n            'grant_type': 'password',\n            'username': username,\n            'password': password\n        }\n    \n        response = requests.post(url=Api.TOKEN, headers=headers, data=data)\n>       access_token = response.json()[\"access_token\"]\nE       KeyError: 'access_token'\n\nmodel/api/authorization.py:30: KeyError","flaky":false,"newFailed":false,"newBroken":true,"newPassed":false,"retriesCount":0,"retriesStatusChange":false,"beforeStages":[{"name":"_session_faker","time":{"start":1738874486972,"stop":1738874486974,"duration":2},"status":"passed","steps":[],"attachments":[],"parameters":[],"shouldDisplayMessage":false,"attachmentsCount":0,"stepsCount":0,"hasContent":false,"attachmentStep":false},{"name":"driver","time":{"start":1738875244458,"stop":1738875244880,"duration":422},"status":"passed","steps":[],"attachments":[],"parameters":[],"shouldDisplayMessage":false,"attachmentsCount":0,"stepsCount":0,"hasContent":false,"attachmentStep":false},{"name":"setup","time":{"start":1738875244880,"stop":1738875244881,"duration":1},"status":"passed","steps":[],"attachments":[],"parameters":[],"shouldDisplayMessage":false,"attachmentsCount":0,"stepsCount":0,"hasContent":false,"attachmentStep":false},{"name":"Инициализация локаторов","time":{"start":1738875244881,"stop":1738875244881,"duration":0},"status":"passed","steps":[{"name":"Инициализация локаторов","time":{"start":1738875244881,"stop":1738875244881,"duration":0},"status":"passed","steps":[],"attachments":[],"parameters":[{"name":"request","value":"<SubRequest 'elements' for <Function test_the_ability_to_view_the_detailed_achievement_screen>>"}],"shouldDisplayMessage":false,"attachmentsCount":0,"stepsCount":0,"hasContent":true,"attachmentStep":false}],"attachments":[],"parameters":[],"shouldDisplayMessage":false,"attachmentsCount":0,"stepsCount":1,"hasContent":true,"attachmentStep":false},{"name":"Авторизация пользователя в системе","time":{"start":1738875244881,"stop":1738875245332,"duration":451},"status":"broken","statusMessage":"KeyError: 'access_token'\n","statusTrace":"  File \"/usr/local/lib/python3.12/site-packages/pluggy/_callers.py\", line 167, in _multicall\n    teardown.throw(outcome._exception)\n  File \"/usr/local/lib/python3.12/site-packages/_pytest/setuponly.py\", line 36, in pytest_fixture_setup\n    return (yield)\n            ^^^^^\n  File \"/usr/local/lib/python3.12/site-packages/pluggy/_callers.py\", line 103, in _multicall\n    res = hook_impl.function(*args)\n          ^^^^^^^^^^^^^^^^^^^^^^^^^\n  File \"/usr/local/lib/python3.12/site-packages/_pytest/fixtures.py\", line 1140, in pytest_fixture_setup\n    result = call_fixture_func(fixturefunc, request, kwargs)\n             ^^^^^^^^^^^^^^^^^^^^^^^^^^^^^^^^^^^^^^^^^^^^^^^\n  File \"/usr/local/lib/python3.12/site-packages/_pytest/fixtures.py\", line 898, in call_fixture_func\n    fixture_result = fixturefunc(**kwargs)\n                     ^^^^^^^^^^^^^^^^^^^^^\n  File \"/usr/local/lib/python3.12/site-packages/allure_commons/_allure.py\", line 192, in impl\n    return func(*a, **kw)\n           ^^^^^^^^^^^^^^\n  File \"/usr/workspace/conftest.py\", line 53, in login_to_app\n    login_page.user(User.LOGIN, User.PASSWORD)\n  File \"/usr/workspace/model/api/authorization.py\", line 30, in user\n    access_token = response.json()[\"access_token\"]\n                   ~~~~~~~~~~~~~~~^^^^^^^^^^^^^^^^\n","steps":[{"name":"Авторизация пользователя в системе","time":{"start":1738875244881,"stop":1738875245331,"duration":450},"status":"broken","statusMessage":"KeyError: 'access_token'\n","statusTrace":"  File \"/usr/local/lib/python3.12/site-packages/allure_commons/_allure.py\", line 192, in impl\n    return func(*a, **kw)\n           ^^^^^^^^^^^^^^\n  File \"/usr/workspace/conftest.py\", line 53, in login_to_app\n    login_page.user(User.LOGIN, User.PASSWORD)\n  File \"/usr/workspace/model/api/authorization.py\", line 30, in user\n    access_token = response.json()[\"access_token\"]\n                   ~~~~~~~~~~~~~~~^^^^^^^^^^^^^^^^\n","steps":[],"attachments":[],"parameters":[{"name":"request","value":"<SubRequest 'login_to_app' for <Function test_the_ability_to_view_the_detailed_achievement_screen>>"},{"name":"driver","value":"<selenium.webdriver.chrome.webdriver.WebDriver (session=\"59bd6d17b9c74f77d757212795e49f5d\")>"}],"shouldDisplayMessage":true,"attachmentsCount":0,"stepsCount":0,"hasContent":true,"attachmentStep":false}],"attachments":[],"parameters":[],"shouldDisplayMessage":false,"attachmentsCount":0,"stepsCount":1,"hasContent":true,"attachmentStep":false}],"afterStages":[{"name":"driver::0","time":{"start":1738875245338,"stop":1738875245522,"duration":184},"status":"passed","steps":[],"attachments":[{"uid":"9134aa4c0dfe849a","name":"page_source","source":"9134aa4c0dfe849a.html","type":"text/html","size":39},{"uid":"e0b43ec312f440aa","name":"screenshot","source":"e0b43ec312f440aa.png","type":"image/png","size":10592},{"uid":"ec1a32753ec57181","name":"browser_logs","source":"ec1a32753ec57181.txt","type":"text/plain","size":0}],"parameters":[],"shouldDisplayMessage":false,"attachmentsCount":3,"stepsCount":0,"hasContent":true,"attachmentStep":false}],"labels":[{"name":"severity","value":"Minor"},{"name":"feature","value":"Профиль пользователя"},{"name":"tag","value":"regression"},{"name":"tag","value":"profile"},{"name":"parentSuite","value":"tests"},{"name":"suite","value":"test_profile"},{"name":"subSuite","value":"TestProfile"},{"name":"host","value":"2fa5c50d49f6"},{"name":"thread","value":"1-MainThread"},{"name":"framework","value":"pytest"},{"name":"language","value":"cpython3"},{"name":"package","value":"tests.test_profile"},{"name":"resultFormat","value":"allure2"}],"parameters":[],"links":[],"hidden":false,"retry":false,"extra":{"severity":"minor","retries":[],"categories":[{"name":"Test defects","matchedStatuses":[],"flaky":false}],"history":{"statistic":{"failed":0,"broken":8,"skipped":0,"passed":37,"unknown":0,"total":45},"items":[{"uid":"206bfb10e5014752","status":"passed","time":{"start":1738872394681,"stop":1738872396353,"duration":1672}},{"uid":"1ba3f9e06dbe5b39","status":"broken","statusDetails":"KeyError: 'access_token'","time":{"start":1738865308567,"stop":1738865308567,"duration":0}},{"uid":"67209a7ba75604d","status":"passed","time":{"start":1738269297619,"stop":1738269299272,"duration":1653}},{"uid":"63d94b97e5e3d2c9","status":"passed","time":{"start":1738099769317,"stop":1738099770944,"duration":1627}},{"uid":"6eebf467b40924e2","status":"passed","time":{"start":1738005622873,"stop":1738005624523,"duration":1650}},{"uid":"8d714fc4aaee47de","status":"passed","time":{"start":1738002907169,"stop":1738002908311,"duration":1142}},{"uid":"f6f9a5e4677ae6bb","status":"broken","statusDetails":"selenium.common.exceptions.TimeoutException: Message: script timeout\n  (Session info: chrome=132.0.6834.83)","time":{"start":1737932038120,"stop":1737932038120,"duration":0}},{"uid":"4dfe37a5dba58226","status":"passed","time":{"start":1737843280013,"stop":1737843283166,"duration":3153}},{"uid":"be9d2499e6fc1011","status":"passed","time":{"start":1737832471158,"stop":1737832473859,"duration":2701}},{"uid":"56f55c2ef22a2fa7","status":"passed","time":{"start":1737799834016,"stop":1737799836696,"duration":2680}},{"uid":"fbe4499c2109b14b","status":"passed","time":{"start":1737758065840,"stop":1737758068550,"duration":2710}},{"uid":"a8ece8b37403d7c4","status":"passed","time":{"start":1737745060747,"stop":1737745063459,"duration":2712}},{"uid":"b677bfb746434609","status":"passed","time":{"start":1737652949880,"stop":1737652952520,"duration":2640}},{"uid":"171504420d377b10","status":"passed","time":{"start":1737570627721,"stop":1737570629898,"duration":2177}},{"uid":"e968bac38e0aefa0","status":"broken","statusDetails":"selenium.common.exceptions.WebDriverException: Message: unknown error: Chrome failed to start: exited abnormally.\n  (unknown error: DevToolsActivePort file doesn't exist)\n  (The process started from chrome location /usr/bin/chromium-browser is no longer running, so ChromeDriver is assuming that Chrome has crashed.)","time":{"start":1737568967928,"stop":1737568967928,"duration":0}},{"uid":"e925fa2bc202e84d","status":"passed","time":{"start":1734034879276,"stop":1734034882351,"duration":3075}},{"uid":"bfef848af36b7c4c","status":"passed","time":{"start":1733937590460,"stop":1733937593565,"duration":3105}},{"uid":"b011ad2056a229ce","status":"passed","time":{"start":1733866189066,"stop":1733866190432,"duration":1366}},{"uid":"3e249da40ea58c6e","status":"passed","time":{"start":1733860629904,"stop":1733860631077,"duration":1173}},{"uid":"8723fbb43a2f14e3","status":"broken","statusDetails":"selenium.common.exceptions.TimeoutException: Message: Не найден элемент с локатором ('xpath', '//button[@data-testing=\"after_register_dialog__btn_choose_later\"]')","time":{"start":1733857152113,"stop":1733857152113,"duration":0}}]},"tags":["regression","profile"]},"source":"e9488330fae2ea33.json","parameterValues":[]}