{"uid":"ea319c43c791ad60","name":"Проверка возможности просмотреть все свои проекты в профиле","fullName":"tests.test_profile.TestProfile#test_open_user_profile","historyId":"cb3a9a33dfaeeaf73af18c868aa1fa39","time":{"start":1733421956770,"stop":1733421956770,"duration":0},"description":"Проверяется, что при открытие профиля в нем отображаются проекты в количестве > 0","descriptionHtml":"<p>Проверяется, что при открытие профиля в нем отображаются проекты в количестве &gt; 0</p>\n","status":"broken","statusMessage":"selenium.common.exceptions.TimeoutException: Message: Не найден элемент с локатором ('xpath', '//button[@data-testing=\"after_register_dialog__btn_choose_later\"]')","statusTrace":"request = <SubRequest 'login_to_app' for <Function test_open_user_profile>>\ndriver = <selenium.webdriver.chrome.webdriver.WebDriver (session=\"cf9390f1113b54e732062db638865642\")>\n\n    @pytest.fixture(scope='function')\n    @allure.title('Авторизация пользователя в системе')\n    @allure.step('Авторизация пользователя в системе')\n    def login_to_app(request, driver):\n        \"\"\" Логин в систему \"\"\"\n        login_page = ApiAuthorization(driver)\n        login_page.user(User.LOGIN, User.PASSWORD)\n>       later = login_page.find_element(config.locators.RubricPageLocators.locators['Кнопка выберу потом'])\n\nconftest.py:52: \n_ _ _ _ _ _ _ _ _ _ _ _ _ _ _ _ _ _ _ _ _ _ _ _ _ _ _ _ _ _ _ _ _ _ _ _ _ _ _ _ \nbase/base_page.py:140: in find_element\n    return self.wait.until(EC.visibility_of_element_located(locator),\n_ _ _ _ _ _ _ _ _ _ _ _ _ _ _ _ _ _ _ _ _ _ _ _ _ _ _ _ _ _ _ _ _ _ _ _ _ _ _ _ \n\nself = <selenium.webdriver.support.wait.WebDriverWait (session=\"cf9390f1113b54e732062db638865642\")>\nmethod = <function visibility_of_element_located.<locals>._predicate at 0x7f98ddb83880>\nmessage = 'Не найден элемент с локатором (\\'xpath\\', \\'//button[@data-testing=\"after_register_dialog__btn_choose_later\"]\\')'\n\n    def until(self, method: Callable[[D], Union[Literal[False], T]], message: str = \"\") -> T:\n        \"\"\"Calls the method provided with the driver as an argument until the \\\n        return value does not evaluate to ``False``.\n    \n        :param method: callable(WebDriver)\n        :param message: optional message for :exc:`TimeoutException`\n        :returns: the result of the last call to `method`\n        :raises: :exc:`selenium.common.exceptions.TimeoutException` if timeout occurs\n        \"\"\"\n        screen = None\n        stacktrace = None\n    \n        end_time = time.monotonic() + self._timeout\n        while True:\n            try:\n                value = method(self._driver)\n                if value:\n                    return value\n            except self._ignored_exceptions as exc:\n                screen = getattr(exc, \"screen\", None)\n                stacktrace = getattr(exc, \"stacktrace\", None)\n            if time.monotonic() > end_time:\n                break\n            time.sleep(self._poll)\n>       raise TimeoutException(message, screen, stacktrace)\nE       selenium.common.exceptions.TimeoutException: Message: Не найден элемент с локатором ('xpath', '//button[@data-testing=\"after_register_dialog__btn_choose_later\"]')\n\n../local/lib/python3.12/site-packages/selenium/webdriver/support/wait.py:105: TimeoutException","flaky":false,"newFailed":false,"newBroken":true,"newPassed":false,"retriesCount":0,"retriesStatusChange":false,"beforeStages":[{"name":"_session_faker","time":{"start":1733421090315,"stop":1733421090316,"duration":1},"status":"passed","steps":[],"attachments":[],"parameters":[],"shouldDisplayMessage":false,"attachmentsCount":0,"stepsCount":0,"hasContent":false,"attachmentStep":false},{"name":"driver","time":{"start":1733421956770,"stop":1733421957205,"duration":435},"status":"passed","steps":[],"attachments":[],"parameters":[],"shouldDisplayMessage":false,"attachmentsCount":0,"stepsCount":0,"hasContent":false,"attachmentStep":false},{"name":"setup","time":{"start":1733421957206,"stop":1733421957206,"duration":0},"status":"passed","steps":[],"attachments":[],"parameters":[],"shouldDisplayMessage":false,"attachmentsCount":0,"stepsCount":0,"hasContent":false,"attachmentStep":false},{"name":"Инициализация локаторов","time":{"start":1733421957206,"stop":1733421957206,"duration":0},"status":"passed","steps":[{"name":"Инициализация локаторов","time":{"start":1733421957206,"stop":1733421957206,"duration":0},"status":"passed","steps":[],"attachments":[],"parameters":[{"name":"request","value":"<SubRequest 'elements' for <Function test_open_user_profile>>"}],"shouldDisplayMessage":false,"attachmentsCount":0,"stepsCount":0,"hasContent":true,"attachmentStep":false}],"attachments":[],"parameters":[],"shouldDisplayMessage":false,"attachmentsCount":0,"stepsCount":1,"hasContent":true,"attachmentStep":false},{"name":"Авторизация пользователя в системе","time":{"start":1733421957206,"stop":1733421990960,"duration":33754},"status":"broken","statusMessage":"selenium.common.exceptions.TimeoutException: Message: Не найден элемент с локатором ('xpath', '//button[@data-testing=\"after_register_dialog__btn_choose_later\"]')\n\n","statusTrace":"  File \"/usr/local/lib/python3.12/site-packages/pluggy/_callers.py\", line 167, in _multicall\n    teardown.throw(outcome._exception)\n  File \"/usr/local/lib/python3.12/site-packages/_pytest/setuponly.py\", line 36, in pytest_fixture_setup\n    return (yield)\n            ^^^^^\n  File \"/usr/local/lib/python3.12/site-packages/pluggy/_callers.py\", line 103, in _multicall\n    res = hook_impl.function(*args)\n          ^^^^^^^^^^^^^^^^^^^^^^^^^\n  File \"/usr/local/lib/python3.12/site-packages/_pytest/fixtures.py\", line 1140, in pytest_fixture_setup\n    result = call_fixture_func(fixturefunc, request, kwargs)\n             ^^^^^^^^^^^^^^^^^^^^^^^^^^^^^^^^^^^^^^^^^^^^^^^\n  File \"/usr/local/lib/python3.12/site-packages/_pytest/fixtures.py\", line 898, in call_fixture_func\n    fixture_result = fixturefunc(**kwargs)\n                     ^^^^^^^^^^^^^^^^^^^^^\n  File \"/usr/local/lib/python3.12/site-packages/allure_commons/_allure.py\", line 192, in impl\n    return func(*a, **kw)\n           ^^^^^^^^^^^^^^\n  File \"/usr/workspace/conftest.py\", line 52, in login_to_app\n    later = login_page.find_element(config.locators.RubricPageLocators.locators['Кнопка выберу потом'])\n            ^^^^^^^^^^^^^^^^^^^^^^^^^^^^^^^^^^^^^^^^^^^^^^^^^^^^^^^^^^^^^^^^^^^^^^^^^^^^^^^^^^^^^^^^^^^\n  File \"/usr/workspace/base/base_page.py\", line 140, in find_element\n    return self.wait.until(EC.visibility_of_element_located(locator),\n           ^^^^^^^^^^^^^^^^^^^^^^^^^^^^^^^^^^^^^^^^^^^^^^^^^^^^^^^^^^\n  File \"/usr/local/lib/python3.12/site-packages/selenium/webdriver/support/wait.py\", line 105, in until\n    raise TimeoutException(message, screen, stacktrace)\n","steps":[{"name":"Авторизация пользователя в системе","time":{"start":1733421957206,"stop":1733421990960,"duration":33754},"status":"broken","statusMessage":"selenium.common.exceptions.TimeoutException: Message: Не найден элемент с локатором ('xpath', '//button[@data-testing=\"after_register_dialog__btn_choose_later\"]')\n\n","statusTrace":"  File \"/usr/local/lib/python3.12/site-packages/allure_commons/_allure.py\", line 192, in impl\n    return func(*a, **kw)\n           ^^^^^^^^^^^^^^\n  File \"/usr/workspace/conftest.py\", line 52, in login_to_app\n    later = login_page.find_element(config.locators.RubricPageLocators.locators['Кнопка выберу потом'])\n            ^^^^^^^^^^^^^^^^^^^^^^^^^^^^^^^^^^^^^^^^^^^^^^^^^^^^^^^^^^^^^^^^^^^^^^^^^^^^^^^^^^^^^^^^^^^\n  File \"/usr/workspace/base/base_page.py\", line 140, in find_element\n    return self.wait.until(EC.visibility_of_element_located(locator),\n           ^^^^^^^^^^^^^^^^^^^^^^^^^^^^^^^^^^^^^^^^^^^^^^^^^^^^^^^^^^\n  File \"/usr/local/lib/python3.12/site-packages/selenium/webdriver/support/wait.py\", line 105, in until\n    raise TimeoutException(message, screen, stacktrace)\n","steps":[],"attachments":[],"parameters":[{"name":"request","value":"<SubRequest 'login_to_app' for <Function test_open_user_profile>>"},{"name":"driver","value":"<selenium.webdriver.chrome.webdriver.WebDriver (session=\"cf9390f1113b54e732062db638865642\")>"}],"shouldDisplayMessage":true,"attachmentsCount":0,"stepsCount":0,"hasContent":true,"attachmentStep":false}],"attachments":[],"parameters":[],"shouldDisplayMessage":false,"attachmentsCount":0,"stepsCount":1,"hasContent":true,"attachmentStep":false}],"afterStages":[{"name":"driver::0","time":{"start":1733421990969,"stop":1733421991226,"duration":257},"status":"passed","steps":[],"attachments":[{"uid":"4a546344a08d9318","name":"page_source","source":"4a546344a08d9318.html","type":"text/html","size":39249},{"uid":"1f12b55b3e58eee4","name":"screenshot","source":"1f12b55b3e58eee4.png","type":"image/png","size":151856},{"uid":"524320b3eb73d2a9","name":"browser_logs","source":"524320b3eb73d2a9.txt","type":"text/plain","size":4825}],"parameters":[],"shouldDisplayMessage":false,"attachmentsCount":3,"stepsCount":0,"hasContent":true,"attachmentStep":false}],"labels":[{"name":"severity","value":"Critical"},{"name":"feature","value":"Профиль пользователя"},{"name":"tag","value":"regression"},{"name":"tag","value":"profile"},{"name":"parentSuite","value":"tests"},{"name":"suite","value":"test_profile"},{"name":"subSuite","value":"TestProfile"},{"name":"host","value":"511a3a5ccd0d"},{"name":"thread","value":"1-MainThread"},{"name":"framework","value":"pytest"},{"name":"language","value":"cpython3"},{"name":"package","value":"tests.test_profile"},{"name":"resultFormat","value":"allure2"}],"parameters":[],"links":[],"hidden":false,"retry":false,"extra":{"severity":"critical","retries":[],"categories":[{"name":"Test defects","matchedStatuses":[],"flaky":false}],"history":{"statistic":{"failed":0,"broken":4,"skipped":0,"passed":22,"unknown":0,"total":26},"items":[{"uid":"82f9cc258942bb0a","status":"passed","time":{"start":1726780424170,"stop":1726780425768,"duration":1598}},{"uid":"b1199be929f72a9b","status":"passed","time":{"start":1726777154300,"stop":1726777155901,"duration":1601}},{"uid":"9c10f2515cf76617","status":"passed","time":{"start":1724098958074,"stop":1724098961184,"duration":3110}},{"uid":"780bd891a0a27a24","status":"passed","time":{"start":1723829202507,"stop":1723829205609,"duration":3102}},{"uid":"2b48eb776c761c43","status":"passed","time":{"start":1723751467382,"stop":1723751468975,"duration":1593}},{"uid":"1abb8148e4c7c86f","status":"passed","time":{"start":1723741890671,"stop":1723741892262,"duration":1591}},{"uid":"73492ee5987cf599","status":"broken","statusDetails":"KeyError: 'access_token'","time":{"start":1723664441431,"stop":1723664441431,"duration":0}},{"uid":"d02130eccb518c79","status":"passed","time":{"start":1723579046144,"stop":1723579047738,"duration":1594}},{"uid":"a43dd43848f328fd","status":"passed","time":{"start":1723496180939,"stop":1723496182528,"duration":1589}},{"uid":"e8d9177d231d1386","status":"passed","time":{"start":1723150062371,"stop":1723150066971,"duration":4600}},{"uid":"d6c0985f63d231aa","status":"passed","time":{"start":1723148715194,"stop":1723148716783,"duration":1589}},{"uid":"81a7acc32609eec8","status":"passed","time":{"start":1723146988421,"stop":1723146990011,"duration":1590}},{"uid":"c552a6b62424cffa","status":"passed","time":{"start":1723065213276,"stop":1723065214874,"duration":1598}},{"uid":"7e08e3481bc2ed00","status":"passed","time":{"start":1722976749991,"stop":1722976753088,"duration":3097}},{"uid":"d2361f0b0d62c2e9","status":"passed","time":{"start":1722891938519,"stop":1722891940110,"duration":1591}},{"uid":"f79f830ec944e47d","status":"passed","time":{"start":1722625677947,"stop":1722625679541,"duration":1594}},{"uid":"2cbc5a2588b8353c","status":"passed","time":{"start":1722546312978,"stop":1722546314569,"duration":1591}},{"uid":"8ef73140ee98313c","status":"passed","time":{"start":1722370111175,"stop":1722370112768,"duration":1593}},{"uid":"dbef5413b583cd24","status":"passed","time":{"start":1722283136284,"stop":1722283137882,"duration":1598}},{"uid":"31dfacf7f70d940b","status":"passed","time":{"start":1722018189631,"stop":1722018191229,"duration":1598}}]},"tags":["regression","profile"]},"source":"ea319c43c791ad60.json","parameterValues":[]}