{"uid":"eb9d01b48c7eebac","name":"Проверить отображения проектов ожидающих модерации","fullName":"tests.test_profile.TestProfile#test_displays_projects_awaiting_moderation","historyId":"c929eaafb49f01d6cb13c05b2782e17d","time":{"start":1739310653469,"stop":1739310683651,"duration":30182},"description":"Проверяется, что при открытие профиля отображаются проекты ожидающих модерации в количестве > 0","descriptionHtml":"<p>Проверяется, что при открытие профиля отображаются проекты ожидающих модерации в количестве &gt; 0</p>\n","status":"broken","statusMessage":"selenium.common.exceptions.TimeoutException: Message: Не найдены элементы с локатором ('xpath', '//div[@data-testing=\"project_moderation\"]')","statusTrace":"self = <test_profile.TestProfile object at 0x7f2e17ff1d90>\nelements = {'Банк ачивок': {'Блок ачивок': ('xpath', '//div[contains(@class,\"user-achievement-by-interests_container\")]'), 'Модал...'carrot-messenger-frame'), 'Чат кэррот': ('xpath', '//div[contains(@class,\"carrot-messenger-frame-container\")]')}, ...}\nlogin_to_app = None\n\n    @allure.title('Проверить отображения проектов ожидающих модерации')\n    @allure.description(\n        'Проверяется, что при открытие профиля отображаются проекты ожидающих модерации в количестве > 0')\n    @allure.severity('Critical')\n    @pytest.mark.regression\n    def test_displays_projects_awaiting_moderation(self, elements, login_to_app):\n        with allure.step('Нажать на кнопку профиль'):\n            self.app.profile_button_click()\n    \n        with allure.step('Проверить, что количество проектов ожидающих модерации > 0 и проект видим'):\n            element = elements['Профиль пользователя']\n>           self.assertion.length_elements(element['Проект ожидает модерации'], length=0)\n\ntests/test_profile.py:52: \n_ _ _ _ _ _ _ _ _ _ _ _ _ _ _ _ _ _ _ _ _ _ _ _ _ _ _ _ _ _ _ _ _ _ _ _ _ _ _ _ \nbase/base_assertion.py:149: in length_elements\n    assert len(self.find_elements(by_locator)) >= length, (\nbase/base_page.py:171: in find_elements\n    return self.wait.until(EC.visibility_of_all_elements_located(locator),\n_ _ _ _ _ _ _ _ _ _ _ _ _ _ _ _ _ _ _ _ _ _ _ _ _ _ _ _ _ _ _ _ _ _ _ _ _ _ _ _ \n\nself = <selenium.webdriver.support.wait.WebDriverWait (session=\"ce58976583bd558336582b8da0ae9ed6\")>\nmethod = <function visibility_of_all_elements_located.<locals>._predicate at 0x7f2e18f63f60>\nmessage = 'Не найдены элементы с локатором (\\'xpath\\', \\'//div[@data-testing=\"project_moderation\"]\\')'\n\n    def until(self, method: Callable[[D], Union[Literal[False], T]], message: str = \"\") -> T:\n        \"\"\"Calls the method provided with the driver as an argument until the \\\n        return value does not evaluate to ``False``.\n    \n        :param method: callable(WebDriver)\n        :param message: optional message for :exc:`TimeoutException`\n        :returns: the result of the last call to `method`\n        :raises: :exc:`selenium.common.exceptions.TimeoutException` if timeout occurs\n        \"\"\"\n        screen = None\n        stacktrace = None\n    \n        end_time = time.monotonic() + self._timeout\n        while True:\n            try:\n                value = method(self._driver)\n                if value:\n                    return value\n            except self._ignored_exceptions as exc:\n                screen = getattr(exc, \"screen\", None)\n                stacktrace = getattr(exc, \"stacktrace\", None)\n            if time.monotonic() > end_time:\n                break\n            time.sleep(self._poll)\n>       raise TimeoutException(message, screen, stacktrace)\nE       selenium.common.exceptions.TimeoutException: Message: Не найдены элементы с локатором ('xpath', '//div[@data-testing=\"project_moderation\"]')\n\n../local/lib/python3.12/site-packages/selenium/webdriver/support/wait.py:105: TimeoutException","flaky":false,"newFailed":false,"newBroken":false,"newPassed":false,"retriesCount":0,"retriesStatusChange":false,"beforeStages":[{"name":"_session_faker","time":{"start":1739309473698,"stop":1739309473699,"duration":1},"status":"passed","steps":[],"attachments":[],"parameters":[],"shouldDisplayMessage":false,"attachmentsCount":0,"stepsCount":0,"hasContent":false,"attachmentStep":false},{"name":"driver","time":{"start":1739310646465,"stop":1739310646891,"duration":426},"status":"passed","steps":[],"attachments":[],"parameters":[],"shouldDisplayMessage":false,"attachmentsCount":0,"stepsCount":0,"hasContent":false,"attachmentStep":false},{"name":"Авторизация пользователя в системе","time":{"start":1739310646891,"stop":1739310653468,"duration":6577},"status":"passed","steps":[{"name":"Авторизация пользователя в системе","time":{"start":1739310646891,"stop":1739310653468,"duration":6577},"status":"passed","steps":[],"attachments":[],"parameters":[{"name":"request","value":"<SubRequest 'login_to_app' for <Function test_displays_projects_awaiting_moderation>>"},{"name":"driver","value":"<selenium.webdriver.chrome.webdriver.WebDriver (session=\"ce58976583bd558336582b8da0ae9ed6\")>"}],"shouldDisplayMessage":false,"attachmentsCount":0,"stepsCount":0,"hasContent":true,"attachmentStep":false}],"attachments":[],"parameters":[],"shouldDisplayMessage":false,"attachmentsCount":0,"stepsCount":1,"hasContent":true,"attachmentStep":false},{"name":"Инициализация локаторов","time":{"start":1739310646891,"stop":1739310646891,"duration":0},"status":"passed","steps":[{"name":"Инициализация локаторов","time":{"start":1739310646891,"stop":1739310646891,"duration":0},"status":"passed","steps":[],"attachments":[],"parameters":[{"name":"request","value":"<SubRequest 'elements' for <Function test_displays_projects_awaiting_moderation>>"}],"shouldDisplayMessage":false,"attachmentsCount":0,"stepsCount":0,"hasContent":true,"attachmentStep":false}],"attachments":[],"parameters":[],"shouldDisplayMessage":false,"attachmentsCount":0,"stepsCount":1,"hasContent":true,"attachmentStep":false},{"name":"setup","time":{"start":1739310646891,"stop":1739310646891,"duration":0},"status":"passed","steps":[],"attachments":[],"parameters":[],"shouldDisplayMessage":false,"attachmentsCount":0,"stepsCount":0,"hasContent":false,"attachmentStep":false}],"testStage":{"description":"Проверяется, что при открытие профиля отображаются проекты ожидающих модерации в количестве > 0","status":"broken","statusMessage":"selenium.common.exceptions.TimeoutException: Message: Не найдены элементы с локатором ('xpath', '//div[@data-testing=\"project_moderation\"]')","statusTrace":"self = <test_profile.TestProfile object at 0x7f2e17ff1d90>\nelements = {'Банк ачивок': {'Блок ачивок': ('xpath', '//div[contains(@class,\"user-achievement-by-interests_container\")]'), 'Модал...'carrot-messenger-frame'), 'Чат кэррот': ('xpath', '//div[contains(@class,\"carrot-messenger-frame-container\")]')}, ...}\nlogin_to_app = None\n\n    @allure.title('Проверить отображения проектов ожидающих модерации')\n    @allure.description(\n        'Проверяется, что при открытие профиля отображаются проекты ожидающих модерации в количестве > 0')\n    @allure.severity('Critical')\n    @pytest.mark.regression\n    def test_displays_projects_awaiting_moderation(self, elements, login_to_app):\n        with allure.step('Нажать на кнопку профиль'):\n            self.app.profile_button_click()\n    \n        with allure.step('Проверить, что количество проектов ожидающих модерации > 0 и проект видим'):\n            element = elements['Профиль пользователя']\n>           self.assertion.length_elements(element['Проект ожидает модерации'], length=0)\n\ntests/test_profile.py:52: \n_ _ _ _ _ _ _ _ _ _ _ _ _ _ _ _ _ _ _ _ _ _ _ _ _ _ _ _ _ _ _ _ _ _ _ _ _ _ _ _ \nbase/base_assertion.py:149: in length_elements\n    assert len(self.find_elements(by_locator)) >= length, (\nbase/base_page.py:171: in find_elements\n    return self.wait.until(EC.visibility_of_all_elements_located(locator),\n_ _ _ _ _ _ _ _ _ _ _ _ _ _ _ _ _ _ _ _ _ _ _ _ _ _ _ _ _ _ _ _ _ _ _ _ _ _ _ _ \n\nself = <selenium.webdriver.support.wait.WebDriverWait (session=\"ce58976583bd558336582b8da0ae9ed6\")>\nmethod = <function visibility_of_all_elements_located.<locals>._predicate at 0x7f2e18f63f60>\nmessage = 'Не найдены элементы с локатором (\\'xpath\\', \\'//div[@data-testing=\"project_moderation\"]\\')'\n\n    def until(self, method: Callable[[D], Union[Literal[False], T]], message: str = \"\") -> T:\n        \"\"\"Calls the method provided with the driver as an argument until the \\\n        return value does not evaluate to ``False``.\n    \n        :param method: callable(WebDriver)\n        :param message: optional message for :exc:`TimeoutException`\n        :returns: the result of the last call to `method`\n        :raises: :exc:`selenium.common.exceptions.TimeoutException` if timeout occurs\n        \"\"\"\n        screen = None\n        stacktrace = None\n    \n        end_time = time.monotonic() + self._timeout\n        while True:\n            try:\n                value = method(self._driver)\n                if value:\n                    return value\n            except self._ignored_exceptions as exc:\n                screen = getattr(exc, \"screen\", None)\n                stacktrace = getattr(exc, \"stacktrace\", None)\n            if time.monotonic() > end_time:\n                break\n            time.sleep(self._poll)\n>       raise TimeoutException(message, screen, stacktrace)\nE       selenium.common.exceptions.TimeoutException: Message: Не найдены элементы с локатором ('xpath', '//div[@data-testing=\"project_moderation\"]')\n\n../local/lib/python3.12/site-packages/selenium/webdriver/support/wait.py:105: TimeoutException","steps":[{"name":"Нажать на кнопку профиль","time":{"start":1739310653469,"stop":1739310653534,"duration":65},"status":"passed","steps":[],"attachments":[],"parameters":[],"shouldDisplayMessage":false,"attachmentsCount":0,"stepsCount":0,"hasContent":false,"attachmentStep":false},{"name":"Проверить, что количество проектов ожидающих модерации > 0 и проект видим","time":{"start":1739310653534,"stop":1739310683651,"duration":30117},"status":"broken","statusMessage":"selenium.common.exceptions.TimeoutException: Message: Не найдены элементы с локатором ('xpath', '//div[@data-testing=\"project_moderation\"]')\n\n","statusTrace":"  File \"/usr/workspace/tests/test_profile.py\", line 52, in test_displays_projects_awaiting_moderation\n    self.assertion.length_elements(element['Проект ожидает модерации'], length=0)\n  File \"/usr/workspace/base/base_assertion.py\", line 149, in length_elements\n    assert len(self.find_elements(by_locator)) >= length, (\n               ^^^^^^^^^^^^^^^^^^^^^^^^^^^^^^\n  File \"/usr/workspace/base/base_page.py\", line 171, in find_elements\n    return self.wait.until(EC.visibility_of_all_elements_located(locator),\n           ^^^^^^^^^^^^^^^^^^^^^^^^^^^^^^^^^^^^^^^^^^^^^^^^^^^^^^^^^^^^^^^\n  File \"/usr/local/lib/python3.12/site-packages/selenium/webdriver/support/wait.py\", line 105, in until\n    raise TimeoutException(message, screen, stacktrace)\n","steps":[],"attachments":[],"parameters":[],"shouldDisplayMessage":true,"attachmentsCount":0,"stepsCount":0,"hasContent":true,"attachmentStep":false}],"attachments":[],"parameters":[],"shouldDisplayMessage":true,"attachmentsCount":0,"stepsCount":2,"hasContent":true,"attachmentStep":false},"afterStages":[{"name":"driver::0","time":{"start":1739310683665,"stop":1739310683863,"duration":198},"status":"passed","steps":[],"attachments":[{"uid":"9349fbf0316e8567","name":"page_source","source":"9349fbf0316e8567.html","type":"text/html","size":48445},{"uid":"7b7569af89a5623a","name":"screenshot","source":"7b7569af89a5623a.png","type":"image/png","size":59580},{"uid":"3f37970eec4675ec","name":"browser_logs","source":"3f37970eec4675ec.txt","type":"text/plain","size":21817}],"parameters":[],"shouldDisplayMessage":false,"attachmentsCount":3,"stepsCount":0,"hasContent":true,"attachmentStep":false}],"labels":[{"name":"severity","value":"Critical"},{"name":"feature","value":"Профиль пользователя"},{"name":"tag","value":"regression"},{"name":"tag","value":"profile"},{"name":"parentSuite","value":"tests"},{"name":"suite","value":"test_profile"},{"name":"subSuite","value":"TestProfile"},{"name":"host","value":"e56e35b24cd4"},{"name":"thread","value":"1-MainThread"},{"name":"framework","value":"pytest"},{"name":"language","value":"cpython3"},{"name":"package","value":"tests.test_profile"},{"name":"resultFormat","value":"allure2"}],"parameters":[],"links":[],"hidden":false,"retry":false,"extra":{"severity":"critical","retries":[],"categories":[{"name":"Test defects","matchedStatuses":[],"flaky":false}],"history":{"statistic":{"failed":0,"broken":21,"skipped":0,"passed":27,"unknown":0,"total":48},"items":[{"uid":"6a21bd1c18fddba8","status":"broken","statusDetails":"selenium.common.exceptions.TimeoutException: Message: Не найдены элементы с локатором ('xpath', '//div[@data-testing=\"project_moderation\"]')","time":{"start":1738952130090,"stop":1738952160253,"duration":30163}},{"uid":"ec45ce912bb01b2a","status":"broken","statusDetails":"KeyError: 'access_token'","time":{"start":1738875251542,"stop":1738875251542,"duration":0}},{"uid":"4bfb3c113c517a8b","status":"broken","statusDetails":"selenium.common.exceptions.TimeoutException: Message: Не найдены элементы с локатором ('xpath', '//div[@data-testing=\"project_moderation\"]')","time":{"start":1738872317841,"stop":1738872348008,"duration":30167}},{"uid":"a5078533f69a5c50","status":"broken","statusDetails":"KeyError: 'access_token'","time":{"start":1738865303812,"stop":1738865303812,"duration":0}},{"uid":"6c76297a776ba915","status":"broken","statusDetails":"selenium.common.exceptions.TimeoutException: Message: Не найдены элементы с локатором ('xpath', '//div[@data-testing=\"project_moderation\"]')","time":{"start":1738269221329,"stop":1738269251501,"duration":30172}},{"uid":"6e665bcdad5959c0","status":"broken","statusDetails":"selenium.common.exceptions.TimeoutException: Message: Не найдены элементы с локатором ('xpath', '//div[@data-testing=\"project_moderation\"]')","time":{"start":1738099664141,"stop":1738099694305,"duration":30164}},{"uid":"f4d16c62ae6fcb02","status":"broken","statusDetails":"selenium.common.exceptions.TimeoutException: Message: Не найдены элементы с локатором ('xpath', '//div[@data-testing=\"project_moderation\"]')","time":{"start":1738005544694,"stop":1738005574864,"duration":30170}},{"uid":"f2de17ee4473786a","status":"broken","statusDetails":"selenium.common.exceptions.TimeoutException: Message: Не найдены элементы с локатором ('xpath', '//div[@data-testing=\"project_moderation\"]')","time":{"start":1738002836626,"stop":1738002866787,"duration":30161}},{"uid":"2c0f32f5e364848a","status":"broken","statusDetails":"urllib3.exceptions.ReadTimeoutError: HTTPConnectionPool(host='localhost', port=36019): Read timed out. (read timeout=120)","time":{"start":1737931477590,"stop":1737931477590,"duration":0}},{"uid":"4cbd4b8b81ebf75e","status":"broken","statusDetails":"selenium.common.exceptions.TimeoutException: Message: Не найдены элементы с локатором ('xpath', '//div[@data-testing=\"project_moderation\"]')","time":{"start":1737843200932,"stop":1737843232648,"duration":31716}},{"uid":"68d397231d67e50","status":"broken","statusDetails":"selenium.common.exceptions.TimeoutException: Message: Не найдены элементы с локатором ('xpath', '//div[@data-testing=\"project_moderation\"]')","time":{"start":1737832398379,"stop":1737832430098,"duration":31719}},{"uid":"733d8956a3d49ea5","status":"broken","statusDetails":"selenium.common.exceptions.TimeoutException: Message: Не найдены элементы с локатором ('xpath', '//div[@data-testing=\"project_moderation\"]')","time":{"start":1737799759912,"stop":1737799791625,"duration":31713}},{"uid":"f6f3547fbecc984","status":"broken","statusDetails":"selenium.common.exceptions.TimeoutException: Message: Не найдены элементы с локатором ('xpath', '//div[@data-testing=\"project_moderation\"]')","time":{"start":1737757989591,"stop":1737758021303,"duration":31712}},{"uid":"bf7d8708ea1f8e65","status":"broken","statusDetails":"selenium.common.exceptions.TimeoutException: Message: Не найдены элементы с локатором ('xpath', '//div[@data-testing=\"project_moderation\"]')","time":{"start":1737744986845,"stop":1737745018581,"duration":31736}},{"uid":"ab2acea999725af","status":"broken","statusDetails":"selenium.common.exceptions.TimeoutException: Message: Не найдены элементы с локатором ('xpath', '//div[@data-testing=\"project_moderation\"]')","time":{"start":1737652869888,"stop":1737652901606,"duration":31718}},{"uid":"3cf5e13927a52e5","status":"passed","time":{"start":1737570552170,"stop":1737570554275,"duration":2105}},{"uid":"54848f8dcfa05b29","status":"broken","statusDetails":"selenium.common.exceptions.WebDriverException: Message: unknown error: Chrome failed to start: exited abnormally.\n  (unknown error: DevToolsActivePort file doesn't exist)\n  (The process started from chrome location /usr/bin/chromium-browser is no longer running, so ChromeDriver is assuming that Chrome has crashed.)","time":{"start":1737568967027,"stop":1737568967027,"duration":0}},{"uid":"db0c1a175a2f2a20","status":"passed","time":{"start":1734034837432,"stop":1734034839019,"duration":1587}},{"uid":"b8f460faf19b975c","status":"passed","time":{"start":1733937521177,"stop":1733937524323,"duration":3146}},{"uid":"d109b6ddd8aa1561","status":"passed","time":{"start":1733866096231,"stop":1733866097822,"duration":1591}}]},"tags":["regression","profile"]},"source":"eb9d01b48c7eebac.json","parameterValues":[]}