{"uid":"ec6f4e63cd619c47","name":"Проверить, есть возможность пожаловаться на пользователя по причине \"Мошенничество\"","fullName":"tests.test_another_users_page.TestAnotherUsersPage#test_opportunities_to_report_a_user","historyId":"91ba348a0674b8c756b7619fdd0d29c8","time":{"start":1737569595014,"stop":1737569595014,"duration":0},"description":"Регистрируется новый пользователь и жалуется на пользователя","descriptionHtml":"<p>Регистрируется новый пользователь и жалуется на пользователя</p>\n","status":"broken","statusMessage":"selenium.common.exceptions.TimeoutException: Message: Не найден элемент с локатором ('xpath', '//input[@name=\"nickname\"]')","statusTrace":"driver = <selenium.webdriver.chrome.webdriver.WebDriver (session=\"38112e61f4bc9bf0bf253a925e47ba73\")>\n\n    @pytest.fixture(scope='function')\n    @allure.title('Регистрация пользователя')\n    @allure.step('Регистрация пользователя')\n    def registration_user(driver):\n        \"\"\"\n        Фикстура регистрации нового пользователя\n    \n        :param driver:\n            принимает в себя экземпляр драйвера\n    \n        \"\"\"\n        authorization_page = AuthorizationPage(driver)\n        join_page = JoinPage(driver)\n        metabase = MetaBase(driver)\n        assertion = Assertion(driver)\n        rubric_page = RubricPage(driver)\n        main_page = MainPage(driver)\n    \n        authorization_page.open()\n        authorization_page.do_click(config.locators.AuthorizationPageLocators.locators['Кнопка по смс'])\n        join_page.do_click(config.locators.JoinPageLocators.locators['Кнопка далее'])\n        username = f'-{fake.pystr(min_chars=5, max_chars=11)}.{fake.pyint(min_value=1, max_value=2)}_'\n>       join_page.field_send_keys(config.locators.JoinPageLocators.locators['Поле никнейм'], text=f'{username}')\n\nfixtures/fixtures_for_registration_tests.py:41: \n_ _ _ _ _ _ _ _ _ _ _ _ _ _ _ _ _ _ _ _ _ _ _ _ _ _ _ _ _ _ _ _ _ _ _ _ _ _ _ _ \nbase/base_page.py:126: in field_send_keys\n    element = self.find_element(locator)\nbase/base_page.py:138: in find_element\n    return self.wait.until(EC.visibility_of_element_located(locator),\n_ _ _ _ _ _ _ _ _ _ _ _ _ _ _ _ _ _ _ _ _ _ _ _ _ _ _ _ _ _ _ _ _ _ _ _ _ _ _ _ \n\nself = <selenium.webdriver.support.wait.WebDriverWait (session=\"38112e61f4bc9bf0bf253a925e47ba73\")>\nmethod = <function visibility_of_element_located.<locals>._predicate at 0x7fc3f10d3ce0>\nmessage = 'Не найден элемент с локатором (\\'xpath\\', \\'//input[@name=\"nickname\"]\\')'\n\n    def until(self, method: Callable[[D], Union[Literal[False], T]], message: str = \"\") -> T:\n        \"\"\"Calls the method provided with the driver as an argument until the \\\n        return value does not evaluate to ``False``.\n    \n        :param method: callable(WebDriver)\n        :param message: optional message for :exc:`TimeoutException`\n        :returns: the result of the last call to `method`\n        :raises: :exc:`selenium.common.exceptions.TimeoutException` if timeout occurs\n        \"\"\"\n        screen = None\n        stacktrace = None\n    \n        end_time = time.monotonic() + self._timeout\n        while True:\n            try:\n                value = method(self._driver)\n                if value:\n                    return value\n            except self._ignored_exceptions as exc:\n                screen = getattr(exc, \"screen\", None)\n                stacktrace = getattr(exc, \"stacktrace\", None)\n            if time.monotonic() > end_time:\n                break\n            time.sleep(self._poll)\n>       raise TimeoutException(message, screen, stacktrace)\nE       selenium.common.exceptions.TimeoutException: Message: Не найден элемент с локатором ('xpath', '//input[@name=\"nickname\"]')\n\n../local/lib/python3.12/site-packages/selenium/webdriver/support/wait.py:105: TimeoutException","flaky":false,"newFailed":false,"newBroken":false,"newPassed":false,"retriesCount":0,"retriesStatusChange":false,"beforeStages":[{"name":"_session_faker","time":{"start":1737569139111,"stop":1737569139113,"duration":2},"status":"passed","steps":[],"attachments":[],"parameters":[],"shouldDisplayMessage":false,"attachmentsCount":0,"stepsCount":0,"hasContent":false,"attachmentStep":false},{"name":"driver","time":{"start":1737569595014,"stop":1737569595531,"duration":517},"status":"passed","steps":[],"attachments":[],"parameters":[],"shouldDisplayMessage":false,"attachmentsCount":0,"stepsCount":0,"hasContent":false,"attachmentStep":false},{"name":"Инициализация локаторов","time":{"start":1737569595531,"stop":1737569595531,"duration":0},"status":"passed","steps":[{"name":"Инициализация локаторов","time":{"start":1737569595531,"stop":1737569595531,"duration":0},"status":"passed","steps":[],"attachments":[],"parameters":[{"name":"request","value":"<SubRequest 'elements' for <Function test_opportunities_to_report_a_user[Мошенничество]>>"}],"shouldDisplayMessage":false,"attachmentsCount":0,"stepsCount":0,"hasContent":true,"attachmentStep":false}],"attachments":[],"parameters":[],"shouldDisplayMessage":false,"attachmentsCount":0,"stepsCount":1,"hasContent":true,"attachmentStep":false},{"name":"Регистрация пользователя","time":{"start":1737569595531,"stop":1737569632892,"duration":37361},"status":"broken","statusMessage":"selenium.common.exceptions.TimeoutException: Message: Не найден элемент с локатором ('xpath', '//input[@name=\"nickname\"]')\n\n","statusTrace":"  File \"/usr/local/lib/python3.12/site-packages/pluggy/_callers.py\", line 167, in _multicall\n    teardown.throw(outcome._exception)\n  File \"/usr/local/lib/python3.12/site-packages/_pytest/setuponly.py\", line 36, in pytest_fixture_setup\n    return (yield)\n            ^^^^^\n  File \"/usr/local/lib/python3.12/site-packages/pluggy/_callers.py\", line 103, in _multicall\n    res = hook_impl.function(*args)\n          ^^^^^^^^^^^^^^^^^^^^^^^^^\n  File \"/usr/local/lib/python3.12/site-packages/_pytest/fixtures.py\", line 1140, in pytest_fixture_setup\n    result = call_fixture_func(fixturefunc, request, kwargs)\n             ^^^^^^^^^^^^^^^^^^^^^^^^^^^^^^^^^^^^^^^^^^^^^^^\n  File \"/usr/local/lib/python3.12/site-packages/_pytest/fixtures.py\", line 898, in call_fixture_func\n    fixture_result = fixturefunc(**kwargs)\n                     ^^^^^^^^^^^^^^^^^^^^^\n  File \"/usr/local/lib/python3.12/site-packages/allure_commons/_allure.py\", line 192, in impl\n    return func(*a, **kw)\n           ^^^^^^^^^^^^^^\n  File \"/usr/workspace/fixtures/fixtures_for_registration_tests.py\", line 41, in registration_user\n    join_page.field_send_keys(config.locators.JoinPageLocators.locators['Поле никнейм'], text=f'{username}')\n  File \"/usr/workspace/base/base_page.py\", line 126, in field_send_keys\n    element = self.find_element(locator)\n              ^^^^^^^^^^^^^^^^^^^^^^^^^^\n  File \"/usr/workspace/base/base_page.py\", line 138, in find_element\n    return self.wait.until(EC.visibility_of_element_located(locator),\n           ^^^^^^^^^^^^^^^^^^^^^^^^^^^^^^^^^^^^^^^^^^^^^^^^^^^^^^^^^^\n  File \"/usr/local/lib/python3.12/site-packages/selenium/webdriver/support/wait.py\", line 105, in until\n    raise TimeoutException(message, screen, stacktrace)\n","steps":[{"name":"Регистрация пользователя","time":{"start":1737569595531,"stop":1737569632892,"duration":37361},"status":"broken","statusMessage":"selenium.common.exceptions.TimeoutException: Message: Не найден элемент с локатором ('xpath', '//input[@name=\"nickname\"]')\n\n","statusTrace":"  File \"/usr/local/lib/python3.12/site-packages/allure_commons/_allure.py\", line 192, in impl\n    return func(*a, **kw)\n           ^^^^^^^^^^^^^^\n  File \"/usr/workspace/fixtures/fixtures_for_registration_tests.py\", line 41, in registration_user\n    join_page.field_send_keys(config.locators.JoinPageLocators.locators['Поле никнейм'], text=f'{username}')\n  File \"/usr/workspace/base/base_page.py\", line 126, in field_send_keys\n    element = self.find_element(locator)\n              ^^^^^^^^^^^^^^^^^^^^^^^^^^\n  File \"/usr/workspace/base/base_page.py\", line 138, in find_element\n    return self.wait.until(EC.visibility_of_element_located(locator),\n           ^^^^^^^^^^^^^^^^^^^^^^^^^^^^^^^^^^^^^^^^^^^^^^^^^^^^^^^^^^\n  File \"/usr/local/lib/python3.12/site-packages/selenium/webdriver/support/wait.py\", line 105, in until\n    raise TimeoutException(message, screen, stacktrace)\n","steps":[],"attachments":[],"parameters":[{"name":"driver","value":"<selenium.webdriver.chrome.webdriver.WebDriver (session=\"38112e61f4bc9bf0bf253a925e47ba73\")>"}],"shouldDisplayMessage":true,"attachmentsCount":0,"stepsCount":0,"hasContent":true,"attachmentStep":false}],"attachments":[],"parameters":[],"shouldDisplayMessage":false,"attachmentsCount":0,"stepsCount":1,"hasContent":true,"attachmentStep":false},{"name":"setup","time":{"start":1737569595531,"stop":1737569595531,"duration":0},"status":"passed","steps":[],"attachments":[],"parameters":[],"shouldDisplayMessage":false,"attachmentsCount":0,"stepsCount":0,"hasContent":false,"attachmentStep":false}],"afterStages":[{"name":"driver::0","time":{"start":1737569632903,"stop":1737569633091,"duration":188},"status":"passed","steps":[],"attachments":[{"uid":"90dd4ef4d75cc5e9","name":"page_source","source":"90dd4ef4d75cc5e9.html","type":"text/html","size":10283},{"uid":"9bc3154274300bdf","name":"screenshot","source":"9bc3154274300bdf.png","type":"image/png","size":20131},{"uid":"73ac4a87757d2208","name":"browser_logs","source":"73ac4a87757d2208.txt","type":"text/plain","size":2113}],"parameters":[],"shouldDisplayMessage":false,"attachmentsCount":3,"stepsCount":0,"hasContent":true,"attachmentStep":false}],"labels":[{"name":"severity","value":"Critical"},{"name":"feature","value":"Профиль другого пользователя"},{"name":"tag","value":"regression"},{"name":"tag","value":"another_users_page"},{"name":"parentSuite","value":"tests"},{"name":"suite","value":"test_another_users_page"},{"name":"subSuite","value":"TestAnotherUsersPage"},{"name":"host","value":"5230432a8515"},{"name":"thread","value":"1-MainThread"},{"name":"framework","value":"pytest"},{"name":"language","value":"cpython3"},{"name":"package","value":"tests.test_another_users_page"},{"name":"resultFormat","value":"allure2"}],"parameters":[{"name":"options","value":"'Мошенничество'"}],"links":[],"hidden":false,"retry":false,"extra":{"severity":"critical","retries":[],"categories":[{"name":"Test defects","matchedStatuses":[],"flaky":false}],"history":{"statistic":{"failed":0,"broken":5,"skipped":0,"passed":14,"unknown":0,"total":19},"items":[{"uid":"745c919884fb556a","status":"broken","statusDetails":"selenium.common.exceptions.WebDriverException: Message: unknown error: Chrome failed to start: exited abnormally.\n  (unknown error: DevToolsActivePort file doesn't exist)\n  (The process started from chrome location /usr/bin/chromium-browser is no longer running, so ChromeDriver is assuming that Chrome has crashed.)","time":{"start":1737568957856,"stop":1737568957856,"duration":0}},{"uid":"a69e6898038e1cf9","status":"passed","time":{"start":1734034106549,"stop":1734034112711,"duration":6162}},{"uid":"4244a5d0037f9a8e","status":"passed","time":{"start":1733936676938,"stop":1733936681356,"duration":4418}},{"uid":"e792549c2850f8da","status":"passed","time":{"start":1733865099279,"stop":1733865103585,"duration":4306}},{"uid":"effc003320bb4b9b","status":"passed","time":{"start":1733859687293,"stop":1733859691585,"duration":4292}},{"uid":"b2cee44b1ca33e06","status":"passed","time":{"start":1733856355093,"stop":1733856360045,"duration":4952}},{"uid":"b70b77078380a8cf","status":"passed","time":{"start":1733771125766,"stop":1733771132562,"duration":6796}},{"uid":"b32233aa98aa47f3","status":"passed","time":{"start":1733765455592,"stop":1733765459908,"duration":4316}},{"uid":"31c8cb877a12472d","status":"broken","statusDetails":"selenium.common.exceptions.TimeoutException: Message:","time":{"start":1733421281774,"stop":1733421281774,"duration":0}},{"uid":"ec2def977f72beea","status":"broken","statusDetails":"selenium.common.exceptions.TimeoutException: Message:","time":{"start":1726779909084,"stop":1726779909084,"duration":0}},{"uid":"2e33773ed3f2581f","status":"broken","statusDetails":"selenium.common.exceptions.TimeoutException: Message:","time":{"start":1726776570349,"stop":1726776570349,"duration":0}},{"uid":"8ef9fc8bbf189f78","status":"passed","time":{"start":1724098232421,"stop":1724098236915,"duration":4494}},{"uid":"e1ab3b5f5d784ca8","status":"passed","time":{"start":1723828369632,"stop":1723828374631,"duration":4999}},{"uid":"9f02357afa04cb7d","status":"passed","time":{"start":1723750766779,"stop":1723750771612,"duration":4833}},{"uid":"c17f2d9179098e97","status":"passed","time":{"start":1723741302095,"stop":1723741306330,"duration":4235}},{"uid":"52ac3af611e54415","status":"passed","time":{"start":1723663990648,"stop":1723663996338,"duration":5690}},{"uid":"548fecb3b083b213","status":"passed","time":{"start":1723578376793,"stop":1723578381157,"duration":4364}},{"uid":"9ee9bbacc945f70b","status":"passed","time":{"start":1723495632292,"stop":1723495637971,"duration":5679}}]},"tags":["regression","another_users_page"]},"source":"ec6f4e63cd619c47.json","parameterValues":["'Мошенничество'"]}