{"uid":"f46ce6234bf9a678","name":"Проверка валидации поля \"Пароль\" при вводе пароля от 6 букв","fullName":"tests.test_registration.TestRegistrationUser#test_validation_of_the_password_field_when_entering_a_password_of_6_letters_or_more","historyId":"24977439964d17169fc1d588c50287f5","time":{"start":1737568972418,"stop":1737568972418,"duration":0},"status":"broken","statusMessage":"selenium.common.exceptions.WebDriverException: Message: unknown error: Chrome failed to start: exited abnormally.\n  (unknown error: DevToolsActivePort file doesn't exist)\n  (The process started from chrome location /usr/bin/chromium-browser is no longer running, so ChromeDriver is assuming that Chrome has crashed.)","statusTrace":"request = <SubRequest 'driver' for <Function test_validation_of_the_password_field_when_entering_a_password_of_6_letters_or_more>>\n\n    @pytest.fixture(autouse=True, scope='function')\n    def driver(request):\n        chrome_options = Options()\n        chrome_options.add_argument('--window-size=1920,1080')  # размер окна is 1920x1080\n        # chrome_options.add_argument('--no-sandbox')  # no sandbox\n        chrome_options.add_argument('--disable-dev-shm-usage')  # overcome limited resource problems\n        # chrome_options.add_argument('--incognito')  # режим инкогнито\n        # chrome_options.add_argument('--headless')  # режим без UI\n        # chrome_options.add_argument('--ignore-certificate-errors')  # режим игнорирования сертификата\n>       driver = webdriver.Chrome(options=chrome_options)\n\nconftest.py:23: \n_ _ _ _ _ _ _ _ _ _ _ _ _ _ _ _ _ _ _ _ _ _ _ _ _ _ _ _ _ _ _ _ _ _ _ _ _ _ _ _ \n../local/lib/python3.12/site-packages/selenium/webdriver/chrome/webdriver.py:45: in __init__\n    super().__init__(\n../local/lib/python3.12/site-packages/selenium/webdriver/chromium/webdriver.py:66: in __init__\n    super().__init__(command_executor=executor, options=options)\n../local/lib/python3.12/site-packages/selenium/webdriver/remote/webdriver.py:241: in __init__\n    self.start_session(capabilities)\n../local/lib/python3.12/site-packages/selenium/webdriver/remote/webdriver.py:329: in start_session\n    response = self.execute(Command.NEW_SESSION, caps)[\"value\"]\n../local/lib/python3.12/site-packages/selenium/webdriver/remote/webdriver.py:384: in execute\n    self.error_handler.check_response(response)\n_ _ _ _ _ _ _ _ _ _ _ _ _ _ _ _ _ _ _ _ _ _ _ _ _ _ _ _ _ _ _ _ _ _ _ _ _ _ _ _ \n\nself = <selenium.webdriver.remote.errorhandler.ErrorHandler object at 0x7fd55b239c70>\nresponse = {'status': 500, 'value': '{\"value\":{\"error\":\"unknown error\",\"message\":\"unknown error: Chrome failed to start: exited a...r/bin/chromium-browser is no longer running, so ChromeDriver is assuming that Chrome has crashed.)\",\"stacktrace\":\"\"}}'}\n\n    def check_response(self, response: Dict[str, Any]) -> None:\n        \"\"\"Checks that a JSON response from the WebDriver does not have an\n        error.\n    \n        :Args:\n         - response - The JSON response from the WebDriver server as a dictionary\n           object.\n    \n        :Raises: If the response contains an error message.\n        \"\"\"\n        status = response.get(\"status\", None)\n        if not status or status == ErrorCode.SUCCESS:\n            return\n        value = None\n        message = response.get(\"message\", \"\")\n        screen: str = response.get(\"screen\", \"\")\n        stacktrace = None\n        if isinstance(status, int):\n            value_json = response.get(\"value\", None)\n            if value_json and isinstance(value_json, str):\n                import json\n    \n                try:\n                    value = json.loads(value_json)\n                    if len(value) == 1:\n                        value = value[\"value\"]\n                    status = value.get(\"error\", None)\n                    if not status:\n                        status = value.get(\"status\", ErrorCode.UNKNOWN_ERROR)\n                        message = value.get(\"value\") or value.get(\"message\")\n                        if not isinstance(message, str):\n                            value = message\n                            message = message.get(\"message\")\n                    else:\n                        message = value.get(\"message\", None)\n                except ValueError:\n                    pass\n    \n        exception_class: Type[WebDriverException]\n        e = ErrorCode()\n        error_codes = [item for item in dir(e) if not item.startswith(\"__\")]\n        for error_code in error_codes:\n            error_info = getattr(ErrorCode, error_code)\n            if isinstance(error_info, list) and status in error_info:\n                exception_class = getattr(ExceptionMapping, error_code, WebDriverException)\n                break\n        else:\n            exception_class = WebDriverException\n    \n        if not value:\n            value = response[\"value\"]\n        if isinstance(value, str):\n            raise exception_class(value)\n        if message == \"\" and \"message\" in value:\n            message = value[\"message\"]\n    \n        screen = None  # type: ignore[assignment]\n        if \"screen\" in value:\n            screen = value[\"screen\"]\n    \n        stacktrace = None\n        st_value = value.get(\"stackTrace\") or value.get(\"stacktrace\")\n        if st_value:\n            if isinstance(st_value, str):\n                stacktrace = st_value.split(\"\\n\")\n            else:\n                stacktrace = []\n                try:\n                    for frame in st_value:\n                        line = frame.get(\"lineNumber\", \"\")\n                        file = frame.get(\"fileName\", \"<anonymous>\")\n                        if line:\n                            file = f\"{file}:{line}\"\n                        meth = frame.get(\"methodName\", \"<anonymous>\")\n                        if \"className\" in frame:\n                            meth = f\"{frame['className']}.{meth}\"\n                        msg = \"    at %s (%s)\"\n                        msg = msg % (meth, file)\n                        stacktrace.append(msg)\n                except TypeError:\n                    pass\n        if exception_class == UnexpectedAlertPresentException:\n            alert_text = None\n            if \"data\" in value:\n                alert_text = value[\"data\"].get(\"text\")\n            elif \"alert\" in value:\n                alert_text = value[\"alert\"].get(\"text\")\n            raise exception_class(message, screen, stacktrace, alert_text)  # type: ignore[call-arg]  # mypy is not smart enough here\n>       raise exception_class(message, screen, stacktrace)\nE       selenium.common.exceptions.WebDriverException: Message: unknown error: Chrome failed to start: exited abnormally.\nE         (unknown error: DevToolsActivePort file doesn't exist)\nE         (The process started from chrome location /usr/bin/chromium-browser is no longer running, so ChromeDriver is assuming that Chrome has crashed.)\n\n../local/lib/python3.12/site-packages/selenium/webdriver/remote/errorhandler.py:232: WebDriverException","flaky":false,"newFailed":false,"newBroken":true,"newPassed":false,"retriesCount":0,"retriesStatusChange":false,"beforeStages":[{"name":"_session_faker","time":{"start":1737568955067,"stop":1737568955068,"duration":1},"status":"passed","steps":[],"attachments":[],"parameters":[],"shouldDisplayMessage":false,"attachmentsCount":0,"stepsCount":0,"hasContent":false,"attachmentStep":false},{"name":"driver","time":{"start":1737568972418,"stop":1737568972608,"duration":190},"status":"broken","statusMessage":"selenium.common.exceptions.WebDriverException: Message: unknown error: Chrome failed to start: exited abnormally.\n  (unknown error: DevToolsActivePort file doesn't exist)\n  (The process started from chrome location /usr/bin/chromium-browser is no longer running, so ChromeDriver is assuming that Chrome has crashed.)\n\n","statusTrace":"  File \"/usr/local/lib/python3.12/site-packages/pluggy/_callers.py\", line 167, in _multicall\n    teardown.throw(outcome._exception)\n  File \"/usr/local/lib/python3.12/site-packages/_pytest/setuponly.py\", line 36, in pytest_fixture_setup\n    return (yield)\n            ^^^^^\n  File \"/usr/local/lib/python3.12/site-packages/pluggy/_callers.py\", line 103, in _multicall\n    res = hook_impl.function(*args)\n          ^^^^^^^^^^^^^^^^^^^^^^^^^\n  File \"/usr/local/lib/python3.12/site-packages/_pytest/fixtures.py\", line 1140, in pytest_fixture_setup\n    result = call_fixture_func(fixturefunc, request, kwargs)\n             ^^^^^^^^^^^^^^^^^^^^^^^^^^^^^^^^^^^^^^^^^^^^^^^\n  File \"/usr/local/lib/python3.12/site-packages/_pytest/fixtures.py\", line 891, in call_fixture_func\n    fixture_result = next(generator)\n                     ^^^^^^^^^^^^^^^\n  File \"/usr/workspace/conftest.py\", line 23, in driver\n    driver = webdriver.Chrome(options=chrome_options)\n             ^^^^^^^^^^^^^^^^^^^^^^^^^^^^^^^^^^^^^^^^\n  File \"/usr/local/lib/python3.12/site-packages/selenium/webdriver/chrome/webdriver.py\", line 45, in __init__\n    super().__init__(\n  File \"/usr/local/lib/python3.12/site-packages/selenium/webdriver/chromium/webdriver.py\", line 66, in __init__\n    super().__init__(command_executor=executor, options=options)\n  File \"/usr/local/lib/python3.12/site-packages/selenium/webdriver/remote/webdriver.py\", line 241, in __init__\n    self.start_session(capabilities)\n  File \"/usr/local/lib/python3.12/site-packages/selenium/webdriver/remote/webdriver.py\", line 329, in start_session\n    response = self.execute(Command.NEW_SESSION, caps)[\"value\"]\n               ^^^^^^^^^^^^^^^^^^^^^^^^^^^^^^^^^^^^^^^\n  File \"/usr/local/lib/python3.12/site-packages/selenium/webdriver/remote/webdriver.py\", line 384, in execute\n    self.error_handler.check_response(response)\n  File \"/usr/local/lib/python3.12/site-packages/selenium/webdriver/remote/errorhandler.py\", line 232, in check_response\n    raise exception_class(message, screen, stacktrace)\n","steps":[],"attachments":[],"parameters":[],"shouldDisplayMessage":true,"attachmentsCount":0,"stepsCount":0,"hasContent":true,"attachmentStep":false}],"afterStages":[],"labels":[{"name":"severity","value":"Critical"},{"name":"feature","value":"Регистрация пользователя"},{"name":"tag","value":"regression"},{"name":"tag","value":"registration"},{"name":"parentSuite","value":"tests"},{"name":"suite","value":"test_registration"},{"name":"subSuite","value":"TestRegistrationUser"},{"name":"host","value":"fa278e3f9e86"},{"name":"thread","value":"1-MainThread"},{"name":"framework","value":"pytest"},{"name":"language","value":"cpython3"},{"name":"package","value":"tests.test_registration"},{"name":"resultFormat","value":"allure2"}],"parameters":[],"links":[],"hidden":false,"retry":false,"extra":{"severity":"critical","retries":[],"categories":[{"name":"Test defects","matchedStatuses":[],"flaky":false}],"history":{"statistic":{"failed":0,"broken":8,"skipped":0,"passed":32,"unknown":0,"total":40},"items":[{"uid":"19747041f6d6fa0d","status":"passed","time":{"start":1734035193571,"stop":1734035202549,"duration":8978}},{"uid":"6e4fa6ce8538efbe","status":"passed","time":{"start":1733937979030,"stop":1733937987370,"duration":8340}},{"uid":"a4c27f351ffe01c1","status":"broken","statusDetails":"selenium.common.exceptions.TimeoutException: Message: Не найден элемент с локатором ('xpath', '//input[@name=\"password\"]')","time":{"start":1733866551561,"stop":1733866588648,"duration":37087}},{"uid":"80617d158e65d788","status":"broken","statusDetails":"urllib3.exceptions.ReadTimeoutError: HTTPConnectionPool(host='localhost', port=57681): Read timed out. (read timeout=120)","time":{"start":1733860953629,"stop":1733860953629,"duration":0}},{"uid":"974fbd786fb0640d","status":"passed","time":{"start":1733857494477,"stop":1733857503505,"duration":9028}},{"uid":"5e36efde4f7a7ca5","status":"passed","time":{"start":1733772438173,"stop":1733772446545,"duration":8372}},{"uid":"eada132594fd6596","status":"passed","time":{"start":1733766862900,"stop":1733766871404,"duration":8504}},{"uid":"ce88eca7b1837b51","status":"broken","statusDetails":"selenium.common.exceptions.TimeoutException: Message:","time":{"start":1733422474602,"stop":1733422487817,"duration":13215}},{"uid":"94b0f9e7301d5f04","status":"broken","statusDetails":"selenium.common.exceptions.TimeoutException: Message:","time":{"start":1726780786767,"stop":1726780798722,"duration":11955}},{"uid":"f7d19596f477a4ef","status":"broken","statusDetails":"selenium.common.exceptions.TimeoutException: Message:","time":{"start":1726777566045,"stop":1726777578965,"duration":12920}},{"uid":"f2201554973265ee","status":"passed","time":{"start":1724099325210,"stop":1724099333173,"duration":7963}},{"uid":"3681fae61e90a25","status":"passed","time":{"start":1723829663082,"stop":1723829672385,"duration":9303}},{"uid":"dcc5ebaa0a6819f3","status":"passed","time":{"start":1723751800381,"stop":1723751807875,"duration":7494}},{"uid":"cab11aa0112ccc8c","status":"passed","time":{"start":1723742282146,"stop":1723742289176,"duration":7030}},{"uid":"625d77d3e0ce932","status":"passed","time":{"start":1723664687937,"stop":1723664695294,"duration":7357}},{"uid":"3a9aec9042196596","status":"passed","time":{"start":1723579403425,"stop":1723579411374,"duration":7949}},{"uid":"4e46376983a717e4","status":"passed","time":{"start":1723496563773,"stop":1723496570574,"duration":6801}},{"uid":"1ef55e2ba7777f36","status":"passed","time":{"start":1723150363128,"stop":1723150371186,"duration":8058}},{"uid":"51a1ae6b6136ab06","status":"passed","time":{"start":1723149045686,"stop":1723149053527,"duration":7841}},{"uid":"f8abbc414a2f80cb","status":"passed","time":{"start":1723147286885,"stop":1723147294729,"duration":7844}}]},"tags":["regression","registration"]},"source":"f46ce6234bf9a678.json","parameterValues":[]}