{"uid":"f5b5ca99693c7aee","name":"Проверка валидации поля \"Номер телефона\" при вводе менее 10 цифр","fullName":"tests.test_registration.TestRegistrationUser#test_validation_of_the_phone_number_field_when_entering_less_than_10_digits","historyId":"5aa0c818cf367e5b5becbf5ec81c1436","time":{"start":1738005926926,"stop":1738005965415,"duration":38489},"status":"broken","statusMessage":"selenium.common.exceptions.TimeoutException: Message: Не найден элемент с локатором ('xpath', '//input[@name=\"password\"]')","statusTrace":"self = <test_registration.TestRegistrationUser object at 0x7fbc73b324e0>\nelements = {'Банк ачивок': {'Блок ачивок': ('xpath', '//div[contains(@class,\"user-achievement-by-interests_container\")]'), 'Модал...'carrot-messenger-frame'), 'Чат кэррот': ('xpath', '//div[contains(@class,\"carrot-messenger-frame-container\")]')}, ...}\n\n    @allure.title('Проверка валидации поля \"Номер телефона\" при вводе менее 10 цифр')\n    @allure.severity('Critical')\n    @pytest.mark.regression\n    def test_validation_of_the_phone_number_field_when_entering_less_than_10_digits(self, elements):\n        with allure.step('Открыть страницу авторизации'):\n            self.authorization_page.open()\n            element = elements['Страница авторизации']\n    \n        with allure.step('Нажать кнопку \"По смс (Для России)\"'):\n            self.authorization_page.do_click(element['Кнопка по смс'])\n    \n        with allure.step('Нажать кнопку Далее'):\n            element = elements['Страница регистрации']\n            self.join_page.do_click(element['Кнопка далее'])\n    \n        with allure.step('В поле никнейм ввести любое валидное значение'):\n            username = f'-{fake.user_name()}.{fake.pyint(min_value=1, max_value=2)}_'\n            self.join_page.field_send_keys(element['Поле никнейм'], text=f'{username}')\n    \n        with allure.step('Нажать кнопку Далее'):\n            self.join_page.do_click(element['Кнопка далее'])\n    \n        with allure.step('В поле Пароль ввести пароль'):\n>           self.join_page.field_send_keys(element['Поле пароль'], text=self.User.PASSWORD)\n\ntests/test_registration.py:440: \n_ _ _ _ _ _ _ _ _ _ _ _ _ _ _ _ _ _ _ _ _ _ _ _ _ _ _ _ _ _ _ _ _ _ _ _ _ _ _ _ \nbase/base_page.py:137: in field_send_keys\n    element = self.find_element(locator)\nbase/base_page.py:149: in find_element\n    return self.wait.until(EC.visibility_of_element_located(locator),\n_ _ _ _ _ _ _ _ _ _ _ _ _ _ _ _ _ _ _ _ _ _ _ _ _ _ _ _ _ _ _ _ _ _ _ _ _ _ _ _ \n\nself = <selenium.webdriver.support.wait.WebDriverWait (session=\"002e50273783b25b241ce589ff5afebb\")>\nmethod = <function visibility_of_element_located.<locals>._predicate at 0x7fbc74a1ae80>\nmessage = 'Не найден элемент с локатором (\\'xpath\\', \\'//input[@name=\"password\"]\\')'\n\n    def until(self, method: Callable[[D], Union[Literal[False], T]], message: str = \"\") -> T:\n        \"\"\"Calls the method provided with the driver as an argument until the \\\n        return value does not evaluate to ``False``.\n    \n        :param method: callable(WebDriver)\n        :param message: optional message for :exc:`TimeoutException`\n        :returns: the result of the last call to `method`\n        :raises: :exc:`selenium.common.exceptions.TimeoutException` if timeout occurs\n        \"\"\"\n        screen = None\n        stacktrace = None\n    \n        end_time = time.monotonic() + self._timeout\n        while True:\n            try:\n                value = method(self._driver)\n                if value:\n                    return value\n            except self._ignored_exceptions as exc:\n                screen = getattr(exc, \"screen\", None)\n                stacktrace = getattr(exc, \"stacktrace\", None)\n            if time.monotonic() > end_time:\n                break\n            time.sleep(self._poll)\n>       raise TimeoutException(message, screen, stacktrace)\nE       selenium.common.exceptions.TimeoutException: Message: Не найден элемент с локатором ('xpath', '//input[@name=\"password\"]')\n\n../local/lib/python3.12/site-packages/selenium/webdriver/support/wait.py:105: TimeoutException","flaky":false,"newFailed":false,"newBroken":true,"newPassed":false,"retriesCount":0,"retriesStatusChange":false,"beforeStages":[{"name":"_session_faker","time":{"start":1738004512826,"stop":1738004512827,"duration":1},"status":"passed","steps":[],"attachments":[],"parameters":[],"shouldDisplayMessage":false,"attachmentsCount":0,"stepsCount":0,"hasContent":false,"attachmentStep":false},{"name":"driver","time":{"start":1738005926509,"stop":1738005926925,"duration":416},"status":"passed","steps":[],"attachments":[],"parameters":[],"shouldDisplayMessage":false,"attachmentsCount":0,"stepsCount":0,"hasContent":false,"attachmentStep":false},{"name":"Инициализация локаторов","time":{"start":1738005926926,"stop":1738005926926,"duration":0},"status":"passed","steps":[{"name":"Инициализация локаторов","time":{"start":1738005926926,"stop":1738005926926,"duration":0},"status":"passed","steps":[],"attachments":[],"parameters":[{"name":"request","value":"<SubRequest 'elements' for <Function test_validation_of_the_phone_number_field_when_entering_less_than_10_digits>>"}],"shouldDisplayMessage":false,"attachmentsCount":0,"stepsCount":0,"hasContent":true,"attachmentStep":false}],"attachments":[],"parameters":[],"shouldDisplayMessage":false,"attachmentsCount":0,"stepsCount":1,"hasContent":true,"attachmentStep":false},{"name":"setup","time":{"start":1738005926926,"stop":1738005926926,"duration":0},"status":"passed","steps":[],"attachments":[],"parameters":[],"shouldDisplayMessage":false,"attachmentsCount":0,"stepsCount":0,"hasContent":false,"attachmentStep":false}],"testStage":{"status":"broken","statusMessage":"selenium.common.exceptions.TimeoutException: Message: Не найден элемент с локатором ('xpath', '//input[@name=\"password\"]')","statusTrace":"self = <test_registration.TestRegistrationUser object at 0x7fbc73b324e0>\nelements = {'Банк ачивок': {'Блок ачивок': ('xpath', '//div[contains(@class,\"user-achievement-by-interests_container\")]'), 'Модал...'carrot-messenger-frame'), 'Чат кэррот': ('xpath', '//div[contains(@class,\"carrot-messenger-frame-container\")]')}, ...}\n\n    @allure.title('Проверка валидации поля \"Номер телефона\" при вводе менее 10 цифр')\n    @allure.severity('Critical')\n    @pytest.mark.regression\n    def test_validation_of_the_phone_number_field_when_entering_less_than_10_digits(self, elements):\n        with allure.step('Открыть страницу авторизации'):\n            self.authorization_page.open()\n            element = elements['Страница авторизации']\n    \n        with allure.step('Нажать кнопку \"По смс (Для России)\"'):\n            self.authorization_page.do_click(element['Кнопка по смс'])\n    \n        with allure.step('Нажать кнопку Далее'):\n            element = elements['Страница регистрации']\n            self.join_page.do_click(element['Кнопка далее'])\n    \n        with allure.step('В поле никнейм ввести любое валидное значение'):\n            username = f'-{fake.user_name()}.{fake.pyint(min_value=1, max_value=2)}_'\n            self.join_page.field_send_keys(element['Поле никнейм'], text=f'{username}')\n    \n        with allure.step('Нажать кнопку Далее'):\n            self.join_page.do_click(element['Кнопка далее'])\n    \n        with allure.step('В поле Пароль ввести пароль'):\n>           self.join_page.field_send_keys(element['Поле пароль'], text=self.User.PASSWORD)\n\ntests/test_registration.py:440: \n_ _ _ _ _ _ _ _ _ _ _ _ _ _ _ _ _ _ _ _ _ _ _ _ _ _ _ _ _ _ _ _ _ _ _ _ _ _ _ _ \nbase/base_page.py:137: in field_send_keys\n    element = self.find_element(locator)\nbase/base_page.py:149: in find_element\n    return self.wait.until(EC.visibility_of_element_located(locator),\n_ _ _ _ _ _ _ _ _ _ _ _ _ _ _ _ _ _ _ _ _ _ _ _ _ _ _ _ _ _ _ _ _ _ _ _ _ _ _ _ \n\nself = <selenium.webdriver.support.wait.WebDriverWait (session=\"002e50273783b25b241ce589ff5afebb\")>\nmethod = <function visibility_of_element_located.<locals>._predicate at 0x7fbc74a1ae80>\nmessage = 'Не найден элемент с локатором (\\'xpath\\', \\'//input[@name=\"password\"]\\')'\n\n    def until(self, method: Callable[[D], Union[Literal[False], T]], message: str = \"\") -> T:\n        \"\"\"Calls the method provided with the driver as an argument until the \\\n        return value does not evaluate to ``False``.\n    \n        :param method: callable(WebDriver)\n        :param message: optional message for :exc:`TimeoutException`\n        :returns: the result of the last call to `method`\n        :raises: :exc:`selenium.common.exceptions.TimeoutException` if timeout occurs\n        \"\"\"\n        screen = None\n        stacktrace = None\n    \n        end_time = time.monotonic() + self._timeout\n        while True:\n            try:\n                value = method(self._driver)\n                if value:\n                    return value\n            except self._ignored_exceptions as exc:\n                screen = getattr(exc, \"screen\", None)\n                stacktrace = getattr(exc, \"stacktrace\", None)\n            if time.monotonic() > end_time:\n                break\n            time.sleep(self._poll)\n>       raise TimeoutException(message, screen, stacktrace)\nE       selenium.common.exceptions.TimeoutException: Message: Не найден элемент с локатором ('xpath', '//input[@name=\"password\"]')\n\n../local/lib/python3.12/site-packages/selenium/webdriver/support/wait.py:105: TimeoutException","steps":[{"name":"Открыть страницу авторизации","time":{"start":1738005926926,"stop":1738005929752,"duration":2826},"status":"passed","steps":[],"attachments":[],"parameters":[],"shouldDisplayMessage":false,"attachmentsCount":0,"stepsCount":0,"hasContent":false,"attachmentStep":false},{"name":"Нажать кнопку \"По смс (Для России)\"","time":{"start":1738005929752,"stop":1738005933137,"duration":3385},"status":"passed","steps":[],"attachments":[],"parameters":[],"shouldDisplayMessage":false,"attachmentsCount":0,"stepsCount":0,"hasContent":false,"attachmentStep":false},{"name":"Нажать кнопку Далее","time":{"start":1738005933137,"stop":1738005933684,"duration":547},"status":"passed","steps":[],"attachments":[],"parameters":[],"shouldDisplayMessage":false,"attachmentsCount":0,"stepsCount":0,"hasContent":false,"attachmentStep":false},{"name":"В поле никнейм ввести любое валидное значение","time":{"start":1738005933684,"stop":1738005935252,"duration":1568},"status":"passed","steps":[],"attachments":[],"parameters":[],"shouldDisplayMessage":false,"attachmentsCount":0,"stepsCount":0,"hasContent":false,"attachmentStep":false},{"name":"Нажать кнопку Далее","time":{"start":1738005935252,"stop":1738005935288,"duration":36},"status":"passed","steps":[],"attachments":[],"parameters":[],"shouldDisplayMessage":false,"attachmentsCount":0,"stepsCount":0,"hasContent":false,"attachmentStep":false},{"name":"В поле Пароль ввести пароль","time":{"start":1738005935289,"stop":1738005965414,"duration":30125},"status":"broken","statusMessage":"selenium.common.exceptions.TimeoutException: Message: Не найден элемент с локатором ('xpath', '//input[@name=\"password\"]')\n\n","statusTrace":"  File \"/usr/workspace/tests/test_registration.py\", line 440, in test_validation_of_the_phone_number_field_when_entering_less_than_10_digits\n    self.join_page.field_send_keys(element['Поле пароль'], text=self.User.PASSWORD)\n  File \"/usr/workspace/base/base_page.py\", line 137, in field_send_keys\n    element = self.find_element(locator)\n              ^^^^^^^^^^^^^^^^^^^^^^^^^^\n  File \"/usr/workspace/base/base_page.py\", line 149, in find_element\n    return self.wait.until(EC.visibility_of_element_located(locator),\n           ^^^^^^^^^^^^^^^^^^^^^^^^^^^^^^^^^^^^^^^^^^^^^^^^^^^^^^^^^^\n  File \"/usr/local/lib/python3.12/site-packages/selenium/webdriver/support/wait.py\", line 105, in until\n    raise TimeoutException(message, screen, stacktrace)\n","steps":[],"attachments":[],"parameters":[],"shouldDisplayMessage":true,"attachmentsCount":0,"stepsCount":0,"hasContent":true,"attachmentStep":false}],"attachments":[],"parameters":[],"shouldDisplayMessage":true,"attachmentsCount":0,"stepsCount":6,"hasContent":true,"attachmentStep":false},"afterStages":[{"name":"driver::0","time":{"start":1738005965436,"stop":1738005965624,"duration":188},"status":"passed","steps":[],"attachments":[{"uid":"5d9f316413b315bd","name":"page_source","source":"5d9f316413b315bd.html","type":"text/html","size":10646},{"uid":"978a56f0d4a0dfc4","name":"screenshot","source":"978a56f0d4a0dfc4.png","type":"image/png","size":31896},{"uid":"39da5acb1f114884","name":"browser_logs","source":"39da5acb1f114884.txt","type":"text/plain","size":2515}],"parameters":[],"shouldDisplayMessage":false,"attachmentsCount":3,"stepsCount":0,"hasContent":true,"attachmentStep":false}],"labels":[{"name":"feature","value":"Регистрация пользователя"},{"name":"severity","value":"Critical"},{"name":"tag","value":"regression"},{"name":"tag","value":"registration"},{"name":"parentSuite","value":"tests"},{"name":"suite","value":"test_registration"},{"name":"subSuite","value":"TestRegistrationUser"},{"name":"host","value":"bbd6527a2dd1"},{"name":"thread","value":"1-MainThread"},{"name":"framework","value":"pytest"},{"name":"language","value":"cpython3"},{"name":"package","value":"tests.test_registration"},{"name":"resultFormat","value":"allure2"}],"parameters":[],"links":[],"hidden":false,"retry":false,"extra":{"severity":"critical","retries":[],"categories":[{"name":"Test defects","matchedStatuses":[],"flaky":false}],"history":{"statistic":{"failed":0,"broken":8,"skipped":0,"passed":45,"unknown":0,"total":53},"items":[{"uid":"1700f99f679944a1","status":"passed","time":{"start":1738003186360,"stop":1738003196863,"duration":10503}},{"uid":"bd645e75fb9676aa","status":"broken","statusDetails":"urllib3.exceptions.ReadTimeoutError: HTTPConnectionPool(host='localhost', port=41055): Read timed out. (read timeout=120)","time":{"start":1737935895329,"stop":1737935895329,"duration":0}},{"uid":"8c350b3e6bbf6a03","status":"passed","time":{"start":1737843598401,"stop":1737843610305,"duration":11904}},{"uid":"2d269eeb30a9356b","status":"passed","time":{"start":1737832754121,"stop":1737832764447,"duration":10326}},{"uid":"7fb787d4f60b96f4","status":"passed","time":{"start":1737800126276,"stop":1737800137068,"duration":10792}},{"uid":"231a455699177521","status":"passed","time":{"start":1737758373562,"stop":1737758384911,"duration":11349}},{"uid":"75adeeeacd94e4e0","status":"broken","statusDetails":"selenium.common.exceptions.TimeoutException: Message: Не найден элемент с локатором ('xpath', '//input[@name=\"password\"]')","time":{"start":1737745351589,"stop":1737745389837,"duration":38248}},{"uid":"744320756a005791","status":"passed","time":{"start":1737653280772,"stop":1737653292511,"duration":11739}},{"uid":"8cc9bcc401bfd7c5","status":"broken","statusDetails":"selenium.common.exceptions.TimeoutException: Message: Не найден элемент с локатором ('xpath', '//input[@name=\"nickname\"]')","time":{"start":1737571125657,"stop":1737571163236,"duration":37579}},{"uid":"f8f4e62cd651bdc8","status":"broken","statusDetails":"selenium.common.exceptions.WebDriverException: Message: unknown error: Chrome failed to start: exited abnormally.\n  (unknown error: DevToolsActivePort file doesn't exist)\n  (The process started from chrome location /usr/bin/chromium-browser is no longer running, so ChromeDriver is assuming that Chrome has crashed.)","time":{"start":1737568972194,"stop":1737568972194,"duration":0}},{"uid":"945f03c651f21efa","status":"passed","time":{"start":1734035180978,"stop":1734035192920,"duration":11942}},{"uid":"a4060c5859a6e245","status":"passed","time":{"start":1733937967524,"stop":1733937978407,"duration":10883}},{"uid":"8e96f9663639be86","status":"passed","time":{"start":1733866540825,"stop":1733866550934,"duration":10109}},{"uid":"bb4f2d6fa5cebe1f","status":"passed","time":{"start":1733860943674,"stop":1733860953427,"duration":9753}},{"uid":"21f18761a69cba22","status":"passed","time":{"start":1733857483874,"stop":1733857493839,"duration":9965}},{"uid":"9ca226b30260ba11","status":"passed","time":{"start":1733772427702,"stop":1733772437548,"duration":9846}},{"uid":"6eca116dc65e60ce","status":"passed","time":{"start":1733766851803,"stop":1733766862273,"duration":10470}},{"uid":"6d682d5e3d22af63","status":"broken","statusDetails":"selenium.common.exceptions.TimeoutException: Message:","time":{"start":1733422461226,"stop":1733422473977,"duration":12751}},{"uid":"85b54a6a287a63b4","status":"broken","statusDetails":"selenium.common.exceptions.TimeoutException: Message:","time":{"start":1726780774368,"stop":1726780786143,"duration":11775}},{"uid":"ef560bd5739bd4a8","status":"broken","statusDetails":"selenium.common.exceptions.TimeoutException: Message:","time":{"start":1726777552246,"stop":1726777565416,"duration":13170}}]},"tags":["regression","registration"]},"source":"f5b5ca99693c7aee.json","parameterValues":[]}