{"uid":"fb4e8d25cea3fbb1","name":"Регистрация пользователя по номеру телефона","fullName":"tests.test_registration.TestRegistrationUser#test_registering_a_new_user_by_phone_number","historyId":"466fc968f032aaed759fe07653732bba","time":{"start":1720637248306,"stop":1720637291139,"duration":42833},"description":"При проверке так же проверяем, что никнейм может иметь в себе: цифры, точку (только в середине), дефис, нижнее подчеркивание","descriptionHtml":"<p>При проверке так же проверяем, что никнейм может иметь в себе: цифры, точку (только в середине), дефис, нижнее подчеркивание</p>\n","status":"broken","statusMessage":"selenium.common.exceptions.TimeoutException: Message: Не найден элемент с локатором ('xpath', '//div[contains(@class,\"registration-success_header_\")]')","statusTrace":"self = <test_registration.TestRegistrationUser object at 0x7f4a13140c20>\nelements = {'Страница авторизации': {'Кнопка вконтакте': ('xpath', '//button[@name=\"signUpWithVK\"]'), 'Кнопка войти': ('xpath', '...ct-2-option-88'), '1927 год': ('id', 'react-select-2-option-87'), '1928 год': ('id', 'react-select-2-option-86'), ...}}\n\n    @allure.title('Регистрация пользователя по номеру телефона')\n    @allure.description('При проверке так же проверяем, что никнейм может иметь в себе: '\n                        'цифры, точку (только в середине), дефис, нижнее подчеркивание')\n    @allure.severity('Critical')\n    @pytest.mark.regression\n    def test_registering_a_new_user_by_phone_number(self, elements):\n        with allure.step('Открыть страницу авторизации'):\n            self.authorization_page.open()\n            element = elements['Страница авторизации']\n    \n        with allure.step('Нажать кнопку \"По смс (Для России)\"'):\n            self.authorization_page.do_click(element['Кнопка по смс'])\n    \n        with allure.step('Нажать кнопку Далее'):\n            element = elements['Страница регистрации']\n            self.join_page.do_click(element['Кнопка далее'])\n    \n        with allure.step('В поле никнейм ввести любое валидное значение'):\n            username = f'-{fake.user_name()}.{fake.pyint(min_value=1, max_value=2)}_'\n            self.join_page.field_send_keys(element['Поле никнейм'], text=f'{username}')\n    \n        with allure.step('Нажать кнопку Далее'):\n            self.join_page.do_click(element['Кнопка далее'])\n    \n        with allure.step('В поле Пароль ввести пароль'):\n            self.join_page.field_send_keys(element['Поле пароль'], text=self.User.PASSWORD)\n    \n        with allure.step('В поле Повтори пароль ввести пароль еще раз'):\n            self.join_page.field_send_keys(element['Поле повтори пароль'], text=self.User.PASSWORD)\n    \n        with allure.step('Нажать кнопку далее'):\n            self.join_page.do_click(element['Кнопка далее'])\n    \n        with allure.step('Ввести номер телефона в поле номер телефона'):\n            phone_number = fakeru.random_number(digits=10, fix_len=True)\n            self.join_page.field_send_keys(element['Поле номер телефона'], text=phone_number)\n    \n        with allure.step('Нажать кнопку далее'):\n            self.join_page.do_click(element['Кнопка далее'])\n    \n        with allure.step('Авторизоваться в MetaBase'):\n            metabase = self.metabase.authorization(username=self.MetaBaseUser.LOGIN,\n                                                   password=self.MetaBaseUser.PASSWORD)\n    \n        with allure.step('Найти последний код в MetaBase'):\n            sms_code = self.metabase.take_last_code(metabase)\n    \n        with allure.step('Ввести смс код'):\n            self.login_page.field_send_keys(element['Поле проверочный код'], text=sms_code)\n    \n        with allure.step('Проверить, что пользователю отображается окно приветствия'):\n>           self.assertion.text_in_element(element['Текст приветствия пользователя'],\n                                           expected_text=f'Привет, {username}\\nДобро пожаловать в Round!')\n\ntests/test_registration.py:66: \n_ _ _ _ _ _ _ _ _ _ _ _ _ _ _ _ _ _ _ _ _ _ _ _ _ _ _ _ _ _ _ _ _ _ _ _ _ _ _ _ \nbase/base_assertion.py:22: in text_in_element\n    actual_text = self.find_element(element_locator).text\nbase/base_page.py:87: in find_element\n    return self.wait.until(EC.visibility_of_element_located(locator),\n_ _ _ _ _ _ _ _ _ _ _ _ _ _ _ _ _ _ _ _ _ _ _ _ _ _ _ _ _ _ _ _ _ _ _ _ _ _ _ _ \n\nself = <selenium.webdriver.support.wait.WebDriverWait (session=\"4dc91beedb1d16e06ba97a26b99f49d5\")>\nmethod = <function visibility_of_element_located.<locals>._predicate at 0x7f4a146cb600>\nmessage = 'Не найден элемент с локатором (\\'xpath\\', \\'//div[contains(@class,\"registration-success_header_\")]\\')'\n\n    def until(self, method: Callable[[D], Union[Literal[False], T]], message: str = \"\") -> T:\n        \"\"\"Calls the method provided with the driver as an argument until the \\\n        return value does not evaluate to ``False``.\n    \n        :param method: callable(WebDriver)\n        :param message: optional message for :exc:`TimeoutException`\n        :returns: the result of the last call to `method`\n        :raises: :exc:`selenium.common.exceptions.TimeoutException` if timeout occurs\n        \"\"\"\n        screen = None\n        stacktrace = None\n    \n        end_time = time.monotonic() + self._timeout\n        while True:\n            try:\n                value = method(self._driver)\n                if value:\n                    return value\n            except self._ignored_exceptions as exc:\n                screen = getattr(exc, \"screen\", None)\n                stacktrace = getattr(exc, \"stacktrace\", None)\n            time.sleep(self._poll)\n            if time.monotonic() > end_time:\n                break\n>       raise TimeoutException(message, screen, stacktrace)\nE       selenium.common.exceptions.TimeoutException: Message: Не найден элемент с локатором ('xpath', '//div[contains(@class,\"registration-success_header_\")]')\n\n../local/lib/python3.12/site-packages/selenium/webdriver/support/wait.py:105: TimeoutException","flaky":true,"newFailed":false,"newBroken":true,"newPassed":false,"retriesCount":0,"retriesStatusChange":false,"beforeStages":[{"name":"_session_faker","time":{"start":1720637213598,"stop":1720637213619,"duration":21},"status":"passed","steps":[],"attachments":[],"parameters":[],"shouldDisplayMessage":false,"attachmentsCount":0,"hasContent":false,"attachmentStep":false,"stepsCount":0},{"name":"driver","time":{"start":1720637247871,"stop":1720637248306,"duration":435},"status":"passed","steps":[],"attachments":[],"parameters":[],"shouldDisplayMessage":false,"attachmentsCount":0,"hasContent":false,"attachmentStep":false,"stepsCount":0},{"name":"elements","time":{"start":1720637248306,"stop":1720637248306,"duration":0},"status":"passed","steps":[],"attachments":[],"parameters":[],"shouldDisplayMessage":false,"attachmentsCount":0,"hasContent":false,"attachmentStep":false,"stepsCount":0},{"name":"setup","time":{"start":1720637248306,"stop":1720637248306,"duration":0},"status":"passed","steps":[],"attachments":[],"parameters":[],"shouldDisplayMessage":false,"attachmentsCount":0,"hasContent":false,"attachmentStep":false,"stepsCount":0}],"testStage":{"description":"При проверке так же проверяем, что никнейм может иметь в себе: цифры, точку (только в середине), дефис, нижнее подчеркивание","status":"broken","statusMessage":"selenium.common.exceptions.TimeoutException: Message: Не найден элемент с локатором ('xpath', '//div[contains(@class,\"registration-success_header_\")]')","statusTrace":"self = <test_registration.TestRegistrationUser object at 0x7f4a13140c20>\nelements = {'Страница авторизации': {'Кнопка вконтакте': ('xpath', '//button[@name=\"signUpWithVK\"]'), 'Кнопка войти': ('xpath', '...ct-2-option-88'), '1927 год': ('id', 'react-select-2-option-87'), '1928 год': ('id', 'react-select-2-option-86'), ...}}\n\n    @allure.title('Регистрация пользователя по номеру телефона')\n    @allure.description('При проверке так же проверяем, что никнейм может иметь в себе: '\n                        'цифры, точку (только в середине), дефис, нижнее подчеркивание')\n    @allure.severity('Critical')\n    @pytest.mark.regression\n    def test_registering_a_new_user_by_phone_number(self, elements):\n        with allure.step('Открыть страницу авторизации'):\n            self.authorization_page.open()\n            element = elements['Страница авторизации']\n    \n        with allure.step('Нажать кнопку \"По смс (Для России)\"'):\n            self.authorization_page.do_click(element['Кнопка по смс'])\n    \n        with allure.step('Нажать кнопку Далее'):\n            element = elements['Страница регистрации']\n            self.join_page.do_click(element['Кнопка далее'])\n    \n        with allure.step('В поле никнейм ввести любое валидное значение'):\n            username = f'-{fake.user_name()}.{fake.pyint(min_value=1, max_value=2)}_'\n            self.join_page.field_send_keys(element['Поле никнейм'], text=f'{username}')\n    \n        with allure.step('Нажать кнопку Далее'):\n            self.join_page.do_click(element['Кнопка далее'])\n    \n        with allure.step('В поле Пароль ввести пароль'):\n            self.join_page.field_send_keys(element['Поле пароль'], text=self.User.PASSWORD)\n    \n        with allure.step('В поле Повтори пароль ввести пароль еще раз'):\n            self.join_page.field_send_keys(element['Поле повтори пароль'], text=self.User.PASSWORD)\n    \n        with allure.step('Нажать кнопку далее'):\n            self.join_page.do_click(element['Кнопка далее'])\n    \n        with allure.step('Ввести номер телефона в поле номер телефона'):\n            phone_number = fakeru.random_number(digits=10, fix_len=True)\n            self.join_page.field_send_keys(element['Поле номер телефона'], text=phone_number)\n    \n        with allure.step('Нажать кнопку далее'):\n            self.join_page.do_click(element['Кнопка далее'])\n    \n        with allure.step('Авторизоваться в MetaBase'):\n            metabase = self.metabase.authorization(username=self.MetaBaseUser.LOGIN,\n                                                   password=self.MetaBaseUser.PASSWORD)\n    \n        with allure.step('Найти последний код в MetaBase'):\n            sms_code = self.metabase.take_last_code(metabase)\n    \n        with allure.step('Ввести смс код'):\n            self.login_page.field_send_keys(element['Поле проверочный код'], text=sms_code)\n    \n        with allure.step('Проверить, что пользователю отображается окно приветствия'):\n>           self.assertion.text_in_element(element['Текст приветствия пользователя'],\n                                           expected_text=f'Привет, {username}\\nДобро пожаловать в Round!')\n\ntests/test_registration.py:66: \n_ _ _ _ _ _ _ _ _ _ _ _ _ _ _ _ _ _ _ _ _ _ _ _ _ _ _ _ _ _ _ _ _ _ _ _ _ _ _ _ \nbase/base_assertion.py:22: in text_in_element\n    actual_text = self.find_element(element_locator).text\nbase/base_page.py:87: in find_element\n    return self.wait.until(EC.visibility_of_element_located(locator),\n_ _ _ _ _ _ _ _ _ _ _ _ _ _ _ _ _ _ _ _ _ _ _ _ _ _ _ _ _ _ _ _ _ _ _ _ _ _ _ _ \n\nself = <selenium.webdriver.support.wait.WebDriverWait (session=\"4dc91beedb1d16e06ba97a26b99f49d5\")>\nmethod = <function visibility_of_element_located.<locals>._predicate at 0x7f4a146cb600>\nmessage = 'Не найден элемент с локатором (\\'xpath\\', \\'//div[contains(@class,\"registration-success_header_\")]\\')'\n\n    def until(self, method: Callable[[D], Union[Literal[False], T]], message: str = \"\") -> T:\n        \"\"\"Calls the method provided with the driver as an argument until the \\\n        return value does not evaluate to ``False``.\n    \n        :param method: callable(WebDriver)\n        :param message: optional message for :exc:`TimeoutException`\n        :returns: the result of the last call to `method`\n        :raises: :exc:`selenium.common.exceptions.TimeoutException` if timeout occurs\n        \"\"\"\n        screen = None\n        stacktrace = None\n    \n        end_time = time.monotonic() + self._timeout\n        while True:\n            try:\n                value = method(self._driver)\n                if value:\n                    return value\n            except self._ignored_exceptions as exc:\n                screen = getattr(exc, \"screen\", None)\n                stacktrace = getattr(exc, \"stacktrace\", None)\n            time.sleep(self._poll)\n            if time.monotonic() > end_time:\n                break\n>       raise TimeoutException(message, screen, stacktrace)\nE       selenium.common.exceptions.TimeoutException: Message: Не найден элемент с локатором ('xpath', '//div[contains(@class,\"registration-success_header_\")]')\n\n../local/lib/python3.12/site-packages/selenium/webdriver/support/wait.py:105: TimeoutException","steps":[{"name":"Открыть страницу авторизации","time":{"start":1720637248306,"stop":1720637250318,"duration":2012},"status":"passed","steps":[],"attachments":[],"parameters":[],"shouldDisplayMessage":false,"attachmentsCount":0,"hasContent":false,"attachmentStep":false,"stepsCount":0},{"name":"Нажать кнопку \"По смс (Для России)\"","time":{"start":1720637250318,"stop":1720637251874,"duration":1556},"status":"passed","steps":[],"attachments":[],"parameters":[],"shouldDisplayMessage":false,"attachmentsCount":0,"hasContent":false,"attachmentStep":false,"stepsCount":0},{"name":"Нажать кнопку Далее","time":{"start":1720637251874,"stop":1720637253422,"duration":1548},"status":"passed","steps":[],"attachments":[],"parameters":[],"shouldDisplayMessage":false,"attachmentsCount":0,"hasContent":false,"attachmentStep":false,"stepsCount":0},{"name":"В поле никнейм ввести любое валидное значение","time":{"start":1720637253422,"stop":1720637255001,"duration":1579},"status":"passed","steps":[],"attachments":[],"parameters":[],"shouldDisplayMessage":false,"attachmentsCount":0,"hasContent":false,"attachmentStep":false,"stepsCount":0},{"name":"Нажать кнопку Далее","time":{"start":1720637255001,"stop":1720637255039,"duration":38},"status":"passed","steps":[],"attachments":[],"parameters":[],"shouldDisplayMessage":false,"attachmentsCount":0,"hasContent":false,"attachmentStep":false,"stepsCount":0},{"name":"В поле Пароль ввести пароль","time":{"start":1720637255039,"stop":1720637256592,"duration":1553},"status":"passed","steps":[],"attachments":[],"parameters":[],"shouldDisplayMessage":false,"attachmentsCount":0,"hasContent":false,"attachmentStep":false,"stepsCount":0},{"name":"В поле Повтори пароль ввести пароль еще раз","time":{"start":1720637256592,"stop":1720637256638,"duration":46},"status":"passed","steps":[],"attachments":[],"parameters":[],"shouldDisplayMessage":false,"attachmentsCount":0,"hasContent":false,"attachmentStep":false,"stepsCount":0},{"name":"Нажать кнопку далее","time":{"start":1720637256639,"stop":1720637256678,"duration":39},"status":"passed","steps":[],"attachments":[],"parameters":[],"shouldDisplayMessage":false,"attachmentsCount":0,"hasContent":false,"attachmentStep":false,"stepsCount":0},{"name":"Ввести номер телефона в поле номер телефона","time":{"start":1720637256678,"stop":1720637258240,"duration":1562},"status":"passed","steps":[],"attachments":[],"parameters":[],"shouldDisplayMessage":false,"attachmentsCount":0,"hasContent":false,"attachmentStep":false,"stepsCount":0},{"name":"Нажать кнопку далее","time":{"start":1720637258240,"stop":1720637258278,"duration":38},"status":"passed","steps":[],"attachments":[],"parameters":[],"shouldDisplayMessage":false,"attachmentsCount":0,"hasContent":false,"attachmentStep":false,"stepsCount":0},{"name":"Авторизоваться в MetaBase","time":{"start":1720637258278,"stop":1720637259166,"duration":888},"status":"passed","steps":[],"attachments":[],"parameters":[],"shouldDisplayMessage":false,"attachmentsCount":0,"hasContent":false,"attachmentStep":false,"stepsCount":0},{"name":"Найти последний код в MetaBase","time":{"start":1720637259167,"stop":1720637260973,"duration":1806},"status":"passed","steps":[],"attachments":[],"parameters":[],"shouldDisplayMessage":false,"attachmentsCount":0,"hasContent":false,"attachmentStep":false,"stepsCount":0},{"name":"Ввести смс код","time":{"start":1720637260973,"stop":1720637261023,"duration":50},"status":"passed","steps":[],"attachments":[],"parameters":[],"shouldDisplayMessage":false,"attachmentsCount":0,"hasContent":false,"attachmentStep":false,"stepsCount":0},{"name":"Проверить, что пользователю отображается окно приветствия","time":{"start":1720637261024,"stop":1720637291138,"duration":30114},"status":"broken","statusMessage":"selenium.common.exceptions.TimeoutException: Message: Не найден элемент с локатором ('xpath', '//div[contains(@class,\"registration-success_header_\")]')\n\n","statusTrace":"  File \"/usr/workspace/tests/test_registration.py\", line 66, in test_registering_a_new_user_by_phone_number\n    self.assertion.text_in_element(element['Текст приветствия пользователя'],\n  File \"/usr/workspace/base/base_assertion.py\", line 22, in text_in_element\n    actual_text = self.find_element(element_locator).text\n                  ^^^^^^^^^^^^^^^^^^^^^^^^^^^^^^^^^^\n  File \"/usr/workspace/base/base_page.py\", line 87, in find_element\n    return self.wait.until(EC.visibility_of_element_located(locator),\n           ^^^^^^^^^^^^^^^^^^^^^^^^^^^^^^^^^^^^^^^^^^^^^^^^^^^^^^^^^^\n  File \"/usr/local/lib/python3.12/site-packages/selenium/webdriver/support/wait.py\", line 105, in until\n    raise TimeoutException(message, screen, stacktrace)\n","steps":[],"attachments":[],"parameters":[],"shouldDisplayMessage":true,"attachmentsCount":0,"hasContent":true,"attachmentStep":false,"stepsCount":0}],"attachments":[],"parameters":[],"shouldDisplayMessage":true,"attachmentsCount":0,"hasContent":true,"attachmentStep":false,"stepsCount":14},"afterStages":[{"name":"driver::0","time":{"start":1720637291154,"stop":1720637291341,"duration":187},"status":"passed","steps":[],"attachments":[{"uid":"71ff12f7d42f9eb3","name":"page_source","source":"71ff12f7d42f9eb3.html","type":"text/html","size":13070},{"uid":"e27ba14267110334","name":"screenshot","source":"e27ba14267110334.png","type":"image/png","size":24089},{"uid":"4fcebfd8e078fa6c","name":"browser_logs","source":"4fcebfd8e078fa6c.txt","type":"text/plain","size":2418}],"parameters":[],"shouldDisplayMessage":false,"attachmentsCount":3,"hasContent":true,"attachmentStep":false,"stepsCount":0}],"labels":[{"name":"feature","value":"Регистрация пользователя"},{"name":"severity","value":"Critical"},{"name":"tag","value":"regression"},{"name":"parentSuite","value":"tests"},{"name":"suite","value":"test_registration"},{"name":"subSuite","value":"TestRegistrationUser"},{"name":"host","value":"491f9f6fe839"},{"name":"thread","value":"1-MainThread"},{"name":"framework","value":"pytest"},{"name":"language","value":"cpython3"},{"name":"package","value":"tests.test_registration"},{"name":"resultFormat","value":"allure2"}],"parameters":[],"links":[],"hidden":false,"retry":false,"extra":{"severity":"critical","retries":[],"categories":[{"name":"Test defects","matchedStatuses":[],"flaky":false}],"history":{"statistic":{"failed":1,"broken":5,"skipped":0,"passed":11,"unknown":0,"total":17},"items":[{"uid":"15b3c9b3c636bb2f","status":"passed","time":{"start":1720553862387,"stop":1720553878274,"duration":15887}},{"uid":"6c91848033423348","status":"passed","time":{"start":1720551797098,"stop":1720551811417,"duration":14319}},{"uid":"de83f5c1a0d12f72","status":"failed","statusDetails":"AssertionError: Ожидался текст: 'Привет, -colliermargaret.1_\nДобро пожаловать в Round!', отображается текс: 'Привет, -colliermargaret\nДобро пожаловать в Round!'","time":{"start":1720551331981,"stop":1720551346101,"duration":14120}},{"uid":"edb062e76566fc94","status":"passed","time":{"start":1720546215538,"stop":1720546229692,"duration":14154}},{"uid":"180e0191afd4139e","status":"passed","time":{"start":1720470578636,"stop":1720470594229,"duration":15593}},{"uid":"114611f2aad12bf4","status":"passed","time":{"start":1720469360532,"stop":1720469376267,"duration":15735}},{"uid":"25ceba6203c24139","status":"passed","time":{"start":1720469133920,"stop":1720469148592,"duration":14672}},{"uid":"cee8df918a068d16","status":"passed","time":{"start":1720468862021,"stop":1720468876750,"duration":14729}},{"uid":"c4bd45dc509b2ef6","status":"passed","time":{"start":1720242406734,"stop":1720242421022,"duration":14288}},{"uid":"a64871cbacc248d0","status":"broken","statusDetails":"selenium.common.exceptions.TimeoutException: Message: Не найден элемент с локатором ('xpath', '//input[@name=\"password\"]')","time":{"start":1720241739849,"stop":1720241777040,"duration":37191}},{"uid":"3145a6ccf6a1a4f3","status":"passed","time":{"start":1720208082465,"stop":1720208097955,"duration":15490}},{"uid":"a70a6552fd2641b9","status":"broken","statusDetails":"selenium.common.exceptions.TimeoutException: Message: Не найден элемент с локатором ('xpath', '//div[@class=\"registration-success_header__D5-xJ\"]')","time":{"start":1720207057469,"stop":1720207101087,"duration":43618}},{"uid":"919564db61309d9e","status":"broken","statusDetails":"selenium.common.exceptions.TimeoutException: Message: Не найден элемент с локатором ('xpath', '//div[@class=\"registration-success_header__D5-xJ\"]')","time":{"start":1720205004012,"stop":1720205048012,"duration":44000}},{"uid":"1342c7ed124427b5","status":"passed","time":{"start":1720117873847,"stop":1720117891458,"duration":17611}},{"uid":"fec3a6bec4f247e6","status":"passed","time":{"start":1720112799857,"stop":1720112815955,"duration":16098}},{"uid":"c98be000f1e02415","status":"broken","statusDetails":"selenium.common.exceptions.WebDriverException: Message: unknown error: Chrome failed to start: exited abnormally.\n  (unknown error: DevToolsActivePort file doesn't exist)\n  (The process started from chrome location /usr/bin/chromium-browser is no longer running, so ChromeDriver is assuming that Chrome has crashed.)","time":{"start":1720112680001,"stop":1720112680001,"duration":0}}]},"tags":["regression"]},"source":"fb4e8d25cea3fbb1.json","parameterValues":[]}