{"uid":"fbe427e9390417e3","name":"Проверка валидации поля \"Код приглашения\" при вводе валидного значения","fullName":"tests.test_registration.TestRegistrationUser#test_validation_of_the_invitation_code_field_when_entering_an_invalid_value","historyId":"8105c07594d956ad976fa5867ca2b448","time":{"start":1733422528761,"stop":1733422541683,"duration":12922},"status":"broken","statusMessage":"selenium.common.exceptions.TimeoutException: Message:","statusTrace":"self = <test_registration.TestRegistrationUser object at 0x7f98de31d370>\nelements = {'Банк ачивок': {'Блок ачивок': ('xpath', '//div[contains(@class,\"user-achievement-by-interests_container\")]'), 'Модал...-sheet_icons\")]'), 'Название ачивки': ('xpath', '//div[contains(@class,\"achievement-item-bottom-sheet_title\")]')}, ...}\n\n    @allure.title('Проверка валидации поля \"Код приглашения\" при вводе валидного значения')\n    @allure.severity('Critical')\n    @pytest.mark.regression\n    def test_validation_of_the_invitation_code_field_when_entering_an_invalid_value(self, elements):\n        with allure.step('Открыть страницу авторизации'):\n            self.authorization_page.open()\n            element = elements['Страница авторизации']\n    \n        with allure.step('Нажать кнопку \"По смс (Для России)\"'):\n>           self.authorization_page.do_click(element['Кнопка по смс'])\n\ntests/test_registration.py:637: \n_ _ _ _ _ _ _ _ _ _ _ _ _ _ _ _ _ _ _ _ _ _ _ _ _ _ _ _ _ _ _ _ _ _ _ _ _ _ _ _ \nbase/base_page.py:75: in do_click\n    elem = WebDriverWait(self.driver, wait_time).until(EC.element_to_be_clickable(locator))\n_ _ _ _ _ _ _ _ _ _ _ _ _ _ _ _ _ _ _ _ _ _ _ _ _ _ _ _ _ _ _ _ _ _ _ _ _ _ _ _ \n\nself = <selenium.webdriver.support.wait.WebDriverWait (session=\"dd0e8ace1baf6f1895005b38f52b96bb\")>\nmethod = <function element_to_be_clickable.<locals>._predicate at 0x7f98deee3240>\nmessage = ''\n\n    def until(self, method: Callable[[D], Union[Literal[False], T]], message: str = \"\") -> T:\n        \"\"\"Calls the method provided with the driver as an argument until the \\\n        return value does not evaluate to ``False``.\n    \n        :param method: callable(WebDriver)\n        :param message: optional message for :exc:`TimeoutException`\n        :returns: the result of the last call to `method`\n        :raises: :exc:`selenium.common.exceptions.TimeoutException` if timeout occurs\n        \"\"\"\n        screen = None\n        stacktrace = None\n    \n        end_time = time.monotonic() + self._timeout\n        while True:\n            try:\n                value = method(self._driver)\n                if value:\n                    return value\n            except self._ignored_exceptions as exc:\n                screen = getattr(exc, \"screen\", None)\n                stacktrace = getattr(exc, \"stacktrace\", None)\n            if time.monotonic() > end_time:\n                break\n            time.sleep(self._poll)\n>       raise TimeoutException(message, screen, stacktrace)\nE       selenium.common.exceptions.TimeoutException: Message:\n\n../local/lib/python3.12/site-packages/selenium/webdriver/support/wait.py:105: TimeoutException","flaky":false,"newFailed":false,"newBroken":false,"newPassed":false,"retriesCount":0,"retriesStatusChange":false,"beforeStages":[{"name":"_session_faker","time":{"start":1733421090315,"stop":1733421090316,"duration":1},"status":"passed","steps":[],"attachments":[],"parameters":[],"shouldDisplayMessage":false,"attachmentsCount":0,"stepsCount":0,"hasContent":false,"attachmentStep":false},{"name":"driver","time":{"start":1733422528326,"stop":1733422528761,"duration":435},"status":"passed","steps":[],"attachments":[],"parameters":[],"shouldDisplayMessage":false,"attachmentsCount":0,"stepsCount":0,"hasContent":false,"attachmentStep":false},{"name":"Инициализация локаторов","time":{"start":1733422528761,"stop":1733422528761,"duration":0},"status":"passed","steps":[{"name":"Инициализация локаторов","time":{"start":1733422528761,"stop":1733422528761,"duration":0},"status":"passed","steps":[],"attachments":[],"parameters":[{"name":"request","value":"<SubRequest 'elements' for <Function test_validation_of_the_invitation_code_field_when_entering_an_invalid_value>>"}],"shouldDisplayMessage":false,"attachmentsCount":0,"stepsCount":0,"hasContent":true,"attachmentStep":false}],"attachments":[],"parameters":[],"shouldDisplayMessage":false,"attachmentsCount":0,"stepsCount":1,"hasContent":true,"attachmentStep":false},{"name":"setup","time":{"start":1733422528761,"stop":1733422528761,"duration":0},"status":"passed","steps":[],"attachments":[],"parameters":[],"shouldDisplayMessage":false,"attachmentsCount":0,"stepsCount":0,"hasContent":false,"attachmentStep":false}],"testStage":{"status":"broken","statusMessage":"selenium.common.exceptions.TimeoutException: Message:","statusTrace":"self = <test_registration.TestRegistrationUser object at 0x7f98de31d370>\nelements = {'Банк ачивок': {'Блок ачивок': ('xpath', '//div[contains(@class,\"user-achievement-by-interests_container\")]'), 'Модал...-sheet_icons\")]'), 'Название ачивки': ('xpath', '//div[contains(@class,\"achievement-item-bottom-sheet_title\")]')}, ...}\n\n    @allure.title('Проверка валидации поля \"Код приглашения\" при вводе валидного значения')\n    @allure.severity('Critical')\n    @pytest.mark.regression\n    def test_validation_of_the_invitation_code_field_when_entering_an_invalid_value(self, elements):\n        with allure.step('Открыть страницу авторизации'):\n            self.authorization_page.open()\n            element = elements['Страница авторизации']\n    \n        with allure.step('Нажать кнопку \"По смс (Для России)\"'):\n>           self.authorization_page.do_click(element['Кнопка по смс'])\n\ntests/test_registration.py:637: \n_ _ _ _ _ _ _ _ _ _ _ _ _ _ _ _ _ _ _ _ _ _ _ _ _ _ _ _ _ _ _ _ _ _ _ _ _ _ _ _ \nbase/base_page.py:75: in do_click\n    elem = WebDriverWait(self.driver, wait_time).until(EC.element_to_be_clickable(locator))\n_ _ _ _ _ _ _ _ _ _ _ _ _ _ _ _ _ _ _ _ _ _ _ _ _ _ _ _ _ _ _ _ _ _ _ _ _ _ _ _ \n\nself = <selenium.webdriver.support.wait.WebDriverWait (session=\"dd0e8ace1baf6f1895005b38f52b96bb\")>\nmethod = <function element_to_be_clickable.<locals>._predicate at 0x7f98deee3240>\nmessage = ''\n\n    def until(self, method: Callable[[D], Union[Literal[False], T]], message: str = \"\") -> T:\n        \"\"\"Calls the method provided with the driver as an argument until the \\\n        return value does not evaluate to ``False``.\n    \n        :param method: callable(WebDriver)\n        :param message: optional message for :exc:`TimeoutException`\n        :returns: the result of the last call to `method`\n        :raises: :exc:`selenium.common.exceptions.TimeoutException` if timeout occurs\n        \"\"\"\n        screen = None\n        stacktrace = None\n    \n        end_time = time.monotonic() + self._timeout\n        while True:\n            try:\n                value = method(self._driver)\n                if value:\n                    return value\n            except self._ignored_exceptions as exc:\n                screen = getattr(exc, \"screen\", None)\n                stacktrace = getattr(exc, \"stacktrace\", None)\n            if time.monotonic() > end_time:\n                break\n            time.sleep(self._poll)\n>       raise TimeoutException(message, screen, stacktrace)\nE       selenium.common.exceptions.TimeoutException: Message:\n\n../local/lib/python3.12/site-packages/selenium/webdriver/support/wait.py:105: TimeoutException","steps":[{"name":"Открыть страницу авторизации","time":{"start":1733422528761,"stop":1733422531668,"duration":2907},"status":"passed","steps":[],"attachments":[],"parameters":[],"shouldDisplayMessage":false,"attachmentsCount":0,"stepsCount":0,"hasContent":false,"attachmentStep":false},{"name":"Нажать кнопку \"По смс (Для России)\"","time":{"start":1733422531668,"stop":1733422541683,"duration":10015},"status":"broken","statusMessage":"selenium.common.exceptions.TimeoutException: Message: \n\n","statusTrace":"  File \"/usr/workspace/tests/test_registration.py\", line 637, in test_validation_of_the_invitation_code_field_when_entering_an_invalid_value\n    self.authorization_page.do_click(element['Кнопка по смс'])\n  File \"/usr/workspace/base/base_page.py\", line 75, in do_click\n    elem = WebDriverWait(self.driver, wait_time).until(EC.element_to_be_clickable(locator))\n           ^^^^^^^^^^^^^^^^^^^^^^^^^^^^^^^^^^^^^^^^^^^^^^^^^^^^^^^^^^^^^^^^^^^^^^^^^^^^^^^^\n  File \"/usr/local/lib/python3.12/site-packages/selenium/webdriver/support/wait.py\", line 105, in until\n    raise TimeoutException(message, screen, stacktrace)\n","steps":[],"attachments":[],"parameters":[],"shouldDisplayMessage":true,"attachmentsCount":0,"stepsCount":0,"hasContent":true,"attachmentStep":false}],"attachments":[],"parameters":[],"shouldDisplayMessage":true,"attachmentsCount":0,"stepsCount":2,"hasContent":true,"attachmentStep":false},"afterStages":[{"name":"driver::0","time":{"start":1733422541701,"stop":1733422541891,"duration":190},"status":"passed","steps":[],"attachments":[{"uid":"eb7e1a2e410ec883","name":"page_source","source":"eb7e1a2e410ec883.html","type":"text/html","size":16809},{"uid":"42a18e5fbf2c878c","name":"screenshot","source":"42a18e5fbf2c878c.png","type":"image/png","size":31251},{"uid":"2528c19102a66f9","name":"browser_logs","source":"2528c19102a66f9.txt","type":"text/plain","size":3504}],"parameters":[],"shouldDisplayMessage":false,"attachmentsCount":3,"stepsCount":0,"hasContent":true,"attachmentStep":false}],"labels":[{"name":"feature","value":"Регистрация пользователя"},{"name":"severity","value":"Critical"},{"name":"tag","value":"regression"},{"name":"tag","value":"registration"},{"name":"parentSuite","value":"tests"},{"name":"suite","value":"test_registration"},{"name":"subSuite","value":"TestRegistrationUser"},{"name":"host","value":"511a3a5ccd0d"},{"name":"thread","value":"1-MainThread"},{"name":"framework","value":"pytest"},{"name":"language","value":"cpython3"},{"name":"package","value":"tests.test_registration"},{"name":"resultFormat","value":"allure2"}],"parameters":[],"links":[],"hidden":false,"retry":false,"extra":{"severity":"critical","retries":[],"categories":[{"name":"Test defects","matchedStatuses":[],"flaky":false}],"history":{"statistic":{"failed":0,"broken":6,"skipped":0,"passed":26,"unknown":0,"total":32},"items":[{"uid":"9d5f32828ceaf76d","status":"broken","statusDetails":"selenium.common.exceptions.TimeoutException: Message:","time":{"start":1726780836548,"stop":1726780848466,"duration":11918}},{"uid":"4fd3bb64bae04e52","status":"broken","statusDetails":"selenium.common.exceptions.TimeoutException: Message:","time":{"start":1726777619828,"stop":1726777632602,"duration":12774}},{"uid":"b6415ff00c76936e","status":"passed","time":{"start":1724099361493,"stop":1724099371259,"duration":9766}},{"uid":"e7d1d0c07473bea8","status":"passed","time":{"start":1723829702019,"stop":1723829712981,"duration":10962}},{"uid":"68f34921bc437a24","status":"passed","time":{"start":1723751833520,"stop":1723751842218,"duration":8698}},{"uid":"1c537c79427a6313","status":"passed","time":{"start":1723742314361,"stop":1723742322894,"duration":8533}},{"uid":"2f76e41a91937a59","status":"passed","time":{"start":1723664721383,"stop":1723664730143,"duration":8760}},{"uid":"6a644a6fdf94830e","status":"passed","time":{"start":1723579439048,"stop":1723579448440,"duration":9392}},{"uid":"f885aa780c2c0c2d","status":"passed","time":{"start":1723496595992,"stop":1723496604309,"duration":8317}},{"uid":"ce86d60b3fc35277","status":"passed","time":{"start":1723150397768,"stop":1723150406109,"duration":8341}},{"uid":"9223bf154c763172","status":"passed","time":{"start":1723149079487,"stop":1723149087794,"duration":8307}},{"uid":"7feb0e418cffaac7","status":"passed","time":{"start":1723147320966,"stop":1723147329693,"duration":8727}},{"uid":"c298ce951018b4a2","status":"passed","time":{"start":1723065574020,"stop":1723065582380,"duration":8360}},{"uid":"62a209228646a466","status":"broken","statusDetails":"selenium.common.exceptions.TimeoutException: Message: Не найден элемент с локатором ('xpath', '//input[@name=\"password\"]')","time":{"start":1722977114349,"stop":1722977149866,"duration":35517}},{"uid":"fd45e6993f8ca95e","status":"passed","time":{"start":1722892364794,"stop":1722892375307,"duration":10513}},{"uid":"ef5e1c9d2d936acd","status":"passed","time":{"start":1722626036191,"stop":1722626045972,"duration":9781}},{"uid":"5be8875e8f9e1334","status":"passed","time":{"start":1722546678321,"stop":1722546688662,"duration":10341}},{"uid":"370b45ef2395dc61","status":"passed","time":{"start":1722370457436,"stop":1722370467693,"duration":10257}},{"uid":"87f68f60c946e883","status":"passed","time":{"start":1722283492479,"stop":1722283502305,"duration":9826}},{"uid":"bc2658ae966b2bb2","status":"passed","time":{"start":1722018489598,"stop":1722018500012,"duration":10414}}]},"tags":["regression","registration"]},"source":"fbe427e9390417e3.json","parameterValues":[]}