{"uid":"fc915542c20d54ba","name":"Проверка получения СМС с кодом подтверждения регистрации","fullName":"tests.test_registration.TestRegistrationUser#test_receiving_sms_with_registration_confirmation_code","historyId":"c21c66f75966c5e549a12c63349f9cf5","time":{"start":1726777497979,"stop":1726777510723,"duration":12744},"status":"broken","statusMessage":"selenium.common.exceptions.TimeoutException: Message:","statusTrace":"self = <test_registration.TestRegistrationUser object at 0x7fa195ad0b90>\nelements = {'Банк ачивок': {'Блок ачивок': ('xpath', '//div[contains(@class,\"user-achievement-by-interests_container\")]'), 'Модал...-sheet_icons\")]'), 'Название ачивки': ('xpath', '//div[contains(@class,\"achievement-item-bottom-sheet_title\")]')}, ...}\n\n    @allure.title('Проверка получения СМС с кодом подтверждения регистрации')\n    @allure.severity('Critical')\n    @pytest.mark.regression\n    def test_receiving_sms_with_registration_confirmation_code(self, elements):\n        with allure.step('Открыть страницу авторизации'):\n            self.authorization_page.open()\n            element = elements['Страница авторизации']\n    \n        with allure.step('Нажать кнопку \"По смс (Для России)\"'):\n>           self.authorization_page.do_click(element['Кнопка по смс'])\n\ntests/test_registration.py:248: \n_ _ _ _ _ _ _ _ _ _ _ _ _ _ _ _ _ _ _ _ _ _ _ _ _ _ _ _ _ _ _ _ _ _ _ _ _ _ _ _ \nbase/base_page.py:75: in do_click\n    elem = WebDriverWait(self.driver, wait_time).until(EC.element_to_be_clickable(locator))\n_ _ _ _ _ _ _ _ _ _ _ _ _ _ _ _ _ _ _ _ _ _ _ _ _ _ _ _ _ _ _ _ _ _ _ _ _ _ _ _ \n\nself = <selenium.webdriver.support.wait.WebDriverWait (session=\"273e129d2d829e7f415299b2e4e622ff\")>\nmethod = <function element_to_be_clickable.<locals>._predicate at 0x7fa196c3b380>\nmessage = ''\n\n    def until(self, method: Callable[[D], Union[Literal[False], T]], message: str = \"\") -> T:\n        \"\"\"Calls the method provided with the driver as an argument until the \\\n        return value does not evaluate to ``False``.\n    \n        :param method: callable(WebDriver)\n        :param message: optional message for :exc:`TimeoutException`\n        :returns: the result of the last call to `method`\n        :raises: :exc:`selenium.common.exceptions.TimeoutException` if timeout occurs\n        \"\"\"\n        screen = None\n        stacktrace = None\n    \n        end_time = time.monotonic() + self._timeout\n        while True:\n            try:\n                value = method(self._driver)\n                if value:\n                    return value\n            except self._ignored_exceptions as exc:\n                screen = getattr(exc, \"screen\", None)\n                stacktrace = getattr(exc, \"stacktrace\", None)\n            time.sleep(self._poll)\n            if time.monotonic() > end_time:\n                break\n>       raise TimeoutException(message, screen, stacktrace)\nE       selenium.common.exceptions.TimeoutException: Message:\n\n../local/lib/python3.12/site-packages/selenium/webdriver/support/wait.py:105: TimeoutException","flaky":false,"newFailed":false,"newBroken":true,"newPassed":false,"retriesCount":0,"retriesStatusChange":false,"beforeStages":[{"name":"_session_faker","time":{"start":1726776348984,"stop":1726776349004,"duration":20},"status":"passed","steps":[],"attachments":[],"parameters":[],"shouldDisplayMessage":false,"attachmentsCount":0,"stepsCount":0,"hasContent":false,"attachmentStep":false},{"name":"driver","time":{"start":1726777497561,"stop":1726777497978,"duration":417},"status":"passed","steps":[],"attachments":[],"parameters":[],"shouldDisplayMessage":false,"attachmentsCount":0,"stepsCount":0,"hasContent":false,"attachmentStep":false},{"name":"Инициализация локаторов","time":{"start":1726777497978,"stop":1726777497979,"duration":1},"status":"passed","steps":[{"name":"Инициализация локаторов","time":{"start":1726777497979,"stop":1726777497979,"duration":0},"status":"passed","steps":[],"attachments":[],"parameters":[{"name":"request","value":"<SubRequest 'elements' for <Function test_receiving_sms_with_registration_confirmation_code>>"}],"shouldDisplayMessage":false,"attachmentsCount":0,"stepsCount":0,"hasContent":true,"attachmentStep":false}],"attachments":[],"parameters":[],"shouldDisplayMessage":false,"attachmentsCount":0,"stepsCount":1,"hasContent":true,"attachmentStep":false},{"name":"setup","time":{"start":1726777497978,"stop":1726777497978,"duration":0},"status":"passed","steps":[],"attachments":[],"parameters":[],"shouldDisplayMessage":false,"attachmentsCount":0,"stepsCount":0,"hasContent":false,"attachmentStep":false}],"testStage":{"status":"broken","statusMessage":"selenium.common.exceptions.TimeoutException: Message:","statusTrace":"self = <test_registration.TestRegistrationUser object at 0x7fa195ad0b90>\nelements = {'Банк ачивок': {'Блок ачивок': ('xpath', '//div[contains(@class,\"user-achievement-by-interests_container\")]'), 'Модал...-sheet_icons\")]'), 'Название ачивки': ('xpath', '//div[contains(@class,\"achievement-item-bottom-sheet_title\")]')}, ...}\n\n    @allure.title('Проверка получения СМС с кодом подтверждения регистрации')\n    @allure.severity('Critical')\n    @pytest.mark.regression\n    def test_receiving_sms_with_registration_confirmation_code(self, elements):\n        with allure.step('Открыть страницу авторизации'):\n            self.authorization_page.open()\n            element = elements['Страница авторизации']\n    \n        with allure.step('Нажать кнопку \"По смс (Для России)\"'):\n>           self.authorization_page.do_click(element['Кнопка по смс'])\n\ntests/test_registration.py:248: \n_ _ _ _ _ _ _ _ _ _ _ _ _ _ _ _ _ _ _ _ _ _ _ _ _ _ _ _ _ _ _ _ _ _ _ _ _ _ _ _ \nbase/base_page.py:75: in do_click\n    elem = WebDriverWait(self.driver, wait_time).until(EC.element_to_be_clickable(locator))\n_ _ _ _ _ _ _ _ _ _ _ _ _ _ _ _ _ _ _ _ _ _ _ _ _ _ _ _ _ _ _ _ _ _ _ _ _ _ _ _ \n\nself = <selenium.webdriver.support.wait.WebDriverWait (session=\"273e129d2d829e7f415299b2e4e622ff\")>\nmethod = <function element_to_be_clickable.<locals>._predicate at 0x7fa196c3b380>\nmessage = ''\n\n    def until(self, method: Callable[[D], Union[Literal[False], T]], message: str = \"\") -> T:\n        \"\"\"Calls the method provided with the driver as an argument until the \\\n        return value does not evaluate to ``False``.\n    \n        :param method: callable(WebDriver)\n        :param message: optional message for :exc:`TimeoutException`\n        :returns: the result of the last call to `method`\n        :raises: :exc:`selenium.common.exceptions.TimeoutException` if timeout occurs\n        \"\"\"\n        screen = None\n        stacktrace = None\n    \n        end_time = time.monotonic() + self._timeout\n        while True:\n            try:\n                value = method(self._driver)\n                if value:\n                    return value\n            except self._ignored_exceptions as exc:\n                screen = getattr(exc, \"screen\", None)\n                stacktrace = getattr(exc, \"stacktrace\", None)\n            time.sleep(self._poll)\n            if time.monotonic() > end_time:\n                break\n>       raise TimeoutException(message, screen, stacktrace)\nE       selenium.common.exceptions.TimeoutException: Message:\n\n../local/lib/python3.12/site-packages/selenium/webdriver/support/wait.py:105: TimeoutException","steps":[{"name":"Открыть страницу авторизации","time":{"start":1726777497979,"stop":1726777500470,"duration":2491},"status":"passed","steps":[],"attachments":[],"parameters":[],"shouldDisplayMessage":false,"attachmentsCount":0,"stepsCount":0,"hasContent":false,"attachmentStep":false},{"name":"Нажать кнопку \"По смс (Для России)\"","time":{"start":1726777500470,"stop":1726777510723,"duration":10253},"status":"broken","statusMessage":"selenium.common.exceptions.TimeoutException: Message: \n\n","statusTrace":"  File \"/usr/workspace/tests/test_registration.py\", line 248, in test_receiving_sms_with_registration_confirmation_code\n    self.authorization_page.do_click(element['Кнопка по смс'])\n  File \"/usr/workspace/base/base_page.py\", line 75, in do_click\n    elem = WebDriverWait(self.driver, wait_time).until(EC.element_to_be_clickable(locator))\n           ^^^^^^^^^^^^^^^^^^^^^^^^^^^^^^^^^^^^^^^^^^^^^^^^^^^^^^^^^^^^^^^^^^^^^^^^^^^^^^^^\n  File \"/usr/local/lib/python3.12/site-packages/selenium/webdriver/support/wait.py\", line 105, in until\n    raise TimeoutException(message, screen, stacktrace)\n","steps":[],"attachments":[],"parameters":[],"shouldDisplayMessage":true,"attachmentsCount":0,"stepsCount":0,"hasContent":true,"attachmentStep":false}],"attachments":[],"parameters":[],"shouldDisplayMessage":true,"attachmentsCount":0,"stepsCount":2,"hasContent":true,"attachmentStep":false},"afterStages":[{"name":"driver::0","time":{"start":1726777510740,"stop":1726777510925,"duration":185},"status":"passed","steps":[],"attachments":[{"uid":"ab9cf39a4db4d46e","name":"page_source","source":"ab9cf39a4db4d46e.html","type":"text/html","size":20324},{"uid":"f145b003f24b9f0e","name":"screenshot","source":"f145b003f24b9f0e.png","type":"image/png","size":32088},{"uid":"e96063153ec0e403","name":"browser_logs","source":"e96063153ec0e403.txt","type":"text/plain","size":1100}],"parameters":[],"shouldDisplayMessage":false,"attachmentsCount":3,"stepsCount":0,"hasContent":true,"attachmentStep":false}],"labels":[{"name":"feature","value":"Регистрация пользователя"},{"name":"severity","value":"Critical"},{"name":"tag","value":"regression"},{"name":"tag","value":"registration"},{"name":"parentSuite","value":"tests"},{"name":"suite","value":"test_registration"},{"name":"subSuite","value":"TestRegistrationUser"},{"name":"host","value":"b8c274508a65"},{"name":"thread","value":"1-MainThread"},{"name":"framework","value":"pytest"},{"name":"language","value":"cpython3"},{"name":"package","value":"tests.test_registration"},{"name":"resultFormat","value":"allure2"}],"parameters":[],"links":[],"hidden":false,"retry":false,"extra":{"severity":"critical","retries":[],"categories":[{"name":"Test defects","matchedStatuses":[],"flaky":false}],"history":{"statistic":{"failed":0,"broken":7,"skipped":0,"passed":29,"unknown":0,"total":36},"items":[{"uid":"b660d56351f68458","status":"passed","time":{"start":1724099194646,"stop":1724099207658,"duration":13012}},{"uid":"b0523917c0c89a63","status":"passed","time":{"start":1723829529240,"stop":1723829543308,"duration":14068}},{"uid":"969e5cd16564cde3","status":"passed","time":{"start":1723751675513,"stop":1723751687743,"duration":12230}},{"uid":"25909dc7096f1fec","status":"passed","time":{"start":1723742132146,"stop":1723742143647,"duration":11501}},{"uid":"c607f86775931b4e","status":"broken","statusDetails":"selenium.common.exceptions.TimeoutException: Message: Не найден элемент с локатором ('xpath', '//input[@name=\"password\"]')","time":{"start":1723664538284,"stop":1723664573915,"duration":35631}},{"uid":"30ecc4f2fa878563","status":"passed","time":{"start":1723579272825,"stop":1723579286210,"duration":13385}},{"uid":"ea203b5d5655598f","status":"passed","time":{"start":1723496440846,"stop":1723496452032,"duration":11186}},{"uid":"bf4309d0ba66a6a2","status":"passed","time":{"start":1723150241595,"stop":1723150252385,"duration":10790}},{"uid":"5f8e4b347bdc3ef1","status":"passed","time":{"start":1723148924048,"stop":1723148935120,"duration":11072}},{"uid":"45d8fc9ffcc10038","status":"passed","time":{"start":1723147162192,"stop":1723147173725,"duration":11533}},{"uid":"2627bdccb826b47f","status":"passed","time":{"start":1723065390009,"stop":1723065401423,"duration":11414}},{"uid":"bbae6416c3b65a15","status":"passed","time":{"start":1722976929544,"stop":1722976941465,"duration":11921}},{"uid":"50d0348849d09cbc","status":"passed","time":{"start":1722892163335,"stop":1722892176627,"duration":13292}},{"uid":"3bb0ab83cd038a4c","status":"passed","time":{"start":1722625866354,"stop":1722625879221,"duration":12867}},{"uid":"9bbbcd114756926","status":"passed","time":{"start":1722546508044,"stop":1722546520495,"duration":12451}},{"uid":"cd600c06cb80299b","status":"passed","time":{"start":1722370251473,"stop":1722370264880,"duration":13407}},{"uid":"55ef7825ba048606","status":"passed","time":{"start":1722283321499,"stop":1722283335427,"duration":13928}},{"uid":"6f26b77fee89040","status":"passed","time":{"start":1722018365331,"stop":1722018378329,"duration":12998}},{"uid":"a2d915ec9b6c46a3","status":"broken","statusDetails":"IndexError: list index out of range","time":{"start":1721942746577,"stop":1721942759736,"duration":13159}},{"uid":"e2861d8bff5101d5","status":"passed","time":{"start":1721850844611,"stop":1721850857047,"duration":12436}}]},"tags":["regression","registration"]},"source":"fc915542c20d54ba.json","parameterValues":[]}