{"uid":"fdbc5123fbd44e91","name":"Проверить, при снятии лайка с проекта, он больше не отображается в списке","fullName":"tests.test_menu_profile.TestMenuProfile#test_when_unliking_the_project_does_not_appear_in_the_list","historyId":"6b704791968669f88d80d67b6ebcb8cc","time":{"start":1739379660609,"stop":1739379682871,"duration":22262},"description":"Проверяется на проекте с ID 182992","descriptionHtml":"<p>Проверяется на проекте с ID 182992</p>\n","status":"broken","statusMessage":"selenium.common.exceptions.StaleElementReferenceException: Message: stale element reference: element is not attached to the page document\n  (Session info: headless chrome=112.0.5615.165); For documentation on this error, please visit: https://www.selenium.dev/documentation/webdriver/troubleshooting/errors#stale-element-reference-exception","statusTrace":"self = <test_menu_profile.TestMenuProfile object at 0x7f222efc0e60>\nelements = {'Банк ачивок': {'Блок ачивок': ('xpath', '//div[contains(@class,\"user-achievement-by-interests_container\")]'), 'Модал...'carrot-messenger-frame'), 'Чат кэррот': ('xpath', '//div[contains(@class,\"carrot-messenger-frame-container\")]')}, ...}\nregistration_user = None\n\n    @allure.title('Проверить, при снятии лайка с проекта, он больше не отображается в списке')\n    @allure.description('Проверяется на проекте с ID 182992')\n    @allure.severity('Minor')\n    @pytest.mark.regression\n    def test_when_unliking_the_project_does_not_appear_in_the_list(self, elements, registration_user):\n        with allure.step('Открыть проект с id 182992'):\n            self.app.open_url(Links.MAIN_PAGE+'project/182992')\n    \n        with allure.step('Поставить лайк на проект'):\n            self.project_page.click_like_button()\n    \n        with allure.step('Перейти в профиль'):\n            profile_page_elements = elements['Профиль пользователя']\n            self.profile_page.open_url(Links.PROFILE_PAGE)\n    \n        with allure.step('Нажать кнопку Заполню позже'):\n            self.profile_page.do_click(profile_page_elements['Кнопка заполню позже'])\n    \n        with allure.step('Нажать на бургер меню'):\n            self.profile_page.do_click(profile_page_elements['Кнопка бургер-меню'])\n    \n        with allure.step('Нажать на лайки'):\n            burger_menu_elements = elements['Поп ап бургер-меню профиля']\n            self.profile_page.do_click(burger_menu_elements['Лайки'])\n    \n        with allure.step('Проверить, что отображается 1 проект'):\n            like_page_elements = elements['Страница лайки']\n            self.assertion.length_elements(like_page_elements['Список проектов'], length=1)\n    \n        with allure.step('Открыть проект с id 182992'):\n            self.app.open_url(Links.MAIN_PAGE+'project/182992')\n    \n        with allure.step('Убрать лайк с проекта'):\n            self.project_page.click_like_button()\n    \n        with allure.step('Перейти в профиль'):\n            profile_page_elements = elements['Профиль пользователя']\n            self.profile_page.open_url(Links.PROFILE_PAGE)\n    \n        with allure.step('Нажать кнопку Заполню позже'):\n            self.profile_page.do_click(profile_page_elements['Кнопка заполню позже'])\n    \n        with allure.step('Нажать на бургер меню'):\n            self.profile_page.do_click(profile_page_elements['Кнопка бургер-меню'])\n    \n        with allure.step('Нажать на лайки'):\n            burger_menu_elements = elements['Поп ап бургер-меню профиля']\n            self.profile_page.do_click(burger_menu_elements['Лайки'])\n    \n        with allure.step('Проверить, что отображается 0 проектов'):\n            like_page_elements = elements['Страница лайки']\n>           self.assertion.is_elem_displayed(like_page_elements['Сообщение ставь лайки'])\n\ntests/test_menu_profile.py:209: \n_ _ _ _ _ _ _ _ _ _ _ _ _ _ _ _ _ _ _ _ _ _ _ _ _ _ _ _ _ _ _ _ _ _ _ _ _ _ _ _ \nbase/base_assertion.py:83: in is_elem_displayed\n    assert element.is_displayed()\n../local/lib/python3.12/site-packages/selenium/webdriver/remote/webelement.py:252: in is_displayed\n    return self.parent.execute_script(f\"/* isDisplayed */return ({isDisplayed_js}).apply(null, arguments);\", self)\n../local/lib/python3.12/site-packages/selenium/webdriver/remote/webdriver.py:444: in execute_script\n    return self.execute(command, {\"script\": script, \"args\": converted_args})[\"value\"]\n../local/lib/python3.12/site-packages/selenium/webdriver/remote/webdriver.py:384: in execute\n    self.error_handler.check_response(response)\n_ _ _ _ _ _ _ _ _ _ _ _ _ _ _ _ _ _ _ _ _ _ _ _ _ _ _ _ _ _ _ _ _ _ _ _ _ _ _ _ \n\nself = <selenium.webdriver.remote.errorhandler.ErrorHandler object at 0x7f222f043920>\nresponse = {'status': 404, 'value': '{\"value\":{\"error\":\"stale element reference\",\"message\":\"stale element reference: element is not attached to the page document\\\\n  (Session info: headless chrome=112.0.5615.165)\",\"stacktrace\":\"\"}}'}\n\n    def check_response(self, response: Dict[str, Any]) -> None:\n        \"\"\"Checks that a JSON response from the WebDriver does not have an\n        error.\n    \n        :Args:\n         - response - The JSON response from the WebDriver server as a dictionary\n           object.\n    \n        :Raises: If the response contains an error message.\n        \"\"\"\n        status = response.get(\"status\", None)\n        if not status or status == ErrorCode.SUCCESS:\n            return\n        value = None\n        message = response.get(\"message\", \"\")\n        screen: str = response.get(\"screen\", \"\")\n        stacktrace = None\n        if isinstance(status, int):\n            value_json = response.get(\"value\", None)\n            if value_json and isinstance(value_json, str):\n                import json\n    \n                try:\n                    value = json.loads(value_json)\n                    if len(value) == 1:\n                        value = value[\"value\"]\n                    status = value.get(\"error\", None)\n                    if not status:\n                        status = value.get(\"status\", ErrorCode.UNKNOWN_ERROR)\n                        message = value.get(\"value\") or value.get(\"message\")\n                        if not isinstance(message, str):\n                            value = message\n                            message = message.get(\"message\")\n                    else:\n                        message = value.get(\"message\", None)\n                except ValueError:\n                    pass\n    \n        exception_class: Type[WebDriverException]\n        e = ErrorCode()\n        error_codes = [item for item in dir(e) if not item.startswith(\"__\")]\n        for error_code in error_codes:\n            error_info = getattr(ErrorCode, error_code)\n            if isinstance(error_info, list) and status in error_info:\n                exception_class = getattr(ExceptionMapping, error_code, WebDriverException)\n                break\n        else:\n            exception_class = WebDriverException\n    \n        if not value:\n            value = response[\"value\"]\n        if isinstance(value, str):\n            raise exception_class(value)\n        if message == \"\" and \"message\" in value:\n            message = value[\"message\"]\n    \n        screen = None  # type: ignore[assignment]\n        if \"screen\" in value:\n            screen = value[\"screen\"]\n    \n        stacktrace = None\n        st_value = value.get(\"stackTrace\") or value.get(\"stacktrace\")\n        if st_value:\n            if isinstance(st_value, str):\n                stacktrace = st_value.split(\"\\n\")\n            else:\n                stacktrace = []\n                try:\n                    for frame in st_value:\n                        line = frame.get(\"lineNumber\", \"\")\n                        file = frame.get(\"fileName\", \"<anonymous>\")\n                        if line:\n                            file = f\"{file}:{line}\"\n                        meth = frame.get(\"methodName\", \"<anonymous>\")\n                        if \"className\" in frame:\n                            meth = f\"{frame['className']}.{meth}\"\n                        msg = \"    at %s (%s)\"\n                        msg = msg % (meth, file)\n                        stacktrace.append(msg)\n                except TypeError:\n                    pass\n        if exception_class == UnexpectedAlertPresentException:\n            alert_text = None\n            if \"data\" in value:\n                alert_text = value[\"data\"].get(\"text\")\n            elif \"alert\" in value:\n                alert_text = value[\"alert\"].get(\"text\")\n            raise exception_class(message, screen, stacktrace, alert_text)  # type: ignore[call-arg]  # mypy is not smart enough here\n>       raise exception_class(message, screen, stacktrace)\nE       selenium.common.exceptions.StaleElementReferenceException: Message: stale element reference: element is not attached to the page document\nE         (Session info: headless chrome=112.0.5615.165); For documentation on this error, please visit: https://www.selenium.dev/documentation/webdriver/troubleshooting/errors#stale-element-reference-exception\n\n../local/lib/python3.12/site-packages/selenium/webdriver/remote/errorhandler.py:232: StaleElementReferenceException","flaky":false,"newFailed":false,"newBroken":true,"newPassed":false,"retriesCount":0,"retriesStatusChange":false,"beforeStages":[{"name":"_session_faker","time":{"start":1739378850849,"stop":1739378850850,"duration":1},"status":"passed","steps":[],"attachments":[],"parameters":[],"shouldDisplayMessage":false,"attachmentsCount":0,"stepsCount":0,"hasContent":false,"attachmentStep":false},{"name":"Установка соединения с БД","time":{"start":1739379646485,"stop":1739379647305,"duration":820},"status":"passed","steps":[{"name":"Установка соединения с БД","time":{"start":1739379646485,"stop":1739379647305,"duration":820},"status":"passed","steps":[],"attachments":[],"parameters":[{"name":"request","value":"<SubRequest 'db_connection' for <Function test_when_unliking_the_project_does_not_appear_in_the_list>>"}],"shouldDisplayMessage":false,"attachmentsCount":0,"stepsCount":0,"hasContent":true,"attachmentStep":false}],"attachments":[],"parameters":[],"shouldDisplayMessage":false,"attachmentsCount":0,"stepsCount":1,"hasContent":true,"attachmentStep":false},{"name":"driver","time":{"start":1739379647305,"stop":1739379647756,"duration":451},"status":"passed","steps":[],"attachments":[],"parameters":[],"shouldDisplayMessage":false,"attachmentsCount":0,"stepsCount":0,"hasContent":false,"attachmentStep":false},{"name":"setup","time":{"start":1739379647756,"stop":1739379647756,"duration":0},"status":"passed","steps":[],"attachments":[],"parameters":[],"shouldDisplayMessage":false,"attachmentsCount":0,"stepsCount":0,"hasContent":false,"attachmentStep":false},{"name":"Инициализация локаторов","time":{"start":1739379647756,"stop":1739379647756,"duration":0},"status":"passed","steps":[{"name":"Инициализация локаторов","time":{"start":1739379647756,"stop":1739379647756,"duration":0},"status":"passed","steps":[],"attachments":[],"parameters":[{"name":"request","value":"<SubRequest 'elements' for <Function test_when_unliking_the_project_does_not_appear_in_the_list>>"}],"shouldDisplayMessage":false,"attachmentsCount":0,"stepsCount":0,"hasContent":true,"attachmentStep":false}],"attachments":[],"parameters":[],"shouldDisplayMessage":false,"attachmentsCount":0,"stepsCount":1,"hasContent":true,"attachmentStep":false},{"name":"Регистрация пользователя","time":{"start":1739379647756,"stop":1739379660608,"duration":12852},"status":"passed","steps":[{"name":"Регистрация пользователя","time":{"start":1739379647756,"stop":1739379660608,"duration":12852},"status":"passed","steps":[],"attachments":[],"parameters":[{"name":"driver","value":"<selenium.webdriver.chrome.webdriver.WebDriver (session=\"2cfd0f5c305784391869f655a00967ec\")>"},{"name":"db_connection","value":"<psycopg.Connection [IDLE] (host=rc1a-8gbxfgy3ifeqz75r.mdb.yandexcloud.net port=6432 user=dyanyshev database=staging_round_confirmation) at 0x7f222f043a40>"}],"shouldDisplayMessage":false,"attachmentsCount":0,"stepsCount":0,"hasContent":true,"attachmentStep":false}],"attachments":[],"parameters":[],"shouldDisplayMessage":false,"attachmentsCount":0,"stepsCount":1,"hasContent":true,"attachmentStep":false}],"testStage":{"description":"Проверяется на проекте с ID 182992","status":"broken","statusMessage":"selenium.common.exceptions.StaleElementReferenceException: Message: stale element reference: element is not attached to the page document\n  (Session info: headless chrome=112.0.5615.165); For documentation on this error, please visit: https://www.selenium.dev/documentation/webdriver/troubleshooting/errors#stale-element-reference-exception","statusTrace":"self = <test_menu_profile.TestMenuProfile object at 0x7f222efc0e60>\nelements = {'Банк ачивок': {'Блок ачивок': ('xpath', '//div[contains(@class,\"user-achievement-by-interests_container\")]'), 'Модал...'carrot-messenger-frame'), 'Чат кэррот': ('xpath', '//div[contains(@class,\"carrot-messenger-frame-container\")]')}, ...}\nregistration_user = None\n\n    @allure.title('Проверить, при снятии лайка с проекта, он больше не отображается в списке')\n    @allure.description('Проверяется на проекте с ID 182992')\n    @allure.severity('Minor')\n    @pytest.mark.regression\n    def test_when_unliking_the_project_does_not_appear_in_the_list(self, elements, registration_user):\n        with allure.step('Открыть проект с id 182992'):\n            self.app.open_url(Links.MAIN_PAGE+'project/182992')\n    \n        with allure.step('Поставить лайк на проект'):\n            self.project_page.click_like_button()\n    \n        with allure.step('Перейти в профиль'):\n            profile_page_elements = elements['Профиль пользователя']\n            self.profile_page.open_url(Links.PROFILE_PAGE)\n    \n        with allure.step('Нажать кнопку Заполню позже'):\n            self.profile_page.do_click(profile_page_elements['Кнопка заполню позже'])\n    \n        with allure.step('Нажать на бургер меню'):\n            self.profile_page.do_click(profile_page_elements['Кнопка бургер-меню'])\n    \n        with allure.step('Нажать на лайки'):\n            burger_menu_elements = elements['Поп ап бургер-меню профиля']\n            self.profile_page.do_click(burger_menu_elements['Лайки'])\n    \n        with allure.step('Проверить, что отображается 1 проект'):\n            like_page_elements = elements['Страница лайки']\n            self.assertion.length_elements(like_page_elements['Список проектов'], length=1)\n    \n        with allure.step('Открыть проект с id 182992'):\n            self.app.open_url(Links.MAIN_PAGE+'project/182992')\n    \n        with allure.step('Убрать лайк с проекта'):\n            self.project_page.click_like_button()\n    \n        with allure.step('Перейти в профиль'):\n            profile_page_elements = elements['Профиль пользователя']\n            self.profile_page.open_url(Links.PROFILE_PAGE)\n    \n        with allure.step('Нажать кнопку Заполню позже'):\n            self.profile_page.do_click(profile_page_elements['Кнопка заполню позже'])\n    \n        with allure.step('Нажать на бургер меню'):\n            self.profile_page.do_click(profile_page_elements['Кнопка бургер-меню'])\n    \n        with allure.step('Нажать на лайки'):\n            burger_menu_elements = elements['Поп ап бургер-меню профиля']\n            self.profile_page.do_click(burger_menu_elements['Лайки'])\n    \n        with allure.step('Проверить, что отображается 0 проектов'):\n            like_page_elements = elements['Страница лайки']\n>           self.assertion.is_elem_displayed(like_page_elements['Сообщение ставь лайки'])\n\ntests/test_menu_profile.py:209: \n_ _ _ _ _ _ _ _ _ _ _ _ _ _ _ _ _ _ _ _ _ _ _ _ _ _ _ _ _ _ _ _ _ _ _ _ _ _ _ _ \nbase/base_assertion.py:83: in is_elem_displayed\n    assert element.is_displayed()\n../local/lib/python3.12/site-packages/selenium/webdriver/remote/webelement.py:252: in is_displayed\n    return self.parent.execute_script(f\"/* isDisplayed */return ({isDisplayed_js}).apply(null, arguments);\", self)\n../local/lib/python3.12/site-packages/selenium/webdriver/remote/webdriver.py:444: in execute_script\n    return self.execute(command, {\"script\": script, \"args\": converted_args})[\"value\"]\n../local/lib/python3.12/site-packages/selenium/webdriver/remote/webdriver.py:384: in execute\n    self.error_handler.check_response(response)\n_ _ _ _ _ _ _ _ _ _ _ _ _ _ _ _ _ _ _ _ _ _ _ _ _ _ _ _ _ _ _ _ _ _ _ _ _ _ _ _ \n\nself = <selenium.webdriver.remote.errorhandler.ErrorHandler object at 0x7f222f043920>\nresponse = {'status': 404, 'value': '{\"value\":{\"error\":\"stale element reference\",\"message\":\"stale element reference: element is not attached to the page document\\\\n  (Session info: headless chrome=112.0.5615.165)\",\"stacktrace\":\"\"}}'}\n\n    def check_response(self, response: Dict[str, Any]) -> None:\n        \"\"\"Checks that a JSON response from the WebDriver does not have an\n        error.\n    \n        :Args:\n         - response - The JSON response from the WebDriver server as a dictionary\n           object.\n    \n        :Raises: If the response contains an error message.\n        \"\"\"\n        status = response.get(\"status\", None)\n        if not status or status == ErrorCode.SUCCESS:\n            return\n        value = None\n        message = response.get(\"message\", \"\")\n        screen: str = response.get(\"screen\", \"\")\n        stacktrace = None\n        if isinstance(status, int):\n            value_json = response.get(\"value\", None)\n            if value_json and isinstance(value_json, str):\n                import json\n    \n                try:\n                    value = json.loads(value_json)\n                    if len(value) == 1:\n                        value = value[\"value\"]\n                    status = value.get(\"error\", None)\n                    if not status:\n                        status = value.get(\"status\", ErrorCode.UNKNOWN_ERROR)\n                        message = value.get(\"value\") or value.get(\"message\")\n                        if not isinstance(message, str):\n                            value = message\n                            message = message.get(\"message\")\n                    else:\n                        message = value.get(\"message\", None)\n                except ValueError:\n                    pass\n    \n        exception_class: Type[WebDriverException]\n        e = ErrorCode()\n        error_codes = [item for item in dir(e) if not item.startswith(\"__\")]\n        for error_code in error_codes:\n            error_info = getattr(ErrorCode, error_code)\n            if isinstance(error_info, list) and status in error_info:\n                exception_class = getattr(ExceptionMapping, error_code, WebDriverException)\n                break\n        else:\n            exception_class = WebDriverException\n    \n        if not value:\n            value = response[\"value\"]\n        if isinstance(value, str):\n            raise exception_class(value)\n        if message == \"\" and \"message\" in value:\n            message = value[\"message\"]\n    \n        screen = None  # type: ignore[assignment]\n        if \"screen\" in value:\n            screen = value[\"screen\"]\n    \n        stacktrace = None\n        st_value = value.get(\"stackTrace\") or value.get(\"stacktrace\")\n        if st_value:\n            if isinstance(st_value, str):\n                stacktrace = st_value.split(\"\\n\")\n            else:\n                stacktrace = []\n                try:\n                    for frame in st_value:\n                        line = frame.get(\"lineNumber\", \"\")\n                        file = frame.get(\"fileName\", \"<anonymous>\")\n                        if line:\n                            file = f\"{file}:{line}\"\n                        meth = frame.get(\"methodName\", \"<anonymous>\")\n                        if \"className\" in frame:\n                            meth = f\"{frame['className']}.{meth}\"\n                        msg = \"    at %s (%s)\"\n                        msg = msg % (meth, file)\n                        stacktrace.append(msg)\n                except TypeError:\n                    pass\n        if exception_class == UnexpectedAlertPresentException:\n            alert_text = None\n            if \"data\" in value:\n                alert_text = value[\"data\"].get(\"text\")\n            elif \"alert\" in value:\n                alert_text = value[\"alert\"].get(\"text\")\n            raise exception_class(message, screen, stacktrace, alert_text)  # type: ignore[call-arg]  # mypy is not smart enough here\n>       raise exception_class(message, screen, stacktrace)\nE       selenium.common.exceptions.StaleElementReferenceException: Message: stale element reference: element is not attached to the page document\nE         (Session info: headless chrome=112.0.5615.165); For documentation on this error, please visit: https://www.selenium.dev/documentation/webdriver/troubleshooting/errors#stale-element-reference-exception\n\n../local/lib/python3.12/site-packages/selenium/webdriver/remote/errorhandler.py:232: StaleElementReferenceException","steps":[{"name":"Открыть проект с id 182992","time":{"start":1739379660609,"stop":1739379661331,"duration":722},"status":"passed","steps":[],"attachments":[],"parameters":[],"shouldDisplayMessage":false,"attachmentsCount":0,"stepsCount":0,"hasContent":false,"attachmentStep":false},{"name":"Поставить лайк на проект","time":{"start":1739379661331,"stop":1739379673033,"duration":11702},"status":"passed","steps":[],"attachments":[],"parameters":[],"shouldDisplayMessage":false,"attachmentsCount":0,"stepsCount":0,"hasContent":false,"attachmentStep":false},{"name":"Перейти в профиль","time":{"start":1739379673033,"stop":1739379673655,"duration":622},"status":"passed","steps":[],"attachments":[],"parameters":[],"shouldDisplayMessage":false,"attachmentsCount":0,"stepsCount":0,"hasContent":false,"attachmentStep":false},{"name":"Нажать кнопку Заполню позже","time":{"start":1739379673655,"stop":1739379677266,"duration":3611},"status":"passed","steps":[],"attachments":[],"parameters":[],"shouldDisplayMessage":false,"attachmentsCount":0,"stepsCount":0,"hasContent":false,"attachmentStep":false},{"name":"Нажать на бургер меню","time":{"start":1739379677266,"stop":1739379677315,"duration":49},"status":"passed","steps":[],"attachments":[],"parameters":[],"shouldDisplayMessage":false,"attachmentsCount":0,"stepsCount":0,"hasContent":false,"attachmentStep":false},{"name":"Нажать на лайки","time":{"start":1739379677316,"stop":1739379677361,"duration":45},"status":"passed","steps":[],"attachments":[],"parameters":[],"shouldDisplayMessage":false,"attachmentsCount":0,"stepsCount":0,"hasContent":false,"attachmentStep":false},{"name":"Проверить, что отображается 1 проект","time":{"start":1739379677361,"stop":1739379678890,"duration":1529},"status":"passed","steps":[],"attachments":[],"parameters":[],"shouldDisplayMessage":false,"attachmentsCount":0,"stepsCount":0,"hasContent":false,"attachmentStep":false},{"name":"Открыть проект с id 182992","time":{"start":1739379678890,"stop":1739379679499,"duration":609},"status":"passed","steps":[],"attachments":[],"parameters":[],"shouldDisplayMessage":false,"attachmentsCount":0,"stepsCount":0,"hasContent":false,"attachmentStep":false},{"name":"Убрать лайк с проекта","time":{"start":1739379679499,"stop":1739379681075,"duration":1576},"status":"passed","steps":[],"attachments":[],"parameters":[],"shouldDisplayMessage":false,"attachmentsCount":0,"stepsCount":0,"hasContent":false,"attachmentStep":false},{"name":"Перейти в профиль","time":{"start":1739379681075,"stop":1739379681665,"duration":590},"status":"passed","steps":[],"attachments":[],"parameters":[],"shouldDisplayMessage":false,"attachmentsCount":0,"stepsCount":0,"hasContent":false,"attachmentStep":false},{"name":"Нажать кнопку Заполню позже","time":{"start":1739379681665,"stop":1739379682764,"duration":1099},"status":"passed","steps":[],"attachments":[],"parameters":[],"shouldDisplayMessage":false,"attachmentsCount":0,"stepsCount":0,"hasContent":false,"attachmentStep":false},{"name":"Нажать на бургер меню","time":{"start":1739379682764,"stop":1739379682806,"duration":42},"status":"passed","steps":[],"attachments":[],"parameters":[],"shouldDisplayMessage":false,"attachmentsCount":0,"stepsCount":0,"hasContent":false,"attachmentStep":false},{"name":"Нажать на лайки","time":{"start":1739379682806,"stop":1739379682849,"duration":43},"status":"passed","steps":[],"attachments":[],"parameters":[],"shouldDisplayMessage":false,"attachmentsCount":0,"stepsCount":0,"hasContent":false,"attachmentStep":false},{"name":"Проверить, что отображается 0 проектов","time":{"start":1739379682849,"stop":1739379682870,"duration":21},"status":"broken","statusMessage":"selenium.common.exceptions.StaleElementReferenceException: Message: stale element reference: element is not attached to the page document\n  (Session info: headless chrome=112.0.5615.165); For documentation on this error, please visit: https://www.selenium.dev/documentation/webdriver/troubleshooting/errors#stale-element-reference-exception\n\n","statusTrace":"  File \"/usr/workspace/tests/test_menu_profile.py\", line 209, in test_when_unliking_the_project_does_not_appear_in_the_list\n    self.assertion.is_elem_displayed(like_page_elements['Сообщение ставь лайки'])\n  File \"/usr/workspace/base/base_assertion.py\", line 83, in is_elem_displayed\n    assert element.is_displayed()\n           ^^^^^^^^^^^^^^^^^^^^^^\n  File \"/usr/local/lib/python3.12/site-packages/selenium/webdriver/remote/webelement.py\", line 252, in is_displayed\n    return self.parent.execute_script(f\"/* isDisplayed */return ({isDisplayed_js}).apply(null, arguments);\", self)\n           ^^^^^^^^^^^^^^^^^^^^^^^^^^^^^^^^^^^^^^^^^^^^^^^^^^^^^^^^^^^^^^^^^^^^^^^^^^^^^^^^^^^^^^^^^^^^^^^^^^^^^^^\n  File \"/usr/local/lib/python3.12/site-packages/selenium/webdriver/remote/webdriver.py\", line 444, in execute_script\n    return self.execute(command, {\"script\": script, \"args\": converted_args})[\"value\"]\n           ^^^^^^^^^^^^^^^^^^^^^^^^^^^^^^^^^^^^^^^^^^^^^^^^^^^^^^^^^^^^^^^^^\n  File \"/usr/local/lib/python3.12/site-packages/selenium/webdriver/remote/webdriver.py\", line 384, in execute\n    self.error_handler.check_response(response)\n  File \"/usr/local/lib/python3.12/site-packages/selenium/webdriver/remote/errorhandler.py\", line 232, in check_response\n    raise exception_class(message, screen, stacktrace)\n","steps":[],"attachments":[],"parameters":[],"shouldDisplayMessage":true,"attachmentsCount":0,"stepsCount":0,"hasContent":true,"attachmentStep":false}],"attachments":[],"parameters":[],"shouldDisplayMessage":true,"attachmentsCount":0,"stepsCount":14,"hasContent":true,"attachmentStep":false},"afterStages":[{"name":"driver::0","time":{"start":1739379682922,"stop":1739379683114,"duration":192},"status":"passed","steps":[],"attachments":[{"uid":"548d8c2ba6165485","name":"page_source","source":"548d8c2ba6165485.html","type":"text/html","size":19951},{"uid":"da7587fea79f904d","name":"screenshot","source":"da7587fea79f904d.png","type":"image/png","size":13166},{"uid":"9d7aafadda8fec98","name":"browser_logs","source":"9d7aafadda8fec98.txt","type":"text/plain","size":9213}],"parameters":[],"shouldDisplayMessage":false,"attachmentsCount":3,"stepsCount":0,"hasContent":true,"attachmentStep":false},{"name":"Установка соединения с БД::fin","time":{"start":1739379713531,"stop":1739379713531,"duration":0},"status":"passed","steps":[],"attachments":[],"parameters":[],"shouldDisplayMessage":false,"attachmentsCount":0,"stepsCount":0,"hasContent":false,"attachmentStep":false}],"labels":[{"name":"severity","value":"Minor"},{"name":"feature","value":"Меню профиля"},{"name":"tag","value":"regression"},{"name":"tag","value":"menu_profile"},{"name":"parentSuite","value":"tests"},{"name":"suite","value":"test_menu_profile"},{"name":"subSuite","value":"TestMenuProfile"},{"name":"host","value":"83c52f07f834"},{"name":"thread","value":"1-MainThread"},{"name":"framework","value":"pytest"},{"name":"language","value":"cpython3"},{"name":"package","value":"tests.test_menu_profile"},{"name":"resultFormat","value":"allure2"}],"parameters":[],"links":[],"hidden":false,"retry":false,"extra":{"severity":"minor","retries":[],"categories":[{"name":"Test defects","matchedStatuses":[],"flaky":false}],"history":{"statistic":{"failed":0,"broken":1,"skipped":0,"passed":7,"unknown":0,"total":8},"items":[{"uid":"2eb93c1c1de8ac10","status":"passed","time":{"start":1739310578672,"stop":1739310603148,"duration":24476}},{"uid":"df9718f633da6e70","status":"passed","time":{"start":1738952059865,"stop":1738952087563,"duration":27698}},{"uid":"4b9eeee44ca81816","status":"passed","time":{"start":1738875193060,"stop":1738875218879,"duration":25819}},{"uid":"c9bc71ffbedf77c7","status":"passed","time":{"start":1738872216767,"stop":1738872247727,"duration":30960}},{"uid":"87ff88e532bba13a","status":"passed","time":{"start":1738865222550,"stop":1738865253543,"duration":30993}},{"uid":"c7e3cefe3ee78fb3","status":"passed","time":{"start":1738269130217,"stop":1738269159980,"duration":29763}},{"uid":"79217c02de0b6a1","status":"passed","time":{"start":1738099627209,"stop":1738099644938,"duration":17729}}]},"tags":["regression","menu_profile"]},"source":"fdbc5123fbd44e91.json","parameterValues":[]}