{"uid":"feb9e9160da9141c","name":"Авторизация пользователя с валидным логинов и паролем короче 6 символов","fullName":"tests.test_autorization.TestAuthUser#test_auth_valid_username_and_a_password_shorter_than_6_characters","historyId":"e280aca5c245e17b50f8b1fb43b4826f","time":{"start":1716067951775,"stop":1716067967401,"duration":15626},"description":"При проверке используются валидный логин пользователя Aleska","descriptionHtml":"<p>При проверке используются валидный логин пользователя Aleska</p>\n","status":"broken","statusMessage":"selenium.common.exceptions.TimeoutException: Message: Не найден элемент с локатором ('xpath', '//label[@class=\"text-field_validation-message__nizJJ\"][contains(.,\"Введи e-mail, никнейм или номер телефона, указанные при регистрации\")]')","statusTrace":"self = <test_autorization.TestAuthUser object at 0x7fcc21894470>\n\n    @allure.title('Авторизация пользователя с валидным логинов и паролем короче 6 символов')\n    @allure.description('При проверке используются валидный логин пользователя Aleska')\n    @allure.severity('Trivial')\n    def test_auth_valid_username_and_a_password_shorter_than_6_characters(self):\n        with allure.step('Открыть страницу логина'):\n            self.login_page.open()\n    \n        with allure.step('В поле логина вводим валидный логин'):\n            self.login_page.field_username_input(self.User.LOGIN)\n    \n        with allure.step('В поле пароль вводим меньше 6 случайных символов'):\n            self.login_page.field_password_input(fake.password(length=5))\n    \n        with allure.step('Нажать кнопку \"Войти\"'):\n            self.login_page.button_signin_click()\n    \n        with allure.step(\n                'Под полем пароль отображается текст валидации \"Длина пароля должна быть не меньше 6 символов\"'):\n>           self.login_page.field_username_validation_message('Длина пароля должна быть не меньше 6 символов')\n\ntests/test_autorization.py:67: \n_ _ _ _ _ _ _ _ _ _ _ _ _ _ _ _ _ _ _ _ _ _ _ _ _ _ _ _ _ _ _ _ _ _ _ _ _ _ _ _ \nmodel/pages/login_page.py:17: in field_username_validation_message\n    text_ = self.find_element(LoginPageLocators.VALIDATION_MESSAGE_USERNAME_FIELD).text\nbase/base_page.py:48: in find_element\n    return self.wait.until(EC.visibility_of_element_located(locator),\n_ _ _ _ _ _ _ _ _ _ _ _ _ _ _ _ _ _ _ _ _ _ _ _ _ _ _ _ _ _ _ _ _ _ _ _ _ _ _ _ \n\nself = <selenium.webdriver.support.wait.WebDriverWait (session=\"bde99d7e40d32662f62e2a3a033b6f8d\")>\nmethod = <function visibility_of_element_located.<locals>._predicate at 0x7fcc1dedc9a0>\nmessage = 'Не найден элемент с локатором (\\'xpath\\', \\'//label[@class=\"text-field_validation-message__nizJJ\"][contains(.,\"Введи e-mail, никнейм или номер телефона, указанные при регистрации\")]\\')'\n\n    def until(self, method: Callable[[D], Union[Literal[False], T]], message: str = \"\") -> T:\n        \"\"\"Calls the method provided with the driver as an argument until the \\\n        return value does not evaluate to ``False``.\n    \n        :param method: callable(WebDriver)\n        :param message: optional message for :exc:`TimeoutException`\n        :returns: the result of the last call to `method`\n        :raises: :exc:`selenium.common.exceptions.TimeoutException` if timeout occurs\n        \"\"\"\n        screen = None\n        stacktrace = None\n    \n        end_time = time.monotonic() + self._timeout\n        while True:\n            try:\n                value = method(self._driver)\n                if value:\n                    return value\n            except self._ignored_exceptions as exc:\n                screen = getattr(exc, \"screen\", None)\n                stacktrace = getattr(exc, \"stacktrace\", None)\n            time.sleep(self._poll)\n            if time.monotonic() > end_time:\n                break\n>       raise TimeoutException(message, screen, stacktrace)\nE       selenium.common.exceptions.TimeoutException: Message: Не найден элемент с локатором ('xpath', '//label[@class=\"text-field_validation-message__nizJJ\"][contains(.,\"Введи e-mail, никнейм или номер телефона, указанные при регистрации\")]')\n\n../local/lib/python3.12/site-packages/selenium/webdriver/support/wait.py:105: TimeoutException","flaky":false,"newFailed":false,"newBroken":false,"newPassed":false,"retriesCount":0,"retriesStatusChange":false,"beforeStages":[{"name":"_session_faker","time":{"start":1716067939543,"stop":1716067939564,"duration":21},"status":"passed","steps":[],"attachments":[],"parameters":[],"shouldDisplayMessage":false,"attachmentsCount":0,"stepsCount":0,"hasContent":false,"attachmentStep":false},{"name":"driver","time":{"start":1716067951446,"stop":1716067951774,"duration":328},"status":"passed","steps":[],"attachments":[],"parameters":[],"shouldDisplayMessage":false,"attachmentsCount":0,"stepsCount":0,"hasContent":false,"attachmentStep":false},{"name":"setup","time":{"start":1716067951774,"stop":1716067951775,"duration":1},"status":"passed","steps":[],"attachments":[],"parameters":[],"shouldDisplayMessage":false,"attachmentsCount":0,"stepsCount":0,"hasContent":false,"attachmentStep":false}],"testStage":{"description":"При проверке используются валидный логин пользователя Aleska","status":"broken","statusMessage":"selenium.common.exceptions.TimeoutException: Message: Не найден элемент с локатором ('xpath', '//label[@class=\"text-field_validation-message__nizJJ\"][contains(.,\"Введи e-mail, никнейм или номер телефона, указанные при регистрации\")]')","statusTrace":"self = <test_autorization.TestAuthUser object at 0x7fcc21894470>\n\n    @allure.title('Авторизация пользователя с валидным логинов и паролем короче 6 символов')\n    @allure.description('При проверке используются валидный логин пользователя Aleska')\n    @allure.severity('Trivial')\n    def test_auth_valid_username_and_a_password_shorter_than_6_characters(self):\n        with allure.step('Открыть страницу логина'):\n            self.login_page.open()\n    \n        with allure.step('В поле логина вводим валидный логин'):\n            self.login_page.field_username_input(self.User.LOGIN)\n    \n        with allure.step('В поле пароль вводим меньше 6 случайных символов'):\n            self.login_page.field_password_input(fake.password(length=5))\n    \n        with allure.step('Нажать кнопку \"Войти\"'):\n            self.login_page.button_signin_click()\n    \n        with allure.step(\n                'Под полем пароль отображается текст валидации \"Длина пароля должна быть не меньше 6 символов\"'):\n>           self.login_page.field_username_validation_message('Длина пароля должна быть не меньше 6 символов')\n\ntests/test_autorization.py:67: \n_ _ _ _ _ _ _ _ _ _ _ _ _ _ _ _ _ _ _ _ _ _ _ _ _ _ _ _ _ _ _ _ _ _ _ _ _ _ _ _ \nmodel/pages/login_page.py:17: in field_username_validation_message\n    text_ = self.find_element(LoginPageLocators.VALIDATION_MESSAGE_USERNAME_FIELD).text\nbase/base_page.py:48: in find_element\n    return self.wait.until(EC.visibility_of_element_located(locator),\n_ _ _ _ _ _ _ _ _ _ _ _ _ _ _ _ _ _ _ _ _ _ _ _ _ _ _ _ _ _ _ _ _ _ _ _ _ _ _ _ \n\nself = <selenium.webdriver.support.wait.WebDriverWait (session=\"bde99d7e40d32662f62e2a3a033b6f8d\")>\nmethod = <function visibility_of_element_located.<locals>._predicate at 0x7fcc1dedc9a0>\nmessage = 'Не найден элемент с локатором (\\'xpath\\', \\'//label[@class=\"text-field_validation-message__nizJJ\"][contains(.,\"Введи e-mail, никнейм или номер телефона, указанные при регистрации\")]\\')'\n\n    def until(self, method: Callable[[D], Union[Literal[False], T]], message: str = \"\") -> T:\n        \"\"\"Calls the method provided with the driver as an argument until the \\\n        return value does not evaluate to ``False``.\n    \n        :param method: callable(WebDriver)\n        :param message: optional message for :exc:`TimeoutException`\n        :returns: the result of the last call to `method`\n        :raises: :exc:`selenium.common.exceptions.TimeoutException` if timeout occurs\n        \"\"\"\n        screen = None\n        stacktrace = None\n    \n        end_time = time.monotonic() + self._timeout\n        while True:\n            try:\n                value = method(self._driver)\n                if value:\n                    return value\n            except self._ignored_exceptions as exc:\n                screen = getattr(exc, \"screen\", None)\n                stacktrace = getattr(exc, \"stacktrace\", None)\n            time.sleep(self._poll)\n            if time.monotonic() > end_time:\n                break\n>       raise TimeoutException(message, screen, stacktrace)\nE       selenium.common.exceptions.TimeoutException: Message: Не найден элемент с локатором ('xpath', '//label[@class=\"text-field_validation-message__nizJJ\"][contains(.,\"Введи e-mail, никнейм или номер телефона, указанные при регистрации\")]')\n\n../local/lib/python3.12/site-packages/selenium/webdriver/support/wait.py:105: TimeoutException","steps":[{"name":"Открыть страницу логина","time":{"start":1716067951775,"stop":1716067953700,"duration":1925},"status":"passed","steps":[],"attachments":[],"parameters":[],"shouldDisplayMessage":false,"attachmentsCount":0,"stepsCount":0,"hasContent":false,"attachmentStep":false},{"name":"В поле логина вводим валидный логин","time":{"start":1716067953700,"stop":1716067956765,"duration":3065},"status":"passed","steps":[],"attachments":[],"parameters":[],"shouldDisplayMessage":false,"attachmentsCount":0,"stepsCount":0,"hasContent":false,"attachmentStep":false},{"name":"В поле пароль вводим меньше 6 случайных символов","time":{"start":1716067956765,"stop":1716067956813,"duration":48},"status":"passed","steps":[],"attachments":[],"parameters":[],"shouldDisplayMessage":false,"attachmentsCount":0,"stepsCount":0,"hasContent":false,"attachmentStep":false},{"name":"Нажать кнопку \"Войти\"","time":{"start":1716067956813,"stop":1716067956856,"duration":43},"status":"passed","steps":[],"attachments":[],"parameters":[],"shouldDisplayMessage":false,"attachmentsCount":0,"stepsCount":0,"hasContent":false,"attachmentStep":false},{"name":"Под полем пароль отображается текст валидации \"Длина пароля должна быть не меньше 6 символов\"","time":{"start":1716067956856,"stop":1716067967400,"duration":10544},"status":"broken","statusMessage":"selenium.common.exceptions.TimeoutException: Message: Не найден элемент с локатором ('xpath', '//label[@class=\"text-field_validation-message__nizJJ\"][contains(.,\"Введи e-mail, никнейм или номер телефона, указанные при регистрации\")]')\n\n","statusTrace":"  File \"/usr/workspace/tests/test_autorization.py\", line 67, in test_auth_valid_username_and_a_password_shorter_than_6_characters\n    self.login_page.field_username_validation_message('Длина пароля должна быть не меньше 6 символов')\n  File \"/usr/workspace/model/pages/login_page.py\", line 17, in field_username_validation_message\n    text_ = self.find_element(LoginPageLocators.VALIDATION_MESSAGE_USERNAME_FIELD).text\n            ^^^^^^^^^^^^^^^^^^^^^^^^^^^^^^^^^^^^^^^^^^^^^^^^^^^^^^^^^^^^^^^^^^^^^^\n  File \"/usr/workspace/base/base_page.py\", line 48, in find_element\n    return self.wait.until(EC.visibility_of_element_located(locator),\n           ^^^^^^^^^^^^^^^^^^^^^^^^^^^^^^^^^^^^^^^^^^^^^^^^^^^^^^^^^^\n  File \"/usr/local/lib/python3.12/site-packages/selenium/webdriver/support/wait.py\", line 105, in until\n    raise TimeoutException(message, screen, stacktrace)\n","steps":[],"attachments":[],"parameters":[],"shouldDisplayMessage":true,"attachmentsCount":0,"stepsCount":0,"hasContent":true,"attachmentStep":false}],"attachments":[],"parameters":[],"shouldDisplayMessage":true,"attachmentsCount":0,"stepsCount":5,"hasContent":true,"attachmentStep":false},"afterStages":[{"name":"driver::0","time":{"start":1716067967440,"stop":1716067967628,"duration":188},"status":"passed","steps":[],"attachments":[{"uid":"284b83d70aecd933","name":"page_source","source":"284b83d70aecd933.html","type":"text/html","size":18510},{"uid":"8a50d91f7a052b29","name":"screenshot","source":"8a50d91f7a052b29.png","type":"image/png","size":31745},{"uid":"f8ddb6c45ad72d1","name":"browser_logs","source":"f8ddb6c45ad72d1.txt","type":"text/plain","size":2271}],"parameters":[],"shouldDisplayMessage":false,"attachmentsCount":3,"stepsCount":0,"hasContent":true,"attachmentStep":false}],"labels":[{"name":"severity","value":"Trivial"},{"name":"feature","value":"Авторизация пользователя"},{"name":"parentSuite","value":"tests"},{"name":"suite","value":"test_autorization"},{"name":"subSuite","value":"TestAuthUser"},{"name":"host","value":"dc922259bc7f"},{"name":"thread","value":"1-MainThread"},{"name":"framework","value":"pytest"},{"name":"language","value":"cpython3"},{"name":"package","value":"tests.test_autorization"},{"name":"resultFormat","value":"allure2"}],"parameters":[],"links":[],"hidden":false,"retry":false,"extra":{"severity":"trivial","retries":[],"categories":[{"name":"Test defects","matchedStatuses":[],"flaky":false}],"history":{"statistic":{"failed":0,"broken":2,"skipped":0,"passed":0,"unknown":0,"total":2},"items":[{"uid":"4bc69cf147bf2d93","status":"broken","statusDetails":"selenium.common.exceptions.TimeoutException: Message: Не найден элемент с локатором ('xpath', '//label[@class=\"text-field_validation-message__nizJJ\"][contains(.,\"Введи e-mail, никнейм или номер телефона, указанные при регистрации\")]')","time":{"start":1716067149475,"stop":1716067165866,"duration":16391}}]},"tags":[]},"source":"feb9e9160da9141c.json","parameterValues":[]}